Now Use estimatorClass : org.apache.hadoop.mapreduce.v2.app.speculate.LegacyTaskRuntimeEstimator_Fixed
serviceStart
attempt_1454305919848_0044_m_000000_0 : spilledRecord org.apache.hadoop.mapred.Counters$Counter@c553d160
TaskStatusClass : >> 0.056347862
Task Size >> {0=17544939}
Update attemptID:attempt_1454305919848_0044_m_000000_0
attempt_1454305919848_0044_m_000000_0:MAP:MAP:0.056347862
FILE_BYTES_READ : 0
HDFS_BYTES_READ : 2290967
FILE_BYTES_WRITTEN : 116624
HBW_BYTES_WRITTEN : 0
CPU/Time : 0.5153051983336352
Written/Time : 5.280927368230393
FinishedSize : 988619.7995707244
Add graph Data0.056347862 <> 0.5153051983336352
-1.0
I/O Intensive
Task Time : 22084
CPU Time : 11380
========================================
TaskStatusClass : >> 0.20656113
Task Size >> {0=17544939}
Update attemptID:attempt_1454305919848_0044_m_000000_0
attempt_1454305919848_0044_m_000000_0:MAP:MAP:0.20656113
FILE_BYTES_READ : 0
HDFS_BYTES_READ : 6248270
FILE_BYTES_WRITTEN : 116624
HBW_BYTES_WRITTEN : 0
CPU/Time : 0.6123095190975658
Written/Time : 4.616030081139917
FinishedSize : 3624102.482913986
Add graph Data0.20656113 <> 0.6123095190975658
0.6123095190975658
CPU Intensive
Task Time : 25265
CPU Time : 15470
========================================
TaskStatusClass : >> 0.3729392
Task Size >> {0=17544939}
Update attemptID:attempt_1454305919848_0044_m_000000_0
attempt_1454305919848_0044_m_000000_0:MAP:MAP:0.3729392
FILE_BYTES_READ : 0
HDFS_BYTES_READ : 10579602
FILE_BYTES_WRITTEN : 116624
HBW_BYTES_WRITTEN : 0
CPU/Time : 0.7293132564030397
Written/Time : 4.103011539544047
FinishedSize : 6543195.500834495
Add graph Data0.3729392 <> 0.7293132564030397
0.6123095190975658
CPU Intensive
Task Time : 28424
CPU Time : 20730
========================================
TaskStatusClass : >> 0.5779594
Task Size >> {0=17544939}
Update attemptID:attempt_1454305919848_0044_m_000000_0
attempt_1454305919848_0044_m_000000_0:MAP:MAP:0.5779594
FILE_BYTES_READ : 0
HDFS_BYTES_READ : 15921785
FILE_BYTES_WRITTEN : 116624
HBW_BYTES_WRITTEN : 0
CPU/Time : 0.7737378856020777
Written/Time : 3.693672008614683
FinishedSize : 1.0140262738493085E7
Add graph Data0.5779594 <> 0.7737378856020777
0.6123095190975658
CPU Intensive
Task Time : 31574
CPU Time : 24430
========================================
TaskStatusClass : >> 0.5779594
Task Size >> {0=17544939}
Update attemptID:attempt_1454305919848_0044_m_000000_0
attempt_1454305919848_0044_m_000000_0:MAP:SORT:0.5779594
FILE_BYTES_READ : 0
HDFS_BYTES_READ : 15921785
FILE_BYTES_WRITTEN : 116624
HBW_BYTES_WRITTEN : 0
CPU/Time : 0.7332592970555573
Written/Time : 3.500435213254495
FinishedSize : 1.0140262738493085E7
Add graph Data0.5779594 <> 0.7332592970555573
0.6123095190975658
CPU Intensive
Task Time : 33317
CPU Time : 24430
========================================
TaskStatusClass : >> 1.0
Task Size >> {0=17544939}
Update attemptID:attempt_1454305919848_0044_m_000000_0
attempt_1454305919848_0044_m_000000_0:MAP:SORT:1.0
FILE_BYTES_READ : 0
HDFS_BYTES_READ : 18484793
FILE_BYTES_WRITTEN : 2028391
HBW_BYTES_WRITTEN : 0
CPU/Time : 0.8085043116265239
Written/Time : 60.314927148379425
FinishedSize : 1.7544939E7
Add graph Data1.0 <> 0.8085043116265239
0.6123095190975658
CPU Intensive
Task Time : 33630
CPU Time : 27190
========================================