Now Use estimatorClass : org.apache.hadoop.mapreduce.v2.app.speculate.LegacyTaskRuntimeEstimator_Fixed
serviceStart
attempt_1454305919848_0064_m_000000_0 : spilledRecord org.apache.hadoop.mapred.Counters$Counter@c553d160
TaskStatusClass : >> 0.14765866
Task Size >> {0=60440772}
Update attemptID:attempt_1454305919848_0064_m_000000_0
attempt_1454305919848_0064_m_000000_0:MAP:MAP:0.14765866
FILE_BYTES_READ : 0
HDFS_BYTES_READ : 12710017
FILE_BYTES_WRITTEN : 115357
HBW_BYTES_WRITTEN : 0
CPU/Time : 0.4272346191302875
Written/Time : 4.884489986027014
FinishedSize : 8924603.463802636
Add graph Data0.14765866 <> 0.4272346191302875
-1.0
I/O Intensive
Task Time : 23617
CPU Time : 10090
========================================
TaskStatusClass : >> 0.23303631
Task Size >> {0=60440772}
Update attemptID:attempt_1454305919848_0064_m_000000_0
attempt_1454305919848_0064_m_000000_0:MAP:MAP:0.23303631
FILE_BYTES_READ : 0
HDFS_BYTES_READ : 21119105
FILE_BYTES_WRITTEN : 115357
HBW_BYTES_WRITTEN : 0
CPU/Time : 0.5973996861690204
Written/Time : 4.3098333706941645
FinishedSize : 1.408489444904244E7
Add graph Data0.23303631 <> 0.5973996861690204
0.5973996861690204
I/O Intensive
Task Time : 26766
CPU Time : 15990
========================================
TaskStatusClass : >> 0.23303631
Task Size >> {0=60440772}
Update attemptID:attempt_1454305919848_0064_m_000000_0
attempt_1454305919848_0064_m_000000_0:MAP:MAP:0.23303631
FILE_BYTES_READ : 0
HDFS_BYTES_READ : 21119105
FILE_BYTES_WRITTEN : 115357
HBW_BYTES_WRITTEN : 0
CPU/Time : 0.6428523647066693
Written/Time : 3.8583517292126563
FinishedSize : 1.408489444904244E7
Add graph Data0.23303631 <> 0.6428523647066693
0.6201260254378449
CPU Intensive
Task Time : 29898
CPU Time : 19220
========================================
TaskStatusClass : >> 0.23303631
Task Size >> {0=60440772}
Update attemptID:attempt_1454305919848_0064_m_000000_0
attempt_1454305919848_0064_m_000000_0:MAP:MAP:0.23303631
FILE_BYTES_READ : 0
HDFS_BYTES_READ : 21119105
FILE_BYTES_WRITTEN : 8825207
HBW_BYTES_WRITTEN : 0
CPU/Time : 0.6930902924968206
Written/Time : 267.21997819899474
FinishedSize : 1.408489444904244E7
Add graph Data0.23303631 <> 0.6930902924968206
0.6566081589673327
CPU Intensive
Task Time : 33026
CPU Time : 22890
========================================
TaskStatusClass : >> 0.23303631
Task Size >> {0=60440772}
Update attemptID:attempt_1454305919848_0064_m_000000_0
attempt_1454305919848_0064_m_000000_0:MAP:MAP:0.23303631
FILE_BYTES_READ : 0
HDFS_BYTES_READ : 21119105
FILE_BYTES_WRITTEN : 61028942
HBW_BYTES_WRITTEN : 0
CPU/Time : 0.7235149268184711
Written/Time : 1688.5411282959356
FinishedSize : 1.408489444904244E7
Add graph Data0.23303631 <> 0.7235149268184711
0.6900615428929019
CPU Intensive
Task Time : 36143
CPU Time : 26150
========================================
TaskStatusClass : >> 0.4036786
Task Size >> {0=60440772}
Update attemptID:attempt_1454305919848_0064_m_000000_0
attempt_1454305919848_0064_m_000000_0:MAP:MAP:0.4036786
FILE_BYTES_READ : 0
HDFS_BYTES_READ : 36581505
FILE_BYTES_WRITTEN : 67191003
HBW_BYTES_WRITTEN : 0
CPU/Time : 0.7985996120546909
Written/Time : 1589.4167336897383
FinishedSize : 2.4398645983309507E7
Add graph Data0.4036786 <> 0.7985996120546909
0.6900615428929019
CPU Intensive
Task Time : 42274
CPU Time : 33760
========================================
TaskStatusClass : >> 0.4036786
Task Size >> {0=60440772}
Update attemptID:attempt_1454305919848_0064_m_000000_0
attempt_1454305919848_0064_m_000000_0:MAP:MAP:0.4036786
FILE_BYTES_READ : 0
HDFS_BYTES_READ : 36581505
FILE_BYTES_WRITTEN : 67191003
HBW_BYTES_WRITTEN : 0
CPU/Time : 0.8143530552006696
Written/Time : 1480.0432397902991
FinishedSize : 2.4398645983309507E7
Add graph Data0.4036786 <> 0.8143530552006696
0.6900615428929019
CPU Intensive
Task Time : 45398
CPU Time : 36970
========================================
TaskStatusClass : >> 0.4036786
Task Size >> {0=60440772}
Update attemptID:attempt_1454305919848_0064_m_000000_0
attempt_1454305919848_0064_m_000000_0:MAP:MAP:0.4036786
FILE_BYTES_READ : 0
HDFS_BYTES_READ : 36581505
FILE_BYTES_WRITTEN : 118432136
HBW_BYTES_WRITTEN : 0
CPU/Time : 0.8298131014444972
Written/Time : 2440.440478888912
FinishedSize : 2.4398645983309507E7
Add graph Data0.4036786 <> 0.8298131014444972
0.6900615428929019
CPU Intensive
Task Time : 48529
CPU Time : 40270
========================================
TaskStatusClass : >> 0.5070851
Task Size >> {0=60440772}
Update attemptID:attempt_1454305919848_0064_m_000000_0
attempt_1454305919848_0064_m_000000_0:MAP:MAP:0.5070851
FILE_BYTES_READ : 0
HDFS_BYTES_READ : 45461633
FILE_BYTES_WRITTEN : 135842748
HBW_BYTES_WRITTEN : 0
CPU/Time : 0.8523651002554773
Written/Time : 2629.146628474104
FinishedSize : 3.0648614001957893E7
Add graph Data0.5070851 <> 0.8523651002554773
0.6900615428929019
CPU Intensive
Task Time : 51668
CPU Time : 44040
========================================
TaskStatusClass : >> 0.59447086
Task Size >> {0=60440772}
Update attemptID:attempt_1454305919848_0064_m_000000_0
attempt_1454305919848_0064_m_000000_0:MAP:MAP:0.59447086
FILE_BYTES_READ : 0
HDFS_BYTES_READ : 53870721
FILE_BYTES_WRITTEN : 135842748
HBW_BYTES_WRITTEN : 0
CPU/Time : 0.8916546526269686
Written/Time : 2479.0179754366113
FinishedSize : 3.5930277623710155E7
Add graph Data0.59447086 <> 0.8916546526269686
0.6900615428929019
CPU Intensive
Task Time : 54797
CPU Time : 48860
========================================
TaskStatusClass : >> 0.59447086
Task Size >> {0=60440772}
Update attemptID:attempt_1454305919848_0064_m_000000_0
attempt_1454305919848_0064_m_000000_0:MAP:MAP:0.59447086
FILE_BYTES_READ : 0
HDFS_BYTES_READ : 53870721
FILE_BYTES_WRITTEN : 135842748
HBW_BYTES_WRITTEN : 0
CPU/Time : 0.8999240279024795
Written/Time : 2345.5132951170663
FinishedSize : 3.5930277623710155E7
Add graph Data0.59447086 <> 0.8999240279024795
0.6900615428929019
CPU Intensive
Task Time : 57916
CPU Time : 52120
========================================
TaskStatusClass : >> 0.59447086
Task Size >> {0=60440772}
Update attemptID:attempt_1454305919848_0064_m_000000_0
attempt_1454305919848_0064_m_000000_0:MAP:MAP:0.59447086
FILE_BYTES_READ : 0
HDFS_BYTES_READ : 53870721
FILE_BYTES_WRITTEN : 174872993
HBW_BYTES_WRITTEN : 0
CPU/Time : 0.906186512877646
Written/Time : 2865.0795104528474
FinishedSize : 3.5930277623710155E7
Add graph Data0.59447086 <> 0.906186512877646
0.6900615428929019
CPU Intensive
Task Time : 61036
CPU Time : 55310
========================================
TaskStatusClass : >> 0.59447086
Task Size >> {0=60440772}
Update attemptID:attempt_1454305919848_0064_m_000000_0
attempt_1454305919848_0064_m_000000_0:MAP:SORT:0.59447086
FILE_BYTES_READ : 0
HDFS_BYTES_READ : 53870721
FILE_BYTES_WRITTEN : 174872993
HBW_BYTES_WRITTEN : 0
CPU/Time : 0.8652868384412009
Written/Time : 2735.767478606405
FinishedSize : 3.5930277623710155E7
Add graph Data0.59447086 <> 0.8652868384412009
0.6900615428929019
CPU Intensive
Task Time : 63921
CPU Time : 55310
========================================
TaskStatusClass : >> 0.667
Task Size >> {0=60440772}
Update attemptID:attempt_1454305919848_0064_m_000000_0
attempt_1454305919848_0064_m_000000_0:MAP:SORT:0.667
FILE_BYTES_READ : 0
HDFS_BYTES_READ : 60440901
FILE_BYTES_WRITTEN : 204878407
HBW_BYTES_WRITTEN : 0
CPU/Time : 0.9181400420593504
Written/Time : 3191.5010047511487
FinishedSize : 4.031399466461635E7
Add graph Data0.667 <> 0.9181400420593504
0.6900615428929019
CPU Intensive
Task Time : 64195
CPU Time : 58940
========================================
TaskStatusClass : >> 0.667
Task Size >> {0=60440772}
Update attemptID:attempt_1454305919848_0064_m_000000_0
attempt_1454305919848_0064_m_000000_0:MAP:SORT:0.667
FILE_BYTES_READ : 0
HDFS_BYTES_READ : 60440901
FILE_BYTES_WRITTEN : 204878407
HBW_BYTES_WRITTEN : 0
CPU/Time : 0.9235432205152587
Written/Time : 3043.9842956051466
FinishedSize : 4.031399466461635E7
Add graph Data0.667 <> 0.9235432205152587
0.6900615428929019
CPU Intensive
Task Time : 67306
CPU Time : 62160
========================================
TaskStatusClass : >> 0.667
Task Size >> {0=60440772}
Update attemptID:attempt_1454305919848_0064_m_000000_0
attempt_1454305919848_0064_m_000000_0:MAP:SORT:0.667
FILE_BYTES_READ : 0
HDFS_BYTES_READ : 60440901
FILE_BYTES_WRITTEN : 246943897
HBW_BYTES_WRITTEN : 0
CPU/Time : 0.9279184646831705
Written/Time : 3505.3358079718373
FinishedSize : 4.031399466461635E7
Add graph Data0.667 <> 0.9279184646831705
0.6900615428929019
CPU Intensive
Task Time : 70448
CPU Time : 65370
========================================
TaskStatusClass : >> 0.6947356
Task Size >> {0=60440772}
Update attemptID:attempt_1454305919848_0064_m_000000_0
attempt_1454305919848_0064_m_000000_0:MAP:SORT:0.6947356
FILE_BYTES_READ : 20068700
HDFS_BYTES_READ : 60440901
FILE_BYTES_WRITTEN : 268428258
HBW_BYTES_WRITTEN : 0
CPU/Time : 0.941606533762757
Written/Time : 3647.7673773900283
FinishedSize : 4.1990355192589045E7
Add graph Data0.6947356 <> 0.941606533762757
0.6900615428929019
CPU Intensive
Task Time : 73587
CPU Time : 69290
========================================
TaskStatusClass : >> 0.7367476
Task Size >> {0=60440772}
Update attemptID:attempt_1454305919848_0064_m_000000_0
attempt_1454305919848_0064_m_000000_0:MAP:SORT:0.7367476
FILE_BYTES_READ : 50865171
HDFS_BYTES_READ : 60440901
FILE_BYTES_WRITTEN : 299234495
HBW_BYTES_WRITTEN : 0
CPU/Time : 0.9471804829734274
Written/Time : 3899.6845555367313
FinishedSize : 4.452959507245588E7
Add graph Data0.7367476 <> 0.9471804829734274
0.6900615428929019
CPU Intensive
Task Time : 76733
CPU Time : 72680
========================================
TaskStatusClass : >> 0.7798315
Task Size >> {0=60440772}
Update attemptID:attempt_1454305919848_0064_m_000000_0
attempt_1454305919848_0064_m_000000_0:MAP:SORT:0.7798315
FILE_BYTES_READ : 83009415
HDFS_BYTES_READ : 60440901
FILE_BYTES_WRITTEN : 331375533
HBW_BYTES_WRITTEN : 0
CPU/Time : 0.9499179701686934
Written/Time : 4150.027339102556
FinishedSize : 4.713361962237024E7
Add graph Data0.7798315 <> 0.9499179701686934
0.6900615428929019
CPU Intensive
Task Time : 79849
CPU Time : 75850
========================================
TaskStatusClass : >> 0.8235203
Task Size >> {0=60440772}
Update attemptID:attempt_1454305919848_0064_m_000000_0
attempt_1454305919848_0064_m_000000_0:MAP:SORT:0.8235203
FILE_BYTES_READ : 115814304
HDFS_BYTES_READ : 60440901
FILE_BYTES_WRITTEN : 364179711
HBW_BYTES_WRITTEN : 0
CPU/Time : 0.9528918247788037
Written/Time : 4389.9287711854195
FinishedSize : 4.977420285724497E7
Add graph Data0.8235203 <> 0.9528918247788037
0.6900615428929019
CPU Intensive
Task Time : 82958
CPU Time : 79050
========================================
TaskStatusClass : >> 0.8716186
Task Size >> {0=60440772}
Update attemptID:attempt_1454305919848_0064_m_000000_0
attempt_1454305919848_0064_m_000000_0:MAP:SORT:0.8716186
FILE_BYTES_READ : 151692486
HDFS_BYTES_READ : 60440901
FILE_BYTES_WRITTEN : 400060743
HBW_BYTES_WRITTEN : 0
CPU/Time : 0.955655982434332
Written/Time : 4647.707784890273
FinishedSize : 5.268130279623556E7
Add graph Data0.8716186 <> 0.955655982434332
0.6900615428929019
CPU Intensive
Task Time : 86077
CPU Time : 82260
========================================
TaskStatusClass : >> 0.91441095
Task Size >> {0=60440772}
Update attemptID:attempt_1454305919848_0064_m_000000_0
attempt_1454305919848_0064_m_000000_0:MAP:SORT:0.91441095
FILE_BYTES_READ : 183631661
HDFS_BYTES_READ : 60440901
FILE_BYTES_WRITTEN : 431998218
HBW_BYTES_WRITTEN : 0
CPU/Time : 0.9589640094180962
Written/Time : 4843.572351160444
FinishedSize : 5.526770366790533E7
Add graph Data0.91441095 <> 0.9589640094180962
0.6900615428929019
CPU Intensive
Task Time : 89190
CPU Time : 85530
========================================
TaskStatusClass : >> 0.9584369
Task Size >> {0=60440772}
Update attemptID:attempt_1454305919848_0064_m_000000_0
attempt_1454305919848_0064_m_000000_0:MAP:SORT:0.9584369
FILE_BYTES_READ : 216179371
HDFS_BYTES_READ : 60440901
FILE_BYTES_WRITTEN : 464546467
HBW_BYTES_WRITTEN : 0
CPU/Time : 0.9620154451027326
Written/Time : 5031.534296576299
FinishedSize : 5.792866653234458E7
Add graph Data0.9584369 <> 0.9620154451027326
0.6900615428929019
CPU Intensive
Task Time : 92327
CPU Time : 88820
========================================
TaskStatusClass : >> 0.9899456
Task Size >> {0=60440772}
Update attemptID:attempt_1454305919848_0064_m_000000_0
attempt_1454305919848_0064_m_000000_0:MAP:SORT:0.9899456
FILE_BYTES_READ : 240190522
HDFS_BYTES_READ : 60440901
FILE_BYTES_WRITTEN : 488561249
HBW_BYTES_WRITTEN : 0
CPU/Time : 0.9641962760774123
Written/Time : 5119.201661829269
FinishedSize : 5.9833075727577925E7
Add graph Data0.9899456 <> 0.9641962760774123
0.6900615428929019
CPU Intensive
Task Time : 95437
CPU Time : 92020
========================================
TaskStatusClass : >> 1.0
Task Size >> {0=60440772}
Update attemptID:attempt_1454305919848_0064_m_000000_0
attempt_1454305919848_0064_m_000000_0:MAP:SORT:1.0
FILE_BYTES_READ : 248261470
HDFS_BYTES_READ : 60440901
FILE_BYTES_WRITTEN : 496638311
HBW_BYTES_WRITTEN : 0
CPU/Time : 0.965552858544647
Written/Time : 5129.7661622682435
FinishedSize : 6.0440772E7
Add graph Data1.0 <> 0.965552858544647
0.6900615428929019
CPU Intensive
Task Time : 96815
CPU Time : 93480
========================================
