Now Use estimatorClass : org.apache.hadoop.mapreduce.v2.app.speculate.LegacyTaskRuntimeEstimator_Fixed
serviceStart
Task Size >> {0=134217728, 1=134217728, 2=86820951}
Update attemptID:attempt_1455066125625_0078_m_000000_0
attempt_1455066125625_0078_m_000000_0:MAP:MAP:0.07312258
CPU/Time : 0.4881082694795502
Written/Time : 5.739725345805553
Add graph Data0.07312258 <> 0.4881082694795502
-1.0
I/O Intensive
Task Time : 20098
CPU Time : 9810
========================================
Task Size >> {0=134217728, 1=134217728, 2=86820951}
Update attemptID:attempt_1455066125625_0078_m_000002_0
attempt_1455066125625_0078_m_000002_0:MAP:MAP:0.09913341
CPU/Time : 0.5077371829732535
Written/Time : 5.703119592623721
Add graph Data0.09913341 <> 0.5077371829732535
-1.0
I/O Intensive
Task Time : 20227
CPU Time : 10270
========================================
Task Size >> {0=134217728, 1=134217728, 2=86820951}
Update attemptID:attempt_1455066125625_0078_m_000001_0
attempt_1455066125625_0078_m_000001_0:MAP:MAP:0.077850536
CPU/Time : 0.4902629016553067
Written/Time : 5.616212268743914
Add graph Data0.077850536 <> 0.4902629016553067
-1.0
I/O Intensive
Task Time : 20540
CPU Time : 10070
========================================
Task Size >> {0=134217728, 1=134217728, 2=86820951}
Update attemptID:attempt_1455066125625_0078_m_000000_0
attempt_1455066125625_0078_m_000000_0:MAP:MAP:0.0979883
CPU/Time : 0.6697638404955478
Written/Time : 4.962231685808922
Add graph Data0.0979883 <> 0.6697638404955478
-1.0
I/O Intensive
Task Time : 23247
CPU Time : 15570
========================================
Task Size >> {0=134217728, 1=134217728, 2=86820951}
Update attemptID:attempt_1455066125625_0078_m_000002_0
attempt_1455066125625_0078_m_000002_0:MAP:MAP:0.16112962
CPU/Time : 0.6889738413298397
Written/Time : 4.95498475151411
Add graph Data0.16112962 <> 0.6889738413298397
-1.0
I/O Intensive
Task Time : 23281
CPU Time : 16040
========================================
Task Size >> {0=134217728, 1=134217728, 2=86820951}
Update attemptID:attempt_1455066125625_0078_m_000001_0
attempt_1455066125625_0078_m_000001_0:MAP:MAP:0.10390333
CPU/Time : 0.6891316266711652
Written/Time : 4.865125890936696
Add graph Data0.10390333 <> 0.6891316266711652
-1.0
I/O Intensive
Task Time : 23711
CPU Time : 16340
========================================
Task Size >> {0=134217728, 1=134217728, 2=86820951}
Update attemptID:attempt_1455066125625_0078_m_000000_0
attempt_1455066125625_0078_m_000000_0:MAP:MAP:0.0979883
CPU/Time : 0.7221023136052104
Written/Time : 10.932939528191147
Add graph Data0.0979883 <> 0.7221023136052104
-1.0
I/O Intensive
Task Time : 26409
CPU Time : 19070
========================================
Task Size >> {0=134217728, 1=134217728, 2=86820951}
Update attemptID:attempt_1455066125625_0078_m_000002_0
attempt_1455066125625_0078_m_000002_0:MAP:MAP:0.16112962
CPU/Time : 0.7301755447941889
Written/Time : 4.364293280871671
Add graph Data0.16112962 <> 0.7301755447941889
-1.0
I/O Intensive
Task Time : 26432
CPU Time : 19300
========================================
Task Size >> {0=134217728, 1=134217728, 2=86820951}
Update attemptID:attempt_1455066125625_0078_m_000001_0
attempt_1455066125625_0078_m_000001_0:MAP:MAP:0.10390333
CPU/Time : 0.730008566427055
Written/Time : 4.296510112108458
Add graph Data0.10390333 <> 0.730008566427055
-1.0
I/O Intensive
Task Time : 26849
CPU Time : 19600
========================================
Task Size >> {0=134217728, 1=134217728, 2=86820951}
Update attemptID:attempt_1455066125625_0078_m_000000_0
attempt_1455066125625_0078_m_000000_0:MAP:MAP:0.0979883
CPU/Time : 0.7692568024908624
Written/Time : 1897.7425883308515
Add graph Data0.0979883 <> 0.7692568024908624
-1.0
I/O Intensive
Task Time : 29548
CPU Time : 22730
========================================
Task Size >> {0=134217728, 1=134217728, 2=86820951}
Update attemptID:attempt_1455066125625_0078_m_000002_0
attempt_1455066125625_0078_m_000002_0:MAP:MAP:0.16112962
CPU/Time : 0.7823117752459515
Written/Time : 1013.2085939348863
Add graph Data0.16112962 <> 0.7823117752459515
-1.0
I/O Intensive
Task Time : 29579
CPU Time : 23140
========================================
Task Size >> {0=134217728, 1=134217728, 2=86820951}
Update attemptID:attempt_1455066125625_0078_m_000001_0
attempt_1455066125625_0078_m_000001_0:MAP:MAP:0.10390333
CPU/Time : 0.7812708583633694
Written/Time : 1517.2067147243358
Add graph Data0.10390333 <> 0.7812708583633694
-1.0
I/O Intensive
Task Time : 29964
CPU Time : 23410
========================================
Task Size >> {0=134217728, 1=134217728, 2=86820951}
Update attemptID:attempt_1455066125625_0078_m_000002_0
attempt_1455066125625_0078_m_000002_0:MAP:MAP:0.2056376
CPU/Time : 0.8113646094562359
Written/Time : 2111.29592023977
Add graph Data0.2056376 <> 0.8113646094562359
0.8113646094562359
CPU Intensive
Task Time : 32698
CPU Time : 26530
========================================
Task Size >> {0=134217728, 1=134217728, 2=86820951}
Update attemptID:attempt_1455066125625_0078_m_000001_0
attempt_1455066125625_0078_m_000001_0:MAP:MAP:0.14489868
CPU/Time : 0.8112677757314091
Written/Time : 2088.6464176806257
Add graph Data0.14489868 <> 0.8112677757314091
-1.0
I/O Intensive
Task Time : 33121
CPU Time : 26870
========================================
Task Size >> {0=134217728, 1=134217728, 2=86820951}
Update attemptID:attempt_1455066125625_0078_m_000000_0
attempt_1455066125625_0078_m_000000_0:MAP:MAP:0.18511231
CPU/Time : 0.8630351939027124
Written/Time : 1943.0317753866846
Add graph Data0.18511231 <> 0.8630351939027124
-1.0
I/O Intensive
Task Time : 35688
CPU Time : 30800
========================================
Task Size >> {0=134217728, 1=134217728, 2=86820951}
Update attemptID:attempt_1455066125625_0078_m_000002_0
attempt_1455066125625_0078_m_000002_0:MAP:MAP:0.29684258
CPU/Time : 0.8806382325866831
Written/Time : 1925.7204942955173
Add graph Data0.29684258 <> 0.8806382325866831
0.8460014210214595
CPU Intensive
Task Time : 35849
CPU Time : 31570
========================================
Task Size >> {0=134217728, 1=134217728, 2=86820951}
Update attemptID:attempt_1455066125625_0078_m_000001_0
attempt_1455066125625_0078_m_000001_0:MAP:MAP:0.18742418
CPU/Time : 0.8689053834055351
Written/Time : 1908.8341381308462
Add graph Data0.18742418 <> 0.8689053834055351
-1.0
I/O Intensive
Task Time : 36241
CPU Time : 31490
========================================
Task Size >> {0=134217728, 1=134217728, 2=86820951}
Update attemptID:attempt_1455066125625_0078_m_000000_0
attempt_1455066125625_0078_m_000000_0:MAP:MAP:0.18511231
CPU/Time : 0.8763882804648646
Written/Time : 1786.8662354729818
Add graph Data0.18511231 <> 0.8763882804648646
-1.0
I/O Intensive
Task Time : 38807
CPU Time : 34010
========================================
Task Size >> {0=134217728, 1=134217728, 2=86820951}
Update attemptID:attempt_1455066125625_0078_m_000002_0
attempt_1455066125625_0078_m_000002_0:MAP:MAP:0.29684258
CPU/Time : 0.893223819301848
Written/Time : 1771.9495379876796
Add graph Data0.29684258 <> 0.893223819301848
0.8696126201616537
CPU Intensive
Task Time : 38960
CPU Time : 34800
========================================
Task Size >> {0=134217728, 1=134217728, 2=86820951}
Update attemptID:attempt_1455066125625_0078_m_000001_0
attempt_1455066125625_0078_m_000001_0:MAP:MAP:0.18742418
CPU/Time : 0.8818149484274173
Written/Time : 1757.4833087749607
Add graph Data0.18742418 <> 0.8818149484274173
-1.0
I/O Intensive
Task Time : 39362
CPU Time : 34710
========================================
Task Size >> {0=134217728, 1=134217728, 2=86820951}
Update attemptID:attempt_1455066125625_0078_m_000000_0
attempt_1455066125625_0078_m_000000_0:MAP:MAP:0.18511231
CPU/Time : 0.8889524763335479
Written/Time : 2616.75651572597
Add graph Data0.18511231 <> 0.8889524763335479
-1.0
I/O Intensive
Task Time : 41937
CPU Time : 37280
========================================
Task Size >> {0=134217728, 1=134217728, 2=86820951}
Update attemptID:attempt_1455066125625_0078_m_000002_0
attempt_1455066125625_0078_m_000002_0:MAP:MAP:0.29684258
CPU/Time : 0.9054435818911284
Written/Time : 2164.0374142392516
Add graph Data0.29684258 <> 0.9054435818911284
0.8875281010263911
CPU Intensive
Task Time : 42123
CPU Time : 38140
========================================
Task Size >> {0=134217728, 1=134217728, 2=86820951}
Update attemptID:attempt_1455066125625_0078_m_000001_0
attempt_1455066125625_0078_m_000001_0:MAP:MAP:0.18742418
CPU/Time : 0.8946092849243512
Written/Time : 2332.2095343419846
Add graph Data0.18742418 <> 0.8946092849243512
-1.0
I/O Intensive
Task Time : 42499
CPU Time : 38020
========================================
Task Size >> {0=134217728, 1=134217728, 2=86820951}
Update attemptID:attempt_1455066125625_0078_m_000000_0
attempt_1455066125625_0078_m_000000_0:MAP:MAP:0.21679364
CPU/Time : 0.9044535131298793
Written/Time : 3035.416718417317
Add graph Data0.21679364 <> 0.9044535131298793
0.9044535131298793
CPU Intensive
Task Time : 45088
CPU Time : 40780
========================================
Task Size >> {0=134217728, 1=134217728, 2=86820951}
Update attemptID:attempt_1455066125625_0078_m_000002_0
attempt_1455066125625_0078_m_000002_0:MAP:MAP:0.32280937
CPU/Time : 0.9287823366092284
Written/Time : 3023.876492882641
Add graph Data0.32280937 <> 0.9287823366092284
0.8875281010263911
CPU Intensive
Task Time : 45382
CPU Time : 42150
========================================
Task Size >> {0=134217728, 1=134217728, 2=86820951}
Update attemptID:attempt_1455066125625_0078_m_000001_0
attempt_1455066125625_0078_m_000001_0:MAP:MAP:0.20826916
CPU/Time : 0.9224318658280922
Written/Time : 2991.092396051712
Add graph Data0.20826916 <> 0.9224318658280922
0.9224318658280922
CPU Intensive
Task Time : 45792
CPU Time : 42240
========================================
Task Size >> {0=134217728, 1=134217728, 2=86820951}
Update attemptID:attempt_1455066125625_0078_m_000000_0
attempt_1455066125625_0078_m_000000_0:MAP:MAP:0.27167213
CPU/Time : 0.954435157724454
Written/Time : 2838.4360080469546
Add graph Data0.27167213 <> 0.954435157724454
0.9294443354271666
CPU Intensive
Task Time : 48217
CPU Time : 46020
========================================
Task Size >> {0=134217728, 1=134217728, 2=86820951}
Update attemptID:attempt_1455066125625_0078_m_000002_0
attempt_1455066125625_0078_m_000002_0:MAP:MAP:0.4208671
CPU/Time : 0.9716181956839871
Written/Time : 2828.4840983572767
Add graph Data0.4208671 <> 0.9716181956839871
0.8875281010263911
CPU Intensive
Task Time : 48517
CPU Time : 47140
========================================
Task Size >> {0=134217728, 1=134217728, 2=86820951}
Update attemptID:attempt_1455066125625_0078_m_000001_0
attempt_1455066125625_0078_m_000001_0:MAP:MAP:0.25669593
CPU/Time : 0.9579687627770055
Written/Time : 2800.0675239185543
Add graph Data0.25669593 <> 0.9579687627770055
0.9402003143025488
CPU Intensive
Task Time : 48916
CPU Time : 46860
========================================
Task Size >> {0=134217728, 1=134217728, 2=86820951}
Update attemptID:attempt_1455066125625_0078_m_000000_0
attempt_1455066125625_0078_m_000000_0:MAP:MAP:0.27167213
CPU/Time : 0.959133585258483
Written/Time : 2665.878472086953
Add graph Data0.27167213 <> 0.959133585258483
0.9442889603428248
CPU Intensive
Task Time : 51338
CPU Time : 49240
========================================
Task Size >> {0=134217728, 1=134217728, 2=86820951}
Update attemptID:attempt_1455066125625_0078_m_000002_0
attempt_1455066125625_0078_m_000002_0:MAP:MAP:0.43073308
CPU/Time : 0.9833239720323061
Written/Time : 2657.8908601421626
Add graph Data0.43073308 <> 0.9833239720323061
0.8875281010263911
CPU Intensive
Task Time : 51631
CPU Time : 50770
========================================
Task Size >> {0=134217728, 1=134217728, 2=86820951}
Update attemptID:attempt_1455066125625_0078_m_000001_0
attempt_1455066125625_0078_m_000001_0:MAP:MAP:0.25669593
CPU/Time : 0.9618525992120688
Written/Time : 2702.379014125108
Add graph Data0.25669593 <> 0.9618525992120688
0.9510264567573088
CPU Intensive
Task Time : 52035
CPU Time : 50050
========================================
Task Size >> {0=134217728, 1=134217728, 2=86820951}
Update attemptID:attempt_1455066125625_0078_m_000000_0
attempt_1455066125625_0078_m_000000_0:MAP:MAP:0.27167213
CPU/Time : 0.9633179114342366
Written/Time : 3003.589612249394
Add graph Data0.27167213 <> 0.9633179114342366
0.9538034358885308
CPU Intensive
Task Time : 54468
CPU Time : 52470
========================================
Task Size >> {0=134217728, 1=134217728, 2=86820951}
Update attemptID:attempt_1455066125625_0078_m_000002_0
attempt_1455066125625_0078_m_000002_0:MAP:MAP:0.43073308
CPU/Time : 0.9858434560233811
Written/Time : 2710.265357566901
Add graph Data0.43073308 <> 0.9858434560233811
0.8875281010263911
CPU Intensive
Task Time : 54745
CPU Time : 53970
========================================
Task Size >> {0=134217728, 1=134217728, 2=86820951}
Update attemptID:attempt_1455066125625_0078_m_000001_0
attempt_1455066125625_0078_m_000001_0:MAP:MAP:0.2629257
CPU/Time : 0.9659008551964052
Written/Time : 3773.845901579939
Add graph Data0.2629257 <> 0.9659008551964052
0.958463655976857
CPU Intensive
Task Time : 55192
CPU Time : 53310
========================================
Task Size >> {0=134217728, 1=134217728, 2=86820951}
Update attemptID:attempt_1455066125625_0078_m_000000_0
attempt_1455066125625_0078_m_000000_0:MAP:MAP:0.28309485
CPU/Time : 0.968172983479106
Written/Time : 3552.2602908510344
Add graph Data0.28309485 <> 0.968172983479106
0.9609882096838184
CPU Intensive
Task Time : 57624
CPU Time : 55790
========================================
Task Size >> {0=134217728, 1=134217728, 2=86820951}
Update attemptID:attempt_1455066125625_0078_m_000002_0
attempt_1455066125625_0078_m_000002_0:MAP:MAP:0.43073308
CPU/Time : 0.9928489998963623
Written/Time : 3501.3675683145057
Add graph Data0.43073308 <> 0.9928489998963623
0.8875281010263911
CPU Intensive
Task Time : 57894
CPU Time : 57480
========================================
Task Size >> {0=134217728, 1=134217728, 2=86820951}
Update attemptID:attempt_1455066125625_0078_m_000001_0
attempt_1455066125625_0078_m_000001_0:MAP:MAP:0.3319573
CPU/Time : 0.9995547640249333
Written/Time : 3566.7871600794574
Add graph Data0.3319573 <> 0.9995547640249333
0.958463655976857
CPU Intensive
Task Time : 58396
CPU Time : 58370
========================================
Task Size >> {0=134217728, 1=134217728, 2=86820951}
Update attemptID:attempt_1455066125625_0078_m_000000_0
attempt_1455066125625_0078_m_000000_0:MAP:MAP:0.35079724
CPU/Time : 0.9922018952355883
Written/Time : 3367.5876381942617
Add graph Data0.35079724 <> 0.9922018952355883
0.9609882096838184
CPU Intensive
Task Time : 60784
CPU Time : 60310
========================================
Task Size >> {0=134217728, 1=134217728, 2=86820951}
Update attemptID:attempt_1455066125625_0078_m_000001_0
attempt_1455066125625_0078_m_000001_0:MAP:MAP:0.3319573
CPU/Time : 1.001138026337181
Written/Time : 3386.2152983254755
Add graph Data0.3319573 <> 1.001138026337181
0.958463655976857
CPU Intensive
Task Time : 61510
CPU Time : 61580
========================================
Task Size >> {0=134217728, 1=134217728, 2=86820951}
Update attemptID:attempt_1455066125625_0078_m_000000_0
attempt_1455066125625_0078_m_000000_0:MAP:MAP:0.35783988
CPU/Time : 1.0024415438069303
Written/Time : 3203.6724418568256
Add graph Data0.35783988 <> 1.0024415438069303
0.9609882096838184
CPU Intensive
Task Time : 63894
CPU Time : 64050
========================================
Task Size >> {0=134217728, 1=134217728, 2=86820951}
Update attemptID:attempt_1455066125625_0078_m_000002_0
attempt_1455066125625_0078_m_000002_0:MAP:MAP:0.5583094
CPU/Time : 1.016872363693173
Written/Time : 3199.9165755350728
Add graph Data0.5583094 <> 1.016872363693173
0.8875281010263911
CPU Intensive
Task Time : 64010
CPU Time : 65090
========================================
Task Size >> {0=134217728, 1=134217728, 2=86820951}
Update attemptID:attempt_1455066125625_0078_m_000001_0
attempt_1455066125625_0078_m_000001_0:MAP:MAP:0.3319573
CPU/Time : 1.001888018818286
Written/Time : 4213.957024358538
Add graph Data0.3319573 <> 1.001888018818286
0.958463655976857
CPU Intensive
Task Time : 64618
CPU Time : 64740
========================================
Task Size >> {0=134217728, 1=134217728, 2=86820951}
Update attemptID:attempt_1455066125625_0078_m_000000_0
attempt_1455066125625_0078_m_000000_0:MAP:MAP:0.35783988
CPU/Time : 1.003268607931225
Written/Time : 3378.9285383800243
Add graph Data0.35783988 <> 1.003268607931225
0.9609882096838184
CPU Intensive
Task Time : 67001
CPU Time : 67220
========================================
Task Size >> {0=134217728, 1=134217728, 2=86820951}
Update attemptID:attempt_1455066125625_0078_m_000002_0
attempt_1455066125625_0078_m_000002_0:MAP:MAP:0.5583094
CPU/Time : 1.0178507569436166
Written/Time : 3104.6733669090477
Add graph Data0.5583094 <> 1.0178507569436166
0.8875281010263911
CPU Intensive
Task Time : 67112
CPU Time : 68310
========================================
Task Size >> {0=134217728, 1=134217728, 2=86820951}
Update attemptID:attempt_1455066125625_0078_m_000001_0
attempt_1455066125625_0078_m_000001_0:MAP:MAP:0.40038306
CPU/Time : 1.009698419024844
Written/Time : 4145.027737183178
Add graph Data0.40038306 <> 1.009698419024844
0.958463655976857
CPU Intensive
Task Time : 67743
CPU Time : 68400
========================================
Task Size >> {0=134217728, 1=134217728, 2=86820951}
Update attemptID:attempt_1455066125625_0078_m_000000_0
attempt_1455066125625_0078_m_000000_0:MAP:MAP:0.36943597
CPU/Time : 1.0049211896441053
Written/Time : 3882.3891876471007
Add graph Data0.36943597 <> 1.0049211896441053
0.9609882096838184
CPU Intensive
Task Time : 70105
CPU Time : 70450
========================================
Task Size >> {0=134217728, 1=134217728, 2=86820951}
Update attemptID:attempt_1455066125625_0078_m_000002_0
attempt_1455066125625_0078_m_000002_0:MAP:MAP:0.5583094
CPU/Time : 1.0179171651569532
Written/Time : 3790.85533811884
Add graph Data0.5583094 <> 1.0179171651569532
0.8875281010263911
CPU Intensive
Task Time : 70212
CPU Time : 71470
========================================
Task Size >> {0=134217728, 1=134217728, 2=86820951}
Update attemptID:attempt_1455066125625_0078_m_000001_0
attempt_1455066125625_0078_m_000001_0:MAP:MAP:0.41657826
CPU/Time : 1.0292561073711841
Written/Time : 3962.8634291601393
Add graph Data0.41657826 <> 1.0292561073711841
0.958463655976857
CPU Intensive
Task Time : 70857
CPU Time : 72930
========================================
Task Size >> {0=134217728, 1=134217728, 2=86820951}
Update attemptID:attempt_1455066125625_0078_m_000000_0
attempt_1455066125625_0078_m_000000_0:MAP:MAP:0.43761945
CPU/Time : 1.023558637257043
Written/Time : 3714.988179733566
Add graph Data0.43761945 <> 1.023558637257043
0.9609882096838184
CPU Intensive
Task Time : 73264
CPU Time : 74990
========================================
Task Size >> {0=134217728, 1=134217728, 2=86820951}
Update attemptID:attempt_1455066125625_0078_m_000002_0
attempt_1455066125625_0078_m_000002_0:MAP:SORT:0.5583094
CPU/Time : 0.9695843281962231
Written/Time : 3610.8575944215327
Add graph Data0.5583094 <> 0.9695843281962231
0.8875281010263911
CPU Intensive
Task Time : 73712
CPU Time : 71470
========================================
Task Size >> {0=134217728, 1=134217728, 2=86820951}
Update attemptID:attempt_1455066125625_0078_m_000001_0
attempt_1455066125625_0078_m_000001_0:MAP:MAP:0.41657826
CPU/Time : 1.029083681499209
Written/Time : 3813.209791911735
Add graph Data0.41657826 <> 1.029083681499209
0.958463655976857
CPU Intensive
Task Time : 73959
CPU Time : 76110
========================================
Task Size >> {0=134217728, 1=134217728, 2=86820951}
Update attemptID:attempt_1455066125625_0078_m_000002_0
attempt_1455066125625_0078_m_000002_0:MAP:SORT:0.667
CPU/Time : 1.0313977705880042
Written/Time : 3577.6904627798226
Add graph Data0.667 <> 1.0313977705880042
0.8875281010263911
CPU Intensive
Task Time : 76343
CPU Time : 78740
========================================
Task Size >> {0=134217728, 1=134217728, 2=86820951}
Update attemptID:attempt_1455066125625_0078_m_000000_0
attempt_1455066125625_0078_m_000000_0:MAP:MAP:0.4449987
CPU/Time : 1.0301474632651457
Written/Time : 3564.4581314335105
Add graph Data0.4449987 <> 1.0301474632651457
0.9609882096838184
CPU Intensive
Task Time : 76358
CPU Time : 78660
========================================
Task Size >> {0=134217728, 1=134217728, 2=86820951}
Update attemptID:attempt_1455066125625_0078_m_000001_0
attempt_1455066125625_0078_m_000001_0:MAP:MAP:0.41657826
CPU/Time : 1.028692300704655
Written/Time : 4362.543025473988
Add graph Data0.41657826 <> 1.028692300704655
0.958463655976857
CPU Intensive
Task Time : 77059
CPU Time : 79270
========================================
Task Size >> {0=134217728, 1=134217728, 2=86820951}
Update attemptID:attempt_1455066125625_0078_m_000002_0
attempt_1455066125625_0078_m_000002_0:MAP:SORT:0.667
CPU/Time : 1.0308979925744133
Written/Time : 3659.922509596627
Add graph Data0.667 <> 1.0308979925744133
0.8875281010263911
CPU Intensive
Task Time : 79455
CPU Time : 81910
========================================
Task Size >> {0=134217728, 1=134217728, 2=86820951}
Update attemptID:attempt_1455066125625_0078_m_000000_0
attempt_1455066125625_0078_m_000000_0:MAP:MAP:0.4449987
CPU/Time : 1.0295579519573177
Written/Time : 3597.6805627209924
Add graph Data0.4449987 <> 1.0295579519573177
0.9609882096838184
CPU Intensive
Task Time : 79471
CPU Time : 81820
========================================
Task Size >> {0=134217728, 1=134217728, 2=86820951}
Update attemptID:attempt_1455066125625_0078_m_000002_0
attempt_1455066125625_0078_m_000002_0:MAP:SORT:0.667
CPU/Time : 1.0310577062842192
Written/Time : 4157.391552400794
Add graph Data0.667 <> 1.0310577062842192
0.8875281010263911
CPU Intensive
Task Time : 82556
CPU Time : 85120
========================================
Task Size >> {0=134217728, 1=134217728, 2=86820951}
Update attemptID:attempt_1455066125625_0078_m_000000_0
attempt_1455066125625_0078_m_000000_0:MAP:MAP:0.44683766
CPU/Time : 1.0299228617445113
Written/Time : 4111.566657382627
Add graph Data0.44683766 <> 1.0299228617445113
0.9609882096838184
CPU Intensive
Task Time : 82579
CPU Time : 85050
========================================
Task Size >> {0=134217728, 1=134217728, 2=86820951}
Update attemptID:attempt_1455066125625_0078_m_000001_0
attempt_1455066125625_0078_m_000001_0:MAP:MAP:0.50534374
CPU/Time : 1.0472721152227753
Written/Time : 4193.90147635192
Add graph Data0.50534374 <> 1.0472721152227753
0.958463655976857
CPU Intensive
Task Time : 83178
CPU Time : 87110
========================================
Task Size >> {0=134217728, 1=134217728, 2=86820951}
Update attemptID:attempt_1455066125625_0078_m_000002_0
attempt_1455066125625_0078_m_000002_0:MAP:SORT:0.68291014
CPU/Time : 1.038548646944827
Written/Time : 4307.391487076514
Add graph Data0.68291014 <> 1.038548646944827
0.8875281010263911
CPU Intensive
Task Time : 85658
CPU Time : 88960
========================================
Task Size >> {0=134217728, 1=134217728, 2=86820951}
Update attemptID:attempt_1455066125625_0078_m_000000_0
attempt_1455066125625_0078_m_000000_0:MAP:MAP:0.517185
CPU/Time : 1.0406215730651671
Written/Time : 3961.0007583004735
Add graph Data0.517185 <> 1.0406215730651671
0.9609882096838184
CPU Intensive
Task Time : 85718
CPU Time : 89200
========================================
Task Size >> {0=134217728, 1=134217728, 2=86820951}
Update attemptID:attempt_1455066125625_0078_m_000001_0
attempt_1455066125625_0078_m_000001_0:MAP:MAP:0.50534374
CPU/Time : 1.0472029390290543
Written/Time : 4042.7913474799216
Add graph Data0.50534374 <> 1.0472029390290543
0.958463655976857
CPU Intensive
Task Time : 86287
CPU Time : 90360
========================================
Task Size >> {0=134217728, 1=134217728, 2=86820951}
Update attemptID:attempt_1455066125625_0078_m_000002_0
attempt_1455066125625_0078_m_000002_0:MAP:SORT:0.7084008
CPU/Time : 1.0382821477659359
Written/Time : 4462.907235078074
Add graph Data0.7084008 <> 1.0382821477659359
0.8875281010263911
CPU Intensive
Task Time : 88762
CPU Time : 92160
========================================
Task Size >> {0=134217728, 1=134217728, 2=86820951}
Update attemptID:attempt_1455066125625_0078_m_000000_0
attempt_1455066125625_0078_m_000000_0:MAP:MAP:0.52722955
CPU/Time : 1.048815635413852
Written/Time : 3822.4923781860757
Add graph Data0.52722955 <> 1.048815635413852
0.9609882096838184
CPU Intensive
Task Time : 88824
CPU Time : 93160
========================================
Task Size >> {0=134217728, 1=134217728, 2=86820951}
Update attemptID:attempt_1455066125625_0078_m_000001_0
attempt_1455066125625_0078_m_000001_0:MAP:MAP:0.50534374
CPU/Time : 1.047008547008547
Written/Time : 4474.475925180113
Add graph Data0.50534374 <> 1.047008547008547
0.958463655976857
CPU Intensive
Task Time : 89388
CPU Time : 93590
========================================
Task Size >> {0=134217728, 1=134217728, 2=86820951}
Update attemptID:attempt_1455066125625_0078_m_000002_0
attempt_1455066125625_0078_m_000002_0:MAP:SORT:0.7340441
CPU/Time : 1.0392763057629923
Written/Time : 4606.060090135203
Add graph Data0.7340441 <> 1.0392763057629923
0.8875281010263911
CPU Intensive
Task Time : 91862
CPU Time : 95470
========================================
Task Size >> {0=134217728, 1=134217728, 2=86820951}
Update attemptID:attempt_1455066125625_0078_m_000000_0
attempt_1455066125625_0078_m_000000_0:MAP:MAP:0.52722955
CPU/Time : 1.0478221139201949
Written/Time : 3873.850137069753
Add graph Data0.52722955 <> 1.0478221139201949
0.9609882096838184
CPU Intensive
Task Time : 91924
CPU Time : 96320
========================================
Task Size >> {0=134217728, 1=134217728, 2=86820951}
Update attemptID:attempt_1455066125625_0078_m_000001_0
attempt_1455066125625_0078_m_000001_0:MAP:MAP:0.5549282
CPU/Time : 1.0486207194742303
Written/Time : 4503.413622016603
Add graph Data0.5549282 <> 1.0486207194742303
0.958463655976857
CPU Intensive
Task Time : 92512
CPU Time : 97010
========================================
Task Size >> {0=134217728, 1=134217728, 2=86820951}
Update attemptID:attempt_1455066125625_0078_m_000002_0
attempt_1455066125625_0078_m_000002_0:MAP:SORT:0.76040375
CPU/Time : 1.0389022284005223
Written/Time : 4751.428482665656
Add graph Data0.76040375 <> 1.0389022284005223
0.8875281010263911
CPU Intensive
Task Time : 94956
CPU Time : 98650
========================================
Task Size >> {0=134217728, 1=134217728, 2=86820951}
Update attemptID:attempt_1455066125625_0078_m_000000_0
attempt_1455066125625_0078_m_000000_0:MAP:MAP:0.53586286
CPU/Time : 1.0474195992591346
Written/Time : 4290.34800681933
Add graph Data0.53586286 <> 1.0474195992591346
0.9609882096838184
CPU Intensive
Task Time : 95024
CPU Time : 99530
========================================
Task Size >> {0=134217728, 1=134217728, 2=86820951}
Update attemptID:attempt_1455066125625_0078_m_000001_0
attempt_1455066125625_0078_m_000001_0:MAP:MAP:0.5905107
CPU/Time : 1.0649068128098396
Written/Time : 4357.3096094714165
Add graph Data0.5905107 <> 1.0649068128098396
0.958463655976857
CPU Intensive
Task Time : 95614
CPU Time : 101820
========================================
Task Size >> {0=134217728, 1=134217728, 2=86820951}
Update attemptID:attempt_1455066125625_0078_m_000002_0
attempt_1455066125625_0078_m_000002_0:MAP:SORT:0.78690076
CPU/Time : 1.0382457929627742
Written/Time : 4886.276175420704
Add graph Data0.78690076 <> 1.0382457929627742
0.8875281010263911
CPU Intensive
Task Time : 98050
CPU Time : 101800
========================================
Task Size >> {0=134217728, 1=134217728, 2=86820951}
Update attemptID:attempt_1455066125625_0078_m_000000_0
attempt_1455066125625_0078_m_000000_0:MAP:MAP:0.6044686
CPU/Time : 1.0586377298894494
Written/Time : 4153.915421060676
Add graph Data0.6044686 <> 1.0586377298894494
0.9609882096838184
CPU Intensive
Task Time : 98145
CPU Time : 103900
========================================
Task Size >> {0=134217728, 1=134217728, 2=86820951}
Update attemptID:attempt_1455066125625_0078_m_000001_0
attempt_1455066125625_0078_m_000001_0:MAP:MAP:0.5905107
CPU/Time : 1.0635560598079339
Written/Time : 4220.3877892135015
Add graph Data0.5905107 <> 1.0635560598079339
0.958463655976857
CPU Intensive
Task Time : 98716
CPU Time : 104990
========================================
Task Size >> {0=134217728, 1=134217728, 2=86820951}
Update attemptID:attempt_1455066125625_0078_m_000002_0
attempt_1455066125625_0078_m_000002_0:MAP:SORT:0.81442523
CPU/Time : 1.0375987424243922
Written/Time : 5023.504453913611
Add graph Data0.81442523 <> 1.0375987424243922
0.8875281010263911
CPU Intensive
Task Time : 101147
CPU Time : 104950
========================================
Task Size >> {0=134217728, 1=134217728, 2=86820951}
Update attemptID:attempt_1455066125625_0078_m_000000_0
attempt_1455066125625_0078_m_000000_0:MAP:MAP:0.6074878
CPU/Time : 1.0597157895776346
Written/Time : 4026.0117614528504
Add graph Data0.6074878 <> 1.0597157895776346
0.9609882096838184
CPU Intensive
Task Time : 101263
CPU Time : 107310
========================================
Task Size >> {0=134217728, 1=134217728, 2=86820951}
Update attemptID:attempt_1455066125625_0078_m_000001_0
attempt_1455066125625_0078_m_000001_0:MAP:MAP:0.5905107
CPU/Time : 1.0622102616484639
Written/Time : 4501.133937691522
Add graph Data0.5905107 <> 1.0622102616484639
0.958463655976857
CPU Intensive
Task Time : 101816
CPU Time : 108150
========================================
Task Size >> {0=134217728, 1=134217728, 2=86820951}
Update attemptID:attempt_1455066125625_0078_m_000002_0
attempt_1455066125625_0078_m_000002_0:MAP:SORT:0.8489169
CPU/Time : 1.0370661704046198
Written/Time : 5224.03881204075
Add graph Data0.8489169 <> 1.0370661704046198
0.8875281010263911
CPU Intensive
Task Time : 104246
CPU Time : 108110
========================================
Task Size >> {0=134217728, 1=134217728, 2=86820951}
Update attemptID:attempt_1455066125625_0078_m_000000_0
attempt_1455066125625_0078_m_000000_0:MAP:MAP:0.6074878
CPU/Time : 1.0585371930127154
Written/Time : 4014.9994059083374
Add graph Data0.6074878 <> 1.0585371930127154
0.9609882096838184
CPU Intensive
Task Time : 104361
CPU Time : 110470
========================================
Task Size >> {0=134217728, 1=134217728, 2=86820951}
Update attemptID:attempt_1455066125625_0078_m_000001_0
attempt_1455066125625_0078_m_000001_0:MAP:MAP:0.6287465
CPU/Time : 1.0626232976584167
Written/Time : 4615.956847010836
Add graph Data0.6287465 <> 1.0626232976584167
0.958463655976857
CPU Intensive
Task Time : 104929
CPU Time : 111500
========================================
Task Size >> {0=134217728, 1=134217728, 2=86820951}
Update attemptID:attempt_1455066125625_0078_m_000001_0
attempt_1455066125625_0078_m_000001_0:MAP:SORT:0.6287465
CPU/Time : 1.0445747690693448
Written/Time : 4537.555376515336
Add graph Data0.6287465 <> 1.0445747690693448
0.958463655976857
CPU Intensive
Task Time : 106742
CPU Time : 111500
========================================
Task Size >> {0=134217728, 1=134217728, 2=86820951}
Update attemptID:attempt_1455066125625_0078_m_000002_0
attempt_1455066125625_0078_m_000002_0:MAP:SORT:0.8814676
CPU/Time : 1.0373729942166385
Written/Time : 5391.665105190124
Add graph Data0.8814676 <> 1.0373729942166385
0.8875281010263911
CPU Intensive
Task Time : 107377
CPU Time : 111390
========================================
Task Size >> {0=134217728, 1=134217728, 2=86820951}
Update attemptID:attempt_1455066125625_0078_m_000000_0
attempt_1455066125625_0078_m_000000_0:MAP:MAP:0.61005354
CPU/Time : 1.0576762018201782
Written/Time : 4433.13763004597
Add graph Data0.61005354 <> 1.0576762018201782
0.9609882096838184
CPU Intensive
Task Time : 107462
CPU Time : 113660
========================================
Task Size >> {0=134217728, 1=134217728, 2=86820951}
Update attemptID:attempt_1455066125625_0078_m_000001_0
attempt_1455066125625_0078_m_000001_0:MAP:SORT:0.667
CPU/Time : 1.0681525773577571
Written/Time : 4483.1653600155505
Add graph Data0.667 <> 1.0681525773577571
0.958463655976857
CPU Intensive
Task Time : 108037
CPU Time : 115400
========================================
Task Size >> {0=134217728, 1=134217728, 2=86820951}
Update attemptID:attempt_1455066125625_0078_m_000000_0
attempt_1455066125625_0078_m_000000_0:MAP:SORT:0.61005354
CPU/Time : 1.0347778587035688
Written/Time : 4337.161653313911
Add graph Data0.61005354 <> 1.0347778587035688
0.9609882096838184
CPU Intensive
Task Time : 109840
CPU Time : 113660
========================================
Task Size >> {0=134217728, 1=134217728, 2=86820951}
Update attemptID:attempt_1455066125625_0078_m_000002_0
attempt_1455066125625_0078_m_000002_0:MAP:SORT:0.91407526
CPU/Time : 1.0369143312332536
Written/Time : 5555.2893312332535
Add graph Data0.91407526 <> 1.0369143312332536
0.8875281010263911
CPU Intensive
Task Time : 110472
CPU Time : 114550
========================================
Task Size >> {0=134217728, 1=134217728, 2=86820951}
Update attemptID:attempt_1455066125625_0078_m_000000_0
attempt_1455066125625_0078_m_000000_0:MAP:SORT:0.667
CPU/Time : 1.0579340532132329
Written/Time : 4308.3711903340745
Add graph Data0.667 <> 1.0579340532132329
0.9609882096838184
CPU Intensive
Task Time : 110574
CPU Time : 116980
========================================
Task Size >> {0=134217728, 1=134217728, 2=86820951}
Update attemptID:attempt_1455066125625_0078_m_000001_0
attempt_1455066125625_0078_m_000001_0:MAP:SORT:0.667
CPU/Time : 1.0669294172695534
Written/Time : 4358.310261670806
Add graph Data0.667 <> 1.0669294172695534
0.958463655976857
CPU Intensive
Task Time : 111132
CPU Time : 118570
========================================
Task Size >> {0=134217728, 1=134217728, 2=86820951}
Update attemptID:attempt_1455066125625_0078_m_000002_0
attempt_1455066125625_0078_m_000002_0:MAP:SORT:0.9482751
CPU/Time : 1.036699186419188
Written/Time : 5724.808852534075
Add graph Data0.9482751 <> 1.036699186419188
0.8875281010263911
CPU Intensive
Task Time : 113572
CPU Time : 117740
========================================
Task Size >> {0=134217728, 1=134217728, 2=86820951}
Update attemptID:attempt_1455066125625_0078_m_000000_0
attempt_1455066125625_0078_m_000000_0:MAP:SORT:0.667
CPU/Time : 1.0571043996164302
Written/Time : 4191.0620837695415
Add graph Data0.667 <> 1.0571043996164302
0.9609882096838184
CPU Intensive
Task Time : 113669
CPU Time : 120160
========================================
Task Size >> {0=134217728, 1=134217728, 2=86820951}
Update attemptID:attempt_1455066125625_0078_m_000001_0
attempt_1455066125625_0078_m_000001_0:MAP:SORT:0.667
CPU/Time : 1.0657632104212627
Written/Time : 4556.7717372273
Add graph Data0.667 <> 1.0657632104212627
0.958463655976857
CPU Intensive
Task Time : 114228
CPU Time : 121740
========================================
Task Size >> {0=134217728, 1=134217728, 2=86820951}
Update attemptID:attempt_1455066125625_0078_m_000002_0
attempt_1455066125625_0078_m_000002_0:MAP:SORT:0.9813532
CPU/Time : 1.0364008810950263
Written/Time : 5872.247229436116
Add graph Data0.9813532 <> 1.0364008810950263
0.8875281010263911
CPU Intensive
Task Time : 116673
CPU Time : 120920
========================================
Task Size >> {0=134217728, 1=134217728, 2=86820951}
Update attemptID:attempt_1455066125625_0078_m_000000_0
attempt_1455066125625_0078_m_000000_0:MAP:SORT:0.667
CPU/Time : 1.0561745788405374
Written/Time : 4338.893089302079
Add graph Data0.667 <> 1.0561745788405374
0.9609882096838184
CPU Intensive
Task Time : 116761
CPU Time : 123320
========================================
Task Size >> {0=134217728, 1=134217728, 2=86820951}
Update attemptID:attempt_1455066125625_0078_m_000001_0
attempt_1455066125625_0078_m_000001_0:MAP:SORT:0.6673815
CPU/Time : 1.0680488241156378
Written/Time : 4762.449544722787
Add graph Data0.6673815 <> 1.0680488241156378
0.958463655976857
CPU Intensive
Task Time : 117401
CPU Time : 125390
========================================
Task Size >> {0=134217728, 1=134217728, 2=86820951}
Update attemptID:attempt_1455066125625_0078_m_000002_0
attempt_1455066125625_0078_m_000002_0:MAP:SORT:0.9997456
CPU/Time : 1.0299605145628636
Written/Time : 5882.480194672387
Add graph Data0.9997456 <> 1.0299605145628636
0.8875281010263911
CPU Intensive
Task Time : 119791
CPU Time : 123380
========================================
Task Size >> {0=134217728, 1=134217728, 2=86820951}
Update attemptID:attempt_1455066125625_0078_m_000000_0
attempt_1455066125625_0078_m_000000_0:MAP:SORT:0.6698503
CPU/Time : 1.0612759000367022
Written/Time : 4534.94861699643
Add graph Data0.6698503 <> 1.0612759000367022
0.9609882096838184
CPU Intensive
Task Time : 119884
CPU Time : 127230
========================================
Task Size >> {0=134217728, 1=134217728, 2=86820951}
Update attemptID:attempt_1455066125625_0078_m_000002_0
attempt_1455066125625_0078_m_000002_0:MAP:SORT:1.0
CPU/Time : 1.0299033711976318
Written/Time : 5866.930255958222
Add graph Data1.0 <> 1.0299033711976318
0.8875281010263911
CPU Intensive
Task Time : 120254
CPU Time : 123850
========================================
Task Size >> {0=134217728, 1=134217728, 2=86820951}
Task Size >> {0=134217728, 1=134217728, 2=86820951}
Update attemptID:attempt_1455066125625_0078_m_000001_0
attempt_1455066125625_0078_m_000001_0:MAP:SORT:0.6824866
CPU/Time : 1.0692204914563606
Written/Time : 4847.291587482054
Add graph Data0.6824866 <> 1.0692204914563606
0.958463655976857
CPU Intensive
Task Time : 120499
CPU Time : 128840
========================================
Task ID >> task_1455066125625_0078_m_000000 , runningTaskAttemptID >> attempt_1455066125625_0078_m_000000_0
Now >> 1455276051230 taskAttemptStartTime >> 1455275929890 , estimatedRunTime >> 178971 , estimatedEndTime >> 1455276108861
Task ID >> task_1455066125625_0078_m_000001 , runningTaskAttemptID >> attempt_1455066125625_0078_m_000001_0
Now >> 1455276051230 taskAttemptStartTime >> 1455275929886 , estimatedRunTime >> 176558 , estimatedEndTime >> 1455276106444
Task ID >> task_1455066125625_0078_m_000000 , runningTaskAttemptID >> attempt_1455066125625_0078_m_000000_0
Now >> 1455276052244 taskAttemptStartTime >> 1455275929890 , estimatedRunTime >> 178971 , estimatedEndTime >> 1455276108861
Task ID >> task_1455066125625_0078_m_000001 , runningTaskAttemptID >> attempt_1455066125625_0078_m_000001_0
Now >> 1455276052244 taskAttemptStartTime >> 1455275929886 , estimatedRunTime >> 176558 , estimatedEndTime >> 1455276106444
Task Size >> {0=134217728, 1=134217728, 2=86820951}
Update attemptID:attempt_1455066125625_0078_m_000000_0
attempt_1455066125625_0078_m_000000_0:MAP:SORT:0.6892184
CPU/Time : 1.0605740304089764
Written/Time : 4674.001569233271
Add graph Data0.6892184 <> 1.0605740304089764
0.9609882096838184
CPU Intensive
Task Time : 122990
CPU Time : 130440
========================================
Task ID >> task_1455066125625_0078_m_000000 , runningTaskAttemptID >> attempt_1455066125625_0078_m_000000_0
Now >> 1455276053249 taskAttemptStartTime >> 1455275929890 , estimatedRunTime >> 178448 , estimatedEndTime >> 1455276108338
Task ID >> task_1455066125625_0078_m_000001 , runningTaskAttemptID >> attempt_1455066125625_0078_m_000001_0
Now >> 1455276053249 taskAttemptStartTime >> 1455275929886 , estimatedRunTime >> 176558 , estimatedEndTime >> 1455276106444
Task Size >> {0=134217728, 1=134217728, 2=86820951}
Update attemptID:attempt_1455066125625_0078_m_000001_0
attempt_1455066125625_0078_m_000001_0:MAP:SORT:0.69963735
CPU/Time : 1.0683311219701628
Written/Time : 4958.856865473609
Add graph Data0.69963735 <> 1.0683311219701628
0.958463655976857
CPU Intensive
Task Time : 123604
CPU Time : 132050
========================================
Task ID >> task_1455066125625_0078_m_000000 , runningTaskAttemptID >> attempt_1455066125625_0078_m_000000_0
Now >> 1455276054252 taskAttemptStartTime >> 1455275929890 , estimatedRunTime >> 178448 , estimatedEndTime >> 1455276108338
Task ID >> task_1455066125625_0078_m_000001 , runningTaskAttemptID >> attempt_1455066125625_0078_m_000001_0
Now >> 1455276054252 taskAttemptStartTime >> 1455275929886 , estimatedRunTime >> 176668 , estimatedEndTime >> 1455276106554
Task ID >> task_1455066125625_0078_m_000000 , runningTaskAttemptID >> attempt_1455066125625_0078_m_000000_0
Now >> 1455276055257 taskAttemptStartTime >> 1455275929890 , estimatedRunTime >> 178448 , estimatedEndTime >> 1455276108338
Task ID >> task_1455066125625_0078_m_000001 , runningTaskAttemptID >> attempt_1455066125625_0078_m_000001_0
Now >> 1455276055257 taskAttemptStartTime >> 1455275929886 , estimatedRunTime >> 176668 , estimatedEndTime >> 1455276106554
Task Size >> {0=134217728, 1=134217728, 2=86820951}
Update attemptID:attempt_1455066125625_0078_m_000000_0
attempt_1455066125625_0078_m_000000_0:MAP:SORT:0.7077724
CPU/Time : 1.0601578300352936
Written/Time : 4797.403933854146
Add graph Data0.7077724 <> 1.0601578300352936
0.9609882096838184
CPU Intensive
Task Time : 126085
CPU Time : 133670
========================================
Task ID >> task_1455066125625_0078_m_000000 , runningTaskAttemptID >> attempt_1455066125625_0078_m_000000_0
Now >> 1455276056262 taskAttemptStartTime >> 1455275929890 , estimatedRunTime >> 178143 , estimatedEndTime >> 1455276108033
Task ID >> task_1455066125625_0078_m_000001 , runningTaskAttemptID >> attempt_1455066125625_0078_m_000001_0
Now >> 1455276056262 taskAttemptStartTime >> 1455275929886 , estimatedRunTime >> 176668 , estimatedEndTime >> 1455276106554
Task Size >> {0=134217728, 1=134217728, 2=86820951}
Update attemptID:attempt_1455066125625_0078_m_000001_0
attempt_1455066125625_0078_m_000001_0:MAP:SORT:0.7172135
CPU/Time : 1.067702167290177
Written/Time : 5069.290437404303
Add graph Data0.7172135 <> 1.067702167290177
0.958463655976857
CPU Intensive
Task Time : 126702
CPU Time : 135280
========================================
Task ID >> task_1455066125625_0078_m_000000 , runningTaskAttemptID >> attempt_1455066125625_0078_m_000000_0
Now >> 1455276057264 taskAttemptStartTime >> 1455275929890 , estimatedRunTime >> 178143 , estimatedEndTime >> 1455276108033
Task ID >> task_1455066125625_0078_m_000001 , runningTaskAttemptID >> attempt_1455066125625_0078_m_000001_0
Now >> 1455276057264 taskAttemptStartTime >> 1455275929886 , estimatedRunTime >> 176658 , estimatedEndTime >> 1455276106544
Task ID >> task_1455066125625_0078_m_000000 , runningTaskAttemptID >> attempt_1455066125625_0078_m_000000_0
Now >> 1455276058270 taskAttemptStartTime >> 1455275929890 , estimatedRunTime >> 178143 , estimatedEndTime >> 1455276108033
Task ID >> task_1455066125625_0078_m_000001 , runningTaskAttemptID >> attempt_1455066125625_0078_m_000001_0
Now >> 1455276058270 taskAttemptStartTime >> 1455275929886 , estimatedRunTime >> 176658 , estimatedEndTime >> 1455276106544
Task Size >> {0=134217728, 1=134217728, 2=86820951}
Update attemptID:attempt_1455066125625_0078_m_000000_0
attempt_1455066125625_0078_m_000000_0:MAP:SORT:0.72770375
CPU/Time : 1.0601874424400022
Written/Time : 4929.50789007298
Add graph Data0.72770375 <> 1.0601874424400022
0.9609882096838184
CPU Intensive
Task Time : 129213
CPU Time : 136990
========================================
Task ID >> task_1455066125625_0078_m_000000 , runningTaskAttemptID >> attempt_1455066125625_0078_m_000000_0
Now >> 1455276059275 taskAttemptStartTime >> 1455275929890 , estimatedRunTime >> 177562 , estimatedEndTime >> 1455276107452
Task ID >> task_1455066125625_0078_m_000001 , runningTaskAttemptID >> attempt_1455066125625_0078_m_000001_0
Now >> 1455276059275 taskAttemptStartTime >> 1455275929886 , estimatedRunTime >> 176658 , estimatedEndTime >> 1455276106544
Task Size >> {0=134217728, 1=134217728, 2=86820951}
Update attemptID:attempt_1455066125625_0078_m_000001_0
attempt_1455066125625_0078_m_000001_0:MAP:SORT:0.73443234
CPU/Time : 1.0676874730420851
Written/Time : 5167.327946885205
Add graph Data0.73443234 <> 1.0676874730420851
0.958463655976857
CPU Intensive
Task Time : 129832
CPU Time : 138620
========================================
Task ID >> task_1455066125625_0078_m_000000 , runningTaskAttemptID >> attempt_1455066125625_0078_m_000000_0
Now >> 1455276060281 taskAttemptStartTime >> 1455275929890 , estimatedRunTime >> 177562 , estimatedEndTime >> 1455276107452
Task ID >> task_1455066125625_0078_m_000001 , runningTaskAttemptID >> attempt_1455066125625_0078_m_000001_0
Now >> 1455276060281 taskAttemptStartTime >> 1455275929886 , estimatedRunTime >> 176778 , estimatedEndTime >> 1455276106664
Task ID >> task_1455066125625_0078_m_000000 , runningTaskAttemptID >> attempt_1455066125625_0078_m_000000_0
Now >> 1455276061286 taskAttemptStartTime >> 1455275929890 , estimatedRunTime >> 177562 , estimatedEndTime >> 1455276107452
Task ID >> task_1455066125625_0078_m_000001 , runningTaskAttemptID >> attempt_1455066125625_0078_m_000001_0
Now >> 1455276061286 taskAttemptStartTime >> 1455275929886 , estimatedRunTime >> 176778 , estimatedEndTime >> 1455276106664
Task Size >> {0=134217728, 1=134217728, 2=86820951}
Update attemptID:attempt_1455066125625_0078_m_000000_0
attempt_1455066125625_0078_m_000000_0:MAP:SORT:0.74646914
CPU/Time : 1.0608660161593868
Written/Time : 5046.281579961756
Add graph Data0.74646914 <> 1.0608660161593868
0.9609882096838184
CPU Intensive
Task Time : 132307
CPU Time : 140360
========================================
Task ID >> task_1455066125625_0078_m_000000 , runningTaskAttemptID >> attempt_1455066125625_0078_m_000000_0
Now >> 1455276062292 taskAttemptStartTime >> 1455275929890 , estimatedRunTime >> 177243 , estimatedEndTime >> 1455276107133
Task ID >> task_1455066125625_0078_m_000001 , runningTaskAttemptID >> attempt_1455066125625_0078_m_000001_0
Now >> 1455276062292 taskAttemptStartTime >> 1455275929886 , estimatedRunTime >> 176778 , estimatedEndTime >> 1455276106664
Task Size >> {0=134217728, 1=134217728, 2=86820951}
Update attemptID:attempt_1455066125625_0078_m_000001_0
attempt_1455066125625_0078_m_000001_0:MAP:SORT:0.7518308
CPU/Time : 1.068543230678963
Written/Time : 5268.502911131505
Add graph Data0.7518308 <> 1.068543230678963
0.958463655976857
CPU Intensive
Task Time : 132938
CPU Time : 142050
========================================
Task ID >> task_1455066125625_0078_m_000000 , runningTaskAttemptID >> attempt_1455066125625_0078_m_000000_0
Now >> 1455276063297 taskAttemptStartTime >> 1455275929890 , estimatedRunTime >> 177243 , estimatedEndTime >> 1455276107133
Task ID >> task_1455066125625_0078_m_000001 , runningTaskAttemptID >> attempt_1455066125625_0078_m_000001_0
Now >> 1455276063297 taskAttemptStartTime >> 1455275929886 , estimatedRunTime >> 176819 , estimatedEndTime >> 1455276106705
Task ID >> task_1455066125625_0078_m_000000 , runningTaskAttemptID >> attempt_1455066125625_0078_m_000000_0
Now >> 1455276064303 taskAttemptStartTime >> 1455275929890 , estimatedRunTime >> 177243 , estimatedEndTime >> 1455276107133
Task ID >> task_1455066125625_0078_m_000001 , runningTaskAttemptID >> attempt_1455066125625_0078_m_000001_0
Now >> 1455276064303 taskAttemptStartTime >> 1455275929886 , estimatedRunTime >> 176819 , estimatedEndTime >> 1455276106705
Task Size >> {0=134217728, 1=134217728, 2=86820951}
Update attemptID:attempt_1455066125625_0078_m_000000_0
attempt_1455066125625_0078_m_000000_0:MAP:SORT:0.7639876
CPU/Time : 1.0588704495601888
Written/Time : 5140.731349566836
Add graph Data0.7639876 <> 1.0588704495601888
0.9609882096838184
CPU Intensive
Task Time : 135399
CPU Time : 143370
========================================
Task ID >> task_1455066125625_0078_m_000000 , runningTaskAttemptID >> attempt_1455066125625_0078_m_000000_0
Now >> 1455276065308 taskAttemptStartTime >> 1455275929890 , estimatedRunTime >> 177226 , estimatedEndTime >> 1455276107116
Task ID >> task_1455066125625_0078_m_000001 , runningTaskAttemptID >> attempt_1455066125625_0078_m_000001_0
Now >> 1455276065308 taskAttemptStartTime >> 1455275929886 , estimatedRunTime >> 176819 , estimatedEndTime >> 1455276106705
Task Size >> {0=134217728, 1=134217728, 2=86820951}
Update attemptID:attempt_1455066125625_0078_m_000001_0
attempt_1455066125625_0078_m_000001_0:MAP:SORT:0.7739215
CPU/Time : 1.0675008086570412
Written/Time : 5419.723299614785
Add graph Data0.7739215 <> 1.0675008086570412
0.958463655976857
CPU Intensive
Task Time : 136028
CPU Time : 145210
========================================
Task ID >> task_1455066125625_0078_m_000000 , runningTaskAttemptID >> attempt_1455066125625_0078_m_000000_0
Now >> 1455276066310 taskAttemptStartTime >> 1455275929890 , estimatedRunTime >> 177226 , estimatedEndTime >> 1455276107116
Task ID >> task_1455066125625_0078_m_000001 , runningTaskAttemptID >> attempt_1455066125625_0078_m_000001_0
Now >> 1455276066310 taskAttemptStartTime >> 1455275929886 , estimatedRunTime >> 175764 , estimatedEndTime >> 1455276105650
Task ID >> task_1455066125625_0078_m_000000 , runningTaskAttemptID >> attempt_1455066125625_0078_m_000000_0
Now >> 1455276067315 taskAttemptStartTime >> 1455275929890 , estimatedRunTime >> 177226 , estimatedEndTime >> 1455276107116
Task ID >> task_1455066125625_0078_m_000001 , runningTaskAttemptID >> attempt_1455066125625_0078_m_000001_0
Now >> 1455276067315 taskAttemptStartTime >> 1455275929886 , estimatedRunTime >> 175764 , estimatedEndTime >> 1455276105650
Task ID >> task_1455066125625_0078_m_000000 , runningTaskAttemptID >> attempt_1455066125625_0078_m_000000_0
Now >> 1455276068321 taskAttemptStartTime >> 1455275929890 , estimatedRunTime >> 177226 , estimatedEndTime >> 1455276107116
Task ID >> task_1455066125625_0078_m_000001 , runningTaskAttemptID >> attempt_1455066125625_0078_m_000001_0
Now >> 1455276068321 taskAttemptStartTime >> 1455275929886 , estimatedRunTime >> 175764 , estimatedEndTime >> 1455276105650
Task Size >> {0=134217728, 1=134217728, 2=86820951}
Update attemptID:attempt_1455066125625_0078_m_000000_0
attempt_1455066125625_0078_m_000000_0:MAP:SORT:0.78363526
CPU/Time : 1.0584871741186492
Written/Time : 5254.155571118123
Add graph Data0.78363526 <> 1.0584871741186492
0.9609882096838184
CPU Intensive
Task Time : 138509
CPU Time : 146610
========================================
Task Size >> {0=134217728, 1=134217728, 2=86820951}
Update attemptID:attempt_1455066125625_0078_m_000001_0
attempt_1455066125625_0078_m_000001_0:MAP:SORT:0.7938051
CPU/Time : 1.0666082131922785
Written/Time : 5540.598367135732
Add graph Data0.7938051 <> 1.0666082131922785
0.958463655976857
CPU Intensive
Task Time : 139142
CPU Time : 148410
========================================
Task ID >> task_1455066125625_0078_m_000000 , runningTaskAttemptID >> attempt_1455066125625_0078_m_000000_0
Now >> 1455276069327 taskAttemptStartTime >> 1455275929890 , estimatedRunTime >> 176751 , estimatedEndTime >> 1455276106641
Task ID >> task_1455066125625_0078_m_000001 , runningTaskAttemptID >> attempt_1455066125625_0078_m_000001_0
Now >> 1455276069327 taskAttemptStartTime >> 1455275929886 , estimatedRunTime >> 175284 , estimatedEndTime >> 1455276105170
Task ID >> task_1455066125625_0078_m_000000 , runningTaskAttemptID >> attempt_1455066125625_0078_m_000000_0
Now >> 1455276070332 taskAttemptStartTime >> 1455275929890 , estimatedRunTime >> 176751 , estimatedEndTime >> 1455276106641
Task ID >> task_1455066125625_0078_m_000001 , runningTaskAttemptID >> attempt_1455066125625_0078_m_000001_0
Now >> 1455276070332 taskAttemptStartTime >> 1455275929886 , estimatedRunTime >> 175284 , estimatedEndTime >> 1455276105170
Task ID >> task_1455066125625_0078_m_000000 , runningTaskAttemptID >> attempt_1455066125625_0078_m_000000_0
Now >> 1455276071338 taskAttemptStartTime >> 1455275929890 , estimatedRunTime >> 176751 , estimatedEndTime >> 1455276106641
Task ID >> task_1455066125625_0078_m_000001 , runningTaskAttemptID >> attempt_1455066125625_0078_m_000001_0
Now >> 1455276071338 taskAttemptStartTime >> 1455275929886 , estimatedRunTime >> 175284 , estimatedEndTime >> 1455276105170
Task Size >> {0=134217728, 1=134217728, 2=86820951}
Update attemptID:attempt_1455066125625_0078_m_000000_0
attempt_1455066125625_0078_m_000000_0:MAP:SORT:0.80148935
CPU/Time : 1.0577608915191277
Written/Time : 5344.948157145783
Add graph Data0.80148935 <> 1.0577608915191277
0.9609882096838184
CPU Intensive
Task Time : 141601
CPU Time : 149780
========================================
Task Size >> {0=134217728, 1=134217728, 2=86820951}
Update attemptID:attempt_1455066125625_0078_m_000001_0
attempt_1455066125625_0078_m_000001_0:MAP:SORT:0.8272014
CPU/Time : 1.066183965414221
Written/Time : 5810.916607500615
Add graph Data0.8272014 <> 1.066183965414221
0.958463655976857
CPU Intensive
Task Time : 142255
CPU Time : 151670
========================================
Task ID >> task_1455066125625_0078_m_000000 , runningTaskAttemptID >> attempt_1455066125625_0078_m_000000_0
Now >> 1455276072343 taskAttemptStartTime >> 1455275929890 , estimatedRunTime >> 176672 , estimatedEndTime >> 1455276106562
Task ID >> task_1455066125625_0078_m_000001 , runningTaskAttemptID >> attempt_1455066125625_0078_m_000001_0
Now >> 1455276072343 taskAttemptStartTime >> 1455275929886 , estimatedRunTime >> 171971 , estimatedEndTime >> 1455276101857
Task Size >> {0=134217728, 1=134217728, 2=86820951}
Task ID >> task_1455066125625_0078_m_000000 , runningTaskAttemptID >> attempt_1455066125625_0078_m_000000_0
Now >> 1455276073348 taskAttemptStartTime >> 1455275929890 , estimatedRunTime >> 176672 , estimatedEndTime >> 1455276106562
Task ID >> task_1455066125625_0078_m_000001 , runningTaskAttemptID >> attempt_1455066125625_0078_m_000001_0
Now >> 1455276073348 taskAttemptStartTime >> 1455275929886 , estimatedRunTime >> 171971 , estimatedEndTime >> 1455276101857
Task ID >> task_1455066125625_0078_m_000000 , runningTaskAttemptID >> attempt_1455066125625_0078_m_000000_0
Now >> 1455276074354 taskAttemptStartTime >> 1455275929890 , estimatedRunTime >> 176672 , estimatedEndTime >> 1455276106562
Task ID >> task_1455066125625_0078_m_000001 , runningTaskAttemptID >> attempt_1455066125625_0078_m_000001_0
Now >> 1455276074354 taskAttemptStartTime >> 1455275929886 , estimatedRunTime >> 171971 , estimatedEndTime >> 1455276101857
Task Size >> {0=134217728, 1=134217728, 2=86820951}
Update attemptID:attempt_1455066125625_0078_m_000000_0
attempt_1455066125625_0078_m_000000_0:MAP:SORT:0.82204545
CPU/Time : 1.0571533235186374
Written/Time : 5460.3951382697105
Add graph Data0.82204545 <> 1.0571533235186374
0.9609882096838184
CPU Intensive
Task Time : 144681
CPU Time : 152950
========================================
Task Size >> {0=134217728, 1=134217728, 2=86820951}
Update attemptID:attempt_1455066125625_0078_m_000001_0
attempt_1455066125625_0078_m_000001_0:MAP:SORT:0.8469132
CPU/Time : 1.065273181370964
Written/Time : 5917.094521235973
Add graph Data0.8469132 <> 1.065273181370964
0.958463655976857
CPU Intensive
Task Time : 145343
CPU Time : 154830
========================================
Task ID >> task_1455066125625_0078_m_000000 , runningTaskAttemptID >> attempt_1455066125625_0078_m_000000_0
Now >> 1455276075361 taskAttemptStartTime >> 1455275929890 , estimatedRunTime >> 176001 , estimatedEndTime >> 1455276105891
Task ID >> task_1455066125625_0078_m_000001 , runningTaskAttemptID >> attempt_1455066125625_0078_m_000001_0
Now >> 1455276075361 taskAttemptStartTime >> 1455275929886 , estimatedRunTime >> 171614 , estimatedEndTime >> 1455276101500
Task Size >> {0=134217728, 1=134217728, 2=86820951}
Task ID >> task_1455066125625_0078_m_000000 , runningTaskAttemptID >> attempt_1455066125625_0078_m_000000_0
Now >> 1455276076366 taskAttemptStartTime >> 1455275929890 , estimatedRunTime >> 176001 , estimatedEndTime >> 1455276105891
Task ID >> task_1455066125625_0078_m_000001 , runningTaskAttemptID >> attempt_1455066125625_0078_m_000001_0
Now >> 1455276076366 taskAttemptStartTime >> 1455275929886 , estimatedRunTime >> 171614 , estimatedEndTime >> 1455276101500
Task ID >> task_1455066125625_0078_m_000000 , runningTaskAttemptID >> attempt_1455066125625_0078_m_000000_0
Now >> 1455276077368 taskAttemptStartTime >> 1455275929890 , estimatedRunTime >> 176001 , estimatedEndTime >> 1455276105891
Task ID >> task_1455066125625_0078_m_000001 , runningTaskAttemptID >> attempt_1455066125625_0078_m_000001_0
Now >> 1455276077368 taskAttemptStartTime >> 1455275929886 , estimatedRunTime >> 171614 , estimatedEndTime >> 1455276101500
Task Size >> {0=134217728, 1=134217728, 2=86820951}
Update attemptID:attempt_1455066125625_0078_m_000000_0
attempt_1455066125625_0078_m_000000_0:MAP:SORT:0.8427191
CPU/Time : 1.056040170807138
Written/Time : 5571.303243576122
Add graph Data0.8427191 <> 1.056040170807138
0.9609882096838184
CPU Intensive
Task Time : 147769
CPU Time : 156050
========================================
Task Size >> {0=134217728, 1=134217728, 2=86820951}
Update attemptID:attempt_1455066125625_0078_m_000001_0
attempt_1455066125625_0078_m_000001_0:MAP:SORT:0.8667593
CPU/Time : 1.06435443447328
Written/Time : 6017.939640768588
Add graph Data0.8667593 <> 1.06435443447328
0.958463655976857
CPU Intensive
Task Time : 148428
CPU Time : 157980
========================================
Task ID >> task_1455066125625_0078_m_000000 , runningTaskAttemptID >> attempt_1455066125625_0078_m_000000_0
Now >> 1455276078375 taskAttemptStartTime >> 1455275929890 , estimatedRunTime >> 175347 , estimatedEndTime >> 1455276105237
Task ID >> task_1455066125625_0078_m_000001 , runningTaskAttemptID >> attempt_1455066125625_0078_m_000001_0
Now >> 1455276078375 taskAttemptStartTime >> 1455275929886 , estimatedRunTime >> 171244 , estimatedEndTime >> 1455276101130
Task Size >> {0=134217728, 1=134217728, 2=86820951}
Task ID >> task_1455066125625_0078_m_000000 , runningTaskAttemptID >> attempt_1455066125625_0078_m_000000_0
Now >> 1455276079377 taskAttemptStartTime >> 1455275929890 , estimatedRunTime >> 175347 , estimatedEndTime >> 1455276105237
Task ID >> task_1455066125625_0078_m_000001 , runningTaskAttemptID >> attempt_1455066125625_0078_m_000001_0
Now >> 1455276079377 taskAttemptStartTime >> 1455275929886 , estimatedRunTime >> 171244 , estimatedEndTime >> 1455276101130
Task ID >> task_1455066125625_0078_m_000000 , runningTaskAttemptID >> attempt_1455066125625_0078_m_000000_0
Now >> 1455276080382 taskAttemptStartTime >> 1455275929890 , estimatedRunTime >> 175347 , estimatedEndTime >> 1455276105237
Task ID >> task_1455066125625_0078_m_000001 , runningTaskAttemptID >> attempt_1455066125625_0078_m_000001_0
Now >> 1455276080382 taskAttemptStartTime >> 1455275929886 , estimatedRunTime >> 171244 , estimatedEndTime >> 1455276101130
Task Size >> {0=134217728, 1=134217728, 2=86820951}
Update attemptID:attempt_1455066125625_0078_m_000000_0
attempt_1455066125625_0078_m_000000_0:MAP:SORT:0.86074007
CPU/Time : 1.054463255863285
Written/Time : 5653.398550916781
Add graph Data0.86074007 <> 1.054463255863285
0.9609882096838184
CPU Intensive
Task Time : 150854
CPU Time : 159070
========================================
Task ID >> task_1455066125625_0078_m_000000 , runningTaskAttemptID >> attempt_1455066125625_0078_m_000000_0
Now >> 1455276081387 taskAttemptStartTime >> 1455275929890 , estimatedRunTime >> 175260 , estimatedEndTime >> 1455276105150
Task ID >> task_1455066125625_0078_m_000001 , runningTaskAttemptID >> attempt_1455066125625_0078_m_000001_0
Now >> 1455276081387 taskAttemptStartTime >> 1455275929886 , estimatedRunTime >> 171244 , estimatedEndTime >> 1455276101130
Task Size >> {0=134217728, 1=134217728, 2=86820951}
Update attemptID:attempt_1455066125625_0078_m_000001_0
attempt_1455066125625_0078_m_000001_0:MAP:SORT:0.886061
CPU/Time : 1.0635770243603029
Written/Time : 6108.64955087548
Add graph Data0.886061 <> 1.0635770243603029
0.958463655976857
CPU Intensive
Task Time : 151517
CPU Time : 161150
========================================
Task ID >> task_1455066125625_0078_m_000000 , runningTaskAttemptID >> attempt_1455066125625_0078_m_000000_0
Now >> 1455276082390 taskAttemptStartTime >> 1455275929890 , estimatedRunTime >> 175260 , estimatedEndTime >> 1455276105150
Task ID >> task_1455066125625_0078_m_000001 , runningTaskAttemptID >> attempt_1455066125625_0078_m_000001_0
Now >> 1455276082390 taskAttemptStartTime >> 1455275929886 , estimatedRunTime >> 171000 , estimatedEndTime >> 1455276100886
Task Size >> {0=134217728, 1=134217728, 2=86820951}
Task ID >> task_1455066125625_0078_m_000000 , runningTaskAttemptID >> attempt_1455066125625_0078_m_000000_0
Now >> 1455276083395 taskAttemptStartTime >> 1455275929890 , estimatedRunTime >> 175260 , estimatedEndTime >> 1455276105150
Task ID >> task_1455066125625_0078_m_000001 , runningTaskAttemptID >> attempt_1455066125625_0078_m_000001_0
Now >> 1455276083395 taskAttemptStartTime >> 1455275929886 , estimatedRunTime >> 171000 , estimatedEndTime >> 1455276100886
Task Size >> {0=134217728, 1=134217728, 2=86820951}
Update attemptID:attempt_1455066125625_0078_m_000000_0
attempt_1455066125625_0078_m_000000_0:MAP:SORT:0.87354755
CPU/Time : 1.0492127007223406
Written/Time : 5679.421029725095
Add graph Data0.87354755 <> 1.0492127007223406
0.9609882096838184
CPU Intensive
Task Time : 153944
CPU Time : 161520
========================================
Task ID >> task_1455066125625_0078_m_000000 , runningTaskAttemptID >> attempt_1455066125625_0078_m_000000_0
Now >> 1455276084400 taskAttemptStartTime >> 1455275929890 , estimatedRunTime >> 176228 , estimatedEndTime >> 1455276106118
Task ID >> task_1455066125625_0078_m_000001 , runningTaskAttemptID >> attempt_1455066125625_0078_m_000001_0
Now >> 1455276084400 taskAttemptStartTime >> 1455275929886 , estimatedRunTime >> 171000 , estimatedEndTime >> 1455276100886
Task Size >> {0=134217728, 1=134217728, 2=86820951}
Update attemptID:attempt_1455066125625_0078_m_000001_0
attempt_1455066125625_0078_m_000001_0:MAP:SORT:0.90024453
CPU/Time : 1.0572650180792642
Written/Time : 6142.2007154084495
Add graph Data0.90024453 <> 1.0572650180792642
0.958463655976857
CPU Intensive
Task Time : 154597
CPU Time : 163450
========================================
Task ID >> task_1455066125625_0078_m_000000 , runningTaskAttemptID >> attempt_1455066125625_0078_m_000000_0
Now >> 1455276085405 taskAttemptStartTime >> 1455275929890 , estimatedRunTime >> 176228 , estimatedEndTime >> 1455276106118
Task ID >> task_1455066125625_0078_m_000001 , runningTaskAttemptID >> attempt_1455066125625_0078_m_000001_0
Now >> 1455276085405 taskAttemptStartTime >> 1455275929886 , estimatedRunTime >> 171727 , estimatedEndTime >> 1455276101613
Task Size >> {0=134217728, 1=134217728, 2=86820951}
Task ID >> task_1455066125625_0078_m_000000 , runningTaskAttemptID >> attempt_1455066125625_0078_m_000000_0
Now >> 1455276086410 taskAttemptStartTime >> 1455275929890 , estimatedRunTime >> 176228 , estimatedEndTime >> 1455276106118
Task ID >> task_1455066125625_0078_m_000001 , runningTaskAttemptID >> attempt_1455066125625_0078_m_000001_0
Now >> 1455276086410 taskAttemptStartTime >> 1455275929886 , estimatedRunTime >> 171727 , estimatedEndTime >> 1455276101613
Task Size >> {0=134217728, 1=134217728, 2=86820951}
Update attemptID:attempt_1455066125625_0078_m_000000_0
attempt_1455066125625_0078_m_000000_0:MAP:SORT:0.8884802
CPU/Time : 1.0475705279246004
Written/Time : 5718.296968732089
Add graph Data0.8884802 <> 1.0475705279246004
0.9609882096838184
CPU Intensive
Task Time : 157030
CPU Time : 164500
========================================
Task ID >> task_1455066125625_0078_m_000000 , runningTaskAttemptID >> attempt_1455066125625_0078_m_000000_0
Now >> 1455276087415 taskAttemptStartTime >> 1455275929890 , estimatedRunTime >> 176740 , estimatedEndTime >> 1455276106630
Task ID >> task_1455066125625_0078_m_000001 , runningTaskAttemptID >> attempt_1455066125625_0078_m_000001_0
Now >> 1455276087415 taskAttemptStartTime >> 1455275929886 , estimatedRunTime >> 171727 , estimatedEndTime >> 1455276101613
Task Size >> {0=134217728, 1=134217728, 2=86820951}
Update attemptID:attempt_1455066125625_0078_m_000001_0
attempt_1455066125625_0078_m_000001_0:MAP:SORT:0.9192339
CPU/Time : 1.0566068846553867
Written/Time : 6223.30403845666
Add graph Data0.9192339 <> 1.0566068846553867
0.958463655976857
CPU Intensive
Task Time : 157684
CPU Time : 166610
========================================
Task ID >> task_1455066125625_0078_m_000000 , runningTaskAttemptID >> attempt_1455066125625_0078_m_000000_0
Now >> 1455276088420 taskAttemptStartTime >> 1455275929890 , estimatedRunTime >> 176740 , estimatedEndTime >> 1455276106630
Task ID >> task_1455066125625_0078_m_000001 , runningTaskAttemptID >> attempt_1455066125625_0078_m_000001_0
Now >> 1455276088420 taskAttemptStartTime >> 1455275929886 , estimatedRunTime >> 171538 , estimatedEndTime >> 1455276101424
Task Size >> {0=134217728, 1=134217728, 2=86820951}
Task ID >> task_1455066125625_0078_m_000000 , runningTaskAttemptID >> attempt_1455066125625_0078_m_000000_0
Now >> 1455276089425 taskAttemptStartTime >> 1455275929890 , estimatedRunTime >> 176740 , estimatedEndTime >> 1455276106630
Task ID >> task_1455066125625_0078_m_000001 , runningTaskAttemptID >> attempt_1455066125625_0078_m_000001_0
Now >> 1455276089425 taskAttemptStartTime >> 1455275929886 , estimatedRunTime >> 171538 , estimatedEndTime >> 1455276101424
Task Size >> {0=134217728, 1=134217728, 2=86820951}
Update attemptID:attempt_1455066125625_0078_m_000000_0
attempt_1455066125625_0078_m_000000_0:MAP:SORT:0.9046916
CPU/Time : 1.0470730046904373
Written/Time : 5772.106662169843
Add graph Data0.9046916 <> 1.0470730046904373
0.9609882096838184
CPU Intensive
Task Time : 160113
CPU Time : 167650
========================================
Task ID >> task_1455066125625_0078_m_000000 , runningTaskAttemptID >> attempt_1455066125625_0078_m_000000_0
Now >> 1455276090430 taskAttemptStartTime >> 1455275929890 , estimatedRunTime >> 176980 , estimatedEndTime >> 1455276106870
Task ID >> task_1455066125625_0078_m_000001 , runningTaskAttemptID >> attempt_1455066125625_0078_m_000001_0
Now >> 1455276090430 taskAttemptStartTime >> 1455275929886 , estimatedRunTime >> 171538 , estimatedEndTime >> 1455276101424
Task Size >> {0=134217728, 1=134217728, 2=86820951}
Update attemptID:attempt_1455066125625_0078_m_000001_0
attempt_1455066125625_0078_m_000001_0:MAP:SORT:0.93680084
CPU/Time : 1.055836489957891
Written/Time : 6287.7645375778275
Add graph Data0.93680084 <> 1.055836489957891
0.958463655976857
CPU Intensive
Task Time : 160773
CPU Time : 169750
========================================
Task ID >> task_1455066125625_0078_m_000000 , runningTaskAttemptID >> attempt_1455066125625_0078_m_000000_0
Now >> 1455276091434 taskAttemptStartTime >> 1455275929890 , estimatedRunTime >> 176980 , estimatedEndTime >> 1455276106870
Task ID >> task_1455066125625_0078_m_000001 , runningTaskAttemptID >> attempt_1455066125625_0078_m_000001_0
Now >> 1455276091434 taskAttemptStartTime >> 1455275929886 , estimatedRunTime >> 171619 , estimatedEndTime >> 1455276101505
Task Size >> {0=134217728, 1=134217728, 2=86820951}
Task ID >> task_1455066125625_0078_m_000000 , runningTaskAttemptID >> attempt_1455066125625_0078_m_000000_0
Now >> 1455276092439 taskAttemptStartTime >> 1455275929890 , estimatedRunTime >> 176980 , estimatedEndTime >> 1455276106870
Task ID >> task_1455066125625_0078_m_000001 , runningTaskAttemptID >> attempt_1455066125625_0078_m_000001_0
Now >> 1455276092439 taskAttemptStartTime >> 1455275929886 , estimatedRunTime >> 171619 , estimatedEndTime >> 1455276101505
Task Size >> {0=134217728, 1=134217728, 2=86820951}
Update attemptID:attempt_1455066125625_0078_m_000000_0
attempt_1455066125625_0078_m_000000_0:MAP:SORT:0.9205764
CPU/Time : 1.0465878661985208
Written/Time : 5820.8772710282665
Add graph Data0.9205764 <> 1.0465878661985208
0.9609882096838184
CPU Intensive
Task Time : 163197
CPU Time : 170800
========================================
Task ID >> task_1455066125625_0078_m_000000 , runningTaskAttemptID >> attempt_1455066125625_0078_m_000000_0
Now >> 1455276093444 taskAttemptStartTime >> 1455275929890 , estimatedRunTime >> 177276 , estimatedEndTime >> 1455276107166
Task ID >> task_1455066125625_0078_m_000001 , runningTaskAttemptID >> attempt_1455066125625_0078_m_000001_0
Now >> 1455276093444 taskAttemptStartTime >> 1455275929886 , estimatedRunTime >> 171619 , estimatedEndTime >> 1455276101505
Task Size >> {0=134217728, 1=134217728, 2=86820951}
Update attemptID:attempt_1455066125625_0078_m_000001_0
attempt_1455066125625_0078_m_000001_0:MAP:SORT:0.95361793
CPU/Time : 1.055201245003204
Written/Time : 6341.809258185591
Add graph Data0.95361793 <> 1.055201245003204
0.958463655976857
CPU Intensive
Task Time : 163855
CPU Time : 172900
========================================
Task ID >> task_1455066125625_0078_m_000000 , runningTaskAttemptID >> attempt_1455066125625_0078_m_000000_0
Now >> 1455276094448 taskAttemptStartTime >> 1455275929890 , estimatedRunTime >> 177276 , estimatedEndTime >> 1455276107166
Task ID >> task_1455066125625_0078_m_000001 , runningTaskAttemptID >> attempt_1455066125625_0078_m_000001_0
Now >> 1455276094448 taskAttemptStartTime >> 1455275929886 , estimatedRunTime >> 171824 , estimatedEndTime >> 1455276101710
Task Size >> {0=134217728, 1=134217728, 2=86820951}
Task ID >> task_1455066125625_0078_m_000000 , runningTaskAttemptID >> attempt_1455066125625_0078_m_000000_0
Now >> 1455276095454 taskAttemptStartTime >> 1455275929890 , estimatedRunTime >> 177276 , estimatedEndTime >> 1455276107166
Task ID >> task_1455066125625_0078_m_000001 , runningTaskAttemptID >> attempt_1455066125625_0078_m_000001_0
Now >> 1455276095454 taskAttemptStartTime >> 1455275929886 , estimatedRunTime >> 171824 , estimatedEndTime >> 1455276101710
Task Size >> {0=134217728, 1=134217728, 2=86820951}
Update attemptID:attempt_1455066125625_0078_m_000000_0
attempt_1455066125625_0078_m_000000_0:MAP:SORT:0.9364681
CPU/Time : 1.0460130262991718
Written/Time : 5868.2791573199265
Add graph Data0.9364681 <> 1.0460130262991718
0.9609882096838184
CPU Intensive
Task Time : 166279
CPU Time : 173930
========================================
Task ID >> task_1455066125625_0078_m_000000 , runningTaskAttemptID >> attempt_1455066125625_0078_m_000000_0
Now >> 1455276096460 taskAttemptStartTime >> 1455275929890 , estimatedRunTime >> 177559 , estimatedEndTime >> 1455276107449
Task ID >> task_1455066125625_0078_m_000001 , runningTaskAttemptID >> attempt_1455066125625_0078_m_000001_0
Now >> 1455276096460 taskAttemptStartTime >> 1455275929886 , estimatedRunTime >> 171824 , estimatedEndTime >> 1455276101710
Task Size >> {0=134217728, 1=134217728, 2=86820951}
Update attemptID:attempt_1455066125625_0078_m_000001_0
attempt_1455066125625_0078_m_000001_0:MAP:SORT:0.97160196
CPU/Time : 1.0545106026117168
Written/Time : 6405.16344794537
Add graph Data0.97160196 <> 1.0545106026117168
0.958463655976857
CPU Intensive
Task Time : 166940
CPU Time : 176040
========================================
Task ID >> task_1455066125625_0078_m_000000 , runningTaskAttemptID >> attempt_1455066125625_0078_m_000000_0
Now >> 1455276097466 taskAttemptStartTime >> 1455275929890 , estimatedRunTime >> 177559 , estimatedEndTime >> 1455276107449
Task ID >> task_1455066125625_0078_m_000001 , runningTaskAttemptID >> attempt_1455066125625_0078_m_000001_0
Now >> 1455276097466 taskAttemptStartTime >> 1455275929886 , estimatedRunTime >> 171819 , estimatedEndTime >> 1455276101705
Task Size >> {0=134217728, 1=134217728, 2=86820951}
Task ID >> task_1455066125625_0078_m_000000 , runningTaskAttemptID >> attempt_1455066125625_0078_m_000000_0
Now >> 1455276098471 taskAttemptStartTime >> 1455275929890 , estimatedRunTime >> 177559 , estimatedEndTime >> 1455276107449
Task ID >> task_1455066125625_0078_m_000001 , runningTaskAttemptID >> attempt_1455066125625_0078_m_000001_0
Now >> 1455276098471 taskAttemptStartTime >> 1455275929886 , estimatedRunTime >> 171819 , estimatedEndTime >> 1455276101705
Task Size >> {0=134217728, 1=134217728, 2=86820951}
Update attemptID:attempt_1455066125625_0078_m_000000_0
attempt_1455066125625_0078_m_000000_0:MAP:SORT:0.95253646
CPU/Time : 1.0459233371312526
Written/Time : 5913.161454858877
Add graph Data0.95253646 <> 1.0459233371312526
0.9609882096838184
CPU Intensive
Task Time : 169391
CPU Time : 177170
========================================
Task ID >> task_1455066125625_0078_m_000000 , runningTaskAttemptID >> attempt_1455066125625_0078_m_000000_0
Now >> 1455276099476 taskAttemptStartTime >> 1455275929890 , estimatedRunTime >> 177831 , estimatedEndTime >> 1455276107721
Task ID >> task_1455066125625_0078_m_000001 , runningTaskAttemptID >> attempt_1455066125625_0078_m_000001_0
Now >> 1455276099476 taskAttemptStartTime >> 1455275929886 , estimatedRunTime >> 171819 , estimatedEndTime >> 1455276101705
Task Size >> {0=134217728, 1=134217728, 2=86820951}
Update attemptID:attempt_1455066125625_0078_m_000001_0
attempt_1455066125625_0078_m_000001_0:MAP:SORT:0.9869542
CPU/Time : 1.0538048017315407
Written/Time : 6441.042859159403
Add graph Data0.9869542 <> 1.0538048017315407
0.958463655976857
CPU Intensive
Task Time : 170022
CPU Time : 179170
========================================
Task ID >> task_1455066125625_0078_m_000000 , runningTaskAttemptID >> attempt_1455066125625_0078_m_000000_0
Now >> 1455276100480 taskAttemptStartTime >> 1455275929890 , estimatedRunTime >> 177831 , estimatedEndTime >> 1455276107721
Task ID >> task_1455066125625_0078_m_000001 , runningTaskAttemptID >> attempt_1455066125625_0078_m_000001_0
Now >> 1455276100480 taskAttemptStartTime >> 1455275929886 , estimatedRunTime >> 172269 , estimatedEndTime >> 1455276102155
Task Size >> {0=134217728, 1=134217728, 2=86820951}
Task ID >> task_1455066125625_0078_m_000000 , runningTaskAttemptID >> attempt_1455066125625_0078_m_000000_0
Now >> 1455276101485 taskAttemptStartTime >> 1455275929890 , estimatedRunTime >> 177831 , estimatedEndTime >> 1455276107721
Task ID >> task_1455066125625_0078_m_000001 , runningTaskAttemptID >> attempt_1455066125625_0078_m_000001_0
Now >> 1455276101485 taskAttemptStartTime >> 1455275929886 , estimatedRunTime >> 172269 , estimatedEndTime >> 1455276102155
Task Size >> {0=134217728, 1=134217728, 2=86820951}
Update attemptID:attempt_1455066125625_0078_m_000000_0
attempt_1455066125625_0078_m_000000_0:MAP:SORT:0.9694296
CPU/Time : 1.046376811594203
Written/Time : 5965.363426086957
Add graph Data0.9694296 <> 1.046376811594203
0.9609882096838184
CPU Intensive
Task Time : 172500
CPU Time : 180500
========================================
Task ID >> task_1455066125625_0078_m_000000 , runningTaskAttemptID >> attempt_1455066125625_0078_m_000000_0
Now >> 1455276102492 taskAttemptStartTime >> 1455275929890 , estimatedRunTime >> 177939 , estimatedEndTime >> 1455276107829
Task ID >> task_1455066125625_0078_m_000001 , runningTaskAttemptID >> attempt_1455066125625_0078_m_000001_0
Now >> 1455276102492 taskAttemptStartTime >> 1455275929886 , estimatedRunTime >> 172269 , estimatedEndTime >> 1455276102155
Task Size >> {0=134217728, 1=134217728, 2=86820951}
Update attemptID:attempt_1455066125625_0078_m_000001_0
attempt_1455066125625_0078_m_000001_0:MAP:SORT:1.0
CPU/Time : 1.0530054928869712
Written/Time : 6454.779545205131
Add graph Data1.0 <> 1.0530054928869712
0.958463655976857
CPU Intensive
Task Time : 173133
CPU Time : 182310
========================================
Task Size >> {0=134217728, 1=134217728, 2=86820951}
Update attemptID:attempt_1455066125625_0078_m_000001_0
attempt_1455066125625_0078_m_000001_0:MAP:SORT:1.0
CPU/Time : 1.0543471989845958
Written/Time : 6447.443298909594
Add graph Data1.0 <> 1.0543471989845958
0.958463655976857
CPU Intensive
Task Time : 173330
CPU Time : 182750
========================================
Task Size >> {0=134217728, 1=134217728, 2=86820951}
Task ID >> task_1455066125625_0078_m_000000 , runningTaskAttemptID >> attempt_1455066125625_0078_m_000000_0
Now >> 1455276103496 taskAttemptStartTime >> 1455275929890 , estimatedRunTime >> 177939 , estimatedEndTime >> 1455276107829
Task Size >> {0=134217728, 1=134217728, 2=86820951}
Task ID >> task_1455066125625_0078_m_000000 , runningTaskAttemptID >> attempt_1455066125625_0078_m_000000_0
Now >> 1455276104500 taskAttemptStartTime >> 1455275929890 , estimatedRunTime >> 177939 , estimatedEndTime >> 1455276107829
Task Size >> {0=134217728, 1=134217728, 2=86820951}
Update attemptID:attempt_1455066125625_0078_m_000000_0
attempt_1455066125625_0078_m_000000_0:MAP:SORT:0.984124
CPU/Time : 1.0463189188265647
Written/Time : 5997.937045453251
Add graph Data0.984124 <> 1.0463189188265647
0.9609882096838184
CPU Intensive
Task Time : 175587
CPU Time : 183720
========================================
Task ID >> task_1455066125625_0078_m_000000 , runningTaskAttemptID >> attempt_1455066125625_0078_m_000000_0
Now >> 1455276105503 taskAttemptStartTime >> 1455275929890 , estimatedRunTime >> 178419 , estimatedEndTime >> 1455276108309
Task ID >> task_1455066125625_0078_m_000000 , runningTaskAttemptID >> attempt_1455066125625_0078_m_000000_0
Now >> 1455276106504 taskAttemptStartTime >> 1455275929890 , estimatedRunTime >> 178419 , estimatedEndTime >> 1455276108309
Task ID >> task_1455066125625_0078_m_000000 , runningTaskAttemptID >> attempt_1455066125625_0078_m_000000_0
Now >> 1455276107508 taskAttemptStartTime >> 1455275929890 , estimatedRunTime >> 178419 , estimatedEndTime >> 1455276108309
Task Size >> {0=134217728, 1=134217728, 2=86820951}
Task ID >> task_1455066125625_0078_m_000000 , runningTaskAttemptID >> attempt_1455066125625_0078_m_000000_0
Now >> 1455276108511 taskAttemptStartTime >> 1455275929890 , estimatedRunTime >> 178419 , estimatedEndTime >> 1455276108309
Task Size >> {0=134217728, 1=134217728, 2=86820951}
Update attemptID:attempt_1455066125625_0078_m_000000_0
attempt_1455066125625_0078_m_000000_0:MAP:SORT:0.99901724
CPU/Time : 1.0460742830277385
Written/Time : 6028.6902467145765
Add graph Data0.99901724 <> 1.0460742830277385
0.9609882096838184
CPU Intensive
Task Time : 178668
CPU Time : 186900
========================================
Task Size >> {0=134217728, 1=134217728, 2=86820951}
Update attemptID:attempt_1455066125625_0078_m_000000_0
attempt_1455066125625_0078_m_000000_0:MAP:SORT:1.0
CPU/Time : 1.045860206362567
Written/Time : 6015.82231748173
Add graph Data1.0 <> 1.045860206362567
0.9609882096838184
CPU Intensive
Task Time : 179393
CPU Time : 187620
========================================