Now Use estimatorClass : org.apache.hadoop.mapreduce.v2.app.speculate.LegacyTaskRuntimeEstimator_Fixed
serviceStart
attempt_1454305919848_0061_m_000000_0 : spilledRecord org.apache.hadoop.mapred.Counters$Counter@c553d160
TaskStatusClass : >> 0.15283124
Task Size >> {0=60415492}
Update attemptID:attempt_1454305919848_0061_m_000000_0
attempt_1454305919848_0061_m_000000_0:MAP:MAP:0.15283124
FILE_BYTES_READ : 0
HDFS_BYTES_READ : 13267073
FILE_BYTES_WRITTEN : 115357
HBW_BYTES_WRITTEN : 0
CPU/Time : 0.4916250802905282
Written/Time : 5.699738129354217
FinishedSize : 9233374.647495925
Add graph Data0.15283124 <> 0.4916250802905282
-1.0
I/O Intensive
Task Time : 20239
CPU Time : 9950
========================================
TaskStatusClass : >> 0.23388067
Task Size >> {0=60415492}
Update attemptID:attempt_1454305919848_0061_m_000000_0
attempt_1454305919848_0061_m_000000_0:MAP:MAP:0.23388067
FILE_BYTES_READ : 0
HDFS_BYTES_READ : 21184641
FILE_BYTES_WRITTEN : 115357
HBW_BYTES_WRITTEN : 0
CPU/Time : 0.6694596443228454
Written/Time : 4.931472298221614
FinishedSize : 1.4130015679587007E7
Add graph Data0.23388067 <> 0.6694596443228454
0.6694596443228454
CPU Intensive
Task Time : 23392
CPU Time : 15660
========================================
TaskStatusClass : >> 0.23388067
Task Size >> {0=60415492}
Update attemptID:attempt_1454305919848_0061_m_000000_0
attempt_1454305919848_0061_m_000000_0:MAP:MAP:0.23388067
FILE_BYTES_READ : 0
HDFS_BYTES_READ : 21184641
FILE_BYTES_WRITTEN : 115357
HBW_BYTES_WRITTEN : 0
CPU/Time : 0.7140434831757037
Written/Time : 4.346697313387844
FinishedSize : 1.4130015679587007E7
Add graph Data0.23388067 <> 0.7140434831757037
0.6917515637492746
CPU Intensive
Task Time : 26539
CPU Time : 18950
========================================
TaskStatusClass : >> 0.23388067
Task Size >> {0=60415492}
Update attemptID:attempt_1454305919848_0061_m_000000_0
attempt_1454305919848_0061_m_000000_0:MAP:MAP:0.23388067
FILE_BYTES_READ : 0
HDFS_BYTES_READ : 21184641
FILE_BYTES_WRITTEN : 11458147
HBW_BYTES_WRITTEN : 0
CPU/Time : 0.765993265993266
Written/Time : 385.7961952861953
FinishedSize : 1.4130015679587007E7
Add graph Data0.23388067 <> 0.765993265993266
0.7288724148712703
CPU Intensive
Task Time : 29700
CPU Time : 22750
========================================
TaskStatusClass : >> 0.23388067
Task Size >> {0=60415492}
Update attemptID:attempt_1454305919848_0061_m_000000_0
attempt_1454305919848_0061_m_000000_0:MAP:MAP:0.23388067
FILE_BYTES_READ : 0
HDFS_BYTES_READ : 21184641
FILE_BYTES_WRITTEN : 62845656
HBW_BYTES_WRITTEN : 0
CPU/Time : 0.7928723728297289
Written/Time : 1914.275236064575
FinishedSize : 1.4130015679587007E7
Add graph Data0.23388067 <> 0.7928723728297289
0.7608723938504995
CPU Intensive
Task Time : 32830
CPU Time : 26030
========================================
TaskStatusClass : >> 0.4055629
Task Size >> {0=60415492}
Update attemptID:attempt_1454305919848_0061_m_000000_0
attempt_1454305919848_0061_m_000000_0:MAP:MAP:0.4055629
FILE_BYTES_READ : 0
HDFS_BYTES_READ : 36737153
FILE_BYTES_WRITTEN : 67127193
HBW_BYTES_WRITTEN : 0
CPU/Time : 0.8601791719074877
Written/Time : 1723.1099160612985
FinishedSize : 2.450228259098637E7
Add graph Data0.4055629 <> 0.8601791719074877
0.7608723938504995
CPU Intensive
Task Time : 38957
CPU Time : 33510
========================================
TaskStatusClass : >> 0.4055629
Task Size >> {0=60415492}
Update attemptID:attempt_1454305919848_0061_m_000000_0
attempt_1454305919848_0061_m_000000_0:MAP:MAP:0.4055629
FILE_BYTES_READ : 0
HDFS_BYTES_READ : 36737153
FILE_BYTES_WRITTEN : 67127193
HBW_BYTES_WRITTEN : 0
CPU/Time : 0.8726235741444867
Written/Time : 1595.2279705323194
FinishedSize : 2.450228259098637E7
Add graph Data0.4055629 <> 0.8726235741444867
0.7608723938504995
CPU Intensive
Task Time : 42080
CPU Time : 36720
========================================
TaskStatusClass : >> 0.4055629
Task Size >> {0=60415492}
Update attemptID:attempt_1454305919848_0061_m_000000_0
attempt_1454305919848_0061_m_000000_0:MAP:MAP:0.4055629
FILE_BYTES_READ : 0
HDFS_BYTES_READ : 36737153
FILE_BYTES_WRITTEN : 120129316
HBW_BYTES_WRITTEN : 0
CPU/Time : 0.884505671892621
Written/Time : 2656.3765340645245
FinishedSize : 2.450228259098637E7
Add graph Data0.4055629 <> 0.884505671892621
0.7608723938504995
CPU Intensive
Task Time : 45223
CPU Time : 40000
========================================
TaskStatusClass : >> 0.51215565
Task Size >> {0=60415492}
Update attemptID:attempt_1454305919848_0061_m_000000_0
attempt_1454305919848_0061_m_000000_0:MAP:MAP:0.51215565
FILE_BYTES_READ : 0
HDFS_BYTES_READ : 45899905
FILE_BYTES_WRITTEN : 135737362
HBW_BYTES_WRITTEN : 0
CPU/Time : 0.918958031837916
Written/Time : 2806.2303493901177
FinishedSize : 3.0942135698952198E7
Add graph Data0.51215565 <> 0.918958031837916
0.7608723938504995
CPU Intensive
Task Time : 48370
CPU Time : 44450
========================================
TaskStatusClass : >> 0.59709805
Task Size >> {0=60415492}
Update attemptID:attempt_1454305919848_0061_m_000000_0
attempt_1454305919848_0061_m_000000_0:MAP:MAP:0.59709805
FILE_BYTES_READ : 0
HDFS_BYTES_READ : 54087809
FILE_BYTES_WRITTEN : 135737362
HBW_BYTES_WRITTEN : 0
CPU/Time : 0.9522330097087378
Written/Time : 2635.676932038835
FinishedSize : 3.6073972614130735E7
Add graph Data0.59709805 <> 0.9522330097087378
0.7608723938504995
CPU Intensive
Task Time : 51500
CPU Time : 49040
========================================
TaskStatusClass : >> 0.59709805
Task Size >> {0=60415492}
Update attemptID:attempt_1454305919848_0061_m_000000_0
attempt_1454305919848_0061_m_000000_0:MAP:MAP:0.59709805
FILE_BYTES_READ : 0
HDFS_BYTES_READ : 54087809
FILE_BYTES_WRITTEN : 135737362
HBW_BYTES_WRITTEN : 0
CPU/Time : 0.9573591607316135
Written/Time : 2485.167469195701
FinishedSize : 3.6073972614130735E7
Add graph Data0.59709805 <> 0.9573591607316135
0.7608723938504995
CPU Intensive
Task Time : 54619
CPU Time : 52290
========================================
TaskStatusClass : >> 0.59709805
Task Size >> {0=60415492}
Update attemptID:attempt_1454305919848_0061_m_000000_0
attempt_1454305919848_0061_m_000000_0:MAP:MAP:0.59709805
FILE_BYTES_READ : 0
HDFS_BYTES_READ : 54087809
FILE_BYTES_WRITTEN : 172361798
HBW_BYTES_WRITTEN : 0
CPU/Time : 0.9610322133702806
Written/Time : 2985.1367855905783
FinishedSize : 3.6073972614130735E7
Add graph Data0.59709805 <> 0.9610322133702806
0.7608723938504995
CPU Intensive
Task Time : 57740
CPU Time : 55490
========================================
TaskStatusClass : >> 0.59709805
Task Size >> {0=60415492}
Update attemptID:attempt_1454305919848_0061_m_000000_0
attempt_1454305919848_0061_m_000000_0:MAP:SORT:0.59709805
FILE_BYTES_READ : 0
HDFS_BYTES_READ : 54087809
FILE_BYTES_WRITTEN : 172361798
HBW_BYTES_WRITTEN : 0
CPU/Time : 0.9148915122337269
Written/Time : 2841.8155707973356
FinishedSize : 3.6073972614130735E7
Add graph Data0.59709805 <> 0.9148915122337269
0.7608723938504995
CPU Intensive
Task Time : 60652
CPU Time : 55490
========================================
TaskStatusClass : >> 0.667
Task Size >> {0=60415492}
Update attemptID:attempt_1454305919848_0061_m_000000_0
attempt_1454305919848_0061_m_000000_0:MAP:SORT:0.667
FILE_BYTES_READ : 0
HDFS_BYTES_READ : 60415621
FILE_BYTES_WRITTEN : 204674983
HBW_BYTES_WRITTEN : 0
CPU/Time : 0.9687212813443613
Written/Time : 3358.8516312196402
FinishedSize : 4.029713290472484E7
Add graph Data0.667 <> 0.9687212813443613
0.7608723938504995
CPU Intensive
Task Time : 60936
CPU Time : 59030
========================================
TaskStatusClass : >> 0.667
Task Size >> {0=60415492}
Update attemptID:attempt_1454305919848_0061_m_000000_0
attempt_1454305919848_0061_m_000000_0:MAP:SORT:0.667
FILE_BYTES_READ : 0
HDFS_BYTES_READ : 60415621
FILE_BYTES_WRITTEN : 204674983
HBW_BYTES_WRITTEN : 0
CPU/Time : 0.9714437383877969
Written/Time : 3195.5999781417354
FinishedSize : 4.029713290472484E7
Add graph Data0.667 <> 0.9714437383877969
0.7608723938504995
CPU Intensive
Task Time : 64049
CPU Time : 62220
========================================
TaskStatusClass : >> 0.66709083
Task Size >> {0=60415492}
Update attemptID:attempt_1454305919848_0061_m_000000_0
attempt_1454305919848_0061_m_000000_0:MAP:SORT:0.66709083
FILE_BYTES_READ : 0
HDFS_BYTES_READ : 60415621
FILE_BYTES_WRITTEN : 247101038
HBW_BYTES_WRITTEN : 0
CPU/Time : 0.9751923448963495
Written/Time : 3677.2629432861586
FinishedSize : 4.030262089568877E7
Add graph Data0.66709083 <> 0.9751923448963495
0.7608723938504995
CPU Intensive
Task Time : 67197
CPU Time : 65530
========================================
TaskStatusClass : >> 0.6959197
Task Size >> {0=60415492}
Update attemptID:attempt_1454305919848_0061_m_000000_0
attempt_1454305919848_0061_m_000000_0:MAP:SORT:0.6959197
FILE_BYTES_READ : 20686540
HDFS_BYTES_READ : 60415621
FILE_BYTES_WRITTEN : 267780084
HBW_BYTES_WRITTEN : 0
CPU/Time : 0.9888202998321622
Written/Time : 3808.7799618809204
FinishedSize : 4.204433061586261E7
Add graph Data0.6959197 <> 0.9888202998321622
0.7608723938504995
CPU Intensive
Task Time : 70306
CPU Time : 69520
========================================
TaskStatusClass : >> 0.73838586
Task Size >> {0=60415492}
Update attemptID:attempt_1454305919848_0061_m_000000_0
attempt_1454305919848_0061_m_000000_0:MAP:SORT:0.73838586
FILE_BYTES_READ : 51482590
HDFS_BYTES_READ : 60415621
FILE_BYTES_WRITTEN : 298575717
HBW_BYTES_WRITTEN : 0
CPU/Time : 0.9922157807354182
Written/Time : 4063.2497346288887
FinishedSize : 4.460994478523898E7
Add graph Data0.73838586 <> 0.9922157807354182
0.7608723938504995
CPU Intensive
Task Time : 73482
CPU Time : 72910
========================================
TaskStatusClass : >> 0.7819406
Task Size >> {0=60415492}
Update attemptID:attempt_1454305919848_0061_m_000000_0
attempt_1454305919848_0061_m_000000_0:MAP:SORT:0.7819406
FILE_BYTES_READ : 84409078
HDFS_BYTES_READ : 60415621
FILE_BYTES_WRITTEN : 331498976
HBW_BYTES_WRITTEN : 0
CPU/Time : 0.9937458381751949
Written/Time : 4328.284427267623
FinishedSize : 4.7241324820084095E7
Add graph Data0.7819406 <> 0.9937458381751949
0.7608723938504995
CPU Intensive
Task Time : 76589
CPU Time : 76110
========================================
TaskStatusClass : >> 0.825609
Task Size >> {0=60415492}
Update attemptID:attempt_1454305919848_0061_m_000000_0
attempt_1454305919848_0061_m_000000_0:MAP:SORT:0.825609
FILE_BYTES_READ : 116858114
HDFS_BYTES_READ : 60415621
FILE_BYTES_WRITTEN : 363951332
HBW_BYTES_WRITTEN : 0
CPU/Time : 0.9947177576191014
Written/Time : 4566.458789726603
FinishedSize : 4.987957564676595E7
Add graph Data0.825609 <> 0.9947177576191014
0.7608723938504995
CPU Intensive
Task Time : 79701
CPU Time : 79280
========================================
TaskStatusClass : >> 0.87449497
Task Size >> {0=60415492}
Update attemptID:attempt_1454305919848_0061_m_000000_0
attempt_1454305919848_0061_m_000000_0:MAP:SORT:0.87449497
FILE_BYTES_READ : 153167290
HDFS_BYTES_READ : 60415621
FILE_BYTES_WRITTEN : 400256828
HBW_BYTES_WRITTEN : 0
CPU/Time : 0.9961237033727404
Written/Time : 4833.377546461219
FinishedSize : 5.283304385469985E7
Add graph Data0.87449497 <> 0.9961237033727404
0.7608723938504995
CPU Intensive
Task Time : 82811
CPU Time : 82490
========================================
TaskStatusClass : >> 0.9170436
Task Size >> {0=60415492}
Update attemptID:attempt_1454305919848_0061_m_000000_0
attempt_1454305919848_0061_m_000000_0:MAP:SORT:0.9170436
FILE_BYTES_READ : 184565037
HDFS_BYTES_READ : 60415621
FILE_BYTES_WRITTEN : 431658095
HBW_BYTES_WRITTEN : 0
CPU/Time : 0.998149419802372
Written/Time : 5024.012092785065
FinishedSize : 5.540364186888862E7
Add graph Data0.9170436 <> 0.998149419802372
0.7608723938504995
CPU Intensive
Task Time : 85919
CPU Time : 85760
========================================
TaskStatusClass : >> 0.96095145
Task Size >> {0=60415492}
Update attemptID:attempt_1454305919848_0061_m_000000_0
attempt_1454305919848_0061_m_000000_0:MAP:SORT:0.96095145
FILE_BYTES_READ : 217178647
HDFS_BYTES_READ : 60415621
FILE_BYTES_WRITTEN : 464270460
HBW_BYTES_WRITTEN : 0
CPU/Time : 0.9990452120190958
Written/Time : 5215.057118786857
FinishedSize : 5.8056354488031864E7
Add graph Data0.96095145 <> 0.9990452120190958
0.7608723938504995
CPU Intensive
Task Time : 89025
CPU Time : 88940
========================================
TaskStatusClass : >> 0.992488
Task Size >> {0=60415492}
Update attemptID:attempt_1454305919848_0061_m_000000_0
attempt_1454305919848_0061_m_000000_0:MAP:SORT:0.992488
FILE_BYTES_READ : 240751260
HDFS_BYTES_READ : 60415621
FILE_BYTES_WRITTEN : 487845868
HBW_BYTES_WRITTEN : 0
CPU/Time : 1.0004341219882786
Written/Time : 5294.615454742782
FinishedSize : 5.9961652432293415E7
Add graph Data0.992488 <> 1.0004341219882786
0.7608723938504995
CPU Intensive
Task Time : 92140
CPU Time : 92180
========================================
TaskStatusClass : >> 1.0
Task Size >> {0=60415492}
Update attemptID:attempt_1454305919848_0061_m_000000_0
attempt_1454305919848_0061_m_000000_0:MAP:SORT:1.0
FILE_BYTES_READ : 246985681
HDFS_BYTES_READ : 60415621
FILE_BYTES_WRITTEN : 494086733
HBW_BYTES_WRITTEN : 0
CPU/Time : 1.000975777136791
Written/Time : 5298.005908276949
FinishedSize : 6.0415492E7
Add graph Data1.0 <> 1.000975777136791
0.7608723938504995
CPU Intensive
Task Time : 93259
CPU Time : 93350
========================================