Now Use estimatorClass : org.apache.hadoop.mapreduce.v2.app.speculate.LegacyTaskRuntimeEstimator_Fixed
serviceStart
Task Size >> {0=134217728, 1=134217728, 2=86818935}
Update attemptID:attempt_1455066125625_0077_m_000001_0
attempt_1455066125625_0077_m_000001_0:MAP:MAP:0.06989847
CPU/Time : 0.49197592778335003
Written/Time : 5.7852056168505515
Add graph Data0.06989847 <> 0.49197592778335003
-1.0
I/O Intensive
Task Time : 19940
CPU Time : 9810
========================================
Task Size >> {0=134217728, 1=134217728, 2=86818935}
Update attemptID:attempt_1455066125625_0077_m_000001_0
attempt_1455066125625_0077_m_000001_0:MAP:MAP:0.10392497
CPU/Time : 0.671199064651626
Written/Time : 4.99532325813017
Add graph Data0.10392497 <> 0.671199064651626
-1.0
I/O Intensive
Task Time : 23093
CPU Time : 15500
========================================
Task Size >> {0=134217728, 1=134217728, 2=86818935}
Update attemptID:attempt_1455066125625_0077_m_000000_0
attempt_1455066125625_0077_m_000000_0:MAP:MAP:0.044644885
CPU/Time : 0.39518072289156625
Written/Time : 4.632811244979919
Add graph Data0.044644885 <> 0.39518072289156625
-1.0
I/O Intensive
Task Time : 24900
CPU Time : 9840
========================================
Task Size >> {0=134217728, 1=134217728, 2=86818935}
Update attemptID:attempt_1455066125625_0077_m_000002_0
attempt_1455066125625_0077_m_000002_0:MAP:MAP:0.031350903
CPU/Time : 0.4029074993161124
Written/Time : 4.508069873773887
Add graph Data0.031350903 <> 0.4029074993161124
-1.0
I/O Intensive
Task Time : 25589
CPU Time : 10310
========================================
Task Size >> {0=134217728, 1=134217728, 2=86818935}
Update attemptID:attempt_1455066125625_0077_m_000001_0
attempt_1455066125625_0077_m_000001_0:MAP:MAP:0.10392497
CPU/Time : 0.7140405080672846
Written/Time : 4.400083915016974
Add graph Data0.10392497 <> 0.7140405080672846
-1.0
I/O Intensive
Task Time : 26217
CPU Time : 18720
========================================
Task Size >> {0=134217728, 1=134217728, 2=86818935}
Update attemptID:attempt_1455066125625_0077_m_000000_0
attempt_1455066125625_0077_m_000000_0:MAP:MAP:0.09340971
CPU/Time : 0.5722090177019404
Written/Time : 4.092270034410586
Add graph Data0.09340971 <> 0.5722090177019404
-1.0
I/O Intensive
Task Time : 28189
CPU Time : 16130
========================================
Task Size >> {0=134217728, 1=134217728, 2=86818935}
Update attemptID:attempt_1455066125625_0077_m_000002_0
attempt_1455066125625_0077_m_000002_0:MAP:MAP:0.11770148
CPU/Time : 0.4898185728657162
Written/Time : 4.001699795330766
Add graph Data0.11770148 <> 0.4898185728657162
-1.0
I/O Intensive
Task Time : 28827
CPU Time : 14120
========================================
Task Size >> {0=134217728, 1=134217728, 2=86818935}
Update attemptID:attempt_1455066125625_0077_m_000001_0
attempt_1455066125625_0077_m_000001_0:MAP:MAP:0.10392497
CPU/Time : 0.761762000476953
Written/Time : 1434.3589411644466
Add graph Data0.10392497 <> 0.761762000476953
-1.0
I/O Intensive
Task Time : 29353
CPU Time : 22360
========================================
Task Size >> {0=134217728, 1=134217728, 2=86818935}
Update attemptID:attempt_1455066125625_0077_m_000000_0
attempt_1455066125625_0077_m_000000_0:MAP:MAP:0.09799678
CPU/Time : 0.6364100600025533
Written/Time : 3.681763053746968
Add graph Data0.09799678 <> 0.6364100600025533
-1.0
I/O Intensive
Task Time : 31332
CPU Time : 19940
========================================
Task Size >> {0=134217728, 1=134217728, 2=86818935}
Update attemptID:attempt_1455066125625_0077_m_000002_0
attempt_1455066125625_0077_m_000002_0:MAP:MAP:0.16114141
CPU/Time : 0.6116322701688556
Written/Time : 3.6071607254534084
Add graph Data0.16114141 <> 0.6116322701688556
-1.0
I/O Intensive
Task Time : 31980
CPU Time : 19560
========================================
Task Size >> {0=134217728, 1=134217728, 2=86818935}
Update attemptID:attempt_1455066125625_0077_m_000001_0
attempt_1455066125625_0077_m_000001_0:MAP:MAP:0.13922943
CPU/Time : 0.7938560039400375
Written/Time : 2129.3057222889156
Add graph Data0.13922943 <> 0.7938560039400375
-1.0
I/O Intensive
Task Time : 32487
CPU Time : 25790
========================================
Task Size >> {0=134217728, 1=134217728, 2=86818935}
Update attemptID:attempt_1455066125625_0077_m_000000_0
attempt_1455066125625_0077_m_000000_0:MAP:MAP:0.09799678
CPU/Time : 0.6858336476254026
Written/Time : 297.76959006643654
Add graph Data0.09799678 <> 0.6858336476254026
-1.0
I/O Intensive
Task Time : 34469
CPU Time : 23640
========================================
Task Size >> {0=134217728, 1=134217728, 2=86818935}
Update attemptID:attempt_1455066125625_0077_m_000002_0
attempt_1455066125625_0077_m_000002_0:MAP:MAP:0.16114141
CPU/Time : 0.6507511950830868
Written/Time : 3.282409515137719
Add graph Data0.16114141 <> 0.6507511950830868
-1.0
I/O Intensive
Task Time : 35144
CPU Time : 22870
========================================
Task Size >> {0=134217728, 1=134217728, 2=86818935}
Update attemptID:attempt_1455066125625_0077_m_000001_0
attempt_1455066125625_0077_m_000001_0:MAP:MAP:0.18746273
CPU/Time : 0.853394758279727
Written/Time : 1943.1656788112025
Add graph Data0.18746273 <> 0.853394758279727
-1.0
I/O Intensive
Task Time : 35599
CPU Time : 30380
========================================
Task Size >> {0=134217728, 1=134217728, 2=86818935}
Update attemptID:attempt_1455066125625_0077_m_000000_0
attempt_1455066125625_0077_m_000000_0:MAP:MAP:0.09799678
CPU/Time : 0.7175864449992033
Written/Time : 1677.6654273118393
Add graph Data0.09799678 <> 0.7175864449992033
-1.0
I/O Intensive
Task Time : 37654
CPU Time : 27020
========================================
Task Size >> {0=134217728, 1=134217728, 2=86818935}
Update attemptID:attempt_1455066125625_0077_m_000002_0
attempt_1455066125625_0077_m_000002_0:MAP:MAP:0.16114141
CPU/Time : 0.7021165403710479
Written/Time : 631.9005226025607
Add graph Data0.16114141 <> 0.7021165403710479
-1.0
I/O Intensive
Task Time : 38270
CPU Time : 26870
========================================
Task Size >> {0=134217728, 1=134217728, 2=86818935}
Update attemptID:attempt_1455066125625_0077_m_000001_0
attempt_1455066125625_0077_m_000001_0:MAP:MAP:0.18746273
CPU/Time : 0.867364070773602
Written/Time : 1786.7688234534419
Add graph Data0.18746273 <> 0.867364070773602
-1.0
I/O Intensive
Task Time : 38715
CPU Time : 33580
========================================
Task Size >> {0=134217728, 1=134217728, 2=86818935}
Update attemptID:attempt_1455066125625_0077_m_000002_0
attempt_1455066125625_0077_m_000002_0:MAP:MAP:0.18525714
CPU/Time : 0.7290763748434942
Written/Time : 1662.168087258018
Add graph Data0.18525714 <> 0.7290763748434942
-1.0
I/O Intensive
Task Time : 41532
CPU Time : 30280
========================================
Task Size >> {0=134217728, 1=134217728, 2=86818935}
Update attemptID:attempt_1455066125625_0077_m_000001_0
attempt_1455066125625_0077_m_000001_0:MAP:MAP:0.18746273
CPU/Time : 0.8814531548757171
Written/Time : 2213.431572657744
Add graph Data0.18746273 <> 0.8814531548757171
-1.0
I/O Intensive
Task Time : 41840
CPU Time : 36880
========================================
Task Size >> {0=134217728, 1=134217728, 2=86818935}
Update attemptID:attempt_1455066125625_0077_m_000000_0
attempt_1455066125625_0077_m_000000_0:MAP:MAP:0.18512969
CPU/Time : 0.8005111587786956
Written/Time : 1582.3523116242984
Add graph Data0.18512969 <> 0.8005111587786956
-1.0
I/O Intensive
Task Time : 43822
CPU Time : 35080
========================================
Task Size >> {0=134217728, 1=134217728, 2=86818935}
Update attemptID:attempt_1455066125625_0077_m_000002_0
attempt_1455066125625_0077_m_000002_0:MAP:MAP:0.27641517
CPU/Time : 0.7681461089102263
Written/Time : 1545.0919895252803
Add graph Data0.27641517 <> 0.7681461089102263
0.7681461089102263
CPU Intensive
Task Time : 44679
CPU Time : 34320
========================================
Task Size >> {0=134217728, 1=134217728, 2=86818935}
Update attemptID:attempt_1455066125625_0077_m_000001_0
attempt_1455066125625_0077_m_000001_0:MAP:MAP:0.2025205
CPU/Time : 0.8963386168107952
Written/Time : 3044.85587888758
Add graph Data0.2025205 <> 0.8963386168107952
0.8963386168107952
CPU Intensive
Task Time : 44983
CPU Time : 40320
========================================
Task Size >> {0=134217728, 1=134217728, 2=86818935}
Update attemptID:attempt_1455066125625_0077_m_000000_0
attempt_1455066125625_0077_m_000000_0:MAP:MAP:0.18512969
CPU/Time : 0.8157833095547369
Written/Time : 1476.5836119333064
Add graph Data0.18512969 <> 0.8157833095547369
-1.0
I/O Intensive
Task Time : 46961
CPU Time : 38310
========================================
Task Size >> {0=134217728, 1=134217728, 2=86818935}
Update attemptID:attempt_1455066125625_0077_m_000002_0
attempt_1455066125625_0077_m_000002_0:MAP:MAP:0.29688543
CPU/Time : 0.8108051600493424
Written/Time : 1443.3328106378974
Add graph Data0.29688543 <> 0.8108051600493424
0.7894756344797844
CPU Intensive
Task Time : 47829
CPU Time : 38780
========================================
Task Size >> {0=134217728, 1=134217728, 2=86818935}
Update attemptID:attempt_1455066125625_0077_m_000001_0
attempt_1455066125625_0077_m_000001_0:MAP:MAP:0.25670317
CPU/Time : 0.9454515217029769
Written/Time : 2847.3048395143855
Add graph Data0.25670317 <> 0.9454515217029769
0.920895069256886
CPU Intensive
Task Time : 48104
CPU Time : 45480
========================================
Task Size >> {0=134217728, 1=134217728, 2=86818935}
Update attemptID:attempt_1455066125625_0077_m_000000_0
attempt_1455066125625_0077_m_000000_0:MAP:MAP:0.18512969
CPU/Time : 0.8317048853439681
Written/Time : 1928.282931206381
Add graph Data0.18512969 <> 0.8317048853439681
-1.0
I/O Intensive
Task Time : 50150
CPU Time : 41710
========================================
Task Size >> {0=134217728, 1=134217728, 2=86818935}
Update attemptID:attempt_1455066125625_0077_m_000002_0
attempt_1455066125625_0077_m_000002_0:MAP:MAP:0.29688543
CPU/Time : 0.8257960721222704
Written/Time : 1354.4147422943358
Add graph Data0.29688543 <> 0.8257960721222704
0.8076358533010274
CPU Intensive
Task Time : 50969
CPU Time : 42090
========================================
Task Size >> {0=134217728, 1=134217728, 2=86818935}
Update attemptID:attempt_1455066125625_0077_m_000001_0
attempt_1455066125625_0077_m_000001_0:MAP:MAP:0.25670317
CPU/Time : 0.950391441010523
Written/Time : 2674.0351027898714
Add graph Data0.25670317 <> 0.950391441010523
0.9356432551337045
CPU Intensive
Task Time : 51221
CPU Time : 48680
========================================
Task Size >> {0=134217728, 1=134217728, 2=86818935}
Update attemptID:attempt_1455066125625_0077_m_000000_0
attempt_1455066125625_0077_m_000000_0:MAP:MAP:0.1958468
CPU/Time : 0.8450598521520507
Written/Time : 2567.897782280761
Add graph Data0.1958468 <> 0.8450598521520507
-1.0
I/O Intensive
Task Time : 53298
CPU Time : 45040
========================================
Task Size >> {0=134217728, 1=134217728, 2=86818935}
Update attemptID:attempt_1455066125625_0077_m_000002_0
attempt_1455066125625_0077_m_000002_0:MAP:MAP:0.29688543
CPU/Time : 0.8382923673997412
Written/Time : 2245.705396414711
Add graph Data0.29688543 <> 0.8382923673997412
0.8229641103503843
CPU Intensive
Task Time : 54110
CPU Time : 45360
========================================
Task Size >> {0=134217728, 1=134217728, 2=86818935}
Update attemptID:attempt_1455066125625_0077_m_000001_0
attempt_1455066125625_0077_m_000001_0:MAP:MAP:0.25670317
CPU/Time : 0.9539673482910309
Written/Time : 3708.259483536103
Add graph Data0.25670317 <> 0.9539673482910309
0.9448053017123677
CPU Intensive
Task Time : 54331
CPU Time : 51830
========================================
Task Size >> {0=134217728, 1=134217728, 2=86818935}
Update attemptID:attempt_1455066125625_0077_m_000000_0
attempt_1455066125625_0077_m_000000_0:MAP:MAP:0.25726512
CPU/Time : 0.8704274230673891
Written/Time : 2423.3120152979923
Add graph Data0.25726512 <> 0.8704274230673891
0.8704274230673891
CPU Intensive
Task Time : 56478
CPU Time : 49160
========================================
Task Size >> {0=134217728, 1=134217728, 2=86818935}
Update attemptID:attempt_1455066125625_0077_m_000000_0
attempt_1455066125625_0077_m_000000_0:MAP:MAP:0.27169082
CPU/Time : 0.8944681563310737
Written/Time : 2290.7994978659303
Add graph Data0.27169082 <> 0.8944681563310737
0.8824477896992313
CPU Intensive
Task Time : 59745
CPU Time : 53440
========================================
Task Size >> {0=134217728, 1=134217728, 2=86818935}
Update attemptID:attempt_1455066125625_0077_m_000002_0
attempt_1455066125625_0077_m_000002_0:MAP:MAP:0.430757
CPU/Time : 0.9101772555267875
Written/Time : 2277.5158998871407
Add graph Data0.430757 <> 0.9101772555267875
0.8229641103503843
CPU Intensive
Task Time : 60252
CPU Time : 54840
========================================
Task Size >> {0=134217728, 1=134217728, 2=86818935}
Update attemptID:attempt_1455066125625_0077_m_000001_0
attempt_1455066125625_0077_m_000001_0:MAP:MAP:0.33197033
CPU/Time : 0.988560470806057
Written/Time : 3443.148085697282
Add graph Data0.33197033 <> 0.988560470806057
0.9448053017123677
CPU Intensive
Task Time : 60492
CPU Time : 59800
========================================
Task Size >> {0=134217728, 1=134217728, 2=86818935}
Update attemptID:attempt_1455066125625_0077_m_000000_0
attempt_1455066125625_0077_m_000000_0:MAP:MAP:0.27169082
CPU/Time : 0.903962881749134
Written/Time : 2174.719801697016
Add graph Data0.27169082 <> 0.903962881749134
0.8932053357241827
CPU Intensive
Task Time : 62934
CPU Time : 56890
========================================
Task Size >> {0=134217728, 1=134217728, 2=86818935}
Update attemptID:attempt_1455066125625_0077_m_000002_0
attempt_1455066125625_0077_m_000002_0:MAP:MAP:0.430757
CPU/Time : 0.9189172155169697
Written/Time : 2162.1795607096715
Add graph Data0.430757 <> 0.9189172155169697
0.8229641103503843
CPU Intensive
Task Time : 63466
CPU Time : 58320
========================================
Task Size >> {0=134217728, 1=134217728, 2=86818935}
Update attemptID:attempt_1455066125625_0077_m_000001_0
attempt_1455066125625_0077_m_000001_0:MAP:MAP:0.33197033
CPU/Time : 0.9909428265928675
Written/Time : 4066.3602585068243
Add graph Data0.33197033 <> 0.9909428265928675
0.9448053017123677
CPU Intensive
Task Time : 63596
CPU Time : 63020
========================================
Task Size >> {0=134217728, 1=134217728, 2=86818935}
Update attemptID:attempt_1455066125625_0077_m_000000_0
attempt_1455066125625_0077_m_000000_0:MAP:MAP:0.27169082
CPU/Time : 0.9091046673527453
Written/Time : 2765.728585265452
Add graph Data0.27169082 <> 0.9091046673527453
0.901155001538464
CPU Intensive
Task Time : 66076
CPU Time : 60070
========================================
Task Size >> {0=134217728, 1=134217728, 2=86818935}
Update attemptID:attempt_1455066125625_0077_m_000002_0
attempt_1455066125625_0077_m_000002_0:MAP:MAP:0.430757
CPU/Time : 0.9260259989792549
Written/Time : 2388.910759854694
Add graph Data0.430757 <> 0.9260259989792549
0.8229641103503843
CPU Intensive
Task Time : 66618
CPU Time : 61690
========================================
Task Size >> {0=134217728, 1=134217728, 2=86818935}
Update attemptID:attempt_1455066125625_0077_m_000001_0
attempt_1455066125625_0077_m_000001_0:MAP:MAP:0.38334236
CPU/Time : 0.9956385545780189
Written/Time : 4208.495016561503
Add graph Data0.38334236 <> 0.9956385545780189
0.9448053017123677
CPU Intensive
Task Time : 66721
CPU Time : 66430
========================================
Task Size >> {0=134217728, 1=134217728, 2=86818935}
Update attemptID:attempt_1455066125625_0077_m_000000_0
attempt_1455066125625_0077_m_000000_0:MAP:MAP:0.3104586
CPU/Time : 0.9195701161379789
Written/Time : 2956.8082567747156
Add graph Data0.3104586 <> 0.9195701161379789
0.901155001538464
CPU Intensive
Task Time : 69228
CPU Time : 63660
========================================
Task Size >> {0=134217728, 1=134217728, 2=86818935}
Update attemptID:attempt_1455066125625_0077_m_000002_0
attempt_1455066125625_0077_m_000002_0:MAP:MAP:0.44891536
CPU/Time : 0.9311259227406292
Written/Time : 2935.9039489715474
Add graph Data0.44891536 <> 0.9311259227406292
0.8229641103503843
CPU Intensive
Task Time : 69765
CPU Time : 64960
========================================
Task Size >> {0=134217728, 1=134217728, 2=86818935}
Update attemptID:attempt_1455066125625_0077_m_000001_0
attempt_1455066125625_0077_m_000001_0:MAP:MAP:0.41659713
CPU/Time : 1.0161967091036674
Written/Time : 4021.180254622005
Add graph Data0.41659713 <> 1.0161967091036674
0.9448053017123677
CPU Intensive
Task Time : 69829
CPU Time : 70960
========================================
Task Size >> {0=134217728, 1=134217728, 2=86818935}
Update attemptID:attempt_1455066125625_0077_m_000000_0
attempt_1455066125625_0077_m_000000_0:MAP:MAP:0.3578685
CPU/Time : 0.9421350642176495
Written/Time : 2826.873663858583
Add graph Data0.3578685 <> 0.9421350642176495
0.901155001538464
CPU Intensive
Task Time : 72410
CPU Time : 68220
========================================
Task Size >> {0=134217728, 1=134217728, 2=86818935}
Update attemptID:attempt_1455066125625_0077_m_000002_0
attempt_1455066125625_0077_m_000002_0:MAP:MAP:0.55035484
CPU/Time : 0.9478419486237022
Written/Time : 2809.1470519660415
Add graph Data0.55035484 <> 0.9478419486237022
0.8229641103503843
CPU Intensive
Task Time : 72913
CPU Time : 69110
========================================
Task Size >> {0=134217728, 1=134217728, 2=86818935}
Update attemptID:attempt_1455066125625_0077_m_000001_0
attempt_1455066125625_0077_m_000001_0:MAP:MAP:0.41659713
CPU/Time : 1.0187075995340231
Written/Time : 3848.3518947440552
Add graph Data0.41659713 <> 1.0187075995340231
0.9448053017123677
CPU Intensive
Task Time : 72965
CPU Time : 74330
========================================
Task Size >> {0=134217728, 1=134217728, 2=86818935}
Update attemptID:attempt_1455066125625_0077_m_000000_0
attempt_1455066125625_0077_m_000000_0:MAP:MAP:0.3578685
CPU/Time : 0.9461212602594652
Written/Time : 2709.7421498543818
Add graph Data0.3578685 <> 0.9461212602594652
0.901155001538464
CPU Intensive
Task Time : 75540
CPU Time : 71470
========================================
Task Size >> {0=134217728, 1=134217728, 2=86818935}
Update attemptID:attempt_1455066125625_0077_m_000002_0
attempt_1455066125625_0077_m_000002_0:MAP:MAP:0.55838025
CPU/Time : 0.9574971726151338
Written/Time : 2693.555390442124
Add graph Data0.55838025 <> 0.9574971726151338
0.8229641103503843
CPU Intensive
Task Time : 76042
CPU Time : 72810
========================================
Task Size >> {0=134217728, 1=134217728, 2=86818935}
Update attemptID:attempt_1455066125625_0077_m_000001_0
attempt_1455066125625_0077_m_000001_0:MAP:MAP:0.41659713
CPU/Time : 1.0191015815005193
Written/Time : 4311.404906201112
Add graph Data0.41659713 <> 1.0191015815005193
0.9448053017123677
CPU Intensive
Task Time : 76067
CPU Time : 77520
========================================
Task Size >> {0=134217728, 1=134217728, 2=86818935}
Update attemptID:attempt_1455066125625_0077_m_000000_0
attempt_1455066125625_0077_m_000000_0:MAP:MAP:0.3578685
CPU/Time : 0.9502504003864046
Written/Time : 2948.3623560515543
Add graph Data0.3578685 <> 0.9502504003864046
0.901155001538464
CPU Intensive
Task Time : 78674
CPU Time : 74760
========================================
Task Size >> {0=134217728, 1=134217728, 2=86818935}
Update attemptID:attempt_1455066125625_0077_m_000002_0
attempt_1455066125625_0077_m_000002_0:MAP:MAP:0.55838025
CPU/Time : 0.9613368531406702
Written/Time : 2677.554483333544
Add graph Data0.55838025 <> 0.9613368531406702
0.8229641103503843
CPU Intensive
Task Time : 79171
CPU Time : 76110
========================================
Task Size >> {0=134217728, 1=134217728, 2=86818935}
Update attemptID:attempt_1455066125625_0077_m_000001_0
attempt_1455066125625_0077_m_000001_0:MAP:MAP:0.4642843
CPU/Time : 1.0208746385138976
Written/Time : 4405.225592584641
Add graph Data0.4642843 <> 1.0208746385138976
0.9448053017123677
CPU Intensive
Task Time : 79187
CPU Time : 80840
========================================
Task Size >> {0=134217728, 1=134217728, 2=86818935}
Update attemptID:attempt_1455066125625_0077_m_000000_0
attempt_1455066125625_0077_m_000000_0:MAP:MAP:0.37500995
CPU/Time : 0.9539525957436406
Written/Time : 3326.9799650396667
Add graph Data0.37500995 <> 0.9539525957436406
0.901155001538464
CPU Intensive
Task Time : 81807
CPU Time : 78040
========================================
Task Size >> {0=134217728, 1=134217728, 2=86818935}
Update attemptID:attempt_1455066125625_0077_m_000001_0
attempt_1455066125625_0077_m_000001_0:MAP:MAP:0.50562483
CPU/Time : 1.0384007777372706
Written/Time : 4239.112881273545
Add graph Data0.50562483 <> 1.0384007777372706
0.9448053017123677
CPU Intensive
Task Time : 82290
CPU Time : 85450
========================================
Task Size >> {0=134217728, 1=134217728, 2=86818935}
Update attemptID:attempt_1455066125625_0077_m_000002_0
attempt_1455066125625_0077_m_000002_0:MAP:MAP:0.55838025
CPU/Time : 0.9638773799253976
Written/Time : 3208.9915677435815
Add graph Data0.55838025 <> 0.9638773799253976
0.8229641103503843
CPU Intensive
Task Time : 82303
CPU Time : 79330
========================================
Task Size >> {0=134217728, 1=134217728, 2=86818935}
Update attemptID:attempt_1455066125625_0077_m_000000_0
attempt_1455066125625_0077_m_000000_0:MAP:MAP:0.4353568
CPU/Time : 0.9695799585609343
Written/Time : 3204.1138867960067
Add graph Data0.4353568 <> 0.9695799585609343
0.901155001538464
CPU Intensive
Task Time : 84944
CPU Time : 82360
========================================
Task Size >> {0=134217728, 1=134217728, 2=86818935}
Update attemptID:attempt_1455066125625_0077_m_000001_0
attempt_1455066125625_0077_m_000001_0:MAP:MAP:0.50562483
CPU/Time : 1.037870626258841
Written/Time : 4084.929024778678
Add graph Data0.50562483 <> 1.037870626258841
0.9448053017123677
CPU Intensive
Task Time : 85396
CPU Time : 88630
========================================
Task Size >> {0=134217728, 1=134217728, 2=86818935}
Update attemptID:attempt_1455066125625_0077_m_000002_0
attempt_1455066125625_0077_m_000002_0:MAP:SORT:0.55838025
CPU/Time : 0.915670160210536
Written/Time : 3048.4975414377395
Add graph Data0.55838025 <> 0.915670160210536
0.8229641103503843
CPU Intensive
Task Time : 86636
CPU Time : 79330
========================================
Task Size >> {0=134217728, 1=134217728, 2=86818935}
Update attemptID:attempt_1455066125625_0077_m_000000_0
attempt_1455066125625_0077_m_000000_0:MAP:MAP:0.44504604
CPU/Time : 0.9834055980567978
Written/Time : 3089.263013325464
Add graph Data0.44504604 <> 0.9834055980567978
0.901155001538464
CPU Intensive
Task Time : 88102
CPU Time : 86640
========================================
Task Size >> {0=134217728, 1=134217728, 2=86818935}
Update attemptID:attempt_1455066125625_0077_m_000002_0
attempt_1455066125625_0077_m_000002_0:MAP:SORT:0.667
CPU/Time : 0.974956187461134
Written/Time : 3088.0684606252476
Add graph Data0.667 <> 0.974956187461134
0.8229641103503843
CPU Intensive
Task Time : 88445
CPU Time : 86230
========================================
Task Size >> {0=134217728, 1=134217728, 2=86818935}
Update attemptID:attempt_1455066125625_0077_m_000001_0
attempt_1455066125625_0077_m_000001_0:MAP:MAP:0.50562483
CPU/Time : 1.030531763429682
Written/Time : 4314.012949445185
Add graph Data0.50562483 <> 1.030531763429682
0.9448053017123677
CPU Intensive
Task Time : 88498
CPU Time : 91200
========================================
Task Size >> {0=134217728, 1=134217728, 2=86818935}
Update attemptID:attempt_1455066125625_0077_m_000000_0
attempt_1455066125625_0077_m_000000_0:MAP:MAP:0.44504604
CPU/Time : 0.9855958958168903
Written/Time : 3087.209385687977
Add graph Data0.44504604 <> 0.9855958958168903
0.901155001538464
CPU Intensive
Task Time : 91224
CPU Time : 89910
========================================
Task Size >> {0=134217728, 1=134217728, 2=86818935}
Update attemptID:attempt_1455066125625_0077_m_000002_0
attempt_1455066125625_0077_m_000002_0:MAP:SORT:0.667
CPU/Time : 0.9783107266889457
Written/Time : 2982.812561431099
Add graph Data0.667 <> 0.9783107266889457
0.8229641103503843
CPU Intensive
Task Time : 91566
CPU Time : 89580
========================================
Task Size >> {0=134217728, 1=134217728, 2=86818935}
Update attemptID:attempt_1455066125625_0077_m_000001_0
attempt_1455066125625_0077_m_000001_0:MAP:MAP:0.534781
CPU/Time : 1.0313734908193786
Written/Time : 4547.882049210751
Add graph Data0.534781 <> 1.0313734908193786
0.9448053017123677
CPU Intensive
Task Time : 91606
CPU Time : 94480
========================================
Task Size >> {0=134217728, 1=134217728, 2=86818935}
Update attemptID:attempt_1455066125625_0077_m_000000_0
attempt_1455066125625_0077_m_000000_0:MAP:MAP:0.44504604
CPU/Time : 0.9874646350121327
Written/Time : 3555.9825903595306
Add graph Data0.44504604 <> 0.9874646350121327
0.901155001538464
CPU Intensive
Task Time : 94373
CPU Time : 93190
========================================
Task Size >> {0=134217728, 1=134217728, 2=86818935}
Update attemptID:attempt_1455066125625_0077_m_000001_0
attempt_1455066125625_0077_m_000001_0:MAP:MAP:0.59054095
CPU/Time : 1.0469965895532631
Written/Time : 4398.877435090646
Add graph Data0.59054095 <> 1.0469965895532631
0.9448053017123677
CPU Intensive
Task Time : 94709
CPU Time : 99160
========================================
Task Size >> {0=134217728, 1=134217728, 2=86818935}
Update attemptID:attempt_1455066125625_0077_m_000002_0
attempt_1455066125625_0077_m_000002_0:MAP:SORT:0.667
CPU/Time : 0.9748107392979767
Written/Time : 3415.0697718371675
Add graph Data0.667 <> 0.9748107392979767
0.8229641103503843
CPU Intensive
Task Time : 95239
CPU Time : 92840
========================================
Task Size >> {0=134217728, 1=134217728, 2=86818935}
Update attemptID:attempt_1455066125625_0077_m_000001_0
attempt_1455066125625_0077_m_000001_0:MAP:MAP:0.59054095
CPU/Time : 1.0472986789906342
Written/Time : 4259.675299578749
Add graph Data0.59054095 <> 1.0472986789906342
0.9448053017123677
CPU Intensive
Task Time : 97804
CPU Time : 102430
========================================
Task Size >> {0=134217728, 1=134217728, 2=86818935}
Update attemptID:attempt_1455066125625_0077_m_000002_0
attempt_1455066125625_0077_m_000002_0:MAP:SORT:0.6736222
CPU/Time : 0.9901503369621566
Written/Time : 3651.8994195915793
Add graph Data0.6736222 <> 0.9901503369621566
0.8229641103503843
CPU Intensive
Task Time : 98379
CPU Time : 97410
========================================
Task Size >> {0=134217728, 1=134217728, 2=86818935}
Update attemptID:attempt_1455066125625_0077_m_000000_0
attempt_1455066125625_0077_m_000000_0:MAP:MAP:0.5273184
CPU/Time : 0.9983882521489972
Written/Time : 3377.917174068768
Add graph Data0.5273184 <> 0.9983882521489972
0.901155001538464
CPU Intensive
Task Time : 100512
CPU Time : 100350
========================================
Task Size >> {0=134217728, 1=134217728, 2=86818935}
Update attemptID:attempt_1455066125625_0077_m_000001_0
attempt_1455066125625_0077_m_000001_0:MAP:MAP:0.59054095
CPU/Time : 1.0465289133343243
Written/Time : 4399.914979436103
Add graph Data0.59054095 <> 1.0465289133343243
0.9448053017123677
CPU Intensive
Task Time : 100905
CPU Time : 105600
========================================
Task Size >> {0=134217728, 1=134217728, 2=86818935}
Update attemptID:attempt_1455066125625_0077_m_000002_0
attempt_1455066125625_0077_m_000002_0:MAP:SORT:0.6969863
CPU/Time : 0.9912501970676336
Written/Time : 3781.569811209207
Add graph Data0.6969863 <> 0.9912501970676336
0.8229641103503843
CPU Intensive
Task Time : 101488
CPU Time : 100600
========================================
Task Size >> {0=134217728, 1=134217728, 2=86818935}
Update attemptID:attempt_1455066125625_0077_m_000000_0
attempt_1455066125625_0077_m_000000_0:MAP:MAP:0.5273184
CPU/Time : 0.9993534503556023
Written/Time : 3276.3778841421636
Add graph Data0.5273184 <> 0.9993534503556023
0.901155001538464
CPU Intensive
Task Time : 103627
CPU Time : 103560
========================================
Task Size >> {0=134217728, 1=134217728, 2=86818935}
Update attemptID:attempt_1455066125625_0077_m_000001_0
attempt_1455066125625_0077_m_000001_0:MAP:MAP:0.61096543
CPU/Time : 1.0465965667711117
Written/Time : 4655.238269160532
Add graph Data0.61096543 <> 1.0465965667711117
0.9448053017123677
CPU Intensive
Task Time : 104042
CPU Time : 108890
========================================
Task Size >> {0=134217728, 1=134217728, 2=86818935}
Update attemptID:attempt_1455066125625_0077_m_000002_0
attempt_1455066125625_0077_m_000002_0:MAP:SORT:0.72294265
CPU/Time : 0.9930406852248393
Written/Time : 3929.7071065310492
Add graph Data0.72294265 <> 0.9930406852248393
0.8229641103503843
CPU Intensive
Task Time : 104608
CPU Time : 103880
========================================
Task Size >> {0=134217728, 1=134217728, 2=86818935}
Update attemptID:attempt_1455066125625_0077_m_000001_0
attempt_1455066125625_0077_m_000001_0:MAP:SORT:0.61096543
CPU/Time : 1.0215013414885832
Written/Time : 4543.6152648267325
Add graph Data0.61096543 <> 1.0215013414885832
0.9448053017123677
CPU Intensive
Task Time : 106598
CPU Time : 108890
========================================
Task Size >> {0=134217728, 1=134217728, 2=86818935}
Update attemptID:attempt_1455066125625_0077_m_000000_0
attempt_1455066125625_0077_m_000000_0:MAP:MAP:0.5273184
CPU/Time : 1.0000936768149884
Written/Time : 3635.178323185012
Add graph Data0.5273184 <> 1.0000936768149884
0.901155001538464
CPU Intensive
Task Time : 106750
CPU Time : 106760
========================================
Task Size >> {0=134217728, 1=134217728, 2=86818935}
Update attemptID:attempt_1455066125625_0077_m_000001_0
attempt_1455066125625_0077_m_000001_0:MAP:SORT:0.667
CPU/Time : 1.0535010920495063
Written/Time : 4520.714405719726
Add graph Data0.667 <> 1.0535010920495063
0.9448053017123677
CPU Intensive
Task Time : 107138
CPU Time : 112870
========================================
Task Size >> {0=134217728, 1=134217728, 2=86818935}
Update attemptID:attempt_1455066125625_0077_m_000002_0
attempt_1455066125625_0077_m_000002_0:MAP:SORT:0.7491714
CPU/Time : 0.9940038612905621
Written/Time : 4073.3525098388654
Add graph Data0.7491714 <> 0.9940038612905621
0.8229641103503843
CPU Intensive
Task Time : 107736
CPU Time : 107090
========================================
Task Size >> {0=134217728, 1=134217728, 2=86818935}
Update attemptID:attempt_1455066125625_0077_m_000000_0
attempt_1455066125625_0077_m_000000_0:MAP:MAP:0.5729341
CPU/Time : 1.0028486398427332
Written/Time : 3710.3410176834095
Add graph Data0.5729341 <> 1.0028486398427332
0.901155001538464
CPU Intensive
Task Time : 109877
CPU Time : 110190
========================================
Task Size >> {0=134217728, 1=134217728, 2=86818935}
Update attemptID:attempt_1455066125625_0077_m_000001_0
attempt_1455066125625_0077_m_000001_0:MAP:SORT:0.667
CPU/Time : 1.0526029335728087
Written/Time : 4393.467947496848
Add graph Data0.667 <> 1.0526029335728087
0.9448053017123677
CPU Intensive
Task Time : 110241
CPU Time : 116040
========================================
Task Size >> {0=134217728, 1=134217728, 2=86818935}
Update attemptID:attempt_1455066125625_0077_m_000002_0
attempt_1455066125625_0077_m_000002_0:MAP:SORT:0.7738352
CPU/Time : 0.9955465003065161
Written/Time : 4192.142710324186
Add graph Data0.7738352 <> 0.9955465003065161
0.8229641103503843
CPU Intensive
Task Time : 110924
CPU Time : 110430
========================================
Task Size >> {0=134217728, 1=134217728, 2=86818935}
Update attemptID:attempt_1455066125625_0077_m_000000_0
attempt_1455066125625_0077_m_000000_0:MAP:MAP:0.6075365
CPU/Time : 1.0133371093784571
Written/Time : 3608.021204853398
Add graph Data0.6075365 <> 1.0133371093784571
0.901155001538464
CPU Intensive
Task Time : 112993
CPU Time : 114500
========================================
Task Size >> {0=134217728, 1=134217728, 2=86818935}
Update attemptID:attempt_1455066125625_0077_m_000001_0
attempt_1455066125625_0077_m_000001_0:MAP:SORT:0.667
CPU/Time : 1.0514938147422663
Written/Time : 4454.049190887113
Add graph Data0.667 <> 1.0514938147422663
0.9448053017123677
CPU Intensive
Task Time : 113334
CPU Time : 119170
========================================
Task Size >> {0=134217728, 1=134217728, 2=86818935}
Update attemptID:attempt_1455066125625_0077_m_000002_0
attempt_1455066125625_0077_m_000002_0:MAP:SORT:0.7985742
CPU/Time : 0.9951505266019486
Written/Time : 4307.791577876579
Add graph Data0.7985742 <> 0.9951505266019486
0.8229641103503843
CPU Intensive
Task Time : 114033
CPU Time : 113480
========================================
Task Size >> {0=134217728, 1=134217728, 2=86818935}
Update attemptID:attempt_1455066125625_0077_m_000000_0
attempt_1455066125625_0077_m_000000_0:MAP:MAP:0.6075365
CPU/Time : 1.0137026414834336
Written/Time : 3511.193275284431
Add graph Data0.6075365 <> 1.0137026414834336
0.901155001538464
CPU Intensive
Task Time : 116109
CPU Time : 117700
========================================
Task Size >> {0=134217728, 1=134217728, 2=86818935}
Update attemptID:attempt_1455066125625_0077_m_000001_0
attempt_1455066125625_0077_m_000001_0:MAP:SORT:0.667
CPU/Time : 1.050543221539915
Written/Time : 4738.005634044746
Add graph Data0.667 <> 1.050543221539915
0.9448053017123677
CPU Intensive
Task Time : 116435
CPU Time : 122320
========================================
Task Size >> {0=134217728, 1=134217728, 2=86818935}
Update attemptID:attempt_1455066125625_0077_m_000002_0
attempt_1455066125625_0077_m_000002_0:MAP:SORT:0.83252215
CPU/Time : 0.9961080859635048
Written/Time : 4496.920890019289
Add graph Data0.83252215 <> 0.9961080859635048
0.8229641103503843
CPU Intensive
Task Time : 117166
CPU Time : 116710
========================================
Task Size >> {0=134217728, 1=134217728, 2=86818935}
Update attemptID:attempt_1455066125625_0077_m_000000_0
attempt_1455066125625_0077_m_000000_0:MAP:MAP:0.6075365
CPU/Time : 1.0142241307009745
Written/Time : 3799.1570441317076
Add graph Data0.6075365 <> 1.0142241307009745
0.901155001538464
CPU Intensive
Task Time : 119234
CPU Time : 120930
========================================
Task Size >> {0=134217728, 1=134217728, 2=86818935}
Update attemptID:attempt_1455066125625_0077_m_000001_0
attempt_1455066125625_0077_m_000001_0:MAP:SORT:0.67712355
CPU/Time : 1.0550044331431823
Written/Time : 4811.3429579938775
Add graph Data0.67712355 <> 1.0550044331431823
0.9448053017123677
CPU Intensive
Task Time : 119554
CPU Time : 126130
========================================
Task Size >> {0=134217728, 1=134217728, 2=86818935}
Update attemptID:attempt_1455066125625_0077_m_000002_0
attempt_1455066125625_0077_m_000002_0:MAP:SORT:0.86461043
CPU/Time : 0.9970903649513675
Written/Time : 4663.428431291047
Add graph Data0.86461043 <> 0.9970903649513675
0.8229641103503843
CPU Intensive
Task Time : 120290
CPU Time : 119940
========================================
Task Size >> {0=134217728, 1=134217728, 2=86818935}
Update attemptID:attempt_1455066125625_0077_m_000000_0
attempt_1455066125625_0077_m_000000_0:MAP:MAP:0.6481779
CPU/Time : 1.0152827721477606
Written/Time : 3893.3391467799934
Add graph Data0.6481779 <> 1.0152827721477606
0.901155001538464
CPU Intensive
Task Time : 122360
CPU Time : 124230
========================================
Task Size >> {0=134217728, 1=134217728, 2=86818935}
Update attemptID:attempt_1455066125625_0077_m_000001_0
attempt_1455066125625_0077_m_000001_0:MAP:SORT:0.69327605
CPU/Time : 1.0540560369775576
Written/Time : 4909.523375914045
Add graph Data0.69327605 <> 1.0540560369775576
0.9448053017123677
CPU Intensive
Task Time : 122669
CPU Time : 129300
========================================
Task Size >> {0=134217728, 1=134217728, 2=86818935}
Update attemptID:attempt_1455066125625_0077_m_000000_0
attempt_1455066125625_0077_m_000000_0:MAP:SORT:0.6481779
CPU/Time : 1.0087616016110303
Written/Time : 3868.33219381085
Add graph Data0.6481779 <> 1.0087616016110303
0.901155001538464
CPU Intensive
Task Time : 123151
CPU Time : 124230
========================================
Task Size >> {0=134217728, 1=134217728, 2=86818935}
Update attemptID:attempt_1455066125625_0077_m_000002_0
attempt_1455066125625_0077_m_000002_0:MAP:SORT:0.89510685
CPU/Time : 0.997658383231107
Written/Time : 4807.716899342889
Add graph Data0.89510685 <> 0.997658383231107
0.8229641103503843
CPU Intensive
Task Time : 123419
CPU Time : 123130
========================================
Task Size >> {0=134217728, 1=134217728, 2=86818935}
Update attemptID:attempt_1455066125625_0077_m_000000_0
attempt_1455066125625_0077_m_000000_0:MAP:SORT:0.667
CPU/Time : 1.0156766794449803
Written/Time : 3796.744941142716
Add graph Data0.667 <> 1.0156766794449803
0.901155001538464
CPU Intensive
Task Time : 125473
CPU Time : 127440
========================================
Task Size >> {0=134217728, 1=134217728, 2=86818935}
Update attemptID:attempt_1455066125625_0077_m_000001_0
attempt_1455066125625_0077_m_000001_0:MAP:SORT:0.71003896
CPU/Time : 1.0536191324259
Written/Time : 5010.247702264343
Add graph Data0.71003896 <> 1.0536191324259
0.9448053017123677
CPU Intensive
Task Time : 125776
CPU Time : 132520
========================================
Task Size >> {0=134217728, 1=134217728, 2=86818935}
Update attemptID:attempt_1455066125625_0077_m_000002_0
attempt_1455066125625_0077_m_000002_0:MAP:SORT:0.9239634
CPU/Time : 0.9953328963681879
Written/Time : 4935.076971673603
Add graph Data0.9239634 <> 0.9953328963681879
0.8229641103503843
CPU Intensive
Task Time : 126631
CPU Time : 126040
========================================
Task Size >> {0=134217728, 1=134217728, 2=86818935}
Update attemptID:attempt_1455066125625_0077_m_000000_0
attempt_1455066125625_0077_m_000000_0:MAP:SORT:0.667
CPU/Time : 1.016650083950003
Written/Time : 3703.0422392886016
Add graph Data0.667 <> 1.016650083950003
0.901155001538464
CPU Intensive
Task Time : 128648
CPU Time : 130790
========================================
Task Size >> {0=134217728, 1=134217728, 2=86818935}
Update attemptID:attempt_1455066125625_0077_m_000001_0
attempt_1455066125625_0077_m_000001_0:MAP:SORT:0.72657084
CPU/Time : 1.0538074846397318
Written/Time : 5102.549688140011
Add graph Data0.72657084 <> 1.0538074846397318
0.9448053017123677
CPU Intensive
Task Time : 128904
CPU Time : 135840
========================================
Task Size >> {0=134217728, 1=134217728, 2=86818935}
Update attemptID:attempt_1455066125625_0077_m_000002_0
attempt_1455066125625_0077_m_000002_0:MAP:SORT:0.96219003
CPU/Time : 0.9967939825518666
Written/Time : 5123.412474182312
Add graph Data0.96219003 <> 0.9967939825518666
0.8229641103503843
CPU Intensive
Task Time : 129756
CPU Time : 129340
========================================
Task Size >> {0=134217728, 1=134217728, 2=86818935}
Update attemptID:attempt_1455066125625_0077_m_000000_0
attempt_1455066125625_0077_m_000000_0:MAP:SORT:0.667
CPU/Time : 1.0164153391972193
Written/Time : 4028.912337686978
Add graph Data0.667 <> 1.0164153391972193
0.901155001538464
CPU Intensive
Task Time : 131767
CPU Time : 133930
========================================
Task Size >> {0=134217728, 1=134217728, 2=86818935}
Update attemptID:attempt_1455066125625_0077_m_000001_0
attempt_1455066125625_0077_m_000001_0:MAP:SORT:0.7426592
CPU/Time : 1.0538755226955943
Written/Time : 5191.26274922732
Add graph Data0.7426592 <> 1.0538755226955943
0.9448053017123677
CPU Intensive
Task Time : 132008
CPU Time : 139120
========================================
Task Size >> {0=134217728, 1=134217728, 2=86818935}
Update attemptID:attempt_1455066125625_0077_m_000002_0
attempt_1455066125625_0077_m_000002_0:MAP:SORT:0.98526406
CPU/Time : 0.9968762937036619
Written/Time : 5187.662556922961
Add graph Data0.98526406 <> 0.9968762937036619
0.8229641103503843
CPU Intensive
Task Time : 132855
CPU Time : 132440
========================================
Task Size >> {0=134217728, 1=134217728, 2=86818935}
Update attemptID:attempt_1455066125625_0077_m_000001_0
attempt_1455066125625_0077_m_000001_0:MAP:SORT:0.7619875
CPU/Time : 1.053212041361648
Written/Time : 5299.704487753606
Add graph Data0.7619875 <> 1.053212041361648
0.9448053017123677
CPU Intensive
Task Time : 135101
CPU Time : 142290
========================================
Task Size >> {0=134217728, 1=134217728, 2=86818935}
Update attemptID:attempt_1455066125625_0077_m_000002_0
attempt_1455066125625_0077_m_000002_0:MAP:SORT:1.0
CPU/Time : 0.9922872751067944
Written/Time : 5186.890727819483
Add graph Data1.0 <> 0.9922872751067944
0.8229641103503843
CPU Intensive
Task Time : 136009
CPU Time : 134960
========================================
Task Size >> {0=134217728, 1=134217728, 2=86818935}
Update attemptID:attempt_1455066125625_0077_m_000002_0
attempt_1455066125625_0077_m_000002_0:MAP:SORT:1.0
CPU/Time : 0.9938166107985594
Written/Time : 5174.56390602422
Add graph Data1.0 <> 0.9938166107985594
0.8229641103503843
CPU Intensive
Task Time : 136333
CPU Time : 135490
========================================
Task Size >> {0=134217728, 1=134217728, 2=86818935}
Task ID >> task_1455066125625_0077_m_000000 , runningTaskAttemptID >> attempt_1455066125625_0077_m_000000_0
Now >> 1455275548406 taskAttemptStartTime >> 1455275411819 , estimatedRunTime >> 197551 , estimatedEndTime >> 1455275609370
Task ID >> task_1455066125625_0077_m_000001 , runningTaskAttemptID >> attempt_1455066125625_0077_m_000001_0
Now >> 1455275548406 taskAttemptStartTime >> 1455275411815 , estimatedRunTime >> 177300 , estimatedEndTime >> 1455275589115
Task ID >> task_1455066125625_0077_m_000000 , runningTaskAttemptID >> attempt_1455066125625_0077_m_000000_0
Now >> 1455275549421 taskAttemptStartTime >> 1455275411819 , estimatedRunTime >> 197551 , estimatedEndTime >> 1455275609370
Task ID >> task_1455066125625_0077_m_000001 , runningTaskAttemptID >> attempt_1455066125625_0077_m_000001_0
Now >> 1455275549421 taskAttemptStartTime >> 1455275411815 , estimatedRunTime >> 177300 , estimatedEndTime >> 1455275589115
Task Size >> {0=134217728, 1=134217728, 2=86818935}
Update attemptID:attempt_1455066125625_0077_m_000000_0
attempt_1455066125625_0077_m_000000_0:MAP:SORT:0.68361783
CPU/Time : 1.0061214424555398
Written/Time : 4103.870767936407
Add graph Data0.68361783 <> 1.0061214424555398
0.901155001538464
CPU Intensive
Task Time : 137876
CPU Time : 138720
========================================
Task Size >> {0=134217728, 1=134217728, 2=86818935}
Update attemptID:attempt_1455066125625_0077_m_000001_0
attempt_1455066125625_0077_m_000001_0:MAP:SORT:0.78340507
CPU/Time : 1.052654428630348
Written/Time : 5450.555820061793
Add graph Data0.78340507 <> 1.052654428630348
0.9448053017123677
CPU Intensive
Task Time : 138203
CPU Time : 145480
========================================
Task ID >> task_1455066125625_0077_m_000000 , runningTaskAttemptID >> attempt_1455066125625_0077_m_000000_0
Now >> 1455275550427 taskAttemptStartTime >> 1455275411819 , estimatedRunTime >> 201685 , estimatedEndTime >> 1455275613504
Task ID >> task_1455066125625_0077_m_000001 , runningTaskAttemptID >> attempt_1455066125625_0077_m_000001_0
Now >> 1455275550427 taskAttemptStartTime >> 1455275411815 , estimatedRunTime >> 176413 , estimatedEndTime >> 1455275588228
Task ID >> task_1455066125625_0077_m_000000 , runningTaskAttemptID >> attempt_1455066125625_0077_m_000000_0
Now >> 1455275551432 taskAttemptStartTime >> 1455275411819 , estimatedRunTime >> 201685 , estimatedEndTime >> 1455275613504
Task ID >> task_1455066125625_0077_m_000001 , runningTaskAttemptID >> attempt_1455066125625_0077_m_000001_0
Now >> 1455275551432 taskAttemptStartTime >> 1455275411815 , estimatedRunTime >> 176413 , estimatedEndTime >> 1455275588228
Task ID >> task_1455066125625_0077_m_000000 , runningTaskAttemptID >> attempt_1455066125625_0077_m_000000_0
Now >> 1455275552436 taskAttemptStartTime >> 1455275411819 , estimatedRunTime >> 201685 , estimatedEndTime >> 1455275613504
Task ID >> task_1455066125625_0077_m_000001 , runningTaskAttemptID >> attempt_1455066125625_0077_m_000001_0
Now >> 1455275552436 taskAttemptStartTime >> 1455275411815 , estimatedRunTime >> 176413 , estimatedEndTime >> 1455275588228
Task Size >> {0=134217728, 1=134217728, 2=86818935}
Update attemptID:attempt_1455066125625_0077_m_000000_0
attempt_1455066125625_0077_m_000000_0:MAP:SORT:0.7023777
CPU/Time : 1.0085547689644898
Written/Time : 4228.542433356505
Add graph Data0.7023777 <> 1.0085547689644898
0.901155001538464
CPU Intensive
Task Time : 140974
CPU Time : 142180
========================================
Task Size >> {0=134217728, 1=134217728, 2=86818935}
Update attemptID:attempt_1455066125625_0077_m_000001_0
attempt_1455066125625_0077_m_000001_0:MAP:SORT:0.80172825
CPU/Time : 1.0529928319216535
Written/Time : 5547.120159070485
Add graph Data0.80172825 <> 1.0529928319216535
0.9448053017123677
CPU Intensive
Task Time : 141321
CPU Time : 148810
========================================
Task ID >> task_1455066125625_0077_m_000000 , runningTaskAttemptID >> attempt_1455066125625_0077_m_000000_0
Now >> 1455275553442 taskAttemptStartTime >> 1455275411819 , estimatedRunTime >> 200709 , estimatedEndTime >> 1455275612528
Task ID >> task_1455066125625_0077_m_000001 , runningTaskAttemptID >> attempt_1455066125625_0077_m_000001_0
Now >> 1455275553442 taskAttemptStartTime >> 1455275411815 , estimatedRunTime >> 176270 , estimatedEndTime >> 1455275588085
Task ID >> task_1455066125625_0077_m_000000 , runningTaskAttemptID >> attempt_1455066125625_0077_m_000000_0
Now >> 1455275554448 taskAttemptStartTime >> 1455275411819 , estimatedRunTime >> 200709 , estimatedEndTime >> 1455275612528
Task ID >> task_1455066125625_0077_m_000001 , runningTaskAttemptID >> attempt_1455066125625_0077_m_000001_0
Now >> 1455275554448 taskAttemptStartTime >> 1455275411815 , estimatedRunTime >> 176270 , estimatedEndTime >> 1455275588085
Task ID >> task_1455066125625_0077_m_000000 , runningTaskAttemptID >> attempt_1455066125625_0077_m_000000_0
Now >> 1455275555454 taskAttemptStartTime >> 1455275411819 , estimatedRunTime >> 200709 , estimatedEndTime >> 1455275612528
Task ID >> task_1455066125625_0077_m_000001 , runningTaskAttemptID >> attempt_1455066125625_0077_m_000001_0
Now >> 1455275555454 taskAttemptStartTime >> 1455275411815 , estimatedRunTime >> 176270 , estimatedEndTime >> 1455275588085
Task Size >> {0=134217728, 1=134217728, 2=86818935}
Update attemptID:attempt_1455066125625_0077_m_000000_0
attempt_1455066125625_0077_m_000000_0:MAP:SORT:0.72175145
CPU/Time : 1.0085649240678531
Written/Time : 4356.10834559538
Add graph Data0.72175145 <> 1.0085649240678531
0.901155001538464
CPU Intensive
Task Time : 144076
CPU Time : 145310
========================================
Task Size >> {0=134217728, 1=134217728, 2=86818935}
Update attemptID:attempt_1455066125625_0077_m_000001_0
attempt_1455066125625_0077_m_000001_0:MAP:SORT:0.83488363
CPU/Time : 1.0522270234336049
Written/Time : 5814.678736635089
Add graph Data0.83488363 <> 1.0522270234336049
0.9448053017123677
CPU Intensive
Task Time : 144408
CPU Time : 151950
========================================
Task ID >> task_1455066125625_0077_m_000000 , runningTaskAttemptID >> attempt_1455066125625_0077_m_000000_0
Now >> 1455275556456 taskAttemptStartTime >> 1455275411819 , estimatedRunTime >> 199619 , estimatedEndTime >> 1455275611438
Task ID >> task_1455066125625_0077_m_000001 , runningTaskAttemptID >> attempt_1455066125625_0077_m_000001_0
Now >> 1455275556456 taskAttemptStartTime >> 1455275411815 , estimatedRunTime >> 172967 , estimatedEndTime >> 1455275584782
Task ID >> task_1455066125625_0077_m_000000 , runningTaskAttemptID >> attempt_1455066125625_0077_m_000000_0
Now >> 1455275557462 taskAttemptStartTime >> 1455275411819 , estimatedRunTime >> 199619 , estimatedEndTime >> 1455275611438
Task ID >> task_1455066125625_0077_m_000001 , runningTaskAttemptID >> attempt_1455066125625_0077_m_000001_0
Now >> 1455275557462 taskAttemptStartTime >> 1455275411815 , estimatedRunTime >> 172967 , estimatedEndTime >> 1455275584782
Task ID >> task_1455066125625_0077_m_000000 , runningTaskAttemptID >> attempt_1455066125625_0077_m_000000_0
Now >> 1455275558466 taskAttemptStartTime >> 1455275411819 , estimatedRunTime >> 199619 , estimatedEndTime >> 1455275611438
Task ID >> task_1455066125625_0077_m_000001 , runningTaskAttemptID >> attempt_1455066125625_0077_m_000001_0
Now >> 1455275558466 taskAttemptStartTime >> 1455275411815 , estimatedRunTime >> 172967 , estimatedEndTime >> 1455275584782
Task Size >> {0=134217728, 1=134217728, 2=86818935}
Update attemptID:attempt_1455066125625_0077_m_000000_0
attempt_1455066125625_0077_m_000000_0:MAP:SORT:0.7411825
CPU/Time : 1.0089280861009948
Written/Time : 4477.580223677774
Add graph Data0.7411825 <> 1.0089280861009948
0.901155001538464
CPU Intensive
Task Time : 147176
CPU Time : 148490
========================================
Task Size >> {0=134217728, 1=134217728, 2=86818935}
Update attemptID:attempt_1455066125625_0077_m_000001_0
attempt_1455066125625_0077_m_000001_0:MAP:SORT:0.8520066
CPU/Time : 1.049141648360589
Written/Time : 5887.948478561549
Add graph Data0.8520066 <> 1.049141648360589
0.9448053017123677
CPU Intensive
Task Time : 147492
CPU Time : 154740
========================================
Task ID >> task_1455066125625_0077_m_000000 , runningTaskAttemptID >> attempt_1455066125625_0077_m_000000_0
Now >> 1455275559471 taskAttemptStartTime >> 1455275411819 , estimatedRunTime >> 198569 , estimatedEndTime >> 1455275610388
Task ID >> task_1455066125625_0077_m_000001 , runningTaskAttemptID >> attempt_1455066125625_0077_m_000001_0
Now >> 1455275559471 taskAttemptStartTime >> 1455275411815 , estimatedRunTime >> 173111 , estimatedEndTime >> 1455275584926
Task ID >> task_1455066125625_0077_m_000000 , runningTaskAttemptID >> attempt_1455066125625_0077_m_000000_0
Now >> 1455275560477 taskAttemptStartTime >> 1455275411819 , estimatedRunTime >> 198569 , estimatedEndTime >> 1455275610388
Task ID >> task_1455066125625_0077_m_000001 , runningTaskAttemptID >> attempt_1455066125625_0077_m_000001_0
Now >> 1455275560477 taskAttemptStartTime >> 1455275411815 , estimatedRunTime >> 173111 , estimatedEndTime >> 1455275584926
Task ID >> task_1455066125625_0077_m_000000 , runningTaskAttemptID >> attempt_1455066125625_0077_m_000000_0
Now >> 1455275561482 taskAttemptStartTime >> 1455275411819 , estimatedRunTime >> 198569 , estimatedEndTime >> 1455275610388
Task ID >> task_1455066125625_0077_m_000001 , runningTaskAttemptID >> attempt_1455066125625_0077_m_000001_0
Now >> 1455275561482 taskAttemptStartTime >> 1455275411815 , estimatedRunTime >> 173111 , estimatedEndTime >> 1455275584926
Task Size >> {0=134217728, 1=134217728, 2=86818935}
Update attemptID:attempt_1455066125625_0077_m_000000_0
attempt_1455066125625_0077_m_000000_0:MAP:SORT:0.7604387
CPU/Time : 1.0094765282898326
Written/Time : 4594.291702713854
Add graph Data0.7604387 <> 1.0094765282898326
0.901155001538464
CPU Intensive
Task Time : 150266
CPU Time : 151690
========================================
Task Size >> {0=134217728, 1=134217728, 2=86818935}
Update attemptID:attempt_1455066125625_0077_m_000001_0
attempt_1455066125625_0077_m_000001_0:MAP:SORT:0.8715129
CPU/Time : 1.0483463939434188
Written/Time : 5985.195198565547
Add graph Data0.8715129 <> 1.0483463939434188
0.9448053017123677
CPU Intensive
Task Time : 150580
CPU Time : 157860
========================================
Task ID >> task_1455066125625_0077_m_000000 , runningTaskAttemptID >> attempt_1455066125625_0077_m_000000_0
Now >> 1455275562486 taskAttemptStartTime >> 1455275411819 , estimatedRunTime >> 197604 , estimatedEndTime >> 1455275609423
Task ID >> task_1455066125625_0077_m_000001 , runningTaskAttemptID >> attempt_1455066125625_0077_m_000001_0
Now >> 1455275562486 taskAttemptStartTime >> 1455275411815 , estimatedRunTime >> 172780 , estimatedEndTime >> 1455275584595
Task ID >> task_1455066125625_0077_m_000000 , runningTaskAttemptID >> attempt_1455066125625_0077_m_000000_0
Now >> 1455275563491 taskAttemptStartTime >> 1455275411819 , estimatedRunTime >> 197604 , estimatedEndTime >> 1455275609423
Task ID >> task_1455066125625_0077_m_000001 , runningTaskAttemptID >> attempt_1455066125625_0077_m_000001_0
Now >> 1455275563491 taskAttemptStartTime >> 1455275411815 , estimatedRunTime >> 172780 , estimatedEndTime >> 1455275584595
Task ID >> task_1455066125625_0077_m_000000 , runningTaskAttemptID >> attempt_1455066125625_0077_m_000000_0
Now >> 1455275564496 taskAttemptStartTime >> 1455275411819 , estimatedRunTime >> 197604 , estimatedEndTime >> 1455275609423
Task ID >> task_1455066125625_0077_m_000001 , runningTaskAttemptID >> attempt_1455066125625_0077_m_000001_0
Now >> 1455275564496 taskAttemptStartTime >> 1455275411815 , estimatedRunTime >> 172780 , estimatedEndTime >> 1455275584595
Task Size >> {0=134217728, 1=134217728, 2=86818935}
Update attemptID:attempt_1455066125625_0077_m_000000_0
attempt_1455066125625_0077_m_000000_0:MAP:SORT:0.7798435
CPU/Time : 1.0096768303815957
Written/Time : 4706.685176973839
Add graph Data0.7798435 <> 1.0096768303815957
0.901155001538464
CPU Intensive
Task Time : 153356
CPU Time : 154840
========================================
Task Size >> {0=134217728, 1=134217728, 2=86818935}
Update attemptID:attempt_1455066125625_0077_m_000001_0
attempt_1455066125625_0077_m_000001_0:MAP:SORT:0.8886664
CPU/Time : 1.0466205927140682
Written/Time : 6051.60279437221
Add graph Data0.8886664 <> 1.0466205927140682
0.9448053017123677
CPU Intensive
Task Time : 153666
CPU Time : 160830
========================================
Task ID >> task_1455066125625_0077_m_000000 , runningTaskAttemptID >> attempt_1455066125625_0077_m_000000_0
Now >> 1455275565502 taskAttemptStartTime >> 1455275411819 , estimatedRunTime >> 196649 , estimatedEndTime >> 1455275608468
Task ID >> task_1455066125625_0077_m_000001 , runningTaskAttemptID >> attempt_1455066125625_0077_m_000001_0
Now >> 1455275565502 taskAttemptStartTime >> 1455275411815 , estimatedRunTime >> 172917 , estimatedEndTime >> 1455275584732
Task ID >> task_1455066125625_0077_m_000000 , runningTaskAttemptID >> attempt_1455066125625_0077_m_000000_0
Now >> 1455275566507 taskAttemptStartTime >> 1455275411819 , estimatedRunTime >> 196649 , estimatedEndTime >> 1455275608468
Task ID >> task_1455066125625_0077_m_000001 , runningTaskAttemptID >> attempt_1455066125625_0077_m_000001_0
Now >> 1455275566507 taskAttemptStartTime >> 1455275411815 , estimatedRunTime >> 172917 , estimatedEndTime >> 1455275584732
Task ID >> task_1455066125625_0077_m_000000 , runningTaskAttemptID >> attempt_1455066125625_0077_m_000000_0
Now >> 1455275567513 taskAttemptStartTime >> 1455275411819 , estimatedRunTime >> 196649 , estimatedEndTime >> 1455275608468
Task ID >> task_1455066125625_0077_m_000001 , runningTaskAttemptID >> attempt_1455066125625_0077_m_000001_0
Now >> 1455275567513 taskAttemptStartTime >> 1455275411815 , estimatedRunTime >> 172917 , estimatedEndTime >> 1455275584732
Task Size >> {0=134217728, 1=134217728, 2=86818935}
Update attemptID:attempt_1455066125625_0077_m_000000_0
attempt_1455066125625_0077_m_000000_0:MAP:SORT:0.7970054
CPU/Time : 1.0099647813053287
Written/Time : 4790.405634991147
Add graph Data0.7970054 <> 1.0099647813053287
0.901155001538464
CPU Intensive
Task Time : 156451
CPU Time : 158010
========================================
Task ID >> task_1455066125625_0077_m_000000 , runningTaskAttemptID >> attempt_1455066125625_0077_m_000000_0
Now >> 1455275568516 taskAttemptStartTime >> 1455275411819 , estimatedRunTime >> 196298 , estimatedEndTime >> 1455275608117
Task ID >> task_1455066125625_0077_m_000001 , runningTaskAttemptID >> attempt_1455066125625_0077_m_000001_0
Now >> 1455275568516 taskAttemptStartTime >> 1455275411815 , estimatedRunTime >> 172917 , estimatedEndTime >> 1455275584732
Task Size >> {0=134217728, 1=134217728, 2=86818935}
Update attemptID:attempt_1455066125625_0077_m_000001_0
attempt_1455066125625_0077_m_000001_0:MAP:SORT:0.9014956
CPU/Time : 1.0394896331738437
Written/Time : 6070.990354066986
Add graph Data0.9014956 <> 1.0394896331738437
0.9448053017123677
CPU Intensive
Task Time : 156750
CPU Time : 162940
========================================
Task ID >> task_1455066125625_0077_m_000000 , runningTaskAttemptID >> attempt_1455066125625_0077_m_000000_0
Now >> 1455275569521 taskAttemptStartTime >> 1455275411819 , estimatedRunTime >> 196298 , estimatedEndTime >> 1455275608117
Task ID >> task_1455066125625_0077_m_000001 , runningTaskAttemptID >> attempt_1455066125625_0077_m_000001_0
Now >> 1455275569521 taskAttemptStartTime >> 1455275411815 , estimatedRunTime >> 173877 , estimatedEndTime >> 1455275585692
Task ID >> task_1455066125625_0077_m_000000 , runningTaskAttemptID >> attempt_1455066125625_0077_m_000000_0
Now >> 1455275570523 taskAttemptStartTime >> 1455275411819 , estimatedRunTime >> 196298 , estimatedEndTime >> 1455275608117
Task ID >> task_1455066125625_0077_m_000001 , runningTaskAttemptID >> attempt_1455066125625_0077_m_000001_0
Now >> 1455275570523 taskAttemptStartTime >> 1455275411815 , estimatedRunTime >> 173877 , estimatedEndTime >> 1455275585692
Task Size >> {0=134217728, 1=134217728, 2=86818935}
Task Size >> {0=134217728, 1=134217728, 2=86818935}
Update attemptID:attempt_1455066125625_0077_m_000000_0
attempt_1455066125625_0077_m_000000_0:MAP:SORT:0.8155308
CPU/Time : 1.010254867301014
Written/Time : 4886.24950794188
Add graph Data0.8155308 <> 1.010254867301014
0.901155001538464
CPU Intensive
Task Time : 159534
CPU Time : 161170
========================================
Task ID >> task_1455066125625_0077_m_000000 , runningTaskAttemptID >> attempt_1455066125625_0077_m_000000_0
Now >> 1455275571528 taskAttemptStartTime >> 1455275411819 , estimatedRunTime >> 195619 , estimatedEndTime >> 1455275607438
Task ID >> task_1455066125625_0077_m_000001 , runningTaskAttemptID >> attempt_1455066125625_0077_m_000001_0
Now >> 1455275571528 taskAttemptStartTime >> 1455275411815 , estimatedRunTime >> 173877 , estimatedEndTime >> 1455275585692
Task Size >> {0=134217728, 1=134217728, 2=86818935}
Update attemptID:attempt_1455066125625_0077_m_000001_0
attempt_1455066125625_0077_m_000001_0:MAP:SORT:0.92021525
CPU/Time : 1.0391406083811956
Written/Time : 6149.574339627364
Add graph Data0.92021525 <> 1.0391406083811956
0.9448053017123677
CPU Intensive
Task Time : 159834
CPU Time : 166090
========================================
Task ID >> task_1455066125625_0077_m_000000 , runningTaskAttemptID >> attempt_1455066125625_0077_m_000000_0
Now >> 1455275572533 taskAttemptStartTime >> 1455275411819 , estimatedRunTime >> 195619 , estimatedEndTime >> 1455275607438
Task ID >> task_1455066125625_0077_m_000001 , runningTaskAttemptID >> attempt_1455066125625_0077_m_000001_0
Now >> 1455275572533 taskAttemptStartTime >> 1455275411815 , estimatedRunTime >> 173691 , estimatedEndTime >> 1455275585506
Task ID >> task_1455066125625_0077_m_000000 , runningTaskAttemptID >> attempt_1455066125625_0077_m_000000_0
Now >> 1455275573536 taskAttemptStartTime >> 1455275411819 , estimatedRunTime >> 195619 , estimatedEndTime >> 1455275607438
Task ID >> task_1455066125625_0077_m_000001 , runningTaskAttemptID >> attempt_1455066125625_0077_m_000001_0
Now >> 1455275573536 taskAttemptStartTime >> 1455275411815 , estimatedRunTime >> 173691 , estimatedEndTime >> 1455275585506
Task Size >> {0=134217728, 1=134217728, 2=86818935}
Task Size >> {0=134217728, 1=134217728, 2=86818935}
Update attemptID:attempt_1455066125625_0077_m_000000_0
attempt_1455066125625_0077_m_000000_0:MAP:SORT:0.8356793
CPU/Time : 1.0104593891618345
Written/Time : 4994.024952499247
Add graph Data0.8356793 <> 1.0104593891618345
0.901155001538464
CPU Intensive
Task Time : 162629
CPU Time : 164330
========================================
Task ID >> task_1455066125625_0077_m_000000 , runningTaskAttemptID >> attempt_1455066125625_0077_m_000000_0
Now >> 1455275574542 taskAttemptStartTime >> 1455275411819 , estimatedRunTime >> 194606 , estimatedEndTime >> 1455275606425
Task ID >> task_1455066125625_0077_m_000001 , runningTaskAttemptID >> attempt_1455066125625_0077_m_000001_0
Now >> 1455275574542 taskAttemptStartTime >> 1455275411815 , estimatedRunTime >> 173691 , estimatedEndTime >> 1455275585506
Task Size >> {0=134217728, 1=134217728, 2=86818935}
Update attemptID:attempt_1455066125625_0077_m_000001_0
attempt_1455066125625_0077_m_000001_0:MAP:SORT:0.9369574
CPU/Time : 1.0389124163751304
Written/Time : 6205.434020745105
Add graph Data0.9369574 <> 1.0389124163751304
0.9448053017123677
CPU Intensive
Task Time : 162930
CPU Time : 169270
========================================
Task ID >> task_1455066125625_0077_m_000000 , runningTaskAttemptID >> attempt_1455066125625_0077_m_000000_0
Now >> 1455275575546 taskAttemptStartTime >> 1455275411819 , estimatedRunTime >> 194606 , estimatedEndTime >> 1455275606425
Task ID >> task_1455066125625_0077_m_000001 , runningTaskAttemptID >> attempt_1455066125625_0077_m_000001_0
Now >> 1455275575546 taskAttemptStartTime >> 1455275411815 , estimatedRunTime >> 173892 , estimatedEndTime >> 1455275585707
Task ID >> task_1455066125625_0077_m_000000 , runningTaskAttemptID >> attempt_1455066125625_0077_m_000000_0
Now >> 1455275576552 taskAttemptStartTime >> 1455275411819 , estimatedRunTime >> 194606 , estimatedEndTime >> 1455275606425
Task ID >> task_1455066125625_0077_m_000001 , runningTaskAttemptID >> attempt_1455066125625_0077_m_000001_0
Now >> 1455275576552 taskAttemptStartTime >> 1455275411815 , estimatedRunTime >> 173892 , estimatedEndTime >> 1455275585707
Task Size >> {0=134217728, 1=134217728, 2=86818935}
Update attemptID:attempt_1455066125625_0077_m_000000_0
attempt_1455066125625_0077_m_000000_0:MAP:SORT:0.8571421
CPU/Time : 1.0107355576877817
Written/Time : 5111.142078679146
Add graph Data0.8571421 <> 1.0107355576877817
0.901155001538464
CPU Intensive
Task Time : 165711
CPU Time : 167490
========================================
Task ID >> task_1455066125625_0077_m_000000 , runningTaskAttemptID >> attempt_1455066125625_0077_m_000000_0
Now >> 1455275577557 taskAttemptStartTime >> 1455275411819 , estimatedRunTime >> 193329 , estimatedEndTime >> 1455275605148
Task ID >> task_1455066125625_0077_m_000001 , runningTaskAttemptID >> attempt_1455066125625_0077_m_000001_0
Now >> 1455275577557 taskAttemptStartTime >> 1455275411815 , estimatedRunTime >> 173892 , estimatedEndTime >> 1455275585707
Task Size >> {0=134217728, 1=134217728, 2=86818935}
Task Size >> {0=134217728, 1=134217728, 2=86818935}
Update attemptID:attempt_1455066125625_0077_m_000001_0
attempt_1455066125625_0077_m_000001_0:MAP:SORT:0.95361173
CPU/Time : 1.0391534518998549
Written/Time : 6256.514879034444
Add graph Data0.95361173 <> 1.0391534518998549
0.9448053017123677
CPU Intensive
Task Time : 166039
CPU Time : 172540
========================================
Task ID >> task_1455066125625_0077_m_000000 , runningTaskAttemptID >> attempt_1455066125625_0077_m_000000_0
Now >> 1455275578559 taskAttemptStartTime >> 1455275411819 , estimatedRunTime >> 193329 , estimatedEndTime >> 1455275605148
Task ID >> task_1455066125625_0077_m_000001 , runningTaskAttemptID >> attempt_1455066125625_0077_m_000001_0
Now >> 1455275578559 taskAttemptStartTime >> 1455275411815 , estimatedRunTime >> 174115 , estimatedEndTime >> 1455275585930
Task ID >> task_1455066125625_0077_m_000000 , runningTaskAttemptID >> attempt_1455066125625_0077_m_000000_0
Now >> 1455275579564 taskAttemptStartTime >> 1455275411819 , estimatedRunTime >> 193329 , estimatedEndTime >> 1455275605148
Task ID >> task_1455066125625_0077_m_000001 , runningTaskAttemptID >> attempt_1455066125625_0077_m_000001_0
Now >> 1455275579564 taskAttemptStartTime >> 1455275411815 , estimatedRunTime >> 174115 , estimatedEndTime >> 1455275585930
Task ID >> task_1455066125625_0077_m_000000 , runningTaskAttemptID >> attempt_1455066125625_0077_m_000000_0
Now >> 1455275580566 taskAttemptStartTime >> 1455275411819 , estimatedRunTime >> 193329 , estimatedEndTime >> 1455275605148
Task ID >> task_1455066125625_0077_m_000001 , runningTaskAttemptID >> attempt_1455066125625_0077_m_000001_0
Now >> 1455275580566 taskAttemptStartTime >> 1455275411815 , estimatedRunTime >> 174115 , estimatedEndTime >> 1455275585930
Task Size >> {0=134217728, 1=134217728, 2=86818935}
Update attemptID:attempt_1455066125625_0077_m_000000_0
attempt_1455066125625_0077_m_000000_0:MAP:SORT:0.87474227
CPU/Time : 1.0107347243450753
Written/Time : 5187.249955568194
Add graph Data0.87474227 <> 1.0107347243450753
0.901155001538464
CPU Intensive
Task Time : 168798
CPU Time : 170610
========================================
Task Size >> {0=134217728, 1=134217728, 2=86818935}
Task Size >> {0=134217728, 1=134217728, 2=86818935}
Update attemptID:attempt_1455066125625_0077_m_000001_0
attempt_1455066125625_0077_m_000001_0:MAP:SORT:0.9710527
CPU/Time : 1.0386484856369076
Written/Time : 6316.535887034781
Add graph Data0.9710527 <> 1.0386484856369076
0.9448053017123677
CPU Intensive
Task Time : 169114
CPU Time : 175650
========================================
Task ID >> task_1455066125625_0077_m_000000 , runningTaskAttemptID >> attempt_1455066125625_0077_m_000000_0
Now >> 1455275581572 taskAttemptStartTime >> 1455275411819 , estimatedRunTime >> 192968 , estimatedEndTime >> 1455275604787
Task ID >> task_1455066125625_0077_m_000001 , runningTaskAttemptID >> attempt_1455066125625_0077_m_000001_0
Now >> 1455275581572 taskAttemptStartTime >> 1455275411815 , estimatedRunTime >> 174155 , estimatedEndTime >> 1455275585970
Task ID >> task_1455066125625_0077_m_000000 , runningTaskAttemptID >> attempt_1455066125625_0077_m_000000_0
Now >> 1455275582577 taskAttemptStartTime >> 1455275411819 , estimatedRunTime >> 192968 , estimatedEndTime >> 1455275604787
Task ID >> task_1455066125625_0077_m_000001 , runningTaskAttemptID >> attempt_1455066125625_0077_m_000001_0
Now >> 1455275582577 taskAttemptStartTime >> 1455275411815 , estimatedRunTime >> 174155 , estimatedEndTime >> 1455275585970
Task ID >> task_1455066125625_0077_m_000000 , runningTaskAttemptID >> attempt_1455066125625_0077_m_000000_0
Now >> 1455275583582 taskAttemptStartTime >> 1455275411819 , estimatedRunTime >> 192968 , estimatedEndTime >> 1455275604787
Task ID >> task_1455066125625_0077_m_000001 , runningTaskAttemptID >> attempt_1455066125625_0077_m_000001_0
Now >> 1455275583582 taskAttemptStartTime >> 1455275411815 , estimatedRunTime >> 174155 , estimatedEndTime >> 1455275585970
Task Size >> {0=134217728, 1=134217728, 2=86818935}
Update attemptID:attempt_1455066125625_0077_m_000000_0
attempt_1455066125625_0077_m_000000_0:MAP:SORT:0.8906108
CPU/Time : 1.0111522865968945
Written/Time : 5243.616616150745
Add graph Data0.8906108 <> 1.0111522865968945
0.901155001538464
CPU Intensive
Task Time : 171893
CPU Time : 173810
========================================
Task Size >> {0=134217728, 1=134217728, 2=86818935}
Task Size >> {0=134217728, 1=134217728, 2=86818935}
Update attemptID:attempt_1455066125625_0077_m_000001_0
attempt_1455066125625_0077_m_000001_0:MAP:SORT:0.9861543
CPU/Time : 1.038235499082441
Written/Time : 6351.383220283863
Add graph Data0.9861543 <> 1.038235499082441
0.9448053017123677
CPU Intensive
Task Time : 172196
CPU Time : 178780
========================================
Task ID >> task_1455066125625_0077_m_000000 , runningTaskAttemptID >> attempt_1455066125625_0077_m_000000_0
Now >> 1455275584587 taskAttemptStartTime >> 1455275411819 , estimatedRunTime >> 193005 , estimatedEndTime >> 1455275604824
Task ID >> task_1455066125625_0077_m_000001 , runningTaskAttemptID >> attempt_1455066125625_0077_m_000001_0
Now >> 1455275584587 taskAttemptStartTime >> 1455275411815 , estimatedRunTime >> 174613 , estimatedEndTime >> 1455275586428
Task ID >> task_1455066125625_0077_m_000000 , runningTaskAttemptID >> attempt_1455066125625_0077_m_000000_0
Now >> 1455275585592 taskAttemptStartTime >> 1455275411819 , estimatedRunTime >> 193005 , estimatedEndTime >> 1455275604824
Task ID >> task_1455066125625_0077_m_000001 , runningTaskAttemptID >> attempt_1455066125625_0077_m_000001_0
Now >> 1455275585592 taskAttemptStartTime >> 1455275411815 , estimatedRunTime >> 174613 , estimatedEndTime >> 1455275586428
Task ID >> task_1455066125625_0077_m_000000 , runningTaskAttemptID >> attempt_1455066125625_0077_m_000000_0
Now >> 1455275586596 taskAttemptStartTime >> 1455275411819 , estimatedRunTime >> 193005 , estimatedEndTime >> 1455275604824
Task ID >> task_1455066125625_0077_m_000001 , runningTaskAttemptID >> attempt_1455066125625_0077_m_000001_0
Now >> 1455275586596 taskAttemptStartTime >> 1455275411815 , estimatedRunTime >> 174613 , estimatedEndTime >> 1455275586428
Task Size >> {0=134217728, 1=134217728, 2=86818935}
Update attemptID:attempt_1455066125625_0077_m_000000_0
attempt_1455066125625_0077_m_000000_0:MAP:SORT:0.9027517
CPU/Time : 1.0068916648570807
Written/Time : 5261.827256934524
Add graph Data0.9027517 <> 1.0068916648570807
0.901155001538464
CPU Intensive
Task Time : 174994
CPU Time : 176200
========================================
Task Size >> {0=134217728, 1=134217728, 2=86818935}
Task Size >> {0=134217728, 1=134217728, 2=86818935}
Update attemptID:attempt_1455066125625_0077_m_000001_0
attempt_1455066125625_0077_m_000001_0:MAP:SORT:1.0
CPU/Time : 1.0386350801736381
Written/Time : 6374.2272299451815
Add graph Data1.0 <> 1.0386350801736381
0.9448053017123677
CPU Intensive
Task Time : 175307
CPU Time : 182080
========================================
Task Size >> {0=134217728, 1=134217728, 2=86818935}
Update attemptID:attempt_1455066125625_0077_m_000001_0
attempt_1455066125625_0077_m_000001_0:MAP:SORT:1.0
CPU/Time : 1.039219147736656
Written/Time : 6363.482702459525
Add graph Data1.0 <> 1.039219147736656
0.9448053017123677
CPU Intensive
Task Time : 175603
CPU Time : 182490
========================================
Task Size >> {0=134217728, 1=134217728, 2=86818935}
Task ID >> task_1455066125625_0077_m_000000 , runningTaskAttemptID >> attempt_1455066125625_0077_m_000000_0
Now >> 1455275587601 taskAttemptStartTime >> 1455275411819 , estimatedRunTime >> 193845 , estimatedEndTime >> 1455275605664
Task ID >> task_1455066125625_0077_m_000000 , runningTaskAttemptID >> attempt_1455066125625_0077_m_000000_0
Now >> 1455275588605 taskAttemptStartTime >> 1455275411819 , estimatedRunTime >> 193845 , estimatedEndTime >> 1455275605664
Task ID >> task_1455066125625_0077_m_000000 , runningTaskAttemptID >> attempt_1455066125625_0077_m_000000_0
Now >> 1455275589606 taskAttemptStartTime >> 1455275411819 , estimatedRunTime >> 193845 , estimatedEndTime >> 1455275605664
Task Size >> {0=134217728, 1=134217728, 2=86818935}
Update attemptID:attempt_1455066125625_0077_m_000000_0
attempt_1455066125625_0077_m_000000_0:MAP:SORT:0.91884923
CPU/Time : 1.0071934366208255
Written/Time : 5318.4354303427135
Add graph Data0.91884923 <> 1.0071934366208255
0.901155001538464
CPU Intensive
Task Time : 178079
CPU Time : 179360
========================================
Task Size >> {0=134217728, 1=134217728, 2=86818935}
Task ID >> task_1455066125625_0077_m_000000 , runningTaskAttemptID >> attempt_1455066125625_0077_m_000000_0
Now >> 1455275590610 taskAttemptStartTime >> 1455275411819 , estimatedRunTime >> 193806 , estimatedEndTime >> 1455275605625
Task ID >> task_1455066125625_0077_m_000000 , runningTaskAttemptID >> attempt_1455066125625_0077_m_000000_0
Now >> 1455275591615 taskAttemptStartTime >> 1455275411819 , estimatedRunTime >> 193806 , estimatedEndTime >> 1455275605625
Task ID >> task_1455066125625_0077_m_000000 , runningTaskAttemptID >> attempt_1455066125625_0077_m_000000_0
Now >> 1455275592618 taskAttemptStartTime >> 1455275411819 , estimatedRunTime >> 193806 , estimatedEndTime >> 1455275605625
Task Size >> {0=134217728, 1=134217728, 2=86818935}
Update attemptID:attempt_1455066125625_0077_m_000000_0
attempt_1455066125625_0077_m_000000_0:MAP:SORT:0.93525314
CPU/Time : 1.007925644648534
Written/Time : 5373.208379327093
Add graph Data0.93525314 <> 1.007925644648534
0.901155001538464
CPU Intensive
Task Time : 181184
CPU Time : 182620
========================================
Task Size >> {0=134217728, 1=134217728, 2=86818935}
Task ID >> task_1455066125625_0077_m_000000 , runningTaskAttemptID >> attempt_1455066125625_0077_m_000000_0
Now >> 1455275593621 taskAttemptStartTime >> 1455275411819 , estimatedRunTime >> 193727 , estimatedEndTime >> 1455275605546
Task ID >> task_1455066125625_0077_m_000000 , runningTaskAttemptID >> attempt_1455066125625_0077_m_000000_0
Now >> 1455275594625 taskAttemptStartTime >> 1455275411819 , estimatedRunTime >> 193727 , estimatedEndTime >> 1455275605546
Task ID >> task_1455066125625_0077_m_000000 , runningTaskAttemptID >> attempt_1455066125625_0077_m_000000_0
Now >> 1455275595628 taskAttemptStartTime >> 1455275411819 , estimatedRunTime >> 193727 , estimatedEndTime >> 1455275605546
Task Size >> {0=134217728, 1=134217728, 2=86818935}
Update attemptID:attempt_1455066125625_0077_m_000000_0
attempt_1455066125625_0077_m_000000_0:MAP:SORT:0.9517877
CPU/Time : 1.0096479763112083
Written/Time : 5421.4163435308665
Add graph Data0.9517877 <> 1.0096479763112083
0.901155001538464
CPU Intensive
Task Time : 184391
CPU Time : 186170
========================================
Task Size >> {0=134217728, 1=134217728, 2=86818935}
Task ID >> task_1455066125625_0077_m_000000 , runningTaskAttemptID >> attempt_1455066125625_0077_m_000000_0
Now >> 1455275596632 taskAttemptStartTime >> 1455275411819 , estimatedRunTime >> 193731 , estimatedEndTime >> 1455275605550
Task ID >> task_1455066125625_0077_m_000000 , runningTaskAttemptID >> attempt_1455066125625_0077_m_000000_0
Now >> 1455275597635 taskAttemptStartTime >> 1455275411819 , estimatedRunTime >> 193731 , estimatedEndTime >> 1455275605550
Task ID >> task_1455066125625_0077_m_000000 , runningTaskAttemptID >> attempt_1455066125625_0077_m_000000_0
Now >> 1455275598639 taskAttemptStartTime >> 1455275411819 , estimatedRunTime >> 193731 , estimatedEndTime >> 1455275605550
Task Size >> {0=134217728, 1=134217728, 2=86818935}
Update attemptID:attempt_1455066125625_0077_m_000000_0
attempt_1455066125625_0077_m_000000_0:MAP:SORT:0.96883523
CPU/Time : 1.0102680357380984
Written/Time : 5483.883808507801
Add graph Data0.96883523 <> 1.0102680357380984
0.901155001538464
CPU Intensive
Task Time : 187475
CPU Time : 189400
========================================
Task ID >> task_1455066125625_0077_m_000000 , runningTaskAttemptID >> attempt_1455066125625_0077_m_000000_0
Now >> 1455275599642 taskAttemptStartTime >> 1455275411819 , estimatedRunTime >> 193505 , estimatedEndTime >> 1455275605324
Task Size >> {0=134217728, 1=134217728, 2=86818935}
Task ID >> task_1455066125625_0077_m_000000 , runningTaskAttemptID >> attempt_1455066125625_0077_m_000000_0
Now >> 1455275600646 taskAttemptStartTime >> 1455275411819 , estimatedRunTime >> 193505 , estimatedEndTime >> 1455275605324
Task ID >> task_1455066125625_0077_m_000000 , runningTaskAttemptID >> attempt_1455066125625_0077_m_000000_0
Now >> 1455275601649 taskAttemptStartTime >> 1455275411819 , estimatedRunTime >> 193505 , estimatedEndTime >> 1455275605324
Task Size >> {0=134217728, 1=134217728, 2=86818935}
Update attemptID:attempt_1455066125625_0077_m_000000_0
attempt_1455066125625_0077_m_000000_0:MAP:SORT:0.98391175
CPU/Time : 1.0104535102173617
Written/Time : 5523.40738777695
Add graph Data0.98391175 <> 1.0104535102173617
0.901155001538464
CPU Intensive
Task Time : 190558
CPU Time : 192550
========================================
Task ID >> task_1455066125625_0077_m_000000 , runningTaskAttemptID >> attempt_1455066125625_0077_m_000000_0
Now >> 1455275602653 taskAttemptStartTime >> 1455275411819 , estimatedRunTime >> 193673 , estimatedEndTime >> 1455275605492
Task Size >> {0=134217728, 1=134217728, 2=86818935}
Task ID >> task_1455066125625_0077_m_000000 , runningTaskAttemptID >> attempt_1455066125625_0077_m_000000_0
Now >> 1455275603656 taskAttemptStartTime >> 1455275411819 , estimatedRunTime >> 193673 , estimatedEndTime >> 1455275605492
Task ID >> task_1455066125625_0077_m_000000 , runningTaskAttemptID >> attempt_1455066125625_0077_m_000000_0
Now >> 1455275604659 taskAttemptStartTime >> 1455275411819 , estimatedRunTime >> 193673 , estimatedEndTime >> 1455275605492
Task Size >> {0=134217728, 1=134217728, 2=86818935}
Update attemptID:attempt_1455066125625_0077_m_000000_0
attempt_1455066125625_0077_m_000000_0:MAP:SORT:0.99892265
CPU/Time : 1.0105402320813472
Written/Time : 5560.973347311234
Add graph Data0.99892265 <> 1.0105402320813472
0.901155001538464
CPU Intensive
Task Time : 193639
CPU Time : 195680
========================================
Task ID >> task_1455066125625_0077_m_000000 , runningTaskAttemptID >> attempt_1455066125625_0077_m_000000_0
Now >> 1455275605663 taskAttemptStartTime >> 1455275411819 , estimatedRunTime >> 193847 , estimatedEndTime >> 1455275605666
Task Size >> {0=134217728, 1=134217728, 2=86818935}
Task Size >> {0=134217728, 1=134217728, 2=86818935}
Update attemptID:attempt_1455066125625_0077_m_000000_0
attempt_1455066125625_0077_m_000000_0:MAP:SORT:1.0
CPU/Time : 1.010509421441689
Written/Time : 5551.103972797934
Add graph Data1.0 <> 1.010509421441689
0.901155001538464
CPU Intensive
Task Time : 194397
CPU Time : 196440
========================================