Now Use estimatorClass : org.apache.hadoop.mapreduce.v2.app.speculate.LegacyTaskRuntimeEstimator_Fixed
serviceStart
attempt_1454305919848_0063_m_000000_0 : spilledRecord org.apache.hadoop.mapred.Counters$Counter@c553d160
TaskStatusClass : >> 0.1554464
Task Size >> {0=60439224}
Update attemptID:attempt_1454305919848_0063_m_000000_0
attempt_1454305919848_0063_m_000000_0:MAP:MAP:0.1554464
FILE_BYTES_READ : 0
HDFS_BYTES_READ : 13426817
FILE_BYTES_WRITTEN : 115357
HBW_BYTES_WRITTEN : 0
CPU/Time : 0.5033308660251665
Written/Time : 5.6924253639279545
FinishedSize : 9395059.504198194
Add graph Data0.1554464 <> 0.5033308660251665
-1.0
I/O Intensive
Task Time : 20265
CPU Time : 10200
========================================
TaskStatusClass : >> 0.23310307
Task Size >> {0=60439224}
Update attemptID:attempt_1454305919848_0063_m_000000_0
attempt_1454305919848_0063_m_000000_0:MAP:MAP:0.23310307
FILE_BYTES_READ : 0
HDFS_BYTES_READ : 21123201
FILE_BYTES_WRITTEN : 115357
HBW_BYTES_WRITTEN : 0
CPU/Time : 0.6878893914824614
Written/Time : 4.92263377997781
FinishedSize : 1.4088568462329626E7
Add graph Data0.23310307 <> 0.6878893914824614
0.6878893914824614
CPU Intensive
Task Time : 23434
CPU Time : 16120
========================================
TaskStatusClass : >> 0.23310307
Task Size >> {0=60439224}
Update attemptID:attempt_1454305919848_0063_m_000000_0
attempt_1454305919848_0063_m_000000_0:MAP:MAP:0.23310307
FILE_BYTES_READ : 0
HDFS_BYTES_READ : 21123201
FILE_BYTES_WRITTEN : 115357
HBW_BYTES_WRITTEN : 0
CPU/Time : 0.7277516462841016
Written/Time : 4.3408090310442144
FinishedSize : 1.4088568462329626E7
Add graph Data0.23310307 <> 0.7277516462841016
0.7078205188832816
CPU Intensive
Task Time : 26575
CPU Time : 19340
========================================
TaskStatusClass : >> 0.23310307
Task Size >> {0=60439224}
Update attemptID:attempt_1454305919848_0063_m_000000_0
attempt_1454305919848_0063_m_000000_0:MAP:MAP:0.23310307
FILE_BYTES_READ : 0
HDFS_BYTES_READ : 21123201
FILE_BYTES_WRITTEN : 13642875
HBW_BYTES_WRITTEN : 0
CPU/Time : 0.7796929706436844
Written/Time : 459.2942028009696
FinishedSize : 1.4088568462329626E7
Add graph Data0.23310307 <> 0.7796929706436844
0.743756744763483
CPU Intensive
Task Time : 29704
CPU Time : 23160
========================================
TaskStatusClass : >> 0.23310307
Task Size >> {0=60439224}
Update attemptID:attempt_1454305919848_0063_m_000000_0
attempt_1454305919848_0063_m_000000_0:MAP:MAP:0.23310307
FILE_BYTES_READ : 0
HDFS_BYTES_READ : 21123201
FILE_BYTES_WRITTEN : 63071007
HBW_BYTES_WRITTEN : 0
CPU/Time : 0.8047027290448343
Written/Time : 1921.0223866959063
FinishedSize : 1.4088568462329626E7
Add graph Data0.23310307 <> 0.8047027290448343
0.7742297369041586
CPU Intensive
Task Time : 32832
CPU Time : 26420
========================================
TaskStatusClass : >> 0.40402138
Task Size >> {0=60439224}
Update attemptID:attempt_1454305919848_0063_m_000000_0
attempt_1454305919848_0063_m_000000_0:MAP:MAP:0.40402138
FILE_BYTES_READ : 0
HDFS_BYTES_READ : 36610177
FILE_BYTES_WRITTEN : 67184734
HBW_BYTES_WRITTEN : 0
CPU/Time : 0.8740505029768014
Written/Time : 1724.100133442825
FinishedSize : 2.4418738827544212E7
Add graph Data0.40402138 <> 0.8740505029768014
0.7742297369041586
CPU Intensive
Task Time : 38968
CPU Time : 34060
========================================
TaskStatusClass : >> 0.40402138
Task Size >> {0=60439224}
Update attemptID:attempt_1454305919848_0063_m_000000_0
attempt_1454305919848_0063_m_000000_0:MAP:MAP:0.40402138
FILE_BYTES_READ : 0
HDFS_BYTES_READ : 36610177
FILE_BYTES_WRITTEN : 67184734
HBW_BYTES_WRITTEN : 0
CPU/Time : 0.8855737938570445
Written/Time : 1595.9506378126707
FinishedSize : 2.4418738827544212E7
Add graph Data0.40402138 <> 0.8855737938570445
0.7742297369041586
CPU Intensive
Task Time : 42097
CPU Time : 37280
========================================
TaskStatusClass : >> 0.40402138
Task Size >> {0=60439224}
Update attemptID:attempt_1454305919848_0063_m_000000_0
attempt_1454305919848_0063_m_000000_0:MAP:MAP:0.40402138
FILE_BYTES_READ : 0
HDFS_BYTES_READ : 36610177
FILE_BYTES_WRITTEN : 119789657
HBW_BYTES_WRITTEN : 0
CPU/Time : 0.8966310018569281
Written/Time : 2648.1045406313556
FinishedSize : 2.4418738827544212E7
Add graph Data0.40402138 <> 0.8966310018569281
0.7742297369041586
CPU Intensive
Task Time : 45236
CPU Time : 40560
========================================
TaskStatusClass : >> 0.5105732
Task Size >> {0=60439224}
Update attemptID:attempt_1454305919848_0063_m_000000_0
attempt_1454305919848_0063_m_000000_0:MAP:MAP:0.5105732
FILE_BYTES_READ : 0
HDFS_BYTES_READ : 45752449
FILE_BYTES_WRITTEN : 135830654
HBW_BYTES_WRITTEN : 0
CPU/Time : 0.9329970436831986
Written/Time : 2808.1010109363046
FinishedSize : 3.0858648506780148E7
Add graph Data0.5105732 <> 0.9329970436831986
0.7742297369041586
CPU Intensive
Task Time : 48371
CPU Time : 45130
========================================
TaskStatusClass : >> 0.59480476
Task Size >> {0=60439224}
Update attemptID:attempt_1454305919848_0063_m_000000_0
attempt_1454305919848_0063_m_000000_0:MAP:MAP:0.59480476
FILE_BYTES_READ : 0
HDFS_BYTES_READ : 53899393
FILE_BYTES_WRITTEN : 135830654
HBW_BYTES_WRITTEN : 0
CPU/Time : 0.9690441533236293
Written/Time : 2636.2087142163996
FinishedSize : 3.594953835520935E7
Add graph Data0.59480476 <> 0.9690441533236293
0.7742297369041586
CPU Intensive
Task Time : 51525
CPU Time : 49930
========================================
TaskStatusClass : >> 0.59480476
Task Size >> {0=60439224}
Update attemptID:attempt_1454305919848_0063_m_000000_0
attempt_1454305919848_0063_m_000000_0:MAP:MAP:0.59480476
FILE_BYTES_READ : 0
HDFS_BYTES_READ : 53899393
FILE_BYTES_WRITTEN : 135830654
HBW_BYTES_WRITTEN : 0
CPU/Time : 0.9732391272514277
Written/Time : 2486.2837531117293
FinishedSize : 3.594953835520935E7
Add graph Data0.59480476 <> 0.9732391272514277
0.7742297369041586
CPU Intensive
Task Time : 54632
CPU Time : 53170
========================================
TaskStatusClass : >> 0.59480476
Task Size >> {0=60439224}
Update attemptID:attempt_1454305919848_0063_m_000000_0
attempt_1454305919848_0063_m_000000_0:MAP:MAP:0.59480476
FILE_BYTES_READ : 0
HDFS_BYTES_READ : 53899393
FILE_BYTES_WRITTEN : 165643873
HBW_BYTES_WRITTEN : 0
CPU/Time : 0.9761673825689344
Written/Time : 2868.9876853263127
FinishedSize : 3.594953835520935E7
Add graph Data0.59480476 <> 0.9761673825689344
0.7742297369041586
CPU Intensive
Task Time : 57736
CPU Time : 56360
========================================
TaskStatusClass : >> 0.6619897
Task Size >> {0=60439224}
Update attemptID:attempt_1454305919848_0063_m_000000_0
attempt_1454305919848_0063_m_000000_0:MAP:MAP:0.6619897
FILE_BYTES_READ : 0
HDFS_BYTES_READ : 59285633
FILE_BYTES_WRITTEN : 204853324
HBW_BYTES_WRITTEN : 0
CPU/Time : 0.9829852166636586
Written/Time : 3361.171575303132
FinishedSize : 4.001014309150314E7
Add graph Data0.6619897 <> 0.9829852166636586
0.7742297369041586
CPU Intensive
Task Time : 60947
CPU Time : 59910
========================================
TaskStatusClass : >> 0.6619897
Task Size >> {0=60439224}
Update attemptID:attempt_1454305919848_0063_m_000000_0
attempt_1454305919848_0063_m_000000_0:MAP:SORT:0.6619897
FILE_BYTES_READ : 0
HDFS_BYTES_READ : 59285633
FILE_BYTES_WRITTEN : 204853324
HBW_BYTES_WRITTEN : 0
CPU/Time : 0.9816644546035491
Written/Time : 3356.655426108899
FinishedSize : 4.001014309150314E7
Add graph Data0.6619897 <> 0.9816644546035491
0.7742297369041586
CPU Intensive
Task Time : 61029
CPU Time : 59910
========================================
TaskStatusClass : >> 0.667
Task Size >> {0=60439224}
Update attemptID:attempt_1454305919848_0063_m_000000_0
attempt_1454305919848_0063_m_000000_0:MAP:SORT:0.667
FILE_BYTES_READ : 0
HDFS_BYTES_READ : 60439353
FILE_BYTES_WRITTEN : 204853324
HBW_BYTES_WRITTEN : 0
CPU/Time : 0.9852954949892292
Written/Time : 3197.735381349318
FinishedSize : 4.031296214862299E7
Add graph Data0.667 <> 0.9852954949892292
0.7742297369041586
CPU Intensive
Task Time : 64062
CPU Time : 63120
========================================
TaskStatusClass : >> 0.667
Task Size >> {0=60439224}
Update attemptID:attempt_1454305919848_0063_m_000000_0
attempt_1454305919848_0063_m_000000_0:MAP:SORT:0.667
FILE_BYTES_READ : 0
HDFS_BYTES_READ : 60439353
FILE_BYTES_WRITTEN : 237190570
HBW_BYTES_WRITTEN : 0
CPU/Time : 0.9868401464852473
Written/Time : 3530.9877333492127
FinishedSize : 4.031296214862299E7
Add graph Data0.667 <> 0.9868401464852473
0.7742297369041586
CPU Intensive
Task Time : 67174
CPU Time : 66290
========================================
TaskStatusClass : >> 0.68933505
Task Size >> {0=60439224}
Update attemptID:attempt_1454305919848_0063_m_000000_0
attempt_1454305919848_0063_m_000000_0:MAP:SORT:0.68933505
FILE_BYTES_READ : 16093444
HDFS_BYTES_READ : 60439353
FILE_BYTES_WRITTEN : 264304427
HBW_BYTES_WRITTEN : 0
CPU/Time : 0.9983780092197371
Written/Time : 3760.5205594445392
FinishedSize : 4.166287538913202E7
Add graph Data0.68933505 <> 0.9983780092197371
0.7742297369041586
CPU Intensive
Task Time : 70284
CPU Time : 70170
========================================
TaskStatusClass : >> 0.7302165
Task Size >> {0=60439224}
Update attemptID:attempt_1454305919848_0063_m_000000_0
attempt_1454305919848_0063_m_000000_0:MAP:SORT:0.7302165
FILE_BYTES_READ : 45975661
HDFS_BYTES_READ : 60439353
FILE_BYTES_WRITTEN : 294184971
HBW_BYTES_WRITTEN : 0
CPU/Time : 1.0014980253302466
Written/Time : 4006.332166689364
FinishedSize : 4.413371880197525E7
Add graph Data0.7302165 <> 1.0014980253302466
0.7742297369041586
CPU Intensive
Task Time : 73430
CPU Time : 73540
========================================
TaskStatusClass : >> 0.77159035
Task Size >> {0=60439224}
Update attemptID:attempt_1454305919848_0063_m_000000_0
attempt_1454305919848_0063_m_000000_0:MAP:SORT:0.77159035
FILE_BYTES_READ : 77401924
HDFS_BYTES_READ : 60439353
FILE_BYTES_WRITTEN : 325612459
HBW_BYTES_WRITTEN : 0
CPU/Time : 1.0022344470723517
Written/Time : 4254.7590978583285
FinishedSize : 4.663432212429714E7
Add graph Data0.77159035 <> 1.0022344470723517
0.7742297369041586
CPU Intensive
Task Time : 76529
CPU Time : 76700
========================================
TaskStatusClass : >> 0.81422305
Task Size >> {0=60439224}
Update attemptID:attempt_1454305919848_0063_m_000000_0
attempt_1454305919848_0063_m_000000_0:MAP:SORT:0.81422305
FILE_BYTES_READ : 108878064
HDFS_BYTES_READ : 60439353
FILE_BYTES_WRITTEN : 357092720
HBW_BYTES_WRITTEN : 0
CPU/Time : 1.0032021096251649
Written/Time : 4484.117787405035
FinishedSize : 4.92110093696537E7
Add graph Data0.81422305 <> 1.0032021096251649
0.7742297369041586
CPU Intensive
Task Time : 79635
CPU Time : 79890
========================================
TaskStatusClass : >> 0.8624237
Task Size >> {0=60439224}
Update attemptID:attempt_1454305919848_0063_m_000000_0
attempt_1454305919848_0063_m_000000_0:MAP:SORT:0.8624237
FILE_BYTES_READ : 144640332
HDFS_BYTES_READ : 60439353
FILE_BYTES_WRITTEN : 392849297
HBW_BYTES_WRITTEN : 0
CPU/Time : 1.003819008024751
Written/Time : 4747.767777724064
FinishedSize : 5.212422027364111E7
Add graph Data0.8624237 <> 1.003819008024751
0.7742297369041586
CPU Intensive
Task Time : 82744
CPU Time : 83060
========================================
TaskStatusClass : >> 0.90460217
Task Size >> {0=60439224}
Update attemptID:attempt_1454305919848_0063_m_000000_0
attempt_1454305919848_0063_m_000000_0:MAP:SORT:0.90460217
FILE_BYTES_READ : 176397808
HDFS_BYTES_READ : 60439353
FILE_BYTES_WRITTEN : 424608773
HBW_BYTES_WRITTEN : 0
CPU/Time : 1.005054975773388
Written/Time : 4945.592305721208
FinishedSize : 5.46734531829443E7
Add graph Data0.90460217 <> 1.005054975773388
0.7742297369041586
CPU Intensive
Task Time : 85856
CPU Time : 86290
========================================
TaskStatusClass : >> 0.94676805
Task Size >> {0=60439224}
Update attemptID:attempt_1454305919848_0063_m_000000_0
attempt_1454305919848_0063_m_000000_0:MAP:SORT:0.94676805
FILE_BYTES_READ : 207412023
HDFS_BYTES_READ : 60439353
FILE_BYTES_WRITTEN : 455626439
HBW_BYTES_WRITTEN : 0
CPU/Time : 1.006921814953817
Written/Time : 5119.743342247792
FinishedSize : 5.7221925973508835E7
Add graph Data0.94676805 <> 1.006921814953817
0.7742297369041586
CPU Intensive
Task Time : 88994
CPU Time : 89610
========================================
TaskStatusClass : >> 0.9818363
Task Size >> {0=60439224}
Update attemptID:attempt_1454305919848_0063_m_000000_0
attempt_1454305919848_0063_m_000000_0:MAP:SORT:0.9818363
FILE_BYTES_READ : 234011933
HDFS_BYTES_READ : 60439353
FILE_BYTES_WRITTEN : 482221792
HBW_BYTES_WRITTEN : 0
CPU/Time : 1.0074262263044753
Written/Time : 5235.5090004994245
FinishedSize : 5.934142521354675E7
Add graph Data0.9818363 <> 1.0074262263044753
0.7742297369041586
CPU Intensive
Task Time : 92106
CPU Time : 92790
========================================
TaskStatusClass : >> 1.0
Task Size >> {0=60439224}
Update attemptID:attempt_1454305919848_0063_m_000000_0
attempt_1454305919848_0063_m_000000_0:MAP:SORT:1.0
FILE_BYTES_READ : 248102529
HDFS_BYTES_READ : 60439353
FILE_BYTES_WRITTEN : 496320429
HBW_BYTES_WRITTEN : 0
CPU/Time : 1.0078579836477588
Written/Time : 5263.262908408361
FinishedSize : 6.0439224E7
Add graph Data1.0 <> 1.0078579836477588
0.7742297369041586
CPU Intensive
Task Time : 94299
CPU Time : 95040
========================================