serviceStart
attempt_1454305919848_0060_m_000000_0 : spilledRecord org.apache.hadoop.mapred.Counters$Counter@c553d160
TaskStatusClass : >> 0.14174448
Task Size >> {0=59750428}
Update attemptID:attempt_1454305919848_0060_m_000000_0
attempt_1454305919848_0060_m_000000_0:MAP:MAP:0.14174448
FILE_BYTES_READ : 0
HDFS_BYTES_READ : 12030081
FILE_BYTES_WRITTEN : 115357
HBW_BYTES_WRITTEN : 0
CPU/Time : 0.47394493664856624
Written/Time : 5.494760407735543
FinishedSize : 8469293.3189736
Add graph Data0.14174448 <> 0.47394493664856624
-1.0
I/O Intensive
Task Time : 20994
CPU Time : 9950
========================================
TaskStatusClass : >> 0.2550667
Task Size >> {0=59750428}
Update attemptID:attempt_1454305919848_0060_m_000000_0
attempt_1454305919848_0060_m_000000_0:MAP:MAP:0.2550667
FILE_BYTES_READ : 0
HDFS_BYTES_READ : 22851713
FILE_BYTES_WRITTEN : 115357
HBW_BYTES_WRITTEN : 0
CPU/Time : 0.6474313863476425
Written/Time : 4.775303224738171
FinishedSize : 1.5240344065085173E7
Add graph Data0.2550667 <> 0.6474313863476425
0.6474313863476425
CPU Intensive
Task Time : 24157
CPU Time : 15640
========================================
TaskStatusClass : >> 0.2550667
Task Size >> {0=59750428}
Update attemptID:attempt_1454305919848_0060_m_000000_0
attempt_1454305919848_0060_m_000000_0:MAP:MAP:0.2550667
FILE_BYTES_READ : 0
HDFS_BYTES_READ : 22851713
FILE_BYTES_WRITTEN : 115357
HBW_BYTES_WRITTEN : 0
CPU/Time : 0.6944953455984754
Written/Time : 4.227699186395954
FinishedSize : 1.5240344065085173E7
Add graph Data0.2550667 <> 0.6944953455984754
0.670963365973059
CPU Intensive
Task Time : 27286
CPU Time : 18950
========================================
TaskStatusClass : >> 0.2550667
Task Size >> {0=59750428}
Update attemptID:attempt_1454305919848_0060_m_000000_0
attempt_1454305919848_0060_m_000000_0:MAP:MAP:0.2550667
FILE_BYTES_READ : 0
HDFS_BYTES_READ : 22851713
FILE_BYTES_WRITTEN : 115357
HBW_BYTES_WRITTEN : 0
CPU/Time : 0.7283962791309206
Written/Time : 3.7917693850047662
FinishedSize : 1.5240344065085173E7
Add graph Data0.2550667 <> 0.7283962791309206
0.6996798225519898
CPU Intensive
Task Time : 30423
CPU Time : 22160
========================================
TaskStatusClass : >> 0.2550667
Task Size >> {0=59750428}
Update attemptID:attempt_1454305919848_0060_m_000000_0
attempt_1454305919848_0060_m_000000_0:MAP:MAP:0.2550667
FILE_BYTES_READ : 0
HDFS_BYTES_READ : 22851713
FILE_BYTES_WRITTEN : 44701391
HBW_BYTES_WRITTEN : 0
CPU/Time : 0.7753970855559198
Written/Time : 1332.1033167446435
FinishedSize : 1.5240344065085173E7
Add graph Data0.2550667 <> 0.7753970855559198
0.7375384540539548
CPU Intensive
Task Time : 33557
CPU Time : 26020
========================================
TaskStatusClass : >> 0.33266383
Task Size >> {0=59750428}
Update attemptID:attempt_1454305919848_0060_m_000000_0
attempt_1454305919848_0060_m_000000_0:MAP:MAP:0.33266383
FILE_BYTES_READ : 0
HDFS_BYTES_READ : 29290625
FILE_BYTES_WRITTEN : 65739118
HBW_BYTES_WRITTEN : 0
CPU/Time : 0.8017004114777775
Written/Time : 1791.403057470638
FinishedSize : 1.9876806467297316E7
Add graph Data0.33266383 <> 0.8017004114777775
0.7375384540539548
CPU Intensive
Task Time : 36697
CPU Time : 29420
========================================
TaskStatusClass : >> 0.44558957
Task Size >> {0=59750428}
Update attemptID:attempt_1454305919848_0060_m_000000_0
attempt_1454305919848_0060_m_000000_0:MAP:MAP:0.44558957
FILE_BYTES_READ : 0
HDFS_BYTES_READ : 39919745
FILE_BYTES_WRITTEN : 65739118
HBW_BYTES_WRITTEN : 0
CPU/Time : 0.8629479870407113
Written/Time : 1651.031418740739
FinishedSize : 2.6624167650763392E7
Add graph Data0.44558957 <> 0.8629479870407113
0.7375384540539548
CPU Intensive
Task Time : 39817
CPU Time : 34360
========================================
TaskStatusClass : >> 0.44558957
Task Size >> {0=59750428}
Update attemptID:attempt_1454305919848_0060_m_000000_0
attempt_1454305919848_0060_m_000000_0:MAP:MAP:0.44558957
FILE_BYTES_READ : 0
HDFS_BYTES_READ : 39919745
FILE_BYTES_WRITTEN : 65739118
HBW_BYTES_WRITTEN : 0
CPU/Time : 0.8760823014616889
Written/Time : 1530.0977097104553
FinishedSize : 2.6624167650763392E7
Add graph Data0.44558957 <> 0.8760823014616889
0.7375384540539548
CPU Intensive
Task Time : 42964
CPU Time : 37640
========================================
TaskStatusClass : >> 0.44558957
Task Size >> {0=59750428}
Update attemptID:attempt_1454305919848_0060_m_000000_0
attempt_1454305919848_0060_m_000000_0:MAP:MAP:0.44558957
FILE_BYTES_READ : 0
HDFS_BYTES_READ : 39919745
FILE_BYTES_WRITTEN : 77683910
HBW_BYTES_WRITTEN : 0
CPU/Time : 0.8904065040650406
Written/Time : 1684.2040108401084
FinishedSize : 2.6624167650763392E7
Add graph Data0.44558957 <> 0.8904065040650406
0.7375384540539548
CPU Intensive
Task Time : 46125
CPU Time : 41070
========================================
TaskStatusClass : >> 0.45232174
Task Size >> {0=59750428}
Update attemptID:attempt_1454305919848_0060_m_000000_0
attempt_1454305919848_0060_m_000000_0:MAP:MAP:0.45232174
FILE_BYTES_READ : 0
HDFS_BYTES_READ : 40026241
FILE_BYTES_WRITTEN : 133689360
HBW_BYTES_WRITTEN : 0
CPU/Time : 0.8994214959910687
Written/Time : 2713.678270577489
FinishedSize : 2.702641743948376E7
Add graph Data0.45232174 <> 0.8994214959910687
0.7375384540539548
CPU Intensive
Task Time : 49265
CPU Time : 44310
========================================
TaskStatusClass : >> 0.6154622
Task Size >> {0=59750428}
Update attemptID:attempt_1454305919848_0060_m_000000_0
attempt_1454305919848_0060_m_000000_0:MAP:MAP:0.6154622
FILE_BYTES_READ : 0
HDFS_BYTES_READ : 54767745
FILE_BYTES_WRITTEN : 133689360
HBW_BYTES_WRITTEN : 0
CPU/Time : 0.9334935897435898
Written/Time : 2550.5448717948716
FinishedSize : 3.677412890896654E7
Add graph Data0.6154622 <> 0.9334935897435898
0.7375384540539548
CPU Intensive
Task Time : 52416
CPU Time : 48930
========================================
TaskStatusClass : >> 0.6492968
Task Size >> {0=59750428}
Update attemptID:attempt_1454305919848_0060_m_000000_0
attempt_1454305919848_0060_m_000000_0:MAP:MAP:0.6492968
FILE_BYTES_READ : 0
HDFS_BYTES_READ : 58167425
FILE_BYTES_WRITTEN : 133689360
HBW_BYTES_WRITTEN : 0
CPU/Time : 0.9566845497425557
Written/Time : 2406.8224534619953
FinishedSize : 3.879576290382171E7
Add graph Data0.6492968 <> 0.9566845497425557
0.7375384540539548
CPU Intensive
Task Time : 55546
CPU Time : 53140
========================================
TaskStatusClass : >> 0.6492968
Task Size >> {0=59750428}
Update attemptID:attempt_1454305919848_0060_m_000000_0
attempt_1454305919848_0060_m_000000_0:MAP:MAP:0.6492968
FILE_BYTES_READ : 0
HDFS_BYTES_READ : 58167425
FILE_BYTES_WRITTEN : 133689360
HBW_BYTES_WRITTEN : 0
CPU/Time : 0.9641324340895157
Written/Time : 2276.8812589413446
FinishedSize : 3.879576290382171E7
Add graph Data0.6492968 <> 0.9641324340895157
0.7375384540539548
CPU Intensive
Task Time : 58716
CPU Time : 56610
========================================
TaskStatusClass : >> 0.6492968
Task Size >> {0=59750428}
Update attemptID:attempt_1454305919848_0060_m_000000_0
attempt_1454305919848_0060_m_000000_0:MAP:MAP:0.6492968
FILE_BYTES_READ : 0
HDFS_BYTES_READ : 58167425
FILE_BYTES_WRITTEN : 169047817
HBW_BYTES_WRITTEN : 0
CPU/Time : 0.9684302410164396
Written/Time : 2732.6158931833243
FinishedSize : 3.879576290382171E7
Add graph Data0.6492968 <> 0.9684302410164396
0.7375384540539548
CPU Intensive
Task Time : 61863
CPU Time : 59910
========================================
TaskStatusClass : >> 0.6492968
Task Size >> {0=59750428}
Update attemptID:attempt_1454305919848_0060_m_000000_0
attempt_1454305919848_0060_m_000000_0:MAP:SORT:0.6492968
FILE_BYTES_READ : 0
HDFS_BYTES_READ : 58167425
FILE_BYTES_WRITTEN : 169047817
HBW_BYTES_WRITTEN : 0
CPU/Time : 0.9374559907365391
Written/Time : 2645.2159700815246
FinishedSize : 3.879576290382171E7
Add graph Data0.6492968 <> 0.9374559907365391
0.7375384540539548
CPU Intensive
Task Time : 63907
CPU Time : 59910
========================================
TaskStatusClass : >> 0.667
Task Size >> {0=59750428}
Update attemptID:attempt_1454305919848_0060_m_000000_0
attempt_1454305919848_0060_m_000000_0:MAP:SORT:0.667
FILE_BYTES_READ : 0
HDFS_BYTES_READ : 59750557
FILE_BYTES_WRITTEN : 200585620
HBW_BYTES_WRITTEN : 0
CPU/Time : 0.971795029527559
Written/Time : 3084.793614665354
FinishedSize : 3.985353521957898E7
Add graph Data0.667 <> 0.971795029527559
0.7375384540539548
CPU Intensive
Task Time : 65024
CPU Time : 63190
========================================
TaskStatusClass : >> 0.66778415
Task Size >> {0=59750428}
Update attemptID:attempt_1454305919848_0060_m_000000_0
attempt_1454305919848_0060_m_000000_0:MAP:SORT:0.66778415
FILE_BYTES_READ : 345401
HDFS_BYTES_READ : 59750557
FILE_BYTES_WRITTEN : 223323113
HBW_BYTES_WRITTEN : 0
CPU/Time : 0.9807198885712192
Written/Time : 3274.2923979180414
FinishedSize : 3.9900389037922144E7
Add graph Data0.66778415 <> 0.9807198885712192
0.7375384540539548
CPU Intensive
Task Time : 68205
CPU Time : 66890
========================================
TaskStatusClass : >> 0.7013497
Task Size >> {0=59750428}
Update attemptID:attempt_1454305919848_0060_m_000000_0
attempt_1454305919848_0060_m_000000_0:MAP:SORT:0.7013497
FILE_BYTES_READ : 22505881
HDFS_BYTES_READ : 59750557
FILE_BYTES_WRITTEN : 245481753
HBW_BYTES_WRITTEN : 0
CPU/Time : 0.9872910448806872
Written/Time : 3439.709571650763
FinishedSize : 4.190594329806924E7
Add graph Data0.7013497 <> 0.9872910448806872
0.7375384540539548
CPU Intensive
Task Time : 71367
CPU Time : 70460
========================================
TaskStatusClass : >> 0.7442162
Task Size >> {0=59750428}
Update attemptID:attempt_1454305919848_0060_m_000000_0
attempt_1454305919848_0060_m_000000_0:MAP:SORT:0.7442162
FILE_BYTES_READ : 51009262
HDFS_BYTES_READ : 59750557
FILE_BYTES_WRITTEN : 273980941
HBW_BYTES_WRITTEN : 0
CPU/Time : 0.9895406758952188
Written/Time : 3678.633453725211
FinishedSize : 4.44672366949873E7
Add graph Data0.7442162 <> 0.9895406758952188
0.7375384540539548
CPU Intensive
Task Time : 74479
CPU Time : 73700
========================================
TaskStatusClass : >> 0.78745234
Task Size >> {0=59750428}
Update attemptID:attempt_1454305919848_0060_m_000000_0
attempt_1454305919848_0060_m_000000_0:MAP:SORT:0.78745234
FILE_BYTES_READ : 79844326
HDFS_BYTES_READ : 59750557
FILE_BYTES_WRITTEN : 302812973
HBW_BYTES_WRITTEN : 0
CPU/Time : 0.9906438476210114
Written/Time : 3902.4301897005003
FinishedSize : 4.705061435213232E7
Add graph Data0.78745234 <> 0.9906438476210114
0.7375384540539548
CPU Intensive
Task Time : 77596
CPU Time : 76870
========================================
TaskStatusClass : >> 0.83296615
Task Size >> {0=59750428}
Update attemptID:attempt_1454305919848_0060_m_000000_0
attempt_1454305919848_0060_m_000000_0:MAP:SORT:0.83296615
FILE_BYTES_READ : 109198954
HDFS_BYTES_READ : 59750557
FILE_BYTES_WRITTEN : 332175697
HBW_BYTES_WRITTEN : 0
CPU/Time : 0.9924921948560385
Written/Time : 4115.3637073194905
FinishedSize : 4.9770083903496504E7
Add graph Data0.83296615 <> 0.9924921948560385
0.7375384540539548
CPU Intensive
Task Time : 80716
CPU Time : 80110
========================================
TaskStatusClass : >> 0.8811243
Task Size >> {0=59750428}
Update attemptID:attempt_1454305919848_0060_m_000000_0
attempt_1454305919848_0060_m_000000_0:MAP:SORT:0.8811243
FILE_BYTES_READ : 142559268
HDFS_BYTES_READ : 59750557
FILE_BYTES_WRITTEN : 365536194
HBW_BYTES_WRITTEN : 0
CPU/Time : 0.9945489461693524
Written/Time : 4360.0819924377065
FinishedSize : 5.264755510055804E7
Add graph Data0.8811243 <> 0.9945489461693524
0.7375384540539548
CPU Intensive
Task Time : 83837
CPU Time : 83380
========================================
TaskStatusClass : >> 0.92489076
Task Size >> {0=59750428}
Update attemptID:attempt_1454305919848_0060_m_000000_0
attempt_1454305919848_0060_m_000000_0:MAP:SORT:0.92489076
FILE_BYTES_READ : 171679310
HDFS_BYTES_READ : 59750557
FILE_BYTES_WRITTEN : 394647926
HBW_BYTES_WRITTEN : 0
CPU/Time : 0.9963778531593169
Written/Time : 4538.008693152417
FinishedSize : 5.5262618560515404E7
Add graph Data0.92489076 <> 0.9963778531593169
0.7375384540539548
CPU Intensive
Task Time : 86965
CPU Time : 86650
========================================
TaskStatusClass : >> 0.96710193
Task Size >> {0=59750428}
Update attemptID:attempt_1454305919848_0060_m_000000_0
attempt_1454305919848_0060_m_000000_0:MAP:SORT:0.96710193
FILE_BYTES_READ : 200370672
HDFS_BYTES_READ : 59750557
FILE_BYTES_WRITTEN : 423342411
HBW_BYTES_WRITTEN : 0
CPU/Time : 0.9976239118848819
Written/Time : 4700.462015899805
FinishedSize : 5.778475433105135E7
Add graph Data0.96710193 <> 0.9976239118848819
0.7375384540539548
CPU Intensive
Task Time : 90064
CPU Time : 89850
========================================
TaskStatusClass : >> 0.99686635
Task Size >> {0=59750428}
Update attemptID:attempt_1454305919848_0060_m_000000_0
attempt_1454305919848_0060_m_000000_0:MAP:SORT:0.99686635
FILE_BYTES_READ : 220330480
HDFS_BYTES_READ : 59750557
FILE_BYTES_WRITTEN : 443301157
HBW_BYTES_WRITTEN : 0
CPU/Time : 0.9991307240746504
Written/Time : 4757.42004271257
FinishedSize : 5.9563190796779156E7
Add graph Data0.99686635 <> 0.9991307240746504
0.7375384540539548
CPU Intensive
Task Time : 93181
CPU Time : 93100
========================================
TaskStatusClass : >> 1.0
Task Size >> {0=59750428}
Update attemptID:attempt_1454305919848_0060_m_000000_0
attempt_1454305919848_0060_m_000000_0:MAP:SORT:1.0
FILE_BYTES_READ : 222864913
HDFS_BYTES_READ : 59750557
FILE_BYTES_WRITTEN : 445845197
HBW_BYTES_WRITTEN : 0
CPU/Time : 0.9991905938485133
Written/Time : 4748.287435034506
FinishedSize : 5.9750428E7
Add graph Data1.0 <> 0.9991905938485133
0.7375384540539548
CPU Intensive
Task Time : 93896
CPU Time : 93820
=======================================