Now Use estimatorClass : org.apache.hadoop.mapreduce.v2.app.speculate.LegacyTaskRuntimeEstimator_Fixed
serviceStart
Task Size >> {0=134217728, 1=134217728, 2=86776699}
Update attemptID:attempt_1455066125625_0076_m_000002_0
attempt_1455066125625_0076_m_000002_0:MAP:MAP:0.11484716
CPU/Time : 0.4905
Written/Time : 5.76785
Add graph Data0.11484716 <> 0.4905
-1.0
I/O Intensive
Task Time : 20000
CPU Time : 9810
========================================
Task Size >> {0=134217728, 1=134217728, 2=86776699}
Update attemptID:attempt_1455066125625_0076_m_000001_0
attempt_1455066125625_0076_m_000001_0:MAP:MAP:0.07187329
CPU/Time : 0.4869616752271829
Written/Time : 5.697204662188859
Add graph Data0.07187329 <> 0.4869616752271829
-1.0
I/O Intensive
Task Time : 20248
CPU Time : 9860
========================================
Task Size >> {0=134217728, 1=134217728, 2=86776699}
Update attemptID:attempt_1455066125625_0076_m_000000_0
attempt_1455066125625_0076_m_000000_0:MAP:MAP:0.072900996
CPU/Time : 0.48535564853556484
Written/Time : 5.6784149643120845
Add graph Data0.072900996 <> 0.48535564853556484
-1.0
I/O Intensive
Task Time : 20315
CPU Time : 9860
========================================
Task Size >> {0=134217728, 1=134217728, 2=86776699}
Update attemptID:attempt_1455066125625_0076_m_000002_0
attempt_1455066125625_0076_m_000002_0:MAP:MAP:0.16124749
CPU/Time : 0.6739534280900332
Written/Time : 4.983669590011664
Add graph Data0.16124749 <> 0.6739534280900332
-1.0
I/O Intensive
Task Time : 23147
CPU Time : 15600
========================================
Task Size >> {0=134217728, 1=134217728, 2=86776699}
Update attemptID:attempt_1455066125625_0076_m_000001_0
attempt_1455066125625_0076_m_000001_0:MAP:MAP:0.10396206
CPU/Time : 0.6645867168134029
Written/Time : 4.930207710060689
Add graph Data0.10396206 <> 0.6645867168134029
-1.0
I/O Intensive
Task Time : 23398
CPU Time : 15550
========================================
Task Size >> {0=134217728, 1=134217728, 2=86776699}
Update attemptID:attempt_1455066125625_0076_m_000000_0
attempt_1455066125625_0076_m_000000_0:MAP:MAP:0.09802297
CPU/Time : 0.6640541806874813
Written/Time : 4.913617583166503
Add graph Data0.09802297 <> 0.6640541806874813
-1.0
I/O Intensive
Task Time : 23477
CPU Time : 15590
========================================
Task Size >> {0=134217728, 1=134217728, 2=86776699}
Update attemptID:attempt_1455066125625_0076_m_000002_0
attempt_1455066125625_0076_m_000002_0:MAP:MAP:0.16124749
CPU/Time : 0.717493909866017
Written/Time : 4.390872411693057
Add graph Data0.16124749 <> 0.717493909866017
-1.0
I/O Intensive
Task Time : 26272
CPU Time : 18850
========================================
Task Size >> {0=134217728, 1=134217728, 2=86776699}
Update attemptID:attempt_1455066125625_0076_m_000001_0
attempt_1455066125625_0076_m_000001_0:MAP:MAP:0.10396206
CPU/Time : 0.7092492741600995
Written/Time : 4.349647449191207
Add graph Data0.10396206 <> 0.7092492741600995
-1.0
I/O Intensive
Task Time : 26521
CPU Time : 18810
========================================
Task Size >> {0=134217728, 1=134217728, 2=86776699}
Update attemptID:attempt_1455066125625_0076_m_000000_0
attempt_1455066125625_0076_m_000000_0:MAP:MAP:0.09802297
CPU/Time : 0.7187406071535918
Written/Time : 19.20870904718966
Add graph Data0.09802297 <> 0.7187406071535918
-1.0
I/O Intensive
Task Time : 26616
CPU Time : 19130
========================================
Task Size >> {0=134217728, 1=134217728, 2=86776699}
Update attemptID:attempt_1455066125625_0076_m_000002_0
attempt_1455066125625_0076_m_000002_0:MAP:MAP:0.16124749
CPU/Time : 0.7673208394272304
Written/Time : 1031.638821808782
Add graph Data0.16124749 <> 0.7673208394272304
-1.0
I/O Intensive
Task Time : 29401
CPU Time : 22560
========================================
Task Size >> {0=134217728, 1=134217728, 2=86776699}
Update attemptID:attempt_1455066125625_0076_m_000001_0
attempt_1455066125625_0076_m_000001_0:MAP:MAP:0.10396206
CPU/Time : 0.7617055727971933
Written/Time : 1447.396977465929
Add graph Data0.10396206 <> 0.7617055727971933
-1.0
I/O Intensive
Task Time : 29644
CPU Time : 22580
========================================
Task Size >> {0=134217728, 1=134217728, 2=86776699}
Update attemptID:attempt_1455066125625_0076_m_000000_0
attempt_1455066125625_0076_m_000000_0:MAP:MAP:0.09802297
CPU/Time : 0.7613701300884064
Written/Time : 1955.7010655820363
Add graph Data0.09802297 <> 0.7613701300884064
-1.0
I/O Intensive
Task Time : 29749
CPU Time : 22650
========================================
Task Size >> {0=134217728, 1=134217728, 2=86776699}
Update attemptID:attempt_1455066125625_0076_m_000002_0
attempt_1455066125625_0076_m_000002_0:MAP:MAP:0.21149644
CPU/Time : 0.7984393720623022
Written/Time : 2120.5123037694693
Add graph Data0.21149644 <> 0.7984393720623022
0.7984393720623022
CPU Intensive
Task Time : 32551
CPU Time : 25990
========================================
Task Size >> {0=134217728, 1=134217728, 2=86776699}
Update attemptID:attempt_1455066125625_0076_m_000001_0
attempt_1455066125625_0076_m_000001_0:MAP:MAP:0.1420632
CPU/Time : 0.7943768487177142
Written/Time : 2109.3035708840303
Add graph Data0.1420632 <> 0.7943768487177142
-1.0
I/O Intensive
Task Time : 32793
CPU Time : 26050
========================================
Task Size >> {0=134217728, 1=134217728, 2=86776699}
Update attemptID:attempt_1455066125625_0076_m_000002_0
attempt_1455066125625_0076_m_000002_0:MAP:MAP:0.29704875
CPU/Time : 0.8670423008998402
Written/Time : 1934.9310683149722
Add graph Data0.29704875 <> 0.8670423008998402
0.8327408364810712
CPU Intensive
Task Time : 35673
CPU Time : 30930
========================================
Task Size >> {0=134217728, 1=134217728, 2=86776699}
Update attemptID:attempt_1455066125625_0076_m_000000_0
attempt_1455066125625_0076_m_000000_0:MAP:MAP:0.1851582
CPU/Time : 0.8534240084729229
Written/Time : 1932.4439923074779
Add graph Data0.1851582 <> 0.8534240084729229
-1.0
I/O Intensive
Task Time : 35879
CPU Time : 30620
========================================
Task Size >> {0=134217728, 1=134217728, 2=86776699}
Update attemptID:attempt_1455066125625_0076_m_000001_0
attempt_1455066125625_0076_m_000001_0:MAP:MAP:0.18750352
CPU/Time : 0.85678496868476
Written/Time : 1925.4110508002784
Add graph Data0.18750352 <> 0.85678496868476
-1.0
I/O Intensive
Task Time : 35925
CPU Time : 30780
========================================
Task Size >> {0=134217728, 1=134217728, 2=86776699}
Update attemptID:attempt_1455066125625_0076_m_000002_0
attempt_1455066125625_0076_m_000002_0:MAP:MAP:0.29704875
CPU/Time : 0.8812388878868304
Written/Time : 1778.5770311010333
Add graph Data0.29704875 <> 0.8812388878868304
0.8569898621839508
CPU Intensive
Task Time : 38809
CPU Time : 34200
========================================
Task Size >> {0=134217728, 1=134217728, 2=86776699}
Update attemptID:attempt_1455066125625_0076_m_000000_0
attempt_1455066125625_0076_m_000000_0:MAP:MAP:0.1851582
CPU/Time : 0.8673351627215141
Written/Time : 1778.1180724745468
Add graph Data0.1851582 <> 0.8673351627215141
-1.0
I/O Intensive
Task Time : 38993
CPU Time : 33820
========================================
Task Size >> {0=134217728, 1=134217728, 2=86776699}
Update attemptID:attempt_1455066125625_0076_m_000001_0
attempt_1455066125625_0076_m_000001_0:MAP:MAP:0.18750352
CPU/Time : 0.8705008325861406
Written/Time : 1772.009529909056
Add graph Data0.18750352 <> 0.8705008325861406
-1.0
I/O Intensive
Task Time : 39035
CPU Time : 33980
========================================
Task Size >> {0=134217728, 1=134217728, 2=86776699}
Update attemptID:attempt_1455066125625_0076_m_000002_0
attempt_1455066125625_0076_m_000002_0:MAP:MAP:0.29704875
CPU/Time : 0.8934658752294453
Written/Time : 2184.037497914134
Add graph Data0.29704875 <> 0.8934658752294453
0.8752278687066981
CPU Intensive
Task Time : 41949
CPU Time : 37480
========================================
Task Size >> {0=134217728, 1=134217728, 2=86776699}
Update attemptID:attempt_1455066125625_0076_m_000000_0
attempt_1455066125625_0076_m_000000_0:MAP:MAP:0.1851582
CPU/Time : 0.8800208907036369
Written/Time : 2785.129878454088
Add graph Data0.1851582 <> 0.8800208907036369
-1.0
I/O Intensive
Task Time : 42124
CPU Time : 37070
========================================
Task Size >> {0=134217728, 1=134217728, 2=86776699}
Update attemptID:attempt_1455066125625_0076_m_000001_0
attempt_1455066125625_0076_m_000001_0:MAP:MAP:0.18750352
CPU/Time : 0.8844940836119608
Written/Time : 2309.1263427473855
Add graph Data0.18750352 <> 0.8844940836119608
-1.0
I/O Intensive
Task Time : 42171
CPU Time : 37300
========================================
Task Size >> {0=134217728, 1=134217728, 2=86776699}
Update attemptID:attempt_1455066125625_0076_m_000002_0
attempt_1455066125625_0076_m_000002_0:MAP:MAP:0.32993066
CPU/Time : 0.9274488506638885
Written/Time : 3041.611176379314
Add graph Data0.32993066 <> 0.9274488506638885
0.8752278687066981
CPU Intensive
Task Time : 45113
CPU Time : 41840
========================================
Task Size >> {0=134217728, 1=134217728, 2=86776699}
Update attemptID:attempt_1455066125625_0076_m_000000_0
attempt_1455066125625_0076_m_000000_0:MAP:MAP:0.23003525
CPU/Time : 0.8996157752947931
Written/Time : 3021.8685686525637
Add graph Data0.23003525 <> 0.8996157752947931
0.8996157752947931
CPU Intensive
Task Time : 45286
CPU Time : 40740
========================================
Task Size >> {0=134217728, 1=134217728, 2=86776699}
Update attemptID:attempt_1455066125625_0076_m_000001_0
attempt_1455066125625_0076_m_000001_0:MAP:MAP:0.21028933
CPU/Time : 0.9145238830326821
Written/Time : 3020.114276893221
Add graph Data0.21028933 <> 0.9145238830326821
0.9145238830326821
CPU Intensive
Task Time : 45346
CPU Time : 41470
========================================
Task Size >> {0=134217728, 1=134217728, 2=86776699}
Update attemptID:attempt_1455066125625_0076_m_000002_0
attempt_1455066125625_0076_m_000002_0:MAP:MAP:0.42868516
CPU/Time : 0.9697672972916969
Written/Time : 2843.3288091340473
Add graph Data0.42868516 <> 0.9697672972916969
0.8752278687066981
CPU Intensive
Task Time : 48259
CPU Time : 46800
========================================
Task Size >> {0=134217728, 1=134217728, 2=86776699}
Update attemptID:attempt_1455066125625_0076_m_000000_0
attempt_1455066125625_0076_m_000000_0:MAP:MAP:0.27176672
CPU/Time : 0.9445419807910771
Written/Time : 2826.5690385211196
Add graph Data0.27176672 <> 0.9445419807910771
0.9220788780429351
CPU Intensive
Task Time : 48415
CPU Time : 45730
========================================
Task Size >> {0=134217728, 1=134217728, 2=86776699}
Update attemptID:attempt_1455066125625_0076_m_000001_0
attempt_1455066125625_0076_m_000001_0:MAP:MAP:0.25674358
CPU/Time : 0.9526364668248891
Written/Time : 2826.335816737179
Add graph Data0.25674358 <> 0.9526364668248891
0.9335801749287855
CPU Intensive
Task Time : 48455
CPU Time : 46160
========================================
Task Size >> {0=134217728, 1=134217728, 2=86776699}
Update attemptID:attempt_1455066125625_0076_m_000002_0
attempt_1455066125625_0076_m_000002_0:MAP:MAP:0.4310142
CPU/Time : 0.9754530766385704
Written/Time : 2671.083004029511
Add graph Data0.4310142 <> 0.9754530766385704
0.8752278687066981
CPU Intensive
Task Time : 51371
CPU Time : 50110
========================================
Task Size >> {0=134217728, 1=134217728, 2=86776699}
Update attemptID:attempt_1455066125625_0076_m_000000_0
attempt_1455066125625_0076_m_000000_0:MAP:MAP:0.27176672
CPU/Time : 0.9496176687497574
Written/Time : 2655.908473392074
Add graph Data0.27176672 <> 0.9496176687497574
0.9358482733963462
CPU Intensive
Task Time : 51526
CPU Time : 48930
========================================
Task Size >> {0=134217728, 1=134217728, 2=86776699}
Update attemptID:attempt_1455066125625_0076_m_000001_0
attempt_1455066125625_0076_m_000001_0:MAP:MAP:0.25674358
CPU/Time : 0.9567763578894297
Written/Time : 2705.5588434912447
Add graph Data0.25674358 <> 0.9567763578894297
0.9451782664091076
CPU Intensive
Task Time : 51569
CPU Time : 49340
========================================
Task Size >> {0=134217728, 1=134217728, 2=86776699}
Update attemptID:attempt_1455066125625_0076_m_000002_0
attempt_1455066125625_0076_m_000002_0:MAP:MAP:0.4310142
CPU/Time : 0.9780494071871674
Written/Time : 2765.692728407297
Add graph Data0.4310142 <> 0.9780494071871674
0.8752278687066981
CPU Intensive
Task Time : 54486
CPU Time : 53290
========================================
Task Size >> {0=134217728, 1=134217728, 2=86776699}
Update attemptID:attempt_1455066125625_0076_m_000000_0
attempt_1455066125625_0076_m_000000_0:MAP:MAP:0.27176672
CPU/Time : 0.9539672371190628
Written/Time : 3127.8399011622587
Add graph Data0.27176672 <> 0.9539672371190628
0.9449077552577045
CPU Intensive
Task Time : 54635
CPU Time : 52120
========================================
Task Size >> {0=134217728, 1=134217728, 2=86776699}
Update attemptID:attempt_1455066125625_0076_m_000001_0
attempt_1455066125625_0076_m_000001_0:MAP:MAP:0.25976178
CPU/Time : 0.9606204159274231
Written/Time : 3809.3816143251697
Add graph Data0.25976178 <> 0.9606204159274231
0.9528993411682654
CPU Intensive
Task Time : 54673
CPU Time : 52520
========================================
Task Size >> {0=134217728, 1=134217728, 2=86776699}
Update attemptID:attempt_1455066125625_0076_m_000002_0
attempt_1455066125625_0076_m_000002_0:MAP:MAP:0.43964785
CPU/Time : 0.9845107800114478
Written/Time : 3552.3017535947824
Add graph Data0.43964785 <> 0.9845107800114478
0.8752278687066981
CPU Intensive
Task Time : 57653
CPU Time : 56760
========================================
Task Size >> {0=134217728, 1=134217728, 2=86776699}
Update attemptID:attempt_1455066125625_0076_m_000000_0
attempt_1455066125625_0076_m_000000_0:MAP:MAP:0.2944179
CPU/Time : 0.9594115101687581
Written/Time : 3542.59404586759
Add graph Data0.2944179 <> 0.9594115101687581
0.9521596327132313
CPU Intensive
Task Time : 57775
CPU Time : 55430
========================================
Task Size >> {0=134217728, 1=134217728, 2=86776699}
Update attemptID:attempt_1455066125625_0076_m_000001_0
attempt_1455066125625_0076_m_000001_0:MAP:MAP:0.32829183
CPU/Time : 0.9901726703346136
Written/Time : 3603.4174365895014
Add graph Data0.32829183 <> 0.9901726703346136
0.9528993411682654
CPU Intensive
Task Time : 57798
CPU Time : 57230
========================================
Task Size >> {0=134217728, 1=134217728, 2=86776699}
Update attemptID:attempt_1455066125625_0076_m_000002_0
attempt_1455066125625_0076_m_000002_0:MAP:MAP:0.5496635
CPU/Time : 1.0055755661913455
Written/Time : 3368.3796812552423
Add graph Data0.5496635 <> 1.0055755661913455
0.8752278687066981
CPU Intensive
Task Time : 60801
CPU Time : 61140
========================================
Task Size >> {0=134217728, 1=134217728, 2=86776699}
Update attemptID:attempt_1455066125625_0076_m_000001_0
attempt_1455066125625_0076_m_000001_0:MAP:MAP:0.33201122
CPU/Time : 0.9977179070416523
Written/Time : 3419.3685826396754
Add graph Data0.33201122 <> 0.9977179070416523
0.9528993411682654
CPU Intensive
Task Time : 60909
CPU Time : 60770
========================================
Task Size >> {0=134217728, 1=134217728, 2=86776699}
Update attemptID:attempt_1455066125625_0076_m_000000_0
attempt_1455066125625_0076_m_000000_0:MAP:MAP:0.35681483
CPU/Time : 0.9912718204488778
Written/Time : 3357.9434801155007
Add graph Data0.35681483 <> 0.9912718204488778
0.9521596327132313
CPU Intensive
Task Time : 60952
CPU Time : 60420
========================================
Task Size >> {0=134217728, 1=134217728, 2=86776699}
Update attemptID:attempt_1455066125625_0076_m_000002_0
attempt_1455066125625_0076_m_000002_0:MAP:MAP:0.5588041
CPU/Time : 1.013155219071157
Written/Time : 3203.567285582443
Add graph Data0.5588041 <> 1.013155219071157
0.8752278687066981
CPU Intensive
Task Time : 63929
CPU Time : 64770
========================================
Task Size >> {0=134217728, 1=134217728, 2=86776699}
Update attemptID:attempt_1455066125625_0076_m_000001_0
attempt_1455066125625_0076_m_000001_0:MAP:MAP:0.33201122
CPU/Time : 0.9988596066424008
Written/Time : 4200.030774998829
Add graph Data0.33201122 <> 0.9988596066424008
0.9528993411682654
CPU Intensive
Task Time : 64013
CPU Time : 63940
========================================
Task Size >> {0=134217728, 1=134217728, 2=86776699}
Update attemptID:attempt_1455066125625_0076_m_000000_0
attempt_1455066125625_0076_m_000000_0:MAP:MAP:0.3579589
CPU/Time : 0.9962690644562044
Written/Time : 3195.0759612232473
Add graph Data0.3579589 <> 0.9962690644562044
0.9521596327132313
CPU Intensive
Task Time : 64059
CPU Time : 63820
========================================
Task Size >> {0=134217728, 1=134217728, 2=86776699}
Update attemptID:attempt_1455066125625_0076_m_000002_0
attempt_1455066125625_0076_m_000002_0:MAP:MAP:0.5588041
CPU/Time : 1.0137705700687782
Written/Time : 3192.7490265117044
Add graph Data0.5588041 <> 1.0137705700687782
0.8752278687066981
CPU Intensive
Task Time : 67027
CPU Time : 67950
========================================
Task Size >> {0=134217728, 1=134217728, 2=86776699}
Update attemptID:attempt_1455066125625_0076_m_000001_0
attempt_1455066125625_0076_m_000001_0:MAP:MAP:0.3955989
CPU/Time : 1.003589567911348
Written/Time : 4182.1576133097005
Add graph Data0.3955989 <> 1.003589567911348
0.9528993411682654
CPU Intensive
Task Time : 67139
CPU Time : 67380
========================================
Task Size >> {0=134217728, 1=134217728, 2=86776699}
Update attemptID:attempt_1455066125625_0076_m_000000_0
attempt_1455066125625_0076_m_000000_0:MAP:MAP:0.3579589
CPU/Time : 0.9979603078892909
Written/Time : 3464.4157845370496
Add graph Data0.3579589 <> 0.9979603078892909
0.9521596327132313
CPU Intensive
Task Time : 67167
CPU Time : 67030
========================================
Task Size >> {0=134217728, 1=134217728, 2=86776699}
Update attemptID:attempt_1455066125625_0076_m_000002_0
attempt_1455066125625_0076_m_000002_0:MAP:MAP:0.5611037
CPU/Time : 1.0143791594818372
Written/Time : 3891.84901169999
Add graph Data0.5611037 <> 1.0143791594818372
0.8752278687066981
CPU Intensive
Task Time : 70171
CPU Time : 71180
========================================
Task Size >> {0=134217728, 1=134217728, 2=86776699}
Update attemptID:attempt_1455066125625_0076_m_000000_0
attempt_1455066125625_0076_m_000000_0:MAP:MAP:0.37674102
CPU/Time : 0.9997865831969837
Written/Time : 3872.027431173081
Add graph Data0.37674102 <> 0.9997865831969837
0.9521596327132313
CPU Intensive
Task Time : 70285
CPU Time : 70270
========================================
Task Size >> {0=134217728, 1=134217728, 2=86776699}
Update attemptID:attempt_1455066125625_0076_m_000001_0
attempt_1455066125625_0076_m_000001_0:MAP:MAP:0.4166974
CPU/Time : 1.0273592556233728
Written/Time : 3994.8479804231224
Add graph Data0.4166974 <> 1.0273592556233728
0.9528993411682654
CPU Intensive
Task Time : 70287
CPU Time : 72210
========================================
Task Size >> {0=134217728, 1=134217728, 2=86776699}
Update attemptID:attempt_1455066125625_0076_m_000002_0
attempt_1455066125625_0076_m_000002_0:MAP:SORT:0.5611037
CPU/Time : 0.9726169654569304
Written/Time : 3731.6208050940095
Add graph Data0.5611037 <> 0.9726169654569304
0.8752278687066981
CPU Intensive
Task Time : 73184
CPU Time : 71180
========================================
Task Size >> {0=134217728, 1=134217728, 2=86776699}
Update attemptID:attempt_1455066125625_0076_m_000002_0
attempt_1455066125625_0076_m_000002_0:MAP:SORT:0.667
CPU/Time : 1.0287515522017385
Written/Time : 3726.5796569463587
Add graph Data0.667 <> 1.0287515522017385
0.8752278687066981
CPU Intensive
Task Time : 73283
CPU Time : 75390
========================================
Task Size >> {0=134217728, 1=134217728, 2=86776699}
Update attemptID:attempt_1455066125625_0076_m_000001_0
attempt_1455066125625_0076_m_000001_0:MAP:MAP:0.4166974
CPU/Time : 1.0277724782644244
Written/Time : 3826.35905262871
Add graph Data0.4166974 <> 1.0277724782644244
0.9528993411682654
CPU Intensive
Task Time : 73382
CPU Time : 75420
========================================
Task Size >> {0=134217728, 1=134217728, 2=86776699}
Update attemptID:attempt_1455066125625_0076_m_000000_0
attempt_1455066125625_0076_m_000000_0:MAP:MAP:0.44206816
CPU/Time : 1.0214284741237212
Written/Time : 3707.350089228548
Add graph Data0.44206816 <> 1.0214284741237212
0.9521596327132313
CPU Intensive
Task Time : 73407
CPU Time : 74980
========================================
Task Size >> {0=134217728, 1=134217728, 2=86776699}
Update attemptID:attempt_1455066125625_0076_m_000002_0
attempt_1455066125625_0076_m_000002_0:MAP:SORT:0.667
CPU/Time : 1.0285781612054408
Written/Time : 3575.1493971487293
Add graph Data0.667 <> 1.0285781612054408
0.8752278687066981
CPU Intensive
Task Time : 76387
CPU Time : 78570
========================================
Task Size >> {0=134217728, 1=134217728, 2=86776699}
Update attemptID:attempt_1455066125625_0076_m_000001_0
attempt_1455066125625_0076_m_000001_0:MAP:MAP:0.4166974
CPU/Time : 1.02754860557248
Written/Time : 4342.8132787678305
Add graph Data0.4166974 <> 1.02754860557248
0.9528993411682654
CPU Intensive
Task Time : 76483
CPU Time : 78590
========================================
Task Size >> {0=134217728, 1=134217728, 2=86776699}
Update attemptID:attempt_1455066125625_0076_m_000000_0
attempt_1455066125625_0076_m_000000_0:MAP:MAP:0.44516307
CPU/Time : 1.0243405056341341
Written/Time : 3557.5498444403775
Add graph Data0.44516307 <> 1.0243405056341341
0.9521596327132313
CPU Intensive
Task Time : 76498
CPU Time : 78360
========================================
Task Size >> {0=134217728, 1=134217728, 2=86776699}
Update attemptID:attempt_1455066125625_0076_m_000002_0
attempt_1455066125625_0076_m_000002_0:MAP:SORT:0.667
CPU/Time : 1.0284312492137375
Written/Time : 3711.946722858221
Add graph Data0.667 <> 1.0284312492137375
0.8752278687066981
CPU Intensive
Task Time : 79490
CPU Time : 81750
========================================
Task Size >> {0=134217728, 1=134217728, 2=86776699}
Update attemptID:attempt_1455066125625_0076_m_000001_0
attempt_1455066125625_0076_m_000001_0:MAP:MAP:0.47080028
CPU/Time : 1.0297776102525442
Written/Time : 4382.573363487875
Add graph Data0.47080028 <> 1.0297776102525442
0.9528993411682654
CPU Intensive
Task Time : 79590
CPU Time : 81960
========================================
Task Size >> {0=134217728, 1=134217728, 2=86776699}
Update attemptID:attempt_1455066125625_0076_m_000000_0
attempt_1455066125625_0076_m_000000_0:MAP:MAP:0.44516307
CPU/Time : 1.024259098732396
Written/Time : 3672.711365720675
Add graph Data0.44516307 <> 1.024259098732396
0.9521596327132313
CPU Intensive
Task Time : 79599
CPU Time : 81530
========================================
Task Size >> {0=134217728, 1=134217728, 2=86776699}
Update attemptID:attempt_1455066125625_0076_m_000002_0
attempt_1455066125625_0076_m_000002_0:MAP:SORT:0.667
CPU/Time : 1.030123982952344
Written/Time : 4177.069038163502
Add graph Data0.667 <> 1.030123982952344
0.8752278687066981
CPU Intensive
Task Time : 82592
CPU Time : 85080
========================================
Task Size >> {0=134217728, 1=134217728, 2=86776699}
Update attemptID:attempt_1455066125625_0076_m_000001_0
attempt_1455066125625_0076_m_000001_0:MAP:MAP:0.5057604
CPU/Time : 1.0494297497671832
Written/Time : 4218.6303593241655
Add graph Data0.5057604 <> 1.0494297497671832
0.9528993411682654
CPU Intensive
Task Time : 82683
CPU Time : 86770
========================================
Task Size >> {0=134217728, 1=134217728, 2=86776699}
Update attemptID:attempt_1455066125625_0076_m_000000_0
attempt_1455066125625_0076_m_000000_0:MAP:MAP:0.4497688
CPU/Time : 1.024763609102561
Written/Time : 4104.981052453387
Add graph Data0.4497688 <> 1.024763609102561
0.9521596327132313
CPU Intensive
Task Time : 82702
CPU Time : 84750
========================================
Task Size >> {0=134217728, 1=134217728, 2=86776699}
Update attemptID:attempt_1455066125625_0076_m_000002_0
attempt_1455066125625_0076_m_000002_0:MAP:SORT:0.6851316
CPU/Time : 1.038215668890859
Written/Time : 4323.665274602212
Add graph Data0.6851316 <> 1.038215668890859
0.8752278687066981
CPU Intensive
Task Time : 85724
CPU Time : 89000
========================================
Task Size >> {0=134217728, 1=134217728, 2=86776699}
Update attemptID:attempt_1455066125625_0076_m_000001_0
attempt_1455066125625_0076_m_000001_0:MAP:MAP:0.5057604
CPU/Time : 1.048440687846109
Written/Time : 4066.5580180705333
Add graph Data0.5057604 <> 1.048440687846109
0.9528993411682654
CPU Intensive
Task Time : 85775
CPU Time : 89930
========================================
Task Size >> {0=134217728, 1=134217728, 2=86776699}
Update attemptID:attempt_1455066125625_0076_m_000000_0
attempt_1455066125625_0076_m_000000_0:MAP:MAP:0.51913923
CPU/Time : 1.0371906603905485
Written/Time : 3955.4707438132077
Add graph Data0.51913923 <> 1.0371906603905485
0.9521596327132313
CPU Intensive
Task Time : 85828
CPU Time : 89020
========================================
Task Size >> {0=134217728, 1=134217728, 2=86776699}
Update attemptID:attempt_1455066125625_0076_m_000002_0
attempt_1455066125625_0076_m_000002_0:MAP:SORT:0.71124893
CPU/Time : 1.03834117567598
Written/Time : 4485.990622959677
Add graph Data0.71124893 <> 1.03834117567598
0.8752278687066981
CPU Intensive
Task Time : 88834
CPU Time : 92240
========================================
Task Size >> {0=134217728, 1=134217728, 2=86776699}
Update attemptID:attempt_1455066125625_0076_m_000001_0
attempt_1455066125625_0076_m_000001_0:MAP:MAP:0.5057604
CPU/Time : 1.0474850905817485
Written/Time : 4420.619477889051
Add graph Data0.5057604 <> 1.0474850905817485
0.9528993411682654
CPU Intensive
Task Time : 88870
CPU Time : 93090
========================================
Task Size >> {0=134217728, 1=134217728, 2=86776699}
Update attemptID:attempt_1455066125625_0076_m_000000_0
attempt_1455066125625_0076_m_000000_0:MAP:MAP:0.527412
CPU/Time : 1.0443279956819
Written/Time : 3817.5843716264844
Add graph Data0.527412 <> 1.0443279956819
0.9521596327132313
CPU Intensive
Task Time : 88928
CPU Time : 92870
========================================
Task Size >> {0=134217728, 1=134217728, 2=86776699}
Update attemptID:attempt_1455066125625_0076_m_000002_0
attempt_1455066125625_0076_m_000002_0:MAP:SORT:0.7377607
CPU/Time : 1.0378210218311161
Written/Time : 4641.332383366147
Add graph Data0.7377607 <> 1.0378210218311161
0.8752278687066981
CPU Intensive
Task Time : 91933
CPU Time : 95410
========================================
Task Size >> {0=134217728, 1=134217728, 2=86776699}
Update attemptID:attempt_1455066125625_0076_m_000001_0
attempt_1455066125625_0076_m_000001_0:MAP:MAP:0.5458413
CPU/Time : 1.0502858882101007
Written/Time : 4528.321988390548
Add graph Data0.5458413 <> 1.0502858882101007
0.9528993411682654
CPU Intensive
Task Time : 91994
CPU Time : 96620
========================================
Task Size >> {0=134217728, 1=134217728, 2=86776699}
Update attemptID:attempt_1455066125625_0076_m_000000_0
attempt_1455066125625_0076_m_000000_0:MAP:MAP:0.527412
CPU/Time : 1.04408680438586
Written/Time : 3870.3646697021395
Add graph Data0.527412 <> 1.04408680438586
0.9521596327132313
CPU Intensive
Task Time : 92023
CPU Time : 96080
========================================
Task Size >> {0=134217728, 1=134217728, 2=86776699}
Update attemptID:attempt_1455066125625_0076_m_000002_0
attempt_1455066125625_0076_m_000002_0:MAP:SORT:0.764479
CPU/Time : 1.0372841402969681
Written/Time : 4787.816546876151
Add graph Data0.764479 <> 1.0372841402969681
0.8752278687066981
CPU Intensive
Task Time : 95027
CPU Time : 98570
========================================
Task Size >> {0=134217728, 1=134217728, 2=86776699}
Update attemptID:attempt_1455066125625_0076_m_000001_0
attempt_1455066125625_0076_m_000001_0:MAP:MAP:0.58982897
CPU/Time : 1.0657806191117092
Written/Time : 4380.241136019516
Add graph Data0.58982897 <> 1.0657806191117092
0.9528993411682654
CPU Intensive
Task Time : 95104
CPU Time : 101360
========================================
Task Size >> {0=134217728, 1=134217728, 2=86776699}
Update attemptID:attempt_1455066125625_0076_m_000000_0
attempt_1455066125625_0076_m_000000_0:MAP:MAP:0.5316425
CPU/Time : 1.0434910589447348
Written/Time : 4285.537230743354
Add graph Data0.5316425 <> 1.0434910589447348
0.9521596327132313
CPU Intensive
Task Time : 95123
CPU Time : 99260
========================================
Task Size >> {0=134217728, 1=134217728, 2=86776699}
Update attemptID:attempt_1455066125625_0076_m_000002_0
attempt_1455066125625_0076_m_000002_0:MAP:SORT:0.79119825
CPU/Time : 1.037620493590658
Written/Time : 4925.727159713872
Add graph Data0.79119825 <> 1.037620493590658
0.8752278687066981
CPU Intensive
Task Time : 98138
CPU Time : 101830
========================================
Task Size >> {0=134217728, 1=134217728, 2=86776699}
Update attemptID:attempt_1455066125625_0076_m_000001_0
attempt_1455066125625_0076_m_000001_0:MAP:MAP:0.5906708
CPU/Time : 1.0650387462704805
Written/Time : 4242.013512825474
Add graph Data0.5906708 <> 1.0650387462704805
0.9528993411682654
CPU Intensive
Task Time : 98203
CPU Time : 104590
========================================
Task Size >> {0=134217728, 1=134217728, 2=86776699}
Update attemptID:attempt_1455066125625_0076_m_000000_0
attempt_1455066125625_0076_m_000000_0:MAP:MAP:0.5943403
CPU/Time : 1.0417345276872965
Written/Time : 4149.563904723127
Add graph Data0.5943403 <> 1.0417345276872965
0.9521596327132313
CPU Intensive
Task Time : 98240
CPU Time : 102340
========================================
Task Size >> {0=134217728, 1=134217728, 2=86776699}
Update attemptID:attempt_1455066125625_0076_m_000002_0
attempt_1455066125625_0076_m_000002_0:MAP:SORT:0.82047355
CPU/Time : 1.0368672699253172
Written/Time : 5078.7586339747895
Add graph Data0.82047355 <> 1.0368672699253172
0.8752278687066981
CPU Intensive
Task Time : 101228
CPU Time : 104960
========================================
Task Size >> {0=134217728, 1=134217728, 2=86776699}
Update attemptID:attempt_1455066125625_0076_m_000001_0
attempt_1455066125625_0076_m_000001_0:MAP:MAP:0.5906708
CPU/Time : 1.0637394746453708
Written/Time : 4466.388053660799
Add graph Data0.5906708 <> 1.0637394746453708
0.9528993411682654
CPU Intensive
Task Time : 101303
CPU Time : 107760
========================================
Task Size >> {0=134217728, 1=134217728, 2=86776699}
Update attemptID:attempt_1455066125625_0076_m_000000_0
attempt_1455066125625_0076_m_000000_0:MAP:MAP:0.60774374
CPU/Time : 1.0507307157165553
Written/Time : 4022.6680547469387
Add graph Data0.60774374 <> 1.0507307157165553
0.9521596327132313
CPU Intensive
Task Time : 101339
CPU Time : 106480
========================================
Task Size >> {0=134217728, 1=134217728, 2=86776699}
Update attemptID:attempt_1455066125625_0076_m_000002_0
attempt_1455066125625_0076_m_000002_0:MAP:SORT:0.8530212
CPU/Time : 1.035917295323179
Written/Time : 5258.5735264515015
Add graph Data0.8530212 <> 1.035917295323179
0.8752278687066981
CPU Intensive
Task Time : 104323
CPU Time : 108070
========================================
Task Size >> {0=134217728, 1=134217728, 2=86776699}
Update attemptID:attempt_1455066125625_0076_m_000001_0
attempt_1455066125625_0076_m_000001_0:MAP:MAP:0.6222614
CPU/Time : 1.063801260319102
Written/Time : 4638.084736348139
Add graph Data0.6222614 <> 1.063801260319102
0.9528993411682654
CPU Intensive
Task Time : 104418
CPU Time : 111080
========================================
Task Size >> {0=134217728, 1=134217728, 2=86776699}
Update attemptID:attempt_1455066125625_0076_m_000000_0
attempt_1455066125625_0076_m_000000_0:MAP:MAP:0.60774374
CPU/Time : 1.0500057455854752
Written/Time : 3942.705586624277
Add graph Data0.60774374 <> 1.0500057455854752
0.9521596327132313
CPU Intensive
Task Time : 104428
CPU Time : 109650
========================================
Task Size >> {0=134217728, 1=134217728, 2=86776699}
Update attemptID:attempt_1455066125625_0076_m_000001_0
attempt_1455066125625_0076_m_000001_0:MAP:SORT:0.6222614
CPU/Time : 1.043014488398952
Written/Time : 4547.456145128123
Add graph Data0.6222614 <> 1.043014488398952
0.9528993411682654
CPU Intensive
Task Time : 106499
CPU Time : 111080
========================================
Task Size >> {0=134217728, 1=134217728, 2=86776699}
Update attemptID:attempt_1455066125625_0076_m_000002_0
attempt_1455066125625_0076_m_000002_0:MAP:SORT:0.88474154
CPU/Time : 1.0356833648305204
Written/Time : 5417.5191077762365
Add graph Data0.88474154 <> 1.0356833648305204
0.8752278687066981
CPU Intensive
Task Time : 107417
CPU Time : 111250
========================================
Task Size >> {0=134217728, 1=134217728, 2=86776699}
Update attemptID:attempt_1455066125625_0076_m_000000_0
attempt_1455066125625_0076_m_000000_0:MAP:MAP:0.60774374
CPU/Time : 1.0492099070861893
Written/Time : 4367.936848370986
Add graph Data0.60774374 <> 1.0492099070861893
0.9521596327132313
CPU Intensive
Task Time : 107519
CPU Time : 112810
========================================
Task Size >> {0=134217728, 1=134217728, 2=86776699}
Update attemptID:attempt_1455066125625_0076_m_000001_0
attempt_1455066125625_0076_m_000001_0:MAP:SORT:0.667
CPU/Time : 1.0696515099375936
Written/Time : 4504.2320290919915
Add graph Data0.667 <> 1.0696515099375936
0.9528993411682654
CPU Intensive
Task Time : 107521
CPU Time : 115010
========================================
Task Size >> {0=134217728, 1=134217728, 2=86776699}
Update attemptID:attempt_1455066125625_0076_m_000000_0
attempt_1455066125625_0076_m_000000_0:MAP:SORT:0.60774374
CPU/Time : 1.0232013931720059
Written/Time : 4259.66152087944
Add graph Data0.60774374 <> 1.0232013931720059
0.9521596327132313
CPU Intensive
Task Time : 110252
CPU Time : 112810
========================================
Task Size >> {0=134217728, 1=134217728, 2=86776699}
Update attemptID:attempt_1455066125625_0076_m_000002_0
attempt_1455066125625_0076_m_000002_0:MAP:SORT:0.915821
CPU/Time : 1.0351535990589513
Written/Time : 5565.084196715378
Add graph Data0.915821 <> 1.0351535990589513
0.8752278687066981
CPU Intensive
Task Time : 110515
CPU Time : 114400
========================================
Task Size >> {0=134217728, 1=134217728, 2=86776699}
Update attemptID:attempt_1455066125625_0076_m_000001_0
attempt_1455066125625_0076_m_000001_0:MAP:SORT:0.667
CPU/Time : 1.0684193396738149
Written/Time : 4378.363396376523
Add graph Data0.667 <> 1.0684193396738149
0.9528993411682654
CPU Intensive
Task Time : 110612
CPU Time : 118180
========================================
Task Size >> {0=134217728, 1=134217728, 2=86776699}
Update attemptID:attempt_1455066125625_0076_m_000002_0
attempt_1455066125625_0076_m_000002_0:MAP:SORT:0.9498563
CPU/Time : 1.034689153148078
Written/Time : 5723.800772826096
Add graph Data0.9498563 <> 1.034689153148078
0.8752278687066981
CPU Intensive
Task Time : 113609
CPU Time : 117550
========================================
Task Size >> {0=134217728, 1=134217728, 2=86776699}
Update attemptID:attempt_1455066125625_0076_m_000000_0
attempt_1455066125625_0076_m_000000_0:MAP:SORT:0.667
CPU/Time : 1.0477171119794417
Written/Time : 4192.373833914176
Add graph Data0.667 <> 1.0477171119794417
0.9521596327132313
CPU Intensive
Task Time : 113628
CPU Time : 119050
========================================
Task Size >> {0=134217728, 1=134217728, 2=86776699}
Update attemptID:attempt_1455066125625_0076_m_000001_0
attempt_1455066125625_0076_m_000001_0:MAP:SORT:0.667
CPU/Time : 1.0671662137322675
Written/Time : 4534.440911849291
Add graph Data0.667 <> 1.0671662137322675
0.9528993411682654
CPU Intensive
Task Time : 113703
CPU Time : 121340
========================================
Task Size >> {0=134217728, 1=134217728, 2=86776699}
Update attemptID:attempt_1455066125625_0076_m_000002_0
attempt_1455066125625_0076_m_000002_0:MAP:SORT:0.9811175
CPU/Time : 1.0343084331568213
Written/Time : 5863.371377649821
Add graph Data0.9811175 <> 1.0343084331568213
0.8752278687066981
CPU Intensive
Task Time : 116706
CPU Time : 120710
========================================
Task Size >> {0=134217728, 1=134217728, 2=86776699}
Update attemptID:attempt_1455066125625_0076_m_000000_0
attempt_1455066125625_0076_m_000000_0:MAP:SORT:0.667
CPU/Time : 1.0469997601178849
Written/Time : 4239.207223878551
Add graph Data0.667 <> 1.0469997601178849
0.9521596327132313
CPU Intensive
Task Time : 116724
CPU Time : 122210
========================================
Task Size >> {0=134217728, 1=134217728, 2=86776699}
Update attemptID:attempt_1455066125625_0076_m_000001_0
attempt_1455066125625_0076_m_000001_0:MAP:SORT:0.6670714
CPU/Time : 1.065952036439292
Written/Time : 4782.584150277832
Add graph Data0.6670714 <> 1.065952036439292
0.9528993411682654
CPU Intensive
Task Time : 116797
CPU Time : 124500
========================================
Task Size >> {0=134217728, 1=134217728, 2=86776699}
Update attemptID:attempt_1455066125625_0076_m_000002_0
attempt_1455066125625_0076_m_000002_0:MAP:SORT:1.0
CPU/Time : 1.0304993072133282
Written/Time : 5883.340809308382
Add graph Data1.0 <> 1.0304993072133282
0.8752278687066981
CPU Intensive
Task Time : 119806
CPU Time : 123460
========================================
Task Size >> {0=134217728, 1=134217728, 2=86776699}
Update attemptID:attempt_1455066125625_0076_m_000000_0
attempt_1455066125625_0076_m_000000_0:MAP:SORT:0.6674
CPU/Time : 1.0507693848259287
Written/Time : 4505.675940451951
Add graph Data0.6674 <> 1.0507693848259287
0.9521596327132313
CPU Intensive
Task Time : 119836
CPU Time : 125920
========================================
Task Size >> {0=134217728, 1=134217728, 2=86776699}
Update attemptID:attempt_1455066125625_0076_m_000001_0
attempt_1455066125625_0076_m_000001_0:MAP:SORT:0.67997724
CPU/Time : 1.0707613264829519
Written/Time : 4834.738640154801
Add graph Data0.67997724 <> 1.0707613264829519
0.9528993411682654
CPU Intensive
Task Time : 119896
CPU Time : 128380
========================================
Task Size >> {0=134217728, 1=134217728, 2=86776699}
Update attemptID:attempt_1455066125625_0076_m_000002_0
attempt_1455066125625_0076_m_000002_0:MAP:SORT:1.0
CPU/Time : 1.0232915534036735
Written/Time : 5823.793317414546
Add graph Data1.0 <> 1.0232915534036735
0.8752278687066981
CPU Intensive
Task Time : 121031
CPU Time : 123850
========================================
Task Size >> {0=134217728, 1=134217728, 2=86776699}
Task ID >> task_1455066125625_0076_m_000001 , runningTaskAttemptID >> attempt_1455066125625_0076_m_000001_0
Now >> 1455275027963 taskAttemptStartTime >> 1455274906423 , estimatedRunTime >> 176323 , estimatedEndTime >> 1455275082746
Task ID >> task_1455066125625_0076_m_000000 , runningTaskAttemptID >> attempt_1455066125625_0076_m_000000_0
Now >> 1455275027963 taskAttemptStartTime >> 1455274906419 , estimatedRunTime >> 179556 , estimatedEndTime >> 1455275085975
Task ID >> task_1455066125625_0076_m_000001 , runningTaskAttemptID >> attempt_1455066125625_0076_m_000001_0
Now >> 1455275028977 taskAttemptStartTime >> 1455274906423 , estimatedRunTime >> 176323 , estimatedEndTime >> 1455275082746
Task ID >> task_1455066125625_0076_m_000000 , runningTaskAttemptID >> attempt_1455066125625_0076_m_000000_0
Now >> 1455275028977 taskAttemptStartTime >> 1455274906419 , estimatedRunTime >> 179556 , estimatedEndTime >> 1455275085975
Task Size >> {0=134217728, 1=134217728, 2=86776699}
Update attemptID:attempt_1455066125625_0076_m_000000_0
attempt_1455066125625_0076_m_000000_0:MAP:SORT:0.6854665
CPU/Time : 1.0514799782009256
Written/Time : 4626.0119650889455
Add graph Data0.6854665 <> 1.0514799782009256
0.9521596327132313
CPU Intensive
Task Time : 122941
CPU Time : 129270
========================================
Task Size >> {0=134217728, 1=134217728, 2=86776699}
Update attemptID:attempt_1455066125625_0076_m_000001_0
attempt_1455066125625_0076_m_000001_0:MAP:SORT:0.6965282
CPU/Time : 1.069970892889084
Written/Time : 4939.042489877555
Add graph Data0.6965282 <> 1.069970892889084
0.9528993411682654
CPU Intensive
Task Time : 122994
CPU Time : 131600
========================================
Task ID >> task_1455066125625_0076_m_000001 , runningTaskAttemptID >> attempt_1455066125625_0076_m_000001_0
Now >> 1455275029982 taskAttemptStartTime >> 1455274906423 , estimatedRunTime >> 176581 , estimatedEndTime >> 1455275083004
Task ID >> task_1455066125625_0076_m_000000 , runningTaskAttemptID >> attempt_1455066125625_0076_m_000000_0
Now >> 1455275029982 taskAttemptStartTime >> 1455274906419 , estimatedRunTime >> 179353 , estimatedEndTime >> 1455275085772
Task ID >> task_1455066125625_0076_m_000001 , runningTaskAttemptID >> attempt_1455066125625_0076_m_000001_0
Now >> 1455275030989 taskAttemptStartTime >> 1455274906423 , estimatedRunTime >> 176581 , estimatedEndTime >> 1455275083004
Task ID >> task_1455066125625_0076_m_000000 , runningTaskAttemptID >> attempt_1455066125625_0076_m_000000_0
Now >> 1455275030989 taskAttemptStartTime >> 1455274906419 , estimatedRunTime >> 179353 , estimatedEndTime >> 1455275085772
Task ID >> task_1455066125625_0076_m_000001 , runningTaskAttemptID >> attempt_1455066125625_0076_m_000001_0
Now >> 1455275031995 taskAttemptStartTime >> 1455274906423 , estimatedRunTime >> 176581 , estimatedEndTime >> 1455275083004
Task ID >> task_1455066125625_0076_m_000000 , runningTaskAttemptID >> attempt_1455066125625_0076_m_000000_0
Now >> 1455275031995 taskAttemptStartTime >> 1455274906419 , estimatedRunTime >> 179353 , estimatedEndTime >> 1455275085772
Task Size >> {0=134217728, 1=134217728, 2=86776699}
Update attemptID:attempt_1455066125625_0076_m_000000_0
attempt_1455066125625_0076_m_000000_0:MAP:SORT:0.7043206
CPU/Time : 1.0510279380142666
Written/Time : 4754.229121868776
Add graph Data0.7043206 <> 1.0510279380142666
0.9521596327132313
CPU Intensive
Task Time : 126029
CPU Time : 132460
========================================
Task Size >> {0=134217728, 1=134217728, 2=86776699}
Update attemptID:attempt_1455066125625_0076_m_000001_0
attempt_1455066125625_0076_m_000001_0:MAP:SORT:0.7129414
CPU/Time : 1.0697567582552494
Written/Time : 5017.900707309926
Add graph Data0.7129414 <> 1.0697567582552494
0.9528993411682654
CPU Intensive
Task Time : 126253
CPU Time : 135060
========================================
Task ID >> task_1455066125625_0076_m_000001 , runningTaskAttemptID >> attempt_1455066125625_0076_m_000001_0
Now >> 1455275033001 taskAttemptStartTime >> 1455274906423 , estimatedRunTime >> 177087 , estimatedEndTime >> 1455275083510
Task ID >> task_1455066125625_0076_m_000000 , runningTaskAttemptID >> attempt_1455066125625_0076_m_000000_0
Now >> 1455275033001 taskAttemptStartTime >> 1455274906419 , estimatedRunTime >> 178936 , estimatedEndTime >> 1455275085355
Task ID >> task_1455066125625_0076_m_000001 , runningTaskAttemptID >> attempt_1455066125625_0076_m_000001_0
Now >> 1455275034004 taskAttemptStartTime >> 1455274906423 , estimatedRunTime >> 177087 , estimatedEndTime >> 1455275083510
Task ID >> task_1455066125625_0076_m_000000 , runningTaskAttemptID >> attempt_1455066125625_0076_m_000000_0
Now >> 1455275034004 taskAttemptStartTime >> 1455274906419 , estimatedRunTime >> 178936 , estimatedEndTime >> 1455275085355
Task ID >> task_1455066125625_0076_m_000001 , runningTaskAttemptID >> attempt_1455066125625_0076_m_000001_0
Now >> 1455275035009 taskAttemptStartTime >> 1455274906423 , estimatedRunTime >> 177087 , estimatedEndTime >> 1455275083510
Task ID >> task_1455066125625_0076_m_000000 , runningTaskAttemptID >> attempt_1455066125625_0076_m_000000_0
Now >> 1455275035009 taskAttemptStartTime >> 1455274906419 , estimatedRunTime >> 178936 , estimatedEndTime >> 1455275085355
Task Size >> {0=134217728, 1=134217728, 2=86776699}
Update attemptID:attempt_1455066125625_0076_m_000000_0
attempt_1455066125625_0076_m_000000_0:MAP:SORT:0.72392297
CPU/Time : 1.0506710447853664
Written/Time : 4880.890193375514
Add graph Data0.72392297 <> 1.0506710447853664
0.9521596327132313
CPU Intensive
Task Time : 129127
CPU Time : 135670
========================================
Task Size >> {0=134217728, 1=134217728, 2=86776699}
Update attemptID:attempt_1455066125625_0076_m_000001_0
attempt_1455066125625_0076_m_000001_0:MAP:SORT:0.7283937
CPU/Time : 1.0711912598705051
Written/Time : 5105.017546706226
Add graph Data0.7283937 <> 1.0711912598705051
0.9528993411682654
CPU Intensive
Task Time : 129426
CPU Time : 138640
========================================
Task ID >> task_1455066125625_0076_m_000001 , runningTaskAttemptID >> attempt_1455066125625_0076_m_000001_0
Now >> 1455275036015 taskAttemptStartTime >> 1455274906423 , estimatedRunTime >> 177686 , estimatedEndTime >> 1455275084109
Task ID >> task_1455066125625_0076_m_000000 , runningTaskAttemptID >> attempt_1455066125625_0076_m_000000_0
Now >> 1455275036015 taskAttemptStartTime >> 1455274906419 , estimatedRunTime >> 178371 , estimatedEndTime >> 1455275084790
Task ID >> task_1455066125625_0076_m_000001 , runningTaskAttemptID >> attempt_1455066125625_0076_m_000001_0
Now >> 1455275037022 taskAttemptStartTime >> 1455274906423 , estimatedRunTime >> 177686 , estimatedEndTime >> 1455275084109
Task ID >> task_1455066125625_0076_m_000000 , runningTaskAttemptID >> attempt_1455066125625_0076_m_000000_0
Now >> 1455275037022 taskAttemptStartTime >> 1455274906419 , estimatedRunTime >> 178371 , estimatedEndTime >> 1455275084790
Task ID >> task_1455066125625_0076_m_000001 , runningTaskAttemptID >> attempt_1455066125625_0076_m_000001_0
Now >> 1455275038028 taskAttemptStartTime >> 1455274906423 , estimatedRunTime >> 177686 , estimatedEndTime >> 1455275084109
Task ID >> task_1455066125625_0076_m_000000 , runningTaskAttemptID >> attempt_1455066125625_0076_m_000000_0
Now >> 1455275038028 taskAttemptStartTime >> 1455274906419 , estimatedRunTime >> 178371 , estimatedEndTime >> 1455275084790
Task Size >> {0=134217728, 1=134217728, 2=86776699}
Update attemptID:attempt_1455066125625_0076_m_000000_0
attempt_1455066125625_0076_m_000000_0:MAP:SORT:0.7427248
CPU/Time : 1.050840793612388
Written/Time : 4998.451903883378
Add graph Data0.7427248 <> 1.050840793612388
0.9521596327132313
CPU Intensive
Task Time : 132256
CPU Time : 138980
========================================
Task Size >> {0=134217728, 1=134217728, 2=86776699}
Update attemptID:attempt_1455066125625_0076_m_000001_0
attempt_1455066125625_0076_m_000001_0:MAP:SORT:0.74128616
CPU/Time : 1.070097617646615
Written/Time : 5147.028810030326
Add graph Data0.74128616 <> 1.070097617646615
0.9528993411682654
CPU Intensive
Task Time : 132558
CPU Time : 141850
========================================
Task ID >> task_1455066125625_0076_m_000001 , runningTaskAttemptID >> attempt_1455066125625_0076_m_000001_0
Now >> 1455275039032 taskAttemptStartTime >> 1455274906423 , estimatedRunTime >> 178821 , estimatedEndTime >> 1455275085244
Task ID >> task_1455066125625_0076_m_000000 , runningTaskAttemptID >> attempt_1455066125625_0076_m_000000_0
Now >> 1455275039032 taskAttemptStartTime >> 1455274906419 , estimatedRunTime >> 178068 , estimatedEndTime >> 1455275084487
Task ID >> task_1455066125625_0076_m_000001 , runningTaskAttemptID >> attempt_1455066125625_0076_m_000001_0
Now >> 1455275040034 taskAttemptStartTime >> 1455274906423 , estimatedRunTime >> 178821 , estimatedEndTime >> 1455275085244
Task ID >> task_1455066125625_0076_m_000000 , runningTaskAttemptID >> attempt_1455066125625_0076_m_000000_0
Now >> 1455275040034 taskAttemptStartTime >> 1455274906419 , estimatedRunTime >> 178068 , estimatedEndTime >> 1455275084487
Task ID >> task_1455066125625_0076_m_000001 , runningTaskAttemptID >> attempt_1455066125625_0076_m_000001_0
Now >> 1455275041041 taskAttemptStartTime >> 1455274906423 , estimatedRunTime >> 178821 , estimatedEndTime >> 1455275085244
Task ID >> task_1455066125625_0076_m_000000 , runningTaskAttemptID >> attempt_1455066125625_0076_m_000000_0
Now >> 1455275041041 taskAttemptStartTime >> 1455274906419 , estimatedRunTime >> 178068 , estimatedEndTime >> 1455275084487
Task Size >> {0=134217728, 1=134217728, 2=86776699}
Update attemptID:attempt_1455066125625_0076_m_000000_0
attempt_1455066125625_0076_m_000000_0:MAP:SORT:0.7617427
CPU/Time : 1.051888848663066
Written/Time : 5113.750796101872
Add graph Data0.7617427 <> 1.051888848663066
0.9521596327132313
CPU Intensive
Task Time : 135347
CPU Time : 142370
========================================
Task ID >> task_1455066125625_0076_m_000001 , runningTaskAttemptID >> attempt_1455066125625_0076_m_000001_0
Now >> 1455275042046 taskAttemptStartTime >> 1455274906423 , estimatedRunTime >> 178821 , estimatedEndTime >> 1455275085244
Task ID >> task_1455066125625_0076_m_000000 , runningTaskAttemptID >> attempt_1455066125625_0076_m_000000_0
Now >> 1455275042046 taskAttemptStartTime >> 1455274906419 , estimatedRunTime >> 177680 , estimatedEndTime >> 1455275084099
Task Size >> {0=134217728, 1=134217728, 2=86776699}
Update attemptID:attempt_1455066125625_0076_m_000001_0
attempt_1455066125625_0076_m_000001_0:MAP:SORT:0.75198495
CPU/Time : 1.0688124388035307
Written/Time : 5151.782600693498
Add graph Data0.75198495 <> 1.0688124388035307
0.9528993411682654
CPU Intensive
Task Time : 135833
CPU Time : 145180
========================================
Task ID >> task_1455066125625_0076_m_000001 , runningTaskAttemptID >> attempt_1455066125625_0076_m_000001_0
Now >> 1455275043051 taskAttemptStartTime >> 1455274906423 , estimatedRunTime >> 180632 , estimatedEndTime >> 1455275087055
Task ID >> task_1455066125625_0076_m_000000 , runningTaskAttemptID >> attempt_1455066125625_0076_m_000000_0
Now >> 1455275043051 taskAttemptStartTime >> 1455274906419 , estimatedRunTime >> 177680 , estimatedEndTime >> 1455275084099
Task ID >> task_1455066125625_0076_m_000001 , runningTaskAttemptID >> attempt_1455066125625_0076_m_000001_0
Now >> 1455275044057 taskAttemptStartTime >> 1455274906423 , estimatedRunTime >> 180632 , estimatedEndTime >> 1455275087055
Task ID >> task_1455066125625_0076_m_000000 , runningTaskAttemptID >> attempt_1455066125625_0076_m_000000_0
Now >> 1455275044057 taskAttemptStartTime >> 1455274906419 , estimatedRunTime >> 177680 , estimatedEndTime >> 1455275084099
Task Size >> {0=134217728, 1=134217728, 2=86776699}
Update attemptID:attempt_1455066125625_0076_m_000000_0
attempt_1455066125625_0076_m_000000_0:MAP:SORT:0.78107274
CPU/Time : 1.0511488814568148
Written/Time : 5225.318732438113
Add graph Data0.78107274 <> 1.0511488814568148
0.9521596327132313
CPU Intensive
Task Time : 138439
CPU Time : 145520
========================================
Task ID >> task_1455066125625_0076_m_000001 , runningTaskAttemptID >> attempt_1455066125625_0076_m_000001_0
Now >> 1455275045063 taskAttemptStartTime >> 1455274906423 , estimatedRunTime >> 180632 , estimatedEndTime >> 1455275087055
Task ID >> task_1455066125625_0076_m_000000 , runningTaskAttemptID >> attempt_1455066125625_0076_m_000000_0
Now >> 1455275045063 taskAttemptStartTime >> 1455274906419 , estimatedRunTime >> 177242 , estimatedEndTime >> 1455275083661
Task Size >> {0=134217728, 1=134217728, 2=86776699}
Update attemptID:attempt_1455066125625_0076_m_000001_0
attempt_1455066125625_0076_m_000001_0:MAP:SORT:0.77172667
CPU/Time : 1.0686484697621548
Written/Time : 5274.603577029885
Add graph Data0.77172667 <> 1.0686484697621548
0.9528993411682654
CPU Intensive
Task Time : 138998
CPU Time : 148540
========================================
Task ID >> task_1455066125625_0076_m_000001 , runningTaskAttemptID >> attempt_1455066125625_0076_m_000001_0
Now >> 1455275046068 taskAttemptStartTime >> 1455274906423 , estimatedRunTime >> 180112 , estimatedEndTime >> 1455275086535
Task ID >> task_1455066125625_0076_m_000000 , runningTaskAttemptID >> attempt_1455066125625_0076_m_000000_0
Now >> 1455275046068 taskAttemptStartTime >> 1455274906419 , estimatedRunTime >> 177242 , estimatedEndTime >> 1455275083661
Task ID >> task_1455066125625_0076_m_000001 , runningTaskAttemptID >> attempt_1455066125625_0076_m_000001_0
Now >> 1455275047074 taskAttemptStartTime >> 1455274906423 , estimatedRunTime >> 180112 , estimatedEndTime >> 1455275086535
Task ID >> task_1455066125625_0076_m_000000 , runningTaskAttemptID >> attempt_1455066125625_0076_m_000000_0
Now >> 1455275047074 taskAttemptStartTime >> 1455274906419 , estimatedRunTime >> 177242 , estimatedEndTime >> 1455275083661
Task Size >> {0=134217728, 1=134217728, 2=86776699}
Update attemptID:attempt_1455066125625_0076_m_000000_0
attempt_1455066125625_0076_m_000000_0:MAP:SORT:0.79915804
CPU/Time : 1.0508280578792675
Written/Time : 5317.519895998192
Add graph Data0.79915804 <> 1.0508280578792675
0.9521596327132313
CPU Intensive
Task Time : 141536
CPU Time : 148730
========================================
Task ID >> task_1455066125625_0076_m_000001 , runningTaskAttemptID >> attempt_1455066125625_0076_m_000001_0
Now >> 1455275048079 taskAttemptStartTime >> 1455274906423 , estimatedRunTime >> 180112 , estimatedEndTime >> 1455275086535
Task ID >> task_1455066125625_0076_m_000000 , runningTaskAttemptID >> attempt_1455066125625_0076_m_000000_0
Now >> 1455275048079 taskAttemptStartTime >> 1455274906419 , estimatedRunTime >> 177106 , estimatedEndTime >> 1455275083525
Task Size >> {0=134217728, 1=134217728, 2=86776699}
Update attemptID:attempt_1455066125625_0076_m_000001_0
attempt_1455066125625_0076_m_000001_0:MAP:SORT:0.78782666
CPU/Time : 1.067827971211279
Written/Time : 5351.223731699252
Add graph Data0.78782666 <> 1.067827971211279
0.9528993411682654
CPU Intensive
Task Time : 142139
CPU Time : 151780
========================================
Task ID >> task_1455066125625_0076_m_000001 , runningTaskAttemptID >> attempt_1455066125625_0076_m_000001_0
Now >> 1455275049085 taskAttemptStartTime >> 1455274906423 , estimatedRunTime >> 180419 , estimatedEndTime >> 1455275086842
Task ID >> task_1455066125625_0076_m_000000 , runningTaskAttemptID >> attempt_1455066125625_0076_m_000000_0
Now >> 1455275049085 taskAttemptStartTime >> 1455274906419 , estimatedRunTime >> 177106 , estimatedEndTime >> 1455275083525
Task ID >> task_1455066125625_0076_m_000001 , runningTaskAttemptID >> attempt_1455066125625_0076_m_000001_0
Now >> 1455275050090 taskAttemptStartTime >> 1455274906423 , estimatedRunTime >> 180419 , estimatedEndTime >> 1455275086842
Task ID >> task_1455066125625_0076_m_000000 , runningTaskAttemptID >> attempt_1455066125625_0076_m_000000_0
Now >> 1455275050090 taskAttemptStartTime >> 1455274906419 , estimatedRunTime >> 177106 , estimatedEndTime >> 1455275083525
Task Size >> {0=134217728, 1=134217728, 2=86776699}
Update attemptID:attempt_1455066125625_0076_m_000000_0
attempt_1455066125625_0076_m_000000_0:MAP:SORT:0.8189303
CPU/Time : 1.050371650821089
Written/Time : 5426.2425306828
Add graph Data0.8189303 <> 1.050371650821089
0.9521596327132313
CPU Intensive
Task Time : 144625
CPU Time : 151910
========================================
Task ID >> task_1455066125625_0076_m_000001 , runningTaskAttemptID >> attempt_1455066125625_0076_m_000001_0
Now >> 1455275051095 taskAttemptStartTime >> 1455274906423 , estimatedRunTime >> 180419 , estimatedEndTime >> 1455275086842
Task ID >> task_1455066125625_0076_m_000000 , runningTaskAttemptID >> attempt_1455066125625_0076_m_000000_0
Now >> 1455275051095 taskAttemptStartTime >> 1455274906419 , estimatedRunTime >> 176602 , estimatedEndTime >> 1455275083021
Task Size >> {0=134217728, 1=134217728, 2=86776699}
Task Size >> {0=134217728, 1=134217728, 2=86776699}
Update attemptID:attempt_1455066125625_0076_m_000001_0
attempt_1455066125625_0076_m_000001_0:MAP:SORT:0.80404043
CPU/Time : 1.0669677899114531
Written/Time : 5420.738256881998
Add graph Data0.80404043 <> 1.0669677899114531
0.9528993411682654
CPU Intensive
Task Time : 145234
CPU Time : 154960
========================================
Task ID >> task_1455066125625_0076_m_000001 , runningTaskAttemptID >> attempt_1455066125625_0076_m_000001_0
Now >> 1455275052101 taskAttemptStartTime >> 1455274906423 , estimatedRunTime >> 180630 , estimatedEndTime >> 1455275087053
Task ID >> task_1455066125625_0076_m_000000 , runningTaskAttemptID >> attempt_1455066125625_0076_m_000000_0
Now >> 1455275052101 taskAttemptStartTime >> 1455274906419 , estimatedRunTime >> 176602 , estimatedEndTime >> 1455275083021
Task ID >> task_1455066125625_0076_m_000001 , runningTaskAttemptID >> attempt_1455066125625_0076_m_000001_0
Now >> 1455275053106 taskAttemptStartTime >> 1455274906423 , estimatedRunTime >> 180630 , estimatedEndTime >> 1455275087053
Task ID >> task_1455066125625_0076_m_000000 , runningTaskAttemptID >> attempt_1455066125625_0076_m_000000_0
Now >> 1455275053106 taskAttemptStartTime >> 1455274906419 , estimatedRunTime >> 176602 , estimatedEndTime >> 1455275083021
Task ID >> task_1455066125625_0076_m_000001 , runningTaskAttemptID >> attempt_1455066125625_0076_m_000001_0
Now >> 1455275054111 taskAttemptStartTime >> 1455274906423 , estimatedRunTime >> 180630 , estimatedEndTime >> 1455275087053
Task ID >> task_1455066125625_0076_m_000000 , runningTaskAttemptID >> attempt_1455066125625_0076_m_000000_0
Now >> 1455275054111 taskAttemptStartTime >> 1455274906419 , estimatedRunTime >> 176602 , estimatedEndTime >> 1455275083021
Task Size >> {0=134217728, 1=134217728, 2=86776699}
Update attemptID:attempt_1455066125625_0076_m_000000_0
attempt_1455066125625_0076_m_000000_0:MAP:SORT:0.8382604
CPU/Time : 1.0497738781921087
Written/Time : 5525.174580929943
Add graph Data0.8382604 <> 1.0497738781921087
0.9521596327132313
CPU Intensive
Task Time : 147708
CPU Time : 155060
========================================
Task Size >> {0=134217728, 1=134217728, 2=86776699}
Task Size >> {0=134217728, 1=134217728, 2=86776699}
Update attemptID:attempt_1455066125625_0076_m_000001_0
attempt_1455066125625_0076_m_000001_0:MAP:SORT:0.83530813
CPU/Time : 1.0656831942178293
Written/Time : 5664.572823258134
Add graph Data0.83530813 <> 1.0656831942178293
0.9528993411682654
CPU Intensive
Task Time : 148318
CPU Time : 158060
========================================
Task ID >> task_1455066125625_0076_m_000001 , runningTaskAttemptID >> attempt_1455066125625_0076_m_000001_0
Now >> 1455275055116 taskAttemptStartTime >> 1455274906423 , estimatedRunTime >> 177560 , estimatedEndTime >> 1455275083983
Task ID >> task_1455066125625_0076_m_000000 , runningTaskAttemptID >> attempt_1455066125625_0076_m_000000_0
Now >> 1455275055116 taskAttemptStartTime >> 1455274906419 , estimatedRunTime >> 176207 , estimatedEndTime >> 1455275082626
Task ID >> task_1455066125625_0076_m_000001 , runningTaskAttemptID >> attempt_1455066125625_0076_m_000001_0
Now >> 1455275056122 taskAttemptStartTime >> 1455274906423 , estimatedRunTime >> 177560 , estimatedEndTime >> 1455275083983
Task ID >> task_1455066125625_0076_m_000000 , runningTaskAttemptID >> attempt_1455066125625_0076_m_000000_0
Now >> 1455275056122 taskAttemptStartTime >> 1455274906419 , estimatedRunTime >> 176207 , estimatedEndTime >> 1455275082626
Task ID >> task_1455066125625_0076_m_000001 , runningTaskAttemptID >> attempt_1455066125625_0076_m_000001_0
Now >> 1455275057127 taskAttemptStartTime >> 1455274906423 , estimatedRunTime >> 177560 , estimatedEndTime >> 1455275083983
Task ID >> task_1455066125625_0076_m_000000 , runningTaskAttemptID >> attempt_1455066125625_0076_m_000000_0
Now >> 1455275057127 taskAttemptStartTime >> 1455274906419 , estimatedRunTime >> 176207 , estimatedEndTime >> 1455275082626
Task Size >> {0=134217728, 1=134217728, 2=86776699}
Update attemptID:attempt_1455066125625_0076_m_000000_0
attempt_1455066125625_0076_m_000000_0:MAP:SORT:0.8593401
CPU/Time : 1.0491657603649964
Written/Time : 5638.51361441948
Add graph Data0.8593401 <> 1.0491657603649964
0.9521596327132313
CPU Intensive
Task Time : 150796
CPU Time : 158210
========================================
Task Size >> {0=134217728, 1=134217728, 2=86776699}
Task Size >> {0=134217728, 1=134217728, 2=86776699}
Update attemptID:attempt_1455066125625_0076_m_000001_0
attempt_1455066125625_0076_m_000001_0:MAP:SORT:0.8538183
CPU/Time : 1.0648148148148149
Written/Time : 5753.7353516140965
Add graph Data0.8538183 <> 1.0648148148148149
0.9528993411682654
CPU Intensive
Task Time : 151416
CPU Time : 161230
========================================
Task ID >> task_1455066125625_0076_m_000001 , runningTaskAttemptID >> attempt_1455066125625_0076_m_000001_0
Now >> 1455275058132 taskAttemptStartTime >> 1455274906423 , estimatedRunTime >> 177339 , estimatedEndTime >> 1455275083762
Task ID >> task_1455066125625_0076_m_000000 , runningTaskAttemptID >> attempt_1455066125625_0076_m_000000_0
Now >> 1455275058132 taskAttemptStartTime >> 1455274906419 , estimatedRunTime >> 175478 , estimatedEndTime >> 1455275081897
Task ID >> task_1455066125625_0076_m_000001 , runningTaskAttemptID >> attempt_1455066125625_0076_m_000001_0
Now >> 1455275059137 taskAttemptStartTime >> 1455274906423 , estimatedRunTime >> 177339 , estimatedEndTime >> 1455275083762
Task ID >> task_1455066125625_0076_m_000000 , runningTaskAttemptID >> attempt_1455066125625_0076_m_000000_0
Now >> 1455275059137 taskAttemptStartTime >> 1455274906419 , estimatedRunTime >> 175478 , estimatedEndTime >> 1455275081897
Task ID >> task_1455066125625_0076_m_000001 , runningTaskAttemptID >> attempt_1455066125625_0076_m_000001_0
Now >> 1455275060142 taskAttemptStartTime >> 1455274906423 , estimatedRunTime >> 177339 , estimatedEndTime >> 1455275083762
Task ID >> task_1455066125625_0076_m_000000 , runningTaskAttemptID >> attempt_1455066125625_0076_m_000000_0
Now >> 1455275060142 taskAttemptStartTime >> 1455274906419 , estimatedRunTime >> 175478 , estimatedEndTime >> 1455275081897
Task Size >> {0=134217728, 1=134217728, 2=86776699}
Update attemptID:attempt_1455066125625_0076_m_000000_0
attempt_1455066125625_0076_m_000000_0:MAP:SORT:0.87633014
CPU/Time : 1.0485993332943446
Written/Time : 5704.898103202916
Add graph Data0.87633014 <> 1.0485993332943446
0.9521596327132313
CPU Intensive
Task Time : 153891
CPU Time : 161370
========================================
Task Size >> {0=134217728, 1=134217728, 2=86776699}
Task Size >> {0=134217728, 1=134217728, 2=86776699}
Update attemptID:attempt_1455066125625_0076_m_000001_0
attempt_1455066125625_0076_m_000001_0:MAP:SORT:0.8668394
CPU/Time : 1.0573836276083468
Written/Time : 5780.034827577279
Add graph Data0.8668394 <> 1.0573836276083468
0.9528993411682654
CPU Intensive
Task Time : 154504
CPU Time : 163370
========================================
Task ID >> task_1455066125625_0076_m_000001 , runningTaskAttemptID >> attempt_1455066125625_0076_m_000001_0
Now >> 1455275061147 taskAttemptStartTime >> 1455274906423 , estimatedRunTime >> 178238 , estimatedEndTime >> 1455275084661
Task ID >> task_1455066125625_0076_m_000000 , runningTaskAttemptID >> attempt_1455066125625_0076_m_000000_0
Now >> 1455275061147 taskAttemptStartTime >> 1455274906419 , estimatedRunTime >> 175608 , estimatedEndTime >> 1455275082027
Task ID >> task_1455066125625_0076_m_000001 , runningTaskAttemptID >> attempt_1455066125625_0076_m_000001_0
Now >> 1455275062152 taskAttemptStartTime >> 1455274906423 , estimatedRunTime >> 178238 , estimatedEndTime >> 1455275084661
Task ID >> task_1455066125625_0076_m_000000 , runningTaskAttemptID >> attempt_1455066125625_0076_m_000000_0
Now >> 1455275062152 taskAttemptStartTime >> 1455274906419 , estimatedRunTime >> 175608 , estimatedEndTime >> 1455275082027
Task ID >> task_1455066125625_0076_m_000001 , runningTaskAttemptID >> attempt_1455066125625_0076_m_000001_0
Now >> 1455275063157 taskAttemptStartTime >> 1455274906423 , estimatedRunTime >> 178238 , estimatedEndTime >> 1455275084661
Task ID >> task_1455066125625_0076_m_000000 , runningTaskAttemptID >> attempt_1455066125625_0076_m_000000_0
Now >> 1455275063157 taskAttemptStartTime >> 1455274906419 , estimatedRunTime >> 175608 , estimatedEndTime >> 1455275082027
Task Size >> {0=134217728, 1=134217728, 2=86776699}
Update attemptID:attempt_1455066125625_0076_m_000000_0
attempt_1455066125625_0076_m_000000_0:MAP:SORT:0.8882402
CPU/Time : 1.0432843902283657
Written/Time : 5715.190024524636
Add graph Data0.8882402 <> 1.0432843902283657
0.9521596327132313
CPU Intensive
Task Time : 156985
CPU Time : 163780
========================================
Task Size >> {0=134217728, 1=134217728, 2=86776699}
Task Size >> {0=134217728, 1=134217728, 2=86776699}
Update attemptID:attempt_1455066125625_0076_m_000001_0
attempt_1455066125625_0076_m_000001_0:MAP:SORT:0.88556373
CPU/Time : 1.0566495116859052
Written/Time : 5866.361047828763
Add graph Data0.88556373 <> 1.0566495116859052
0.9528993411682654
CPU Intensive
Task Time : 157583
CPU Time : 166510
========================================
Task ID >> task_1455066125625_0076_m_000001 , runningTaskAttemptID >> attempt_1455066125625_0076_m_000001_0
Now >> 1455275064163 taskAttemptStartTime >> 1455274906423 , estimatedRunTime >> 177946 , estimatedEndTime >> 1455275084369
Task ID >> task_1455066125625_0076_m_000000 , runningTaskAttemptID >> attempt_1455066125625_0076_m_000000_0
Now >> 1455275064163 taskAttemptStartTime >> 1455274906419 , estimatedRunTime >> 176737 , estimatedEndTime >> 1455275083156
Task ID >> task_1455066125625_0076_m_000001 , runningTaskAttemptID >> attempt_1455066125625_0076_m_000001_0
Now >> 1455275065168 taskAttemptStartTime >> 1455274906423 , estimatedRunTime >> 177946 , estimatedEndTime >> 1455275084369
Task ID >> task_1455066125625_0076_m_000000 , runningTaskAttemptID >> attempt_1455066125625_0076_m_000000_0
Now >> 1455275065168 taskAttemptStartTime >> 1455274906419 , estimatedRunTime >> 176737 , estimatedEndTime >> 1455275083156
Task ID >> task_1455066125625_0076_m_000001 , runningTaskAttemptID >> attempt_1455066125625_0076_m_000001_0
Now >> 1455275066172 taskAttemptStartTime >> 1455274906423 , estimatedRunTime >> 177946 , estimatedEndTime >> 1455275084369
Task ID >> task_1455066125625_0076_m_000000 , runningTaskAttemptID >> attempt_1455066125625_0076_m_000000_0
Now >> 1455275066172 taskAttemptStartTime >> 1455274906419 , estimatedRunTime >> 176737 , estimatedEndTime >> 1455275083156
Task Size >> {0=134217728, 1=134217728, 2=86776699}
Update attemptID:attempt_1455066125625_0076_m_000000_0
attempt_1455066125625_0076_m_000000_0:MAP:SORT:0.9046002
CPU/Time : 1.042879632174717
Written/Time : 5770.031078987481
Add graph Data0.9046002 <> 1.042879632174717
0.9521596327132313
CPU Intensive
Task Time : 160076
CPU Time : 166940
========================================
Task Size >> {0=134217728, 1=134217728, 2=86776699}
Task Size >> {0=134217728, 1=134217728, 2=86776699}
Update attemptID:attempt_1455066125625_0076_m_000001_0
attempt_1455066125625_0076_m_000001_0:MAP:SORT:0.9048105
CPU/Time : 1.056398511308331
Written/Time : 5953.526574888908
Add graph Data0.9048105 <> 1.056398511308331
0.9528993411682654
CPU Intensive
Task Time : 160678
CPU Time : 169740
========================================
Task ID >> task_1455066125625_0076_m_000001 , runningTaskAttemptID >> attempt_1455066125625_0076_m_000001_0
Now >> 1455275067177 taskAttemptStartTime >> 1455274906423 , estimatedRunTime >> 177581 , estimatedEndTime >> 1455275084004
Task ID >> task_1455066125625_0076_m_000000 , runningTaskAttemptID >> attempt_1455066125625_0076_m_000000_0
Now >> 1455275067177 taskAttemptStartTime >> 1455274906419 , estimatedRunTime >> 176957 , estimatedEndTime >> 1455275083376
Task ID >> task_1455066125625_0076_m_000001 , runningTaskAttemptID >> attempt_1455066125625_0076_m_000001_0
Now >> 1455275068183 taskAttemptStartTime >> 1455274906423 , estimatedRunTime >> 177581 , estimatedEndTime >> 1455275084004
Task ID >> task_1455066125625_0076_m_000000 , runningTaskAttemptID >> attempt_1455066125625_0076_m_000000_0
Now >> 1455275068183 taskAttemptStartTime >> 1455274906419 , estimatedRunTime >> 176957 , estimatedEndTime >> 1455275083376
Task ID >> task_1455066125625_0076_m_000001 , runningTaskAttemptID >> attempt_1455066125625_0076_m_000001_0
Now >> 1455275069187 taskAttemptStartTime >> 1455274906423 , estimatedRunTime >> 177581 , estimatedEndTime >> 1455275084004
Task ID >> task_1455066125625_0076_m_000000 , runningTaskAttemptID >> attempt_1455066125625_0076_m_000000_0
Now >> 1455275069187 taskAttemptStartTime >> 1455274906419 , estimatedRunTime >> 176957 , estimatedEndTime >> 1455275083376
Task Size >> {0=134217728, 1=134217728, 2=86776699}
Update attemptID:attempt_1455066125625_0076_m_000000_0
attempt_1455066125625_0076_m_000000_0:MAP:SORT:0.9206847
CPU/Time : 1.0425541043289592
Written/Time : 5820.800793101123
Add graph Data0.9206847 <> 1.0425541043289592
0.9521596327132313
CPU Intensive
Task Time : 163157
CPU Time : 170100
========================================
Task Size >> {0=134217728, 1=134217728, 2=86776699}
Task ID >> task_1455066125625_0076_m_000001 , runningTaskAttemptID >> attempt_1455066125625_0076_m_000001_0
Now >> 1455275070192 taskAttemptStartTime >> 1455274906423 , estimatedRunTime >> 177581 , estimatedEndTime >> 1455275084004
Task ID >> task_1455066125625_0076_m_000000 , runningTaskAttemptID >> attempt_1455066125625_0076_m_000000_0
Now >> 1455275070192 taskAttemptStartTime >> 1455274906419 , estimatedRunTime >> 177212 , estimatedEndTime >> 1455275083631
Task Size >> {0=134217728, 1=134217728, 2=86776699}
Update attemptID:attempt_1455066125625_0076_m_000001_0
attempt_1455066125625_0076_m_000001_0:MAP:SORT:0.9231558
CPU/Time : 1.0559214743100618
Written/Time : 6027.4583351137535
Add graph Data0.9231558 <> 1.0559214743100618
0.9528993411682654
CPU Intensive
Task Time : 163819
CPU Time : 172980
========================================
Task ID >> task_1455066125625_0076_m_000001 , runningTaskAttemptID >> attempt_1455066125625_0076_m_000001_0
Now >> 1455275071197 taskAttemptStartTime >> 1455274906423 , estimatedRunTime >> 177455 , estimatedEndTime >> 1455275083878
Task ID >> task_1455066125625_0076_m_000000 , runningTaskAttemptID >> attempt_1455066125625_0076_m_000000_0
Now >> 1455275071197 taskAttemptStartTime >> 1455274906419 , estimatedRunTime >> 177212 , estimatedEndTime >> 1455275083631
Task ID >> task_1455066125625_0076_m_000001 , runningTaskAttemptID >> attempt_1455066125625_0076_m_000001_0
Now >> 1455275072202 taskAttemptStartTime >> 1455274906423 , estimatedRunTime >> 177455 , estimatedEndTime >> 1455275083878
Task ID >> task_1455066125625_0076_m_000000 , runningTaskAttemptID >> attempt_1455066125625_0076_m_000000_0
Now >> 1455275072202 taskAttemptStartTime >> 1455274906419 , estimatedRunTime >> 177212 , estimatedEndTime >> 1455275083631
Task Size >> {0=134217728, 1=134217728, 2=86776699}
Update attemptID:attempt_1455066125625_0076_m_000000_0
attempt_1455066125625_0076_m_000000_0:MAP:SORT:0.9366871
CPU/Time : 1.0420476419634264
Written/Time : 5868.980486044274
Add graph Data0.9366871 <> 1.0420476419634264
0.9521596327132313
CPU Intensive
Task Time : 166240
CPU Time : 173230
========================================
Task ID >> task_1455066125625_0076_m_000001 , runningTaskAttemptID >> attempt_1455066125625_0076_m_000001_0
Now >> 1455275073204 taskAttemptStartTime >> 1455274906423 , estimatedRunTime >> 177455 , estimatedEndTime >> 1455275083878
Task ID >> task_1455066125625_0076_m_000000 , runningTaskAttemptID >> attempt_1455066125625_0076_m_000000_0
Now >> 1455275073204 taskAttemptStartTime >> 1455274906419 , estimatedRunTime >> 177476 , estimatedEndTime >> 1455275083895
Task Size >> {0=134217728, 1=134217728, 2=86776699}
Task Size >> {0=134217728, 1=134217728, 2=86776699}
Update attemptID:attempt_1455066125625_0076_m_000001_0
attempt_1455066125625_0076_m_000001_0:MAP:SORT:0.9395091
CPU/Time : 1.0552544098709233
Written/Time : 6079.8697553232905
Add graph Data0.9395091 <> 1.0552544098709233
0.9528993411682654
CPU Intensive
Task Time : 166955
CPU Time : 176180
========================================
Task ID >> task_1455066125625_0076_m_000001 , runningTaskAttemptID >> attempt_1455066125625_0076_m_000001_0
Now >> 1455275074209 taskAttemptStartTime >> 1455274906423 , estimatedRunTime >> 177704 , estimatedEndTime >> 1455275084127
Task ID >> task_1455066125625_0076_m_000000 , runningTaskAttemptID >> attempt_1455066125625_0076_m_000000_0
Now >> 1455275074209 taskAttemptStartTime >> 1455274906419 , estimatedRunTime >> 177476 , estimatedEndTime >> 1455275083895
Task ID >> task_1455066125625_0076_m_000001 , runningTaskAttemptID >> attempt_1455066125625_0076_m_000001_0
Now >> 1455275075214 taskAttemptStartTime >> 1455274906423 , estimatedRunTime >> 177704 , estimatedEndTime >> 1455275084127
Task ID >> task_1455066125625_0076_m_000000 , runningTaskAttemptID >> attempt_1455066125625_0076_m_000000_0
Now >> 1455275075214 taskAttemptStartTime >> 1455274906419 , estimatedRunTime >> 177476 , estimatedEndTime >> 1455275083895
Task Size >> {0=134217728, 1=134217728, 2=86776699}
Update attemptID:attempt_1455066125625_0076_m_000000_0
attempt_1455066125625_0076_m_000000_0:MAP:SORT:0.9528371
CPU/Time : 1.0417121900228552
Written/Time : 5916.352926585837
Add graph Data0.9528371 <> 1.0417121900228552
0.9521596327132313
CPU Intensive
Task Time : 169327
CPU Time : 176390
========================================
Task ID >> task_1455066125625_0076_m_000001 , runningTaskAttemptID >> attempt_1455066125625_0076_m_000001_0
Now >> 1455275076216 taskAttemptStartTime >> 1455274906423 , estimatedRunTime >> 177704 , estimatedEndTime >> 1455275084127
Task ID >> task_1455066125625_0076_m_000000 , runningTaskAttemptID >> attempt_1455066125625_0076_m_000000_0
Now >> 1455275076216 taskAttemptStartTime >> 1455274906419 , estimatedRunTime >> 177708 , estimatedEndTime >> 1455275084127
Task Size >> {0=134217728, 1=134217728, 2=86776699}
Task Size >> {0=134217728, 1=134217728, 2=86776699}
Update attemptID:attempt_1455066125625_0076_m_000001_0
attempt_1455066125625_0076_m_000001_0:MAP:SORT:0.95585114
CPU/Time : 1.0547205757832345
Written/Time : 6129.723021921159
Add graph Data0.95585114 <> 1.0547205757832345
0.9528993411682654
CPU Intensive
Task Time : 170064
CPU Time : 179370
========================================
Task ID >> task_1455066125625_0076_m_000001 , runningTaskAttemptID >> attempt_1455066125625_0076_m_000001_0
Now >> 1455275077220 taskAttemptStartTime >> 1455274906423 , estimatedRunTime >> 177918 , estimatedEndTime >> 1455275084341
Task ID >> task_1455066125625_0076_m_000000 , runningTaskAttemptID >> attempt_1455066125625_0076_m_000000_0
Now >> 1455275077220 taskAttemptStartTime >> 1455274906419 , estimatedRunTime >> 177708 , estimatedEndTime >> 1455275084127
Task ID >> task_1455066125625_0076_m_000001 , runningTaskAttemptID >> attempt_1455066125625_0076_m_000001_0
Now >> 1455275078225 taskAttemptStartTime >> 1455274906423 , estimatedRunTime >> 177918 , estimatedEndTime >> 1455275084341
Task ID >> task_1455066125625_0076_m_000000 , runningTaskAttemptID >> attempt_1455066125625_0076_m_000000_0
Now >> 1455275078225 taskAttemptStartTime >> 1455274906419 , estimatedRunTime >> 177708 , estimatedEndTime >> 1455275084127
Task Size >> {0=134217728, 1=134217728, 2=86776699}
Update attemptID:attempt_1455066125625_0076_m_000000_0
attempt_1455066125625_0076_m_000000_0:MAP:SORT:0.9695493
CPU/Time : 1.042566639027247
Written/Time : 5965.514852805594
Add graph Data0.9695493 <> 1.042566639027247
0.9521596327132313
CPU Intensive
Task Time : 172459
CPU Time : 179800
========================================
Task ID >> task_1455066125625_0076_m_000001 , runningTaskAttemptID >> attempt_1455066125625_0076_m_000001_0
Now >> 1455275079230 taskAttemptStartTime >> 1455274906423 , estimatedRunTime >> 177918 , estimatedEndTime >> 1455275084341
Task ID >> task_1455066125625_0076_m_000000 , runningTaskAttemptID >> attempt_1455066125625_0076_m_000000_0
Now >> 1455275079230 taskAttemptStartTime >> 1455274906419 , estimatedRunTime >> 177875 , estimatedEndTime >> 1455275084294
Task Size >> {0=134217728, 1=134217728, 2=86776699}
Task Size >> {0=134217728, 1=134217728, 2=86776699}
Update attemptID:attempt_1455066125625_0076_m_000001_0
attempt_1455066125625_0076_m_000001_0:MAP:SORT:0.9723604
CPU/Time : 1.0547314814280189
Written/Time : 6178.313186020059
Add graph Data0.9723604 <> 1.0547314814280189
0.9528993411682654
CPU Intensive
Task Time : 173191
CPU Time : 182670
========================================
Task ID >> task_1455066125625_0076_m_000001 , runningTaskAttemptID >> attempt_1455066125625_0076_m_000001_0
Now >> 1455275080235 taskAttemptStartTime >> 1455274906423 , estimatedRunTime >> 178114 , estimatedEndTime >> 1455275084537
Task ID >> task_1455066125625_0076_m_000000 , runningTaskAttemptID >> attempt_1455066125625_0076_m_000000_0
Now >> 1455275080235 taskAttemptStartTime >> 1455274906419 , estimatedRunTime >> 177875 , estimatedEndTime >> 1455275084294
Task ID >> task_1455066125625_0076_m_000001 , runningTaskAttemptID >> attempt_1455066125625_0076_m_000001_0
Now >> 1455275081239 taskAttemptStartTime >> 1455274906423 , estimatedRunTime >> 178114 , estimatedEndTime >> 1455275084537
Task ID >> task_1455066125625_0076_m_000000 , runningTaskAttemptID >> attempt_1455066125625_0076_m_000000_0
Now >> 1455275081239 taskAttemptStartTime >> 1455274906419 , estimatedRunTime >> 177875 , estimatedEndTime >> 1455275084294
Task Size >> {0=134217728, 1=134217728, 2=86776699}
Update attemptID:attempt_1455066125625_0076_m_000000_0
attempt_1455066125625_0076_m_000000_0:MAP:SORT:0.9842386
CPU/Time : 1.042275505728072
Written/Time : 5997.124433886487
Add graph Data0.9842386 <> 1.042275505728072
0.9521596327132313
CPU Intensive
Task Time : 175539
CPU Time : 182960
========================================
Task ID >> task_1455066125625_0076_m_000001 , runningTaskAttemptID >> attempt_1455066125625_0076_m_000001_0
Now >> 1455275082241 taskAttemptStartTime >> 1455274906423 , estimatedRunTime >> 178114 , estimatedEndTime >> 1455275084537
Task ID >> task_1455066125625_0076_m_000000 , runningTaskAttemptID >> attempt_1455066125625_0076_m_000000_0
Now >> 1455275082241 taskAttemptStartTime >> 1455274906419 , estimatedRunTime >> 178350 , estimatedEndTime >> 1455275084769
Task Size >> {0=134217728, 1=134217728, 2=86776699}
Update attemptID:attempt_1455066125625_0076_m_000001_0
attempt_1455066125625_0076_m_000001_0:MAP:SORT:0.98719454
CPU/Time : 1.0549779645731594
Written/Time : 6209.317094613373
Add graph Data0.98719454 <> 1.0549779645731594
0.9528993411682654
CPU Intensive
Task Time : 176307
CPU Time : 186000
========================================
Task Size >> {0=134217728, 1=134217728, 2=86776699}
Task ID >> task_1455066125625_0076_m_000001 , runningTaskAttemptID >> attempt_1455066125625_0076_m_000001_0
Now >> 1455275083245 taskAttemptStartTime >> 1455274906423 , estimatedRunTime >> 178593 , estimatedEndTime >> 1455275085016
Task ID >> task_1455066125625_0076_m_000000 , runningTaskAttemptID >> attempt_1455066125625_0076_m_000000_0
Now >> 1455275083245 taskAttemptStartTime >> 1455274906419 , estimatedRunTime >> 178350 , estimatedEndTime >> 1455275084769
Task ID >> task_1455066125625_0076_m_000001 , runningTaskAttemptID >> attempt_1455066125625_0076_m_000001_0
Now >> 1455275084250 taskAttemptStartTime >> 1455274906423 , estimatedRunTime >> 178593 , estimatedEndTime >> 1455275085016
Task ID >> task_1455066125625_0076_m_000000 , runningTaskAttemptID >> attempt_1455066125625_0076_m_000000_0
Now >> 1455275084250 taskAttemptStartTime >> 1455274906419 , estimatedRunTime >> 178350 , estimatedEndTime >> 1455275084769
Task Size >> {0=134217728, 1=134217728, 2=86776699}
Update attemptID:attempt_1455066125625_0076_m_000000_0
attempt_1455066125625_0076_m_000000_0:MAP:SORT:0.999174
CPU/Time : 1.0425179397046807
Written/Time : 6026.705486583004
Add graph Data0.999174 <> 1.0425179397046807
0.9521596327132313
CPU Intensive
Task Time : 178654
CPU Time : 186250
========================================
Task ID >> task_1455066125625_0076_m_000001 , runningTaskAttemptID >> attempt_1455066125625_0076_m_000001_0
Now >> 1455275085252 taskAttemptStartTime >> 1455274906423 , estimatedRunTime >> 178593 , estimatedEndTime >> 1455275085016
Task ID >> task_1455066125625_0076_m_000000 , runningTaskAttemptID >> attempt_1455066125625_0076_m_000000_0
Now >> 1455275085252 taskAttemptStartTime >> 1455274906419 , estimatedRunTime >> 178801 , estimatedEndTime >> 1455275085220
Task Size >> {0=134217728, 1=134217728, 2=86776699}
Update attemptID:attempt_1455066125625_0076_m_000000_0
attempt_1455066125625_0076_m_000000_0:MAP:SORT:1.0
CPU/Time : 1.0428760225504792
Written/Time : 6015.297639560366
Add graph Data1.0 <> 1.0428760225504792
0.9521596327132313
CPU Intensive
Task Time : 179331
CPU Time : 187020
========================================
Task Size >> {0=134217728, 1=134217728, 2=86776699}
Task Size >> {0=134217728, 1=134217728, 2=86776699}
Update attemptID:attempt_1455066125625_0076_m_000001_0
attempt_1455066125625_0076_m_000001_0:MAP:SORT:1.0
CPU/Time : 1.0542919088836746
Written/Time : 6225.582457822193
Add graph Data1.0 <> 1.0542919088836746
0.9528993411682654
CPU Intensive
Task Time : 179419
CPU Time : 189160
========================================
Task Size >> {0=134217728, 1=134217728, 2=86776699}
Task Size >> {0=134217728, 1=134217728, 2=86776699}
Update attemptID:attempt_1455066125625_0076_m_000001_0
attempt_1455066125625_0076_m_000001_0:MAP:SORT:1.0
CPU/Time : 1.054319502906394
Written/Time : 6219.169834747556
Add graph Data1.0 <> 1.054319502906394
0.9528993411682654
CPU Intensive
Task Time : 179604
CPU Time : 189360
========================================