ow Use estimatorClass : org.apache.hadoop.mapreduce.v2.app.speculate.LegacyTaskRuntimeEstimator_Fixed
serviceStart
attempt_1454302961222_0001_m_000004_0 : spilledRecord org.apache.hadoop.mapred.Counters$Counter@c553d160
attempt_1454302961222_0001_m_000007_0 : spilledRecord org.apache.hadoop.mapred.Counters$Counter@c553d160
attempt_1454302961222_0001_m_000000_0 : spilledRecord org.apache.hadoop.mapred.Counters$Counter@c553d160
attempt_1454302961222_0001_m_000001_0 : spilledRecord org.apache.hadoop.mapred.Counters$Counter@c553d160
attempt_1454302961222_0001_m_000002_0 : spilledRecord org.apache.hadoop.mapred.Counters$Counter@c553d160
attempt_1454302961222_0001_m_000003_0 : spilledRecord org.apache.hadoop.mapred.Counters$Counter@c553d160
attempt_1454302961222_0001_m_000005_0 : spilledRecord org.apache.hadoop.mapred.Counters$Counter@c553d160
attempt_1454302961222_0001_m_000006_0 : spilledRecord org.apache.hadoop.mapred.Counters$Counter@c553d160
TaskStatusClass : >> 0.36640668
Task Size >> {0=134217728, 1=134217728, 2=134217728, 3=134217728, 4=134217728, 5=134217728, 6=97346816, 7=97346816}
Update attemptID:attempt_1454302961222_0001_m_000002_0
attempt_1454302961222_0001_m_000002_0:MAP:MAP:0.36640668
FILE_BYTES_READ : 0
HDFS_BYTES_READ : 72325933
FILE_BYTES_WRITTEN : 116775
HBW_BYTES_WRITTEN : 0
CPU/Time : 0.5052454473475851
Written/Time : 5.778652019002375
FinishedSize : 4.9178272E7
Add graph Data0.36640668 <> 0.5052454473475851
-1.0
I/O Intensive
Task Time : 20208
CPU Time : 10210
========================================
TaskStatusClass : >> 0.44160372
Task Size >> {0=134217728, 1=134217728, 2=134217728, 3=134217728, 4=134217728, 5=134217728, 6=97346816, 7=97346816}
Update attemptID:attempt_1454302961222_0001_m_000002_0
attempt_1454302961222_0001_m_000002_0:MAP:MAP:0.44160372
FILE_BYTES_READ : 0
HDFS_BYTES_READ : 88862233
FILE_BYTES_WRITTEN : 116775
HBW_BYTES_WRITTEN : 0
CPU/Time : 0.6369780971937029
Written/Time : 4.995508213552362
FinishedSize : 5.9271048E7
Add graph Data0.44160372 <> 0.6369780971937029
-1.0
I/O Intensive
Task Time : 23376
CPU Time : 14890
========================================
TaskStatusClass : >> 0.52242446
Task Size >> {0=134217728, 1=134217728, 2=134217728, 3=134217728, 4=134217728, 5=134217728, 6=97346816, 7=97346816}
Update attemptID:attempt_1454302961222_0001_m_000006_0
attempt_1454302961222_0001_m_000006_0:MAP:MAP:0.52242446
FILE_BYTES_READ : 0
HDFS_BYTES_READ : 74409033
FILE_BYTES_WRITTEN : 116775
HBW_BYTES_WRITTEN : 0
CPU/Time : 0.4233128834355828
Written/Time : 4.776073619631902
FinishedSize : 7.0118624E7
Add graph Data0.52242446 <> 0.4233128834355828
-1.0
I/O Intensive
Task Time : 24450
CPU Time : 10350
========================================
TaskStatusClass : >> 0.3554568
Task Size >> {0=134217728, 1=134217728, 2=134217728, 3=134217728, 4=134217728, 5=134217728, 6=97346816, 7=97346816}
Update attemptID:attempt_1454302961222_0001_m_000005_0
attempt_1454302961222_0001_m_000005_0:MAP:MAP:0.3554568
FILE_BYTES_READ : 0
HDFS_BYTES_READ : 69389433
FILE_BYTES_WRITTEN : 116775
HBW_BYTES_WRITTEN : 0
CPU/Time : 0.34209782301385355
Written/Time : 4.716466739367503
FinishedSize : 4.7708604E7
Add graph Data0.3554568 <> 0.34209782301385355
-1.0
I/O Intensive
Task Time : 24759
CPU Time : 8470
========================================
TaskStatusClass : >> 0.39628035
Task Size >> {0=134217728, 1=134217728, 2=134217728, 3=134217728, 4=134217728, 5=134217728, 6=97346816, 7=97346816}
Update attemptID:attempt_1454302961222_0001_m_000003_0
attempt_1454302961222_0001_m_000003_0:MAP:MAP:0.39628035
FILE_BYTES_READ : 0
HDFS_BYTES_READ : 75897433
FILE_BYTES_WRITTEN : 116775
HBW_BYTES_WRITTEN : 0
CPU/Time : 0.4203734872164783
Written/Time : 4.679610483289252
FinishedSize : 5.3187848E7
Add graph Data0.39628035 <> 0.4203734872164783
-1.0
I/O Intensive
Task Time : 24954
CPU Time : 10490
========================================
TaskStatusClass : >> 0.44160372
Task Size >> {0=134217728, 1=134217728, 2=134217728, 3=134217728, 4=134217728, 5=134217728, 6=97346816, 7=97346816}
Update attemptID:attempt_1454302961222_0001_m_000002_0
attempt_1454302961222_0001_m_000002_0:MAP:MAP:0.44160372
FILE_BYTES_READ : 0
HDFS_BYTES_READ : 88862233
FILE_BYTES_WRITTEN : 21363884
HBW_BYTES_WRITTEN : 0
CPU/Time : 0.7107630915182773
Written/Time : 804.2722584045476
FinishedSize : 5.9271048E7
Add graph Data0.44160372 <> 0.7107630915182773
-1.0
I/O Intensive
Task Time : 26563
CPU Time : 18880
========================================
TaskStatusClass : >> 0.6088646
Task Size >> {0=134217728, 1=134217728, 2=134217728, 3=134217728, 4=134217728, 5=134217728, 6=97346816, 7=97346816}
Update attemptID:attempt_1454302961222_0001_m_000006_0
attempt_1454302961222_0001_m_000006_0:MAP:MAP:0.6088646
FILE_BYTES_READ : 0
HDFS_BYTES_READ : 88862233
FILE_BYTES_WRITTEN : 116775
HBW_BYTES_WRITTEN : 0
CPU/Time : 0.5331161780673181
Written/Time : 4.226384364820847
FinishedSize : 8.1720424E7
Add graph Data0.6088646 <> 0.5331161780673181
-1.0
I/O Intensive
Task Time : 27630
CPU Time : 14730
========================================
TaskStatusClass : >> 0.44160372
Task Size >> {0=134217728, 1=134217728, 2=134217728, 3=134217728, 4=134217728, 5=134217728, 6=97346816, 7=97346816}
Update attemptID:attempt_1454302961222_0001_m_000005_0
attempt_1454302961222_0001_m_000005_0:MAP:MAP:0.44160372
FILE_BYTES_READ : 0
HDFS_BYTES_READ : 88862233
FILE_BYTES_WRITTEN : 116775
HBW_BYTES_WRITTEN : 0
CPU/Time : 0.4963623983084256
Written/Time : 4.185033867326094
FinishedSize : 5.9271048E7
Add graph Data0.44160372 <> 0.4963623983084256
-1.0
I/O Intensive
Task Time : 27903
CPU Time : 13850
========================================
TaskStatusClass : >> 0.44160348
Task Size >> {0=134217728, 1=134217728, 2=134217728, 3=134217728, 4=134217728, 5=134217728, 6=97346816, 7=97346816}
Update attemptID:attempt_1454302961222_0001_m_000003_0
attempt_1454302961222_0001_m_000003_0:MAP:MAP:0.44160348
FILE_BYTES_READ : 0
HDFS_BYTES_READ : 88862233
FILE_BYTES_WRITTEN : 116775
HBW_BYTES_WRITTEN : 0
CPU/Time : 0.515647226173542
Written/Time : 4.152738264580369
FinishedSize : 5.9271016E7
Add graph Data0.44160348 <> 0.515647226173542
-1.0
I/O Intensive
Task Time : 28120
CPU Time : 14500
========================================
TaskStatusClass : >> 0.5983931
Task Size >> {0=134217728, 1=134217728, 2=134217728, 3=134217728, 4=134217728, 5=134217728, 6=97346816, 7=97346816}
Update attemptID:attempt_1454302961222_0001_m_000002_0
attempt_1454302961222_0001_m_000002_0:MAP:MAP:0.5983931
FILE_BYTES_READ : 0
HDFS_BYTES_READ : 115933273
FILE_BYTES_WRITTEN : 74050277
HBW_BYTES_WRITTEN : 0
CPU/Time : 0.7551356621726121
Written/Time : 2489.670746057896
FinishedSize : 8.031496E7
Add graph Data0.5983931 <> 0.7551356621726121
-1.0
I/O Intensive
Task Time : 29743
CPU Time : 22460
========================================
TaskStatusClass : >> 0.5983931
Task Size >> {0=134217728, 1=134217728, 2=134217728, 3=134217728, 4=134217728, 5=134217728, 6=97346816, 7=97346816}
Update attemptID:attempt_1454302961222_0001_m_000002_0
attempt_1454302961222_0001_m_000002_0:MAP:SORT:0.5983931
FILE_BYTES_READ : 0
HDFS_BYTES_READ : 115933273
FILE_BYTES_WRITTEN : 74050277
HBW_BYTES_WRITTEN : 0
CPU/Time : 0.7428476930709442
Written/Time : 2449.1574995865717
FinishedSize : 8.031496E7
Add graph Data0.5983931 <> 0.7428476930709442
-1.0
I/O Intensive
Task Time : 30235
CPU Time : 22460
========================================
TaskStatusClass : >> 0.27032107
Task Size >> {0=134217728, 1=134217728, 2=134217728, 3=134217728, 4=134217728, 5=134217728, 6=97346816, 7=97346816}
Update attemptID:attempt_1454302961222_0001_m_000007_0
attempt_1454302961222_0001_m_000007_0:MAP:MAP:0.27032107
FILE_BYTES_READ : 0
HDFS_BYTES_READ : 36372733
FILE_BYTES_WRITTEN : 116775
HBW_BYTES_WRITTEN : 0
CPU/Time : 0.2906164793509344
Written/Time : 3.882922125423954
FinishedSize : 3.628188E7
Add graph Data0.27032107 <> 0.2906164793509344
0.2906164793509344
I/O Intensive
Task Time : 30074
CPU Time : 8740
========================================
TaskStatusClass : >> 0.23257221
Task Size >> {0=134217728, 1=134217728, 2=134217728, 3=134217728, 4=134217728, 5=134217728, 6=97346816, 7=97346816}
Update attemptID:attempt_1454302961222_0001_m_000001_0
attempt_1454302961222_0001_m_000001_0:MAP:MAP:0.23257221
FILE_BYTES_READ : 0
HDFS_BYTES_READ : 44849633
FILE_BYTES_WRITTEN : 116775
HBW_BYTES_WRITTEN : 0
CPU/Time : 0.28540744597761
Written/Time : 3.8002798750325435
FinishedSize : 3.1215314E7
Add graph Data0.23257221 <> 0.28540744597761
0.28540744597761
I/O Intensive
Task Time : 30728
CPU Time : 8770
========================================
TaskStatusClass : >> 0.6088646
Task Size >> {0=134217728, 1=134217728, 2=134217728, 3=134217728, 4=134217728, 5=134217728, 6=97346816, 7=97346816}
Update attemptID:attempt_1454302961222_0001_m_000006_0
attempt_1454302961222_0001_m_000006_0:MAP:MAP:0.6088646
FILE_BYTES_READ : 0
HDFS_BYTES_READ : 88862233
FILE_BYTES_WRITTEN : 23167036
HBW_BYTES_WRITTEN : 0
CPU/Time : 0.6061492459698388
Written/Time : 752.958788351534
FinishedSize : 8.1720424E7
Add graph Data0.6088646 <> 0.6061492459698388
-1.0
I/O Intensive
Task Time : 30768
CPU Time : 18650
========================================
TaskStatusClass : >> 0.23139308
Task Size >> {0=134217728, 1=134217728, 2=134217728, 3=134217728, 4=134217728, 5=134217728, 6=97346816, 7=97346816}
Update attemptID:attempt_1454302961222_0001_m_000000_0
attempt_1454302961222_0001_m_000000_0:MAP:MAP:0.23139308
FILE_BYTES_READ : 0
HDFS_BYTES_READ : 42859033
FILE_BYTES_WRITTEN : 116775
HBW_BYTES_WRITTEN : 0
CPU/Time : 0.2771107794146278
Written/Time : 3.7891816470893636
FinishedSize : 3.1057054E7
Add graph Data0.23139308 <> 0.2771107794146278
0.2771107794146278
I/O Intensive
Task Time : 30818
CPU Time : 8540
========================================
TaskStatusClass : >> 0.22093455
Task Size >> {0=134217728, 1=134217728, 2=134217728, 3=134217728, 4=134217728, 5=134217728, 6=97346816, 7=97346816}
Update attemptID:attempt_1454302961222_0001_m_000004_0
attempt_1454302961222_0001_m_000004_0:MAP:MAP:0.22093455
FILE_BYTES_READ : 0
HDFS_BYTES_READ : 40688333
FILE_BYTES_WRITTEN : 116775
HBW_BYTES_WRITTEN : 0
CPU/Time : 0.2807642487046632
Written/Time : 3.781573834196891
FinishedSize : 2.9653334E7
Add graph Data0.22093455 <> 0.2807642487046632
0.2807642487046632
I/O Intensive
Task Time : 30880
CPU Time : 8670
========================================
TaskStatusClass : >> 0.44160372
Task Size >> {0=134217728, 1=134217728, 2=134217728, 3=134217728, 4=134217728, 5=134217728, 6=97346816, 7=97346816}
Update attemptID:attempt_1454302961222_0001_m_000005_0
attempt_1454302961222_0001_m_000005_0:MAP:MAP:0.44160372
FILE_BYTES_READ : 0
HDFS_BYTES_READ : 88862233
FILE_BYTES_WRITTEN : 2264583
HBW_BYTES_WRITTEN : 0
CPU/Time : 0.573147969363455
Written/Time : 72.87709982622128
FinishedSize : 5.9271048E7
Add graph Data0.44160372 <> 0.573147969363455
-1.0
I/O Intensive
Task Time : 31074
CPU Time : 17810
========================================
TaskStatusClass : >> 0.44160348
Task Size >> {0=134217728, 1=134217728, 2=134217728, 3=134217728, 4=134217728, 5=134217728, 6=97346816, 7=97346816}
Update attemptID:attempt_1454302961222_0001_m_000003_0
attempt_1454302961222_0001_m_000003_0:MAP:MAP:0.44160348
FILE_BYTES_READ : 0
HDFS_BYTES_READ : 88862233
FILE_BYTES_WRITTEN : 31110544
HBW_BYTES_WRITTEN : 0
CPU/Time : 0.5942367352160425
Written/Time : 994.9961301052227
FinishedSize : 5.9271016E7
Add graph Data0.44160348 <> 0.5942367352160425
-1.0
I/O Intensive
Task Time : 31267
CPU Time : 18580
========================================
TaskStatusClass : >> 0.667
Task Size >> {0=134217728, 1=134217728, 2=134217728, 3=134217728, 4=134217728, 5=134217728, 6=97346816, 7=97346816}
Update attemptID:attempt_1454302961222_0001_m_000002_0
attempt_1454302961222_0001_m_000002_0:MAP:SORT:0.667
FILE_BYTES_READ : 0
HDFS_BYTES_READ : 134217833
FILE_BYTES_WRITTEN : 74050277
HBW_BYTES_WRITTEN : 0
CPU/Time : 0.7893218331460503
Written/Time : 2248.922677437969
FinishedSize : 8.9523224E7
Add graph Data0.667 <> 0.7893218331460503
-1.0
I/O Intensive
Task Time : 32927
CPU Time : 25990
========================================
TaskStatusClass : >> 0.6088646
Task Size >> {0=134217728, 1=134217728, 2=134217728, 3=134217728, 4=134217728, 5=134217728, 6=97346816, 7=97346816}
Update attemptID:attempt_1454302961222_0001_m_000006_0
attempt_1454302961222_0001_m_000006_0:MAP:SORT:0.6088646
FILE_BYTES_READ : 0
HDFS_BYTES_READ : 88862233
FILE_BYTES_WRITTEN : 23167036
HBW_BYTES_WRITTEN : 0
CPU/Time : 0.5653742383363143
Written/Time : 702.3080607512051
FinishedSize : 8.1720424E7
Add graph Data0.6088646 <> 0.5653742383363143
-1.0
I/O Intensive
Task Time : 32987
CPU Time : 18650
========================================
TaskStatusClass : >> 0.6088646
Task Size >> {0=134217728, 1=134217728, 2=134217728, 3=134217728, 4=134217728, 5=134217728, 6=97346816, 7=97346816}
Update attemptID:attempt_1454302961222_0001_m_000007_0
attempt_1454302961222_0001_m_000007_0:MAP:MAP:0.6088646
FILE_BYTES_READ : 0
HDFS_BYTES_READ : 85037533
FILE_BYTES_WRITTEN : 116775
HBW_BYTES_WRITTEN : 0
CPU/Time : 0.41048348492101483
Written/Time : 3.493747008137865
FinishedSize : 8.1720424E7
Add graph Data0.6088646 <> 0.41048348492101483
0.2906164793509344
I/O Intensive
Task Time : 33424
CPU Time : 13720
========================================
TaskStatusClass : >> 0.4416039
Task Size >> {0=134217728, 1=134217728, 2=134217728, 3=134217728, 4=134217728, 5=134217728, 6=97346816, 7=97346816}
Update attemptID:attempt_1454302961222_0001_m_000001_0
TaskStatusClass : >> 0.667
attempt_1454302961222_0001_m_000001_0:MAP:MAP:0.4416039
FILE_BYTES_READ : 0
HDFS_BYTES_READ : 88862233
FILE_BYTES_WRITTEN : 116775
HBW_BYTES_WRITTEN : 0
CPU/Time : 0.4060823952378146
Written/Time : 3.441238875464136
FinishedSize : 5.9271072E7
Add graph Data0.4416039 <> 0.4060823952378146
0.28540744597761
I/O Intensive
Task Time : 33934
CPU Time : 13780
========================================
Task Size >> {0=134217728, 1=134217728, 2=134217728, 3=134217728, 4=134217728, 5=134217728, 6=97346816, 7=97346816}
Update attemptID:attempt_1454302961222_0001_m_000006_0
attempt_1454302961222_0001_m_000006_0:MAP:SORT:0.667
FILE_BYTES_READ : 0
HDFS_BYTES_READ : 97346933
FILE_BYTES_WRITTEN : 74050277
HBW_BYTES_WRITTEN : 0
CPU/Time : 0.6552782203339824
Written/Time : 2184.7606361007847
FinishedSize : 8.9523224E7
Add graph Data0.667 <> 0.6552782203339824
-1.0
I/O Intensive
Task Time : 33894
CPU Time : 22210
========================================
TaskStatusClass : >> 0.44160348
Task Size >> {0=134217728, 1=134217728, 2=134217728, 3=134217728, 4=134217728, 5=134217728, 6=97346816, 7=97346816}
Update attemptID:attempt_1454302961222_0001_m_000000_0
attempt_1454302961222_0001_m_000000_0:MAP:MAP:0.44160348
FILE_BYTES_READ : 0
HDFS_BYTES_READ : 88862233
FILE_BYTES_WRITTEN : 116775
HBW_BYTES_WRITTEN : 0
CPU/Time : 0.39306188446273704
Written/Time : 3.4330442451859473
FinishedSize : 5.9271016E7
Add graph Data0.44160348 <> 0.39306188446273704
0.2771107794146278
I/O Intensive
Task Time : 34015
CPU Time : 13370
========================================
TaskStatusClass : >> 0.4416039
Task Size >> {0=134217728, 1=134217728, 2=134217728, 3=134217728, 4=134217728, 5=134217728, 6=97346816, 7=97346816}
Update attemptID:attempt_1454302961222_0001_m_000004_0
attempt_1454302961222_0001_m_000004_0:MAP:MAP:0.4416039
FILE_BYTES_READ : 0
HDFS_BYTES_READ : 88862233
FILE_BYTES_WRITTEN : 116775
HBW_BYTES_WRITTEN : 0
CPU/Time : 0.39649513538858283
Written/Time : 3.422078302660884
FinishedSize : 5.9271072E7
Add graph Data0.4416039 <> 0.39649513538858283
0.2807642487046632
I/O Intensive
Task Time : 34124
CPU Time : 13530
========================================
TaskStatusClass : >> 0.477942
Task Size >> {0=134217728, 1=134217728, 2=134217728, 3=134217728, 4=134217728, 5=134217728, 6=97346816, 7=97346816}
Update attemptID:attempt_1454302961222_0001_m_000005_0
attempt_1454302961222_0001_m_000005_0:MAP:MAP:0.477942
FILE_BYTES_READ : 0
HDFS_BYTES_READ : 93102633
FILE_BYTES_WRITTEN : 74050277
HBW_BYTES_WRITTEN : 0
CPU/Time : 0.6244338602694095
Written/Time : 2163.7576191450194
FinishedSize : 6.4148288E7
Add graph Data0.477942 <> 0.6244338602694095
-1.0
I/O Intensive
Task Time : 34223
CPU Time : 21370
========================================
TaskStatusClass : >> 0.6669998
Task Size >> {0=134217728, 1=134217728, 2=134217728, 3=134217728, 4=134217728, 5=134217728, 6=97346816, 7=97346816}
Update attemptID:attempt_1454302961222_0001_m_000003_0
attempt_1454302961222_0001_m_000003_0:MAP:MAP:0.6669998
FILE_BYTES_READ : 0
HDFS_BYTES_READ : 131924101
FILE_BYTES_WRITTEN : 74050277
HBW_BYTES_WRITTEN : 0
CPU/Time : 0.6426309520350949
Written/Time : 2151.3110310566226
FinishedSize : 8.95232E7
Add graph Data0.6669998 <> 0.6426309520350949
-1.0
I/O Intensive
Task Time : 34421
CPU Time : 22120
========================================
TaskStatusClass : >> 0.6669998
Task Size >> {0=134217728, 1=134217728, 2=134217728, 3=134217728, 4=134217728, 5=134217728, 6=97346816, 7=97346816}
Update attemptID:attempt_1454302961222_0001_m_000003_0
attempt_1454302961222_0001_m_000003_0:MAP:SORT:0.6669998
FILE_BYTES_READ : 0
HDFS_BYTES_READ : 131924101
FILE_BYTES_WRITTEN : 74050277
HBW_BYTES_WRITTEN : 0
CPU/Time : 0.6363819442446561
Written/Time : 2130.3914669581977
FinishedSize : 8.95232E7
Add graph Data0.6669998 <> 0.6363819442446561
-1.0
I/O Intensive
Task Time : 34759
CPU Time : 22120
========================================
TaskStatusClass : >> 0.667
Task Size >> {0=134217728, 1=134217728, 2=134217728, 3=134217728, 4=134217728, 5=134217728, 6=97346816, 7=97346816}
Update attemptID:attempt_1454302961222_0001_m_000002_0
attempt_1454302961222_0001_m_000002_0:MAP:SORT:0.667
FILE_BYTES_READ : 0
HDFS_BYTES_READ : 134217833
FILE_BYTES_WRITTEN : 109552759
HBW_BYTES_WRITTEN : 0
CPU/Time : 0.8121883656509695
Written/Time : 3034.7024653739613
FinishedSize : 8.9523224E7
Add graph Data0.667 <> 0.8121883656509695
-1.0
I/O Intensive
Task Time : 36100
CPU Time : 29320
========================================
TaskStatusClass : >> 0.477942
Task Size >> {0=134217728, 1=134217728, 2=134217728, 3=134217728, 4=134217728, 5=134217728, 6=97346816, 7=97346816}
Update attemptID:attempt_1454302961222_0001_m_000005_0
attempt_1454302961222_0001_m_000005_0:MAP:SORT:0.477942
FILE_BYTES_READ : 0
HDFS_BYTES_READ : 93102633
FILE_BYTES_WRITTEN : 74050277
HBW_BYTES_WRITTEN : 0
CPU/Time : 0.5954304820284202
Written/Time : 2063.256533853441
FinishedSize : 6.4148288E7
Add graph Data0.477942 <> 0.5954304820284202
-1.0
I/O Intensive
Task Time : 35890
CPU Time : 21370
========================================
TaskStatusClass : >> 0.6088646
Task Size >> {0=134217728, 1=134217728, 2=134217728, 3=134217728, 4=134217728, 5=134217728, 6=97346816, 7=97346816}
Update attemptID:attempt_1454302961222_0001_m_000007_0
attempt_1454302961222_0001_m_000007_0:MAP:MAP:0.6088646
FILE_BYTES_READ : 0
HDFS_BYTES_READ : 88862233
FILE_BYTES_WRITTEN : 116775
HBW_BYTES_WRITTEN : 0
CPU/Time : 0.46534518113465484
Written/Time : 3.1927546138072453
FinishedSize : 8.1720424E7
Add graph Data0.6088646 <> 0.46534518113465484
0.2906164793509344
I/O Intensive
Task Time : 36575
CPU Time : 17020
========================================
TaskStatusClass : >> 0.70763695
TaskStatusClass : >> 0.4416039
Task Size >> {0=134217728, 1=134217728, 2=134217728, 3=134217728, 4=134217728, 5=134217728, 6=97346816, 7=97346816}
Update attemptID:attempt_1454302961222_0001_m_000006_0
attempt_1454302961222_0001_m_000006_0:MAP:SORT:0.70763695
FILE_BYTES_READ : 10694656
HDFS_BYTES_READ : 97346933
FILE_BYTES_WRITTEN : 112045123
HBW_BYTES_WRITTEN : 0
CPU/Time : 0.7089804186360568
Written/Time : 3026.201836596894
FinishedSize : 9.4977424E7
Add graph Data0.70763695 <> 0.7089804186360568
-1.0
I/O Intensive
Task Time : 37025
CPU Time : 26250
========================================
Task Size >> {0=134217728, 1=134217728, 2=134217728, 3=134217728, 4=134217728, 5=134217728, 6=97346816, 7=97346816}
Update attemptID:attempt_1454302961222_0001_m_000001_0
attempt_1454302961222_0001_m_000001_0:MAP:MAP:0.4416039
FILE_BYTES_READ : 0
HDFS_BYTES_READ : 88862233
FILE_BYTES_WRITTEN : 116775
HBW_BYTES_WRITTEN : 0
CPU/Time : 0.4583692838654012
Written/Time : 3.148592536669543
FinishedSize : 5.9271072E7
Add graph Data0.4416039 <> 0.4583692838654012
0.28540744597761
I/O Intensive
Task Time : 37088
CPU Time : 17000
========================================
TaskStatusClass : >> 0.44160348
Task Size >> {0=134217728, 1=134217728, 2=134217728, 3=134217728, 4=134217728, 5=134217728, 6=97346816, 7=97346816}
Update attemptID:attempt_1454302961222_0001_m_000000_0
attempt_1454302961222_0001_m_000000_0:MAP:MAP:0.44160348
FILE_BYTES_READ : 0
HDFS_BYTES_READ : 88862233
FILE_BYTES_WRITTEN : 116775
HBW_BYTES_WRITTEN : 0
CPU/Time : 0.4479096652775911
Written/Time : 3.13953488372093
FinishedSize : 5.9271016E7
Add graph Data0.44160348 <> 0.4479096652775911
0.2771107794146278
I/O Intensive
Task Time : 37195
CPU Time : 16660
========================================
TaskStatusClass : >> 0.4416039
Task Size >> {0=134217728, 1=134217728, 2=134217728, 3=134217728, 4=134217728, 5=134217728, 6=97346816, 7=97346816}
Update attemptID:attempt_1454302961222_0001_m_000004_0
attempt_1454302961222_0001_m_000004_0:MAP:MAP:0.4416039
FILE_BYTES_READ : 0
HDFS_BYTES_READ : 88862233
FILE_BYTES_WRITTEN : 116775
HBW_BYTES_WRITTEN : 0
CPU/Time : 0.45369278593632756
Written/Time : 3.129354700396613
FinishedSize : 5.9271072E7
Add graph Data0.4416039 <> 0.45369278593632756
0.2807642487046632
I/O Intensive
Task Time : 37316
CPU Time : 16930
========================================
TaskStatusClass : >> 0.667
Task Size >> {0=134217728, 1=134217728, 2=134217728, 3=134217728, 4=134217728, 5=134217728, 6=97346816, 7=97346816}
Update attemptID:attempt_1454302961222_0001_m_000005_0
attempt_1454302961222_0001_m_000005_0:MAP:SORT:0.667
FILE_BYTES_READ : 0
HDFS_BYTES_READ : 134217833
FILE_BYTES_WRITTEN : 74050277
HBW_BYTES_WRITTEN : 0
CPU/Time : 0.6569401686521216
Written/Time : 1982.3390978450007
FinishedSize : 8.9523224E7
Add graph Data0.667 <> 0.6569401686521216
-1.0
I/O Intensive
Task Time : 37355
CPU Time : 24540
========================================
TaskStatusClass : >> 0.667
Task Size >> {0=134217728, 1=134217728, 2=134217728, 3=134217728, 4=134217728, 5=134217728, 6=97346816, 7=97346816}
Update attemptID:attempt_1454302961222_0001_m_000003_0
attempt_1454302961222_0001_m_000003_0:MAP:SORT:0.667
FILE_BYTES_READ : 0
HDFS_BYTES_READ : 134217933
FILE_BYTES_WRITTEN : 74050277
HBW_BYTES_WRITTEN : 0
CPU/Time : 0.6719757097959836
Written/Time : 1972.2547541682204
FinishedSize : 8.9523224E7
Add graph Data0.667 <> 0.6719757097959836
-1.0
I/O Intensive
Task Time : 37546
CPU Time : 25230
========================================
TaskStatusClass : >> 0.72656494
Task Size >> {0=134217728, 1=134217728, 2=134217728, 3=134217728, 4=134217728, 5=134217728, 6=97346816, 7=97346816}
Update attemptID:attempt_1454302961222_0001_m_000002_0
attempt_1454302961222_0001_m_000002_0:MAP:SORT:0.72656494
FILE_BYTES_READ : 22282240
HDFS_BYTES_READ : 134217833
FILE_BYTES_WRITTEN : 161982816
HBW_BYTES_WRITTEN : 0
CPU/Time : 0.844773235712833
Written/Time : 4117.928004881025
FinishedSize : 9.7517896E7
Add graph Data0.72656494 <> 0.844773235712833
-1.0
I/O Intensive
Task Time : 39336
CPU Time : 33230
========================================
TaskStatusClass : >> 0.6088646
Task Size >> {0=134217728, 1=134217728, 2=134217728, 3=134217728, 4=134217728, 5=134217728, 6=97346816, 7=97346816}
Update attemptID:attempt_1454302961222_0001_m_000007_0
attempt_1454302961222_0001_m_000007_0:MAP:MAP:0.6088646
FILE_BYTES_READ : 0
HDFS_BYTES_READ : 88862233
FILE_BYTES_WRITTEN : 16571552
HBW_BYTES_WRITTEN : 0
CPU/Time : 0.5308443192110295
Written/Time : 416.9153668109087
FinishedSize : 8.1720424E7
Add graph Data0.6088646 <> 0.5308443192110295
0.2906164793509344
I/O Intensive
Task Time : 39748
CPU Time : 21100
========================================
TaskStatusClass : >> 0.8588625
Task Size >> {0=134217728, 1=134217728, 2=134217728, 3=134217728, 4=134217728, 5=134217728, 6=97346816, 7=97346816}
Update attemptID:attempt_1454302961222_0001_m_000006_0
attempt_1454302961222_0001_m_000006_0:MAP:SORT:0.8588625
FILE_BYTES_READ : 56770560
HDFS_BYTES_READ : 97346933
FILE_BYTES_WRITTEN : 158125339
HBW_BYTES_WRITTEN : 0
CPU/Time : 0.7338763918989613
Written/Time : 3939.051366365244
FinishedSize : 1.15274576E8
Add graph Data0.8588625 <> 0.7338763918989613
-1.0
I/O Intensive
Task Time : 40143
CPU Time : 29460
========================================
TaskStatusClass : >> 0.4416039
Task Size >> {0=134217728, 1=134217728, 2=134217728, 3=134217728, 4=134217728, 5=134217728, 6=97346816, 7=97346816}
Update attemptID:attempt_1454302961222_0001_m_000001_0
attempt_1454302961222_0001_m_000001_0:MAP:MAP:0.4416039
FILE_BYTES_READ : 0
HDFS_BYTES_READ : 88862233
FILE_BYTES_WRITTEN : 25587831
HBW_BYTES_WRITTEN : 0
CPU/Time : 0.5225529379639053
Written/Time : 635.2017228111114
FinishedSize : 5.9271072E7
Add graph Data0.4416039 <> 0.5225529379639053
0.28540744597761
I/O Intensive
Task Time : 40283
CPU Time : 21050
========================================
TaskStatusClass : >> 0.44160348
Task Size >> {0=134217728, 1=134217728, 2=134217728, 3=134217728, 4=134217728, 5=134217728, 6=97346816, 7=97346816}
Update attemptID:attempt_1454302961222_0001_m_000000_0
attempt_1454302961222_0001_m_000000_0:MAP:MAP:0.44160348
FILE_BYTES_READ : 0
HDFS_BYTES_READ : 88862233
FILE_BYTES_WRITTEN : 25837548
HBW_BYTES_WRITTEN : 0
CPU/Time : 0.5100069354998514
Written/Time : 639.9868225502823
FinishedSize : 5.9271016E7
Add graph Data0.44160348 <> 0.5100069354998514
0.2771107794146278
I/O Intensive
Task Time : 40372
CPU Time : 20590
========================================
TaskStatusClass : >> 0.667
Task Size >> {0=134217728, 1=134217728, 2=134217728, 3=134217728, 4=134217728, 5=134217728, 6=97346816, 7=97346816}
Update attemptID:attempt_1454302961222_0001_m_000005_0
attempt_1454302961222_0001_m_000005_0:MAP:SORT:0.667
FILE_BYTES_READ : 0
HDFS_BYTES_READ : 134217833
FILE_BYTES_WRITTEN : 80042861
HBW_BYTES_WRITTEN : 0
CPU/Time : 0.6863495985176035
Written/Time : 1977.5876714021
FinishedSize : 8.9523224E7
Add graph Data0.667 <> 0.6863495985176035
-1.0
I/O Intensive
Task Time : 40475
CPU Time : 27780
========================================
TaskStatusClass : >> 0.4416039
Task Size >> {0=134217728, 1=134217728, 2=134217728, 3=134217728, 4=134217728, 5=134217728, 6=97346816, 7=97346816}
Update attemptID:attempt_1454302961222_0001_m_000004_0
attempt_1454302961222_0001_m_000004_0:MAP:MAP:0.4416039
FILE_BYTES_READ : 0
HDFS_BYTES_READ : 88862233
FILE_BYTES_WRITTEN : 35047060
HBW_BYTES_WRITTEN : 0
CPU/Time : 0.5156878718309511
Written/Time : 865.1672467846652
FinishedSize : 5.9271072E7
Add graph Data0.4416039 <> 0.5156878718309511
0.2807642487046632
I/O Intensive
Task Time : 40509
CPU Time : 20890
========================================
TaskStatusClass : >> 0.667
Task Size >> {0=134217728, 1=134217728, 2=134217728, 3=134217728, 4=134217728, 5=134217728, 6=97346816, 7=97346816}
Update attemptID:attempt_1454302961222_0001_m_000003_0
attempt_1454302961222_0001_m_000003_0:MAP:SORT:0.667
FILE_BYTES_READ : 0
HDFS_BYTES_READ : 134217933
FILE_BYTES_WRITTEN : 115079317
HBW_BYTES_WRITTEN : 0
CPU/Time : 0.6988982884123549
Written/Time : 2830.0048445799725
FinishedSize : 8.9523224E7
Add graph Data0.667 <> 0.6988982884123549
-1.0
I/O Intensive
Task Time : 40664
CPU Time : 28420
========================================
TaskStatusClass : >> 0.84409744
Task Size >> {0=134217728, 1=134217728, 2=134217728, 3=134217728, 4=134217728, 5=134217728, 6=97346816, 7=97346816}
Update attemptID:attempt_1454302961222_0001_m_000002_0
attempt_1454302961222_0001_m_000002_0:MAP:SORT:0.84409744
FILE_BYTES_READ : 71053312
HDFS_BYTES_READ : 134217833
FILE_BYTES_WRITTEN : 210753085
HBW_BYTES_WRITTEN : 0
CPU/Time : 0.8643570170287728
Written/Time : 4950.160540223135
FinishedSize : 1.1329284E8
Add graph Data0.84409744 <> 0.8643570170287728
-1.0
I/O Intensive
Task Time : 42575
CPU Time : 36800
========================================
TaskStatusClass : >> 0.6088646
Task Size >> {0=134217728, 1=134217728, 2=134217728, 3=134217728, 4=134217728, 5=134217728, 6=97346816, 7=97346816}
Update attemptID:attempt_1454302961222_0001_m_000007_0
attempt_1454302961222_0001_m_000007_0:MAP:SORT:0.6088646
FILE_BYTES_READ : 0
HDFS_BYTES_READ : 88862233
FILE_BYTES_WRITTEN : 16571552
HBW_BYTES_WRITTEN : 0
CPU/Time : 0.4968446830554771
Written/Time : 390.2126777809174
FinishedSize : 8.1720424E7
Add graph Data0.6088646 <> 0.4968446830554771
0.2906164793509344
I/O Intensive
Task Time : 42468
CPU Time : 21100
========================================
TaskStatusClass : >> 0.667
Task Size >> {0=134217728, 1=134217728, 2=134217728, 3=134217728, 4=134217728, 5=134217728, 6=97346816, 7=97346816}
Update attemptID:attempt_1454302961222_0001_m_000007_0
attempt_1454302961222_0001_m_000007_0:MAP:SORT:0.667
FILE_BYTES_READ : 0
HDFS_BYTES_READ : 97346933
FILE_BYTES_WRITTEN : 74050277
HBW_BYTES_WRITTEN : 0
CPU/Time : 0.5791460799850844
Written/Time : 1725.7918569963642
FinishedSize : 8.9523224E7
Add graph Data0.667 <> 0.5791460799850844
0.2906164793509344
I/O Intensive
Task Time : 42908
CPU Time : 24850
========================================
TaskStatusClass : >> 1.0
Task Size >> {0=134217728, 1=134217728, 2=134217728, 3=134217728, 4=134217728, 5=134217728, 6=97346816, 7=97346816}
Update attemptID:attempt_1454302961222_0001_m_000006_0
attempt_1454302961222_0001_m_000006_0:MAP:SORT:1.0
FILE_BYTES_READ : 101240684
HDFS_BYTES_READ : 97346933
FILE_BYTES_WRITTEN : 202598169
HBW_BYTES_WRITTEN : 0
CPU/Time : 0.7549393414211438
Written/Time : 4681.644575389948
FinishedSize : 1.34217728E8
Add graph Data1.0 <> 0.7549393414211438
-1.0
I/O Intensive
Task Time : 43275
CPU Time : 32670
========================================
TaskStatusClass : >> 1.0
Task Size >> {0=134217728, 1=134217728, 2=134217728, 3=134217728, 4=134217728, 5=134217728, 6=97346816, 7=97346816}
Update attemptID:attempt_1454302961222_0001_m_000006_0
attempt_1454302961222_0001_m_000006_0:MAP:SORT:1.0
FILE_BYTES_READ : 101240684
HDFS_BYTES_READ : 97346933
FILE_BYTES_WRITTEN : 202598169
HBW_BYTES_WRITTEN : 0
CPU/Time : 0.7570345447422395
Written/Time : 4668.913626621806
FinishedSize : 1.34217728E8
Add graph Data1.0 <> 0.7570345447422395
-1.0
I/O Intensive
Task Time : 43393
CPU Time : 32850
========================================
TaskStatusClass : >> 0.5694502
Task Size >> {0=134217728, 1=134217728, 2=134217728, 3=134217728, 4=134217728, 5=134217728, 6=97346816, 7=97346816}
Update attemptID:attempt_1454302961222_0001_m_000001_0
attempt_1454302961222_0001_m_000001_0:MAP:MAP:0.5694502
FILE_BYTES_READ : 0
HDFS_BYTES_READ : 111558933
FILE_BYTES_WRITTEN : 74050277
HBW_BYTES_WRITTEN : 0
CPU/Time : 0.5668016194331984
Written/Time : 1703.4016608391607
FinishedSize : 7.6430312E7
Add graph Data0.5694502 <> 0.5668016194331984
0.28540744597761
I/O Intensive
Task Time : 43472
CPU Time : 24640
========================================
TaskStatusClass : >> 0.57933575
Task Size >> {0=134217728, 1=134217728, 2=134217728, 3=134217728, 4=134217728, 5=134217728, 6=97346816, 7=97346816}
Update attemptID:attempt_1454302961222_0001_m_000000_0
attempt_1454302961222_0001_m_000000_0:MAP:MAP:0.57933575
FILE_BYTES_READ : 0
HDFS_BYTES_READ : 113191233
FILE_BYTES_WRITTEN : 74050277
HBW_BYTES_WRITTEN : 0
CPU/Time : 0.5581705049020733
Written/Time : 1700.2336693224347
FinishedSize : 7.7757128E7
Add graph Data0.57933575 <> 0.5581705049020733
0.2771107794146278
I/O Intensive
Task Time : 43553
CPU Time : 24310
========================================
Task Size >> {0=134217728, 1=134217728, 2=134217728, 3=134217728, 4=134217728, 5=134217728, 6=97346816, 7=97346816}
TaskStatusClass : >> 0.6851918
Task Size >> {0=134217728, 1=134217728, 2=134217728, 3=134217728, 4=134217728, 5=134217728, 6=97346816, 7=97346816}
Update attemptID:attempt_1454302961222_0001_m_000005_0
attempt_1454302961222_0001_m_000005_0:MAP:SORT:0.6851918
FILE_BYTES_READ : 6033408
HDFS_BYTES_READ : 134217833
FILE_BYTES_WRITTEN : 145732699
HBW_BYTES_WRITTEN : 0
CPU/Time : 0.7247174266914277
Written/Time : 3341.1903386294334
FinishedSize : 9.1964888E7
Add graph Data0.6851918 <> 0.7247174266914277
-1.0
I/O Intensive
Task Time : 43617
CPU Time : 31610
========================================
TaskStatusClass : >> 0.6288948
Task Size >> {0=134217728, 1=134217728, 2=134217728, 3=134217728, 4=134217728, 5=134217728, 6=97346816, 7=97346816}
Update attemptID:attempt_1454302961222_0001_m_000004_0
attempt_1454302961222_0001_m_000004_0:MAP:MAP:0.6288948
FILE_BYTES_READ : 0
HDFS_BYTES_READ : 123061333
FILE_BYTES_WRITTEN : 74050277
HBW_BYTES_WRITTEN : 0
CPU/Time : 0.5594325592037525
Written/Time : 1694.3204896464936
FinishedSize : 8.4408832E7
Add graph Data0.6288948 <> 0.5594325592037525
0.2807642487046632
I/O Intensive
Task Time : 43705
CPU Time : 24450
========================================
TaskStatusClass : >> 0.72686636
Task Size >> {0=134217728, 1=134217728, 2=134217728, 3=134217728, 4=134217728, 5=134217728, 6=97346816, 7=97346816}
Update attemptID:attempt_1454302961222_0001_m_000003_0
attempt_1454302961222_0001_m_000003_0:MAP:SORT:0.72686636
FILE_BYTES_READ : 23597056
HDFS_BYTES_READ : 134217933
FILE_BYTES_WRITTEN : 163296947
HBW_BYTES_WRITTEN : 0
CPU/Time : 0.7359959809093193
Written/Time : 3729.0070334086913
FinishedSize : 9.7558352E7
Add graph Data0.72686636 <> 0.7359959809093193
-1.0
I/O Intensive
Task Time : 43791
CPU Time : 32230
========================================
TaskStatusClass : >> 0.6288948
Task Size >> {0=134217728, 1=134217728, 2=134217728, 3=134217728, 4=134217728, 5=134217728, 6=97346816, 7=97346816}
Update attemptID:attempt_1454302961222_0001_m_000004_0
attempt_1454302961222_0001_m_000004_0:MAP:SORT:0.6288948
FILE_BYTES_READ : 0
HDFS_BYTES_READ : 123061333
FILE_BYTES_WRITTEN : 74050277
HBW_BYTES_WRITTEN : 0
CPU/Time : 0.5545852518883118
Written/Time : 1679.6397350692948
FinishedSize : 8.4408832E7
Add graph Data0.6288948 <> 0.5545852518883118
0.2807642487046632
I/O Intensive
Task Time : 44087
CPU Time : 24450
========================================
TaskStatusClass : >> 0.5694502
Task Size >> {0=134217728, 1=134217728, 2=134217728, 3=134217728, 4=134217728, 5=134217728, 6=97346816, 7=97346816}
Update attemptID:attempt_1454302961222_0001_m_000001_0
attempt_1454302961222_0001_m_000001_0:MAP:SORT:0.5694502
FILE_BYTES_READ : 0
HDFS_BYTES_READ : 111558933
FILE_BYTES_WRITTEN : 74050277
HBW_BYTES_WRITTEN : 0
CPU/Time : 0.5583376764632572
Written/Time : 1677.9650812354128
FinishedSize : 7.6430312E7
Add graph Data0.5694502 <> 0.5583376764632572
0.28540744597761
I/O Intensive
Task Time : 44131
CPU Time : 24640
========================================
Task ID >> task_1454302961222_0001_m_000003 , runningTaskAttemptID >> attempt_1454302961222_0001_m_000003_0
Now >> 1454303227688 taskAttemptStartTime >> 1454303183151 , estimatedRunTime >> 60246 , estimatedEndTime >> 1454303243397
Task ID >> task_1454302961222_0001_m_000005 , runningTaskAttemptID >> attempt_1454302961222_0001_m_000005_0
Now >> 1454303227688 taskAttemptStartTime >> 1454303183205 , estimatedRunTime >> 63656 , estimatedEndTime >> 1454303246861
Task ID >> task_1454302961222_0001_m_000002 , runningTaskAttemptID >> attempt_1454302961222_0001_m_000002_0
Now >> 1454303227688 taskAttemptStartTime >> 1454303182102 , estimatedRunTime >> 50438 , estimatedEndTime >> 1454303232540
Task ID >> task_1454302961222_0001_m_000000 , runningTaskAttemptID >> attempt_1454302961222_0001_m_000000_0
Now >> 1454303227688 taskAttemptStartTime >> 1454303183193 , estimatedRunTime >> 75177 , estimatedEndTime >> 1454303258370
Task ID >> task_1454302961222_0001_m_000007 , runningTaskAttemptID >> attempt_1454302961222_0001_m_000007_0
Now >> 1454303227688 taskAttemptStartTime >> 1454303183159 , estimatedRunTime >> 64329 , estimatedEndTime >> 1454303247488
Task ID >> task_1454302961222_0001_m_000004 , runningTaskAttemptID >> attempt_1454302961222_0001_m_000004_0
Now >> 1454303227688 taskAttemptStartTime >> 1454303183190 , estimatedRunTime >> 70102 , estimatedEndTime >> 1454303253292
Task ID >> task_1454302961222_0001_m_000001 , runningTaskAttemptID >> attempt_1454302961222_0001_m_000001_0
Now >> 1454303227688 taskAttemptStartTime >> 1454303183161 , estimatedRunTime >> 77497 , estimatedEndTime >> 1454303260658
TaskStatusClass : >> 0.95872015
Task Size >> {0=134217728, 1=134217728, 2=134217728, 3=134217728, 4=134217728, 5=134217728, 6=97346816, 7=97346816}
Update attemptID:attempt_1454302961222_0001_m_000002_0
attempt_1454302961222_0001_m_000002_0:MAP:SORT:0.95872015
FILE_BYTES_READ : 120143872
HDFS_BYTES_READ : 134217833
FILE_BYTES_WRITTEN : 259842227
HBW_BYTES_WRITTEN : 0
CPU/Time : 0.8778900945352924
Written/Time : 5673.039473396939
FinishedSize : 1.2867724E8
Add graph Data0.95872015 <> 0.8778900945352924
-1.0
I/O Intensive
Task Time : 45803
CPU Time : 40210
========================================
TaskStatusClass : >> 0.57933575
Task Size >> {0=134217728, 1=134217728, 2=134217728, 3=134217728, 4=134217728, 5=134217728, 6=97346816, 7=97346816}
Update attemptID:attempt_1454302961222_0001_m_000000_0
attempt_1454302961222_0001_m_000000_0:MAP:SORT:0.57933575
FILE_BYTES_READ : 0
HDFS_BYTES_READ : 113191233
FILE_BYTES_WRITTEN : 74050277
HBW_BYTES_WRITTEN : 0
CPU/Time : 0.5423917893797412
Written/Time : 1652.1703926818384
FinishedSize : 7.7757128E7
Add graph Data0.57933575 <> 0.5423917893797412
0.2771107794146278
I/O Intensive
Task Time : 44820
CPU Time : 24310
========================================
Task ID >> task_1454302961222_0001_m_000003 , runningTaskAttemptID >> attempt_1454302961222_0001_m_000003_0
Now >> 1454303228704 taskAttemptStartTime >> 1454303183151 , estimatedRunTime >> 60246 , estimatedEndTime >> 1454303243397
Task ID >> task_1454302961222_0001_m_000005 , runningTaskAttemptID >> attempt_1454302961222_0001_m_000005_0
Now >> 1454303228704 taskAttemptStartTime >> 1454303183205 , estimatedRunTime >> 63656 , estimatedEndTime >> 1454303246861
Task ID >> task_1454302961222_0001_m_000002 , runningTaskAttemptID >> attempt_1454302961222_0001_m_000002_0
Now >> 1454303228704 taskAttemptStartTime >> 1454303182102 , estimatedRunTime >> 47775 , estimatedEndTime >> 1454303229877
Task ID >> task_1454302961222_0001_m_000000 , runningTaskAttemptID >> attempt_1454302961222_0001_m_000000_0
Now >> 1454303228704 taskAttemptStartTime >> 1454303183193 , estimatedRunTime >> 77364 , estimatedEndTime >> 1454303260557
Task ID >> task_1454302961222_0001_m_000007 , runningTaskAttemptID >> attempt_1454302961222_0001_m_000007_0
Now >> 1454303228704 taskAttemptStartTime >> 1454303183159 , estimatedRunTime >> 64329 , estimatedEndTime >> 1454303247488
Task ID >> task_1454302961222_0001_m_000004 , runningTaskAttemptID >> attempt_1454302961222_0001_m_000004_0
Now >> 1454303228704 taskAttemptStartTime >> 1454303183190 , estimatedRunTime >> 70102 , estimatedEndTime >> 1454303253292
Task ID >> task_1454302961222_0001_m_000001 , runningTaskAttemptID >> attempt_1454302961222_0001_m_000001_0
Now >> 1454303228704 taskAttemptStartTime >> 1454303183161 , estimatedRunTime >> 77497 , estimatedEndTime >> 1454303260658
TaskStatusClass : >> 0.6762994
Task Size >> {0=134217728, 1=134217728, 2=134217728, 3=134217728, 4=134217728, 5=134217728, 6=97346816, 7=97346816}
Update attemptID:attempt_1454302961222_0001_m_000007_0
attempt_1454302961222_0001_m_000007_0:MAP:SORT:0.6762994
FILE_BYTES_READ : 1257472
HDFS_BYTES_READ : 97346933
FILE_BYTES_WRITTEN : 102611907
HBW_BYTES_WRITTEN : 0
CPU/Time : 0.6290399548826515
Written/Time : 2225.7582534380285
FinishedSize : 9.0771368E7
Add graph Data0.6762994 <> 0.6290399548826515
0.2906164793509344
I/O Intensive
Task Time : 46102
CPU Time : 29000
========================================
TaskStatusClass : >> 1.0
Task Size >> {0=134217728, 1=134217728, 2=134217728, 3=134217728, 4=134217728, 5=134217728, 6=97346816, 7=97346816}
Update attemptID:attempt_1454302961222_0001_m_000002_0
attempt_1454302961222_0001_m_000002_0:MAP:SORT:1.0
FILE_BYTES_READ : 139586420
HDFS_BYTES_READ : 134217833
FILE_BYTES_WRITTEN : 279289641
HBW_BYTES_WRITTEN : 0
CPU/Time : 0.8838495808787821
Written/Time : 5897.038512700323
FinishedSize : 1.34217728E8
Add graph Data1.0 <> 0.8838495808787821
-1.0
I/O Intensive
Task Time : 47361
CPU Time : 41860
========================================
attempt_1454302961222_0001_r_000000_0 : spilledRecord org.apache.hadoop.mapred.Counters$Counter@c553d160
Task Size >> {0=134217728, 1=134217728, 2=134217728, 3=134217728, 4=134217728, 5=134217728, 6=97346816, 7=97346816}
Task ID >> task_1454302961222_0001_m_000003 , runningTaskAttemptID >> attempt_1454302961222_0001_m_000003_0
Now >> 1454303229711 taskAttemptStartTime >> 1454303183151 , estimatedRunTime >> 60246 , estimatedEndTime >> 1454303243397
Task ID >> task_1454302961222_0001_m_000005 , runningTaskAttemptID >> attempt_1454302961222_0001_m_000005_0
Now >> 1454303229711 taskAttemptStartTime >> 1454303183205 , estimatedRunTime >> 63656 , estimatedEndTime >> 1454303246861
Task ID >> task_1454302961222_0001_m_000000 , runningTaskAttemptID >> attempt_1454302961222_0001_m_000000_0
Now >> 1454303229711 taskAttemptStartTime >> 1454303183193 , estimatedRunTime >> 77364 , estimatedEndTime >> 1454303260557
Task ID >> task_1454302961222_0001_m_000007 , runningTaskAttemptID >> attempt_1454302961222_0001_m_000007_0
Now >> 1454303229711 taskAttemptStartTime >> 1454303183159 , estimatedRunTime >> 68168 , estimatedEndTime >> 1454303251327
Task ID >> task_1454302961222_0001_m_000004 , runningTaskAttemptID >> attempt_1454302961222_0001_m_000004_0
Now >> 1454303229711 taskAttemptStartTime >> 1454303183190 , estimatedRunTime >> 70102 , estimatedEndTime >> 1454303253292
Task ID >> task_1454302961222_0001_m_000001 , runningTaskAttemptID >> attempt_1454302961222_0001_m_000001_0
Now >> 1454303229711 taskAttemptStartTime >> 1454303183161 , estimatedRunTime >> 77497 , estimatedEndTime >> 1454303260658
TaskStatusClass : >> 0.667
Task Size >> {0=134217728, 1=134217728, 2=134217728, 3=134217728, 4=134217728, 5=134217728, 6=97346816, 7=97346816}
Update attemptID:attempt_1454302961222_0001_m_000001_0
attempt_1454302961222_0001_m_000001_0:MAP:SORT:0.667
FILE_BYTES_READ : 0
HDFS_BYTES_READ : 134217833
FILE_BYTES_WRITTEN : 74050277
HBW_BYTES_WRITTEN : 0
CPU/Time : 0.6007423458988608
Written/Time : 1588.7548971228732
FinishedSize : 8.9523224E7
Add graph Data0.667 <> 0.6007423458988608
0.28540744597761
I/O Intensive
Task Time : 46609
CPU Time : 28000
========================================
TaskStatusClass : >> 0.667
Task Size >> {0=134217728, 1=134217728, 2=134217728, 3=134217728, 4=134217728, 5=134217728, 6=97346816, 7=97346816}
Update attemptID:attempt_1454302961222_0001_m_000000_0
attempt_1454302961222_0001_m_000000_0:MAP:SORT:0.667
FILE_BYTES_READ : 0
HDFS_BYTES_READ : 134217933
FILE_BYTES_WRITTEN : 74050277
HBW_BYTES_WRITTEN : 0
CPU/Time : 0.5995588959551187
Written/Time : 1585.6250829746687
FinishedSize : 8.9523224E7
Add graph Data0.667 <> 0.5995588959551187
0.2771107794146278
I/O Intensive
Task Time : 46701
CPU Time : 28000
========================================
TaskStatusClass : >> 0.7941265
Task Size >> {0=134217728, 1=134217728, 2=134217728, 3=134217728, 4=134217728, 5=134217728, 6=97346816, 7=97346816}
Update attemptID:attempt_1454302961222_0001_m_000005_0
attempt_1454302961222_0001_m_000005_0:MAP:SORT:0.7941265
FILE_BYTES_READ : 51605504
HDFS_BYTES_READ : 134217833
FILE_BYTES_WRITTEN : 191307163
HBW_BYTES_WRITTEN : 0
CPU/Time : 0.7480475018722584
Written/Time : 4093.4452337648445
FinishedSize : 1.06585856E8
Add graph Data0.7941265 <> 0.7480475018722584
-1.0
I/O Intensive
Task Time : 46735
CPU Time : 34960
========================================
TaskStatusClass : >> 0.667
Task Size >> {0=134217728, 1=134217728, 2=134217728, 3=134217728, 4=134217728, 5=134217728, 6=97346816, 7=97346816}
Update attemptID:attempt_1454302961222_0001_m_000004_0
attempt_1454302961222_0001_m_000004_0:MAP:SORT:0.667
FILE_BYTES_READ : 0
HDFS_BYTES_READ : 134217833
FILE_BYTES_WRITTEN : 74050277
HBW_BYTES_WRITTEN : 0
CPU/Time : 0.594625744349348
Written/Time : 1580.4810150897488
FinishedSize : 8.9523224E7
Add graph Data0.667 <> 0.594625744349348
0.2807642487046632
I/O Intensive
Task Time : 46853
CPU Time : 27860
========================================
TaskStatusClass : >> 0.83411306
Task Size >> {0=134217728, 1=134217728, 2=134217728, 3=134217728, 4=134217728, 5=134217728, 6=97346816, 7=97346816}
Update attemptID:attempt_1454302961222_0001_m_000003_0
attempt_1454302961222_0001_m_000003_0:MAP:SORT:0.83411306
FILE_BYTES_READ : 68452352
HDFS_BYTES_READ : 134217933
FILE_BYTES_WRITTEN : 208150275
HBW_BYTES_WRITTEN : 0
CPU/Time : 0.7589190571586889
Written/Time : 4436.0912791441115
FinishedSize : 1.1195276E8
Add graph Data0.83411306 <> 0.7589190571586889
-1.0
I/O Intensive
Task Time : 46922
CPU Time : 35610
========================================
Task ID >> task_1454302961222_0001_m_000003 , runningTaskAttemptID >> attempt_1454302961222_0001_m_000003_0
Now >> 1454303230716 taskAttemptStartTime >> 1454303183151 , estimatedRunTime >> 56253 , estimatedEndTime >> 1454303239404
Task ID >> task_1454302961222_0001_m_000005 , runningTaskAttemptID >> attempt_1454302961222_0001_m_000005_0
Now >> 1454303230716 taskAttemptStartTime >> 1454303183205 , estimatedRunTime >> 58850 , estimatedEndTime >> 1454303242055
Task ID >> task_1454302961222_0001_m_000000 , runningTaskAttemptID >> attempt_1454302961222_0001_m_000000_0
Now >> 1454303230716 taskAttemptStartTime >> 1454303183193 , estimatedRunTime >> 70016 , estimatedEndTime >> 1454303253209
Task ID >> task_1454302961222_0001_m_000007 , runningTaskAttemptID >> attempt_1454302961222_0001_m_000007_0
Now >> 1454303230716 taskAttemptStartTime >> 1454303183159 , estimatedRunTime >> 68168 , estimatedEndTime >> 1454303251327
Task ID >> task_1454302961222_0001_m_000004 , runningTaskAttemptID >> attempt_1454302961222_0001_m_000004_0
Now >> 1454303230716 taskAttemptStartTime >> 1454303183190 , estimatedRunTime >> 70244 , estimatedEndTime >> 1454303253434
Task ID >> task_1454302961222_0001_m_000001 , runningTaskAttemptID >> attempt_1454302961222_0001_m_000001_0
Now >> 1454303230716 taskAttemptStartTime >> 1454303183161 , estimatedRunTime >> 69878 , estimatedEndTime >> 1454303253039
Task ID >> task_1454302961222_0001_m_000003 , runningTaskAttemptID >> attempt_1454302961222_0001_m_000003_0
Now >> 1454303231729 taskAttemptStartTime >> 1454303183151 , estimatedRunTime >> 56253 , estimatedEndTime >> 1454303239404
Task ID >> task_1454302961222_0001_m_000005 , runningTaskAttemptID >> attempt_1454302961222_0001_m_000005_0
Now >> 1454303231729 taskAttemptStartTime >> 1454303183205 , estimatedRunTime >> 58850 , estimatedEndTime >> 1454303242055
Task ID >> task_1454302961222_0001_m_000000 , runningTaskAttemptID >> attempt_1454302961222_0001_m_000000_0
Now >> 1454303231729 taskAttemptStartTime >> 1454303183193 , estimatedRunTime >> 70016 , estimatedEndTime >> 1454303253209
Task ID >> task_1454302961222_0001_m_000007 , runningTaskAttemptID >> attempt_1454302961222_0001_m_000007_0
Now >> 1454303231729 taskAttemptStartTime >> 1454303183159 , estimatedRunTime >> 68168 , estimatedEndTime >> 1454303251327
Task ID >> task_1454302961222_0001_m_000004 , runningTaskAttemptID >> attempt_1454302961222_0001_m_000004_0
Now >> 1454303231729 taskAttemptStartTime >> 1454303183190 , estimatedRunTime >> 70244 , estimatedEndTime >> 1454303253434
Task ID >> task_1454302961222_0001_m_000001 , runningTaskAttemptID >> attempt_1454302961222_0001_m_000001_0
Now >> 1454303231729 taskAttemptStartTime >> 1454303183161 , estimatedRunTime >> 69878 , estimatedEndTime >> 1454303253039
TaskStatusClass : >> 0.8209667
Task Size >> {0=134217728, 1=134217728, 2=134217728, 3=134217728, 4=134217728, 5=134217728, 6=97346816, 7=97346816}
Update attemptID:attempt_1454302961222_0001_m_000007_0
attempt_1454302961222_0001_m_000007_0:MAP:SORT:0.8209667
FILE_BYTES_READ : 44220416
HDFS_BYTES_READ : 97346933
FILE_BYTES_WRITTEN : 145573995
HBW_BYTES_WRITTEN : 0
CPU/Time : 0.6562962662502282
Written/Time : 2952.400166304987
FinishedSize : 1.10188288E8
Add graph Data0.8209667 <> 0.6562962662502282
0.2906164793509344
I/O Intensive
Task Time : 49307
CPU Time : 32360
========================================
Task ID >> task_1454302961222_0001_m_000003 , runningTaskAttemptID >> attempt_1454302961222_0001_m_000003_0
Now >> 1454303232740 taskAttemptStartTime >> 1454303183151 , estimatedRunTime >> 56253 , estimatedEndTime >> 1454303239404
Task ID >> task_1454302961222_0001_m_000005 , runningTaskAttemptID >> attempt_1454302961222_0001_m_000005_0
Now >> 1454303232740 taskAttemptStartTime >> 1454303183205 , estimatedRunTime >> 58850 , estimatedEndTime >> 1454303242055
Task ID >> task_1454302961222_0001_m_000000 , runningTaskAttemptID >> attempt_1454302961222_0001_m_000000_0
Now >> 1454303232740 taskAttemptStartTime >> 1454303183193 , estimatedRunTime >> 70016 , estimatedEndTime >> 1454303253209
Task ID >> task_1454302961222_0001_m_000007 , runningTaskAttemptID >> attempt_1454302961222_0001_m_000007_0
Now >> 1454303232740 taskAttemptStartTime >> 1454303183159 , estimatedRunTime >> 60059 , estimatedEndTime >> 1454303243218
Task ID >> task_1454302961222_0001_m_000004 , runningTaskAttemptID >> attempt_1454302961222_0001_m_000004_0
Now >> 1454303232740 taskAttemptStartTime >> 1454303183190 , estimatedRunTime >> 70244 , estimatedEndTime >> 1454303253434
Task ID >> task_1454302961222_0001_m_000001 , runningTaskAttemptID >> attempt_1454302961222_0001_m_000001_0
Now >> 1454303232740 taskAttemptStartTime >> 1454303183161 , estimatedRunTime >> 69878 , estimatedEndTime >> 1454303253039
TaskStatusClass : >> 0.667
Task Size >> {0=134217728, 1=134217728, 2=134217728, 3=134217728, 4=134217728, 5=134217728, 6=97346816, 7=97346816}
Update attemptID:attempt_1454302961222_0001_m_000001_0
attempt_1454302961222_0001_m_000001_0:MAP:SORT:0.667
FILE_BYTES_READ : 0
HDFS_BYTES_READ : 134217833
FILE_BYTES_WRITTEN : 92848070
HBW_BYTES_WRITTEN : 0
CPU/Time : 0.6261680364929767
Written/Time : 1865.8053172035447
FinishedSize : 8.9523224E7
Add graph Data0.667 <> 0.6261680364929767
0.28540744597761
I/O Intensive
Task Time : 49763
CPU Time : 31160
========================================
TaskStatusClass : >> 0.667
TaskStatusClass : >> 0.9059717
Task Size >> {0=134217728, 1=134217728, 2=134217728, 3=134217728, 4=134217728, 5=134217728, 6=97346816, 7=97346816}
Update attemptID:attempt_1454302961222_0001_m_000000_0
attempt_1454302961222_0001_m_000000_0:MAP:SORT:0.667
FILE_BYTES_READ : 0
HDFS_BYTES_READ : 134217933
FILE_BYTES_WRITTEN : 81190399
HBW_BYTES_WRITTEN : 0
CPU/Time : 0.6253132580845646
Written/Time : 1627.7471280498808
FinishedSize : 8.9523224E7
Add graph Data0.667 <> 0.6253132580845646
0.2771107794146278
I/O Intensive
Task Time : 49879
CPU Time : 31190
========================================
Task Size >> {0=134217728, 1=134217728, 2=134217728, 3=134217728, 4=134217728, 5=134217728, 6=97346816, 7=97346816}
Update attemptID:attempt_1454302961222_0001_m_000005_0
attempt_1454302961222_0001_m_000005_0:MAP:SORT:0.9059717
FILE_BYTES_READ : 98631680
HDFS_BYTES_READ : 134217833
FILE_BYTES_WRITTEN : 238331597
HBW_BYTES_WRITTEN : 0
CPU/Time : 0.7667014195204106
Written/Time : 4778.48257679044
FinishedSize : 1.21597464E8
Add graph Data0.9059717 <> 0.7667014195204106
-1.0
I/O Intensive
Task Time : 49876
CPU Time : 38240
========================================
TaskStatusClass : >> 0.9432556
TaskStatusClass : >> 0.667
Task Size >> {0=134217728, 1=134217728, 2=134217728, 3=134217728, 4=134217728, 5=134217728, 6=97346816, 7=97346816}
Update attemptID:attempt_1454302961222_0001_m_000003_0
attempt_1454302961222_0001_m_000003_0:MAP:SORT:0.9432556
FILE_BYTES_READ : 114028544
HDFS_BYTES_READ : 134217933
FILE_BYTES_WRITTEN : 253729640
HBW_BYTES_WRITTEN : 0
CPU/Time : 0.7772672792648821
Written/Time : 5068.510587295245
FinishedSize : 1.26601624E8
Add graph Data0.9432556 <> 0.7772672792648821
-1.0
I/O Intensive
Task Time : 50060
CPU Time : 38910
========================================
Task Size >> {0=134217728, 1=134217728, 2=134217728, 3=134217728, 4=134217728, 5=134217728, 6=97346816, 7=97346816}
Update attemptID:attempt_1454302961222_0001_m_000004_0
attempt_1454302961222_0001_m_000004_0:MAP:SORT:0.667
FILE_BYTES_READ : 0
HDFS_BYTES_READ : 134217833
FILE_BYTES_WRITTEN : 106557767
HBW_BYTES_WRITTEN : 0
CPU/Time : 0.6228387535229567
Written/Time : 2129.9199864078832
FinishedSize : 8.9523224E7
Add graph Data0.667 <> 0.6228387535229567
0.2807642487046632
I/O Intensive
Task Time : 50029
CPU Time : 31160
========================================
Task ID >> task_1454302961222_0001_m_000003 , runningTaskAttemptID >> attempt_1454302961222_0001_m_000003_0
Now >> 1454303233754 taskAttemptStartTime >> 1454303183151 , estimatedRunTime >> 53071 , estimatedEndTime >> 1454303236222
Task ID >> task_1454302961222_0001_m_000005 , runningTaskAttemptID >> attempt_1454302961222_0001_m_000005_0
Now >> 1454303233754 taskAttemptStartTime >> 1454303183205 , estimatedRunTime >> 55052 , estimatedEndTime >> 1454303238257
Task ID >> task_1454302961222_0001_m_000000 , runningTaskAttemptID >> attempt_1454302961222_0001_m_000000_0
Now >> 1454303233754 taskAttemptStartTime >> 1454303183193 , estimatedRunTime >> 74781 , estimatedEndTime >> 1454303257974
Task ID >> task_1454302961222_0001_m_000007 , runningTaskAttemptID >> attempt_1454302961222_0001_m_000007_0
Now >> 1454303233754 taskAttemptStartTime >> 1454303183159 , estimatedRunTime >> 60059 , estimatedEndTime >> 1454303243218
Task ID >> task_1454302961222_0001_m_000004 , runningTaskAttemptID >> attempt_1454302961222_0001_m_000004_0
Now >> 1454303233754 taskAttemptStartTime >> 1454303183190 , estimatedRunTime >> 75005 , estimatedEndTime >> 1454303258195
Task ID >> task_1454302961222_0001_m_000001 , runningTaskAttemptID >> attempt_1454302961222_0001_m_000001_0
Now >> 1454303233754 taskAttemptStartTime >> 1454303183161 , estimatedRunTime >> 74607 , estimatedEndTime >> 1454303257768
Task ID >> task_1454302961222_0001_m_000003 , runningTaskAttemptID >> attempt_1454302961222_0001_m_000003_0
Now >> 1454303234761 taskAttemptStartTime >> 1454303183151 , estimatedRunTime >> 53071 , estimatedEndTime >> 1454303236222
Task ID >> task_1454302961222_0001_m_000005 , runningTaskAttemptID >> attempt_1454302961222_0001_m_000005_0
Now >> 1454303234761 taskAttemptStartTime >> 1454303183205 , estimatedRunTime >> 55052 , estimatedEndTime >> 1454303238257
Task ID >> task_1454302961222_0001_m_000000 , runningTaskAttemptID >> attempt_1454302961222_0001_m_000000_0
Now >> 1454303234761 taskAttemptStartTime >> 1454303183193 , estimatedRunTime >> 74781 , estimatedEndTime >> 1454303257974
Task ID >> task_1454302961222_0001_m_000007 , runningTaskAttemptID >> attempt_1454302961222_0001_m_000007_0
Now >> 1454303234761 taskAttemptStartTime >> 1454303183159 , estimatedRunTime >> 60059 , estimatedEndTime >> 1454303243218
Task ID >> task_1454302961222_0001_m_000004 , runningTaskAttemptID >> attempt_1454302961222_0001_m_000004_0
Now >> 1454303234761 taskAttemptStartTime >> 1454303183190 , estimatedRunTime >> 75005 , estimatedEndTime >> 1454303258195
Task ID >> task_1454302961222_0001_m_000001 , runningTaskAttemptID >> attempt_1454302961222_0001_m_000001_0
Now >> 1454303234761 taskAttemptStartTime >> 1454303183161 , estimatedRunTime >> 74607 , estimatedEndTime >> 1454303257768
TaskStatusClass : >> 1.0
Task Size >> {0=134217728, 1=134217728, 2=134217728, 3=134217728, 4=134217728, 5=134217728, 6=97346816, 7=97346816}
Update attemptID:attempt_1454302961222_0001_m_000003_0
attempt_1454302961222_0001_m_000003_0:MAP:SORT:1.0
FILE_BYTES_READ : 139586524
HDFS_BYTES_READ : 134217933
FILE_BYTES_WRITTEN : 279289849
HBW_BYTES_WRITTEN : 0
CPU/Time : 0.7883116384441117
Written/Time : 5362.090561763238
FinishedSize : 1.34217728E8
Add graph Data1.0 <> 0.7883116384441117
-1.0
I/O Intensive
Task Time : 52086
CPU Time : 41060
========================================
Task Size >> {0=134217728, 1=134217728, 2=134217728, 3=134217728, 4=134217728, 5=134217728, 6=97346816, 7=97346816}
TaskStatusClass : >> 0.9584336
Task Size >> {0=134217728, 1=134217728, 2=134217728, 3=134217728, 4=134217728, 5=134217728, 6=97346816, 7=97346816}
Update attemptID:attempt_1454302961222_0001_m_000007_0
attempt_1454302961222_0001_m_000007_0:MAP:SORT:0.9584336
FILE_BYTES_READ : 86966272
HDFS_BYTES_READ : 97346933
FILE_BYTES_WRITTEN : 188319451
HBW_BYTES_WRITTEN : 0
CPU/Time : 0.6784182944259171
Written/Time : 3588.7460886136255
FinishedSize : 1.28638784E8
Add graph Data0.9584336 <> 0.6784182944259171
0.2906164793509344
I/O Intensive
Task Time : 52475
CPU Time : 35600
========================================
Task ID >> task_1454302961222_0001_m_000005 , runningTaskAttemptID >> attempt_1454302961222_0001_m_000005_0
Now >> 1454303235766 taskAttemptStartTime >> 1454303183205 , estimatedRunTime >> 55052 , estimatedEndTime >> 1454303238257
Task ID >> task_1454302961222_0001_m_000000 , runningTaskAttemptID >> attempt_1454302961222_0001_m_000000_0
Now >> 1454303235766 taskAttemptStartTime >> 1454303183193 , estimatedRunTime >> 74781 , estimatedEndTime >> 1454303257974
Task ID >> task_1454302961222_0001_m_000007 , runningTaskAttemptID >> attempt_1454302961222_0001_m_000007_0
Now >> 1454303235766 taskAttemptStartTime >> 1454303183159 , estimatedRunTime >> 54750 , estimatedEndTime >> 1454303237909
Task ID >> task_1454302961222_0001_m_000004 , runningTaskAttemptID >> attempt_1454302961222_0001_m_000004_0
Now >> 1454303235766 taskAttemptStartTime >> 1454303183190 , estimatedRunTime >> 75005 , estimatedEndTime >> 1454303258195
Task ID >> task_1454302961222_0001_m_000001 , runningTaskAttemptID >> attempt_1454302961222_0001_m_000001_0
Now >> 1454303235766 taskAttemptStartTime >> 1454303183161 , estimatedRunTime >> 74607 , estimatedEndTime >> 1454303257768
TaskStatusClass : >> 1.0
Task Size >> {0=134217728, 1=134217728, 2=134217728, 3=134217728, 4=134217728, 5=134217728, 6=97346816, 7=97346816}
Update attemptID:attempt_1454302961222_0001_m_000005_0
attempt_1454302961222_0001_m_000005_0:MAP:SORT:1.0
FILE_BYTES_READ : 139586420
HDFS_BYTES_READ : 134217833
FILE_BYTES_WRITTEN : 279289641
HBW_BYTES_WRITTEN : 0
CPU/Time : 0.7808392745702453
Written/Time : 5281.674029387847
FinishedSize : 1.34217728E8
Add graph Data1.0 <> 0.7808392745702453
-1.0
I/O Intensive
Task Time : 52879
CPU Time : 41290
========================================
TaskStatusClass : >> 0.6922161
Task Size >> {0=134217728, 1=134217728, 2=134217728, 3=134217728, 4=134217728, 5=134217728, 6=97346816, 7=97346816}
Update attemptID:attempt_1454302961222_0001_m_000001_0
attempt_1454302961222_0001_m_000001_0:MAP:SORT:0.6922161
FILE_BYTES_READ : 8941568
HDFS_BYTES_READ : 134217833
FILE_BYTES_WRITTEN : 148642632
HBW_BYTES_WRITTEN : 0
CPU/Time : 0.666490496234357
Written/Time : 2805.689650616282
FinishedSize : 9.2907672E7
Add graph Data0.6922161 <> 0.666490496234357
0.28540744597761
I/O Intensive
Task Time : 52979
CPU Time : 35310
========================================
Task Size >> {0=134217728, 1=134217728, 2=134217728, 3=134217728, 4=134217728, 5=134217728, 6=97346816, 7=97346816}
TaskStatusClass : >> 0.66889155
Task Size >> {0=134217728, 1=134217728, 2=134217728, 3=134217728, 4=134217728, 5=134217728, 6=97346816, 7=97346816}
Update attemptID:attempt_1454302961222_0001_m_000000_0
attempt_1454302961222_0001_m_000000_0:MAP:SORT:0.66889155
FILE_BYTES_READ : 634880
HDFS_BYTES_READ : 134217933
FILE_BYTES_WRITTEN : 140334683
HBW_BYTES_WRITTEN : 0
CPU/Time : 0.6584874012928517
Written/Time : 2644.7802152239874
FinishedSize : 8.9777104E7
Add graph Data0.66889155 <> 0.6584874012928517
0.2771107794146278
I/O Intensive
Task Time : 53061
CPU Time : 34940
========================================
TaskStatusClass : >> 0.7033285
Task Size >> {0=134217728, 1=134217728, 2=134217728, 3=134217728, 4=134217728, 5=134217728, 6=97346816, 7=97346816}
Update attemptID:attempt_1454302961222_0001_m_000004_0
attempt_1454302961222_0001_m_000004_0:MAP:SORT:0.7033285
FILE_BYTES_READ : 13520896
HDFS_BYTES_READ : 134217833
FILE_BYTES_WRITTEN : 153220389
HBW_BYTES_WRITTEN : 0
CPU/Time : 0.6679539574819092
Written/Time : 2872.4155262269883
FinishedSize : 9.4399152E7
Add graph Data0.7033285 <> 0.6679539574819092
0.2807642487046632
I/O Intensive
Task Time : 53342
CPU Time : 35630
========================================
Task ID >> task_1454302961222_0001_m_000000 , runningTaskAttemptID >> attempt_1454302961222_0001_m_000000_0
Now >> 1454303236779 taskAttemptStartTime >> 1454303183193 , estimatedRunTime >> 79326 , estimatedEndTime >> 1454303262519
Task ID >> task_1454302961222_0001_m_000007 , runningTaskAttemptID >> attempt_1454302961222_0001_m_000007_0
Now >> 1454303236779 taskAttemptStartTime >> 1454303183159 , estimatedRunTime >> 54750 , estimatedEndTime >> 1454303237909
Task ID >> task_1454302961222_0001_m_000004 , runningTaskAttemptID >> attempt_1454302961222_0001_m_000004_0
Now >> 1454303236779 taskAttemptStartTime >> 1454303183190 , estimatedRunTime >> 75842 , estimatedEndTime >> 1454303259032
Task ID >> task_1454302961222_0001_m_000001 , runningTaskAttemptID >> attempt_1454302961222_0001_m_000001_0
Now >> 1454303236779 taskAttemptStartTime >> 1454303183161 , estimatedRunTime >> 76535 , estimatedEndTime >> 1454303259696
TaskStatusClass : >> 1.0
Task Size >> {0=134217728, 1=134217728, 2=134217728, 3=134217728, 4=134217728, 5=134217728, 6=97346816, 7=97346816}
Update attemptID:attempt_1454302961222_0001_m_000007_0
attempt_1454302961222_0001_m_000007_0:MAP:SORT:1.0
FILE_BYTES_READ : 101240684
HDFS_BYTES_READ : 97346933
FILE_BYTES_WRITTEN : 202598169
HBW_BYTES_WRITTEN : 0
CPU/Time : 0.6884947196192176
Written/Time : 3766.8854863900046
FinishedSize : 1.34217728E8
Add graph Data1.0 <> 0.6884947196192176
0.2906164793509344
I/O Intensive
Task Time : 53784
CPU Time : 37030
========================================
Task Size >> {0=134217728, 1=134217728, 2=134217728, 3=134217728, 4=134217728, 5=134217728, 6=97346816, 7=97346816}
Task ID >> task_1454302961222_0001_m_000000 , runningTaskAttemptID >> attempt_1454302961222_0001_m_000000_0
Now >> 1454303237789 taskAttemptStartTime >> 1454303183193 , estimatedRunTime >> 79326 , estimatedEndTime >> 1454303262519
Task ID >> task_1454302961222_0001_m_000004 , runningTaskAttemptID >> attempt_1454302961222_0001_m_000004_0
Now >> 1454303237789 taskAttemptStartTime >> 1454303183190 , estimatedRunTime >> 75842 , estimatedEndTime >> 1454303259032
Task ID >> task_1454302961222_0001_m_000001 , runningTaskAttemptID >> attempt_1454302961222_0001_m_000001_0
Now >> 1454303237789 taskAttemptStartTime >> 1454303183161 , estimatedRunTime >> 76535 , estimatedEndTime >> 1454303259696
Task ID >> task_1454302961222_0001_m_000000 , runningTaskAttemptID >> attempt_1454302961222_0001_m_000000_0
Now >> 1454303238798 taskAttemptStartTime >> 1454303183193 , estimatedRunTime >> 79326 , estimatedEndTime >> 1454303262519
Task ID >> task_1454302961222_0001_m_000004 , runningTaskAttemptID >> attempt_1454302961222_0001_m_000004_0
Now >> 1454303238798 taskAttemptStartTime >> 1454303183190 , estimatedRunTime >> 75842 , estimatedEndTime >> 1454303259032
Task ID >> task_1454302961222_0001_m_000001 , runningTaskAttemptID >> attempt_1454302961222_0001_m_000001_0
Now >> 1454303238798 taskAttemptStartTime >> 1454303183161 , estimatedRunTime >> 76535 , estimatedEndTime >> 1454303259696
TaskStatusClass : >> 0.7966105
Task Size >> {0=134217728, 1=134217728, 2=134217728, 3=134217728, 4=134217728, 5=134217728, 6=97346816, 7=97346816}
Update attemptID:attempt_1454302961222_0001_m_000001_0
attempt_1454302961222_0001_m_000001_0:MAP:SORT:0.7966105
FILE_BYTES_READ : 53338112
HDFS_BYTES_READ : 134217833
FILE_BYTES_WRITTEN : 193038347
HBW_BYTES_WRITTEN : 0
CPU/Time : 0.6894217408344319
Written/Time : 3438.884579755585
FinishedSize : 1.06919248E8
Add graph Data0.7966105 <> 0.6894217408344319
0.28540744597761
I/O Intensive
Task Time : 56134
CPU Time : 38700
========================================
TaskStatusClass : >> 0.7550815
Task Size >> {0=134217728, 1=134217728, 2=134217728, 3=134217728, 4=134217728, 5=134217728, 6=97346816, 7=97346816}
Update attemptID:attempt_1454302961222_0001_m_000000_0
attempt_1454302961222_0001_m_000000_0:MAP:SORT:0.7550815
FILE_BYTES_READ : 35758080
HDFS_BYTES_READ : 134217933
FILE_BYTES_WRITTEN : 175456952
HBW_BYTES_WRITTEN : 0
CPU/Time : 0.6851604872410421
Written/Time : 3120.066720014226
FinishedSize : 1.0134532E8
Add graph Data0.7550815 <> 0.6851604872410421
0.2771107794146278
I/O Intensive
Task Time : 56235
CPU Time : 38530
========================================
TaskStatusClass : >> 0.8090142
Task Size >> {0=134217728, 1=134217728, 2=134217728, 3=134217728, 4=134217728, 5=134217728, 6=97346816, 7=97346816}
Update attemptID:attempt_1454302961222_0001_m_000004_0
attempt_1454302961222_0001_m_000004_0:MAP:SORT:0.8090142
FILE_BYTES_READ : 56864768
HDFS_BYTES_READ : 134217833
FILE_BYTES_WRITTEN : 196560216
HBW_BYTES_WRITTEN : 0
CPU/Time : 0.6907469973289937
Written/Time : 3476.9111138626995
FinishedSize : 1.08584048E8
Add graph Data0.8090142 <> 0.6907469973289937
0.2807642487046632
I/O Intensive
Task Time : 56533
CPU Time : 39050
========================================
Task ID >> task_1454302961222_0001_m_000000 , runningTaskAttemptID >> attempt_1454302961222_0001_m_000000_0
Now >> 1454303239808 taskAttemptStartTime >> 1454303183193 , estimatedRunTime >> 74475 , estimatedEndTime >> 1454303257668
Task ID >> task_1454302961222_0001_m_000004 , runningTaskAttemptID >> attempt_1454302961222_0001_m_000004_0
Now >> 1454303239808 taskAttemptStartTime >> 1454303183190 , estimatedRunTime >> 69878 , estimatedEndTime >> 1454303253068
Task ID >> task_1454302961222_0001_m_000001 , runningTaskAttemptID >> attempt_1454302961222_0001_m_000001_0
Now >> 1454303239808 taskAttemptStartTime >> 1454303183161 , estimatedRunTime >> 70466 , estimatedEndTime >> 1454303253627
Task ID >> task_1454302961222_0001_m_000000 , runningTaskAttemptID >> attempt_1454302961222_0001_m_000000_0
Now >> 1454303240817 taskAttemptStartTime >> 1454303183193 , estimatedRunTime >> 74475 , estimatedEndTime >> 1454303257668
Task ID >> task_1454302961222_0001_m_000004 , runningTaskAttemptID >> attempt_1454302961222_0001_m_000004_0
Now >> 1454303240817 taskAttemptStartTime >> 1454303183190 , estimatedRunTime >> 69878 , estimatedEndTime >> 1454303253068
Task ID >> task_1454302961222_0001_m_000001 , runningTaskAttemptID >> attempt_1454302961222_0001_m_000001_0
Now >> 1454303240817 taskAttemptStartTime >> 1454303183161 , estimatedRunTime >> 70466 , estimatedEndTime >> 1454303253627
Task ID >> task_1454302961222_0001_m_000000 , runningTaskAttemptID >> attempt_1454302961222_0001_m_000000_0
Now >> 1454303241821 taskAttemptStartTime >> 1454303183193 , estimatedRunTime >> 74475 , estimatedEndTime >> 1454303257668
Task ID >> task_1454302961222_0001_m_000004 , runningTaskAttemptID >> attempt_1454302961222_0001_m_000004_0
Now >> 1454303241821 taskAttemptStartTime >> 1454303183190 , estimatedRunTime >> 69878 , estimatedEndTime >> 1454303253068
Task ID >> task_1454302961222_0001_m_000001 , runningTaskAttemptID >> attempt_1454302961222_0001_m_000001_0
Now >> 1454303241821 taskAttemptStartTime >> 1454303183161 , estimatedRunTime >> 70466 , estimatedEndTime >> 1454303253627
TaskStatusClass : >> 0.91361606
Task Size >> {0=134217728, 1=134217728, 2=134217728, 3=134217728, 4=134217728, 5=134217728, 6=97346816, 7=97346816}
Update attemptID:attempt_1454302961222_0001_m_000001_0
attempt_1454302961222_0001_m_000001_0:MAP:SORT:0.91361606
FILE_BYTES_READ : 102309888
HDFS_BYTES_READ : 134217833
FILE_BYTES_WRITTEN : 242010075
HBW_BYTES_WRITTEN : 0
CPU/Time : 0.7085976515049265
Written/Time : 4083.0421615602645
FinishedSize : 1.22623472E8
Add graph Data0.91361606 <> 0.7085976515049265
0.28540744597761
I/O Intensive
Task Time : 59272
CPU Time : 42000
========================================
TaskStatusClass : >> 0.8557559
Task Size >> {0=134217728, 1=134217728, 2=134217728, 3=134217728, 4=134217728, 5=134217728, 6=97346816, 7=97346816}
Update attemptID:attempt_1454302961222_0001_m_000000_0
attempt_1454302961222_0001_m_000000_0:MAP:SORT:0.8557559
FILE_BYTES_READ : 78360576
HDFS_BYTES_READ : 134217933
FILE_BYTES_WRITTEN : 218059499
HBW_BYTES_WRITTEN : 0
CPU/Time : 0.7061894736842105
Written/Time : 3672.581035789474
FinishedSize : 1.14857616E8
Add graph Data0.8557559 <> 0.7061894736842105
0.2771107794146278
I/O Intensive
Task Time : 59375
CPU Time : 41930
========================================
Task ID >> task_1454302961222_0001_m_000000 , runningTaskAttemptID >> attempt_1454302961222_0001_m_000000_0
Now >> 1454303242825 taskAttemptStartTime >> 1454303183193 , estimatedRunTime >> 69383 , estimatedEndTime >> 1454303252576
Task ID >> task_1454302961222_0001_m_000004 , runningTaskAttemptID >> attempt_1454302961222_0001_m_000004_0
Now >> 1454303242825 taskAttemptStartTime >> 1454303183190 , estimatedRunTime >> 69878 , estimatedEndTime >> 1454303253068
Task ID >> task_1454302961222_0001_m_000001 , runningTaskAttemptID >> attempt_1454302961222_0001_m_000001_0
Now >> 1454303242825 taskAttemptStartTime >> 1454303183161 , estimatedRunTime >> 64876 , estimatedEndTime >> 1454303248037
TaskStatusClass : >> 0.9172076
Task Size >> {0=134217728, 1=134217728, 2=134217728, 3=134217728, 4=134217728, 5=134217728, 6=97346816, 7=97346816}
Update attemptID:attempt_1454302961222_0001_m_000004_0
attempt_1454302961222_0001_m_000004_0:MAP:SORT:0.9172076
FILE_BYTES_READ : 103731200
HDFS_BYTES_READ : 134217833
FILE_BYTES_WRITTEN : 243430507
HBW_BYTES_WRITTEN : 0
CPU/Time : 0.7118564559634103
Written/Time : 4078.3143795339174
FinishedSize : 1.2310552E8
Add graph Data0.9172076 <> 0.7118564559634103
0.2807642487046632
I/O Intensive
Task Time : 59689
CPU Time : 42490
========================================
Task ID >> task_1454302961222_0001_m_000000 , runningTaskAttemptID >> attempt_1454302961222_0001_m_000000_0
Now >> 1454303243835 taskAttemptStartTime >> 1454303183193 , estimatedRunTime >> 69383 , estimatedEndTime >> 1454303252576
Task ID >> task_1454302961222_0001_m_000004 , runningTaskAttemptID >> attempt_1454302961222_0001_m_000004_0
Now >> 1454303243835 taskAttemptStartTime >> 1454303183190 , estimatedRunTime >> 65076 , estimatedEndTime >> 1454303248266
Task ID >> task_1454302961222_0001_m_000001 , runningTaskAttemptID >> attempt_1454302961222_0001_m_000001_0
Now >> 1454303243835 taskAttemptStartTime >> 1454303183161 , estimatedRunTime >> 64876 , estimatedEndTime >> 1454303248037
Task ID >> task_1454302961222_0001_m_000000 , runningTaskAttemptID >> attempt_1454302961222_0001_m_000000_0
Now >> 1454303244840 taskAttemptStartTime >> 1454303183193 , estimatedRunTime >> 69383 , estimatedEndTime >> 1454303252576
Task ID >> task_1454302961222_0001_m_000004 , runningTaskAttemptID >> attempt_1454302961222_0001_m_000004_0
Now >> 1454303244840 taskAttemptStartTime >> 1454303183190 , estimatedRunTime >> 65076 , estimatedEndTime >> 1454303248266
Task ID >> task_1454302961222_0001_m_000001 , runningTaskAttemptID >> attempt_1454302961222_0001_m_000001_0
Now >> 1454303244840 taskAttemptStartTime >> 1454303183161 , estimatedRunTime >> 64876 , estimatedEndTime >> 1454303248037
TaskStatusClass : >> 1.0
Task Size >> {0=134217728, 1=134217728, 2=134217728, 3=134217728, 4=134217728, 5=134217728, 6=97346816, 7=97346816}
Update attemptID:attempt_1454302961222_0001_m_000001_0
attempt_1454302961222_0001_m_000001_0:MAP:SORT:1.0
FILE_BYTES_READ : 139586420
HDFS_BYTES_READ : 134217833
FILE_BYTES_WRITTEN : 279289641
HBW_BYTES_WRITTEN : 0
CPU/Time : 0.7231094675989471
Written/Time : 4509.98176885688
FinishedSize : 1.34217728E8
Add graph Data1.0 <> 0.7231094675989471
0.28540744597761
I/O Intensive
Task Time : 61927
CPU Time : 44780
========================================
Task Size >> {0=134217728, 1=134217728, 2=134217728, 3=134217728, 4=134217728, 5=134217728, 6=97346816, 7=97346816}
TaskStatusClass : >> 1.0
Task Size >> {0=134217728, 1=134217728, 2=134217728, 3=134217728, 4=134217728, 5=134217728, 6=97346816, 7=97346816}
Update attemptID:attempt_1454302961222_0001_m_000004_0
attempt_1454302961222_0001_m_000004_0:MAP:SORT:1.0
FILE_BYTES_READ : 139586420
HDFS_BYTES_READ : 134217833
FILE_BYTES_WRITTEN : 279289641
HBW_BYTES_WRITTEN : 0
CPU/Time : 0.7282284688611814
Written/Time : 4475.938988429117
FinishedSize : 1.34217728E8
Add graph Data1.0 <> 0.7282284688611814
0.2807642487046632
I/O Intensive
Task Time : 62398
CPU Time : 45440
========================================
Task Size >> {0=134217728, 1=134217728, 2=134217728, 3=134217728, 4=134217728, 5=134217728, 6=97346816, 7=97346816}
TaskStatusClass : >> 0.9658048
Task Size >> {0=134217728, 1=134217728, 2=134217728, 3=134217728, 4=134217728, 5=134217728, 6=97346816, 7=97346816}
Update attemptID:attempt_1454302961222_0001_m_000000_0
attempt_1454302961222_0001_m_000000_0:MAP:SORT:0.9658048
FILE_BYTES_READ : 123670528
HDFS_BYTES_READ : 134217933
FILE_BYTES_WRITTEN : 263370752
HBW_BYTES_WRITTEN : 0
CPU/Time : 0.7238597332055275
Written/Time : 4207.536576403866
FinishedSize : 1.29628128E8
Add graph Data0.9658048 <> 0.7238597332055275
0.2771107794146278
I/O Intensive
Task Time : 62595
CPU Time : 45310
========================================
Task ID >> task_1454302961222_0001_m_000000 , runningTaskAttemptID >> attempt_1454302961222_0001_m_000000_0
Now >> 1454303245847 taskAttemptStartTime >> 1454303183193 , estimatedRunTime >> 64811 , estimatedEndTime >> 1454303248004
Task ID >> task_1454302961222_0001_m_000000 , runningTaskAttemptID >> attempt_1454302961222_0001_m_000000_0
Now >> 1454303246849 taskAttemptStartTime >> 1454303183193 , estimatedRunTime >> 64811 , estimatedEndTime >> 1454303248004
TaskStatusClass : >> 1.0
Task Size >> {0=134217728, 1=134217728, 2=134217728, 3=134217728, 4=134217728, 5=134217728, 6=97346816, 7=97346816}
Update attemptID:attempt_1454302961222_0001_m_000000_0
attempt_1454302961222_0001_m_000000_0:MAP:SORT:1.0
FILE_BYTES_READ : 139586524
HDFS_BYTES_READ : 134217933
FILE_BYTES_WRITTEN : 279289849
HBW_BYTES_WRITTEN : 0
CPU/Time : 0.7337139282083366
Written/Time : 4368.340486431532
FinishedSize : 1.34217728E8
Add graph Data1.0 <> 0.7337139282083366
0.2771107794146278
I/O Intensive
Task Time : 63935
CPU Time : 46910