Now Use estimatorClass : org.apache.hadoop.mapreduce.v2.app.speculate.LegacyTaskRuntimeEstimator_Fixed
serviceStart
attempt_1454305919848_0026_m_000000_0 : spilledRecord org.apache.hadoop.mapred.Counters$Counter@c553d160
attempt_1454305919848_0026_m_000001_0 : spilledRecord org.apache.hadoop.mapred.Counters$Counter@c553d160
attempt_1454305919848_0026_m_000002_0 : spilledRecord org.apache.hadoop.mapred.Counters$Counter@c553d160
attempt_1454305919848_0026_m_000003_0 : spilledRecord org.apache.hadoop.mapred.Counters$Counter@c553d160
TaskStatusClass : >> 0.4269831
TaskStatusClass : >> 0.45640874
Task Size >> {0=134217728, 1=134217728, 2=121782272, 3=121782272}
Update attemptID:attempt_1454305919848_0026_m_000002_0
attempt_1454305919848_0026_m_000002_0:MAP:MAP:0.45640874
FILE_BYTES_READ : 0
HDFS_BYTES_READ : 79850135
FILE_BYTES_WRITTEN : 116773
HBW_BYTES_WRITTEN : 0
CPU/Time : 0.5088369441277081
Written/Time : 5.547938046370201
FinishedSize : 6.1258144E7
Add graph Data0.45640874 <> 0.5088369441277081
-1.0
I/O Intensive
Task Time : 21048
CPU Time : 10710
========================================
Task Size >> {0=134217728, 1=134217728, 2=121782272, 3=121782272}
Update attemptID:attempt_1454305919848_0026_m_000003_0
attempt_1454305919848_0026_m_000003_0:MAP:MAP:0.4269831
FILE_BYTES_READ : 0
HDFS_BYTES_READ : 75836035
FILE_BYTES_WRITTEN : 116773
HBW_BYTES_WRITTEN : 0
CPU/Time : 0.48884670147128617
Written/Time : 5.542145230185097
FinishedSize : 5.73087E7
Add graph Data0.4269831 <> 0.48884670147128617
-1.0
I/O Intensive
Task Time : 21070
CPU Time : 10300
========================================
TaskStatusClass : >> 0.48669705
TaskStatusClass : >> 0.48669705
Task Size >> {0=134217728, 1=134217728, 2=121782272, 3=121782272}
Update attemptID:attempt_1454305919848_0026_m_000003_0
attempt_1454305919848_0026_m_000003_0:MAP:MAP:0.48669705
FILE_BYTES_READ : 0
HDFS_BYTES_READ : 88862235
FILE_BYTES_WRITTEN : 116773
HBW_BYTES_WRITTEN : 0
CPU/Time : 0.5968793857838686
Written/Time : 4.820151902914224
FinishedSize : 6.5323372E7
Add graph Data0.48669705 <> 0.5968793857838686
-1.0
I/O Intensive
Task Time : 24226
CPU Time : 14460
========================================
Task Size >> {0=134217728, 1=134217728, 2=121782272, 3=121782272}
Update attemptID:attempt_1454305919848_0026_m_000002_0
attempt_1454305919848_0026_m_000002_0:MAP:MAP:0.48669705
FILE_BYTES_READ : 0
HDFS_BYTES_READ : 88862235
FILE_BYTES_WRITTEN : 116773
HBW_BYTES_WRITTEN : 0
CPU/Time : 0.598720858262843
Written/Time : 4.818361873323705
FinishedSize : 6.5323372E7
Add graph Data0.48669705 <> 0.598720858262843
-1.0
I/O Intensive
Task Time : 24235
CPU Time : 14510
========================================
TaskStatusClass : >> 0.37968755
Task Size >> {0=134217728, 1=134217728, 2=121782272, 3=121782272}
Update attemptID:attempt_1454305919848_0026_m_000001_0
attempt_1454305919848_0026_m_000001_0:MAP:MAP:0.37968755
FILE_BYTES_READ : 0
HDFS_BYTES_READ : 74680535
FILE_BYTES_WRITTEN : 116773
HBW_BYTES_WRITTEN : 0
CPU/Time : 0.4164154507817838
Written/Time : 4.693637204067688
FinishedSize : 5.09608E7
Add graph Data0.37968755 <> 0.4164154507817838
-1.0
I/O Intensive
Task Time : 24879
CPU Time : 10360
========================================
TaskStatusClass : >> 0.37788805
Task Size >> {0=134217728, 1=134217728, 2=121782272, 3=121782272}
Update attemptID:attempt_1454305919848_0026_m_000000_0
attempt_1454305919848_0026_m_000000_0:MAP:MAP:0.37788805
FILE_BYTES_READ : 0
HDFS_BYTES_READ : 74815035
FILE_BYTES_WRITTEN : 116773
HBW_BYTES_WRITTEN : 0
CPU/Time : 0.4153097736501427
Written/Time : 4.694769428697785
FinishedSize : 5.0719276E7
Add graph Data0.37788805 <> 0.4153097736501427
-1.0
I/O Intensive
Task Time : 24873
CPU Time : 10330
========================================
TaskStatusClass : >> 0.48669705
TaskStatusClass : >> 0.48669705
Task Size >> {0=134217728, 1=134217728, 2=121782272, 3=121782272}
Update attemptID:attempt_1454305919848_0026_m_000002_0
attempt_1454305919848_0026_m_000002_0:MAP:MAP:0.48669705
FILE_BYTES_READ : 0
HDFS_BYTES_READ : 88862235
FILE_BYTES_WRITTEN : 30325874
HBW_BYTES_WRITTEN : 0
CPU/Time : 0.6760954573694404
Written/Time : 1108.2803055220554
FinishedSize : 6.5323372E7
Add graph Data0.48669705 <> 0.6760954573694404
-1.0
I/O Intensive
Task Time : 27363
CPU Time : 18500
========================================
Task Size >> {0=134217728, 1=134217728, 2=121782272, 3=121782272}
Update attemptID:attempt_1454305919848_0026_m_000003_0
attempt_1454305919848_0026_m_000003_0:MAP:MAP:0.48669705
FILE_BYTES_READ : 0
HDFS_BYTES_READ : 88862235
FILE_BYTES_WRITTEN : 24927338
HBW_BYTES_WRITTEN : 0
CPU/Time : 0.6778422994046966
Written/Time : 910.3881523684306
FinishedSize : 6.5323372E7
Add graph Data0.48669705 <> 0.6778422994046966
-1.0
I/O Intensive
Task Time : 27381
CPU Time : 18560
========================================
TaskStatusClass : >> 0.44160348
TaskStatusClass : >> 0.44160348
Task Size >> {0=134217728, 1=134217728, 2=121782272, 3=121782272}
Update attemptID:attempt_1454305919848_0026_m_000001_0
attempt_1454305919848_0026_m_000001_0:MAP:MAP:0.44160348
FILE_BYTES_READ : 0
HDFS_BYTES_READ : 88862235
FILE_BYTES_WRITTEN : 116773
HBW_BYTES_WRITTEN : 0
CPU/Time : 0.5184578107183581
Written/Time : 4.160953534777651
FinishedSize : 5.9271016E7
Add graph Data0.44160348 <> 0.5184578107183581
-1.0
I/O Intensive
Task Time : 28064
CPU Time : 14550
========================================
Task Size >> {0=134217728, 1=134217728, 2=121782272, 3=121782272}
Update attemptID:attempt_1454305919848_0026_m_000000_0
attempt_1454305919848_0026_m_000000_0:MAP:MAP:0.44160348
FILE_BYTES_READ : 0
HDFS_BYTES_READ : 88862235
FILE_BYTES_WRITTEN : 116773
HBW_BYTES_WRITTEN : 0
CPU/Time : 0.5188460578397461
Written/Time : 4.164069464750562
FinishedSize : 5.9271016E7
Add graph Data0.44160348 <> 0.5188460578397461
-1.0
I/O Intensive
Task Time : 28043
CPU Time : 14550
========================================
TaskStatusClass : >> 0.48669705
Task Size >> {0=134217728, 1=134217728, 2=121782272, 3=121782272}
Update attemptID:attempt_1454305919848_0026_m_000002_0
attempt_1454305919848_0026_m_000002_0:MAP:SORT:0.48669705
FILE_BYTES_READ : 0
HDFS_BYTES_READ : 88862235
FILE_BYTES_WRITTEN : 30325874
HBW_BYTES_WRITTEN : 0
CPU/Time : 0.6150061500615006
Written/Time : 1008.1404873508194
FinishedSize : 6.5323372E7
Add graph Data0.48669705 <> 0.6150061500615006
-1.0
I/O Intensive
Task Time : 30081
CPU Time : 18500
========================================
TaskStatusClass : >> 0.48669705
Task Size >> {0=134217728, 1=134217728, 2=121782272, 3=121782272}
Update attemptID:attempt_1454305919848_0026_m_000003_0
attempt_1454305919848_0026_m_000003_0:MAP:SORT:0.48669705
FILE_BYTES_READ : 0
HDFS_BYTES_READ : 88862235
FILE_BYTES_WRITTEN : 24927338
HBW_BYTES_WRITTEN : 0
CPU/Time : 0.6108679195602804
Written/Time : 820.4370207023665
FinishedSize : 6.5323372E7
Add graph Data0.48669705 <> 0.6108679195602804
-1.0
I/O Intensive
Task Time : 30383
CPU Time : 18560
========================================
TaskStatusClass : >> 0.667
Task Size >> {0=134217728, 1=134217728, 2=121782272, 3=121782272}
Update attemptID:attempt_1454305919848_0026_m_000002_0
attempt_1454305919848_0026_m_000002_0:MAP:SORT:0.667
FILE_BYTES_READ : 0
HDFS_BYTES_READ : 121782335
FILE_BYTES_WRITTEN : 74050275
HBW_BYTES_WRITTEN : 0
CPU/Time : 0.727308499475341
Written/Time : 2428.1963208289612
FinishedSize : 8.9523224E7
Add graph Data0.667 <> 0.727308499475341
-1.0
I/O Intensive
Task Time : 30496
CPU Time : 22180
========================================
TaskStatusClass : >> 0.667
Task Size >> {0=134217728, 1=134217728, 2=121782272, 3=121782272}
Update attemptID:attempt_1454305919848_0026_m_000003_0
attempt_1454305919848_0026_m_000003_0:MAP:SORT:0.667
FILE_BYTES_READ : 0
HDFS_BYTES_READ : 121782335
FILE_BYTES_WRITTEN : 74050275
HBW_BYTES_WRITTEN : 0
CPU/Time : 0.7298243318394452
Written/Time : 2422.3976904707383
FinishedSize : 8.9523224E7
Add graph Data0.667 <> 0.7298243318394452
-1.0
I/O Intensive
Task Time : 30569
CPU Time : 22310
========================================
TaskStatusClass : >> 0.44160348
TaskStatusClass : >> 0.44160348
Task Size >> {0=134217728, 1=134217728, 2=121782272, 3=121782272}
Update attemptID:attempt_1454305919848_0026_m_000000_0
attempt_1454305919848_0026_m_000000_0:MAP:MAP:0.44160348
FILE_BYTES_READ : 0
HDFS_BYTES_READ : 88862235
FILE_BYTES_WRITTEN : 24911114
HBW_BYTES_WRITTEN : 0
CPU/Time : 0.59191129342392
Written/Time : 798.3307909242404
FinishedSize : 5.9271016E7
Add graph Data0.44160348 <> 0.59191129342392
-1.0
I/O Intensive
Task Time : 31204
CPU Time : 18470
========================================
Task Size >> {0=134217728, 1=134217728, 2=121782272, 3=121782272}
Update attemptID:attempt_1454305919848_0026_m_000001_0
attempt_1454305919848_0026_m_000001_0:MAP:MAP:0.44160348
FILE_BYTES_READ : 0
HDFS_BYTES_READ : 88862235
FILE_BYTES_WRITTEN : 30851166
HBW_BYTES_WRITTEN : 0
CPU/Time : 0.5979460600825415
Written/Time : 987.0162203666379
FinishedSize : 5.9271016E7
Add graph Data0.44160348 <> 0.5979460600825415
-1.0
I/O Intensive
Task Time : 31257
CPU Time : 18690
========================================
TaskStatusClass : >> 0.667
Task Size >> {0=134217728, 1=134217728, 2=121782272, 3=121782272}
Update attemptID:attempt_1454305919848_0026_m_000002_0
attempt_1454305919848_0026_m_000002_0:MAP:SORT:0.667
FILE_BYTES_READ : 0
HDFS_BYTES_READ : 121782335
FILE_BYTES_WRITTEN : 77027067
HBW_BYTES_WRITTEN : 0
CPU/Time : 0.756674793363858
Written/Time : 2290.154813581495
FinishedSize : 8.9523224E7
Add graph Data0.667 <> 0.756674793363858
-1.0
I/O Intensive
Task Time : 33634
CPU Time : 25450
========================================
TaskStatusClass : >> 0.667
Task Size >> {0=134217728, 1=134217728, 2=121782272, 3=121782272}
Update attemptID:attempt_1454305919848_0026_m_000003_0
attempt_1454305919848_0026_m_000003_0:MAP:SORT:0.667
FILE_BYTES_READ : 0
HDFS_BYTES_READ : 121782335
FILE_BYTES_WRITTEN : 74050275
HBW_BYTES_WRITTEN : 0
CPU/Time : 0.760653598647727
Written/Time : 2195.969129029388
FinishedSize : 8.9523224E7
Add graph Data0.667 <> 0.760653598647727
-1.0
I/O Intensive
Task Time : 33721
CPU Time : 25650
========================================
TaskStatusClass : >> 0.66533554
TaskStatusClass : >> 0.64487344
TaskStatusClass : >> 0.66533554
Task Size >> {0=134217728, 1=134217728, 2=121782272, 3=121782272}
Update attemptID:attempt_1454305919848_0026_m_000001_0
attempt_1454305919848_0026_m_000001_0:MAP:MAP:0.66533554
FILE_BYTES_READ : 0
HDFS_BYTES_READ : 130418135
FILE_BYTES_WRITTEN : 74050275
HBW_BYTES_WRITTEN : 0
CPU/Time : 0.6463613113229482
Written/Time : 2152.123779353639
FinishedSize : 8.9299824E7
Add graph Data0.66533554 <> 0.6463613113229482
-1.0
I/O Intensive
Task Time : 34408
CPU Time : 22240
========================================
Task Size >> {0=134217728, 1=134217728, 2=121782272, 3=121782272}
Update attemptID:attempt_1454305919848_0026_m_000000_0
attempt_1454305919848_0026_m_000000_0:MAP:MAP:0.64487344
FILE_BYTES_READ : 0
HDFS_BYTES_READ : 126353543
FILE_BYTES_WRITTEN : 74050275
HBW_BYTES_WRITTEN : 0
CPU/Time : 0.640537318640421
Written/Time : 2153.062396417876
FinishedSize : 8.6553448E7
Add graph Data0.64487344 <> 0.640537318640421
-1.0
I/O Intensive
Task Time : 34393
CPU Time : 22030
========================================
Task Size >> {0=134217728, 1=134217728, 2=121782272, 3=121782272}
Update attemptID:attempt_1454305919848_0026_m_000001_0
attempt_1454305919848_0026_m_000001_0:MAP:SORT:0.66533554
FILE_BYTES_READ : 0
HDFS_BYTES_READ : 130418135
FILE_BYTES_WRITTEN : 74050275
HBW_BYTES_WRITTEN : 0
CPU/Time : 0.6459295402399001
Written/Time : 2150.686154918533
FinishedSize : 8.9299824E7
Add graph Data0.66533554 <> 0.6459295402399001
-1.0
I/O Intensive
Task Time : 34431
CPU Time : 22240
========================================
TaskStatusClass : >> 0.64487344
Task Size >> {0=134217728, 1=134217728, 2=121782272, 3=121782272}
Update attemptID:attempt_1454305919848_0026_m_000000_0
attempt_1454305919848_0026_m_000000_0:MAP:SORT:0.64487344
FILE_BYTES_READ : 0
HDFS_BYTES_READ : 126353543
FILE_BYTES_WRITTEN : 74050275
HBW_BYTES_WRITTEN : 0
CPU/Time : 0.6381253077658373
Written/Time : 2144.95481273354
FinishedSize : 8.6553448E7
Add graph Data0.64487344 <> 0.6381253077658373
-1.0
I/O Intensive
Task Time : 34523
CPU Time : 22030
========================================
TaskStatusClass : >> 0.70084906
Task Size >> {0=134217728, 1=134217728, 2=121782272, 3=121782272}
Update attemptID:attempt_1454305919848_0026_m_000002_0
attempt_1454305919848_0026_m_000002_0:MAP:SORT:0.70084906
FILE_BYTES_READ : 11378688
HDFS_BYTES_READ : 121782335
FILE_BYTES_WRITTEN : 138143817
HBW_BYTES_WRITTEN : 0
CPU/Time : 0.7968138321009134
Written/Time : 3755.5409145280555
FinishedSize : 9.4066368E7
Add graph Data0.70084906 <> 0.7968138321009134
-1.0
I/O Intensive
Task Time : 36784
CPU Time : 29310
========================================
TaskStatusClass : >> 0.6885708
Task Size >> {0=134217728, 1=134217728, 2=121782272, 3=121782272}
Update attemptID:attempt_1454305919848_0026_m_000003_0
attempt_1454305919848_0026_m_000003_0:MAP:SORT:0.6885708
FILE_BYTES_READ : 6774784
HDFS_BYTES_READ : 121782335
FILE_BYTES_WRITTEN : 133539217
HBW_BYTES_WRITTEN : 0
CPU/Time : 0.800423418288413
Written/Time : 3624.547865266129
FinishedSize : 9.2418408E7
Add graph Data0.6885708 <> 0.800423418288413
-1.0
I/O Intensive
Task Time : 36843
CPU Time : 29490
========================================
TaskStatusClass : >> 0.667
TaskStatusClass : >> 0.667
Task Size >> {0=134217728, 1=134217728, 2=121782272, 3=121782272}
Update attemptID:attempt_1454305919848_0026_m_000000_0
attempt_1454305919848_0026_m_000000_0:MAP:SORT:0.667
FILE_BYTES_READ : 0
HDFS_BYTES_READ : 134217935
FILE_BYTES_WRITTEN : 74050275
HBW_BYTES_WRITTEN : 0
CPU/Time : 0.6797824696097249
Written/Time : 1974.0423064619322
FinishedSize : 8.9523224E7
Add graph Data0.667 <> 0.6797824696097249
-1.0
I/O Intensive
Task Time : 37512
CPU Time : 25500
========================================
Task Size >> {0=134217728, 1=134217728, 2=121782272, 3=121782272}
Update attemptID:attempt_1454305919848_0026_m_000001_0
attempt_1454305919848_0026_m_000001_0:MAP:SORT:0.667
FILE_BYTES_READ : 0
HDFS_BYTES_READ : 134217935
FILE_BYTES_WRITTEN : 74050275
HBW_BYTES_WRITTEN : 0
CPU/Time : 0.6839905215793818
Written/Time : 1971.572059958998
FinishedSize : 8.9523224E7
Add graph Data0.667 <> 0.6839905215793818
-1.0
I/O Intensive
Task Time : 37559
CPU Time : 25690
========================================
TaskStatusClass : >> 0.80919755
TaskStatusClass : >> 0.8232635
Task Size >> {0=134217728, 1=134217728, 2=121782272, 3=121782272}
Update attemptID:attempt_1454305919848_0026_m_000002_0
attempt_1454305919848_0026_m_000002_0:MAP:SORT:0.8232635
FILE_BYTES_READ : 57880576
HDFS_BYTES_READ : 121782335
FILE_BYTES_WRITTEN : 184645350
HBW_BYTES_WRITTEN : 0
CPU/Time : 0.8151575787893947
Written/Time : 4618.442971485742
FinishedSize : 1.1049656E8
Add graph Data0.8232635 <> 0.8151575787893947
-1.0
I/O Intensive
Task Time : 39980
CPU Time : 32590
========================================
Task Size >> {0=134217728, 1=134217728, 2=121782272, 3=121782272}
Update attemptID:attempt_1454305919848_0026_m_000003_0
attempt_1454305919848_0026_m_000003_0:MAP:SORT:0.80919755
FILE_BYTES_READ : 52518912
HDFS_BYTES_READ : 121782335
FILE_BYTES_WRITTEN : 179288193
HBW_BYTES_WRITTEN : 0
CPU/Time : 0.8187456236871061
Written/Time : 4483.54988996699
FinishedSize : 1.08608656E8
Add graph Data0.80919755 <> 0.8187456236871061
-1.0
I/O Intensive
Task Time : 39988
CPU Time : 32740
========================================
TaskStatusClass : >> 0.667
TaskStatusClass : >> 0.667
Task Size >> {0=134217728, 1=134217728, 2=121782272, 3=121782272}
Update attemptID:attempt_1454305919848_0026_m_000000_0
attempt_1454305919848_0026_m_000000_0:MAP:SORT:0.667
FILE_BYTES_READ : 0
HDFS_BYTES_READ : 134217935
FILE_BYTES_WRITTEN : 123290128
HBW_BYTES_WRITTEN : 0
CPU/Time : 0.706571210667454
Written/Time : 3033.1913302334738
FinishedSize : 8.9523224E7
Add graph Data0.667 <> 0.706571210667454
-1.0
I/O Intensive
Task Time : 40647
CPU Time : 28720
========================================
Task Size >> {0=134217728, 1=134217728, 2=121782272, 3=121782272}
Update attemptID:attempt_1454305919848_0026_m_000001_0
attempt_1454305919848_0026_m_000001_0:MAP:SORT:0.667
FILE_BYTES_READ : 0
HDFS_BYTES_READ : 134217935
FILE_BYTES_WRITTEN : 122666856
HBW_BYTES_WRITTEN : 0
CPU/Time : 0.7083538083538083
Written/Time : 3013.927665847666
FinishedSize : 8.9523224E7
Add graph Data0.667 <> 0.7083538083538083
-1.0
I/O Intensive
Task Time : 40700
CPU Time : 28830
========================================
TaskStatusClass : >> 0.9503394
TaskStatusClass : >> 0.93532676
Task Size >> {0=134217728, 1=134217728, 2=121782272, 3=121782272}
Update attemptID:attempt_1454305919848_0026_m_000002_0
attempt_1454305919848_0026_m_000002_0:MAP:SORT:0.9503394
FILE_BYTES_READ : 106082304
HDFS_BYTES_READ : 121782335
FILE_BYTES_WRITTEN : 232849027
HBW_BYTES_WRITTEN : 0
CPU/Time : 0.8339517625231911
Written/Time : 5400.023817254174
FinishedSize : 1.27552392E8
Add graph Data0.9503394 <> 0.8339517625231911
-1.0
I/O Intensive
Task Time : 43120
CPU Time : 35960
========================================
Task Size >> {0=134217728, 1=134217728, 2=121782272, 3=121782272}
Update attemptID:attempt_1454305919848_0026_m_000003_0
attempt_1454305919848_0026_m_000003_0:MAP:SORT:0.93532676
FILE_BYTES_READ : 100311040
HDFS_BYTES_READ : 121782335
FILE_BYTES_WRITTEN : 227077026
HBW_BYTES_WRITTEN : 0
CPU/Time : 0.8366561572700296
Written/Time : 5264.21147069733
FinishedSize : 1.25537432E8
Add graph Data0.93532676 <> 0.8366561572700296
-1.0
I/O Intensive
Task Time : 43136
CPU Time : 36090
========================================
TaskStatusClass : >> 1.0
Task Size >> {0=134217728, 1=134217728, 2=121782272, 3=121782272}
Update attemptID:attempt_1454305919848_0026_m_000002_0
attempt_1454305919848_0026_m_000002_0:MAP:SORT:1.0
FILE_BYTES_READ : 126653500
HDFS_BYTES_READ : 121782335
FILE_BYTES_WRITTEN : 253423799
HBW_BYTES_WRITTEN : 0
CPU/Time : 0.843206509590021
Written/Time : 5665.1271739616395
FinishedSize : 1.34217728E8
Add graph Data1.0 <> 0.843206509590021
-1.0
I/O Intensive
Task Time : 44734
CPU Time : 37720
========================================
Task Size >> {0=134217728, 1=134217728, 2=121782272, 3=121782272}
TaskStatusClass : >> 0.7398531
TaskStatusClass : >> 0.74414283
Task Size >> {0=134217728, 1=134217728, 2=121782272, 3=121782272}
Update attemptID:attempt_1454305919848_0026_m_000001_0
attempt_1454305919848_0026_m_000001_0:MAP:SORT:0.7398531
FILE_BYTES_READ : 29880320
HDFS_BYTES_READ : 134217935
FILE_BYTES_WRITTEN : 169580521
HBW_BYTES_WRITTEN : 0
CPU/Time : 0.7443070323552229
Written/Time : 3869.404485921599
FinishedSize : 9.93014E7
Add graph Data0.7398531 <> 0.7443070323552229
-1.0
I/O Intensive
Task Time : 43826
CPU Time : 32620
========================================
Task Size >> {0=134217728, 1=134217728, 2=121782272, 3=121782272}
Update attemptID:attempt_1454305919848_0026_m_000000_0
attempt_1454305919848_0026_m_000000_0:MAP:SORT:0.74414283
FILE_BYTES_READ : 30535680
HDFS_BYTES_READ : 134217935
FILE_BYTES_WRITTEN : 170234369
HBW_BYTES_WRITTEN : 0
CPU/Time : 0.7450523864959255
Written/Time : 3885.8309708050856
FinishedSize : 9.987716E7
Add graph Data0.74414283 <> 0.7450523864959255
-1.0
I/O Intensive
Task Time : 43809
CPU Time : 32640
========================================
TaskStatusClass : >> 1.0
Task Size >> {0=134217728, 1=134217728, 2=121782272, 3=121782272}
Update attemptID:attempt_1454305919848_0026_m_000003_0
attempt_1454305919848_0026_m_000003_0:MAP:SORT:1.0
FILE_BYTES_READ : 126653500
HDFS_BYTES_READ : 121782335
FILE_BYTES_WRITTEN : 253423799
HBW_BYTES_WRITTEN : 0
CPU/Time : 0.847310969116081
Written/Time : 5622.643747781328
FinishedSize : 1.34217728E8
Add graph Data1.0 <> 0.847310969116081
-1.0
I/O Intensive
Task Time : 45072
CPU Time : 38190
========================================
Task Size >> {0=134217728, 1=134217728, 2=121782272, 3=121782272}
Task ID >> task_1454305919848_0026_m_000000 , runningTaskAttemptID >> attempt_1454305919848_0026_m_000000_0
Now >> 1454327955985 taskAttemptStartTime >> 1454327911740 , estimatedRunTime >> 58871 , estimatedEndTime >> 1454327970611
Task ID >> task_1454305919848_0026_m_000001 , runningTaskAttemptID >> attempt_1454305919848_0026_m_000001_0
Now >> 1454327955985 taskAttemptStartTime >> 1454327911704 , estimatedRunTime >> 59236 , estimatedEndTime >> 1454327970940
Task ID >> task_1454305919848_0026_m_000000 , runningTaskAttemptID >> attempt_1454305919848_0026_m_000000_0
Now >> 1454327957001 taskAttemptStartTime >> 1454327911740 , estimatedRunTime >> 58871 , estimatedEndTime >> 1454327970611
Task ID >> task_1454305919848_0026_m_000001 , runningTaskAttemptID >> attempt_1454305919848_0026_m_000001_0
Now >> 1454327957001 taskAttemptStartTime >> 1454327911704 , estimatedRunTime >> 59236 , estimatedEndTime >> 1454327970940
Task ID >> task_1454305919848_0026_m_000000 , runningTaskAttemptID >> attempt_1454305919848_0026_m_000000_0
Now >> 1454327958007 taskAttemptStartTime >> 1454327911740 , estimatedRunTime >> 58871 , estimatedEndTime >> 1454327970611
Task ID >> task_1454305919848_0026_m_000001 , runningTaskAttemptID >> attempt_1454305919848_0026_m_000001_0
Now >> 1454327958007 taskAttemptStartTime >> 1454327911704 , estimatedRunTime >> 59236 , estimatedEndTime >> 1454327970940
attempt_1454305919848_0026_r_000000_0 : spilledRecord org.apache.hadoop.mapred.Counters$Counter@c553d160
TaskStatusClass : >> 0.8581122
TaskStatusClass : >> 0.85254896
Task Size >> {0=134217728, 1=134217728, 2=121782272, 3=121782272}
Update attemptID:attempt_1454305919848_0026_m_000000_0
attempt_1454305919848_0026_m_000000_0:MAP:SORT:0.8581122
FILE_BYTES_READ : 78823424
HDFS_BYTES_READ : 134217935
FILE_BYTES_WRITTEN : 218523558
HBW_BYTES_WRITTEN : 0
CPU/Time : 0.766771801210468
Written/Time : 4656.967820305174
FinishedSize : 1.15173872E8
Add graph Data0.8581122 <> 0.766771801210468
-1.0
I/O Intensive
Task Time : 46924
CPU Time : 35980
========================================
Task Size >> {0=134217728, 1=134217728, 2=121782272, 3=121782272}
Update attemptID:attempt_1454305919848_0026_m_000001_0
attempt_1454305919848_0026_m_000001_0:MAP:SORT:0.85254896
FILE_BYTES_READ : 76345344
HDFS_BYTES_READ : 134217935
FILE_BYTES_WRITTEN : 216043977
HBW_BYTES_WRITTEN : 0
CPU/Time : 0.7654646855975137
Written/Time : 4598.833006939419
FinishedSize : 1.14427184E8
Add graph Data0.85254896 <> 0.7654646855975137
-1.0
I/O Intensive
Task Time : 46978
CPU Time : 35960
========================================
Task ID >> task_1454305919848_0026_m_000000 , runningTaskAttemptID >> attempt_1454305919848_0026_m_000000_0
Now >> 1454327959010 taskAttemptStartTime >> 1454327911740 , estimatedRunTime >> 54682 , estimatedEndTime >> 1454327966422
Task ID >> task_1454305919848_0026_m_000001 , runningTaskAttemptID >> attempt_1454305919848_0026_m_000001_0
Now >> 1454327959010 taskAttemptStartTime >> 1454327911704 , estimatedRunTime >> 55102 , estimatedEndTime >> 1454327966806
Task ID >> task_1454305919848_0026_m_000000 , runningTaskAttemptID >> attempt_1454305919848_0026_m_000000_0
Now >> 1454327960018 taskAttemptStartTime >> 1454327911740 , estimatedRunTime >> 54682 , estimatedEndTime >> 1454327966422
Task ID >> task_1454305919848_0026_m_000001 , runningTaskAttemptID >> attempt_1454305919848_0026_m_000001_0
Now >> 1454327960018 taskAttemptStartTime >> 1454327911704 , estimatedRunTime >> 55102 , estimatedEndTime >> 1454327966806
Task ID >> task_1454305919848_0026_m_000000 , runningTaskAttemptID >> attempt_1454305919848_0026_m_000000_0
Now >> 1454327961026 taskAttemptStartTime >> 1454327911740 , estimatedRunTime >> 54682 , estimatedEndTime >> 1454327966422
Task ID >> task_1454305919848_0026_m_000001 , runningTaskAttemptID >> attempt_1454305919848_0026_m_000001_0
Now >> 1454327961026 taskAttemptStartTime >> 1454327911704 , estimatedRunTime >> 55102 , estimatedEndTime >> 1454327966806
TaskStatusClass : >> 0.97218454
TaskStatusClass : >> 0.9665072
Task Size >> {0=134217728, 1=134217728, 2=121782272, 3=121782272}
Update attemptID:attempt_1454305919848_0026_m_000000_0
attempt_1454305919848_0026_m_000000_0:MAP:SORT:0.97218454
FILE_BYTES_READ : 126865408
HDFS_BYTES_READ : 134217935
FILE_BYTES_WRITTEN : 266563121
HBW_BYTES_WRITTEN : 0
CPU/Time : 0.7849284159661348
Written/Time : 5322.639743615343
FinishedSize : 1.304844E8
Add graph Data0.97218454 <> 0.7849284159661348
-1.0
I/O Intensive
Task Time : 50081
CPU Time : 39310
========================================
Task Size >> {0=134217728, 1=134217728, 2=121782272, 3=121782272}
Update attemptID:attempt_1454305919848_0026_m_000001_0
attempt_1454305919848_0026_m_000001_0:MAP:SORT:0.9665072
FILE_BYTES_READ : 124121088
HDFS_BYTES_READ : 134217935
FILE_BYTES_WRITTEN : 263822201
HBW_BYTES_WRITTEN : 0
CPU/Time : 0.7849863385253585
Written/Time : 5261.606290261463
FinishedSize : 1.297224E8
Add graph Data0.9665072 <> 0.7849863385253585
-1.0
I/O Intensive
Task Time : 50141
CPU Time : 39360
========================================
Task ID >> task_1454305919848_0026_m_000000 , runningTaskAttemptID >> attempt_1454305919848_0026_m_000000_0
Now >> 1454327962031 taskAttemptStartTime >> 1454327911740 , estimatedRunTime >> 51513 , estimatedEndTime >> 1454327963253
Task ID >> task_1454305919848_0026_m_000001 , runningTaskAttemptID >> attempt_1454305919848_0026_m_000001_0
Now >> 1454327962031 taskAttemptStartTime >> 1454327911704 , estimatedRunTime >> 51878 , estimatedEndTime >> 1454327963582
TaskStatusClass : >> 1.0
Task Size >> {0=134217728, 1=134217728, 2=121782272, 3=121782272}
Update attemptID:attempt_1454305919848_0026_m_000000_0
attempt_1454305919848_0026_m_000000_0:MAP:SORT:1.0
FILE_BYTES_READ : 139586524
HDFS_BYTES_READ : 134217935
FILE_BYTES_WRITTEN : 279289847
HBW_BYTES_WRITTEN : 0
CPU/Time : 0.7913598812569576
Written/Time : 5454.560221080796
FinishedSize : 1.34217728E8
Add graph Data1.0 <> 0.7913598812569576
-1.0
I/O Intensive
Task Time : 51203
CPU Time : 40520
========================================
Task ID >> task_1454305919848_0026_m_000000 , runningTaskAttemptID >> attempt_1454305919848_0026_m_000000_0
Now >> 1454327963038 taskAttemptStartTime >> 1454327911740 , estimatedRunTime >> 51203 , estimatedEndTime >> 1454327962943
Task ID >> task_1454305919848_0026_m_000001 , runningTaskAttemptID >> attempt_1454305919848_0026_m_000001_0
Now >> 1454327963038 taskAttemptStartTime >> 1454327911704 , estimatedRunTime >> 51878 , estimatedEndTime >> 1454327963582
Task Size >> {0=134217728, 1=134217728, 2=121782272, 3=121782272}
TaskStatusClass : >> 1.0
Task Size >> {0=134217728, 1=134217728, 2=121782272, 3=121782272}
Update attemptID:attempt_1454305919848_0026_m_000001_0
attempt_1454305919848_0026_m_000001_0:MAP:SORT:1.0
FILE_BYTES_READ : 139586524
HDFS_BYTES_READ : 134217935
FILE_BYTES_WRITTEN : 279289847
HBW_BYTES_WRITTEN : 0
CPU/Time : 0.7927458115234185
Written/Time : 5434.606195637369
FinishedSize : 1.34217728E8
Add graph Data1.0 <> 0.7927458115234185
-1.0
I/O Intensive
Task Time : 51391
CPU Time : 40740
========================================
