Now Use estimatorClass : org.apache.hadoop.mapreduce.v2.app.speculate.LegacyTaskRuntimeEstimator_Fixed
serviceStart
Task Size >> {0=3974305}
Update attemptID:attempt_1453169138423_0005_m_000000_0
attempt_1453169138423_0005_m_000000_0:MAP:MAP:0.09234103
FILE_BYTES_READ : 0
HDFS_BYTES_READ : 524391
FILE_BYTES_WRITTEN : 116770
HBW_BYTES_WRITTEN : 0
CPU/Time : 0.22274795268425843
Written/Time : 4.250045495905368
FinishedSize : 366991.40989717096
TETS
Total Read / Write : 4.490802432131541
CPU intensive
Task Time : 27475
CPU Time : 6120
========================================
Task Size >> {0=3974305}
Update attemptID:attempt_1453169138423_0005_m_000000_0
attempt_1453169138423_0005_m_000000_0:MAP:MAP:0.18575011
FILE_BYTES_READ : 0
HDFS_BYTES_READ : 1081447
FILE_BYTES_WRITTEN : 116770
HBW_BYTES_WRITTEN : 0
CPU/Time : 0.3133150756390193
Written/Time : 3.807055294731351
FinishedSize : 738227.5986238569
TETS
Total Read / Write : 9.26134281065342
CPU intensive
Task Time : 30672
CPU Time : 9610
========================================
Task Size >> {0=3974305}
Update attemptID:attempt_1453169138423_0005_m_000000_0
attempt_1453169138423_0005_m_000000_0:MAP:MAP:0.2783137
FILE_BYTES_READ : 0
HDFS_BYTES_READ : 1638503
FILE_BYTES_WRITTEN : 116770
HBW_BYTES_WRITTEN : 0
CPU/Time : 0.3827412066979711
Written/Time : 3.4485100853489263
FinishedSize : 1106103.5151091218
TETS
Total Read / Write : 14.031883189175302
CPU intensive
Task Time : 33861
CPU Time : 12960
========================================
Task Size >> {0=3974305}
Update attemptID:attempt_1453169138423_0005_m_000000_0
attempt_1453169138423_0005_m_000000_0:MAP:MAP:0.3708623
FILE_BYTES_READ : 0
HDFS_BYTES_READ : 2187367
FILE_BYTES_WRITTEN : 116770
HBW_BYTES_WRITTEN : 0
CPU/Time : 0.43960492227979275
Written/Time : 3.151176597582038
FinishedSize : 1473919.913726151
TETS
Total Read / Write : 18.732268562130685
CPU intensive
Task Time : 37056
CPU Time : 16290
========================================
Task Size >> {0=3974305}
Update attemptID:attempt_1453169138423_0005_m_000000_0
attempt_1453169138423_0005_m_000000_0:MAP:MAP:0.46445382
FILE_BYTES_READ : 0
HDFS_BYTES_READ : 2744423
FILE_BYTES_WRITTEN : 116770
HBW_BYTES_WRITTEN : 0
CPU/Time : 0.4878351847709933
Written/Time : 2.9019110812892963
FinishedSize : 1845881.124842763
TETS
Total Read / Write : 23.502808940652564
CPU intensive
Task Time : 40239
CPU Time : 19630
========================================
Task Size >> {0=3974305}
Update attemptID:attempt_1453169138423_0005_m_000000_0
attempt_1453169138423_0005_m_000000_0:MAP:MAP:0.55697256
FILE_BYTES_READ : 0
HDFS_BYTES_READ : 3297383
FILE_BYTES_WRITTEN : 116770
HBW_BYTES_WRITTEN : 0
CPU/Time : 0.5283157918979295
Written/Time : 2.689251744547569
FinishedSize : 2213578.8430538774
TETS
Total Read / Write : 28.238271816391197
CPU intensive
Task Time : 43421
CPU Time : 22940
========================================
Task Size >> {0=3974305}
Update attemptID:attempt_1453169138423_0005_m_000000_0
attempt_1453169138423_0005_m_000000_0:MAP:MAP:0.650336
FILE_BYTES_READ : 0
HDFS_BYTES_READ : 3850343
FILE_BYTES_WRITTEN : 116770
HBW_BYTES_WRITTEN : 0
CPU/Time : 0.5642895442359249
Written/Time : 2.504450402144772
FinishedSize : 2584633.7243640423
TETS
Total Read / Write : 32.97373469212983
CPU intensive
Task Time : 46625
CPU Time : 26310
========================================
Task Size >> {0=3974305}
Update attemptID:attempt_1453169138423_0005_m_000000_0
attempt_1453169138423_0005_m_000000_0:MAP:SORT:0.650336
FILE_BYTES_READ : 0
HDFS_BYTES_READ : 3850343
FILE_BYTES_WRITTEN : 116770
HBW_BYTES_WRITTEN : 0
CPU/Time : 0.5576397278565525
Written/Time : 2.474936944956656
FinishedSize : 2584633.7243640423
TETS
Total Read / Write : 32.97373469212983
CPU intensive
Task Time : 47181
CPU Time : 26310
========================================
Task Size >> {0=3974305}
Update attemptID:attempt_1453169138423_0005_m_000000_0
attempt_1453169138423_0005_m_000000_0:MAP:SORT:0.667
FILE_BYTES_READ : 0
HDFS_BYTES_READ : 3974408
FILE_BYTES_WRITTEN : 116770
HBW_BYTES_WRITTEN : 0
CPU/Time : 0.5955056179775281
Written/Time : 2.3428972712680576
FinishedSize : 2650861.4179441333
TETS
Total Read / Write : 34.03620793011904
CPU intensive
Task Time : 49840
CPU Time : 29680
========================================
Task Size >> {0=3974305}
Update attemptID:attempt_1453169138423_0005_m_000000_0
attempt_1453169138423_0005_m_000000_0:MAP:SORT:0.667
FILE_BYTES_READ : 0
HDFS_BYTES_READ : 3974408
FILE_BYTES_WRITTEN : 116770
HBW_BYTES_WRITTEN : 0
CPU/Time : 0.6233159352565432
Written/Time : 2.200260029017731
FinishedSize : 2650861.4179441333
TETS
Total Read / Write : 34.03620793011904
CPU intensive
Task Time : 53071
CPU Time : 33080
========================================
Task Size >> {0=3974305}
Update attemptID:attempt_1453169138423_0005_m_000000_0
attempt_1453169138423_0005_m_000000_0:MAP:SORT:0.667
FILE_BYTES_READ : 0
HDFS_BYTES_READ : 3974408
FILE_BYTES_WRITTEN : 314604
HBW_BYTES_WRITTEN : 0
CPU/Time : 0.6475293281194454
Written/Time : 5.591965872733736
FinishedSize : 2650861.4179441333
TETS
Total Read / Write : 12.633049802291135
CPU intensive
Task Time : 56260
CPU Time : 36430
========================================
Task Size >> {0=3974305}
Update attemptID:attempt_1453169138423_0005_m_000000_0
attempt_1453169138423_0005_m_000000_0:MAP:SORT:0.667
FILE_BYTES_READ : 0
HDFS_BYTES_READ : 3974408
FILE_BYTES_WRITTEN : 1887213
HBW_BYTES_WRITTEN : 0
CPU/Time : 0.6688203523295139
Written/Time : 31.753621725304125
FinishedSize : 2650861.4179441333
TETS
Total Read / Write : 2.1059668410507983
CPU intensive
Task Time : 59433
CPU Time : 39750
========================================
Task Size >> {0=3974305}
Update attemptID:attempt_1453169138423_0005_m_000000_0
attempt_1453169138423_0005_m_000000_0:MAP:SORT:1.0
FILE_BYTES_READ : 0
HDFS_BYTES_READ : 3974408
FILE_BYTES_WRITTEN : 4219494
HBW_BYTES_WRITTEN : 0
CPU/Time : 0.6930939915233109
Written/Time : 65.74878459237098
FinishedSize : 3974305.0
TETS
Total Read / Write : 0.9419157842148845
I/O intensive
Task Time : 64176
CPU Time : 44480
========================================
