Now Use estimatorClass : org.apache.hadoop.mapreduce.v2.app.speculate.LegacyTaskRuntimeEstimator_Fixed
serviceStart
Task Size >> {0=18665722}
Update attemptID:attempt_1453208336177_0001_m_000000_0
attempt_1453208336177_0001_m_000000_0:MAP:MAP:0.01745651
FILE_BYTES_READ : 0
HDFS_BYTES_READ : 309298
FILE_BYTES_WRITTEN : 116229
HBW_BYTES_WRITTEN : 248057
CPU/Time : 0.2822421169956495
Written/Time : 13.097688131449322
FinishedSize : 325838.3473121077
TETS
Total Read / Write : 2.661108673394764
CPU intensive
Task Time : 27813
CPU Time : 7850
========================================
Task Size >> {0=18665722}
Update attemptID:attempt_1453208336177_0001_m_000000_0
attempt_1453208336177_0001_m_000000_0:MAP:MAP:0.036937542
FILE_BYTES_READ : 0
HDFS_BYTES_READ : 674861
FILE_BYTES_WRITTEN : 116229
HBW_BYTES_WRITTEN : 551756
CPU/Time : 0.36601096420509516
Written/Time : 21.54095453079652
FinishedSize : 689465.8951826841
TETS
Total Read / Write : 5.80630479484466
CPU intensive
Task Time : 31010
CPU Time : 11350
========================================
Task Size >> {0=18665722}
Update attemptID:attempt_1453208336177_0001_m_000000_0
attempt_1453208336177_0001_m_000000_0:MAP:MAP:0.056206953
FILE_BYTES_READ : 0
HDFS_BYTES_READ : 1034149
FILE_BYTES_WRITTEN : 116229
HBW_BYTES_WRITTEN : 847804
CPU/Time : 0.42908537833806193
Written/Time : 28.19716867998479
FinishedSize : 1049143.355067663
TETS
Total Read / Write : 8.897512668955253
CPU intensive
Task Time : 34189
CPU Time : 14670
========================================
Task Size >> {0=18665722}
Update attemptID:attempt_1453208336177_0001_m_000000_0
attempt_1453208336177_0001_m_000000_0:MAP:MAP:0.07539172
FILE_BYTES_READ : 0
HDFS_BYTES_READ : 1391718
FILE_BYTES_WRITTEN : 116229
HBW_BYTES_WRITTEN : 1143356
CPU/Time : 0.48193738292748195
Written/Time : 33.70578003746321
FinishedSize : 1407240.8353865892
TETS
Total Read / Write : 11.973930774591539
CPU intensive
Task Time : 37370
CPU Time : 18010
========================================
Task Size >> {0=18665722}
Update attemptID:attempt_1453208336177_0001_m_000000_0
attempt_1453208336177_0001_m_000000_0:MAP:MAP:0.095143996
FILE_BYTES_READ : 0
HDFS_BYTES_READ : 1760276
FILE_BYTES_WRITTEN : 116229
HBW_BYTES_WRITTEN : 1445393
CPU/Time : 0.5263677174288393
Written/Time : 38.518622662917466
FinishedSize : 1775931.3826482147
TETS
Total Read / Write : 15.144894991783461
CPU intensive
Task Time : 40542
CPU Time : 21340
========================================
Task Size >> {0=18665722}
Update attemptID:attempt_1453208336177_0001_m_000000_0
attempt_1453208336177_0001_m_000000_0:MAP:MAP:0.11445327
FILE_BYTES_READ : 0
HDFS_BYTES_READ : 2124019
FILE_BYTES_WRITTEN : 116229
HBW_BYTES_WRITTEN : 1741621
CPU/Time : 0.5648554701792902
Written/Time : 42.48650750091475
FinishedSize : 2136352.9390623868
TETS
Total Read / Write : 18.274432370578772
CPU intensive
Task Time : 43728
CPU Time : 24700
========================================
Task Size >> {0=18665722}
Update attemptID:attempt_1453208336177_0001_m_000000_0
attempt_1453208336177_0001_m_000000_0:MAP:MAP:0.13375477
FILE_BYTES_READ : 0
HDFS_BYTES_READ : 2480673
FILE_BYTES_WRITTEN : 116229
HBW_BYTES_WRITTEN : 2039488
CPU/Time : 0.5979790227679713
Written/Time : 45.95627611494841
FinishedSize : 2496629.444980353
TETS
Total Read / Write : 21.34297808636399
CPU intensive
Task Time : 46908
CPU Time : 28050
========================================
Task Size >> {0=18665722}
Update attemptID:attempt_1453208336177_0001_m_000000_0
attempt_1453208336177_0001_m_000000_0:MAP:MAP:0.15347995
FILE_BYTES_READ : 0
HDFS_BYTES_READ : 2848802
FILE_BYTES_WRITTEN : 116229
HBW_BYTES_WRITTEN : 2338432
CPU/Time : 0.6264723497704132
Written/Time : 49.005010980235575
FinishedSize : 2864814.0538860857
TETS
Total Read / Write : 24.5102513142159
CPU intensive
Task Time : 50090
CPU Time : 31380
========================================
Task Size >> {0=18665722}
Update attemptID:attempt_1453208336177_0001_m_000000_0
attempt_1453208336177_0001_m_000000_0:MAP:MAP:0.17315465
FILE_BYTES_READ : 0
HDFS_BYTES_READ : 3214688
FILE_BYTES_WRITTEN : 116229
HBW_BYTES_WRITTEN : 2641161
CPU/Time : 0.6519210565811197
Written/Time : 51.7295137325529
FinishedSize : 3232056.5994540453
TETS
Total Read / Write : 27.65822643230175
CPU intensive
Task Time : 53304
CPU Time : 34750
========================================
Task Size >> {0=18665722}
Update attemptID:attempt_1453208336177_0001_m_000000_0
attempt_1453208336177_0001_m_000000_0:MAP:MAP:0.19282645
FILE_BYTES_READ : 0
HDFS_BYTES_READ : 3580012
FILE_BYTES_WRITTEN : 116229
HBW_BYTES_WRITTEN : 2942983
CPU/Time : 0.6757712991791679
Written/Time : 54.11852533257854
FinishedSize : 3599244.907540202
TETS
Total Read / Write : 30.801366268315135
CPU intensive
Task Time : 56528
CPU Time : 38200
========================================
Task Size >> {0=18665722}
Update attemptID:attempt_1453208336177_0001_m_000000_0
attempt_1453208336177_0001_m_000000_0:MAP:MAP:0.21277873
FILE_BYTES_READ : 0
HDFS_BYTES_READ : 3954102
FILE_BYTES_WRITTEN : 116229
HBW_BYTES_WRITTEN : 3248719
CPU/Time : 0.6959259197240409
Written/Time : 56.34635543126978
FinishedSize : 3971668.6623954475
TETS
Total Read / Write : 34.0199261802132
CPU intensive
Task Time : 59719
CPU Time : 41560
========================================
Task Size >> {0=18665722}
Update attemptID:attempt_1453208336177_0001_m_000000_0
attempt_1453208336177_0001_m_000000_0:MAP:MAP:0.23270181
FILE_BYTES_READ : 0
HDFS_BYTES_READ : 4327259
FILE_BYTES_WRITTEN : 116229
HBW_BYTES_WRITTEN : 3556093
CPU/Time : 0.7115357193782974
Written/Time : 58.182771677994836
FinishedSize : 4343547.261023343
TETS
Total Read / Write : 37.230458835574595
CPU intensive
Task Time : 63117
CPU Time : 44910
========================================
Task Size >> {0=18665722}
Update attemptID:attempt_1453208336177_0001_m_000000_0
attempt_1453208336177_0001_m_000000_0:MAP:MAP:0.25423008
FILE_BYTES_READ : 0
HDFS_BYTES_READ : 4729583
FILE_BYTES_WRITTEN : 116229
HBW_BYTES_WRITTEN : 3885047
CPU/Time : 0.7307251447876448
Written/Time : 60.34743001930502
FinishedSize : 4745388.035303712
TETS
Total Read / Write : 40.69193574753289
CPU intensive
Task Time : 66304
CPU Time : 48450
========================================
Task Size >> {0=18665722}
Update attemptID:attempt_1453208336177_0001_m_000000_0
attempt_1453208336177_0001_m_000000_0:MAP:MAP:0.2741019
FILE_BYTES_READ : 0
HDFS_BYTES_READ : 5099885
FILE_BYTES_WRITTEN : 116229
HBW_BYTES_WRITTEN : 4190468
CPU/Time : 0.7454139989928782
Written/Time : 61.96240558233221
FinishedSize : 5116310.107265353
TETS
Total Read / Write : 43.877904825818
CPU intensive
Task Time : 69505
CPU Time : 51810
========================================
Task Size >> {0=18665722}
Update attemptID:attempt_1453208336177_0001_m_000000_0
attempt_1453208336177_0001_m_000000_0:MAP:MAP:0.2942467
FILE_BYTES_READ : 0
HDFS_BYTES_READ : 5476575
FILE_BYTES_WRITTEN : 116229
HBW_BYTES_WRITTEN : 4499021
CPU/Time : 0.7588094517646412
Written/Time : 63.478254889555195
FinishedSize : 5492327.164825261
TETS
Total Read / Write : 47.11883437007975
CPU intensive
Task Time : 72706
CPU Time : 55170
========================================
Task Size >> {0=18665722}
Update attemptID:attempt_1453208336177_0001_m_000000_0
attempt_1453208336177_0001_m_000000_0:MAP:MAP:0.31370276
FILE_BYTES_READ : 0
HDFS_BYTES_READ : 5839599
FILE_BYTES_WRITTEN : 116229
HBW_BYTES_WRITTEN : 4798910
CPU/Time : 0.7708119218910586
Written/Time : 64.7632092128495
FinishedSize : 5855488.548493266
TETS
Total Read / Write : 50.24218568515603
CPU intensive
Task Time : 75894
CPU Time : 58500
========================================
Task Size >> {0=18665722}
Update attemptID:attempt_1453208336177_0001_m_000000_0
attempt_1453208336177_0001_m_000000_0:MAP:MAP:0.33337402
FILE_BYTES_READ : 0
HDFS_BYTES_READ : 6207237
FILE_BYTES_WRITTEN : 116229
HBW_BYTES_WRITTEN : 5102199
CPU/Time : 0.7818883197369253
Written/Time : 66.00174539935496
FinishedSize : 6222666.843505859
TETS
Total Read / Write : 53.405234493973104
CPU intensive
Task Time : 79065
CPU Time : 61820
========================================
Task Size >> {0=18665722}
Update attemptID:attempt_1453208336177_0001_m_000000_0
attempt_1453208336177_0001_m_000000_0:MAP:MAP:0.35318834
FILE_BYTES_READ : 0
HDFS_BYTES_READ : 6573996
FILE_BYTES_WRITTEN : 116229
HBW_BYTES_WRITTEN : 5404072
CPU/Time : 0.7922670071128944
Written/Time : 67.12020183597787
FinishedSize : 6592515.2914687395
TETS
Total Read / Write : 56.5607206463103
CPU intensive
Task Time : 82245
CPU Time : 65160
========================================
Task Size >> {0=18665722}
Update attemptID:attempt_1453208336177_0001_m_000000_0
attempt_1453208336177_0001_m_000000_0:MAP:MAP:0.37276068
FILE_BYTES_READ : 0
HDFS_BYTES_READ : 6942009
FILE_BYTES_WRITTEN : 116229
HBW_BYTES_WRITTEN : 5705383
CPU/Time : 0.8015731810094578
Written/Time : 68.14322502106938
FinishedSize : 6957847.286972582
TETS
Total Read / Write : 59.7269958444106
CPU intensive
Task Time : 85432
CPU Time : 68480
========================================
Task Size >> {0=18665722}
Update attemptID:attempt_1453208336177_0001_m_000000_0
attempt_1453208336177_0001_m_000000_0:MAP:MAP:0.3927571
FILE_BYTES_READ : 0
HDFS_BYTES_READ : 7314996
FILE_BYTES_WRITTEN : 116229
HBW_BYTES_WRITTEN : 6008663
CPU/Time : 0.8102160124596528
Written/Time : 69.12502539331422
FinishedSize : 7331094.617128432
TETS
Total Read / Write : 62.936065869963606
CPU intensive
Task Time : 88606
CPU Time : 71790
========================================
Task Size >> {0=18665722}
Update attemptID:attempt_1453208336177_0001_m_000000_0
attempt_1453208336177_0001_m_000000_0:MAP:MAP:0.41257823
FILE_BYTES_READ : 0
HDFS_BYTES_READ : 7683580
FILE_BYTES_WRITTEN : 116229
HBW_BYTES_WRITTEN : 6310660
CPU/Time : 0.818236287379487
Written/Time : 70.0134974671823
FinishedSize : 7701070.453638315
TETS
Total Read / Write : 66.10725378347917
CPU intensive
Task Time : 91795
CPU Time : 75110
========================================
Task Size >> {0=18665722}
Update attemptID:attempt_1453208336177_0001_m_000000_0
attempt_1453208336177_0001_m_000000_0:MAP:MAP:0.4322116
FILE_BYTES_READ : 0
HDFS_BYTES_READ : 8051701
FILE_BYTES_WRITTEN : 116229
HBW_BYTES_WRITTEN : 6614341
CPU/Time : 0.826023314834511
Written/Time : 70.87720221985867
FinishedSize : 8067541.714400947
TETS
Total Read / Write : 69.27445818169303
CPU intensive
Task Time : 94961
CPU Time : 78440
========================================
Task Size >> {0=18665722}
Update attemptID:attempt_1453208336177_0001_m_000000_0
attempt_1453208336177_0001_m_000000_0:MAP:MAP:0.4517933
FILE_BYTES_READ : 0
HDFS_BYTES_READ : 8417193
FILE_BYTES_WRITTEN : 116229
HBW_BYTES_WRITTEN : 6912559
CPU/Time : 0.8333333333333334
Written/Time : 71.62293144208037
FinishedSize : 8433048.382410288
TETS
Total Read / Write : 72.41904344010531
CPU intensive
Task Time : 98136
CPU Time : 81780
========================================
Task Size >> {0=18665722}
Update attemptID:attempt_1453208336177_0001_m_000000_0
attempt_1453208336177_0001_m_000000_0:MAP:MAP:0.47194332
FILE_BYTES_READ : 0
HDFS_BYTES_READ : 8792909
FILE_BYTES_WRITTEN : 116229
HBW_BYTES_WRITTEN : 7222621
CPU/Time : 0.840201758975017
Written/Time : 72.44025703540653
FinishedSize : 8809162.789296508
TETS
Total Read / Write : 75.65159297593544
CPU intensive
Task Time : 101309
CPU Time : 85120
========================================
Task Size >> {0=18665722}
Update attemptID:attempt_1453208336177_0001_m_000000_0
attempt_1453208336177_0001_m_000000_0:MAP:MAP:0.49188516
FILE_BYTES_READ : 0
HDFS_BYTES_READ : 9166000
FILE_BYTES_WRITTEN : 116229
HBW_BYTES_WRITTEN : 7529641
CPU/Time : 0.8465800882372645
Written/Time : 73.17252203539061
FinishedSize : 9181391.567358196
TETS
Total Read / Write : 78.861557786783
CPU intensive
Task Time : 104491
CPU Time : 88460
========================================
Task Size >> {0=18665722}
Update attemptID:attempt_1453208336177_0001_m_000000_0
attempt_1453208336177_0001_m_000000_0:MAP:MAP:0.51179194
FILE_BYTES_READ : 0
HDFS_BYTES_READ : 9536288
FILE_BYTES_WRITTEN : 116229
HBW_BYTES_WRITTEN : 7831488
CPU/Time : 0.8527628439046584
Written/Time : 73.79701384439679
FinishedSize : 9552966.157947063
TETS
Total Read / Write : 82.04740641320153
CPU intensive
Task Time : 107697
CPU Time : 91840
========================================
Task Size >> {0=18665722}
Update attemptID:attempt_1453208336177_0001_m_000000_0
attempt_1453208336177_0001_m_000000_0:MAP:MAP:0.5319569
FILE_BYTES_READ : 0
HDFS_BYTES_READ : 9911841
FILE_BYTES_WRITTEN : 116229
HBW_BYTES_WRITTEN : 8141506
CPU/Time : 0.8585776623751308
Written/Time : 74.45034981427386
FinishedSize : 9929359.818329334
TETS
Total Read / Write : 85.27855354515654
CPU intensive
Task Time : 110916
CPU Time : 95230
========================================
Task Size >> {0=18665722}
Update attemptID:attempt_1453208336177_0001_m_000000_0
attempt_1453208336177_0001_m_000000_0:MAP:MAP:0.55218494
FILE_BYTES_READ : 0
HDFS_BYTES_READ : 10290071
FILE_BYTES_WRITTEN : 116229
HBW_BYTES_WRITTEN : 8451441
CPU/Time : 0.8640016827786883
Written/Time : 75.09110668992173
FinishedSize : 1.030693057113719E7
TETS
Total Read / Write : 88.53273279474142
CPU intensive
Task Time : 114097
CPU Time : 98580
========================================
Task Size >> {0=18665722}
Update attemptID:attempt_1453208336177_0001_m_000000_0
attempt_1453208336177_0001_m_000000_0:MAP:MAP:0.5719353
FILE_BYTES_READ : 0
HDFS_BYTES_READ : 10658231
FILE_BYTES_WRITTEN : 116229
HBW_BYTES_WRITTEN : 8754731
CPU/Time : 0.8690017393676887
Written/Time : 75.63657446881075
FinishedSize : 1.0675585238218546E7
TETS
Total Read / Write : 91.70027273744074
CPU intensive
Task Time : 117284
CPU Time : 101920
========================================
Task Size >> {0=18665722}
Update attemptID:attempt_1453208336177_0001_m_000000_0
attempt_1453208336177_0001_m_000000_0:MAP:MAP:0.59138554
FILE_BYTES_READ : 0
HDFS_BYTES_READ : 11024214
FILE_BYTES_WRITTEN : 116229
HBW_BYTES_WRITTEN : 9056790
CPU/Time : 0.8736977545345121
Written/Time : 76.14675631926286
FinishedSize : 1.1038638146922946E7
TETS
Total Read / Write : 94.84908241488785
CPU intensive
Task Time : 120465
CPU Time : 105250
========================================
Task Size >> {0=18665722}
Update attemptID:attempt_1453208336177_0001_m_000000_0
attempt_1453208336177_0001_m_000000_0:MAP:MAP:0.6112071
FILE_BYTES_READ : 0
HDFS_BYTES_READ : 11395304
FILE_BYTES_WRITTEN : 116229
HBW_BYTES_WRITTEN : 9358824
CPU/Time : 0.8780570652173914
Written/Time : 76.62924592391305
FinishedSize : 1.1408622327660799E7
TETS
Total Read / Write : 98.04183121252011
CPU intensive
Task Time : 123648
CPU Time : 108570
========================================
Task Size >> {0=18665722}
Update attemptID:attempt_1453208336177_0001_m_000000_0
attempt_1453208336177_0001_m_000000_0:MAP:MAP:0.63122344
FILE_BYTES_READ : 0
HDFS_BYTES_READ : 11769211
FILE_BYTES_WRITTEN : 116229
HBW_BYTES_WRITTEN : 9663706
CPU/Time : 0.8823413464949974
Written/Time : 77.10875718464438
FinishedSize : 1.178224125410223E7
TETS
Total Read / Write : 101.25881664644795
CPU intensive
Task Time : 126833
CPU Time : 111910
========================================
Task Size >> {0=18665722}
Update attemptID:attempt_1453208336177_0001_m_000000_0
attempt_1453208336177_0001_m_000000_0:MAP:MAP:0.6508958
FILE_BYTES_READ : 0
HDFS_BYTES_READ : 12133293
FILE_BYTES_WRITTEN : 116229
HBW_BYTES_WRITTEN : 9966792
CPU/Time : 0.8864020919858483
Written/Time : 77.54976926626672
FinishedSize : 1.214943957526195E7
TETS
Total Read / Write : 104.3912706811553
CPU intensive
Task Time : 130020
CPU Time : 115250
========================================
Task Size >> {0=18665722}
Update attemptID:attempt_1453208336177_0001_m_000000_0
attempt_1453208336177_0001_m_000000_0:MAP:MAP:0.66978055
FILE_BYTES_READ : 0
HDFS_BYTES_READ : 12484535
FILE_BYTES_WRITTEN : 116229
HBW_BYTES_WRITTEN : 10257922
CPU/Time : 0.890316865724302
Written/Time : 77.8775851844067
FinishedSize : 1.2501937591866612E7
TETS
Total Read / Write : 107.41325314680502
CPU intensive
Task Time : 133211
CPU Time : 118600
========================================
Task Size >> {0=18665722}
Update attemptID:attempt_1453208336177_0001_m_000000_0
attempt_1453208336177_0001_m_000000_0:MAP:MAP:0.68895805
FILE_BYTES_READ : 0
HDFS_BYTES_READ : 12843776
FILE_BYTES_WRITTEN : 116229
HBW_BYTES_WRITTEN : 10554570
CPU/Time : 0.8939608337671288
Written/Time : 78.23567925040142
FinishedSize : 1.2859899408945799E7
TETS
Total Read / Write : 110.50405664679211
CPU intensive
Task Time : 136393
CPU Time : 121930
========================================
Task Size >> {0=18665722}
Update attemptID:attempt_1453208336177_0001_m_000000_0
attempt_1453208336177_0001_m_000000_0:MAP:MAP:0.70877504
FILE_BYTES_READ : 0
HDFS_BYTES_READ : 13213932
FILE_BYTES_WRITTEN : 116229
HBW_BYTES_WRITTEN : 10859067
CPU/Time : 0.8975231599234809
Written/Time : 78.63480759172619
FinishedSize : 1.3229797922276497E7
TETS
Total Read / Write : 113.68876958418295
CPU intensive
Task Time : 139573
CPU Time : 125270
========================================
Task Size >> {0=18665722}
Update attemptID:attempt_1453208336177_0001_m_000000_0
attempt_1453208336177_0001_m_000000_0:MAP:MAP:0.7285294
FILE_BYTES_READ : 0
HDFS_BYTES_READ : 13582661
FILE_BYTES_WRITTEN : 116229
HBW_BYTES_WRITTEN : 11159380
CPU/Time : 0.9008062426012706
Written/Time : 78.98241816742667
FinishedSize : 1.3598527131127715E7
TETS
Total Read / Write : 116.86120503488802
CPU intensive
Task Time : 142761
CPU Time : 128600
========================================
Task Size >> {0=18665722}
Update attemptID:attempt_1453208336177_0001_m_000000_0
attempt_1453208336177_0001_m_000000_0:MAP:MAP:0.7482302
FILE_BYTES_READ : 0
HDFS_BYTES_READ : 13949188
FILE_BYTES_WRITTEN : 116229
HBW_BYTES_WRITTEN : 11457395
CPU/Time : 0.9038216473232026
Written/Time : 79.29420792282711
FinishedSize : 1.3966257257750034E7
TETS
Total Read / Write : 120.01469512772199
CPU intensive
Task Time : 145958
CPU Time : 131920
========================================
Task Size >> {0=18665722}
Update attemptID:attempt_1453208336177_0001_m_000000_0
attempt_1453208336177_0001_m_000000_0:MAP:MAP:0.7679664
FILE_BYTES_READ : 0
HDFS_BYTES_READ : 14316849
FILE_BYTES_WRITTEN : 116229
HBW_BYTES_WRITTEN : 11760226
CPU/Time : 0.9070185319280178
Written/Time : 79.62865744093115
FinishedSize : 1.433464713466382E7
TETS
Total Read / Write : 123.17794182174845
CPU intensive
Task Time : 149148
CPU Time : 135280
========================================
Task Size >> {0=18665722}
Update attemptID:attempt_1453208336177_0001_m_000000_0
attempt_1453208336177_0001_m_000000_0:MAP:MAP:0.7877081
FILE_BYTES_READ : 0
HDFS_BYTES_READ : 14685054
FILE_BYTES_WRITTEN : 116229
HBW_BYTES_WRITTEN : 12062472
CPU/Time : 0.9098727661865308
Written/Time : 79.95575703462492
FinishedSize : 1.470314048000443E7
TETS
Total Read / Write : 126.34586893116176
CPU intensive
Task Time : 152318
CPU Time : 138590
========================================
Task Size >> {0=18665722}
Update attemptID:attempt_1453208336177_0001_m_000000_0
attempt_1453208336177_0001_m_000000_0:MAP:MAP:0.80815494
FILE_BYTES_READ : 0
HDFS_BYTES_READ : 15068485
FILE_BYTES_WRITTEN : 116229
HBW_BYTES_WRITTEN : 12371923
CPU/Time : 0.9126805489459672
Written/Time : 80.31069209893374
FinishedSize : 1.5084795454262495E7
TETS
Total Read / Write : 129.64479604917878
CPU intensive
Task Time : 155498
CPU Time : 141920
========================================
Task Size >> {0=18665722}
Update attemptID:attempt_1453208336177_0001_m_000000_0
attempt_1453208336177_0001_m_000000_0:MAP:MAP:0.828649
FILE_BYTES_READ : 0
HDFS_BYTES_READ : 15452300
FILE_BYTES_WRITTEN : 116229
HBW_BYTES_WRITTEN : 12681815
CPU/Time : 0.9154104063728951
Written/Time : 80.65723000907532
FinishedSize : 1.5467331578994155E7
TETS
Total Read / Write : 132.9470269898218
CPU intensive
Task Time : 158672
CPU Time : 145250
========================================
Task Size >> {0=18665722}
Update attemptID:attempt_1453208336177_0001_m_000000_0
attempt_1453208336177_0001_m_000000_0:MAP:MAP:0.84894097
FILE_BYTES_READ : 0
HDFS_BYTES_READ : 15829113
FILE_BYTES_WRITTEN : 116229
HBW_BYTES_WRITTEN : 12989551
CPU/Time : 0.9181832783522987
Written/Time : 80.96284764693527
FinishedSize : 1.5846096112683535E7
TETS
Total Read / Write : 136.18901478976846
CPU intensive
Task Time : 161874
CPU Time : 148630
========================================
Task Size >> {0=18665722}
Update attemptID:attempt_1453208336177_0001_m_000000_0
attempt_1453208336177_0001_m_000000_0:MAP:MAP:0.86950177
FILE_BYTES_READ : 0
HDFS_BYTES_READ : 16205242
FILE_BYTES_WRITTEN : 116229
HBW_BYTES_WRITTEN : 13300804
CPU/Time : 0.920713943952856
Written/Time : 81.26068523599275
FinishedSize : 1.6229878308791995E7
TETS
Total Read / Write : 139.42511765566252
CPU intensive
Task Time : 165111
CPU Time : 152020
========================================
Task Size >> {0=18665722}
Update attemptID:attempt_1453208336177_0001_m_000000_0
attempt_1453208336177_0001_m_000000_0:MAP:MAP:0.8894688
FILE_BYTES_READ : 0
HDFS_BYTES_READ : 16585920
FILE_BYTES_WRITTEN : 116229
HBW_BYTES_WRITTEN : 13613868
CPU/Time : 0.9231244578069853
Written/Time : 81.58205682776979
FinishedSize : 1.6602577145029306E7
TETS
Total Read / Write : 142.7003587744883
CPU intensive
Task Time : 168298
CPU Time : 155360
========================================
Task Size >> {0=18665722}
Update attemptID:attempt_1453208336177_0001_m_000000_0
attempt_1453208336177_0001_m_000000_0:MAP:MAP:0.90926516
FILE_BYTES_READ : 0
HDFS_BYTES_READ : 16956878
FILE_BYTES_WRITTEN : 116229
HBW_BYTES_WRITTEN : 13919496
CPU/Time : 0.9254237881146896
Written/Time : 81.84621171037209
FinishedSize : 1.697209071130967E7
TETS
Total Read / Write : 145.89197188309285
CPU intensive
Task Time : 171489
CPU Time : 158700
========================================
Task Size >> {0=18665722}
Update attemptID:attempt_1453208336177_0001_m_000000_0
attempt_1453208336177_0001_m_000000_0:MAP:MAP:0.9291583
FILE_BYTES_READ : 0
HDFS_BYTES_READ : 17327993
FILE_BYTES_WRITTEN : 116229
HBW_BYTES_WRITTEN : 14220680
CPU/Time : 0.9276668346081619
Written/Time : 82.08279324875188
FinishedSize : 1.7343409968522668E7
TETS
Total Read / Write : 149.084935773344
CPU intensive
Task Time : 174664
CPU Time : 162030
========================================
Task Size >> {0=18665722}
Update attemptID:attempt_1453208336177_0001_m_000000_0
attempt_1453208336177_0001_m_000000_0:MAP:MAP:0.9486207
FILE_BYTES_READ : 0
HDFS_BYTES_READ : 17691878
FILE_BYTES_WRITTEN : 116229
HBW_BYTES_WRITTEN : 14524494
CPU/Time : 0.9298389636093743
Written/Time : 82.32154986280419
FinishedSize : 1.7706689840227842E7
TETS
Total Read / Write : 152.21569487821455
CPU intensive
Task Time : 177848
CPU Time : 165370
========================================
Task Size >> {0=18665722}
Update attemptID:attempt_1453208336177_0001_m_000000_0
attempt_1453208336177_0001_m_000000_0:MAP:MAP:0.9674594
FILE_BYTES_READ : 0
HDFS_BYTES_READ : 18040058
FILE_BYTES_WRITTEN : 116229
HBW_BYTES_WRITTEN : 14816295
CPU/Time : 0.9318742991609265
Written/Time : 82.48509387791177
FinishedSize : 1.8058327845069766E7
TETS
Total Read / Write : 155.21133279990363
CPU intensive
Task Time : 181033
CPU Time : 168700
========================================
Task Size >> {0=18665722}
Update attemptID:attempt_1453208336177_0001_m_000000_0
attempt_1453208336177_0001_m_000000_0:MAP:MAP:0.98674184
FILE_BYTES_READ : 0
HDFS_BYTES_READ : 18399647
FILE_BYTES_WRITTEN : 116229
HBW_BYTES_WRITTEN : 15115307
CPU/Time : 0.9338464377598541
Written/Time : 82.67315103290309
FinishedSize : 1.8418248886876225E7
TETS
Total Read / Write : 158.30513038914557
CPU intensive
Task Time : 184238
CPU Time : 172050
========================================
Task Size >> {0=18665722}
Update attemptID:attempt_1453208336177_0001_m_000000_0
attempt_1453208336177_0001_m_000000_0:MAP:SORT:0.98674184
FILE_BYTES_READ : 0
HDFS_BYTES_READ : 18399647
FILE_BYTES_WRITTEN : 116229
HBW_BYTES_WRITTEN : 15115307
CPU/Time : 0.922891243127263
Written/Time : 81.70329086764114
FinishedSize : 1.8418248886876225E7
TETS
Total Read / Write : 158.30513038914557
CPU intensive
Task Time : 186425
CPU Time : 172050
========================================
