Now Use estimatorClass : org.apache.hadoop.mapreduce.v2.app.speculate.LegacyTaskRuntimeEstimator_Fixed
serviceStart
Task Size >> {0=28689283}
Update attemptID:attempt_1453169138423_0018_m_000000_0
attempt_1453169138423_0018_m_000000_0:MAP:MAP:0.06122686
FILE_BYTES_READ : 0
HDFS_BYTES_READ : 2560397
FILE_BYTES_WRITTEN : 116933
HBW_BYTES_WRITTEN : 0
CPU/Time : 0.20618323374977368
Written/Time : 2.6465009958355967
FinishedSize : 1756554.7048120946
TETS
Total Read / Write : 21.896273934646334
CPU intensive
Task Time : 44184
CPU Time : 9110
========================================
Task Size >> {0=28689283}
Update attemptID:attempt_1453169138423_0018_m_000000_0
attempt_1453169138423_0018_m_000000_0:MAP:MAP:0.09750139
FILE_BYTES_READ : 0
HDFS_BYTES_READ : 4128094
FILE_BYTES_WRITTEN : 116933
HBW_BYTES_WRITTEN : 0
CPU/Time : 0.2663852242744063
Written/Time : 2.4682427440633243
FinishedSize : 2797244.961488582
TETS
Total Read / Write : 35.30307098936998
CPU intensive
Task Time : 47375
CPU Time : 12620
========================================
Task Size >> {0=28689283}
Update attemptID:attempt_1453169138423_0018_m_000000_0
attempt_1453169138423_0018_m_000000_0:MAP:MAP:0.13096194
FILE_BYTES_READ : 0
HDFS_BYTES_READ : 5570365
FILE_BYTES_WRITTEN : 116933
HBW_BYTES_WRITTEN : 0
CPU/Time : 0.31528145891846987
Written/Time : 2.3128486095177814
FinishedSize : 3757204.1500669867
TETS
Total Read / Write : 47.637236708200426
CPU intensive
Task Time : 50558
CPU Time : 15940
========================================
Task Size >> {0=28689283}
Update attemptID:attempt_1453169138423_0018_m_000000_0
attempt_1453169138423_0018_m_000000_0:MAP:MAP:0.16450204
FILE_BYTES_READ : 0
HDFS_BYTES_READ : 7012506
FILE_BYTES_WRITTEN : 116933
HBW_BYTES_WRITTEN : 0
CPU/Time : 0.3584055975287506
Written/Time : 2.17598347538055
FinishedSize : 4719445.566776916
TETS
Total Read / Write : 59.97029067927788
CPU intensive
Task Time : 53738
CPU Time : 19260
========================================
Task Size >> {0=28689283}
Update attemptID:attempt_1453169138423_0018_m_000000_0
attempt_1453169138423_0018_m_000000_0:MAP:MAP:0.19798805
FILE_BYTES_READ : 0
HDFS_BYTES_READ : 8453139
FILE_BYTES_WRITTEN : 116933
HBW_BYTES_WRITTEN : 0
CPU/Time : 0.39687280393534785
Written/Time : 2.0543394237526353
FinishedSize : 5680135.145308062
TETS
Total Read / Write : 72.29044837642068
CPU intensive
Task Time : 56920
CPU Time : 22590
========================================
Task Size >> {0=28689283}
Update attemptID:attempt_1453169138423_0018_m_000000_0
attempt_1453169138423_0018_m_000000_0:MAP:MAP:0.23270288
FILE_BYTES_READ : 0
HDFS_BYTES_READ : 9945884
FILE_BYTES_WRITTEN : 116933
HBW_BYTES_WRITTEN : 0
CPU/Time : 0.431266846361186
Written/Time : 1.9455758543808859
FinishedSize : 6676078.810729951
TETS
Total Read / Write : 85.05626298820692
CPU intensive
Task Time : 60102
CPU Time : 25920
========================================
Task Size >> {0=28689283}
Update attemptID:attempt_1453169138423_0018_m_000000_0
attempt_1453169138423_0018_m_000000_0:MAP:MAP:0.2677868
FILE_BYTES_READ : 0
HDFS_BYTES_READ : 11450862
FILE_BYTES_WRITTEN : 116933
HBW_BYTES_WRITTEN : 0
CPU/Time : 0.4624039950693764
Written/Time : 1.8479250292360694
FinishedSize : 7682611.313576162
TETS
Total Read / Write : 97.92669306354921
CPU intensive
Task Time : 63278
CPU Time : 29260
========================================
Task Size >> {0=28689283}
Update attemptID:attempt_1453169138423_0018_m_000000_0
attempt_1453169138423_0018_m_000000_0:MAP:MAP:0.3031531
FILE_BYTES_READ : 0
HDFS_BYTES_READ : 12976282
FILE_BYTES_WRITTEN : 116933
HBW_BYTES_WRITTEN : 0
CPU/Time : 0.49012821284536207
Written/Time : 1.75966110877024
FinishedSize : 8697245.010220706
TETS
Total Read / Write : 110.97194119709577
CPU intensive
Task Time : 66452
CPU Time : 32570
========================================
Task Size >> {0=28689283}
Update attemptID:attempt_1453169138423_0018_m_000000_0
attempt_1453169138423_0018_m_000000_0:MAP:MAP:0.33849838
FILE_BYTES_READ : 0
HDFS_BYTES_READ : 14498120
FILE_BYTES_WRITTEN : 116933
HBW_BYTES_WRITTEN : 0
CPU/Time : 0.5148864664569779
Written/Time : 1.6794203398107057
FinishedSize : 9711275.92674622
TETS
Total Read / Write : 123.98655640409466
CPU intensive
Task Time : 69627
CPU Time : 35850
========================================
Task Size >> {0=28689283}
Update attemptID:attempt_1453169138423_0018_m_000000_0
attempt_1453169138423_0018_m_000000_0:MAP:MAP:0.37357375
FILE_BYTES_READ : 0
HDFS_BYTES_READ : 16011098
FILE_BYTES_WRITTEN : 116933
HBW_BYTES_WRITTEN : 0
CPU/Time : 0.537889922118594
Written/Time : 1.6061563397112757
FinishedSize : 1.0717563042508513E7
TETS
Total Read / Write : 136.92540172577458
CPU intensive
Task Time : 72803
CPU Time : 39160
========================================
Task Size >> {0=28689283}
Update attemptID:attempt_1453169138423_0018_m_000000_0
attempt_1453169138423_0018_m_000000_0:MAP:MAP:0.40822423
FILE_BYTES_READ : 0
HDFS_BYTES_READ : 17495100
FILE_BYTES_WRITTEN : 116933
HBW_BYTES_WRITTEN : 0
CPU/Time : 0.5587944989142594
Written/Time : 1.5388958347042179
FinishedSize : 1.171166031975019E7
TETS
Total Read / Write : 149.61644702521957
CPU intensive
Task Time : 75985
CPU Time : 42460
========================================
Task Size >> {0=28689283}
Update attemptID:attempt_1453169138423_0018_m_000000_0
attempt_1453169138423_0018_m_000000_0:MAP:MAP:0.44414777
FILE_BYTES_READ : 0
HDFS_BYTES_READ : 19039330
FILE_BYTES_WRITTEN : 116933
HBW_BYTES_WRITTEN : 0
CPU/Time : 0.5784925588094095
Written/Time : 1.4772847866184906
FinishedSize : 1.274228094216162E7
TETS
Total Read / Write : 162.82255650671752
CPU intensive
Task Time : 79154
CPU Time : 45790
========================================
Task Size >> {0=28689283}
Update attemptID:attempt_1453169138423_0018_m_000000_0
attempt_1453169138423_0018_m_000000_0:MAP:MAP:0.47936404
FILE_BYTES_READ : 0
HDFS_BYTES_READ : 20556243
FILE_BYTES_WRITTEN : 116933
HBW_BYTES_WRITTEN : 0
CPU/Time : 0.5961230141378808
Written/Time : 1.4202618665889326
FinishedSize : 1.37526105322541E7
TETS
Total Read / Write : 175.7950535776898
CPU intensive
Task Time : 82332
CPU Time : 49080
========================================
Task Size >> {0=28689283}
Update attemptID:attempt_1453169138423_0018_m_000000_0
attempt_1453169138423_0018_m_000000_0:MAP:MAP:0.5162487
FILE_BYTES_READ : 0
HDFS_BYTES_READ : 22136845
FILE_BYTES_WRITTEN : 116933
HBW_BYTES_WRITTEN : 0
CPU/Time : 0.6130084532731588
Written/Time : 1.367173707163652
FinishedSize : 1.4810805138834E7
TETS
Total Read / Write : 189.31221297666184
CPU intensive
Task Time : 85529
CPU Time : 52430
========================================
Task Size >> {0=28689283}
Update attemptID:attempt_1453169138423_0018_m_000000_0
attempt_1453169138423_0018_m_000000_0:MAP:MAP:0.5529108
FILE_BYTES_READ : 0
HDFS_BYTES_READ : 23710123
FILE_BYTES_WRITTEN : 116933
HBW_BYTES_WRITTEN : 0
CPU/Time : 0.6285649870364107
Written/Time : 1.3181490249126366
FinishedSize : 1.5862614551188469E7
TETS
Total Read / Write : 202.7667382176118
CPU intensive
Task Time : 88710
CPU Time : 55760
========================================
Task Size >> {0=28689283}
Update attemptID:attempt_1453169138423_0018_m_000000_0
attempt_1453169138423_0018_m_000000_0:MAP:MAP:0.59003985
FILE_BYTES_READ : 0
HDFS_BYTES_READ : 25308988
FILE_BYTES_WRITTEN : 116933
HBW_BYTES_WRITTEN : 0
CPU/Time : 0.6428478147309769
Written/Time : 1.272560073132509
FinishedSize : 1.692782021730888E7
TETS
Total Read / Write : 216.4400810720669
CPU intensive
Task Time : 91888
CPU Time : 59070
========================================
Task Size >> {0=28689283}
Update attemptID:attempt_1453169138423_0018_m_000000_0
attempt_1453169138423_0018_m_000000_0:MAP:MAP:0.6271012
FILE_BYTES_READ : 0
HDFS_BYTES_READ : 26907902
FILE_BYTES_WRITTEN : 116933
HBW_BYTES_WRITTEN : 0
CPU/Time : 0.6562878030821018
Written/Time : 1.2300320833114184
FinishedSize : 1.799108330693221E7
TETS
Total Read / Write : 230.11384296990585
CPU intensive
Task Time : 95065
CPU Time : 62390
========================================
Task Size >> {0=28689283}
Update attemptID:attempt_1453169138423_0018_m_000000_0
attempt_1453169138423_0018_m_000000_0:MAP:MAP:0.66353244
FILE_BYTES_READ : 0
HDFS_BYTES_READ : 28478959
FILE_BYTES_WRITTEN : 116933
HBW_BYTES_WRITTEN : 0
CPU/Time : 0.6688180143129091
Written/Time : 1.190363727057099
FinishedSize : 1.903626983304268E7
TETS
Total Read / Write : 243.5493744280913
CPU intensive
Task Time : 98233
CPU Time : 65700
========================================
Task Size >> {0=28689283}
Update attemptID:attempt_1453169138423_0018_m_000000_0
attempt_1453169138423_0018_m_000000_0:MAP:SORT:0.66353244
FILE_BYTES_READ : 0
HDFS_BYTES_READ : 28478959
FILE_BYTES_WRITTEN : 116933
HBW_BYTES_WRITTEN : 0
CPU/Time : 0.666808756812715
Written/Time : 1.1867876462767306
FinishedSize : 1.903626983304268E7
TETS
Total Read / Write : 243.5493744280913
CPU intensive
Task Time : 98529
CPU Time : 65700
========================================
Task Size >> {0=28689283}
Update attemptID:attempt_1453169138423_0018_m_000000_0
attempt_1453169138423_0018_m_000000_0:MAP:SORT:0.667
FILE_BYTES_READ : 0
HDFS_BYTES_READ : 28689437
FILE_BYTES_WRITTEN : 116933
HBW_BYTES_WRITTEN : 0
CPU/Time : 0.6805002169710836
Written/Time : 1.1532308966823148
FinishedSize : 1.9135751637878954E7
TETS
Total Read / Write : 245.3493624554232
CPU intensive
Task Time : 101396
CPU Time : 69000
========================================
Task Size >> {0=28689283}
Update attemptID:attempt_1453169138423_0018_m_000000_0
attempt_1453169138423_0018_m_000000_0:MAP:SORT:0.667
FILE_BYTES_READ : 0
HDFS_BYTES_READ : 28689437
FILE_BYTES_WRITTEN : 20664727
HBW_BYTES_WRITTEN : 0
CPU/Time : 0.6915971850378643
Written/Time : 197.58975560315153
FinishedSize : 1.9135751637878954E7
TETS
Total Read / Write : 1.3883288658979138
CPU intensive
Task Time : 104584
CPU Time : 72330
========================================
Task Size >> {0=28689283}
Update attemptID:attempt_1453169138423_0018_m_000000_0
attempt_1453169138423_0018_m_000000_0:MAP:SORT:1.0
FILE_BYTES_READ : 0
HDFS_BYTES_READ : 28689437
FILE_BYTES_WRITTEN : 28554715
HBW_BYTES_WRITTEN : 0
CPU/Time : 0.6903235566649647
Written/Time : 269.990308428358
FinishedSize : 2.8689283E7
TETS
Total Read / Write : 1.004718029929558
CPU intensive
Task Time : 105762
CPU Time : 73010
=======================================
