Now Use estimatorClass : org.apache.hadoop.mapreduce.v2.app.speculate.LegacyTaskRuntimeEstimator_Fixed
serviceStart
Task Size >> {0=29314118}
Update attemptID:attempt_1453169138423_0014_m_000000_0
attempt_1453169138423_0014_m_000000_0:MAP:MAP:0.03587871
FILE_BYTES_READ : 0
HDFS_BYTES_READ : 1533902
FILE_BYTES_WRITTEN : 116575
HBW_BYTES_WRITTEN : 0
CPU/Time : 0.28596485733078586
Written/Time : 3.6512982741879916
FinishedSize : 1051752.7517822534
TETS
Total Read / Write : 13.158069912073772
CPU intensive
Task Time : 31927
CPU Time : 9130
========================================
Task Size >> {0=29314118}
Update attemptID:attempt_1453169138423_0014_m_000000_0
attempt_1453169138423_0014_m_000000_0:MAP:MAP:0.056828346
FILE_BYTES_READ : 0
HDFS_BYTES_READ : 2454839
FILE_BYTES_WRITTEN : 116575
HBW_BYTES_WRITTEN : 0
CPU/Time : 0.359624145785877
Written/Time : 3.3193337129840548
FinishedSize : 1665872.8434207812
TETS
Total Read / Write : 21.058022732146686
CPU intensive
Task Time : 35120
CPU Time : 12630
========================================
Task Size >> {0=29314118}
Update attemptID:attempt_1453169138423_0014_m_000000_0
attempt_1453169138423_0014_m_000000_0:MAP:MAP:0.07702591
FILE_BYTES_READ : 0
HDFS_BYTES_READ : 3344049
FILE_BYTES_WRITTEN : 116575
HBW_BYTES_WRITTEN : 0
CPU/Time : 0.4165144318597004
Written/Time : 3.0423038780729685
FinishedSize : 2257946.694006577
TETS
Total Read / Write : 28.685815998284365
CPU intensive
Task Time : 38318
CPU Time : 15960
========================================
Task Size >> {0=29314118}
Update attemptID:attempt_1453169138423_0014_m_000000_0
attempt_1453169138423_0014_m_000000_0:MAP:MAP:0.09750084
FILE_BYTES_READ : 0
HDFS_BYTES_READ : 4244119
FILE_BYTES_WRITTEN : 116575
HBW_BYTES_WRITTEN : 0
CPU/Time : 0.46471849478426364
Written/Time : 2.8084270881013755
FinishedSize : 2858151.0801780075
TETS
Total Read / Write : 36.40676817499464
CPU intensive
Task Time : 41509
CPU Time : 19290
========================================
Task Size >> {0=29314118}
Update attemptID:attempt_1453169138423_0014_m_000000_0
attempt_1453169138423_0014_m_000000_0:MAP:MAP:0.11753316
FILE_BYTES_READ : 0
HDFS_BYTES_READ : 5121962
FILE_BYTES_WRITTEN : 116575
HBW_BYTES_WRITTEN : 0
CPU/Time : 0.5058731401722788
Written/Time : 2.6082335831748518
FinishedSize : 3445380.986705512
TETS
Total Read / Write : 43.93705339909929
CPU intensive
Task Time : 44695
CPU Time : 22610
========================================
Task Size >> {0=29314118}
Update attemptID:attempt_1453169138423_0014_m_000000_0
attempt_1453169138423_0014_m_000000_0:MAP:MAP:0.13740583
FILE_BYTES_READ : 0
HDFS_BYTES_READ : 5999236
FILE_BYTES_WRITTEN : 116575
HBW_BYTES_WRITTEN : 0
CPU/Time : 0.5421661584729126
Written/Time : 2.4346309677958313
FinishedSize : 4027930.645370215
TETS
Total Read / Write : 51.46245764529273
CPU intensive
Task Time : 47882
CPU Time : 25960
========================================
Task Size >> {0=29314118}
Update attemptID:attempt_1453169138423_0014_m_000000_0
attempt_1453169138423_0014_m_000000_0:MAP:MAP:0.15764414
FILE_BYTES_READ : 0
HDFS_BYTES_READ : 6886652
FILE_BYTES_WRITTEN : 116575
HBW_BYTES_WRITTEN : 0
CPU/Time : 0.5740465189129924
Written/Time : 2.2823831153575065
FinishedSize : 4621198.855722576
TETS
Total Read / Write : 59.074861677031954
CPU intensive
Task Time : 51076
CPU Time : 29320
========================================
Task Size >> {0=29314118}
Update attemptID:attempt_1453169138423_0014_m_000000_0
attempt_1453169138423_0014_m_000000_0:MAP:MAP:0.17745908
FILE_BYTES_READ : 0
HDFS_BYTES_READ : 7760710
FILE_BYTES_WRITTEN : 116575
HBW_BYTES_WRITTEN : 0
CPU/Time : 0.6019056043935792
Written/Time : 2.148412303496065
FinishedSize : 5202056.29541108
TETS
Total Read / Write : 66.57267853313317
CPU intensive
Task Time : 54261
CPU Time : 32660
========================================
Task Size >> {0=29314118}
Update attemptID:attempt_1453169138423_0014_m_000000_0
attempt_1453169138423_0014_m_000000_0:MAP:MAP:0.19708024
FILE_BYTES_READ : 0
HDFS_BYTES_READ : 8621926
FILE_BYTES_WRITTEN : 116575
HBW_BYTES_WRITTEN : 0
CPU/Time : 0.6268708666898712
Written/Time : 2.0288026453184824
FinishedSize : 5777233.400673538
TETS
Total Read / Write : 73.96033454857388
CPU intensive
Task Time : 57460
CPU Time : 36020
========================================
Task Size >> {0=29314118}
Update attemptID:attempt_1453169138423_0014_m_000000_0
attempt_1453169138423_0014_m_000000_0:MAP:MAP:0.21707219
FILE_BYTES_READ : 0
HDFS_BYTES_READ : 9502875
FILE_BYTES_WRITTEN : 116575
HBW_BYTES_WRITTEN : 0
CPU/Time : 0.648969497114592
Written/Time : 1.9220939818631493
FinishedSize : 6363279.758590817
TETS
Total Read / Write : 81.51726356422904
CPU intensive
Task Time : 60650
CPU Time : 39360
========================================
Task Size >> {0=29314118}
Update attemptID:attempt_1453169138423_0014_m_000000_0
attempt_1453169138423_0014_m_000000_0:MAP:MAP:0.23731184
FILE_BYTES_READ : 0
HDFS_BYTES_READ : 10392233
FILE_BYTES_WRITTEN : 116575
HBW_BYTES_WRITTEN : 0
CPU/Time : 0.6687134823540469
Written/Time : 1.826078102727173
FinishedSize : 6956587.28223896
TETS
Total Read / Write : 89.14632639931375
CPU intensive
Task Time : 63839
CPU Time : 42690
========================================
Task Size >> {0=29314118}
Update attemptID:attempt_1453169138423_0014_m_000000_0
attempt_1453169138423_0014_m_000000_0:MAP:MAP:0.25743994
FILE_BYTES_READ : 0
HDFS_BYTES_READ : 11275696
FILE_BYTES_WRITTEN : 116575
HBW_BYTES_WRITTEN : 0
CPU/Time : 0.6862905993107256
Written/Time : 1.7392244916227788
FinishedSize : 7546624.813306868
TETS
Total Read / Write : 96.72482093073128
CPU intensive
Task Time : 67027
CPU Time : 46000
========================================
Task Size >> {0=29314118}
Update attemptID:attempt_1453169138423_0014_m_000000_0
attempt_1453169138423_0014_m_000000_0:MAP:MAP:0.2776662
FILE_BYTES_READ : 0
HDFS_BYTES_READ : 12164042
FILE_BYTES_WRITTEN : 116575
HBW_BYTES_WRITTEN : 0
CPU/Time : 0.7024864002734186
Written/Time : 1.6600922787730341
FinishedSize : 8139540.07762599
TETS
Total Read / Write : 104.34520265923226
CPU intensive
Task Time : 70222
CPU Time : 49330
========================================
Task Size >> {0=29314118}
Update attemptID:attempt_1453169138423_0014_m_000000_0
attempt_1453169138423_0014_m_000000_0:MAP:MAP:0.2981744
FILE_BYTES_READ : 0
HDFS_BYTES_READ : 13063652
FILE_BYTES_WRITTEN : 116575
HBW_BYTES_WRITTEN : 0
CPU/Time : 0.7178076221090196
Written/Time : 1.587825873763927
FinishedSize : 8740719.870347202
TETS
Total Read / Write : 112.06220887840446
CPU intensive
Task Time : 73418
CPU Time : 52700
========================================
Task Size >> {0=29314118}
Update attemptID:attempt_1453169138423_0014_m_000000_0
attempt_1453169138423_0014_m_000000_0:MAP:MAP:0.3186423
FILE_BYTES_READ : 0
HDFS_BYTES_READ : 13960099
FILE_BYTES_WRITTEN : 116575
HBW_BYTES_WRITTEN : 0
CPU/Time : 0.7316945811521742
Written/Time : 1.5218072399253293
FinishedSize : 9340717.64330858
TETS
Total Read / Write : 119.75208235041819
CPU intensive
Task Time : 76603
CPU Time : 56050
========================================
Task Size >> {0=29314118}
Update attemptID:attempt_1453169138423_0014_m_000000_0
attempt_1453169138423_0014_m_000000_0:MAP:MAP:0.33919147
FILE_BYTES_READ : 0
HDFS_BYTES_READ : 14872606
FILE_BYTES_WRITTEN : 116575
HBW_BYTES_WRITTEN : 0
CPU/Time : 0.7439062597907137
Written/Time : 1.4609311360360926
FinishedSize : 9943098.675623119
TETS
Total Read / Write : 127.57972120952176
CPU intensive
Task Time : 79795
CPU Time : 59360
========================================
Task Size >> {0=29314118}
Update attemptID:attempt_1453169138423_0014_m_000000_0
attempt_1453169138423_0014_m_000000_0:MAP:MAP:0.359385
FILE_BYTES_READ : 0
HDFS_BYTES_READ : 15756974
FILE_BYTES_WRITTEN : 116575
HBW_BYTES_WRITTEN : 0
CPU/Time : 0.7549965665546279
Written/Time : 1.4043996289469562
FinishedSize : 1.053505469552517E7
TETS
Total Read / Write : 135.16597898348704
CPU intensive
Task Time : 83007
CPU Time : 62670
========================================
Task Size >> {0=29314118}
Update attemptID:attempt_1453169138423_0014_m_000000_0
attempt_1453169138423_0014_m_000000_0:MAP:MAP:0.38004893
FILE_BYTES_READ : 0
HDFS_BYTES_READ : 16654489
FILE_BYTES_WRITTEN : 116575
HBW_BYTES_WRITTEN : 0
CPU/Time : 0.7662150876867403
Written/Time : 1.3521272153660573
FinishedSize : 1.1140799198701024E7
TETS
Total Read / Write : 142.86501393952392
CPU intensive
Task Time : 86216
CPU Time : 66060
========================================
Task Size >> {0=29314118}
Update attemptID:attempt_1453169138423_0014_m_000000_0
attempt_1453169138423_0014_m_000000_0:MAP:MAP:0.40063566
FILE_BYTES_READ : 0
HDFS_BYTES_READ : 17563803
FILE_BYTES_WRITTEN : 116575
HBW_BYTES_WRITTEN : 0
CPU/Time : 0.7765416224073349
Written/Time : 1.3034606138536367
FinishedSize : 1.1744281003297448E7
TETS
Total Read / Write : 150.6652627064122
CPU intensive
Task Time : 89435
CPU Time : 69450
========================================
Task Size >> {0=29314118}
Update attemptID:attempt_1453169138423_0014_m_000000_0
attempt_1453169138423_0014_m_000000_0:MAP:MAP:0.42138404
FILE_BYTES_READ : 0
HDFS_BYTES_READ : 18481307
FILE_BYTES_WRITTEN : 116575
HBW_BYTES_WRITTEN : 0
CPU/Time : 0.7860304437007449
Written/Time : 1.2585015653675915
FinishedSize : 1.235250137047875E7
TETS
Total Read / Write : 158.53576667381515
CPU intensive
Task Time : 92630
CPU Time : 72810
========================================
Task Size >> {0=29314118}
Update attemptID:attempt_1453169138423_0014_m_000000_0
attempt_1453169138423_0014_m_000000_0:MAP:MAP:0.441635
FILE_BYTES_READ : 0
HDFS_BYTES_READ : 19371339
FILE_BYTES_WRITTEN : 116575
HBW_BYTES_WRITTEN : 0
CPU/Time : 0.7943349753694581
Written/Time : 1.216654838440344
FinishedSize : 1.2946140873069048E7
TETS
Total Read / Write : 166.17061119450997
CPU intensive
Task Time : 95816
CPU Time : 76110
========================================
Task Size >> {0=29314118}
Update attemptID:attempt_1453169138423_0014_m_000000_0
attempt_1453169138423_0014_m_000000_0:MAP:MAP:0.46179408
FILE_BYTES_READ : 0
HDFS_BYTES_READ : 20252713
FILE_BYTES_WRITTEN : 116575
HBW_BYTES_WRITTEN : 0
CPU/Time : 0.8022222222222222
Written/Time : 1.1775252525252524
FinishedSize : 1.3537086104455113E7
TETS
Total Read / Write : 173.73118593180357
CPU intensive
Task Time : 99000
CPU Time : 79420
========================================
Task Size >> {0=29314118}
Update attemptID:attempt_1453169138423_0014_m_000000_0
attempt_1453169138423_0014_m_000000_0:MAP:MAP:0.48240778
FILE_BYTES_READ : 0
HDFS_BYTES_READ : 21157038
FILE_BYTES_WRITTEN : 116575
HBW_BYTES_WRITTEN : 0
CPU/Time : 0.8098136694590151
Written/Time : 1.1408341814765521
FinishedSize : 1.4141358543111145E7
TETS
Total Read / Write : 181.48863821574093
CPU intensive
Task Time : 102184
CPU Time : 82750
========================================
Task Size >> {0=29314118}
Update attemptID:attempt_1453169138423_0014_m_000000_0
attempt_1453169138423_0014_m_000000_0:MAP:MAP:0.5031747
FILE_BYTES_READ : 0
HDFS_BYTES_READ : 22072457
FILE_BYTES_WRITTEN : 116575
HBW_BYTES_WRITTEN : 0
CPU/Time : 0.8168436636961535
Written/Time : 1.1063500650096327
FinishedSize : 1.4750123181031823E7
TETS
Total Read / Write : 189.3412567016942
CPU intensive
Task Time : 105369
CPU Time : 86070
========================================
Task Size >> {0=29314118}
Update attemptID:attempt_1453169138423_0014_m_000000_0
attempt_1453169138423_0014_m_000000_0:MAP:MAP:0.52419084
FILE_BYTES_READ : 0
HDFS_BYTES_READ : 22996918
FILE_BYTES_WRITTEN : 116575
HBW_BYTES_WRITTEN : 0
CPU/Time : 0.823560841248054
Written/Time : 1.0738993855536005
FinishedSize : 1.5366192229308724E7
TETS
Total Read / Write : 197.27143898777612
CPU intensive
Task Time : 108553
CPU Time : 89400
========================================
Task Size >> {0=29314118}
Update attemptID:attempt_1453169138423_0014_m_000000_0
attempt_1453169138423_0014_m_000000_0:MAP:MAP:0.5453404
FILE_BYTES_READ : 0
HDFS_BYTES_READ : 23917707
FILE_BYTES_WRITTEN : 116575
HBW_BYTES_WRITTEN : 0
CPU/Time : 0.830060037758471
Written/Time : 1.0430553940033822
FinishedSize : 1.5986173387330294E7
TETS
Total Read / Write : 205.170122238902
CPU intensive
Task Time : 111763
CPU Time : 92770
========================================
Task Size >> {0=29314118}
Update attemptID:attempt_1453169138423_0014_m_000000_0
attempt_1453169138423_0014_m_000000_0:MAP:MAP:0.5663357
FILE_BYTES_READ : 0
HDFS_BYTES_READ : 24846589
FILE_BYTES_WRITTEN : 116575
HBW_BYTES_WRITTEN : 0
CPU/Time : 0.8358707567031476
Written/Time : 1.0141718720094652
FinishedSize : 1.6601630895450592E7
TETS
Total Read / Write : 213.13822860819215
CPU intensive
Task Time : 114946
CPU Time : 96080
========================================
Task Size >> {0=29314118}
Update attemptID:attempt_1453169138423_0014_m_000000_0
attempt_1453169138423_0014_m_000000_0:MAP:MAP:0.58740616
FILE_BYTES_READ : 0
HDFS_BYTES_READ : 25774675
FILE_BYTES_WRITTEN : 116575
HBW_BYTES_WRITTEN : 0
CPU/Time : 0.8415028529825096
Written/Time : 0.986903371090906
FinishedSize : 1.721929344264984E7
TETS
Total Read / Write : 221.09950675530774
CPU intensive
Task Time : 118122
CPU Time : 99400
========================================
Task Size >> {0=29314118}
Update attemptID:attempt_1453169138423_0014_m_000000_0
attempt_1453169138423_0014_m_000000_0:MAP:MAP:0.60842687
FILE_BYTES_READ : 0
HDFS_BYTES_READ : 26706209
FILE_BYTES_WRITTEN : 116575
HBW_BYTES_WRITTEN : 0
CPU/Time : 0.8467366303657843
Written/Time : 0.9610390681033133
FinishedSize : 1.7835497029761195E7
TETS
Total Read / Write : 229.0903624276217
CPU intensive
Task Time : 121301
CPU Time : 102710
========================================
Task Size >> {0=29314118}
Update attemptID:attempt_1453169138423_0014_m_000000_0
attempt_1453169138423_0014_m_000000_0:MAP:MAP:0.62946856
FILE_BYTES_READ : 0
HDFS_BYTES_READ : 27625670
FILE_BYTES_WRITTEN : 116575
HBW_BYTES_WRITTEN : 0
CPU/Time : 0.8517355225846875
Written/Time : 0.9364431627398845
FinishedSize : 1.8452315651544333E7
TETS
Total Read / Write : 236.97765387089856
CPU intensive
Task Time : 124487
CPU Time : 106030
========================================
Task Size >> {0=29314118}
Update attemptID:attempt_1453169138423_0014_m_000000_0
attempt_1453169138423_0014_m_000000_0:MAP:MAP:0.6503674
FILE_BYTES_READ : 0
HDFS_BYTES_READ : 28541427
FILE_BYTES_WRITTEN : 116575
HBW_BYTES_WRITTEN : 0
CPU/Time : 0.8564782179613704
Written/Time : 0.9130676566881276
FinishedSize : 1.9064946096883535E7
TETS
Total Read / Write : 244.83317177782544
CPU intensive
Task Time : 127674
CPU Time : 109350
========================================
Task Size >> {0=29314118}
Update attemptID:attempt_1453169138423_0014_m_000000_0
attempt_1453169138423_0014_m_000000_0:MAP:SORT:0.6503674
FILE_BYTES_READ : 0
HDFS_BYTES_READ : 28541427
FILE_BYTES_WRITTEN : 116575
HBW_BYTES_WRITTEN : 0
CPU/Time : 0.8395393474088292
Written/Time : 0.8950095969289827
FinishedSize : 1.9064946096883535E7
TETS
Total Read / Write : 244.83317177782544
CPU intensive
Task Time : 130250
CPU Time : 109350
========================================
Task Size >> {0=29314118}
Update attemptID:attempt_1453169138423_0014_m_000000_0
attempt_1453169138423_0014_m_000000_0:MAP:SORT:0.667
FILE_BYTES_READ : 0
HDFS_BYTES_READ : 29314273
FILE_BYTES_WRITTEN : 116575
HBW_BYTES_WRITTEN : 0
CPU/Time : 0.8608684353335933
Written/Time : 0.8910213783984163
FinishedSize : 1.9552516580197453E7
TETS
Total Read / Write : 251.4627750375295
CPU intensive
Task Time : 130833
CPU Time : 112630
========================================
Task Size >> {0=29314118}
Update attemptID:attempt_1453169138423_0014_m_000000_0
attempt_1453169138423_0014_m_000000_0:MAP:SORT:0.667
FILE_BYTES_READ : 0
HDFS_BYTES_READ : 29314273
FILE_BYTES_WRITTEN : 116575
HBW_BYTES_WRITTEN : 0
CPU/Time : 0.8653186091628116
Written/Time : 0.8698328607670497
FinishedSize : 1.9552516580197453E7
TETS
Total Read / Write : 251.4627750375295
CPU intensive
Task Time : 134020
CPU Time : 115970
========================================
Task Size >> {0=29314118}
Update attemptID:attempt_1453169138423_0014_m_000000_0
attempt_1453169138423_0014_m_000000_0:MAP:SORT:0.667
FILE_BYTES_READ : 0
HDFS_BYTES_READ : 29314273
FILE_BYTES_WRITTEN : 116575
HBW_BYTES_WRITTEN : 0
CPU/Time : 0.893084543503345
Written/Time : 0.6969562903929739
FinishedSize : 1.9552516580197453E7
TETS
Total Read / Write : 251.4627750375295
CPU intensive
Task Time : 167263
CPU Time : 149380
========================================
Task Size >> {0=29314118}
Update attemptID:attempt_1453169138423_0014_m_000000_0
attempt_1453169138423_0014_m_000000_0:MAP:SORT:0.667
FILE_BYTES_READ : 0
HDFS_BYTES_READ : 29314273
FILE_BYTES_WRITTEN : 116575
HBW_BYTES_WRITTEN : 0
CPU/Time : 0.8959917394161269
Written/Time : 0.6839329296911668
FinishedSize : 1.9552516580197453E7
TETS
Total Read / Write : 251.4627750375295
CPU intensive
Task Time : 170448
CPU Time : 152720
========================================
Task Size >> {0=29314118}
Update attemptID:attempt_1453169138423_0014_m_000000_0
attempt_1453169138423_0014_m_000000_0:MAP:SORT:0.667
FILE_BYTES_READ : 0
HDFS_BYTES_READ : 29314273
FILE_BYTES_WRITTEN : 116575
HBW_BYTES_WRITTEN : 0
CPU/Time : 0.8988019813385555
Written/Time : 0.6714376223937334
FinishedSize : 1.9552516580197453E7
TETS
Total Read / Write : 251.4627750375295
CPU intensive
Task Time : 173620
CPU Time : 156050
========================================
Task Size >> {0=29314118}
Update attemptID:attempt_1453169138423_0014_m_000000_0
attempt_1453169138423_0014_m_000000_0:MAP:SORT:0.667
FILE_BYTES_READ : 0
HDFS_BYTES_READ : 29314273
FILE_BYTES_WRITTEN : 116575
HBW_BYTES_WRITTEN : 0
CPU/Time : 0.9012749301446882
Written/Time : 0.6593832369876805
FinishedSize : 1.9552516580197453E7
TETS
Total Read / Write : 251.4627750375295
CPU intensive
Task Time : 176794
CPU Time : 159340
========================================
Task Size >> {0=29314118}
Update attemptID:attempt_1453169138423_0014_m_000000_0
attempt_1453169138423_0014_m_000000_0:MAP:SORT:0.667
FILE_BYTES_READ : 0
HDFS_BYTES_READ : 29314273
FILE_BYTES_WRITTEN : 116575
HBW_BYTES_WRITTEN : 0
CPU/Time : 0.9037818254559195
Written/Time : 0.6477612437904937
FinishedSize : 1.9552516580197453E7
TETS
Total Read / Write : 251.4627750375295
CPU intensive
Task Time : 179966
CPU Time : 162650
========================================
Task Size >> {0=29314118}
Update attemptID:attempt_1453169138423_0014_m_000000_0
attempt_1453169138423_0014_m_000000_0:MAP:SORT:0.667
FILE_BYTES_READ : 0
HDFS_BYTES_READ : 29314273
FILE_BYTES_WRITTEN : 116575
HBW_BYTES_WRITTEN : 0
CPU/Time : 0.9062713298932481
Written/Time : 0.6365522701831982
FinishedSize : 1.9552516580197453E7
TETS
Total Read / Write : 251.4627750375295
CPU intensive
Task Time : 183135
CPU Time : 165970
========================================
Task Size >> {0=29314118}
Update attemptID:attempt_1453169138423_0014_m_000000_0
attempt_1453169138423_0014_m_000000_0:MAP:SORT:0.667
FILE_BYTES_READ : 0
HDFS_BYTES_READ : 29314273
FILE_BYTES_WRITTEN : 116575
HBW_BYTES_WRITTEN : 0
CPU/Time : 0.9087347166611205
Written/Time : 0.6256910377105317
FinishedSize : 1.9552516580197453E7
TETS
Total Read / Write : 251.4627750375295
CPU intensive
Task Time : 186314
CPU Time : 169310
========================================
Task Size >> {0=29314118}
Update attemptID:attempt_1453169138423_0014_m_000000_0
attempt_1453169138423_0014_m_000000_0:MAP:SORT:0.667
FILE_BYTES_READ : 0
HDFS_BYTES_READ : 29314273
FILE_BYTES_WRITTEN : 116575
HBW_BYTES_WRITTEN : 0
CPU/Time : 0.910643771846119
Written/Time : 0.6145909668439837
FinishedSize : 1.9552516580197453E7
TETS
Total Read / Write : 251.4627750375295
CPU intensive
Task Time : 189679
CPU Time : 172730
========================================
Task Size >> {0=29314118}
Update attemptID:attempt_1453169138423_0014_m_000000_0
attempt_1453169138423_0014_m_000000_0:MAP:SORT:0.667
FILE_BYTES_READ : 0
HDFS_BYTES_READ : 29314273
FILE_BYTES_WRITTEN : 116575
HBW_BYTES_WRITTEN : 0
CPU/Time : 0.9128923110404112
Written/Time : 0.6040437118829376
FinishedSize : 1.9552516580197453E7
TETS
Total Read / Write : 251.4627750375295
CPU intensive
Task Time : 192991
CPU Time : 176180
========================================
Task Size >> {0=29314118}
Update attemptID:attempt_1453169138423_0014_m_000000_0
attempt_1453169138423_0014_m_000000_0:MAP:SORT:0.667
FILE_BYTES_READ : 0
HDFS_BYTES_READ : 29314273
FILE_BYTES_WRITTEN : 116575
HBW_BYTES_WRITTEN : 0
CPU/Time : 0.9146617901005027
Written/Time : 0.5938221106090784
FinishedSize : 1.9552516580197453E7
TETS
Total Read / Write : 251.4627750375295
CPU intensive
Task Time : 196313
CPU Time : 179560
========================================
Task Size >> {0=29314118}
Update attemptID:attempt_1453169138423_0014_m_000000_0
attempt_1453169138423_0014_m_000000_0:MAP:SORT:0.667
FILE_BYTES_READ : 0
HDFS_BYTES_READ : 29314273
FILE_BYTES_WRITTEN : 116575
HBW_BYTES_WRITTEN : 0
CPU/Time : 0.9167694266494231
Written/Time : 0.5843534141377685
FinishedSize : 1.9552516580197453E7
TETS
Total Read / Write : 251.4627750375295
CPU intensive
Task Time : 199494
CPU Time : 182890
========================================
Task Size >> {0=29314118}
Update attemptID:attempt_1453169138423_0014_m_000000_0
attempt_1453169138423_0014_m_000000_0:MAP:SORT:0.667
FILE_BYTES_READ : 0
HDFS_BYTES_READ : 29314273
FILE_BYTES_WRITTEN : 116575
HBW_BYTES_WRITTEN : 0
CPU/Time : 0.9187514491931386
Written/Time : 0.5751138387461211
FinishedSize : 1.9552516580197453E7
TETS
Total Read / Write : 251.4627750375295
CPU intensive
Task Time : 202699
CPU Time : 186230
========================================
Task Size >> {0=29314118}
Update attemptID:attempt_1453169138423_0014_m_000000_0
attempt_1453169138423_0014_m_000000_0:MAP:SORT:0.667
FILE_BYTES_READ : 0
HDFS_BYTES_READ : 29314273
FILE_BYTES_WRITTEN : 116575
HBW_BYTES_WRITTEN : 0
CPU/Time : 0.9207829423478556
Written/Time : 0.5662003982709214
FinishedSize : 1.9552516580197453E7
TETS
Total Read / Write : 251.4627750375295
CPU intensive
Task Time : 205890
CPU Time : 189580
========================================
Task Size >> {0=29314118}
Update attemptID:attempt_1453169138423_0014_m_000000_0
attempt_1453169138423_0014_m_000000_0:MAP:SORT:0.667
FILE_BYTES_READ : 0
HDFS_BYTES_READ : 29314273
FILE_BYTES_WRITTEN : 116575
HBW_BYTES_WRITTEN : 0
CPU/Time : 0.9227222506540652
Written/Time : 0.5575696992017295
FinishedSize : 1.9552516580197453E7
TETS
Total Read / Write : 251.4627750375295
CPU intensive
Task Time : 209077
CPU Time : 192920
========================================
Task Size >> {0=29314118}
Update attemptID:attempt_1453169138423_0014_m_000000_0
attempt_1453169138423_0014_m_000000_0:MAP:SORT:0.667
FILE_BYTES_READ : 0
HDFS_BYTES_READ : 29314273
FILE_BYTES_WRITTEN : 116575
HBW_BYTES_WRITTEN : 0
CPU/Time : 0.9247070685179339
Written/Time : 0.5492318057394312
FinishedSize : 1.9552516580197453E7
TETS
Total Read / Write : 251.4627750375295
CPU intensive
Task Time : 212251
CPU Time : 196270
========================================
Task Size >> {0=29314118}
Update attemptID:attempt_1453169138423_0014_m_000000_0
attempt_1453169138423_0014_m_000000_0:MAP:SORT:0.667
FILE_BYTES_READ : 0
HDFS_BYTES_READ : 29314273
FILE_BYTES_WRITTEN : 116575
HBW_BYTES_WRITTEN : 0
CPU/Time : 0.92645113375264
Written/Time : 0.5411144892891128
FinishedSize : 1.9552516580197453E7
TETS
Total Read / Write : 251.4627750375295
CPU intensive
Task Time : 215435
CPU Time : 199590
========================================
Task Size >> {0=29314118}
Update attemptID:attempt_1453169138423_0014_m_000000_0
attempt_1453169138423_0014_m_000000_0:MAP:SORT:0.667
FILE_BYTES_READ : 0
HDFS_BYTES_READ : 29314273
FILE_BYTES_WRITTEN : 116575
HBW_BYTES_WRITTEN : 0
CPU/Time : 0.9351548494776535
Written/Time : 0.4804145803713091
FinishedSize : 1.9552516580197453E7
TETS
Total Read / Write : 251.4627750375295
CPU intensive
Task Time : 242655
CPU Time : 226920
========================================
Task Size >> {0=29314118}
Update attemptID:attempt_1453169138423_0014_m_000000_0
attempt_1453169138423_0014_m_000000_0:MAP:SORT:0.667
FILE_BYTES_READ : 0
HDFS_BYTES_READ : 29314273
FILE_BYTES_WRITTEN : 116575
HBW_BYTES_WRITTEN : 0
CPU/Time : 0.939285229498342
Written/Time : 0.45211270336830267
FinishedSize : 1.9552516580197453E7
TETS
Total Read / Write : 251.4627750375295
CPU intensive
Task Time : 257845
CPU Time : 242190
========================================
Task Size >> {0=29314118}
Update attemptID:attempt_1453169138423_0014_m_000000_0
attempt_1453169138423_0014_m_000000_0:MAP:SORT:0.667
FILE_BYTES_READ : 0
HDFS_BYTES_READ : 29314273
FILE_BYTES_WRITTEN : 116575
HBW_BYTES_WRITTEN : 0
CPU/Time : 0.9405792659566317
Written/Time : 0.4466132863382116
FinishedSize : 1.9552516580197453E7
TETS
Total Read / Write : 251.4627750375295
CPU intensive
Task Time : 261020
CPU Time : 245510
========================================
Task Size >> {0=29314118}
Update attemptID:attempt_1453169138423_0014_m_000000_0
attempt_1453169138423_0014_m_000000_0:MAP:SORT:0.667
FILE_BYTES_READ : 0
HDFS_BYTES_READ : 29314273
FILE_BYTES_WRITTEN : 116575
HBW_BYTES_WRITTEN : 0
CPU/Time : 0.941827940302575
Written/Time : 0.44123936880911735
FinishedSize : 1.9552516580197453E7
TETS
Total Read / Write : 251.4627750375295
CPU intensive
Task Time : 264199
CPU Time : 248830
========================================
Task Size >> {0=29314118}
Update attemptID:attempt_1453169138423_0014_m_000000_0
attempt_1453169138423_0014_m_000000_0:MAP:SORT:0.667
FILE_BYTES_READ : 0
HDFS_BYTES_READ : 29314273
FILE_BYTES_WRITTEN : 116575
HBW_BYTES_WRITTEN : 0
CPU/Time : 0.9429572749952312
Written/Time : 0.4360209604242952
FinishedSize : 1.9552516580197453E7
TETS
Total Read / Write : 251.4627750375295
CPU intensive
Task Time : 267361
CPU Time : 252110
========================================
Task Size >> {0=29314118}
Update attemptID:attempt_1453169138423_0014_m_000000_0
attempt_1453169138423_0014_m_000000_0:MAP:SORT:0.667
FILE_BYTES_READ : 0
HDFS_BYTES_READ : 29314273
FILE_BYTES_WRITTEN : 116575
HBW_BYTES_WRITTEN : 0
CPU/Time : 0.9439709024240587
Written/Time : 0.430900649816292
FinishedSize : 1.9552516580197453E7
TETS
Total Read / Write : 251.4627750375295
CPU intensive
Task Time : 270538
CPU Time : 255380
========================================
Task Size >> {0=29314118}
Update attemptID:attempt_1453169138423_0014_m_000000_0
attempt_1453169138423_0014_m_000000_0:MAP:SORT:0.667
FILE_BYTES_READ : 0
HDFS_BYTES_READ : 29314273
FILE_BYTES_WRITTEN : 116575
HBW_BYTES_WRITTEN : 0
CPU/Time : 0.9450933256368758
Written/Time : 0.4258929778349329
FinishedSize : 1.9552516580197453E7
TETS
Total Read / Write : 251.4627750375295
CPU intensive
Task Time : 273719
CPU Time : 258690
========================================
Task Size >> {0=29314118}
Update attemptID:attempt_1453169138423_0014_m_000000_0
attempt_1453169138423_0014_m_000000_0:MAP:SORT:0.667
FILE_BYTES_READ : 0
HDFS_BYTES_READ : 29314273
FILE_BYTES_WRITTEN : 116575
HBW_BYTES_WRITTEN : 0
CPU/Time : 0.946291005883394
Written/Time : 0.42102925083339054
FinishedSize : 1.9552516580197453E7
TETS
Total Read / Write : 251.4627750375295
CPU intensive
Task Time : 276881
CPU Time : 262010
========================================
Task Size >> {0=29314118}
Update attemptID:attempt_1453169138423_0014_m_000000_0
attempt_1453169138423_0014_m_000000_0:MAP:SORT:0.667
FILE_BYTES_READ : 0
HDFS_BYTES_READ : 29314273
FILE_BYTES_WRITTEN : 116575
HBW_BYTES_WRITTEN : 0
CPU/Time : 0.9474668990044706
Written/Time : 0.4162619799180152
FinishedSize : 1.9552516580197453E7
TETS
Total Read / Write : 251.4627750375295
CPU intensive
Task Time : 280052
CPU Time : 265340
========================================
Task Size >> {0=29314118}
Update attemptID:attempt_1453169138423_0014_m_000000_0
attempt_1453169138423_0014_m_000000_0:MAP:SORT:0.667
FILE_BYTES_READ : 0
HDFS_BYTES_READ : 29314273
FILE_BYTES_WRITTEN : 116575
HBW_BYTES_WRITTEN : 0
CPU/Time : 0.9485138866331005
Written/Time : 0.41160291220314804
FinishedSize : 1.9552516580197453E7
TETS
Total Read / Write : 251.4627750375295
CPU intensive
Task Time : 283222
CPU Time : 268640
========================================
Task Size >> {0=29314118}
Update attemptID:attempt_1453169138423_0014_m_000000_0
attempt_1453169138423_0014_m_000000_0:MAP:SORT:0.667
FILE_BYTES_READ : 0
HDFS_BYTES_READ : 29314273
FILE_BYTES_WRITTEN : 116575
HBW_BYTES_WRITTEN : 0
CPU/Time : 0.9495843211743058
Written/Time : 0.40703703574383987
FinishedSize : 1.9552516580197453E7
TETS
Total Read / Write : 251.4627750375295
CPU intensive
Task Time : 286399
CPU Time : 271960
========================================
Task Size >> {0=29314118}
Update attemptID:attempt_1453169138423_0014_m_000000_0
attempt_1453169138423_0014_m_000000_0:MAP:SORT:0.667
FILE_BYTES_READ : 0
HDFS_BYTES_READ : 29314273
FILE_BYTES_WRITTEN : 116575
HBW_BYTES_WRITTEN : 0
CPU/Time : 0.9506626426978086
Written/Time : 0.40254076340306216
FinishedSize : 1.9552516580197453E7
TETS
Total Read / Write : 251.4627750375295
CPU intensive
Task Time : 289598
CPU Time : 275310
========================================
Task Size >> {0=29314118}
Update attemptID:attempt_1453169138423_0014_m_000000_0
attempt_1453169138423_0014_m_000000_0:MAP:SORT:0.667
FILE_BYTES_READ : 0
HDFS_BYTES_READ : 29314273
FILE_BYTES_WRITTEN : 116575
HBW_BYTES_WRITTEN : 0
CPU/Time : 0.951779250051226
Written/Time : 0.39811146779591555
FinishedSize : 1.9552516580197453E7
TETS
Total Read / Write : 251.4627750375295
CPU intensive
Task Time : 292820
CPU Time : 278700
========================================
Task Size >> {0=29314118}
Update attemptID:attempt_1453169138423_0014_m_000000_0
attempt_1453169138423_0014_m_000000_0:MAP:SORT:0.667
FILE_BYTES_READ : 0
HDFS_BYTES_READ : 29314273
FILE_BYTES_WRITTEN : 116575
HBW_BYTES_WRITTEN : 0
CPU/Time : 0.9528683678915756
Written/Time : 0.39380519015478577
FinishedSize : 1.9552516580197453E7
TETS
Total Read / Write : 251.4627750375295
CPU intensive
Task Time : 296022
CPU Time : 282070
========================================
Task Size >> {0=29314118}
Update attemptID:attempt_1453169138423_0014_m_000000_0
attempt_1453169138423_0014_m_000000_0:MAP:SORT:0.667
FILE_BYTES_READ : 0
HDFS_BYTES_READ : 29314273
FILE_BYTES_WRITTEN : 116575
HBW_BYTES_WRITTEN : 0
CPU/Time : 0.9544152002276592
Written/Time : 0.3857468084683957
FinishedSize : 1.9552516580197453E7
TETS
Total Read / Write : 251.4627750375295
CPU intensive
Task Time : 302206
CPU Time : 288430
========================================
Task Size >> {0=29314118}
Update attemptID:attempt_1453169138423_0014_m_000000_0
attempt_1453169138423_0014_m_000000_0:MAP:SORT:0.667
FILE_BYTES_READ : 0
HDFS_BYTES_READ : 29314273
FILE_BYTES_WRITTEN : 116575
HBW_BYTES_WRITTEN : 0
CPU/Time : 0.9553795976108143
Written/Time : 0.38174250759719164
FinishedSize : 1.9552516580197453E7
TETS
Total Read / Write : 251.4627750375295
CPU intensive
Task Time : 305376
CPU Time : 291750
========================================
Task Size >> {0=29314118}
Update attemptID:attempt_1453169138423_0014_m_000000_0
attempt_1453169138423_0014_m_000000_0:MAP:SORT:0.667
FILE_BYTES_READ : 0
HDFS_BYTES_READ : 29314273
FILE_BYTES_WRITTEN : 116575
HBW_BYTES_WRITTEN : 0
CPU/Time : 0.9571874095950813
Written/Time : 0.37060055888122023
FinishedSize : 1.9552516580197453E7
TETS
Total Read / Write : 251.4627750375295
CPU intensive
Task Time : 314557
CPU Time : 301090
========================================
Task Size >> {0=29314118}
Update attemptID:attempt_1453169138423_0014_m_000000_0
attempt_1453169138423_0014_m_000000_0:MAP:SORT:0.667
FILE_BYTES_READ : 0
HDFS_BYTES_READ : 29314273
FILE_BYTES_WRITTEN : 116575
HBW_BYTES_WRITTEN : 0
CPU/Time : 0.9581164355538211
Written/Time : 0.3668903310274503
FinishedSize : 1.9552516580197453E7
TETS
Total Read / Write : 251.4627750375295
CPU intensive
Task Time : 317738
CPU Time : 304430
========================================
Task Size >> {0=29314118}
Update attemptID:attempt_1453169138423_0014_m_000000_0
attempt_1453169138423_0014_m_000000_0:MAP:SORT:0.667
FILE_BYTES_READ : 0
HDFS_BYTES_READ : 29314273
FILE_BYTES_WRITTEN : 116575
HBW_BYTES_WRITTEN : 0
CPU/Time : 0.9590257674293958
Written/Time : 0.3632649754291715
FinishedSize : 1.9552516580197453E7
TETS
Total Read / Write : 251.4627750375295
CPU intensive
Task Time : 320909
CPU Time : 307760
========================================
Task Size >> {0=29314118}
Update attemptID:attempt_1453169138423_0014_m_000000_0
attempt_1453169138423_0014_m_000000_0:MAP:SORT:0.667
FILE_BYTES_READ : 0
HDFS_BYTES_READ : 29314273
FILE_BYTES_WRITTEN : 116575
HBW_BYTES_WRITTEN : 0
CPU/Time : 0.9599303888474047
Written/Time : 0.35970390575341116
FinishedSize : 1.9552516580197453E7
TETS
Total Read / Write : 251.4627750375295
CPU intensive
Task Time : 324086
CPU Time : 311100
========================================
Task Size >> {0=29314118}
Update attemptID:attempt_1453169138423_0014_m_000000_0
attempt_1453169138423_0014_m_000000_0:MAP:SORT:0.667
FILE_BYTES_READ : 0
HDFS_BYTES_READ : 29314273
FILE_BYTES_WRITTEN : 116575
HBW_BYTES_WRITTEN : 0
CPU/Time : 0.9612420938534157
Written/Time : 0.3529570275008251
FinishedSize : 1.9552516580197453E7
TETS
Total Read / Write : 251.4627750375295
CPU intensive
Task Time : 330281
CPU Time : 317480
========================================
Task Size >> {0=29314118}
Update attemptID:attempt_1453169138423_0014_m_000000_0
attempt_1453169138423_0014_m_000000_0:MAP:SORT:0.667
FILE_BYTES_READ : 0
HDFS_BYTES_READ : 29314273
FILE_BYTES_WRITTEN : 116575
HBW_BYTES_WRITTEN : 0
CPU/Time : 0.9620695755954648
Written/Time : 0.34957223693246053
FinishedSize : 1.9552516580197453E7
TETS
Total Read / Write : 251.4627750375295
CPU intensive
Task Time : 333479
CPU Time : 320830
========================================
Task Size >> {0=29314118}
Update attemptID:attempt_1453169138423_0014_m_000000_0
attempt_1453169138423_0014_m_000000_0:MAP:SORT:0.667
FILE_BYTES_READ : 0
HDFS_BYTES_READ : 29314273
FILE_BYTES_WRITTEN : 116575
HBW_BYTES_WRITTEN : 0
CPU/Time : 0.9629396406538211
Written/Time : 0.3462620334039273
FinishedSize : 1.9552516580197453E7
TETS
Total Read / Write : 251.4627750375295
CPU intensive
Task Time : 336667
CPU Time : 324190
========================================
Task Size >> {0=29314118}
Update attemptID:attempt_1453169138423_0014_m_000000_0
attempt_1453169138423_0014_m_000000_0:MAP:SORT:0.667
FILE_BYTES_READ : 0
HDFS_BYTES_READ : 29314273
FILE_BYTES_WRITTEN : 116575
HBW_BYTES_WRITTEN : 0
CPU/Time : 0.9638114629890631
Written/Time : 0.34300989528010145
FinishedSize : 1.9552516580197453E7
TETS
Total Read / Write : 251.4627750375295
CPU intensive
Task Time : 339859
CPU Time : 327560
========================================
Task Size >> {0=29314118}
Update attemptID:attempt_1453169138423_0014_m_000000_0
attempt_1453169138423_0014_m_000000_0:MAP:SORT:0.667
FILE_BYTES_READ : 0
HDFS_BYTES_READ : 29314273
FILE_BYTES_WRITTEN : 116575
HBW_BYTES_WRITTEN : 0
CPU/Time : 0.9645494270364184
Written/Time : 0.33982818380310226
FinishedSize : 1.9552516580197453E7
TETS
Total Read / Write : 251.4627750375295
CPU intensive
Task Time : 343041
CPU Time : 330880
========================================
Task Size >> {0=29314118}
Update attemptID:attempt_1453169138423_0014_m_000000_0
attempt_1453169138423_0014_m_000000_0:MAP:SORT:0.667
FILE_BYTES_READ : 0
HDFS_BYTES_READ : 29314273
FILE_BYTES_WRITTEN : 116575
HBW_BYTES_WRITTEN : 0
CPU/Time : 0.9653885699102367
Written/Time : 0.33668453460565384
FinishedSize : 1.9552516580197453E7
TETS
Total Read / Write : 251.4627750375295
CPU intensive
Task Time : 346244
CPU Time : 334260
========================================
Task Size >> {0=29314118}
Update attemptID:attempt_1453169138423_0014_m_000000_0
attempt_1453169138423_0014_m_000000_0:MAP:SORT:0.667
FILE_BYTES_READ : 0
HDFS_BYTES_READ : 29314273
FILE_BYTES_WRITTEN : 116575
HBW_BYTES_WRITTEN : 0
CPU/Time : 0.9662197931123289
Written/Time : 0.33358133146380897
FinishedSize : 1.9552516580197453E7
TETS
Total Read / Write : 251.4627750375295
CPU intensive
Task Time : 349465
CPU Time : 337660
========================================
Task Size >> {0=29314118}
Update attemptID:attempt_1453169138423_0014_m_000000_0
attempt_1453169138423_0014_m_000000_0:MAP:SORT:0.667
FILE_BYTES_READ : 0
HDFS_BYTES_READ : 29314273
FILE_BYTES_WRITTEN : 116575
HBW_BYTES_WRITTEN : 0
CPU/Time : 0.9670641874074957
Written/Time : 0.330534810000964
FinishedSize : 1.9552516580197453E7
TETS
Total Read / Write : 251.4627750375295
CPU intensive
Task Time : 352686
CPU Time : 341070
========================================
Task Size >> {0=29314118}
Update attemptID:attempt_1453169138423_0014_m_000000_0
attempt_1453169138423_0014_m_000000_0:MAP:SORT:0.667
FILE_BYTES_READ : 0
HDFS_BYTES_READ : 29314273
FILE_BYTES_WRITTEN : 116575
HBW_BYTES_WRITTEN : 0
CPU/Time : 0.9677428419683076
Written/Time : 0.32758761194742864
FinishedSize : 1.9552516580197453E7
TETS
Total Read / Write : 251.4627750375295
CPU intensive
Task Time : 355859
CPU Time : 344380
========================================
Task Size >> {0=29314118}
Update attemptID:attempt_1453169138423_0014_m_000000_0
attempt_1453169138423_0014_m_000000_0:MAP:SORT:0.667
FILE_BYTES_READ : 0
HDFS_BYTES_READ : 29314273
FILE_BYTES_WRITTEN : 116575
HBW_BYTES_WRITTEN : 0
CPU/Time : 0.9684274438372799
Written/Time : 0.324679846036441
FinishedSize : 1.9552516580197453E7
TETS
Total Read / Write : 251.4627750375295
CPU intensive
Task Time : 359046
CPU Time : 347710
========================================
Task Size >> {0=29314118}
Update attemptID:attempt_1453169138423_0014_m_000000_0
attempt_1453169138423_0014_m_000000_0:MAP:SORT:0.667
FILE_BYTES_READ : 0
HDFS_BYTES_READ : 29314273
FILE_BYTES_WRITTEN : 116575
HBW_BYTES_WRITTEN : 0
CPU/Time : 0.96910534990103
Written/Time : 0.3218250232586388
FinishedSize : 1.9552516580197453E7
TETS
Total Read / Write : 251.4627750375295
CPU intensive
Task Time : 362231
CPU Time : 351040
========================================
Task Size >> {0=29314118}
Update attemptID:attempt_1453169138423_0014_m_000000_0
attempt_1453169138423_0014_m_000000_0:MAP:SORT:0.667
FILE_BYTES_READ : 0
HDFS_BYTES_READ : 29314273
FILE_BYTES_WRITTEN : 116575
HBW_BYTES_WRITTEN : 0
CPU/Time : 0.9698367869692293
Written/Time : 0.31902345845237706
FinishedSize : 1.9552516580197453E7
TETS
Total Read / Write : 251.4627750375295
CPU intensive
Task Time : 365412
CPU Time : 354390
========================================
Task Size >> {0=29314118}
Update attemptID:attempt_1453169138423_0014_m_000000_0
attempt_1453169138423_0014_m_000000_0:MAP:SORT:0.667
FILE_BYTES_READ : 0
HDFS_BYTES_READ : 29314273
FILE_BYTES_WRITTEN : 116575
HBW_BYTES_WRITTEN : 0
CPU/Time : 0.970514503999045
Written/Time : 0.3162745395943438
FinishedSize : 1.9552516580197453E7
TETS
Total Read / Write : 251.4627750375295
CPU intensive
Task Time : 368588
CPU Time : 357720
========================================
Task Size >> {0=29314118}
Update attemptID:attempt_1453169138423_0014_m_000000_0
attempt_1453169138423_0014_m_000000_0:MAP:SORT:0.667
FILE_BYTES_READ : 0
HDFS_BYTES_READ : 29314273
FILE_BYTES_WRITTEN : 116575
HBW_BYTES_WRITTEN : 0
CPU/Time : 0.9711978653927882
Written/Time : 0.31356078089612616
FinishedSize : 1.9552516580197453E7
TETS
Total Read / Write : 251.4627750375295
CPU intensive
Task Time : 371778
CPU Time : 361070
========================================
Task Size >> {0=29314118}
Update attemptID:attempt_1453169138423_0014_m_000000_0
attempt_1453169138423_0014_m_000000_0:MAP:SORT:0.667
FILE_BYTES_READ : 0
HDFS_BYTES_READ : 29314273
FILE_BYTES_WRITTEN : 116575
HBW_BYTES_WRITTEN : 0
CPU/Time : 0.9718240369101117
Written/Time : 0.3108956835971357
FinishedSize : 1.9552516580197453E7
TETS
Total Read / Write : 251.4627750375295
CPU intensive
Task Time : 374965
CPU Time : 364400
========================================
Task Size >> {0=29314118}
Update attemptID:attempt_1453169138423_0014_m_000000_0
attempt_1453169138423_0014_m_000000_0:MAP:SORT:0.667
FILE_BYTES_READ : 0
HDFS_BYTES_READ : 29314273
FILE_BYTES_WRITTEN : 116575
HBW_BYTES_WRITTEN : 0
CPU/Time : 0.9723526067353334
Written/Time : 0.30827306263304727
FinishedSize : 1.9552516580197453E7
TETS
Total Read / Write : 251.4627750375295
CPU intensive
Task Time : 378155
CPU Time : 367700
========================================
Task Size >> {0=29314118}
Update attemptID:attempt_1453169138423_0014_m_000000_0
attempt_1453169138423_0014_m_000000_0:MAP:SORT:0.667
FILE_BYTES_READ : 0
HDFS_BYTES_READ : 29314273
FILE_BYTES_WRITTEN : 116575
HBW_BYTES_WRITTEN : 0
CPU/Time : 0.9729291721408847
Written/Time : 0.30570393855239386
FinishedSize : 1.9552516580197453E7
TETS
Total Read / Write : 251.4627750375295
CPU intensive
Task Time : 381333
CPU Time : 371010
========================================
Task Size >> {0=29314118}
Update attemptID:attempt_1453169138423_0014_m_000000_0
attempt_1453169138423_0014_m_000000_0:MAP:SORT:0.667
FILE_BYTES_READ : 0
HDFS_BYTES_READ : 29314273
FILE_BYTES_WRITTEN : 116575
HBW_BYTES_WRITTEN : 0
CPU/Time : 0.9735380934423885
Written/Time : 0.3031741284475248
FinishedSize : 1.9552516580197453E7
TETS
Total Read / Write : 251.4627750375295
CPU intensive
Task Time : 384515
CPU Time : 374340
========================================
Task Size >> {0=29314118}
Update attemptID:attempt_1453169138423_0014_m_000000_0
attempt_1453169138423_0014_m_000000_0:MAP:SORT:0.667
FILE_BYTES_READ : 0
HDFS_BYTES_READ : 29314273
FILE_BYTES_WRITTEN : 116575
HBW_BYTES_WRITTEN : 0
CPU/Time : 0.9741269689786717
Written/Time : 0.3006827426289847
FinishedSize : 1.9552516580197453E7
TETS
Total Read / Write : 251.4627750375295
CPU intensive
Task Time : 387701
CPU Time : 377670
========================================
Task Size >> {0=29314118}
Update attemptID:attempt_1453169138423_0014_m_000000_0
attempt_1453169138423_0014_m_000000_0:MAP:SORT:0.667
FILE_BYTES_READ : 0
HDFS_BYTES_READ : 29314273
FILE_BYTES_WRITTEN : 116575
HBW_BYTES_WRITTEN : 0
CPU/Time : 0.9747243470029932
Written/Time : 0.29822968098442015
FinishedSize : 1.9552516580197453E7
TETS
Total Read / Write : 251.4627750375295
CPU intensive
Task Time : 390890
CPU Time : 381010
========================================
Task Size >> {0=29314118}
Update attemptID:attempt_1453169138423_0014_m_000000_0
attempt_1453169138423_0014_m_000000_0:MAP:SORT:0.667
FILE_BYTES_READ : 0
HDFS_BYTES_READ : 29314273
FILE_BYTES_WRITTEN : 116575
HBW_BYTES_WRITTEN : 0
CPU/Time : 0.975281104166508
Written/Time : 0.2958223264335615
FinishedSize : 1.9552516580197453E7
TETS
Total Read / Write : 251.4627750375295
CPU intensive
Task Time : 394071
CPU Time : 384330
========================================
Task Size >> {0=29314118}
Update attemptID:attempt_1453169138423_0014_m_000000_0
attempt_1453169138423_0014_m_000000_0:MAP:SORT:0.667
FILE_BYTES_READ : 0
HDFS_BYTES_READ : 29314273
FILE_BYTES_WRITTEN : 116575
HBW_BYTES_WRITTEN : 0
CPU/Time : 0.9758798979011333
Written/Time : 0.2934461388202244
FinishedSize : 1.9552516580197453E7
TETS
Total Read / Write : 251.4627750375295
CPU intensive
Task Time : 397262
CPU Time : 387680
========================================
Task Size >> {0=29314118}
Update attemptID:attempt_1453169138423_0014_m_000000_0
attempt_1453169138423_0014_m_000000_0:MAP:SORT:0.667
FILE_BYTES_READ : 0
HDFS_BYTES_READ : 29314273
FILE_BYTES_WRITTEN : 116575
HBW_BYTES_WRITTEN : 0
CPU/Time : 0.9764088630954908
Written/Time : 0.2911121821364625
FinishedSize : 1.9552516580197453E7
TETS
Total Read / Write : 251.4627750375295
CPU intensive
Task Time : 400447
CPU Time : 391000
========================================
Task Size >> {0=29314118}
Update attemptID:attempt_1453169138423_0014_m_000000_0
attempt_1453169138423_0014_m_000000_0:MAP:SORT:0.667
FILE_BYTES_READ : 0
HDFS_BYTES_READ : 29314273
FILE_BYTES_WRITTEN : 116575
HBW_BYTES_WRITTEN : 0
CPU/Time : 0.9774468648135006
Written/Time : 0.2804407183323911
FinishedSize : 1.9552516580197453E7
TETS
Total Read / Write : 251.4627750375295
CPU intensive
Task Time : 415685
CPU Time : 406310
========================================
Task Size >> {0=29314118}
Update attemptID:attempt_1453169138423_0014_m_000000_0
attempt_1453169138423_0014_m_000000_0:MAP:SORT:0.667
FILE_BYTES_READ : 0
HDFS_BYTES_READ : 29314273
FILE_BYTES_WRITTEN : 116575
HBW_BYTES_WRITTEN : 0
CPU/Time : 0.9781067922041596
Written/Time : 0.27633182100477405
FinishedSize : 1.9552516580197453E7
TETS
Total Read / Write : 251.4627750375295
CPU intensive
Task Time : 421866
CPU Time : 412630
========================================
Task Size >> {0=29314118}
Update attemptID:attempt_1453169138423_0014_m_000000_0
attempt_1453169138423_0014_m_000000_0:MAP:SORT:0.667
FILE_BYTES_READ : 0
HDFS_BYTES_READ : 29314273
FILE_BYTES_WRITTEN : 116575
HBW_BYTES_WRITTEN : 0
CPU/Time : 0.978616079936194
Written/Time : 0.274268949437581
FinishedSize : 1.9552516580197453E7
TETS
Total Read / Write : 251.4627750375295
CPU intensive
Task Time : 425039
CPU Time : 415950
========================================
Task Size >> {0=29314118}
Update attemptID:attempt_1453169138423_0014_m_000000_0
attempt_1453169138423_0014_m_000000_0:MAP:SORT:0.667
FILE_BYTES_READ : 0
HDFS_BYTES_READ : 29314273
FILE_BYTES_WRITTEN : 116575
HBW_BYTES_WRITTEN : 0
CPU/Time : 0.9791365999243369
Written/Time : 0.27223537763828365
FinishedSize : 1.9552516580197453E7
TETS
Total Read / Write : 251.4627750375295
CPU intensive
Task Time : 428214
CPU Time : 419280
========================================
Task Size >> {0=29314118}
Update attemptID:attempt_1453169138423_0014_m_000000_0
attempt_1453169138423_0014_m_000000_0:MAP:SORT:0.667
FILE_BYTES_READ : 0
HDFS_BYTES_READ : 29314273
FILE_BYTES_WRITTEN : 116575
HBW_BYTES_WRITTEN : 0
CPU/Time : 0.9795962836584823
Written/Time : 0.27022986054447
FinishedSize : 1.9552516580197453E7
TETS
Total Read / Write : 251.4627750375295
CPU intensive
Task Time : 431392
CPU Time : 422590
========================================
Task Size >> {0=29314118}
Update attemptID:attempt_1453169138423_0014_m_000000_0
attempt_1453169138423_0014_m_000000_0:MAP:SORT:0.667
FILE_BYTES_READ : 0
HDFS_BYTES_READ : 29314273
FILE_BYTES_WRITTEN : 116575
HBW_BYTES_WRITTEN : 0
CPU/Time : 0.9801142247032781
Written/Time : 0.26824626882843744
FinishedSize : 1.9552516580197453E7
TETS
Total Read / Write : 251.4627750375295
CPU intensive
Task Time : 434582
CPU Time : 425940
========================================
Task Size >> {0=29314118}
Update attemptID:attempt_1453169138423_0014_m_000000_0
attempt_1453169138423_0014_m_000000_0:MAP:SORT:0.667
FILE_BYTES_READ : 0
HDFS_BYTES_READ : 29314273
FILE_BYTES_WRITTEN : 116575
HBW_BYTES_WRITTEN : 0
CPU/Time : 0.980579375122778
Written/Time : 0.26628550283017577
FinishedSize : 1.9552516580197453E7
TETS
Total Read / Write : 251.4627750375295
CPU intensive
Task Time : 437782
CPU Time : 429280
========================================
Task Size >> {0=29314118}
Update attemptID:attempt_1453169138423_0014_m_000000_0
attempt_1453169138423_0014_m_000000_0:MAP:SORT:0.667
FILE_BYTES_READ : 0
HDFS_BYTES_READ : 29314273
FILE_BYTES_WRITTEN : 116575
HBW_BYTES_WRITTEN : 0
CPU/Time : 0.9810871487856316
Written/Time : 0.26436038732793615
FinishedSize : 1.9552516580197453E7
TETS
Total Read / Write : 251.4627750375295
CPU intensive
Task Time : 440970
CPU Time : 432630
========================================
Task Size >> {0=29314118}
Update attemptID:attempt_1453169138423_0014_m_000000_0
attempt_1453169138423_0014_m_000000_0:MAP:SORT:0.667
FILE_BYTES_READ : 0
HDFS_BYTES_READ : 29314273
FILE_BYTES_WRITTEN : 116575
HBW_BYTES_WRITTEN : 0
CPU/Time : 0.9815377687718113
Written/Time : 0.26246763480806035
FinishedSize : 1.9552516580197453E7
TETS
Total Read / Write : 251.4627750375295
CPU intensive
Task Time : 444150
CPU Time : 435950
========================================
Task Size >> {0=29314118}
Update attemptID:attempt_1453169138423_0014_m_000000_0
attempt_1453169138423_0014_m_000000_0:MAP:SORT:0.667
FILE_BYTES_READ : 0
HDFS_BYTES_READ : 29314273
FILE_BYTES_WRITTEN : 116575
HBW_BYTES_WRITTEN : 0
CPU/Time : 0.9820402652157001
Written/Time : 0.26059946259394545
FinishedSize : 1.9552516580197453E7
TETS
Total Read / Write : 251.4627750375295
CPU intensive
Task Time : 447334
CPU Time : 439300
========================================
Task Size >> {0=29314118}
Update attemptID:attempt_1453169138423_0014_m_000000_0
attempt_1453169138423_0014_m_000000_0:MAP:SORT:0.667
FILE_BYTES_READ : 0
HDFS_BYTES_READ : 29314273
FILE_BYTES_WRITTEN : 116575
HBW_BYTES_WRITTEN : 0
CPU/Time : 0.9825156431388826
Written/Time : 0.2587582710530346
FinishedSize : 1.9552516580197453E7
TETS
Total Read / Write : 251.4627750375295
CPU intensive
Task Time : 450517
CPU Time : 442640
========================================
Task Size >> {0=29314118}
Update attemptID:attempt_1453169138423_0014_m_000000_0
attempt_1453169138423_0014_m_000000_0:MAP:SORT:0.667
FILE_BYTES_READ : 0
HDFS_BYTES_READ : 29314273
FILE_BYTES_WRITTEN : 116575
HBW_BYTES_WRITTEN : 0
CPU/Time : 0.9829959335706335
Written/Time : 0.2569344191838489
FinishedSize : 1.9552516580197453E7
TETS
Total Read / Write : 251.4627750375295
CPU intensive
Task Time : 453715
CPU Time : 446000
========================================
Task Size >> {0=29314118}
Update attemptID:attempt_1453169138423_0014_m_000000_0
attempt_1453169138423_0014_m_000000_0:MAP:SORT:0.667
FILE_BYTES_READ : 0
HDFS_BYTES_READ : 29314273
FILE_BYTES_WRITTEN : 116575
HBW_BYTES_WRITTEN : 0
CPU/Time : 0.9834361279760472
Written/Time : 0.255144474259025
FinishedSize : 1.9552516580197453E7
TETS
Total Read / Write : 251.4627750375295
CPU intensive
Task Time : 456898
CPU Time : 449330
========================================
Task Size >> {0=29314118}
Update attemptID:attempt_1453169138423_0014_m_000000_0
attempt_1453169138423_0014_m_000000_0:MAP:SORT:0.667
FILE_BYTES_READ : 0
HDFS_BYTES_READ : 29314273
FILE_BYTES_WRITTEN : 116575
HBW_BYTES_WRITTEN : 0
CPU/Time : 0.9839072864955095
Written/Time : 0.25337764408238495
FinishedSize : 1.9552516580197453E7
TETS
Total Read / Write : 251.4627750375295
CPU intensive
Task Time : 460084
CPU Time : 452680
========================================
Task Size >> {0=29314118}
Update attemptID:attempt_1453169138423_0014_m_000000_0
attempt_1453169138423_0014_m_000000_0:MAP:SORT:0.667
FILE_BYTES_READ : 0
HDFS_BYTES_READ : 29314273
FILE_BYTES_WRITTEN : 116575
HBW_BYTES_WRITTEN : 0
CPU/Time : 0.9843461292717886
Written/Time : 0.25163402925279316
FinishedSize : 1.9552516580197453E7
TETS
Total Read / Write : 251.4627750375295
CPU intensive
Task Time : 463272
CPU Time : 456020
========================================
Task Size >> {0=29314118}
Update attemptID:attempt_1453169138423_0014_m_000000_0
attempt_1453169138423_0014_m_000000_0:MAP:SORT:0.667
FILE_BYTES_READ : 0
HDFS_BYTES_READ : 29314273
FILE_BYTES_WRITTEN : 116575
HBW_BYTES_WRITTEN : 0
CPU/Time : 0.9847659800710035
Written/Time : 0.24991639082785944
FinishedSize : 1.9552516580197453E7
TETS
Total Read / Write : 251.4627750375295
CPU intensive
Task Time : 466456
CPU Time : 459350
========================================
Task Size >> {0=29314118}
Update attemptID:attempt_1453169138423_0014_m_000000_0
attempt_1453169138423_0014_m_000000_0:MAP:SORT:0.667
FILE_BYTES_READ : 0
HDFS_BYTES_READ : 29314273
FILE_BYTES_WRITTEN : 116575
HBW_BYTES_WRITTEN : 0
CPU/Time : 0.9851330403379668
Written/Time : 0.2482262707822295
FinishedSize : 1.9552516580197453E7
TETS
Total Read / Write : 251.4627750375295
CPU intensive
Task Time : 469632
CPU Time : 462650
========================================
Task Size >> {0=29314118}
Update attemptID:attempt_1453169138423_0014_m_000000_0
attempt_1453169138423_0014_m_000000_0:MAP:SORT:0.667
FILE_BYTES_READ : 0
HDFS_BYTES_READ : 29314273
FILE_BYTES_WRITTEN : 116575
HBW_BYTES_WRITTEN : 0
CPU/Time : 0.9855020356368636
Written/Time : 0.2465499920689473
FinishedSize : 1.9552516580197453E7
TETS
Total Read / Write : 251.4627750375295
CPU intensive
Task Time : 472825
CPU Time : 465970
========================================
Task Size >> {0=29314118}
Update attemptID:attempt_1453169138423_0014_m_000000_0
attempt_1453169138423_0014_m_000000_0:MAP:SORT:0.667
FILE_BYTES_READ : 0
HDFS_BYTES_READ : 29314273
FILE_BYTES_WRITTEN : 116575
HBW_BYTES_WRITTEN : 0
CPU/Time : 0.985885313709879
Written/Time : 0.24489054238292204
FinishedSize : 1.9552516580197453E7
TETS
Total Read / Write : 251.4627750375295
CPU intensive
Task Time : 476029
CPU Time : 469310
========================================
Task Size >> {0=29314118}
Update attemptID:attempt_1453169138423_0014_m_000000_0
attempt_1453169138423_0014_m_000000_0:MAP:SORT:0.667
FILE_BYTES_READ : 0
HDFS_BYTES_READ : 29314273
FILE_BYTES_WRITTEN : 116575
HBW_BYTES_WRITTEN : 0
CPU/Time : 0.9863322413037581
Written/Time : 0.24325480458235085
FinishedSize : 1.9552516580197453E7
TETS
Total Read / Write : 251.4627750375295
CPU intensive
Task Time : 479230
CPU Time : 472680
========================================
Task Size >> {0=29314118}
Update attemptID:attempt_1453169138423_0014_m_000000_0
attempt_1453169138423_0014_m_000000_0:MAP:SORT:0.667
FILE_BYTES_READ : 0
HDFS_BYTES_READ : 29314273
FILE_BYTES_WRITTEN : 116575
HBW_BYTES_WRITTEN : 0
CPU/Time : 0.9867694214653338
Written/Time : 0.241634763070456
FinishedSize : 1.9552516580197453E7
TETS
Total Read / Write : 251.4627750375295
CPU intensive
Task Time : 482443
CPU Time : 476060
========================================
Task Size >> {0=29314118}
Update attemptID:attempt_1453169138423_0014_m_000000_0
attempt_1453169138423_0014_m_000000_0:MAP:SORT:0.667
FILE_BYTES_READ : 0
HDFS_BYTES_READ : 29314273
FILE_BYTES_WRITTEN : 116575
HBW_BYTES_WRITTEN : 0
CPU/Time : 0.9871367474729588
Written/Time : 0.24004060562507334
FinishedSize : 1.9552516580197453E7
TETS
Total Read / Write : 251.4627750375295
CPU intensive
Task Time : 485647
CPU Time : 479400
========================================
Task Size >> {0=29314118}
Update attemptID:attempt_1453169138423_0014_m_000000_0
attempt_1453169138423_0014_m_000000_0:MAP:SORT:0.667
FILE_BYTES_READ : 0
HDFS_BYTES_READ : 29314273
FILE_BYTES_WRITTEN : 116575
HBW_BYTES_WRITTEN : 0
CPU/Time : 0.9876909956935662
Written/Time : 0.23558072188844498
FinishedSize : 1.9552516580197453E7
TETS
Total Read / Write : 251.4627750375295
CPU intensive
Task Time : 494841
CPU Time : 488750
========================================
Task Size >> {0=29314118}
Update attemptID:attempt_1453169138423_0014_m_000000_0
attempt_1453169138423_0014_m_000000_0:MAP:SORT:0.667
FILE_BYTES_READ : 0
HDFS_BYTES_READ : 29314273
FILE_BYTES_WRITTEN : 116575
HBW_BYTES_WRITTEN : 0
CPU/Time : 0.9880291220419162
Written/Time : 0.2340666048244927
FinishedSize : 1.9552516580197453E7
TETS
Total Read / Write : 251.4627750375295
CPU intensive
Task Time : 498042
CPU Time : 492080
========================================
Task Size >> {0=29314118}
Update attemptID:attempt_1453169138423_0014_m_000000_0
attempt_1453169138423_0014_m_000000_0:MAP:SORT:0.667
FILE_BYTES_READ : 0
HDFS_BYTES_READ : 29314273
FILE_BYTES_WRITTEN : 116575
HBW_BYTES_WRITTEN : 0
CPU/Time : 0.9883644373152016
Written/Time : 0.23258157064135254
FinishedSize : 1.9552516580197453E7
TETS
Total Read / Write : 251.4627750375295
CPU intensive
Task Time : 501222
CPU Time : 495390
========================================
Task Size >> {0=29314118}
Update attemptID:attempt_1453169138423_0014_m_000000_0
attempt_1453169138423_0014_m_000000_0:MAP:SORT:0.667
FILE_BYTES_READ : 0
HDFS_BYTES_READ : 29314273
FILE_BYTES_WRITTEN : 116575
HBW_BYTES_WRITTEN : 0
CPU/Time : 0.9887648023283248
Written/Time : 0.2311175522455526
FinishedSize : 1.9552516580197453E7
TETS
Total Read / Write : 251.4627750375295
CPU intensive
Task Time : 504397
CPU Time : 498730
========================================
Task Size >> {0=29314118}
Update attemptID:attempt_1453169138423_0014_m_000000_0
attempt_1453169138423_0014_m_000000_0:MAP:SORT:0.667
FILE_BYTES_READ : 0
HDFS_BYTES_READ : 29314273
FILE_BYTES_WRITTEN : 116575
HBW_BYTES_WRITTEN : 0
CPU/Time : 0.9891365593982355
Written/Time : 0.22967094453222583
FinishedSize : 1.9552516580197453E7
TETS
Total Read / Write : 251.4627750375295
CPU intensive
Task Time : 507574
CPU Time : 502060
========================================
Task Size >> {0=29314118}
Update attemptID:attempt_1453169138423_0014_m_000000_0
attempt_1453169138423_0014_m_000000_0:MAP:SORT:0.667
FILE_BYTES_READ : 0
HDFS_BYTES_READ : 29314273
FILE_BYTES_WRITTEN : 116575
HBW_BYTES_WRITTEN : 0
CPU/Time : 0.989645316784417
Written/Time : 0.22558347894908964
FinishedSize : 1.9552516580197453E7
TETS
Total Read / Write : 251.4627750375295
CPU intensive
Task Time : 516771
CPU Time : 511420
========================================
Task Size >> {0=29314118}
Update attemptID:attempt_1453169138423_0014_m_000000_0
attempt_1453169138423_0014_m_000000_0:MAP:SORT:0.667
FILE_BYTES_READ : 0
HDFS_BYTES_READ : 29314273
FILE_BYTES_WRITTEN : 116575
HBW_BYTES_WRITTEN : 0
CPU/Time : 0.99000094240012
Written/Time : 0.22420468161300436
FinishedSize : 1.9552516580197453E7
TETS
Total Read / Write : 251.4627750375295
CPU intensive
Task Time : 519949
CPU Time : 514750
========================================
Task Size >> {0=29314118}
Update attemptID:attempt_1453169138423_0014_m_000000_0
attempt_1453169138423_0014_m_000000_0:MAP:SORT:0.667
FILE_BYTES_READ : 0
HDFS_BYTES_READ : 29314273
FILE_BYTES_WRITTEN : 116575
HBW_BYTES_WRITTEN : 0
CPU/Time : 0.9903772264849924
Written/Time : 0.22283965484942672
FinishedSize : 1.9552516580197453E7
TETS
Total Read / Write : 251.4627750375295
CPU intensive
Task Time : 523134
CPU Time : 518100
========================================
Task Size >> {0=29314118}
Update attemptID:attempt_1453169138423_0014_m_000000_0
attempt_1453169138423_0014_m_000000_0:MAP:SORT:0.667
FILE_BYTES_READ : 0
HDFS_BYTES_READ : 29314273
FILE_BYTES_WRITTEN : 116575
HBW_BYTES_WRITTEN : 0
CPU/Time : 0.9907205447595018
Written/Time : 0.22148904477090156
FinishedSize : 1.9552516580197453E7
TETS
Total Read / Write : 251.4627750375295
CPU intensive
Task Time : 526324
CPU Time : 521440
========================================
Task Size >> {0=29314118}
Update attemptID:attempt_1453169138423_0014_m_000000_0
attempt_1453169138423_0014_m_000000_0:MAP:SORT:0.667
FILE_BYTES_READ : 0
HDFS_BYTES_READ : 29314273
FILE_BYTES_WRITTEN : 116575
HBW_BYTES_WRITTEN : 0
CPU/Time : 0.9910820182363473
Written/Time : 0.22016385516683915
FinishedSize : 1.9552516580197453E7
TETS
Total Read / Write : 251.4627750375295
CPU intensive
Task Time : 529492
CPU Time : 524770
========================================
Task Size >> {0=29314118}
Update attemptID:attempt_1453169138423_0014_m_000000_0
attempt_1453169138423_0014_m_000000_0:MAP:SORT:0.667
FILE_BYTES_READ : 0
HDFS_BYTES_READ : 29314273
FILE_BYTES_WRITTEN : 116575
HBW_BYTES_WRITTEN : 0
CPU/Time : 0.9914395134039198
Written/Time : 0.2188462116092213
FinishedSize : 1.9552516580197453E7
TETS
Total Read / Write : 251.4627750375295
CPU intensive
Task Time : 532680
CPU Time : 528120
========================================
Task Size >> {0=29314118}
Update attemptID:attempt_1453169138423_0014_m_000000_0
attempt_1453169138423_0014_m_000000_0:MAP:SORT:0.667
FILE_BYTES_READ : 0
HDFS_BYTES_READ : 29314273
FILE_BYTES_WRITTEN : 116575
HBW_BYTES_WRITTEN : 0
CPU/Time : 0.9918115690511646
Written/Time : 0.21754018638570718
FinishedSize : 1.9552516580197453E7
TETS
Total Read / Write : 251.4627750375295
CPU intensive
Task Time : 535878
CPU Time : 531490
========================================
Task Size >> {0=29314118}
Update attemptID:attempt_1453169138423_0014_m_000000_0
attempt_1453169138423_0014_m_000000_0:MAP:SORT:0.667
FILE_BYTES_READ : 0
HDFS_BYTES_READ : 29314273
FILE_BYTES_WRITTEN : 116575
HBW_BYTES_WRITTEN : 0
CPU/Time : 0.9921984101654955
Written/Time : 0.21505564789722342
FinishedSize : 1.9552516580197453E7
TETS
Total Read / Write : 251.4627750375295
CPU intensive
Task Time : 542069
CPU Time : 537840
========================================
Task Size >> {0=29314118}
Update attemptID:attempt_1453169138423_0014_m_000000_0
attempt_1453169138423_0014_m_000000_0:MAP:SORT:0.667
FILE_BYTES_READ : 0
HDFS_BYTES_READ : 29314273
FILE_BYTES_WRITTEN : 116575
HBW_BYTES_WRITTEN : 0
CPU/Time : 0.9925426787666258
Written/Time : 0.21380649847038713
FinishedSize : 1.9552516580197453E7
TETS
Total Read / Write : 251.4627750375295
CPU intensive
Task Time : 545236
CPU Time : 541170
========================================
Task Size >> {0=29314118}
Update attemptID:attempt_1453169138423_0014_m_000000_0
attempt_1453169138423_0014_m_000000_0:MAP:SORT:0.667
FILE_BYTES_READ : 0
HDFS_BYTES_READ : 29314273
FILE_BYTES_WRITTEN : 116575
HBW_BYTES_WRITTEN : 0
CPU/Time : 0.9928684873206409
Written/Time : 0.21256867568301877
FinishedSize : 1.9552516580197453E7
TETS
Total Read / Write : 251.4627750375295
CPU intensive
Task Time : 548411
CPU Time : 544500
========================================
Task Size >> {0=29314118}
Update attemptID:attempt_1453169138423_0014_m_000000_0
attempt_1453169138423_0014_m_000000_0:MAP:SORT:0.667
FILE_BYTES_READ : 0
HDFS_BYTES_READ : 29314273
FILE_BYTES_WRITTEN : 116575
HBW_BYTES_WRITTEN : 0
CPU/Time : 0.9932144456348926
Written/Time : 0.21133475824536405
FinishedSize : 1.9552516580197453E7
TETS
Total Read / Write : 251.4627750375295
CPU intensive
Task Time : 551613
CPU Time : 547870
========================================
Task Size >> {0=29314118}
Update attemptID:attempt_1453169138423_0014_m_000000_0
attempt_1453169138423_0014_m_000000_0:MAP:SORT:0.667
FILE_BYTES_READ : 0
HDFS_BYTES_READ : 29314273
FILE_BYTES_WRITTEN : 116575
HBW_BYTES_WRITTEN : 0
CPU/Time : 0.9935327813005814
Written/Time : 0.21012152170699966
FinishedSize : 1.9552516580197453E7
TETS
Total Read / Write : 251.4627750375295
CPU intensive
Task Time : 554798
CPU Time : 551210
========================================
Task Size >> {0=29314118}
Update attemptID:attempt_1453169138423_0014_m_000000_0
attempt_1453169138423_0014_m_000000_0:MAP:SORT:0.667
FILE_BYTES_READ : 0
HDFS_BYTES_READ : 29314273
FILE_BYTES_WRITTEN : 116575
HBW_BYTES_WRITTEN : 0
CPU/Time : 0.9937990608982401
Written/Time : 0.2089232588981684
FinishedSize : 1.9552516580197453E7
TETS
Total Read / Write : 251.4627750375295
CPU intensive
Task Time : 557980
CPU Time : 554520
========================================
Task Size >> {0=29314118}
Update attemptID:attempt_1453169138423_0014_m_000000_0
attempt_1453169138423_0014_m_000000_0:MAP:SORT:0.667
FILE_BYTES_READ : 0
HDFS_BYTES_READ : 29314273
FILE_BYTES_WRITTEN : 116575
HBW_BYTES_WRITTEN : 0
CPU/Time : 0.9940142809029009
Written/Time : 0.20773599396973105
FinishedSize : 1.9552516580197453E7
TETS
Total Read / Write : 251.4627750375295
CPU intensive
Task Time : 561169
CPU Time : 557810
========================================
Task Size >> {0=29314118}
Update attemptID:attempt_1453169138423_0014_m_000000_0
attempt_1453169138423_0014_m_000000_0:MAP:SORT:0.667
FILE_BYTES_READ : 0
HDFS_BYTES_READ : 29314273
FILE_BYTES_WRITTEN : 116575
HBW_BYTES_WRITTEN : 0
CPU/Time : 0.9942925590634197
Written/Time : 0.20656470884254657
FinishedSize : 1.9552516580197453E7
TETS
Total Read / Write : 251.4627750375295
CPU intensive
Task Time : 564351
CPU Time : 561130
========================================
Task Size >> {0=29314118}
Update attemptID:attempt_1453169138423_0014_m_000000_0
attempt_1453169138423_0014_m_000000_0:MAP:SORT:0.667
FILE_BYTES_READ : 0
HDFS_BYTES_READ : 29314273
FILE_BYTES_WRITTEN : 116575
HBW_BYTES_WRITTEN : 0
CPU/Time : 0.9945818319575004
Written/Time : 0.20540583400142723
FinishedSize : 1.9552516580197453E7
TETS
Total Read / Write : 251.4627750375295
CPU intensive
Task Time : 567535
CPU Time : 564460
========================================
Task Size >> {0=29314118}
Update attemptID:attempt_1453169138423_0014_m_000000_0
attempt_1453169138423_0014_m_000000_0:MAP:SORT:0.667
FILE_BYTES_READ : 0
HDFS_BYTES_READ : 29314273
FILE_BYTES_WRITTEN : 116575
HBW_BYTES_WRITTEN : 0
CPU/Time : 0.9948765034063192
Written/Time : 0.20426525834758474
FinishedSize : 1.9552516580197453E7
TETS
Total Read / Write : 251.4627750375295
CPU intensive
Task Time : 570704
CPU Time : 567780
========================================
Task Size >> {0=29314118}
Update attemptID:attempt_1453169138423_0014_m_000000_0
attempt_1453169138423_0014_m_000000_0:MAP:SORT:0.667
FILE_BYTES_READ : 0
HDFS_BYTES_READ : 29314273
FILE_BYTES_WRITTEN : 116575
HBW_BYTES_WRITTEN : 0
CPU/Time : 0.9951906321879138
Written/Time : 0.20313480170070397
FinishedSize : 1.9552516580197453E7
TETS
Total Read / Write : 251.4627750375295
CPU intensive
Task Time : 573880
CPU Time : 571120
========================================
Task Size >> {0=29314118}
Update attemptID:attempt_1453169138423_0014_m_000000_0
attempt_1453169138423_0014_m_000000_0:MAP:SORT:0.667
FILE_BYTES_READ : 0
HDFS_BYTES_READ : 29314273
FILE_BYTES_WRITTEN : 116575
HBW_BYTES_WRITTEN : 0
CPU/Time : 0.9954961277789619
Written/Time : 0.20201573842536033
FinishedSize : 1.9552516580197453E7
TETS
Total Read / Write : 251.4627750375295
CPU intensive
Task Time : 577059
CPU Time : 574460
========================================
Task Size >> {0=29314118}
Update attemptID:attempt_1453169138423_0014_m_000000_0
attempt_1453169138423_0014_m_000000_0:MAP:SORT:0.667
FILE_BYTES_READ : 0
HDFS_BYTES_READ : 29314273
FILE_BYTES_WRITTEN : 116575
HBW_BYTES_WRITTEN : 0
CPU/Time : 0.9957449301937616
Written/Time : 0.20090512866028204
FinishedSize : 1.9552516580197453E7
TETS
Total Read / Write : 251.4627750375295
CPU intensive
Task Time : 580249
CPU Time : 577780
========================================
Task Size >> {0=29314118}
Update attemptID:attempt_1453169138423_0014_m_000000_0
attempt_1453169138423_0014_m_000000_0:MAP:SORT:0.667
FILE_BYTES_READ : 0
HDFS_BYTES_READ : 29314273
FILE_BYTES_WRITTEN : 116575
HBW_BYTES_WRITTEN : 0
CPU/Time : 0.9960645577083933
Written/Time : 0.19981454056796522
FinishedSize : 1.9552516580197453E7
TETS
Total Read / Write : 251.4627750375295
CPU intensive
Task Time : 583416
CPU Time : 581120
========================================
Task Size >> {0=29314118}
Update attemptID:attempt_1453169138423_0014_m_000000_0
attempt_1453169138423_0014_m_000000_0:MAP:SORT:0.667
FILE_BYTES_READ : 0
HDFS_BYTES_READ : 29314273
FILE_BYTES_WRITTEN : 116575
HBW_BYTES_WRITTEN : 0
CPU/Time : 0.9963621734223868
Written/Time : 0.19872522646919438
FinishedSize : 1.9552516580197453E7
TETS
Total Read / Write : 251.4627750375295
CPU intensive
Task Time : 586614
CPU Time : 584480
========================================
Task Size >> {0=29314118}
Update attemptID:attempt_1453169138423_0014_m_000000_0
attempt_1453169138423_0014_m_000000_0:MAP:SORT:0.667
FILE_BYTES_READ : 0
HDFS_BYTES_READ : 29314273
FILE_BYTES_WRITTEN : 116575
HBW_BYTES_WRITTEN : 0
CPU/Time : 0.9965988240001628
Written/Time : 0.19765308683002258
FinishedSize : 1.9552516580197453E7
TETS
Total Read / Write : 251.4627750375295
CPU intensive
Task Time : 589796
CPU Time : 587790
========================================
Task Size >> {0=29314118}
Update attemptID:attempt_1453169138423_0014_m_000000_0
attempt_1453169138423_0014_m_000000_0:MAP:SORT:0.667
FILE_BYTES_READ : 0
HDFS_BYTES_READ : 29314273
FILE_BYTES_WRITTEN : 116575
HBW_BYTES_WRITTEN : 0
CPU/Time : 0.9968379779923269
Written/Time : 0.1965934482904001
FinishedSize : 1.9552516580197453E7
TETS
Total Read / Write : 251.4627750375295
CPU intensive
Task Time : 592975
CPU Time : 591100
========================================
Task Size >> {0=29314118}
Update attemptID:attempt_1453169138423_0014_m_000000_0
attempt_1453169138423_0014_m_000000_0:MAP:SORT:0.667
FILE_BYTES_READ : 0
HDFS_BYTES_READ : 29314273
FILE_BYTES_WRITTEN : 116575
HBW_BYTES_WRITTEN : 0
CPU/Time : 0.9970561347300618
Written/Time : 0.19554478281654938
FinishedSize : 1.9552516580197453E7
TETS
Total Read / Write : 251.4627750375295
CPU intensive
Task Time : 596155
CPU Time : 594400
========================================
Task Size >> {0=29314118}
Update attemptID:attempt_1453169138423_0014_m_000000_0
attempt_1453169138423_0014_m_000000_0:MAP:SORT:0.667
FILE_BYTES_READ : 0
HDFS_BYTES_READ : 29314273
FILE_BYTES_WRITTEN : 116575
HBW_BYTES_WRITTEN : 0
CPU/Time : 0.9972986456520542
Written/Time : 0.19450919278059298
FinishedSize : 1.9552516580197453E7
TETS
Total Read / Write : 251.4627750375295
CPU intensive
Task Time : 599329
CPU Time : 597710
========================================
Task Size >> {0=29314118}
Update attemptID:attempt_1453169138423_0014_m_000000_0
attempt_1453169138423_0014_m_000000_0:MAP:SORT:0.667
FILE_BYTES_READ : 0
HDFS_BYTES_READ : 29314273
FILE_BYTES_WRITTEN : 116575
HBW_BYTES_WRITTEN : 0
CPU/Time : 0.9975453056252168
Written/Time : 0.1934793757541256
FinishedSize : 1.9552516580197453E7
TETS
Total Read / Write : 251.4627750375295
CPU intensive
Task Time : 602519
CPU Time : 601040
========================================
Task Size >> {0=29314118}
Update attemptID:attempt_1453169138423_0014_m_000000_0
attempt_1453169138423_0014_m_000000_0:MAP:SORT:0.667
FILE_BYTES_READ : 0
HDFS_BYTES_READ : 29314273
FILE_BYTES_WRITTEN : 156629
HBW_BYTES_WRITTEN : 0
CPU/Time : 0.9977794837506088
Written/Time : 0.2585853082720421
FinishedSize : 1.9552516580197453E7
TETS
Total Read / Write : 187.15737826328458
CPU intensive
Task Time : 605715
CPU Time : 604370
========================================
Task Size >> {0=29314118}
Update attemptID:attempt_1453169138423_0014_m_000000_0
attempt_1453169138423_0014_m_000000_0:MAP:SORT:0.667
FILE_BYTES_READ : 0
HDFS_BYTES_READ : 29314273
FILE_BYTES_WRITTEN : 366461
HBW_BYTES_WRITTEN : 0
CPU/Time : 0.9979964286992073
Written/Time : 0.5959665117368296
FinishedSize : 1.9552516580197453E7
TETS
Total Read / Write : 79.99288600969817
CPU intensive
Task Time : 614902
CPU Time : 613670
========================================
Task Size >> {0=29314118}
Update attemptID:attempt_1453169138423_0014_m_000000_0
attempt_1453169138423_0014_m_000000_0:MAP:SORT:0.667
FILE_BYTES_READ : 0
HDFS_BYTES_READ : 29314273
FILE_BYTES_WRITTEN : 474863
HBW_BYTES_WRITTEN : 0
CPU/Time : 0.998273979925356
Written/Time : 0.764573759986604
FinishedSize : 1.9552516580197453E7
TETS
Total Read / Write : 61.73206377418329
CPU intensive
Task Time : 621082
CPU Time : 620010
========================================
Task Size >> {0=29314118}
Update attemptID:attempt_1453169138423_0014_m_000000_0
attempt_1453169138423_0014_m_000000_0:MAP:SORT:0.667
FILE_BYTES_READ : 0
HDFS_BYTES_READ : 29314273
FILE_BYTES_WRITTEN : 628261
HBW_BYTES_WRITTEN : 0
CPU/Time : 0.9985371859392155
Written/Time : 0.9967776839940853
FinishedSize : 1.9552516580197453E7
TETS
Total Read / Write : 46.659386783518315
CPU intensive
Task Time : 630292
CPU Time : 629370
========================================
Task Size >> {0=29314118}
Update attemptID:attempt_1453169138423_0014_m_000000_0
attempt_1453169138423_0014_m_000000_0:MAP:SORT:0.667
FILE_BYTES_READ : 0
HDFS_BYTES_READ : 29314273
FILE_BYTES_WRITTEN : 748381
HBW_BYTES_WRITTEN : 0
CPU/Time : 0.9988209796814456
Written/Time : 1.1702339589125492
FinishedSize : 1.9552516580197453E7
TETS
Total Read / Write : 39.17025285249091
CPU intensive
Task Time : 639514
CPU Time : 638760
========================================
Task Size >> {0=29314118}
Update attemptID:attempt_1453169138423_0014_m_000000_0
attempt_1453169138423_0014_m_000000_0:MAP:SORT:0.667
FILE_BYTES_READ : 0
HDFS_BYTES_READ : 29314273
FILE_BYTES_WRITTEN : 889473
HBW_BYTES_WRITTEN : 0
CPU/Time : 0.9980530681518638
Written/Time : 1.3711348469970541
FinishedSize : 1.9552516580197453E7
TETS
Total Read / Write : 32.956900321875985
CPU intensive
Task Time : 648713
CPU Time : 647450
========================================
Task Size >> {0=29314118}
Update attemptID:attempt_1453169138423_0014_m_000000_0
attempt_1453169138423_0014_m_000000_0:MAP:SORT:0.667
FILE_BYTES_READ : 0
HDFS_BYTES_READ : 29314273
FILE_BYTES_WRITTEN : 1018259
HBW_BYTES_WRITTEN : 0
CPU/Time : 0.9983234355738699
Written/Time : 1.5477577660805024
FinishedSize : 1.9552516580197453E7
TETS
Total Read / Write : 28.78862155895504
CPU intensive
Task Time : 657893
CPU Time : 656790
========================================
Task Size >> {0=29314118}
Update attemptID:attempt_1453169138423_0014_m_000000_0
attempt_1453169138423_0014_m_000000_0:MAP:SORT:0.667
FILE_BYTES_READ : 0
HDFS_BYTES_READ : 29314273
FILE_BYTES_WRITTEN : 1163047
HBW_BYTES_WRITTEN : 0
CPU/Time : 0.998593909740398
Written/Time : 1.7434424927072185
FinishedSize : 1.9552516580197453E7
TETS
Total Read / Write : 25.204719155803677
CPU intensive
Task Time : 667098
CPU Time : 666160
========================================
Task Size >> {0=29314118}
Update attemptID:attempt_1453169138423_0014_m_000000_0
attempt_1453169138423_0014_m_000000_0:MAP:SORT:0.667
FILE_BYTES_READ : 0
HDFS_BYTES_READ : 29314273
FILE_BYTES_WRITTEN : 1286037
HBW_BYTES_WRITTEN : 0
CPU/Time : 0.9988792254531152
Written/Time : 1.9015270922849903
FinishedSize : 1.9552516580197453E7
TETS
Total Read / Write : 22.794268749654947
CPU intensive
Task Time : 676318
CPU Time : 675560
========================================
Task Size >> {0=29314118}
Update attemptID:attempt_1453169138423_0014_m_000000_0
attempt_1453169138423_0014_m_000000_0:MAP:SORT:0.667
FILE_BYTES_READ : 0
HDFS_BYTES_READ : 29314273
FILE_BYTES_WRITTEN : 1412849
HBW_BYTES_WRITTEN : 0
CPU/Time : 0.9991305819266071
Written/Time : 2.061000764387702
FinishedSize : 1.9552516580197453E7
TETS
Total Read / Write : 20.748341117840617
CPU intensive
Task Time : 685516
CPU Time : 684920
========================================
Task Size >> {0=29314118}
Update attemptID:attempt_1453169138423_0014_m_000000_0
attempt_1453169138423_0014_m_000000_0:MAP:SORT:1.0
FILE_BYTES_READ : 0
HDFS_BYTES_READ : 29314273
FILE_BYTES_WRITTEN : 1426509
HBW_BYTES_WRITTEN : 0
CPU/Time : 0.9991394511416469
Written/Time : 2.077124689306916
FinishedSize : 2.9314118E7
TETS
Total Read / Write : 20.54965864218172
CPU intensive
Task Time : 686771
CPU Time : 686180
========================================
