Now Use estimatorClass : org.apache.hadoop.mapreduce.v2.app.speculate.LegacyTaskRuntimeEstimator_Fixed
serviceStart
Task Size >> {0=27503580}
Update attemptID:attempt_1453169138423_0012_m_000000_0
attempt_1453169138423_0012_m_000000_0:MAP:MAP:0.015624492
FILE_BYTES_READ : 0
HDFS_BYTES_READ : 629092
FILE_BYTES_WRITTEN : 118186
HBW_BYTES_WRITTEN : 0
CPU/Time : 0.20177922454348843
Written/Time : 2.635080600209583
FinishedSize : 429729.4774858095
TETS
Total Read / Write : 5.322897805154587
CPU intensive
Task Time : 44851
CPU Time : 9050
========================================
Task Size >> {0=27503580}
Update attemptID:attempt_1453169138423_0012_m_000000_0
attempt_1453169138423_0012_m_000000_0:MAP:MAP:0.02429701
FILE_BYTES_READ : 0
HDFS_BYTES_READ : 988999
FILE_BYTES_WRITTEN : 118186
HBW_BYTES_WRITTEN : 0
CPU/Time : 0.2613494377342774
Written/Time : 2.461182840483132
FinishedSize : 668254.7625184804
TETS
Total Read / Write : 8.368156972907112
CPU intensive
Task Time : 48020
CPU Time : 12550
========================================
Task Size >> {0=27503580}
Update attemptID:attempt_1453169138423_0012_m_000000_0
attempt_1453169138423_0012_m_000000_0:MAP:MAP:0.03242576
FILE_BYTES_READ : 0
HDFS_BYTES_READ : 1324497
FILE_BYTES_WRITTEN : 118186
HBW_BYTES_WRITTEN : 0
CPU/Time : 0.30982613791756203
Written/Time : 2.3087712443836685
FinishedSize : 891824.51785326
TETS
Total Read / Write : 11.20688575635016
CPU intensive
Task Time : 51190
CPU Time : 15860
========================================
Task Size >> {0=27503580}
Update attemptID:attempt_1453169138423_0012_m_000000_0
attempt_1453169138423_0012_m_000000_0:MAP:MAP:0.041176926
FILE_BYTES_READ : 0
HDFS_BYTES_READ : 1698160
FILE_BYTES_WRITTEN : 118186
HBW_BYTES_WRITTEN : 0
CPU/Time : 0.35244559718926477
Written/Time : 2.174015414896161
FinishedSize : 1132512.887873724
TETS
Total Read / Write : 14.368537728664986
CPU intensive
Task Time : 54363
CPU Time : 19160
========================================
Task Size >> {0=27503580}
Update attemptID:attempt_1453169138423_0012_m_000000_0
attempt_1453169138423_0012_m_000000_0:MAP:MAP:0.048875727
FILE_BYTES_READ : 0
HDFS_BYTES_READ : 2001287
FILE_BYTES_WRITTEN : 118186
HBW_BYTES_WRITTEN : 0
CPU/Time : 0.39042536548055695
Written/Time : 2.0544440002085977
FinishedSize : 1344257.4609862268
TETS
Total Read / Write : 16.933367742372194
CPU intensive
Task Time : 57527
CPU Time : 22460
========================================
Task Size >> {0=27503580}
Update attemptID:attempt_1453169138423_0012_m_000000_0
attempt_1453169138423_0012_m_000000_0:MAP:MAP:0.05726375
FILE_BYTES_READ : 0
HDFS_BYTES_READ : 2347882
FILE_BYTES_WRITTEN : 118186
HBW_BYTES_WRITTEN : 0
CPU/Time : 0.4242593996111642
Written/Time : 1.9472435496095166
FinishedSize : 1574958.145257756
TETS
Total Read / Write : 19.865990895706766
CPU intensive
Task Time : 60694
CPU Time : 25750
========================================
Task Size >> {0=27503580}
Update attemptID:attempt_1453169138423_0012_m_000000_0
attempt_1453169138423_0012_m_000000_0:MAP:MAP:0.06547426
FILE_BYTES_READ : 0
HDFS_BYTES_READ : 2694372
FILE_BYTES_WRITTEN : 118186
HBW_BYTES_WRITTEN : 0
CPU/Time : 0.45522142734146304
Written/Time : 1.850096272757158
FinishedSize : 1800776.4618507028
TETS
Total Read / Write : 22.797725618939637
CPU intensive
Task Time : 63881
CPU Time : 29080
========================================
Task Size >> {0=27503580}
Update attemptID:attempt_1453169138423_0012_m_000000_0
attempt_1453169138423_0012_m_000000_0:MAP:MAP:0.07165425
FILE_BYTES_READ : 0
HDFS_BYTES_READ : 2954881
FILE_BYTES_WRITTEN : 118186
HBW_BYTES_WRITTEN : 0
CPU/Time : 0.4829231916480239
Written/Time : 1.7626547352721849
FinishedSize : 1970748.4716935456
TETS
Total Read / Write : 25.00195454622375
CPU intensive
Task Time : 67050
CPU Time : 32380
========================================
Task Size >> {0=27503580}
Update attemptID:attempt_1453169138423_0012_m_000000_0
attempt_1453169138423_0012_m_000000_0:MAP:MAP:0.078851484
FILE_BYTES_READ : 0
HDFS_BYTES_READ : 3237679
FILE_BYTES_WRITTEN : 118186
HBW_BYTES_WRITTEN : 0
CPU/Time : 0.508194620455937
Written/Time : 1.6828660524854404
FinishedSize : 2168698.091774136
TETS
Total Read / Write : 27.39477603100198
CPU intensive
Task Time : 70229
CPU Time : 35690
========================================
Task Size >> {0=27503580}
Update attemptID:attempt_1453169138423_0012_m_000000_0
attempt_1453169138423_0012_m_000000_0:MAP:MAP:0.083920576
FILE_BYTES_READ : 0
HDFS_BYTES_READ : 3508628
FILE_BYTES_WRITTEN : 118186
HBW_BYTES_WRITTEN : 0
CPU/Time : 0.5314424282055474
Written/Time : 1.6100757451909977
FinishedSize : 2308116.2668155134
TETS
Total Read / Write : 29.68734029411267
CPU intensive
Task Time : 73404
CPU Time : 39010
========================================
Task Size >> {0=27503580}
Update attemptID:attempt_1453169138423_0012_m_000000_0
attempt_1453169138423_0012_m_000000_0:MAP:MAP:0.09087667
FILE_BYTES_READ : 0
HDFS_BYTES_READ : 3734178
FILE_BYTES_WRITTEN : 118186
HBW_BYTES_WRITTEN : 0
CPU/Time : 0.5527775964488544
Written/Time : 1.5429988902669887
FinishedSize : 2499433.727493882
TETS
Total Read / Write : 31.5957727649637
CPU intensive
Task Time : 76595
CPU Time : 42340
========================================
Task Size >> {0=27503580}
Update attemptID:attempt_1453169138423_0012_m_000000_0
attempt_1453169138423_0012_m_000000_0:MAP:MAP:0.097556874
FILE_BYTES_READ : 0
HDFS_BYTES_READ : 4022966
FILE_BYTES_WRITTEN : 118186
HBW_BYTES_WRITTEN : 0
CPU/Time : 0.572463132572388
Written/Time : 1.4807863380652275
FinishedSize : 2683163.29289943
TETS
Total Read / Write : 34.03927707173438
CPU intensive
Task Time : 79813
CPU Time : 45690
========================================
Task Size >> {0=27503580}
Update attemptID:attempt_1453169138423_0012_m_000000_0
attempt_1453169138423_0012_m_000000_0:MAP:MAP:0.10183249
FILE_BYTES_READ : 0
HDFS_BYTES_READ : 4245400
FILE_BYTES_WRITTEN : 118186
HBW_BYTES_WRITTEN : 0
CPU/Time : 0.5910766339829916
Written/Time : 1.4236189741983667
FinishedSize : 2800757.944252342
TETS
Total Read / Write : 35.92134432166247
CPU intensive
Task Time : 83018
CPU Time : 49070
========================================
Task Size >> {0=27503580}
Update attemptID:attempt_1453169138423_0012_m_000000_0
attempt_1453169138423_0012_m_000000_0:MAP:MAP:0.10647603
FILE_BYTES_READ : 0
HDFS_BYTES_READ : 4390744
FILE_BYTES_WRITTEN : 118186
HBW_BYTES_WRITTEN : 0
CPU/Time : 0.6083588459040727
Written/Time : 1.3705584933667316
FinishedSize : 2928472.0433963835
TETS
Total Read / Write : 37.15113465215846
CPU intensive
Task Time : 86232
CPU Time : 52460
========================================
Task Size >> {0=27503580}
Update attemptID:attempt_1453169138423_0012_m_000000_0
attempt_1453169138423_0012_m_000000_0:MAP:MAP:0.109887175
FILE_BYTES_READ : 0
HDFS_BYTES_READ : 4576693
FILE_BYTES_WRITTEN : 118186
HBW_BYTES_WRITTEN : 0
CPU/Time : 0.6240148457849374
Written/Time : 1.3212077850938482
FinishedSize : 3022290.715791732
TETS
Total Read / Write : 38.72449359484203
CPU intensive
Task Time : 89453
CPU Time : 55820
========================================
Task Size >> {0=27503580}
Update attemptID:attempt_1453169138423_0012_m_000000_0
attempt_1453169138423_0012_m_000000_0:MAP:MAP:0.11719121
FILE_BYTES_READ : 0
HDFS_BYTES_READ : 4819082
FILE_BYTES_WRITTEN : 118186
HBW_BYTES_WRITTEN : 0
CPU/Time : 0.6389110770492865
Written/Time : 1.275728071501047
FinishedSize : 3223177.830234468
TETS
Total Read / Write : 40.77540487028921
CPU intensive
Task Time : 92642
CPU Time : 59190
========================================
Task Size >> {0=27503580}
Update attemptID:attempt_1453169138423_0012_m_000000_0
attempt_1453169138423_0012_m_000000_0:MAP:MAP:0.12494392
FILE_BYTES_READ : 0
HDFS_BYTES_READ : 5140563
FILE_BYTES_WRITTEN : 118186
HBW_BYTES_WRITTEN : 0
CPU/Time : 0.6523576489247368
Written/Time : 1.233198034162171
FinishedSize : 3436405.084927529
TETS
Total Read / Write : 43.49553246577429
CPU intensive
Task Time : 95837
CPU Time : 62520
========================================
Task Size >> {0=27503580}
Update attemptID:attempt_1453169138423_0012_m_000000_0
attempt_1453169138423_0012_m_000000_0:MAP:MAP:0.13267735
FILE_BYTES_READ : 0
HDFS_BYTES_READ : 5458095
FILE_BYTES_WRITTEN : 118186
HBW_BYTES_WRITTEN : 0
CPU/Time : 0.6651450270663327
Written/Time : 1.193605073927446
FinishedSize : 3649102.01276958
TETS
Total Read / Write : 46.18224662819623
CPU intensive
Task Time : 99016
CPU Time : 65860
========================================
Task Size >> {0=27503580}
Update attemptID:attempt_1453169138423_0012_m_000000_0
attempt_1453169138423_0012_m_000000_0:MAP:MAP:0.1406503
FILE_BYTES_READ : 0
HDFS_BYTES_READ : 5786822
FILE_BYTES_WRITTEN : 118186
HBW_BYTES_WRITTEN : 0
CPU/Time : 0.6769212704749604
Written/Time : 1.1564414176402669
FinishedSize : 3868386.8378037214
TETS
Total Read / Write : 48.963684361937965
CPU intensive
Task Time : 102198
CPU Time : 69180
========================================
Task Size >> {0=27503580}
Update attemptID:attempt_1453169138423_0012_m_000000_0
attempt_1453169138423_0012_m_000000_0:MAP:MAP:0.1485737
FILE_BYTES_READ : 0
HDFS_BYTES_READ : 6117560
FILE_BYTES_WRITTEN : 118186
HBW_BYTES_WRITTEN : 0
CPU/Time : 0.6881630639008559
Written/Time : 1.1215008255679337
FinishedSize : 4086308.5506999493
TETS
Total Read / Write : 51.76213764743709
CPU intensive
Task Time : 105382
CPU Time : 72520
========================================
Task Size >> {0=27503580}
Update attemptID:attempt_1453169138423_0012_m_000000_0
attempt_1453169138423_0012_m_000000_0:MAP:MAP:0.15656024
FILE_BYTES_READ : 0
HDFS_BYTES_READ : 6443119
FILE_BYTES_WRITTEN : 118186
HBW_BYTES_WRITTEN : 0
CPU/Time : 0.6986790958162156
Written/Time : 1.0886498037987509
FinishedSize : 4305967.145508528
TETS
Total Read / Write : 54.51677017582455
CPU intensive
Task Time : 108562
CPU Time : 75850
========================================
Task Size >> {0=27503580}
Update attemptID:attempt_1453169138423_0012_m_000000_0
attempt_1453169138423_0012_m_000000_0:MAP:MAP:0.16417132
FILE_BYTES_READ : 0
HDFS_BYTES_READ : 6769203
FILE_BYTES_WRITTEN : 118186
HBW_BYTES_WRITTEN : 0
CPU/Time : 0.708404188669113
Written/Time : 1.0577821534055312
FinishedSize : 4515299.1207924485
TETS
Total Read / Write : 57.275844854720525
CPU intensive
Task Time : 111730
CPU Time : 79150
========================================
Task Size >> {0=27503580}
Update attemptID:attempt_1453169138423_0012_m_000000_0
attempt_1453169138423_0012_m_000000_0:MAP:MAP:0.17249061
FILE_BYTES_READ : 0
HDFS_BYTES_READ : 7098875
FILE_BYTES_WRITTEN : 118186
HBW_BYTES_WRITTEN : 0
CPU/Time : 0.7176550451689265
Written/Time : 1.0285808776174479
FinishedSize : 4744109.3373808265
TETS
Total Read / Write : 60.065278459377595
CPU intensive
Task Time : 114902
CPU Time : 82460
========================================
Task Size >> {0=27503580}
Update attemptID:attempt_1453169138423_0012_m_000000_0
attempt_1453169138423_0012_m_000000_0:MAP:MAP:0.18067268
FILE_BYTES_READ : 0
HDFS_BYTES_READ : 7436977
FILE_BYTES_WRITTEN : 118186
HBW_BYTES_WRITTEN : 0
CPU/Time : 0.7263009892939423
Written/Time : 1.0010333378506573
FinishedSize : 4969145.380885005
TETS
Total Read / Write : 62.9260403093429
CPU intensive
Task Time : 118064
CPU Time : 85750
========================================
Task Size >> {0=27503580}
Update attemptID:attempt_1453169138423_0012_m_000000_0
attempt_1453169138423_0012_m_000000_0:MAP:MAP:0.18875998
FILE_BYTES_READ : 0
HDFS_BYTES_READ : 7773874
FILE_BYTES_WRITTEN : 118186
HBW_BYTES_WRITTEN : 0
CPU/Time : 0.7345844504021448
Written/Time : 0.974930913590431
FinishedSize : 5191575.2818501
TETS
Total Read / Write : 65.77660636623627
CPU intensive
Task Time : 121225
CPU Time : 89050
========================================
Task Size >> {0=27503580}
Update attemptID:attempt_1453169138423_0012_m_000000_0
attempt_1453169138423_0012_m_000000_0:MAP:MAP:0.19526713
FILE_BYTES_READ : 0
HDFS_BYTES_READ : 8039031
FILE_BYTES_WRITTEN : 118186
HBW_BYTES_WRITTEN : 0
CPU/Time : 0.7422948922008392
Written/Time : 0.9500635058441455
FinishedSize : 5370545.020325482
TETS
Total Read / Write : 68.02016313268915
CPU intensive
Task Time : 124398
CPU Time : 92340
========================================
Task Size >> {0=27503580}
Update attemptID:attempt_1453169138423_0012_m_000000_0
attempt_1453169138423_0012_m_000000_0:MAP:MAP:0.20309839
FILE_BYTES_READ : 0
HDFS_BYTES_READ : 8362626
FILE_BYTES_WRITTEN : 118186
HBW_BYTES_WRITTEN : 0
CPU/Time : 0.7497295517614412
Written/Time : 0.9264694354295031
FinishedSize : 5585932.721691728
TETS
Total Read / Write : 70.75817778755521
CPU intensive
Task Time : 127566
CPU Time : 95640
========================================
Task Size >> {0=27503580}
Update attemptID:attempt_1453169138423_0012_m_000000_0
attempt_1453169138423_0012_m_000000_0:MAP:MAP:0.21069482
FILE_BYTES_READ : 0
HDFS_BYTES_READ : 8679762
FILE_BYTES_WRITTEN : 118186
HBW_BYTES_WRITTEN : 0
CPU/Time : 0.7567447659698159
Written/Time : 0.9040395927515279
FinishedSize : 5794861.828896403
TETS
Total Read / Write : 73.44154129930787
CPU intensive
Task Time : 130731
CPU Time : 98930
========================================
Task Size >> {0=27503580}
Update attemptID:attempt_1453169138423_0012_m_000000_0
attempt_1453169138423_0012_m_000000_0:MAP:MAP:0.21839966
FILE_BYTES_READ : 0
HDFS_BYTES_READ : 8991072
FILE_BYTES_WRITTEN : 118186
HBW_BYTES_WRITTEN : 0
CPU/Time : 0.7634288957426312
Written/Time : 0.8825844416730765
FinishedSize : 6006772.487755716
TETS
Total Read / Write : 76.07560963227455
CPU intensive
Task Time : 133909
CPU Time : 102230
========================================
Task Size >> {0=27503580}
Update attemptID:attempt_1453169138423_0012_m_000000_0
attempt_1453169138423_0012_m_000000_0:MAP:MAP:0.22623758
FILE_BYTES_READ : 0
HDFS_BYTES_READ : 9316695
FILE_BYTES_WRITTEN : 118186
HBW_BYTES_WRITTEN : 0
CPU/Time : 0.7698256365360765
Written/Time : 0.8622309768731306
FinishedSize : 6222343.385491669
TETS
Total Read / Write : 78.8307836799621
CPU intensive
Task Time : 137070
CPU Time : 105520
========================================
Task Size >> {0=27503580}
Update attemptID:attempt_1453169138423_0012_m_000000_0
attempt_1453169138423_0012_m_000000_0:MAP:MAP:0.23414144
FILE_BYTES_READ : 0
HDFS_BYTES_READ : 9642057
FILE_BYTES_WRITTEN : 118186
HBW_BYTES_WRITTEN : 0
CPU/Time : 0.775927840564726
Written/Time : 0.8427109700880602
FinishedSize : 6439727.804337144
TETS
Total Read / Write : 81.58374934425397
CPU intensive
Task Time : 140245
CPU Time : 108820
========================================
Task Size >> {0=27503580}
Update attemptID:attempt_1453169138423_0012_m_000000_0
attempt_1453169138423_0012_m_000000_0:MAP:MAP:0.24216188
FILE_BYTES_READ : 0
HDFS_BYTES_READ : 9985699
FILE_BYTES_WRITTEN : 118186
HBW_BYTES_WRITTEN : 0
CPU/Time : 0.7817446482114218
Written/Time : 0.8241126839132557
FinishedSize : 6660318.77440542
TETS
Total Read / Write : 84.491386458633
CPU intensive
Task Time : 143410
CPU Time : 112110
========================================
Task Size >> {0=27503580}
Update attemptID:attempt_1453169138423_0012_m_000000_0
attempt_1453169138423_0012_m_000000_0:MAP:MAP:0.2497833
FILE_BYTES_READ : 0
HDFS_BYTES_READ : 10289308
FILE_BYTES_WRITTEN : 118186
HBW_BYTES_WRITTEN : 0
CPU/Time : 0.7873532241227561
Written/Time : 0.8063615957207284
FinishedSize : 6869935.175372958
TETS
Total Read / Write : 87.06029478956899
CPU intensive
Task Time : 146567
CPU Time : 115400
========================================
Task Size >> {0=27503580}
Update attemptID:attempt_1453169138423_0012_m_000000_0
attempt_1453169138423_0012_m_000000_0:MAP:MAP:0.25764325
FILE_BYTES_READ : 0
HDFS_BYTES_READ : 10611204
FILE_BYTES_WRITTEN : 118186
HBW_BYTES_WRITTEN : 0
CPU/Time : 0.7927550073131149
Written/Time : 0.7893221844507817
FinishedSize : 7086111.809651256
TETS
Total Read / Write : 89.78393379926557
CPU intensive
Task Time : 149731
CPU Time : 118700
========================================
Task Size >> {0=27503580}
Update attemptID:attempt_1453169138423_0012_m_000000_0
attempt_1453169138423_0012_m_000000_0:MAP:MAP:0.2654527
FILE_BYTES_READ : 0
HDFS_BYTES_READ : 10937029
FILE_BYTES_WRITTEN : 118186
HBW_BYTES_WRITTEN : 0
CPU/Time : 0.7979645363629823
Written/Time : 0.7730183335622576
FinishedSize : 7300899.922004342
TETS
Total Read / Write : 92.54081701724401
CPU intensive
Task Time : 152889
CPU Time : 122000
========================================
Task Size >> {0=27503580}
Update attemptID:attempt_1453169138423_0012_m_000000_0
attempt_1453169138423_0012_m_000000_0:MAP:MAP:0.2732007
FILE_BYTES_READ : 0
HDFS_BYTES_READ : 11253352
FILE_BYTES_WRITTEN : 118186
HBW_BYTES_WRITTEN : 0
CPU/Time : 0.8028785461163338
Written/Time : 0.7573549672863359
FinishedSize : 7513997.053996325
TETS
Total Read / Write : 95.21730154163775
CPU intensive
Task Time : 156051
CPU Time : 125290
========================================
Task Size >> {0=27503580}
Update attemptID:attempt_1453169138423_0012_m_000000_0
attempt_1453169138423_0012_m_000000_0:MAP:MAP:0.2809213
FILE_BYTES_READ : 0
HDFS_BYTES_READ : 11571493
FILE_BYTES_WRITTEN : 118186
HBW_BYTES_WRITTEN : 0
CPU/Time : 0.8076024420269828
Written/Time : 0.7423184182096827
FinishedSize : 7726341.728416085
TETS
Total Read / Write : 97.90916859864959
CPU intensive
Task Time : 159212
CPU Time : 128580
========================================
Task Size >> {0=27503580}
Update attemptID:attempt_1453169138423_0012_m_000000_0
attempt_1453169138423_0012_m_000000_0:MAP:MAP:0.28868556
FILE_BYTES_READ : 0
HDFS_BYTES_READ : 11894262
FILE_BYTES_WRITTEN : 118186
HBW_BYTES_WRITTEN : 0
CPU/Time : 0.8122090015519917
Written/Time : 0.7278718005567463
FinishedSize : 7939886.4005327225
TETS
Total Read / Write : 100.64019427004891
CPU intensive
Task Time : 162372
CPU Time : 131880
========================================
Task Size >> {0=27503580}
Update attemptID:attempt_1453169138423_0012_m_000000_0
attempt_1453169138423_0012_m_000000_0:MAP:MAP:0.2963548
FILE_BYTES_READ : 0
HDFS_BYTES_READ : 12212351
FILE_BYTES_WRITTEN : 118186
HBW_BYTES_WRITTEN : 0
CPU/Time : 0.8166100834853629
Written/Time : 0.7139508753277193
FinishedSize : 8150817.962910533
TETS
Total Read / Write : 103.33162134262942
CPU intensive
Task Time : 165538
CPU Time : 135180
========================================
Task Size >> {0=27503580}
Update attemptID:attempt_1453169138423_0012_m_000000_0
attempt_1453169138423_0012_m_000000_0:MAP:MAP:0.30364096
FILE_BYTES_READ : 0
HDFS_BYTES_READ : 12513112
FILE_BYTES_WRITTEN : 118186
HBW_BYTES_WRITTEN : 0
CPU/Time : 0.8209344509122811
Written/Time : 0.7005773630985548
FinishedSize : 8351213.479936123
TETS
Total Read / Write : 105.87643206471155
CPU intensive
Task Time : 168698
CPU Time : 138490
========================================
Task Size >> {0=27503580}
Update attemptID:attempt_1453169138423_0012_m_000000_0
attempt_1453169138423_0012_m_000000_0:MAP:MAP:0.31137088
FILE_BYTES_READ : 0
HDFS_BYTES_READ : 12828034
FILE_BYTES_WRITTEN : 118186
HBW_BYTES_WRITTEN : 0
CPU/Time : 0.8250715632199959
Written/Time : 0.6876236356443017
FinishedSize : 8563813.891569972
TETS
Total Read / Write : 108.54106239317686
CPU intensive
Task Time : 171876
CPU Time : 141810
========================================
Task Size >> {0=27503580}
Update attemptID:attempt_1453169138423_0012_m_000000_0
attempt_1453169138423_0012_m_000000_0:MAP:MAP:0.31908193
FILE_BYTES_READ : 0
HDFS_BYTES_READ : 13140654
FILE_BYTES_WRITTEN : 118186
HBW_BYTES_WRITTEN : 0
CPU/Time : 0.8289776589606932
Written/Time : 0.6751209592194631
FinishedSize : 8775895.451740623
TETS
Total Read / Write : 111.18621494931718
CPU intensive
Task Time : 175059
CPU Time : 145120
========================================
Task Size >> {0=27503580}
Update attemptID:attempt_1453169138423_0012_m_000000_0
attempt_1453169138423_0012_m_000000_0:MAP:MAP:0.32617822
FILE_BYTES_READ : 0
HDFS_BYTES_READ : 13438387
FILE_BYTES_WRITTEN : 118186
HBW_BYTES_WRITTEN : 0
CPU/Time : 0.8328563893658328
Written/Time : 0.6631541146236631
FinishedSize : 8971068.847641349
TETS
Total Read / Write : 113.70540503951399
CPU intensive
Task Time : 178218
CPU Time : 148430
========================================
Task Size >> {0=27503580}
Update attemptID:attempt_1453169138423_0012_m_000000_0
attempt_1453169138423_0012_m_000000_0:MAP:MAP:0.334724
FILE_BYTES_READ : 0
HDFS_BYTES_READ : 13792440
FILE_BYTES_WRITTEN : 118186
HBW_BYTES_WRITTEN : 0
CPU/Time : 0.8365448761419585
Written/Time : 0.6516041173908489
FinishedSize : 9206108.560470343
TETS
Total Read / Write : 116.70113211378674
CPU intensive
Task Time : 181377
CPU Time : 151730
========================================
Task Size >> {0=27503580}
Update attemptID:attempt_1453169138423_0012_m_000000_0
attempt_1453169138423_0012_m_000000_0:MAP:MAP:0.34328493
FILE_BYTES_READ : 0
HDFS_BYTES_READ : 14139610
FILE_BYTES_WRITTEN : 118186
HBW_BYTES_WRITTEN : 0
CPU/Time : 0.8400929824276216
Written/Time : 0.6403975052966389
FinishedSize : 9441564.665942788
TETS
Total Read / Write : 119.63862047958303
CPU intensive
Task Time : 184551
CPU Time : 155040
========================================
Task Size >> {0=27503580}
Update attemptID:attempt_1453169138423_0012_m_000000_0
attempt_1453169138423_0012_m_000000_0:MAP:MAP:0.35153702
FILE_BYTES_READ : 0
HDFS_BYTES_READ : 14483612
FILE_BYTES_WRITTEN : 118186
HBW_BYTES_WRITTEN : 0
CPU/Time : 0.8435127720214154
Written/Time : 0.6296033881149615
FinishedSize : 9668526.52542293
TETS
Total Read / Write : 122.54930364002504
CPU intensive
Task Time : 187715
CPU Time : 158340
========================================
Task Size >> {0=27503580}
Update attemptID:attempt_1453169138423_0012_m_000000_0
attempt_1453169138423_0012_m_000000_0:MAP:MAP:0.35987028
FILE_BYTES_READ : 0
HDFS_BYTES_READ : 14829488
FILE_BYTES_WRITTEN : 118186
HBW_BYTES_WRITTEN : 0
CPU/Time : 0.8467970076067141
Written/Time : 0.6191508979275372
FinishedSize : 9897721.167503
TETS
Total Read / Write : 125.47584316247271
CPU intensive
Task Time : 190884
CPU Time : 161640
========================================
Task Size >> {0=27503580}
Update attemptID:attempt_1453169138423_0012_m_000000_0
attempt_1453169138423_0012_m_000000_0:MAP:MAP:0.36821792
FILE_BYTES_READ : 0
HDFS_BYTES_READ : 15171446
FILE_BYTES_WRITTEN : 118186
HBW_BYTES_WRITTEN : 0
CPU/Time : 0.8500507577592382
Written/Time : 0.6090209678499837
FinishedSize : 1.0127310890792012E7
TETS
Total Read / Write : 128.3692315502682
CPU intensive
Task Time : 194059
CPU Time : 164960
========================================
Task Size >> {0=27503580}
Update attemptID:attempt_1453169138423_0012_m_000000_0
attempt_1453169138423_0012_m_000000_0:MAP:MAP:0.3763491
FILE_BYTES_READ : 0
HDFS_BYTES_READ : 15503673
FILE_BYTES_WRITTEN : 118186
HBW_BYTES_WRITTEN : 0
CPU/Time : 0.8532170562287684
Written/Time : 0.5992293261674188
FinishedSize : 1.0350947346818447E7
TETS
Total Read / Write : 131.18028362073343
CPU intensive
Task Time : 197230
CPU Time : 168280
========================================
Task Size >> {0=27503580}
Update attemptID:attempt_1453169138423_0012_m_000000_0
attempt_1453169138423_0012_m_000000_0:MAP:MAP:0.38429818
FILE_BYTES_READ : 0
HDFS_BYTES_READ : 15833237
FILE_BYTES_WRITTEN : 118186
HBW_BYTES_WRITTEN : 0
CPU/Time : 0.8561505411757661
Written/Time : 0.5897593277344472
FinishedSize : 1.056957561573565E7
TETS
Total Read / Write : 133.9688034115716
CPU intensive
Task Time : 200397
CPU Time : 171570
========================================
Task Size >> {0=27503580}
Update attemptID:attempt_1453169138423_0012_m_000000_0
attempt_1453169138423_0012_m_000000_0:MAP:MAP:0.3923973
FILE_BYTES_READ : 0
HDFS_BYTES_READ : 16166537
FILE_BYTES_WRITTEN : 118186
HBW_BYTES_WRITTEN : 0
CPU/Time : 0.8591021402641804
Written/Time : 0.5805583255146802
FinishedSize : 1.0792330925912261E7
TETS
Total Read / Write : 136.7889343915523
CPU intensive
Task Time : 203573
CPU Time : 174890
========================================
Task Size >> {0=27503580}
Update attemptID:attempt_1453169138423_0012_m_000000_0
attempt_1453169138423_0012_m_000000_0:MAP:MAP:0.40077412
FILE_BYTES_READ : 0
HDFS_BYTES_READ : 16513382
FILE_BYTES_WRITTEN : 118186
HBW_BYTES_WRITTEN : 0
CPU/Time : 0.8618471331417903
Written/Time : 0.5716593628774027
FinishedSize : 1.1022723106677532E7
TETS
Total Read / Write : 139.72367285465285
CPU intensive
Task Time : 206742
CPU Time : 178180
========================================
Task Size >> {0=27503580}
Update attemptID:attempt_1453169138423_0012_m_000000_0
attempt_1453169138423_0012_m_000000_0:MAP:MAP:0.40929538
FILE_BYTES_READ : 0
HDFS_BYTES_READ : 16877385
FILE_BYTES_WRITTEN : 118186
HBW_BYTES_WRITTEN : 0
CPU/Time : 0.8645298371652073
Written/Time : 0.563042504740217
FinishedSize : 1.1257088230637312E7
TETS
Total Read / Write : 142.8035892576109
CPU intensive
Task Time : 209906
CPU Time : 181470
========================================
Task Size >> {0=27503580}
Update attemptID:attempt_1453169138423_0012_m_000000_0
attempt_1453169138423_0012_m_000000_0:MAP:MAP:0.41749063
FILE_BYTES_READ : 0
HDFS_BYTES_READ : 17215312
FILE_BYTES_WRITTEN : 118186
HBW_BYTES_WRITTEN : 0
CPU/Time : 0.8671206581781831
Written/Time : 0.5546737503109263
FinishedSize : 1.1482486978363395E7
TETS
Total Read / Write : 145.66287039074
CPU intensive
Task Time : 213073
CPU Time : 184760
========================================
Task Size >> {0=27503580}
Update attemptID:attempt_1453169138423_0012_m_000000_0
attempt_1453169138423_0012_m_000000_0:MAP:MAP:0.42627382
FILE_BYTES_READ : 0
HDFS_BYTES_READ : 17563804
FILE_BYTES_WRITTEN : 118186
HBW_BYTES_WRITTEN : 0
CPU/Time : 0.8697280799112098
Written/Time : 0.5465501294857565
FinishedSize : 1.1724056186857224E7
TETS
Total Read / Write : 148.61154451457872
CPU intensive
Task Time : 216240
CPU Time : 188070
========================================
Task Size >> {0=27503580}
Update attemptID:attempt_1453169138423_0012_m_000000_0
attempt_1453169138423_0012_m_000000_0:MAP:MAP:0.4347338
FILE_BYTES_READ : 0
HDFS_BYTES_READ : 17912633
FILE_BYTES_WRITTEN : 118186
HBW_BYTES_WRITTEN : 0
CPU/Time : 0.8722186266556065
Written/Time : 0.5386634823113315
FinishedSize : 1.1956736068149805E7
TETS
Total Read / Write : 151.56307007598193
CPU intensive
Task Time : 219406
CPU Time : 191370
========================================
Task Size >> {0=27503580}
Update attemptID:attempt_1453169138423_0012_m_000000_0
attempt_1453169138423_0012_m_000000_0:MAP:MAP:0.44303334
FILE_BYTES_READ : 0
HDFS_BYTES_READ : 18253925
FILE_BYTES_WRITTEN : 118186
HBW_BYTES_WRITTEN : 0
CPU/Time : 0.87469110841533
Written/Time : 0.5310059756481107
FinishedSize : 1.2185002843158245E7
TETS
Total Read / Write : 154.4508232785609
CPU intensive
Task Time : 222570
CPU Time : 194680
========================================
Task Size >> {0=27503580}
Update attemptID:attempt_1453169138423_0012_m_000000_0
attempt_1453169138423_0012_m_000000_0:MAP:MAP:0.45134947
FILE_BYTES_READ : 0
HDFS_BYTES_READ : 18596903
FILE_BYTES_WRITTEN : 118186
HBW_BYTES_WRITTEN : 0
CPU/Time : 0.8770266678479667
Written/Time : 0.5235492159121112
FinishedSize : 1.2413726174667478E7
TETS
Total Read / Write : 157.35284213020154
CPU intensive
Task Time : 225740
CPU Time : 197980
========================================
Task Size >> {0=27503580}
Update attemptID:attempt_1453169138423_0012_m_000000_0
attempt_1453169138423_0012_m_000000_0:MAP:MAP:0.45986074
FILE_BYTES_READ : 0
HDFS_BYTES_READ : 18952537
FILE_BYTES_WRITTEN : 118186
HBW_BYTES_WRITTEN : 0
CPU/Time : 0.8792692196796938
Written/Time : 0.5163080041589124
FinishedSize : 1.2647816708990335E7
TETS
Total Read / Write : 160.36194642343426
CPU intensive
Task Time : 228906
CPU Time : 201270
========================================
Task Size >> {0=27503580}
Update attemptID:attempt_1453169138423_0012_m_000000_0
attempt_1453169138423_0012_m_000000_0:MAP:MAP:0.46804392
FILE_BYTES_READ : 0
HDFS_BYTES_READ : 19288473
FILE_BYTES_WRITTEN : 118186
HBW_BYTES_WRITTEN : 0
CPU/Time : 0.8814657772721789
Written/Time : 0.5092731440784598
FinishedSize : 1.2872883490140438E7
TETS
Total Read / Write : 163.20438122958726
CPU intensive
Task Time : 232068
CPU Time : 204560
========================================
Task Size >> {0=27503580}
Update attemptID:attempt_1453169138423_0012_m_000000_0
attempt_1453169138423_0012_m_000000_0:MAP:MAP:0.4763084
FILE_BYTES_READ : 0
HDFS_BYTES_READ : 19627453
FILE_BYTES_WRITTEN : 118186
HBW_BYTES_WRITTEN : 0
CPU/Time : 0.8835332828853953
Written/Time : 0.5024359552090331
FinishedSize : 1.3100186332572699E7
TETS
Total Read / Write : 166.07257204745062
CPU intensive
Task Time : 235226
CPU Time : 207830
========================================
Task Size >> {0=27503580}
Update attemptID:attempt_1453169138423_0012_m_000000_0
attempt_1453169138423_0012_m_000000_0:MAP:MAP:0.48449475
FILE_BYTES_READ : 0
HDFS_BYTES_READ : 19965943
FILE_BYTES_WRITTEN : 118186
HBW_BYTES_WRITTEN : 0
CPU/Time : 0.8856410536074604
Written/Time : 0.49578615745382393
FinishedSize : 1.3325339998801947E7
TETS
Total Read / Write : 168.9366168581727
CPU intensive
Task Time : 238381
CPU Time : 211120
========================================
Task Size >> {0=27503580}
Update attemptID:attempt_1453169138423_0012_m_000000_0
attempt_1453169138423_0012_m_000000_0:MAP:MAP:0.49267507
FILE_BYTES_READ : 0
HDFS_BYTES_READ : 20303156
FILE_BYTES_WRITTEN : 118186
HBW_BYTES_WRITTEN : 0
CPU/Time : 0.8877214335688943
Written/Time : 0.4892796966272133
FinishedSize : 1.3550328091578484E7
TETS
Total Read / Write : 171.78985666661026
CPU intensive
Task Time : 241551
CPU Time : 214430
========================================
Task Size >> {0=27503580}
Update attemptID:attempt_1453169138423_0012_m_000000_0
attempt_1453169138423_0012_m_000000_0:MAP:MAP:0.5009195
FILE_BYTES_READ : 0
HDFS_BYTES_READ : 20642533
FILE_BYTES_WRITTEN : 118186
HBW_BYTES_WRITTEN : 0
CPU/Time : 0.8896807332551477
Written/Time : 0.48294969291058654
FinishedSize : 1.3777080115395784E7
TETS
Total Read / Write : 174.66140659638197
CPU intensive
Task Time : 244717
CPU Time : 217720
========================================
Task Size >> {0=27503580}
Update attemptID:attempt_1453169138423_0012_m_000000_0
attempt_1453169138423_0012_m_000000_0:MAP:MAP:0.5090963
FILE_BYTES_READ : 0
HDFS_BYTES_READ : 20978453
FILE_BYTES_WRITTEN : 118186
HBW_BYTES_WRITTEN : 0
CPU/Time : 0.8916151624199197
Written/Time : 0.4767948490374219
FinishedSize : 1.400197148704648E7
TETS
Total Read / Write : 177.50370602270996
CPU intensive
Task Time : 247876
CPU Time : 221010
========================================
Task Size >> {0=27503580}
Update attemptID:attempt_1453169138423_0012_m_000000_0
attempt_1453169138423_0012_m_000000_0:MAP:MAP:0.5174285
FILE_BYTES_READ : 0
HDFS_BYTES_READ : 21322983
FILE_BYTES_WRITTEN : 118186
HBW_BYTES_WRITTEN : 0
CPU/Time : 0.8935265038499994
Written/Time : 0.4707874075342875
FinishedSize : 1.4231136620986462E7
TETS
Total Read / Write : 180.41885671737768
CPU intensive
Task Time : 251039
CPU Time : 224310
========================================
Task Size >> {0=27503580}
Update attemptID:attempt_1453169138423_0012_m_000000_0
attempt_1453169138423_0012_m_000000_0:MAP:MAP:0.5250597
FILE_BYTES_READ : 0
HDFS_BYTES_READ : 21638449
FILE_BYTES_WRITTEN : 118186
HBW_BYTES_WRITTEN : 0
CPU/Time : 0.8954043698219498
Written/Time : 0.46493678156397766
FinishedSize : 1.4441021464061737E7
TETS
Total Read / Write : 183.08808995989372
CPU intensive
Task Time : 254198
CPU Time : 227610
========================================
Task Size >> {0=27503580}
Update attemptID:attempt_1453169138423_0012_m_000000_0
attempt_1453169138423_0012_m_000000_0:MAP:MAP:0.5332257
FILE_BYTES_READ : 0
HDFS_BYTES_READ : 21975577
FILE_BYTES_WRITTEN : 118186
HBW_BYTES_WRITTEN : 0
CPU/Time : 0.897250080628553
Written/Time : 0.4592369236029889
FinishedSize : 1.4665616114970446E7
TETS
Total Read / Write : 185.94061056301084
CPU intensive
Task Time : 257353
CPU Time : 230910
========================================
Task Size >> {0=27503580}
Update attemptID:attempt_1453169138423_0012_m_000000_0
attempt_1453169138423_0012_m_000000_0:MAP:MAP:0.54153013
FILE_BYTES_READ : 0
HDFS_BYTES_READ : 22316948
FILE_BYTES_WRITTEN : 118186
HBW_BYTES_WRITTEN : 0
CPU/Time : 0.8989570578051768
Written/Time : 0.4536664197180179
FinishedSize : 1.4894017315950394E7
TETS
Total Read / Write : 188.8290322034759
CPU intensive
Task Time : 260513
CPU Time : 234190
========================================
Task Size >> {0=27503580}
Update attemptID:attempt_1453169138423_0012_m_000000_0
attempt_1453169138423_0012_m_000000_0:MAP:MAP:0.5492302
FILE_BYTES_READ : 0
HDFS_BYTES_READ : 22688776
FILE_BYTES_WRITTEN : 118186
HBW_BYTES_WRITTEN : 0
CPU/Time : 0.9005855493697001
Written/Time : 0.44821073709440085
FinishedSize : 1.510579723735571E7
TETS
Total Read / Write : 191.97515780210855
CPU intensive
Task Time : 263684
CPU Time : 237470
========================================
Task Size >> {0=27503580}
Update attemptID:attempt_1453169138423_0012_m_000000_0
attempt_1453169138423_0012_m_000000_0:MAP:MAP:0.55814564
FILE_BYTES_READ : 0
HDFS_BYTES_READ : 23002688
FILE_BYTES_WRITTEN : 118186
HBW_BYTES_WRITTEN : 0
CPU/Time : 0.9023283353882245
Written/Time : 0.4429046293138662
FinishedSize : 1.5351003324115276E7
TETS
Total Read / Write : 194.63124227911936
CPU intensive
Task Time : 266843
CPU Time : 240780
========================================
Task Size >> {0=27503580}
Update attemptID:attempt_1453169138423_0012_m_000000_0
attempt_1453169138423_0012_m_000000_0:MAP:MAP:0.5664018
FILE_BYTES_READ : 0
HDFS_BYTES_READ : 23342297
FILE_BYTES_WRITTEN : 118186
HBW_BYTES_WRITTEN : 0
CPU/Time : 0.9039395274937316
Written/Time : 0.43771457777020595
FinishedSize : 1.5578076658791304E7
TETS
Total Read / Write : 197.50475521635389
CPU intensive
Task Time : 270007
CPU Time : 244070
========================================
Task Size >> {0=27503580}
Update attemptID:attempt_1453169138423_0012_m_000000_0
attempt_1453169138423_0012_m_000000_0:MAP:MAP:0.5746792
FILE_BYTES_READ : 0
HDFS_BYTES_READ : 23692951
FILE_BYTES_WRITTEN : 118186
HBW_BYTES_WRITTEN : 0
CPU/Time : 0.9055132523063406
Written/Time : 0.4326621760140577
FinishedSize : 1.5805735238245726E7
TETS
Total Read / Write : 200.4717225390486
CPU intensive
Task Time : 273160
CPU Time : 247350
========================================
Task Size >> {0=27503580}
Update attemptID:attempt_1453169138423_0012_m_000000_0
attempt_1453169138423_0012_m_000000_0:MAP:MAP:0.58294404
FILE_BYTES_READ : 0
HDFS_BYTES_READ : 24026519
FILE_BYTES_WRITTEN : 118186
HBW_BYTES_WRITTEN : 0
CPU/Time : 0.9070313659212722
Written/Time : 0.42771579225460427
FinishedSize : 1.6033047916724682E7
TETS
Total Read / Write : 203.29412113109845
CPU intensive
Task Time : 276319
CPU Time : 250630
========================================
Task Size >> {0=27503580}
Update attemptID:attempt_1453169138423_0012_m_000000_0
attempt_1453169138423_0012_m_000000_0:MAP:MAP:0.5912009
FILE_BYTES_READ : 0
HDFS_BYTES_READ : 24366427
FILE_BYTES_WRITTEN : 118186
HBW_BYTES_WRITTEN : 0
CPU/Time : 0.9085054082388427
Written/Time : 0.42287668929193756
FinishedSize : 1.62601409234941E7
TETS
Total Read / Write : 206.17016397881306
CPU intensive
Task Time : 279481
CPU Time : 253910
========================================
Task Size >> {0=27503580}
Update attemptID:attempt_1453169138423_0012_m_000000_0
attempt_1453169138423_0012_m_000000_0:MAP:MAP:0.5998358
FILE_BYTES_READ : 0
HDFS_BYTES_READ : 24733111
FILE_BYTES_WRITTEN : 118186
HBW_BYTES_WRITTEN : 0
CPU/Time : 0.9100140105574503
Written/Time : 0.4181443795021299
FinishedSize : 1.6497632270962E7
TETS
Total Read / Write : 209.2727649637013
CPU intensive
Task Time : 282644
CPU Time : 257210
========================================
Task Size >> {0=27503580}
Update attemptID:attempt_1453169138423_0012_m_000000_0
attempt_1453169138423_0012_m_000000_0:MAP:MAP:0.60849226
FILE_BYTES_READ : 0
HDFS_BYTES_READ : 25073449
FILE_BYTES_WRITTEN : 118186
HBW_BYTES_WRITTEN : 0
CPU/Time : 0.9114573310894734
Written/Time : 0.4135023459066466
FinishedSize : 1.6735715420572758E7
TETS
Total Read / Write : 212.15244614421337
CPU intensive
Task Time : 285817
CPU Time : 260510
========================================
Task Size >> {0=27503580}
Update attemptID:attempt_1453169138423_0012_m_000000_0
attempt_1453169138423_0012_m_000000_0:MAP:MAP:0.61674273
FILE_BYTES_READ : 0
HDFS_BYTES_READ : 25417473
FILE_BYTES_WRITTEN : 118186
HBW_BYTES_WRITTEN : 0
CPU/Time : 0.9129037058056122
Written/Time : 0.40897781499693747
FinishedSize : 1.696263301784277E7
TETS
Total Read / Write : 215.06331545191478
CPU intensive
Task Time : 288979
CPU Time : 263810
========================================
Task Size >> {0=27503580}
Update attemptID:attempt_1453169138423_0012_m_000000_0
attempt_1453169138423_0012_m_000000_0:MAP:MAP:0.62509584
FILE_BYTES_READ : 0
HDFS_BYTES_READ : 25761271
FILE_BYTES_WRITTEN : 118186
HBW_BYTES_WRITTEN : 0
CPU/Time : 0.9143001889530903
Written/Time : 0.4045581509981652
FinishedSize : 1.719237356051445E7
TETS
Total Read / Write : 217.97227251958776
CPU intensive
Task Time : 292136
CPU Time : 267100
========================================
Task Size >> {0=27503580}
Update attemptID:attempt_1453169138423_0012_m_000000_0
attempt_1453169138423_0012_m_000000_0:MAP:MAP:0.6335221
FILE_BYTES_READ : 0
HDFS_BYTES_READ : 26109748
FILE_BYTES_WRITTEN : 118186
HBW_BYTES_WRITTEN : 0
CPU/Time : 0.9156451066711818
Written/Time : 0.40022350152387404
FinishedSize : 1.7424125574735403E7
TETS
Total Read / Write : 220.9208197248405
CPU intensive
Task Time : 295300
CPU Time : 270390
========================================
Task Size >> {0=27503580}
Update attemptID:attempt_1453169138423_0012_m_000000_0
attempt_1453169138423_0012_m_000000_0:MAP:MAP:0.6417658
FILE_BYTES_READ : 0
HDFS_BYTES_READ : 26451270
FILE_BYTES_WRITTEN : 118186
HBW_BYTES_WRITTEN : 0
CPU/Time : 0.9170039400680801
Written/Time : 0.39597014125278085
FinishedSize : 1.7650856287118196E7
TETS
Total Read / Write : 223.81051901240417
CPU intensive
Task Time : 298472
CPU Time : 273700
========================================
Task Size >> {0=27503580}
Update attemptID:attempt_1453169138423_0012_m_000000_0
attempt_1453169138423_0012_m_000000_0:MAP:MAP:0.6499107
FILE_BYTES_READ : 0
HDFS_BYTES_READ : 26790510
FILE_BYTES_WRITTEN : 118186
HBW_BYTES_WRITTEN : 0
CPU/Time : 0.9183406214878445
Written/Time : 0.39182312162874505
FinishedSize : 1.787487061127186E7
TETS
Total Read / Write : 226.68090975242416
CPU intensive
Task Time : 301631
CPU Time : 277000
========================================
Task Size >> {0=27503580}
Update attemptID:attempt_1453169138423_0012_m_000000_0
attempt_1453169138423_0012_m_000000_0:MAP:MAP:0.6581906
FILE_BYTES_READ : 0
HDFS_BYTES_READ : 27129835
FILE_BYTES_WRITTEN : 118186
HBW_BYTES_WRITTEN : 0
CPU/Time : 0.9195541833858834
Written/Time : 0.3877633379157384
FinishedSize : 1.810259804305315E7
TETS
Total Read / Write : 229.55201969776454
CPU intensive
Task Time : 304789
CPU Time : 280270
========================================
Task Size >> {0=27503580}
Update attemptID:attempt_1453169138423_0012_m_000000_0
attempt_1453169138423_0012_m_000000_0:MAP:MAP:0.6663082
FILE_BYTES_READ : 0
HDFS_BYTES_READ : 27463531
FILE_BYTES_WRITTEN : 118186
HBW_BYTES_WRITTEN : 0
CPU/Time : 0.9208402744628134
Written/Time : 0.38378682045936474
FinishedSize : 1.8325861548975706E7
TETS
Total Read / Write : 232.37550132841454
CPU intensive
Task Time : 307947
CPU Time : 283570
========================================
Task Size >> {0=27503580}
Update attemptID:attempt_1453169138423_0012_m_000000_0
attempt_1453169138423_0012_m_000000_0:MAP:SORT:0.6663082
FILE_BYTES_READ : 0
HDFS_BYTES_READ : 27463531
FILE_BYTES_WRITTEN : 118186
HBW_BYTES_WRITTEN : 0
CPU/Time : 0.9201201863797422
Written/Time : 0.3834867029215933
FinishedSize : 1.8325861548975706E7
TETS
Total Read / Write : 232.37550132841454
CPU intensive
Task Time : 308188
CPU Time : 283570
========================================
Task Size >> {0=27503580}
Update attemptID:attempt_1453169138423_0012_m_000000_0
attempt_1453169138423_0012_m_000000_0:MAP:SORT:0.667
FILE_BYTES_READ : 0
HDFS_BYTES_READ : 27503736
FILE_BYTES_WRITTEN : 118186
HBW_BYTES_WRITTEN : 0
CPU/Time : 0.9220092956279692
Written/Time : 0.37988004397102026
FinishedSize : 1.834488774196744E7
TETS
Total Read / Write : 232.71568544497657
CPU intensive
Task Time : 311114
CPU Time : 286850
========================================
Task Size >> {0=27503580}
Update attemptID:attempt_1453169138423_0012_m_000000_0
attempt_1453169138423_0012_m_000000_0:MAP:SORT:0.667
FILE_BYTES_READ : 0
HDFS_BYTES_READ : 27503736
FILE_BYTES_WRITTEN : 21625346
HBW_BYTES_WRITTEN : 0
CPU/Time : 0.9232805411149361
Written/Time : 68.8017269354849
FinishedSize : 1.834488774196744E7
TETS
Total Read / Write : 1.2718287143243858
CPU intensive
Task Time : 314314
CPU Time : 290200
========================================
Task Size >> {0=27503580}
Update attemptID:attempt_1453169138423_0012_m_000000_0
attempt_1453169138423_0012_m_000000_0:MAP:SORT:1.0
FILE_BYTES_READ : 0
HDFS_BYTES_READ : 27503736
FILE_BYTES_WRITTEN : 27392509
HBW_BYTES_WRITTEN : 0
CPU/Time : 0.923446814862809
Written/Time : 87.00094647343363
FinishedSize : 2.750358E7
TETS
Total Read / Write : 1.0040604896762104
CPU intensive
Task Time : 314853
CPU Time : 290750
========================================
