Now Use estimatorClass : org.apache.hadoop.mapreduce.v2.app.speculate.LegacyTaskRuntimeEstimator_Fixed
serviceStart
Task Size >> {0=8468916}
Update attemptID:attempt_1453169138423_0023_m_000000_0
attempt_1453169138423_0023_m_000000_0:MAP:MAP:0.02044674
FILE_BYTES_READ : 3673903
HDFS_BYTES_READ : 166545
FILE_BYTES_WRITTEN : 117213
HBW_BYTES_WRITTEN : 25264
CPU/Time : 0.2564048139579309
Written/Time : 3.0241546919109377
FinishedSize : 173161.72430321574
TETS
Total Read / Write : 32.76469333606341
CPU intensive
Task Time : 47113
CPU Time : 12080
========================================
Task Size >> {0=8468916}
Update attemptID:attempt_1453169138423_0023_m_000000_0
attempt_1453169138423_0023_m_000000_0:MAP:MAP:0.037388135
FILE_BYTES_READ : 3673903
HDFS_BYTES_READ : 310515
FILE_BYTES_WRITTEN : 117213
HBW_BYTES_WRITTEN : 45666
CPU/Time : 0.3105553015090363
Written/Time : 3.238344235242659
FinishedSize : 316636.9725753218
TETS
Total Read / Write : 33.992970063047615
CPU intensive
Task Time : 50297
CPU Time : 15620
========================================
Task Size >> {0=8468916}
Update attemptID:attempt_1453169138423_0023_m_000000_0
attempt_1453169138423_0023_m_000000_0:MAP:MAP:0.054213338
FILE_BYTES_READ : 3673903
HDFS_BYTES_READ : 452604
FILE_BYTES_WRITTEN : 117213
HBW_BYTES_WRITTEN : 74366
CPU/Time : 0.37484342575108903
Written/Time : 3.5816523023425377
FinishedSize : 459128.20221599936
TETS
Total Read / Write : 35.20519908201309
CPU intensive
Task Time : 53489
CPU Time : 20050
========================================
Task Size >> {0=8468916}
Update attemptID:attempt_1453169138423_0023_m_000000_0
attempt_1453169138423_0023_m_000000_0:MAP:MAP:0.070352845
FILE_BYTES_READ : 3673903
HDFS_BYTES_READ : 596077
FILE_BYTES_WRITTEN : 117213
HBW_BYTES_WRITTEN : 104474
CPU/Time : 0.4253216384589591
Written/Time : 3.9123766831971483
FinishedSize : 595812.3337677419
TETS
Total Read / Write : 36.42923566498597
CPU intensive
Task Time : 56663
CPU Time : 24100
========================================
Task Size >> {0=8468916}
Update attemptID:attempt_1453169138423_0023_m_000000_0
attempt_1453169138423_0023_m_000000_0:MAP:MAP:0.088738725
FILE_BYTES_READ : 3673903
HDFS_BYTES_READ : 751783
FILE_BYTES_WRITTEN : 117213
HBW_BYTES_WRITTEN : 132252
CPU/Time : 0.4585178377475144
Written/Time : 4.168518673239201
FinishedSize : 751520.8044943213
TETS
Total Read / Write : 37.75763780468037
CPU intensive
Task Time : 59845
CPU Time : 27440
========================================
Task Size >> {0=8468916}
Update attemptID:attempt_1453169138423_0023_m_000000_0
attempt_1453169138423_0023_m_000000_0:MAP:MAP:0.10325781
FILE_BYTES_READ : 3673903
HDFS_BYTES_READ : 868593
FILE_BYTES_WRITTEN : 117213
HBW_BYTES_WRITTEN : 156742
CPU/Time : 0.4875610839626833
Written/Time : 4.346560258932538
FinishedSize : 874481.7409110367
TETS
Total Read / Write : 38.754199619496134
CPU intensive
Task Time : 63028
CPU Time : 30730
========================================
Task Size >> {0=8468916}
Update attemptID:attempt_1453169138423_0023_m_000000_0
attempt_1453169138423_0023_m_000000_0:MAP:MAP:0.11883809
FILE_BYTES_READ : 3673903
HDFS_BYTES_READ : 1000240
FILE_BYTES_WRITTEN : 117213
HBW_BYTES_WRITTEN : 179640
CPU/Time : 0.5146947775394931
Written/Time : 4.483236173618872
FinishedSize : 1006429.7740686536
TETS
Total Read / Write : 39.87734295683926
CPU intensive
Task Time : 66214
CPU Time : 34080
========================================
Task Size >> {0=8468916}
Update attemptID:attempt_1453169138423_0023_m_000000_0
attempt_1453169138423_0023_m_000000_0:MAP:MAP:0.1349208
FILE_BYTES_READ : 3673903
HDFS_BYTES_READ : 1136285
FILE_BYTES_WRITTEN : 117213
HBW_BYTES_WRITTEN : 205119
CPU/Time : 0.5398083435406009
Written/Time : 4.644887960227682
FinishedSize : 1142632.9700635672
TETS
Total Read / Write : 41.03800772951806
CPU intensive
Task Time : 69395
CPU Time : 37460
========================================
Task Size >> {0=8468916}
Update attemptID:attempt_1453169138423_0023_m_000000_0
attempt_1453169138423_0023_m_000000_0:MAP:MAP:0.15238978
FILE_BYTES_READ : 3673903
HDFS_BYTES_READ : 1284170
FILE_BYTES_WRITTEN : 117213
HBW_BYTES_WRITTEN : 235039
CPU/Time : 0.5621909052086347
Written/Time : 4.852557479577358
FinishedSize : 1290576.2434270978
TETS
Total Read / Write : 42.299685188502984
CPU intensive
Task Time : 72591
CPU Time : 40810
========================================
Task Size >> {0=8468916}
Update attemptID:attempt_1453169138423_0023_m_000000_0
attempt_1453169138423_0023_m_000000_0:MAP:MAP:0.17010343
FILE_BYTES_READ : 3673903
HDFS_BYTES_READ : 1434145
FILE_BYTES_WRITTEN : 117213
HBW_BYTES_WRITTEN : 267124
CPU/Time : 0.5825601499293906
Written/Time : 5.0724834694928
FinishedSize : 1440591.6663165092
TETS
Total Read / Write : 43.57919343417539
CPU intensive
Task Time : 75769
CPU Time : 44140
========================================
Task Size >> {0=8468916}
Update attemptID:attempt_1453169138423_0023_m_000000_0
attempt_1453169138423_0023_m_000000_0:MAP:MAP:0.18780054
FILE_BYTES_READ : 3673903
HDFS_BYTES_READ : 1584319
FILE_BYTES_WRITTEN : 117213
HBW_BYTES_WRITTEN : 301551
CPU/Time : 0.6014437689969605
Written/Time : 5.303495440729483
FinishedSize : 1590467.0108883977
TETS
Total Read / Write : 44.86039944374771
CPU intensive
Task Time : 78960
CPU Time : 47490
========================================
Task Size >> {0=8468916}
Update attemptID:attempt_1453169138423_0023_m_000000_0
attempt_1453169138423_0023_m_000000_0:MAP:MAP:0.20510823
FILE_BYTES_READ : 3673903
HDFS_BYTES_READ : 1730780
FILE_BYTES_WRITTEN : 117213
HBW_BYTES_WRITTEN : 333531
CPU/Time : 0.618699780861943
Written/Time : 5.487509130752374
FinishedSize : 1737044.3313610554
TETS
Total Read / Write : 46.10992807964987
CPU intensive
Task Time : 82140
CPU Time : 50820
========================================
Task Size >> {0=8468916}
Update attemptID:attempt_1453169138423_0023_m_000000_0
attempt_1453169138423_0023_m_000000_0:MAP:MAP:0.22228341
FILE_BYTES_READ : 3673903
HDFS_BYTES_READ : 1875886
FILE_BYTES_WRITTEN : 117213
HBW_BYTES_WRITTEN : 363884
CPU/Time : 0.6348927395639287
Written/Time : 5.636556418637892
FinishedSize : 1882499.5109333396
TETS
Total Read / Write : 47.34789656437426
CPU intensive
Task Time : 85353
CPU Time : 54190
========================================
Task Size >> {0=8468916}
Update attemptID:attempt_1453169138423_0023_m_000000_0
attempt_1453169138423_0023_m_000000_0:MAP:MAP:0.23983882
FILE_BYTES_READ : 3673903
HDFS_BYTES_READ : 2024646
FILE_BYTES_WRITTEN : 117213
HBW_BYTES_WRITTEN : 397895
CPU/Time : 0.6498170483805393
Written/Time : 5.8172742467362335
FinishedSize : 2031174.851251781
TETS
Total Read / Write : 48.61703906563265
CPU intensive
Task Time : 88548
CPU Time : 57540
========================================
Task Size >> {0=8468916}
Update attemptID:attempt_1453169138423_0023_m_000000_0
attempt_1453169138423_0023_m_000000_0:MAP:MAP:0.2562719
FILE_BYTES_READ : 3673903
HDFS_BYTES_READ : 2162944
FILE_BYTES_WRITTEN : 117213
HBW_BYTES_WRITTEN : 422184
CPU/Time : 0.6638769016171919
Written/Time : 5.878089446841899
FinishedSize : 2170345.183644533
TETS
Total Read / Write : 49.79692525573102
CPU intensive
Task Time : 91764
CPU Time : 60920
========================================
Task Size >> {0=8468916}
Update attemptID:attempt_1453169138423_0023_m_000000_0
attempt_1453169138423_0023_m_000000_0:MAP:MAP:0.27382764
FILE_BYTES_READ : 3673903
HDFS_BYTES_READ : 2312219
FILE_BYTES_WRITTEN : 117213
HBW_BYTES_WRITTEN : 455486
CPU/Time : 0.677195198989261
Written/Time : 6.029679932617393
FinishedSize : 2319023.3002899885
TETS
Total Read / Write : 51.07046146758466
CPU intensive
Task Time : 94980
CPU Time : 64320
========================================
Task Size >> {0=8468916}
Update attemptID:attempt_1453169138423_0023_m_000000_0
attempt_1453169138423_0023_m_000000_0:MAP:MAP:0.29133597
FILE_BYTES_READ : 3673903
HDFS_BYTES_READ : 2460917
FILE_BYTES_WRITTEN : 117213
HBW_BYTES_WRITTEN : 492446
CPU/Time : 0.6898026516771553
Written/Time : 6.208213682002404
FinishedSize : 2467299.859091878
TETS
Total Read / Write : 52.339075017276244
CPU intensive
Task Time : 98202
CPU Time : 67740
========================================
Task Size >> {0=8468916}
Update attemptID:attempt_1453169138423_0023_m_000000_0
attempt_1453169138423_0023_m_000000_0:MAP:MAP:0.30826992
FILE_BYTES_READ : 3673903
HDFS_BYTES_READ : 2603311
FILE_BYTES_WRITTEN : 117213
HBW_BYTES_WRITTEN : 520156
CPU/Time : 0.7013962844633771
Written/Time : 6.284946554648365
FinishedSize : 2610712.040571928
TETS
Total Read / Write : 53.553906136691324
CPU intensive
Task Time : 101412
CPU Time : 71130
========================================
Task Size >> {0=8468916}
Update attemptID:attempt_1453169138423_0023_m_000000_0
attempt_1453169138423_0023_m_000000_0:MAP:MAP:0.32536906
FILE_BYTES_READ : 3673903
HDFS_BYTES_READ : 2748344
FILE_BYTES_WRITTEN : 117213
HBW_BYTES_WRITTEN : 545596
CPU/Time : 0.7123332186412815
Written/Time : 6.334910349046145
FinishedSize : 2755523.238473654
TETS
Total Read / Write : 54.79125182360318
CPU intensive
Task Time : 104628
CPU Time : 74530
========================================
Task Size >> {0=8468916}
Update attemptID:attempt_1453169138423_0023_m_000000_0
attempt_1453169138423_0023_m_000000_0:MAP:MAP:0.34224647
FILE_BYTES_READ : 3673903
HDFS_BYTES_READ : 2890734
FILE_BYTES_WRITTEN : 117213
HBW_BYTES_WRITTEN : 571262
CPU/Time : 0.7222088256571015
Written/Time : 6.385292426406485
FinishedSize : 2898456.6297404766
TETS
Total Read / Write : 56.00604881711073
CPU intensive
Task Time : 107822
CPU Time : 77870
========================================
Task Size >> {0=8468916}
Update attemptID:attempt_1453169138423_0023_m_000000_0
attempt_1453169138423_0023_m_000000_0:MAP:MAP:0.35938114
FILE_BYTES_READ : 3673903
HDFS_BYTES_READ : 3037200
FILE_BYTES_WRITTEN : 117213
HBW_BYTES_WRITTEN : 599628
CPU/Time : 0.7317842024678015
Written/Time : 6.456282085922724
FinishedSize : 3043568.6805331707
TETS
Total Read / Write : 57.25562011039731
CPU intensive
Task Time : 111030
CPU Time : 81250
========================================
Task Size >> {0=8468916}
Update attemptID:attempt_1453169138423_0023_m_000000_0
attempt_1453169138423_0023_m_000000_0:MAP:MAP:0.37647676
FILE_BYTES_READ : 3673903
HDFS_BYTES_READ : 3181898
FILE_BYTES_WRITTEN : 117213
HBW_BYTES_WRITTEN : 626858
CPU/Time : 0.7406823733354345
Written/Time : 6.51442404503629
FinishedSize : 3188350.0960178375
TETS
Total Read / Write : 58.490107752553044
CPU intensive
Task Time : 114219
CPU Time : 84600
========================================
Task Size >> {0=8468916}
Update attemptID:attempt_1453169138423_0023_m_000000_0
attempt_1453169138423_0023_m_000000_0:MAP:MAP:0.393901
FILE_BYTES_READ : 3673903
HDFS_BYTES_READ : 3327696
FILE_BYTES_WRITTEN : 117213
HBW_BYTES_WRITTEN : 654124
CPU/Time : 0.7489737169332448
Written/Time : 6.569378438687039
FinishedSize : 3335914.4007439613
TETS
Total Read / Write : 59.73398001928114
CPU intensive
Task Time : 117414
CPU Time : 87940
========================================
Task Size >> {0=8468916}
Update attemptID:attempt_1453169138423_0023_m_000000_0
attempt_1453169138423_0023_m_000000_0:MAP:MAP:0.41032094
FILE_BYTES_READ : 3673903
HDFS_BYTES_READ : 3469076
FILE_BYTES_WRITTEN : 117213
HBW_BYTES_WRITTEN : 679521
CPU/Time : 0.7568432661928968
Written/Time : 6.606801389798744
FinishedSize : 3474973.5538594723
TETS
Total Read / Write : 60.94016022113588
CPU intensive
Task Time : 120593
CPU Time : 91270
========================================
Task Size >> {0=8468916}
Update attemptID:attempt_1453169138423_0023_m_000000_0
attempt_1453169138423_0023_m_000000_0:MAP:MAP:0.42737547
FILE_BYTES_READ : 3673903
HDFS_BYTES_READ : 3612678
FILE_BYTES_WRITTEN : 117213
HBW_BYTES_WRITTEN : 703366
CPU/Time : 0.7640903397842511
Written/Time : 6.6306735081410855
FinishedSize : 3619406.9188939333
TETS
Total Read / Write : 62.16529736462679
CPU intensive
Task Time : 123755
CPU Time : 94560
========================================
Task Size >> {0=8468916}
Update attemptID:attempt_1453169138423_0023_m_000000_0
attempt_1453169138423_0023_m_000000_0:MAP:MAP:0.44387913
FILE_BYTES_READ : 3673903
HDFS_BYTES_READ : 3753136
FILE_BYTES_WRITTEN : 117213
HBW_BYTES_WRITTEN : 727686
CPU/Time : 0.771049023779133
Written/Time : 6.657046281851274
FinishedSize : 3759175.044971466
TETS
Total Read / Write : 63.363611544794516
CPU intensive
Task Time : 126918
CPU Time : 97860
========================================
Task Size >> {0=8468916}
Update attemptID:attempt_1453169138423_0023_m_000000_0
attempt_1453169138423_0023_m_000000_0:MAP:MAP:0.4608726
FILE_BYTES_READ : 3673903
HDFS_BYTES_READ : 3897243
FILE_BYTES_WRITTEN : 117213
HBW_BYTES_WRITTEN : 752610
CPU/Time : 0.7778170692332529
Written/Time : 6.686728371335004
FinishedSize : 3903091.256001234
TETS
Total Read / Write : 64.59305708411183
CPU intensive
Task Time : 130082
CPU Time : 101180
========================================
Task Size >> {0=8468916}
Update attemptID:attempt_1453169138423_0023_m_000000_0
attempt_1453169138423_0023_m_000000_0:MAP:MAP:0.47764537
FILE_BYTES_READ : 3673903
HDFS_BYTES_READ : 4042196
FILE_BYTES_WRITTEN : 117213
HBW_BYTES_WRITTEN : 779030
CPU/Time : 0.7841371339367467
Written/Time : 6.726430104621666
FinishedSize : 4045138.494163871
TETS
Total Read / Write : 65.82972025287297
CPU intensive
Task Time : 133242
CPU Time : 104480
========================================
Task Size >> {0=8468916}
Update attemptID:attempt_1453169138423_0023_m_000000_0
attempt_1453169138423_0023_m_000000_0:MAP:MAP:0.49369773
FILE_BYTES_READ : 3673903
HDFS_BYTES_READ : 4175724
FILE_BYTES_WRITTEN : 117213
HBW_BYTES_WRITTEN : 797805
CPU/Time : 0.7900948582990016
Written/Time : 6.707654639553125
FinishedSize : 4181084.6275166273
TETS
Total Read / Write : 66.96891129823484
CPU intensive
Task Time : 136414
CPU Time : 107780
========================================
Task Size >> {0=8468916}
Update attemptID:attempt_1453169138423_0023_m_000000_0
attempt_1453169138423_0023_m_000000_0:MAP:MAP:0.5100709
FILE_BYTES_READ : 3673903
HDFS_BYTES_READ : 4314142
FILE_BYTES_WRITTEN : 117213
HBW_BYTES_WRITTEN : 815065
CPU/Time : 0.7959364970197157
Written/Time : 6.678974667583677
FinishedSize : 4319747.7754426
TETS
Total Read / Write : 68.14982126555928
CPU intensive
Task Time : 139584
CPU Time : 111100
========================================
Task Size >> {0=8468916}
Update attemptID:attempt_1453169138423_0023_m_000000_0
attempt_1453169138423_0023_m_000000_0:MAP:MAP:0.5264503
FILE_BYTES_READ : 3673903
HDFS_BYTES_READ : 4452897
FILE_BYTES_WRITTEN : 117213
HBW_BYTES_WRITTEN : 835225
CPU/Time : 0.8014235074888263
Written/Time : 6.672257015958416
FinishedSize : 4458463.168795109
TETS
Total Read / Write : 69.33360634059362
CPU intensive
Task Time : 142746
CPU Time : 114400
========================================
Task Size >> {0=8468916}
Update attemptID:attempt_1453169138423_0023_m_000000_0
attempt_1453169138423_0023_m_000000_0:MAP:MAP:0.5433613
FILE_BYTES_READ : 3673903
HDFS_BYTES_READ : 4595200
FILE_BYTES_WRITTEN : 117213
HBW_BYTES_WRITTEN : 857585
CPU/Time : 0.8067047222241258
Written/Time : 6.680038649461717
FinishedSize : 4601681.259777546
TETS
Total Read / Write : 70.54766109561226
CPU intensive
Task Time : 145927
CPU Time : 117720
========================================
Task Size >> {0=8468916}
Update attemptID:attempt_1453169138423_0023_m_000000_0
attempt_1453169138423_0023_m_000000_0:MAP:MAP:0.55976284
FILE_BYTES_READ : 3673903
HDFS_BYTES_READ : 4734866
FILE_BYTES_WRITTEN : 117213
HBW_BYTES_WRITTEN : 880395
CPU/Time : 0.8117479778400783
Written/Time : 6.690954942386886
FinishedSize : 4740584.433793545
TETS
Total Read / Write : 71.7392183460879
CPU intensive
Task Time : 149098
CPU Time : 121030
========================================
Task Size >> {0=8468916}
Update attemptID:attempt_1453169138423_0023_m_000000_0
attempt_1453169138423_0023_m_000000_0:MAP:MAP:0.5772517
FILE_BYTES_READ : 3673903
HDFS_BYTES_READ : 4882458
FILE_BYTES_WRITTEN : 117213
HBW_BYTES_WRITTEN : 911571
CPU/Time : 0.8166535329655897
Written/Time : 6.755870764381402
FinishedSize : 4888695.927334785
TETS
Total Read / Write : 72.99839608234582
CPU intensive
Task Time : 152280
CPU Time : 124360
========================================
Task Size >> {0=8468916}
Update attemptID:attempt_1453169138423_0023_m_000000_0
attempt_1453169138423_0023_m_000000_0:MAP:MAP:0.5943507
FILE_BYTES_READ : 3673903
HDFS_BYTES_READ : 5027230
FILE_BYTES_WRITTEN : 117213
HBW_BYTES_WRITTEN : 939359
CPU/Time : 0.8213256484149856
Written/Time : 6.796598394400988
FinishedSize : 5033506.115663052
TETS
Total Read / Write : 74.23351505379097
CPU intensive
Task Time : 155456
CPU Time : 127680
========================================
Task Size >> {0=8468916}
Update attemptID:attempt_1453169138423_0023_m_000000_0
attempt_1453169138423_0023_m_000000_0:MAP:MAP:0.6110275
FILE_BYTES_READ : 3673903
HDFS_BYTES_READ : 5168176
FILE_BYTES_WRITTEN : 117213
HBW_BYTES_WRITTEN : 962929
CPU/Time : 0.8259055207453447
Written/Time : 6.808847817042575
FinishedSize : 5174740.394797325
TETS
Total Read / Write : 75.43599259467807
CPU intensive
Task Time : 158638
CPU Time : 131020
========================================
Task Size >> {0=8468916}
Update attemptID:attempt_1453169138423_0023_m_000000_0
attempt_1453169138423_0023_m_000000_0:MAP:MAP:0.62739074
FILE_BYTES_READ : 3673903
HDFS_BYTES_READ : 5308557
FILE_BYTES_WRITTEN : 117213
HBW_BYTES_WRITTEN : 984667
CPU/Time : 0.8301506668149851
Written/Time : 6.809546763568047
FinishedSize : 5313319.495732784
TETS
Total Read / Write : 76.63364985112572
CPU intensive
Task Time : 161814
CPU Time : 134330
========================================
Task Size >> {0=8468916}
Update attemptID:attempt_1453169138423_0023_m_000000_0
attempt_1453169138423_0023_m_000000_0:MAP:MAP:0.6435412
FILE_BYTES_READ : 3673903
HDFS_BYTES_READ : 5443522
FILE_BYTES_WRITTEN : 117213
HBW_BYTES_WRITTEN : 1003537
CPU/Time : 0.8343585796449718
Written/Time : 6.792383076466203
FinishedSize : 5450096.508042812
TETS
Total Read / Write : 77.78510062876984
CPU intensive
Task Time : 165001
CPU Time : 137670
========================================
Task Size >> {0=8468916}
Update attemptID:attempt_1453169138423_0023_m_000000_0
attempt_1453169138423_0023_m_000000_0:MAP:MAP:0.66005635
FILE_BYTES_READ : 3673903
HDFS_BYTES_READ : 5584197
FILE_BYTES_WRITTEN : 117213
HBW_BYTES_WRITTEN : 1025035
CPU/Time : 0.8383329666605224
Written/Time : 6.791858674388598
FinishedSize : 5589961.805565834
TETS
Total Read / Write : 78.9852661394214
CPU intensive
Task Time : 168179
CPU Time : 140990
========================================
Task Size >> {0=8468916}
Update attemptID:attempt_1453169138423_0023_m_000000_0
attempt_1453169138423_0023_m_000000_0:MAP:MAP:0.67668825
FILE_BYTES_READ : 3673903
HDFS_BYTES_READ : 5725681
FILE_BYTES_WRITTEN : 117213
HBW_BYTES_WRITTEN : 1049555
CPU/Time : 0.8421015774085681
Written/Time : 6.808989419749412
FinishedSize : 5730815.980292559
TETS
Total Read / Write : 80.19233361487207
CPU intensive
Task Time : 171357
CPU Time : 144300
========================================
Task Size >> {0=8468916}
Update attemptID:attempt_1453169138423_0023_m_000000_0
attempt_1453169138423_0023_m_000000_0:MAP:MAP:0.69309485
FILE_BYTES_READ : 3673903
HDFS_BYTES_READ : 5865132
FILE_BYTES_WRITTEN : 117213
HBW_BYTES_WRITTEN : 1070995
CPU/Time : 0.8457523305315389
Written/Time : 6.808005454618377
FinishedSize : 5869762.061180592
TETS
Total Read / Write : 81.38205659781765
CPU intensive
Task Time : 174531
CPU Time : 147610
========================================
Task Size >> {0=8468916}
Update attemptID:attempt_1453169138423_0023_m_000000_0
attempt_1453169138423_0023_m_000000_0:MAP:MAP:0.7094214
FILE_BYTES_READ : 3673903
HDFS_BYTES_READ : 6003078
FILE_BYTES_WRITTEN : 117213
HBW_BYTES_WRITTEN : 1091515
CPU/Time : 0.8491649034349255
Written/Time : 6.801917795885292
FinishedSize : 6008030.213490486
TETS
Total Read / Write : 82.55893970805286
CPU intensive
Task Time : 177704
CPU Time : 150900
========================================
Task Size >> {0=8468916}
Update attemptID:attempt_1453169138423_0023_m_000000_0
attempt_1453169138423_0023_m_000000_0:MAP:MAP:0.72630614
FILE_BYTES_READ : 3673903
HDFS_BYTES_READ : 6145428
FILE_BYTES_WRITTEN : 117213
HBW_BYTES_WRITTEN : 1112507
CPU/Time : 0.8526141785392445
Written/Time : 6.798578054942807
FinishedSize : 6151025.693525076
TETS
Total Read / Write : 83.77339544248505
CPU intensive
Task Time : 180879
CPU Time : 154220
========================================
Task Size >> {0=8468916}
Update attemptID:attempt_1453169138423_0023_m_000000_0
attempt_1453169138423_0023_m_000000_0:MAP:MAP:0.7430612
FILE_BYTES_READ : 3673903
HDFS_BYTES_READ : 6287736
FILE_BYTES_WRITTEN : 117213
HBW_BYTES_WRITTEN : 1132972
CPU/Time : 0.8559491016174688
Written/Time : 6.792527152504985
FinishedSize : 6292922.757635593
TETS
Total Read / Write : 84.9874928548881
CPU intensive
Task Time : 184053
CPU Time : 157540
========================================
Task Size >> {0=8468916}
Update attemptID:attempt_1453169138423_0023_m_000000_0
attempt_1453169138423_0023_m_000000_0:MAP:MAP:0.75964975
FILE_BYTES_READ : 3673903
HDFS_BYTES_READ : 6428347
FILE_BYTES_WRITTEN : 117213
HBW_BYTES_WRITTEN : 1152452
CPU/Time : 0.8591525975933473
Written/Time : 6.781275536636561
FinishedSize : 6433409.952409744
TETS
Total Read / Write : 86.18711235101908
CPU intensive
Task Time : 187231
CPU Time : 160860
========================================
Task Size >> {0=8468916}
Update attemptID:attempt_1453169138423_0023_m_000000_0
attempt_1453169138423_0023_m_000000_0:MAP:MAP:0.776778
FILE_BYTES_READ : 3673903
HDFS_BYTES_READ : 6571245
FILE_BYTES_WRITTEN : 117213
HBW_BYTES_WRITTEN : 1174047
CPU/Time : 0.8624374465046183
Written/Time : 6.780510089951007
FinishedSize : 6578467.486235619
TETS
Total Read / Write : 87.40624333478368
CPU intensive
Task Time : 190437
CPU Time : 164240
========================================
Task Size >> {0=8468916}
Update attemptID:attempt_1453169138423_0023_m_000000_0
attempt_1453169138423_0023_m_000000_0:MAP:MAP:0.79330546
FILE_BYTES_READ : 3673903
HDFS_BYTES_READ : 6711434
FILE_BYTES_WRITTEN : 117213
HBW_BYTES_WRITTEN : 1190063
CPU/Time : 0.8655321126978798
Written/Time : 6.751935542184231
FinishedSize : 6718437.2746117115
TETS
Total Read / Write : 88.60226254766962
CPU intensive
Task Time : 193615
CPU Time : 167580
========================================
Task Size >> {0=8468916}
Update attemptID:attempt_1453169138423_0023_m_000000_0
attempt_1453169138423_0023_m_000000_0:MAP:MAP:0.81017697
FILE_BYTES_READ : 3673903
HDFS_BYTES_READ : 6855499
FILE_BYTES_WRITTEN : 117213
HBW_BYTES_WRITTEN : 1211640
CPU/Time : 0.8684362963791018
Written/Time : 6.752233209012103
FinishedSize : 6861320.691992283
TETS
Total Read / Write : 89.8313497649578
CPU intensive
Task Time : 196802
CPU Time : 170910
========================================
Task Size >> {0=8468916}
Update attemptID:attempt_1453169138423_0023_m_000000_0
attempt_1453169138423_0023_m_000000_0:MAP:MAP:0.8269114
FILE_BYTES_READ : 3673903
HDFS_BYTES_READ : 6996277
FILE_BYTES_WRITTEN : 117213
HBW_BYTES_WRITTEN : 1232630
CPU/Time : 0.8713435671783589
Written/Time : 6.749552477623881
FinishedSize : 7003043.099894285
TETS
Total Read / Write : 91.03239401772841
CPU intensive
Task Time : 199990
CPU Time : 174260
========================================
Task Size >> {0=8468916}
Update attemptID:attempt_1453169138423_0023_m_000000_0
attempt_1453169138423_0023_m_000000_0:MAP:MAP:0.8432431
FILE_BYTES_READ : 3673903
HDFS_BYTES_READ : 7133611
FILE_BYTES_WRITTEN : 117213
HBW_BYTES_WRITTEN : 1248616
CPU/Time : 0.8740912827125918
Written/Time : 6.722558829754246
FinishedSize : 7141355.168649673
TETS
Total Read / Write : 92.20405586411064
CPU intensive
Task Time : 203171
CPU Time : 177590
========================================
Task Size >> {0=8468916}
Update attemptID:attempt_1453169138423_0023_m_000000_0
attempt_1453169138423_0023_m_000000_0:MAP:MAP:0.85978705
FILE_BYTES_READ : 3673903
HDFS_BYTES_READ : 7276308
FILE_BYTES_WRITTEN : 117213
HBW_BYTES_WRITTEN : 1266056
CPU/Time : 0.8768231816640015
Written/Time : 6.7028589426757765
FinishedSize : 7281464.278163195
TETS
Total Read / Write : 93.42147202102156
CPU intensive
Task Time : 206370
CPU Time : 180950
========================================
Task Size >> {0=8468916}
Update attemptID:attempt_1453169138423_0023_m_000000_0
attempt_1453169138423_0023_m_000000_0:MAP:MAP:0.87602127
FILE_BYTES_READ : 3673903
HDFS_BYTES_READ : 7411420
FILE_BYTES_WRITTEN : 117213
HBW_BYTES_WRITTEN : 1282152
CPU/Time : 0.8794475834160494
Written/Time : 6.677889020386348
FinishedSize : 7418950.5158286095
TETS
Total Read / Write : 94.57417692576762
CPU intensive
Task Time : 209552
CPU Time : 184290
========================================
Task Size >> {0=8468916}
Update attemptID:attempt_1453169138423_0023_m_000000_0
attempt_1453169138423_0023_m_000000_0:MAP:MAP:0.8924424
FILE_BYTES_READ : 3673903
HDFS_BYTES_READ : 7551958
FILE_BYTES_WRITTEN : 117213
HBW_BYTES_WRITTEN : 1298036
CPU/Time : 0.8819948764953348
Written/Time : 6.652325554067076
FinishedSize : 7558019.764678717
TETS
Total Read / Write : 95.77317362408607
CPU intensive
Task Time : 212745
CPU Time : 187640
========================================
Task Size >> {0=8468916}
Update attemptID:attempt_1453169138423_0023_m_000000_0
attempt_1453169138423_0023_m_000000_0:MAP:MAP:0.908006
FILE_BYTES_READ : 3673903
HDFS_BYTES_READ : 7684100
FILE_BYTES_WRITTEN : 117213
HBW_BYTES_WRITTEN : 1311169
CPU/Time : 0.884332004241978
Written/Time : 6.614808948906394
FinishedSize : 7689826.64684701
TETS
Total Read / Write : 96.90054004248675
CPU intensive
Task Time : 215937
CPU Time : 190960
========================================
Task Size >> {0=8468916}
Update attemptID:attempt_1453169138423_0023_m_000000_0
attempt_1453169138423_0023_m_000000_0:MAP:MAP:0.92419136
FILE_BYTES_READ : 3673903
HDFS_BYTES_READ : 7821975
FILE_BYTES_WRITTEN : 117213
HBW_BYTES_WRITTEN : 1326240
CPU/Time : 0.8867298556571184
Written/Time : 6.587169318809297
FinishedSize : 7826898.959393978
TETS
Total Read / Write : 98.07681741786321
CPU intensive
Task Time : 219131
CPU Time : 194310
========================================
Task Size >> {0=8468916}
Update attemptID:attempt_1453169138423_0023_m_000000_0
attempt_1453169138423_0023_m_000000_0:MAP:MAP:0.9409766
FILE_BYTES_READ : 3673903
HDFS_BYTES_READ : 7961921
FILE_BYTES_WRITTEN : 117213
HBW_BYTES_WRITTEN : 1345320
CPU/Time : 0.8890868035876537
Written/Time : 6.578563139286968
FinishedSize : 7969051.950376511
TETS
Total Read / Write : 99.27076348186634
CPU intensive
Task Time : 222318
CPU Time : 197660
========================================
Task Size >> {0=8468916}
Update attemptID:attempt_1453169138423_0023_m_000000_0
attempt_1453169138423_0023_m_000000_0:MAP:MAP:0.9577279
FILE_BYTES_READ : 3673903
HDFS_BYTES_READ : 8105381
FILE_BYTES_WRITTEN : 117213
HBW_BYTES_WRITTEN : 1363057
CPU/Time : 0.8913297001999849
Written/Time : 6.5638954047810145
FinishedSize : 8110917.21292305
TETS
Total Read / Write : 100.49468915563973
CPU intensive
Task Time : 225517
CPU Time : 201010
========================================
Task Size >> {0=8468916}
Update attemptID:attempt_1453169138423_0023_m_000000_0
attempt_1453169138423_0023_m_000000_0:MAP:MAP:0.97420114
FILE_BYTES_READ : 3673903
HDFS_BYTES_READ : 8243873
FILE_BYTES_WRITTEN : 117213
HBW_BYTES_WRITTEN : 1381381
CPU/Time : 0.8934700391316704
Written/Time : 6.55223312856612
FinishedSize : 8250427.645375013
TETS
Total Read / Write : 101.67623045225359
CPU intensive
Task Time : 228715
CPU Time : 204350
========================================
Task Size >> {0=8468916}
Update attemptID:attempt_1453169138423_0023_m_000000_0
attempt_1453169138423_0023_m_000000_0:MAP:MAP:0.9911094
FILE_BYTES_READ : 3673903
HDFS_BYTES_READ : 8387148
FILE_BYTES_WRITTEN : 117213
HBW_BYTES_WRITTEN : 1400839
CPU/Time : 0.895672983636246
Written/Time : 6.545725804712934
FinishedSize : 8393622.01138115
TETS
Total Read / Write : 102.89857780280344
CPU intensive
Task Time : 231915
CPU Time : 207720
========================================
Task Size >> {0=8468916}
Update attemptID:attempt_1453169138423_0023_m_000000_0
attempt_1453169138423_0023_m_000000_0:MAP:SORT:0.9911094
FILE_BYTES_READ : 3673903
HDFS_BYTES_READ : 8387148
FILE_BYTES_WRITTEN : 117213
HBW_BYTES_WRITTEN : 1400839
CPU/Time : 0.8891894899959761
Written/Time : 6.498343364468378
FinishedSize : 8393622.01138115
TETS
Total Read / Write : 102.89857780280344
CPU intensive
Task Time : 233606
CPU Time : 207720
========================================
