Now Use estimatorClass : org.apache.hadoop.mapreduce.v2.app.speculate.LegacyTaskRuntimeEstimator_Fixed
serviceStart
Task Size >> {0=19202391}
Update attemptID:attempt_1453169138423_0010_m_000000_0
attempt_1453169138423_0010_m_000000_0:MAP:MAP:0.015288609
FILE_BYTES_READ : 0
HDFS_BYTES_READ : 284063
FILE_BYTES_WRITTEN : 116195
HBW_BYTES_WRITTEN : 417732
CPU/Time : 0.20978258499247662
Written/Time : 11.643304184748239
FinishedSize : 293577.8494006293
TETS
Total Read / Write : 2.4447093248418605
CPU intensive
Task Time : 45857
CPU Time : 9620
========================================
Task Size >> {0=19202391}
Update attemptID:attempt_1453169138423_0010_m_000000_0
attempt_1453169138423_0010_m_000000_0:MAP:MAP:0.026993372
FILE_BYTES_READ : 0
HDFS_BYTES_READ : 508305
FILE_BYTES_WRITTEN : 116195
HBW_BYTES_WRITTEN : 728863
CPU/Time : 0.268606831336105
Written/Time : 17.22218146246026
FinishedSize : 518337.2748397216
TETS
Total Read / Write : 4.374585825551874
CPU intensive
Task Time : 49068
CPU Time : 13180
========================================
Task Size >> {0=19202391}
Update attemptID:attempt_1453169138423_0010_m_000000_0
attempt_1453169138423_0010_m_000000_0:MAP:MAP:0.038100027
FILE_BYTES_READ : 0
HDFS_BYTES_READ : 722270
FILE_BYTES_WRITTEN : 116195
HBW_BYTES_WRITTEN : 1034546
CPU/Time : 0.31729941665869754
Written/Time : 22.00900831978579
FinishedSize : 731611.6068833247
TETS
Total Read / Write : 6.216016179697921
CPU intensive
Task Time : 52285
CPU Time : 16590
========================================
Task Size >> {0=19202391}
Update attemptID:attempt_1453169138423_0010_m_000000_0
attempt_1453169138423_0010_m_000000_0:MAP:MAP:0.049470715
FILE_BYTES_READ : 0
HDFS_BYTES_READ : 938915
FILE_BYTES_WRITTEN : 116195
HBW_BYTES_WRITTEN : 1342780
CPU/Time : 0.36003243535453644
Written/Time : 26.290206324894136
FinishedSize : 949956.0167951658
TETS
Total Read / Write : 8.080511209604545
CPU intensive
Task Time : 55495
CPU Time : 19980
========================================
Task Size >> {0=19202391}
Update attemptID:attempt_1453169138423_0010_m_000000_0
attempt_1453169138423_0010_m_000000_0:MAP:MAP:0.060760994
FILE_BYTES_READ : 0
HDFS_BYTES_READ : 1167002
FILE_BYTES_WRITTEN : 116195
HBW_BYTES_WRITTEN : 1652920
CPU/Time : 0.39743786306877227
Written/Time : 30.137731895538405
FinishedSize : 1166756.3549367897
TETS
Total Read / Write : 10.043478635053143
CPU intensive
Task Time : 58701
CPU Time : 23330
========================================
Task Size >> {0=19202391}
Update attemptID:attempt_1453169138423_0010_m_000000_0
attempt_1453169138423_0010_m_000000_0:MAP:MAP:0.07166408
FILE_BYTES_READ : 0
HDFS_BYTES_READ : 1366890
FILE_BYTES_WRITTEN : 116195
HBW_BYTES_WRITTEN : 1962418
CPU/Time : 0.43131996833756037
Written/Time : 33.57855031258582
FinishedSize : 1376121.6852716357
TETS
Total Read / Write : 11.763759197900082
CPU intensive
Task Time : 61903
CPU Time : 26700
========================================
Task Size >> {0=19202391}
Update attemptID:attempt_1453169138423_0010_m_000000_0
attempt_1453169138423_0010_m_000000_0:MAP:MAP:0.08240344
FILE_BYTES_READ : 0
HDFS_BYTES_READ : 1572340
FILE_BYTES_WRITTEN : 116195
HBW_BYTES_WRITTEN : 2281853
CPU/Time : 0.4616471817246094
Written/Time : 36.84033613445378
FinishedSize : 1582343.0036364645
TETS
Total Read / Write : 13.531907569172512
CPU intensive
Task Time : 65093
CPU Time : 30050
========================================
Task Size >> {0=19202391}
Update attemptID:attempt_1453169138423_0010_m_000000_0
attempt_1453169138423_0010_m_000000_0:MAP:MAP:0.09340453
FILE_BYTES_READ : 0
HDFS_BYTES_READ : 1793832
FILE_BYTES_WRITTEN : 116195
HBW_BYTES_WRITTEN : 2580418
CPU/Time : 0.4890444665768352
Written/Time : 39.495767180268324
FinishedSize : 1793590.3346292973
TETS
Total Read / Write : 15.43811695856104
CPU intensive
Task Time : 68276
CPU Time : 33390
========================================
Task Size >> {0=19202391}
Update attemptID:attempt_1453169138423_0010_m_000000_0
attempt_1453169138423_0010_m_000000_0:MAP:MAP:0.107271746
FILE_BYTES_READ : 0
HDFS_BYTES_READ : 2060114
FILE_BYTES_WRITTEN : 116195
HBW_BYTES_WRITTEN : 2825793
CPU/Time : 0.5142129351005612
Written/Time : 41.17605564808465
FinishedSize : 2059874.0061228722
TETS
Total Read / Write : 17.729799044709324
CPU intensive
Task Time : 71449
CPU Time : 36740
========================================
Task Size >> {0=19202391}
Update attemptID:attempt_1453169138423_0010_m_000000_0
attempt_1453169138423_0010_m_000000_0:MAP:MAP:0.11462176
FILE_BYTES_READ : 0
HDFS_BYTES_READ : 2190791
FILE_BYTES_WRITTEN : 116195
HBW_BYTES_WRITTEN : 3133091
CPU/Time : 0.5369631038825327
Written/Time : 43.53160419067013
FinishedSize : 2201011.823075652
TETS
Total Read / Write : 18.854434356039416
CPU intensive
Task Time : 74642
CPU Time : 40080
========================================
Task Size >> {0=19202391}
Update attemptID:attempt_1453169138423_0010_m_000000_0
attempt_1453169138423_0010_m_000000_0:MAP:MAP:0.12787081
FILE_BYTES_READ : 0
HDFS_BYTES_READ : 2411252
FILE_BYTES_WRITTEN : 116195
HBW_BYTES_WRITTEN : 3367371
CPU/Time : 0.5577612458081178
Written/Time : 44.75922856518778
FinishedSize : 2455425.3489466757
TETS
Total Read / Write : 20.75177073023796
CPU intensive
Task Time : 77829
CPU Time : 43410
========================================
Task Size >> {0=19202391}
Update attemptID:attempt_1453169138423_0010_m_000000_0
attempt_1453169138423_0010_m_000000_0:MAP:MAP:0.13736287
FILE_BYTES_READ : 0
HDFS_BYTES_READ : 2637932
FILE_BYTES_WRITTEN : 116195
HBW_BYTES_WRITTEN : 3649254
CPU/Time : 0.57704650933149
Written/Time : 46.47784388268984
FinishedSize : 2637695.4924167097
TETS
Total Read / Write : 22.70262920091226
CPU intensive
Task Time : 81016
CPU Time : 46750
========================================
Task Size >> {0=19202391}
Update attemptID:attempt_1453169138423_0010_m_000000_0
attempt_1453169138423_0010_m_000000_0:MAP:MAP:0.14581078
FILE_BYTES_READ : 0
HDFS_BYTES_READ : 2789491
FILE_BYTES_WRITTEN : 116195
HBW_BYTES_WRITTEN : 3893898
CPU/Time : 0.5948096680325435
Written/Time : 47.62863590474494
FinishedSize : 2799915.665442288
TETS
Total Read / Write : 24.006979646284265
CPU intensive
Task Time : 84195
CPU Time : 50080
========================================
Task Size >> {0=19202391}
Update attemptID:attempt_1453169138423_0010_m_000000_0
attempt_1453169138423_0010_m_000000_0:MAP:MAP:0.15439269
FILE_BYTES_READ : 0
HDFS_BYTES_READ : 2964943
FILE_BYTES_WRITTEN : 116195
HBW_BYTES_WRITTEN : 4115771
CPU/Time : 0.6112032957601419
Written/Time : 48.428975224580874
FinishedSize : 2964708.790676862
TETS
Total Read / Write : 25.516958561039633
CPU intensive
Task Time : 87385
CPU Time : 53410
========================================
Task Size >> {0=19202391}
Update attemptID:attempt_1453169138423_0010_m_000000_0
attempt_1453169138423_0010_m_000000_0:MAP:MAP:0.15900569
FILE_BYTES_READ : 0
HDFS_BYTES_READ : 3036457
FILE_BYTES_WRITTEN : 116195
HBW_BYTES_WRITTEN : 4293727
CPU/Time : 0.6268284335912919
Written/Time : 48.68377068544871
FinishedSize : 3053289.3660989553
TETS
Total Read / Write : 26.132423942510435
CPU intensive
Task Time : 90583
CPU Time : 56780
========================================
Task Size >> {0=19202391}
Update attemptID:attempt_1453169138423_0010_m_000000_0
attempt_1453169138423_0010_m_000000_0:MAP:MAP:0.16089134
FILE_BYTES_READ : 0
HDFS_BYTES_READ : 3089732
FILE_BYTES_WRITTEN : 116195
HBW_BYTES_WRITTEN : 4531245
CPU/Time : 0.6409504409867011
Written/Time : 49.56370578135165
FinishedSize : 3089498.403502777
TETS
Total Read / Write : 26.59092043547485
CPU intensive
Task Time : 93767
CPU Time : 60100
========================================
Task Size >> {0=19202391}
Update attemptID:attempt_1453169138423_0010_m_000000_0
attempt_1453169138423_0010_m_000000_0:MAP:MAP:0.16898263
FILE_BYTES_READ : 0
HDFS_BYTES_READ : 3233263
FILE_BYTES_WRITTEN : 116195
HBW_BYTES_WRITTEN : 4795380
CPU/Time : 0.6544475616800066
Written/Time : 50.65986261242677
FinishedSize : 3244870.4376028776
TETS
Total Read / Write : 27.82618012823271
CPU intensive
Task Time : 96952
CPU Time : 63450
========================================
Task Size >> {0=19202391}
Update attemptID:attempt_1453169138423_0010_m_000000_0
attempt_1453169138423_0010_m_000000_0:MAP:MAP:0.18045856
FILE_BYTES_READ : 0
HDFS_BYTES_READ : 3453916
FILE_BYTES_WRITTEN : 116195
HBW_BYTES_WRITTEN : 5090258
CPU/Time : 0.6668863656790197
Written/Time : 51.99329918012323
FinishedSize : 3465235.8396690935
TETS
Total Read / Write : 29.725168897112614
CPU intensive
Task Time : 100137
CPU Time : 66780
========================================
Task Size >> {0=19202391}
Update attemptID:attempt_1453169138423_0010_m_000000_0
attempt_1453169138423_0010_m_000000_0:MAP:MAP:0.19171035
FILE_BYTES_READ : 0
HDFS_BYTES_READ : 3672129
FILE_BYTES_WRITTEN : 116195
HBW_BYTES_WRITTEN : 5382548
CPU/Time : 0.6786765275303958
Written/Time : 53.228752032835125
FinishedSize : 3681297.155088544
TETS
Total Read / Write : 31.60315848358363
CPU intensive
Task Time : 103304
CPU Time : 70110
========================================
Task Size >> {0=19202391}
Update attemptID:attempt_1453169138423_0010_m_000000_0
attempt_1453169138423_0010_m_000000_0:MAP:MAP:0.20366748
FILE_BYTES_READ : 0
HDFS_BYTES_READ : 3902062
FILE_BYTES_WRITTEN : 116195
HBW_BYTES_WRITTEN : 5681440
CPU/Time : 0.6896681253873749
Written/Time : 54.44504441898466
FinishedSize : 3910902.5229835957
TETS
Total Read / Write : 33.58201299539567
CPU intensive
Task Time : 106486
CPU Time : 73440
========================================
Task Size >> {0=19202391}
Update attemptID:attempt_1453169138423_0010_m_000000_0
attempt_1453169138423_0010_m_000000_0:MAP:MAP:0.21559529
FILE_BYTES_READ : 0
HDFS_BYTES_READ : 4130464
FILE_BYTES_WRITTEN : 116195
HBW_BYTES_WRITTEN : 5979926
CPU/Time : 0.7000282673912845
Written/Time : 55.587560524132144
FinishedSize : 4139945.0575829297
TETS
Total Read / Write : 35.547691380868365
CPU intensive
Task Time : 109667
CPU Time : 76770
========================================
Task Size >> {0=19202391}
Update attemptID:attempt_1453169138423_0010_m_000000_0
attempt_1453169138423_0010_m_000000_0:MAP:MAP:0.2267034
FILE_BYTES_READ : 0
HDFS_BYTES_READ : 4343401
FILE_BYTES_WRITTEN : 116195
HBW_BYTES_WRITTEN : 6280322
CPU/Time : 0.7098294991315445
Written/Time : 56.6845999787317
FinishedSize : 4353247.431143045
TETS
Total Read / Write : 37.38027453849133
CPU intensive
Task Time : 112844
CPU Time : 80100
========================================
Task Size >> {0=19202391}
Update attemptID:attempt_1453169138423_0010_m_000000_0
attempt_1453169138423_0010_m_000000_0:MAP:MAP:0.23773642
FILE_BYTES_READ : 0
HDFS_BYTES_READ : 4565332
FILE_BYTES_WRITTEN : 116195
HBW_BYTES_WRITTEN : 6562100
CPU/Time : 0.7188973459413331
Written/Time : 57.56604977114239
FinishedSize : 4565107.669568226
TETS
Total Read / Write : 39.29026205946899
CPU intensive
Task Time : 116011
CPU Time : 83400
========================================
Task Size >> {0=19202391}
Update attemptID:attempt_1453169138423_0010_m_000000_0
attempt_1453169138423_0010_m_000000_0:MAP:MAP:0.24668823
FILE_BYTES_READ : 0
HDFS_BYTES_READ : 4737227
FILE_BYTES_WRITTEN : 116195
HBW_BYTES_WRITTEN : 6878009
CPU/Time : 0.727728878409787
Written/Time : 58.686547126591094
FinishedSize : 4737003.882618204
TETS
Total Read / Write : 40.76962864150781
CPU intensive
Task Time : 119179
CPU Time : 86730
========================================
Task Size >> {0=19202391}
Update attemptID:attempt_1453169138423_0010_m_000000_0
attempt_1453169138423_0010_m_000000_0:MAP:MAP:0.25777525
FILE_BYTES_READ : 0
HDFS_BYTES_READ : 4940032
FILE_BYTES_WRITTEN : 116195
HBW_BYTES_WRITTEN : 7197102
CPU/Time : 0.7360007845444738
Written/Time : 59.76673694877579
FinishedSize : 4949901.084878504
TETS
Total Read / Write : 42.51501355480012
CPU intensive
Task Time : 122364
CPU Time : 90060
========================================
Task Size >> {0=19202391}
Update attemptID:attempt_1453169138423_0010_m_000000_0
attempt_1453169138423_0010_m_000000_0:MAP:MAP:0.26947245
FILE_BYTES_READ : 0
HDFS_BYTES_READ : 5165560
FILE_BYTES_WRITTEN : 116195
HBW_BYTES_WRITTEN : 7503911
CPU/Time : 0.7438885481468501
Written/Time : 60.69717945245852
FinishedSize : 5174515.348972231
TETS
Total Read / Write : 44.45595765738629
CPU intensive
Task Time : 125543
CPU Time : 93390
========================================
Task Size >> {0=19202391}
Update attemptID:attempt_1453169138423_0010_m_000000_0
attempt_1453169138423_0010_m_000000_0:MAP:MAP:0.28005964
FILE_BYTES_READ : 0
HDFS_BYTES_READ : 5378034
FILE_BYTES_WRITTEN : 116195
HBW_BYTES_WRITTEN : 7785754
CPU/Time : 0.7512605172587925
Written/Time : 61.390096102301946
FinishedSize : 5377814.626861274
TETS
Total Read / Write : 46.284556134084944
CPU intensive
Task Time : 128717
CPU Time : 96700
========================================
Task Size >> {0=19202391}
Update attemptID:attempt_1453169138423_0010_m_000000_0
attempt_1453169138423_0010_m_000000_0:MAP:MAP:0.29053628
FILE_BYTES_READ : 0
HDFS_BYTES_READ : 5570529
FILE_BYTES_WRITTEN : 116195
HBW_BYTES_WRITTEN : 8086581
CPU/Time : 0.7584695641624458
Written/Time : 62.1969003063298
FinishedSize : 5578991.333633065
TETS
Total Read / Write : 47.94121089547743
CPU intensive
Task Time : 131884
CPU Time : 100030
========================================
Task Size >> {0=19202391}
Update attemptID:attempt_1453169138423_0010_m_000000_0
attempt_1453169138423_0010_m_000000_0:MAP:MAP:0.30209142
FILE_BYTES_READ : 0
HDFS_BYTES_READ : 5792408
FILE_BYTES_WRITTEN : 116195
HBW_BYTES_WRITTEN : 8383800
CPU/Time : 0.7596788660324368
Written/Time : 62.49169227602229
FinishedSize : 5800877.558763206
TETS
Total Read / Write : 49.85075089289556
CPU intensive
Task Time : 136018
CPU Time : 103330
========================================
Task Size >> {0=19202391}
Update attemptID:attempt_1453169138423_0010_m_000000_0
attempt_1453169138423_0010_m_000000_0:MAP:MAP:0.31332254
FILE_BYTES_READ : 0
HDFS_BYTES_READ : 6010581
FILE_BYTES_WRITTEN : 116195
HBW_BYTES_WRITTEN : 8671022
CPU/Time : 0.7661301911194137
Written/Time : 63.13563011927001
FinishedSize : 6016542.000882626
TETS
Total Read / Write : 51.72839623047463
CPU intensive
Task Time : 139180
CPU Time : 106630
========================================
Task Size >> {0=19202391}
Update attemptID:attempt_1453169138423_0010_m_000000_0
attempt_1453169138423_0010_m_000000_0:MAP:MAP:0.3247214
FILE_BYTES_READ : 0
HDFS_BYTES_READ : 6225415
FILE_BYTES_WRITTEN : 116195
HBW_BYTES_WRITTEN : 8968071
CPU/Time : 0.7724833534683786
Written/Time : 63.80654904054168
FinishedSize : 6235427.2114700675
TETS
Total Read / Write : 53.57730539179827
CPU intensive
Task Time : 142372
CPU Time : 109980
========================================
Task Size >> {0=19202391}
Update attemptID:attempt_1453169138423_0010_m_000000_0
attempt_1453169138423_0010_m_000000_0:MAP:MAP:0.33618698
FILE_BYTES_READ : 0
HDFS_BYTES_READ : 6445613
FILE_BYTES_WRITTEN : 116195
HBW_BYTES_WRITTEN : 9269744
CPU/Time : 0.778432005716288
Written/Time : 64.48645473345746
FinishedSize : 6455593.747679383
TETS
Total Read / Write : 55.472378329532255
CPU intensive
Task Time : 145549
CPU Time : 113300
========================================
Task Size >> {0=19202391}
Update attemptID:attempt_1453169138423_0010_m_000000_0
attempt_1453169138423_0010_m_000000_0:MAP:MAP:0.348002
FILE_BYTES_READ : 0
HDFS_BYTES_READ : 6672443
FILE_BYTES_WRITTEN : 116195
HBW_BYTES_WRITTEN : 9566501
CPU/Time : 0.7841621170965226
Written/Time : 65.10163246644971
FinishedSize : 6682470.2181970775
TETS
Total Read / Write : 57.42452773355136
CPU intensive
Task Time : 148732
CPU Time : 116630
========================================
Task Size >> {0=19202391}
Update attemptID:attempt_1453169138423_0010_m_000000_0
attempt_1453169138423_0010_m_000000_0:MAP:MAP:0.35959166
FILE_BYTES_READ : 0
HDFS_BYTES_READ : 6894590
FILE_BYTES_WRITTEN : 116195
HBW_BYTES_WRITTEN : 9861746
CPU/Time : 0.7896278644170447
Written/Time : 65.68453724976466
FinishedSize : 6905019.711034119
TETS
Total Read / Write : 59.33637419854555
CPU intensive
Task Time : 151907
CPU Time : 119950
========================================
Task Size >> {0=19202391}
Update attemptID:attempt_1453169138423_0010_m_000000_0
attempt_1453169138423_0010_m_000000_0:MAP:MAP:0.37147582
FILE_BYTES_READ : 0
HDFS_BYTES_READ : 7123083
FILE_BYTES_WRITTEN : 116195
HBW_BYTES_WRITTEN : 10160197
CPU/Time : 0.7948749363235986
Written/Time : 66.26467458940812
FinishedSize : 7133223.86151731
TETS
Total Read / Write : 61.30283575024743
CPU intensive
Task Time : 155081
CPU Time : 123270
========================================
Task Size >> {0=19202391}
Update attemptID:attempt_1453169138423_0010_m_000000_0
attempt_1453169138423_0010_m_000000_0:MAP:MAP:0.38352486
FILE_BYTES_READ : 0
HDFS_BYTES_READ : 7355700
FILE_BYTES_WRITTEN : 116195
HBW_BYTES_WRITTEN : 10456918
CPU/Time : 0.799941863771651
Written/Time : 66.81314257910003
FinishedSize : 7364594.41426304
TETS
Total Read / Write : 63.304789362709236
CPU intensive
Task Time : 158249
CPU Time : 126590
========================================
Task Size >> {0=19202391}
Update attemptID:attempt_1453169138423_0010_m_000000_0
attempt_1453169138423_0010_m_000000_0:MAP:MAP:0.39566737
FILE_BYTES_READ : 0
HDFS_BYTES_READ : 7589156
FILE_BYTES_WRITTEN : 116195
HBW_BYTES_WRITTEN : 10755683
CPU/Time : 0.8048718536461463
Written/Time : 67.35274475426999
FinishedSize : 7597759.624065578
TETS
Total Read / Write : 65.31396359567968
CPU intensive
Task Time : 161417
CPU Time : 129920
========================================
Task Size >> {0=19202391}
Update attemptID:attempt_1453169138423_0010_m_000000_0
attempt_1453169138423_0010_m_000000_0:MAP:MAP:0.40750405
FILE_BYTES_READ : 0
HDFS_BYTES_READ : 7816427
FILE_BYTES_WRITTEN : 116195
HBW_BYTES_WRITTEN : 11052101
CPU/Time : 0.809464205422353
Written/Time : 67.86020002673504
FinishedSize : 7825052.139124185
TETS
Total Read / Write : 67.26990834373252
CPU intensive
Task Time : 164578
CPU Time : 133220
========================================
Task Size >> {0=19202391}
Update attemptID:attempt_1453169138423_0010_m_000000_0
attempt_1453169138423_0010_m_000000_0:MAP:MAP:0.41899806
FILE_BYTES_READ : 0
HDFS_BYTES_READ : 8038990
FILE_BYTES_WRITTEN : 116195
HBW_BYTES_WRITTEN : 11345178
CPU/Time : 0.8139042725056186
Written/Time : 68.32535306145564
FinishedSize : 8045764.626491725
TETS
Total Read / Write : 69.18533499720297
CPU intensive
Task Time : 167747
CPU Time : 136530
========================================
Task Size >> {0=19202391}
Update attemptID:attempt_1453169138423_0010_m_000000_0
attempt_1453169138423_0010_m_000000_0:MAP:MAP:0.43013477
FILE_BYTES_READ : 0
HDFS_BYTES_READ : 8252908
FILE_BYTES_WRITTEN : 116195
HBW_BYTES_WRITTEN : 11640957
CPU/Time : 0.8181403295263059
Written/Time : 68.79067590338887
FinishedSize : 8259616.098727226
TETS
Total Read / Write : 71.02636085890099
CPU intensive
Task Time : 170912
CPU Time : 139830
========================================
Task Size >> {0=19202391}
Update attemptID:attempt_1453169138423_0010_m_000000_0
attempt_1453169138423_0010_m_000000_0:MAP:MAP:0.44128808
FILE_BYTES_READ : 0
HDFS_BYTES_READ : 8465437
FILE_BYTES_WRITTEN : 116195
HBW_BYTES_WRITTEN : 11928276
CPU/Time : 0.8222317966393796
Written/Time : 69.19127387620279
FinishedSize : 8473786.328609616
TETS
Total Read / Write : 72.85543267782607
CPU intensive
Task Time : 174075
CPU Time : 143130
========================================
Task Size >> {0=19202391}
Update attemptID:attempt_1453169138423_0010_m_000000_0
attempt_1453169138423_0010_m_000000_0:MAP:MAP:0.45262942
FILE_BYTES_READ : 0
HDFS_BYTES_READ : 8680915
FILE_BYTES_WRITTEN : 116195
HBW_BYTES_WRITTEN : 12223097
CPU/Time : 0.8262191853477704
Written/Time : 69.62343634506767
FinishedSize : 8691567.046811968
TETS
Total Read / Write : 74.70988424631008
CPU intensive
Task Time : 177229
CPU Time : 146430
========================================
Task Size >> {0=19202391}
Update attemptID:attempt_1453169138423_0010_m_000000_0
attempt_1453169138423_0010_m_000000_0:MAP:MAP:0.46240714
FILE_BYTES_READ : 0
HDFS_BYTES_READ : 8869310
FILE_BYTES_WRITTEN : 116195
HBW_BYTES_WRITTEN : 12515034
CPU/Time : 0.8300721705486513
Written/Time : 70.0155704355731
FinishedSize : 8879322.740415305
TETS
Total Read / Write : 76.33125349627781
CPU intensive
Task Time : 180406
CPU Time : 149750
========================================
Task Size >> {0=19202391}
Update attemptID:attempt_1453169138423_0010_m_000000_0
attempt_1453169138423_0010_m_000000_0:MAP:MAP:0.4733891
FILE_BYTES_READ : 0
HDFS_BYTES_READ : 9083873
FILE_BYTES_WRITTEN : 116195
HBW_BYTES_WRITTEN : 12811440
CPU/Time : 0.8338780668496971
Written/Time : 70.42116071817667
FinishedSize : 9090202.384176314
TETS
Total Read / Write : 78.1778303713585
CPU intensive
Task Time : 183576
CPU Time : 153080
========================================
Task Size >> {0=19202391}
Update attemptID:attempt_1453169138423_0010_m_000000_0
attempt_1453169138423_0010_m_000000_0:MAP:MAP:0.48457193
FILE_BYTES_READ : 0
HDFS_BYTES_READ : 9295113
FILE_BYTES_WRITTEN : 116195
HBW_BYTES_WRITTEN : 13102908
CPU/Time : 0.8374431717778599
Written/Time : 70.78615988476388
FinishedSize : 9304939.739423275
TETS
Total Read / Write : 79.99580876974052
CPU intensive
Task Time : 186747
CPU Time : 156390
========================================
Task Size >> {0=19202391}
Update attemptID:attempt_1453169138423_0010_m_000000_0
attempt_1453169138423_0010_m_000000_0:MAP:MAP:0.4951411
FILE_BYTES_READ : 0
HDFS_BYTES_READ : 9494883
FILE_BYTES_WRITTEN : 116195
HBW_BYTES_WRITTEN : 13388365
CPU/Time : 0.8410009685433949
Written/Time : 71.08561081399756
FinishedSize : 9507892.790424764
TETS
Total Read / Write : 81.71507379835622
CPU intensive
Task Time : 189976
CPU Time : 159770
========================================
Task Size >> {0=19202391}
Update attemptID:attempt_1453169138423_0010_m_000000_0
attempt_1453169138423_0010_m_000000_0:MAP:MAP:0.5052145
FILE_BYTES_READ : 0
HDFS_BYTES_READ : 9690623
FILE_BYTES_WRITTEN : 116195
HBW_BYTES_WRITTEN : 13712573
CPU/Time : 0.8444251168714182
Written/Time : 71.59192590636826
FinishedSize : 9701326.604983985
TETS
Total Read / Write : 83.39965575110806
CPU intensive
Task Time : 193161
CPU Time : 163110
========================================
Task Size >> {0=19202391}
Update attemptID:attempt_1453169138423_0010_m_000000_0
attempt_1453169138423_0010_m_000000_0:MAP:MAP:0.51601577
FILE_BYTES_READ : 0
HDFS_BYTES_READ : 9899635
FILE_BYTES_WRITTEN : 116195
HBW_BYTES_WRITTEN : 14034399
CPU/Time : 0.8476630944134306
Written/Time : 72.0762906972006
FinishedSize : 9908736.540283442
TETS
Total Read / Write : 85.19845948620853
CPU intensive
Task Time : 196328
CPU Time : 166420
========================================
Task Size >> {0=19202391}
Update attemptID:attempt_1453169138423_0010_m_000000_0
attempt_1453169138423_0010_m_000000_0:MAP:MAP:0.5275486
FILE_BYTES_READ : 0
HDFS_BYTES_READ : 10125154
FILE_BYTES_WRITTEN : 116195
HBW_BYTES_WRITTEN : 14341516
CPU/Time : 0.8508601331301628
Written/Time : 72.46827632528671
FinishedSize : 1.013019470307988E7
TETS
Total Read / Write : 87.13932613279401
CPU intensive
Task Time : 199504
CPU Time : 169750
========================================
Task Size >> {0=19202391}
Update attemptID:attempt_1453169138423_0010_m_000000_0
attempt_1453169138423_0010_m_000000_0:MAP:MAP:0.5392064
FILE_BYTES_READ : 0
HDFS_BYTES_READ : 10342406
FILE_BYTES_WRITTEN : 116195
HBW_BYTES_WRITTEN : 14655101
CPU/Time : 0.8538739343227029
Written/Time : 72.87701294600568
FinishedSize : 1.0354051846227765E7
TETS
Total Read / Write : 89.00904513963596
CPU intensive
Task Time : 202688
CPU Time : 173070
========================================
Task Size >> {0=19202391}
Update attemptID:attempt_1453169138423_0010_m_000000_0
attempt_1453169138423_0010_m_000000_0:MAP:MAP:0.55085546
FILE_BYTES_READ : 0
HDFS_BYTES_READ : 10567179
FILE_BYTES_WRITTEN : 116195
HBW_BYTES_WRITTEN : 14960860
CPU/Time : 0.8568666880385472
Written/Time : 73.23295835397663
FinishedSize : 1.057774188482827E7
TETS
Total Read / Write : 90.94349154438659
CPU intensive
Task Time : 205878
CPU Time : 176410
========================================
Task Size >> {0=19202391}
Update attemptID:attempt_1453169138423_0010_m_000000_0
attempt_1453169138423_0010_m_000000_0:MAP:MAP:0.5627314
FILE_BYTES_READ : 0
HDFS_BYTES_READ : 10796011
FILE_BYTES_WRITTEN : 116195
HBW_BYTES_WRITTEN : 15274354
CPU/Time : 0.8598298039253204
Written/Time : 73.62032116257599
FinishedSize : 1.0805788087177634E7
TETS
Total Read / Write : 92.91287060544774
CPU intensive
Task Time : 209053
CPU Time : 179750
========================================
Task Size >> {0=19202391}
Update attemptID:attempt_1453169138423_0010_m_000000_0
attempt_1453169138423_0010_m_000000_0:MAP:MAP:0.57387114
FILE_BYTES_READ : 0
HDFS_BYTES_READ : 11010698
FILE_BYTES_WRITTEN : 116195
HBW_BYTES_WRITTEN : 15575999
CPU/Time : 0.8625547754794327
Written/Time : 73.93956556565989
FinishedSize : 1.101969793154955E7
TETS
Total Read / Write : 94.76051465209346
CPU intensive
Task Time : 212230
CPU Time : 183060
========================================
Task Size >> {0=19202391}
Update attemptID:attempt_1453169138423_0010_m_000000_0
attempt_1453169138423_0010_m_000000_0:MAP:MAP:0.58580536
FILE_BYTES_READ : 0
HDFS_BYTES_READ : 11238919
FILE_BYTES_WRITTEN : 116195
HBW_BYTES_WRITTEN : 15876366
CPU/Time : 0.8653002483693507
Written/Time : 74.24414939300388
FinishedSize : 1.124886350545603E7
TETS
Total Read / Write : 96.72463531133009
CPU intensive
Task Time : 215405
CPU Time : 186390
========================================
Task Size >> {0=19202391}
Update attemptID:attempt_1453169138423_0010_m_000000_0
attempt_1453169138423_0010_m_000000_0:MAP:MAP:0.5977075
FILE_BYTES_READ : 0
HDFS_BYTES_READ : 11468143
FILE_BYTES_WRITTEN : 116195
HBW_BYTES_WRITTEN : 16177384
CPU/Time : 0.8679321246059741
Written/Time : 74.54388613623574
FinishedSize : 1.1477413310550928E7
TETS
Total Read / Write : 98.69738801153234
CPU intensive
Task Time : 218577
CPU Time : 189710
========================================
Task Size >> {0=19202391}
Update attemptID:attempt_1453169138423_0010_m_000000_0
attempt_1453169138423_0010_m_000000_0:MAP:MAP:0.60925335
FILE_BYTES_READ : 0
HDFS_BYTES_READ : 11689784
FILE_BYTES_WRITTEN : 116195
HBW_BYTES_WRITTEN : 16491968
CPU/Time : 0.8705690309023597
Written/Time : 74.89149677809193
FinishedSize : 1.1699120985616744E7
TETS
Total Read / Write : 100.60487972804337
CPU intensive
Task Time : 221763
CPU Time : 193060
========================================
Task Size >> {0=19202391}
Update attemptID:attempt_1453169138423_0010_m_000000_0
attempt_1453169138423_0010_m_000000_0:MAP:MAP:0.62094206
FILE_BYTES_READ : 0
HDFS_BYTES_READ : 11914053
FILE_BYTES_WRITTEN : 116195
HBW_BYTES_WRITTEN : 16807747
CPU/Time : 0.873044452446685
Written/Time : 75.2385868043052
FinishedSize : 1.192357215109402E7
TETS
Total Read / Write : 102.53498859675545
CPU intensive
Task Time : 224937
CPU Time : 196380
========================================
Task Size >> {0=19202391}
Update attemptID:attempt_1453169138423_0010_m_000000_0
attempt_1453169138423_0010_m_000000_0:MAP:MAP:0.63162684
FILE_BYTES_READ : 0
HDFS_BYTES_READ : 12119514
FILE_BYTES_WRITTEN : 116195
HBW_BYTES_WRITTEN : 17130813
CPU/Time : 0.8754455263238653
Written/Time : 75.61127746042324
FinishedSize : 1.2128745632382631E7
TETS
Total Read / Write : 104.30323163647317
CPU intensive
Task Time : 228101
CPU Time : 199690
========================================
Task Size >> {0=19202391}
Update attemptID:attempt_1453169138423_0010_m_000000_0
attempt_1453169138423_0010_m_000000_0:MAP:MAP:0.64249796
FILE_BYTES_READ : 0
HDFS_BYTES_READ : 12325625
FILE_BYTES_WRITTEN : 116195
HBW_BYTES_WRITTEN : 17452547
CPU/Time : 0.8778089583990937
Written/Time : 75.96669679031777
FinishedSize : 1.2337496982267916E7
TETS
Total Read / Write : 106.07706872068505
CPU intensive
Task Time : 231269
CPU Time : 203010
========================================
Task Size >> {0=19202391}
Update attemptID:attempt_1453169138423_0010_m_000000_0
attempt_1453169138423_0010_m_000000_0:MAP:MAP:0.6538692
FILE_BYTES_READ : 0
HDFS_BYTES_READ : 12544460
FILE_BYTES_WRITTEN : 116195
HBW_BYTES_WRITTEN : 17762739
CPU/Time : 0.8800682521062173
Written/Time : 76.26718140130106
FinishedSize : 1.2555852265420854E7
TETS
Total Read / Write : 107.96041137742588
CPU intensive
Task Time : 234425
CPU Time : 206310
========================================
Task Size >> {0=19202391}
Update attemptID:attempt_1453169138423_0010_m_000000_0
attempt_1453169138423_0010_m_000000_0:MAP:MAP:0.6648956
FILE_BYTES_READ : 0
HDFS_BYTES_READ : 12757566
FILE_BYTES_WRITTEN : 116195
HBW_BYTES_WRITTEN : 18090175
CPU/Time : 0.8822935254705229
Written/Time : 76.6235564459109
FinishedSize : 1.2767585172470033E7
TETS
Total Read / Write : 109.79444898661733
CPU intensive
Task Time : 237608
CPU Time : 209640
========================================
Task Size >> {0=19202391}
Update attemptID:attempt_1453169138423_0010_m_000000_0
attempt_1453169138423_0010_m_000000_0:MAP:MAP:0.6766209
FILE_BYTES_READ : 0
HDFS_BYTES_READ : 12983759
FILE_BYTES_WRITTEN : 116195
HBW_BYTES_WRITTEN : 18397031
CPU/Time : 0.8844687372801807
Written/Time : 76.89302476263259
FinishedSize : 1.2992739092687666E7
TETS
Total Read / Write : 111.74111622703215
CPU intensive
Task Time : 240766
CPU Time : 212950
========================================
Task Size >> {0=19202391}
Update attemptID:attempt_1453169138423_0010_m_000000_0
attempt_1453169138423_0010_m_000000_0:MAP:MAP:0.6878892
FILE_BYTES_READ : 0
HDFS_BYTES_READ : 13198026
FILE_BYTES_WRITTEN : 116195
HBW_BYTES_WRITTEN : 18709957
CPU/Time : 0.8864801931693799
Written/Time : 77.17818563446221
FinishedSize : 1.3209117735064387E7
TETS
Total Read / Write : 113.5851456603124
CPU intensive
Task Time : 243931
CPU Time : 216240
========================================
Task Size >> {0=19202391}
Update attemptID:attempt_1453169138423_0010_m_000000_0
attempt_1453169138423_0010_m_000000_0:MAP:MAP:0.69920766
FILE_BYTES_READ : 0
HDFS_BYTES_READ : 13414824
FILE_BYTES_WRITTEN : 116195
HBW_BYTES_WRITTEN : 19024683
CPU/Time : 0.8885660404846503
Written/Time : 77.46019117301887
FinishedSize : 1.3426458945416093E7
TETS
Total Read / Write : 115.45095744223073
CPU intensive
Task Time : 247106
CPU Time : 219570
========================================
Task Size >> {0=19202391}
Update attemptID:attempt_1453169138423_0010_m_000000_0
attempt_1453169138423_0010_m_000000_0:MAP:MAP:0.7107049
FILE_BYTES_READ : 0
HDFS_BYTES_READ : 13637444
FILE_BYTES_WRITTEN : 116195
HBW_BYTES_WRITTEN : 19331667
CPU/Time : 0.8905696865086025
Written/Time : 77.70503999552497
FinishedSize : 1.3647233810850978E7
TETS
Total Read / Write : 117.36687465037222
CPU intensive
Task Time : 250278
CPU Time : 222890
========================================
Task Size >> {0=19202391}
Update attemptID:attempt_1453169138423_0010_m_000000_0
attempt_1453169138423_0010_m_000000_0:MAP:MAP:0.7220953
FILE_BYTES_READ : 0
HDFS_BYTES_READ : 13855829
FILE_BYTES_WRITTEN : 116195
HBW_BYTES_WRITTEN : 19635238
CPU/Time : 0.8925506350841057
Written/Time : 77.93613646317932
FinishedSize : 1.3865956495097816E7
TETS
Total Read / Write : 119.24634450707862
CPU intensive
Task Time : 253431
CPU Time : 226200
========================================
Task Size >> {0=19202391}
Update attemptID:attempt_1453169138423_0010_m_000000_0
attempt_1453169138423_0010_m_000000_0:MAP:MAP:0.7330383
FILE_BYTES_READ : 0
HDFS_BYTES_READ : 14065567
FILE_BYTES_WRITTEN : 116195
HBW_BYTES_WRITTEN : 19933497
CPU/Time : 0.8944527794556048
Written/Time : 78.13141086842157
FinishedSize : 1.4076088174326539E7
TETS
Total Read / Write : 121.05139635956797
CPU intensive
Task Time : 256615
CPU Time : 229530
========================================
Task Size >> {0=19202391}
Update attemptID:attempt_1453169138423_0010_m_000000_0
attempt_1453169138423_0010_m_000000_0:MAP:MAP:0.7439595
FILE_BYTES_READ : 0
HDFS_BYTES_READ : 14279662
FILE_BYTES_WRITTEN : 116195
HBW_BYTES_WRITTEN : 20239793
CPU/Time : 0.8963141179867192
Written/Time : 78.3600731402175
FinishedSize : 1.4285800947635114E7
TETS
Total Read / Write : 122.89394552261285
CPU intensive
Task Time : 259775
CPU Time : 232840
========================================
Task Size >> {0=19202391}
Update attemptID:attempt_1453169138423_0010_m_000000_0
attempt_1453169138423_0010_m_000000_0:MAP:MAP:0.7548401
FILE_BYTES_READ : 0
HDFS_BYTES_READ : 14484774
FILE_BYTES_WRITTEN : 116195
HBW_BYTES_WRITTEN : 20545371
CPU/Time : 0.8981871974384229
Written/Time : 78.57214132786741
FinishedSize : 1.4494734281239808E7
TETS
Total Read / Write : 124.65918499074832
CPU intensive
Task Time : 262963
CPU Time : 236190
========================================
Task Size >> {0=19202391}
Update attemptID:attempt_1453169138423_0010_m_000000_0
attempt_1453169138423_0010_m_000000_0:MAP:MAP:0.76611
FILE_BYTES_READ : 0
HDFS_BYTES_READ : 14696233
FILE_BYTES_WRITTEN : 116195
HBW_BYTES_WRITTEN : 20851587
CPU/Time : 0.8999120717254233
Written/Time : 78.78892704959306
FinishedSize : 1.4711143826512277E7
TETS
Total Read / Write : 126.47904815181376
CPU intensive
Task Time : 266126
CPU Time : 239490
========================================
Task Size >> {0=19202391}
Update attemptID:attempt_1453169138423_0010_m_000000_0
attempt_1453169138423_0010_m_000000_0:MAP:MAP:0.7769543
FILE_BYTES_READ : 0
HDFS_BYTES_READ : 14912147
FILE_BYTES_WRITTEN : 116195
HBW_BYTES_WRITTEN : 21166305
CPU/Time : 0.9015967322688452
Written/Time : 79.02896398069068
FinishedSize : 1.4919380128135085E7
TETS
Total Read / Write : 128.33725203322
CPU intensive
Task Time : 269300
CPU Time : 242800
========================================
Task Size >> {0=19202391}
Update attemptID:attempt_1453169138423_0010_m_000000_0
attempt_1453169138423_0010_m_000000_0:MAP:MAP:0.7880308
FILE_BYTES_READ : 0
HDFS_BYTES_READ : 15124898
FILE_BYTES_WRITTEN : 116195
HBW_BYTES_WRITTEN : 21472317
CPU/Time : 0.9032852408234573
Written/Time : 79.23523733671975
FinishedSize : 1.5132075603159249E7
TETS
Total Read / Write : 130.16823443349543
CPU intensive
Task Time : 272461
CPU Time : 246110
========================================
Task Size >> {0=19202391}
Update attemptID:attempt_1453169138423_0010_m_000000_0
attempt_1453169138423_0010_m_000000_0:MAP:MAP:0.79941267
FILE_BYTES_READ : 0
HDFS_BYTES_READ : 15340012
FILE_BYTES_WRITTEN : 116195
HBW_BYTES_WRITTEN : 21762446
CPU/Time : 0.9048197797812324
Written/Time : 79.37540950895206
FinishedSize : 1.5350634616513789E7
TETS
Total Read / Write : 132.0195533370627
CPU intensive
Task Time : 275635
CPU Time : 249400
========================================
Task Size >> {0=19202391}
Update attemptID:attempt_1453169138423_0010_m_000000_0
attempt_1453169138423_0010_m_000000_0:MAP:MAP:0.8104218
FILE_BYTES_READ : 0
HDFS_BYTES_READ : 15552136
FILE_BYTES_WRITTEN : 116195
HBW_BYTES_WRITTEN : 22074679
CPU/Time : 0.9063421352788
Written/Time : 79.59366862504574
FinishedSize : 1.5562036748123288E7
TETS
Total Read / Write : 133.8451396359568
CPU intensive
Task Time : 278802
CPU Time : 252690
========================================
Task Size >> {0=19202391}
Update attemptID:attempt_1453169138423_0010_m_000000_0
attempt_1453169138423_0010_m_000000_0:MAP:MAP:0.8223402
FILE_BYTES_READ : 0
HDFS_BYTES_READ : 15782392
FILE_BYTES_WRITTEN : 116195
HBW_BYTES_WRITTEN : 22383354
CPU/Time : 0.9079431728716425
Written/Time : 79.79185964862506
FinishedSize : 1.579089787127906E7
TETS
Total Read / Write : 135.82677395757133
CPU intensive
Task Time : 281978
CPU Time : 256020
========================================
Task Size >> {0=19202391}
Update attemptID:attempt_1453169138423_0010_m_000000_0
attempt_1453169138423_0010_m_000000_0:MAP:MAP:0.8330745
FILE_BYTES_READ : 0
HDFS_BYTES_READ : 15990466
FILE_BYTES_WRITTEN : 116195
HBW_BYTES_WRITTEN : 22691697
CPU/Time : 0.9094607200218826
Written/Time : 79.98334958163544
FinishedSize : 1.5997022475025713E7
TETS
Total Read / Write : 137.6175050561556
CPU intensive
Task Time : 285158
CPU Time : 259340
========================================
Task Size >> {0=19202391}
Update attemptID:attempt_1453169138423_0010_m_000000_0
attempt_1453169138423_0010_m_000000_0:MAP:MAP:0.84406555
FILE_BYTES_READ : 0
HDFS_BYTES_READ : 16201451
FILE_BYTES_WRITTEN : 116195
HBW_BYTES_WRITTEN : 23011367
CPU/Time : 0.9109700690181389
Written/Time : 80.2121249956647
FinishedSize : 1.6208076662920117E7
TETS
Total Read / Write : 139.43328886785145
CPU intensive
Task Time : 288330
CPU Time : 262660
========================================
Task Size >> {0=19202391}
Update attemptID:attempt_1453169138423_0010_m_000000_0
attempt_1453169138423_0010_m_000000_0:MAP:MAP:0.8549449
FILE_BYTES_READ : 0
HDFS_BYTES_READ : 16407542
FILE_BYTES_WRITTEN : 116195
HBW_BYTES_WRITTEN : 23323595
CPU/Time : 0.9124465698348553
Written/Time : 80.41039169542576
FinishedSize : 1.6416985960939229E7
TETS
Total Read / Write : 141.20695382761735
CPU intensive
Task Time : 291502
CPU Time : 265980
========================================
Task Size >> {0=19202391}
Update attemptID:attempt_1453169138423_0010_m_000000_0
attempt_1453169138423_0010_m_000000_0:MAP:MAP:0.8661296
FILE_BYTES_READ : 0
HDFS_BYTES_READ : 16620334
FILE_BYTES_WRITTEN : 116195
HBW_BYTES_WRITTEN : 23639031
CPU/Time : 0.9138544240219368
Written/Time : 80.61801238020253
FinishedSize : 1.6631758797288716E7
TETS
Total Read / Write : 143.03828908300702
CPU intensive
Task Time : 294664
CPU Time : 269280
========================================
Task Size >> {0=19202391}
Update attemptID:attempt_1453169138423_0010_m_000000_0
attempt_1453169138423_0010_m_000000_0:MAP:MAP:0.87625784
FILE_BYTES_READ : 0
HDFS_BYTES_READ : 16818398
FILE_BYTES_WRITTEN : 116195
HBW_BYTES_WRITTEN : 23913557
CPU/Time : 0.9153295797534993
Written/Time : 80.67763195444671
FinishedSize : 1.682624559940678E7
TETS
Total Read / Write : 144.74287189638108
CPU intensive
Task Time : 297849
CPU Time : 272630
========================================
Task Size >> {0=19202391}
Update attemptID:attempt_1453169138423_0010_m_000000_0
attempt_1453169138423_0010_m_000000_0:MAP:MAP:0.8871148
FILE_BYTES_READ : 0
HDFS_BYTES_READ : 17028691
FILE_BYTES_WRITTEN : 116195
HBW_BYTES_WRITTEN : 24260411
CPU/Time : 0.9166533779833094
Written/Time : 80.98324961462818
FinishedSize : 1.7034725690540493E7
TETS
Total Read / Write : 146.55270020224623
CPU intensive
Task Time : 301008
CPU Time : 275920
========================================
Task Size >> {0=19202391}
Update attemptID:attempt_1453169138423_0010_m_000000_0
attempt_1453169138423_0010_m_000000_0:MAP:MAP:0.8981915
FILE_BYTES_READ : 0
HDFS_BYTES_READ : 17240017
FILE_BYTES_WRITTEN : 116195
HBW_BYTES_WRITTEN : 24572327
CPU/Time : 0.9180030376550881
Written/Time : 81.16365202411714
FinishedSize : 1.724742459921974E7
TETS
Total Read / Write : 148.37141873574595
CPU intensive
Task Time : 304182
CPU Time : 279240
========================================
Task Size >> {0=19202391}
Update attemptID:attempt_1453169138423_0010_m_000000_0
attempt_1453169138423_0010_m_000000_0:MAP:MAP:0.91000605
FILE_BYTES_READ : 0
HDFS_BYTES_READ : 17453451
FILE_BYTES_WRITTEN : 116195
HBW_BYTES_WRITTEN : 24906047
CPU/Time : 0.9193547337528388
Written/Time : 81.41391786455655
FinishedSize : 1.747429191332388E7
TETS
Total Read / Write : 150.20827918585138
CPU intensive
Task Time : 307346
CPU Time : 282560
========================================
Task Size >> {0=19202391}
Update attemptID:attempt_1453169138423_0010_m_000000_0
attempt_1453169138423_0010_m_000000_0:MAP:MAP:0.91922903
FILE_BYTES_READ : 0
HDFS_BYTES_READ : 17644359
FILE_BYTES_WRITTEN : 116195
HBW_BYTES_WRITTEN : 25201498
CPU/Time : 0.9206288886885056
Written/Time : 81.53426232464672
FinishedSize : 1.76513952643075E7
TETS
Total Read / Write : 151.85127587245577
CPU intensive
Task Time : 310516
CPU Time : 285870
========================================
Task Size >> {0=19202391}
Update attemptID:attempt_1453169138423_0010_m_000000_0
attempt_1453169138423_0010_m_000000_0:MAP:MAP:0.93045855
FILE_BYTES_READ : 0
HDFS_BYTES_READ : 17858801
FILE_BYTES_WRITTEN : 116195
HBW_BYTES_WRITTEN : 25533957
CPU/Time : 0.9218949247640907
Written/Time : 81.77171639887784
FinishedSize : 1.786702880353117E7
TETS
Total Read / Write : 153.69681139463833
CPU intensive
Task Time : 313680
CPU Time : 289180
========================================
Task Size >> {0=19202391}
Update attemptID:attempt_1453169138423_0010_m_000000_0
attempt_1453169138423_0010_m_000000_0:MAP:MAP:0.94138527
FILE_BYTES_READ : 0
HDFS_BYTES_READ : 18066335
FILE_BYTES_WRITTEN : 116195
HBW_BYTES_WRITTEN : 25846479
CPU/Time : 0.9230778941654332
Written/Time : 81.93917684225808
FinishedSize : 1.8076848020147324E7
TETS
Total Read / Write : 155.4828951331813
CPU intensive
Task Time : 316853
CPU Time : 292480
========================================
Task Size >> {0=19202391}
Update attemptID:attempt_1453169138423_0010_m_000000_0
attempt_1453169138423_0010_m_000000_0:MAP:MAP:0.95262986
FILE_BYTES_READ : 0
HDFS_BYTES_READ : 18283688
FILE_BYTES_WRITTEN : 116195
HBW_BYTES_WRITTEN : 26160145
CPU/Time : 0.9241347854067867
Written/Time : 82.08944872443719
FinishedSize : 1.8292771130949676E7
TETS
Total Read / Write : 157.3534833684754
CPU intensive
Task Time : 320094
CPU Time : 295810
========================================
Task Size >> {0=19202391}
Update attemptID:attempt_1453169138423_0010_m_000000_0
attempt_1453169138423_0010_m_000000_0:MAP:MAP:0.963028
FILE_BYTES_READ : 0
HDFS_BYTES_READ : 18483801
FILE_BYTES_WRITTEN : 116195
HBW_BYTES_WRITTEN : 26464598
CPU/Time : 0.9253146818534753
Written/Time : 82.22652453265607
FinishedSize : 1.849244046313995E7
TETS
Total Read / Write : 159.07570033133956
CPU intensive
Task Time : 323263
CPU Time : 299120
========================================
Task Size >> {0=19202391}
Update attemptID:attempt_1453169138423_0010_m_000000_0
attempt_1453169138423_0010_m_000000_0:MAP:MAP:0.97420573
FILE_BYTES_READ : 0
HDFS_BYTES_READ : 18695300
FILE_BYTES_WRITTEN : 116195
HBW_BYTES_WRITTEN : 26769750
CPU/Time : 0.9264353590618625
Written/Time : 82.36257558955256
FinishedSize : 1.8707079386941195E7
TETS
Total Read / Write : 160.89590774129695
CPU intensive
Task Time : 326434
CPU Time : 302420
========================================
Task Size >> {0=19202391}
Update attemptID:attempt_1453169138423_0010_m_000000_0
attempt_1453169138423_0010_m_000000_0:MAP:MAP:0.9851675
FILE_BYTES_READ : 0
HDFS_BYTES_READ : 18908687
FILE_BYTES_WRITTEN : 116195
HBW_BYTES_WRITTEN : 27074262
CPU/Time : 0.9276586449193578
Written/Time : 82.49431742333225
FinishedSize : 1.891757159995365E7
TETS
Total Read / Write : 162.73236369895434
CPU intensive
Task Time : 329604
CPU Time : 305760
========================================
Task Size >> {0=19202391}
Update attemptID:attempt_1453169138423_0010_m_000000_0
attempt_1453169138423_0010_m_000000_0:MAP:MAP:0.99633557
FILE_BYTES_READ : 0
HDFS_BYTES_READ : 19119972
FILE_BYTES_WRITTEN : 116195
HBW_BYTES_WRITTEN : 27381978
CPU/Time : 0.9287244687916004
Written/Time : 82.63193590941736
FinishedSize : 1.9132025106380403E7
TETS
Total Read / Write : 164.55072937733982
CPU intensive
Task Time : 332779
CPU Time : 309060
========================================
Task Size >> {0=19202391}
Update attemptID:attempt_1453169138423_0010_m_000000_0
attempt_1453169138423_0010_m_000000_0:MAP:SORT:0.99633557
FILE_BYTES_READ : 0
HDFS_BYTES_READ : 19119972
FILE_BYTES_WRITTEN : 116195
HBW_BYTES_WRITTEN : 27381978
CPU/Time : 0.9256979575699306
Written/Time : 82.36265638712422
FinishedSize : 1.9132025106380403E7
TETS
Total Read / Write : 164.55072937733982
CPU intensive
Task Time : 333867
CPU Time : 309060
========================================
Task Size >> {0=19202391}
Task Size >> {0=19202391}
