ow Use estimatorClass : org.apache.hadoop.mapreduce.v2.app.speculate.LegacyTaskRuntimeEstimator_Fixed
serviceStart
Task Size >> {0=17544939}
Update attemptID:attempt_1453208336177_0020_m_000000_0
attempt_1453208336177_0020_m_000000_0:MAP:MAP:0.0077354806
FILE_BYTES_READ : 0
HDFS_BYTES_READ : 2115332
FILE_BYTES_WRITTEN : 117018
HBW_BYTES_WRITTEN : 0
CPU/Time : 0.2427413563147635
Written/Time : 2.4011080332409973
FinishedSize : 135718.53446266707
TETS
Total Read / Write : 18.076979609974533
CPU intensive
Task Time : 48735
CPU Time : 11830
========================================
Task Size >> {0=17544939}
Update attemptID:attempt_1453208336177_0020_m_000000_0
attempt_1453208336177_0020_m_000000_0:MAP:MAP:0.019575601
FILE_BYTES_READ : 0
HDFS_BYTES_READ : 2427497
FILE_BYTES_WRITTEN : 117018
HBW_BYTES_WRITTEN : 0
CPU/Time : 0.2954033391746423
Written/Time : 2.2534229428642956
FinishedSize : 343452.73321712203
TETS
Total Read / Write : 20.74464612281871
CPU intensive
Task Time : 51929
CPU Time : 15340
========================================
Task Size >> {0=17544939}
Update attemptID:attempt_1453208336177_0020_m_000000_0
attempt_1453208336177_0020_m_000000_0:MAP:MAP:0.031142917
FILE_BYTES_READ : 0
HDFS_BYTES_READ : 2728672
FILE_BYTES_WRITTEN : 117018
HBW_BYTES_WRITTEN : 0
CPU/Time : 0.3394535360499292
Written/Time : 2.1230451032330637
FinishedSize : 546400.5708074458
TETS
Total Read / Write : 23.31839546052744
CPU intensive
Task Time : 55118
CPU Time : 18710
========================================
Task Size >> {0=17544939}
Update attemptID:attempt_1453208336177_0020_m_000000_0
attempt_1453208336177_0020_m_000000_0:MAP:MAP:0.0424681
FILE_BYTES_READ : 0
HDFS_BYTES_READ : 3029531
FILE_BYTES_WRITTEN : 117018
HBW_BYTES_WRITTEN : 0
CPU/Time : 0.37877878564447265
Written/Time : 2.006515886760747
FinishedSize : 745100.2377398908
TETS
Total Read / Write : 25.889444358987507
CPU intensive
Task Time : 58319
CPU Time : 22090
========================================
Task Size >> {0=17544939}
Update attemptID:attempt_1453208336177_0020_m_000000_0
attempt_1453208336177_0020_m_000000_0:MAP:MAP:0.05364692
FILE_BYTES_READ : 0
HDFS_BYTES_READ : 3323568
FILE_BYTES_WRITTEN : 117018
HBW_BYTES_WRITTEN : 0
CPU/Time : 0.4136383591044339
Written/Time : 1.9026388956636262
FinishedSize : 941231.9106242247
TETS
Total Read / Write : 28.402194534174228
CPU intensive
Task Time : 61503
CPU Time : 25440
========================================
Task Size >> {0=17544939}
Update attemptID:attempt_1453208336177_0020_m_000000_0
attempt_1453208336177_0020_m_000000_0:MAP:MAP:0.06568533
FILE_BYTES_READ : 0
HDFS_BYTES_READ : 3637766
FILE_BYTES_WRITTEN : 117018
HBW_BYTES_WRITTEN : 0
CPU/Time : 0.44523776407498417
Written/Time : 1.808428763503176
FinishedSize : 1152445.1400019526
TETS
Total Read / Write : 31.08723444256439
CPU intensive
Task Time : 64707
CPU Time : 28810
========================================
Task Size >> {0=17544939}
Update attemptID:attempt_1453208336177_0020_m_000000_0
attempt_1453208336177_0020_m_000000_0:MAP:MAP:0.07738464
FILE_BYTES_READ : 0
HDFS_BYTES_READ : 3948241
FILE_BYTES_WRITTEN : 117018
HBW_BYTES_WRITTEN : 0
CPU/Time : 0.4739392332729495
Written/Time : 1.7234127159457429
FinishedSize : 1357708.845474936
TETS
Total Read / Write : 33.74045873284452
CPU intensive
Task Time : 67899
CPU Time : 32180
========================================
Task Size >> {0=17544939}
Update attemptID:attempt_1453208336177_0020_m_000000_0
attempt_1453208336177_0020_m_000000_0:MAP:MAP:0.08894489
FILE_BYTES_READ : 0
HDFS_BYTES_READ : 4251931
FILE_BYTES_WRITTEN : 117018
HBW_BYTES_WRITTEN : 0
CPU/Time : 0.4999789038437197
Written/Time : 1.6457533437407705
FinishedSize : 1560532.6624822542
TETS
Total Read / Write : 36.335700490522825
CPU intensive
Task Time : 71103
CPU Time : 35550
========================================
Task Size >> {0=17544939}
Update attemptID:attempt_1453208336177_0020_m_000000_0
attempt_1453208336177_0020_m_000000_0:MAP:MAP:0.10074912
FILE_BYTES_READ : 0
HDFS_BYTES_READ : 4562294
FILE_BYTES_WRITTEN : 117018
HBW_BYTES_WRITTEN : 0
CPU/Time : 0.5237377543330821
Written/Time : 1.574685111422112
FinishedSize : 1767637.1667429954
TETS
Total Read / Write : 38.987967663094565
CPU intensive
Task Time : 74312
CPU Time : 38920
========================================
Task Size >> {0=17544939}
Update attemptID:attempt_1453208336177_0020_m_000000_0
attempt_1453208336177_0020_m_000000_0:MAP:MAP:0.11280058
FILE_BYTES_READ : 0
HDFS_BYTES_READ : 4880262
FILE_BYTES_WRITTEN : 117018
HBW_BYTES_WRITTEN : 0
CPU/Time : 0.5454686229723975
Written/Time : 1.5100460686771708
FinishedSize : 1979079.3521693498
TETS
Total Read / Write : 41.70522483720453
CPU intensive
Task Time : 77493
CPU Time : 42270
========================================
Task Size >> {0=17544939}
Update attemptID:attempt_1453208336177_0020_m_000000_0
attempt_1453208336177_0020_m_000000_0:MAP:MAP:0.12437021
FILE_BYTES_READ : 0
HDFS_BYTES_READ : 5183077
FILE_BYTES_WRITTEN : 117018
HBW_BYTES_WRITTEN : 0
CPU/Time : 0.5655068116175578
Written/Time : 1.4505584410754795
FinishedSize : 2182067.745634116
TETS
Total Read / Write : 44.29298911278607
CPU intensive
Task Time : 80671
CPU Time : 45620
========================================
Task Size >> {0=17544939}
Update attemptID:attempt_1453208336177_0020_m_000000_0
attempt_1453208336177_0020_m_000000_0:MAP:MAP:0.13612917
FILE_BYTES_READ : 0
HDFS_BYTES_READ : 5491840
FILE_BYTES_WRITTEN : 117018
HBW_BYTES_WRITTEN : 0
CPU/Time : 0.5840129727667287
Written/Time : 1.3952639862641294
FinishedSize : 2388377.995283693
TETS
Total Read / Write : 46.931583175237996
CPU intensive
Task Time : 83868
CPU Time : 48980
========================================
Task Size >> {0=17544939}
Update attemptID:attempt_1453208336177_0020_m_000000_0
attempt_1453208336177_0020_m_000000_0:MAP:MAP:0.14803217
FILE_BYTES_READ : 0
HDFS_BYTES_READ : 5805903
FILE_BYTES_WRITTEN : 117018
HBW_BYTES_WRITTEN : 0
CPU/Time : 0.6013025350041925
Written/Time : 1.3440920733738413
FinishedSize : 2597215.4543469697
TETS
Total Read / Write : 49.6154694149618
CPU intensive
Task Time : 87061
CPU Time : 52350
========================================
Task Size >> {0=17544939}
Update attemptID:attempt_1453208336177_0020_m_000000_0
attempt_1453208336177_0020_m_000000_0:MAP:MAP:0.16012393
FILE_BYTES_READ : 0
HDFS_BYTES_READ : 6120749
FILE_BYTES_WRITTEN : 117018
HBW_BYTES_WRITTEN : 0
CPU/Time : 0.6175219356554108
Written/Time : 1.2963972347779846
FinishedSize : 2809364.573436454
TETS
Total Read / Write : 52.30604693295049
CPU intensive
Task Time : 90264
CPU Time : 55740
========================================
Task Size >> {0=17544939}
Update attemptID:attempt_1453208336177_0020_m_000000_0
attempt_1453208336177_0020_m_000000_0:MAP:MAP:0.17253795
FILE_BYTES_READ : 0
HDFS_BYTES_READ : 6449187
FILE_BYTES_WRITTEN : 117018
HBW_BYTES_WRITTEN : 0
CPU/Time : 0.6323235133602286
Written/Time : 1.252212436730195
FinishedSize : 3027167.8546311557
TETS
Total Read / Write : 55.11277752140696
CPU intensive
Task Time : 93449
CPU Time : 59090
========================================
Task Size >> {0=17544939}
Update attemptID:attempt_1453208336177_0020_m_000000_0
attempt_1453208336177_0020_m_000000_0:MAP:MAP:0.1844118
FILE_BYTES_READ : 0
HDFS_BYTES_READ : 6763399
FILE_BYTES_WRITTEN : 117018
HBW_BYTES_WRITTEN : 0
CPU/Time : 0.6461993750129343
Written/Time : 1.2108400074501768
FinishedSize : 3235493.6756845415
TETS
Total Read / Write : 57.797937069510674
CPU intensive
Task Time : 96642
CPU Time : 62450
========================================
Task Size >> {0=17544939}
Update attemptID:attempt_1453208336177_0020_m_000000_0
attempt_1453208336177_0020_m_000000_0:MAP:MAP:0.19631377
FILE_BYTES_READ : 0
HDFS_BYTES_READ : 7076081
FILE_BYTES_WRITTEN : 117018
HBW_BYTES_WRITTEN : 0
CPU/Time : 0.6592008654452937
Written/Time : 1.1721374695741889
FinishedSize : 3444313.09539029
TETS
Total Read / Write : 60.47002170606231
CPU intensive
Task Time : 99833
CPU Time : 65810
========================================
Task Size >> {0=17544939}
Update attemptID:attempt_1453208336177_0020_m_000000_0
attempt_1453208336177_0020_m_000000_0:MAP:MAP:0.20814382
FILE_BYTES_READ : 0
HDFS_BYTES_READ : 7385754
FILE_BYTES_WRITTEN : 117018
HBW_BYTES_WRITTEN : 0
CPU/Time : 0.6713259561250242
Written/Time : 1.1358765288293535
FinishedSize : 3651870.544388965
TETS
Total Read / Write : 63.11639234989489
CPU intensive
Task Time : 103020
CPU Time : 69160
========================================
Task Size >> {0=17544939}
Update attemptID:attempt_1453208336177_0020_m_000000_0
attempt_1453208336177_0020_m_000000_0:MAP:MAP:0.22005768
FILE_BYTES_READ : 0
HDFS_BYTES_READ : 7697414
FILE_BYTES_WRITTEN : 117018
HBW_BYTES_WRITTEN : 0
CPU/Time : 0.6828579497317142
Written/Time : 1.1015532335498446
FinishedSize : 3860898.593186125
TETS
Total Read / Write : 65.7797432873575
CPU intensive
Task Time : 106230
CPU Time : 72540
========================================
Task Size >> {0=17544939}
Update attemptID:attempt_1453208336177_0020_m_000000_0
attempt_1453208336177_0020_m_000000_0:MAP:MAP:0.23168169
FILE_BYTES_READ : 0
HDFS_BYTES_READ : 8006037
FILE_BYTES_WRITTEN : 117018
HBW_BYTES_WRITTEN : 0
CPU/Time : 0.6936294671419432
Written/Time : 1.0695366054291198
FinishedSize : 4064841.111800149
TETS
Total Read / Write : 68.41714095267395
CPU intensive
Task Time : 109410
CPU Time : 75890
========================================
Task Size >> {0=17544939}
Update attemptID:attempt_1453208336177_0020_m_000000_0
attempt_1453208336177_0020_m_000000_0:MAP:MAP:0.24362564
FILE_BYTES_READ : 0
HDFS_BYTES_READ : 8319417
FILE_BYTES_WRITTEN : 117018
HBW_BYTES_WRITTEN : 0
CPU/Time : 0.7040115071120345
Written/Time : 1.038996324116989
FinishedSize : 4274397.007884979
TETS
Total Read / Write : 71.09519048351535
CPU intensive
Task Time : 112626
CPU Time : 79290
========================================
Task Size >> {0=17544939}
Update attemptID:attempt_1453208336177_0020_m_000000_0
attempt_1453208336177_0020_m_000000_0:MAP:MAP:0.25553036
FILE_BYTES_READ : 0
HDFS_BYTES_READ : 8632286
FILE_BYTES_WRITTEN : 117018
HBW_BYTES_WRITTEN : 0
CPU/Time : 0.7136504537487156
Written/Time : 1.0104047041351143
FinishedSize : 4483264.532544136
TETS
Total Read / Write : 73.76887316481225
CPU intensive
Task Time : 115813
CPU Time : 82650
========================================
Task Size >> {0=17544939}
Update attemptID:attempt_1453208336177_0020_m_000000_0
attempt_1453208336177_0020_m_000000_0:MAP:MAP:0.26753783
FILE_BYTES_READ : 0
HDFS_BYTES_READ : 8949583
FILE_BYTES_WRITTEN : 117018
HBW_BYTES_WRITTEN : 0
CPU/Time : 0.7228024771235789
Written/Time : 0.9832701728440706
FinishedSize : 4693934.947196245
TETS
Total Read / Write : 76.48039617836572
CPU intensive
Task Time : 119009
CPU Time : 86020
========================================
Task Size >> {0=17544939}
Update attemptID:attempt_1453208336177_0020_m_000000_0
attempt_1453208336177_0020_m_000000_0:MAP:MAP:0.27986926
FILE_BYTES_READ : 0
HDFS_BYTES_READ : 9273904
FILE_BYTES_WRITTEN : 117018
HBW_BYTES_WRITTEN : 0
CPU/Time : 0.7314198728178939
Written/Time : 0.9576959905718284
FinishedSize : 4910289.066669524
TETS
Total Read / Write : 79.25194414534516
CPU intensive
Task Time : 122187
CPU Time : 89370
========================================
Task Size >> {0=17544939}
Update attemptID:attempt_1453208336177_0020_m_000000_0
attempt_1453208336177_0020_m_000000_0:MAP:MAP:0.29189798
FILE_BYTES_READ : 0
HDFS_BYTES_READ : 9592025
FILE_BYTES_WRITTEN : 117018
HBW_BYTES_WRITTEN : 0
CPU/Time : 0.7394467311189815
Written/Time : 0.9334258638843688
FinishedSize : 5121332.294710547
TETS
Total Read / Write : 81.97050881061034
CPU intensive
Task Time : 125364
CPU Time : 92700
========================================
Task Size >> {0=17544939}
Update attemptID:attempt_1453208336177_0020_m_000000_0
attempt_1453208336177_0020_m_000000_0:MAP:MAP:0.30370116
FILE_BYTES_READ : 0
HDFS_BYTES_READ : 9900690
FILE_BYTES_WRITTEN : 117018
HBW_BYTES_WRITTEN : 0
CPU/Time : 0.7471277779074199
Written/Time : 0.9102279887055749
FinishedSize : 5328418.367453814
TETS
Total Read / Write : 84.60826539506742
CPU intensive
Task Time : 128559
CPU Time : 96050
========================================
Task Size >> {0=17544939}
Update attemptID:attempt_1453208336177_0020_m_000000_0
attempt_1453208336177_0020_m_000000_0:MAP:MAP:0.3160426
FILE_BYTES_READ : 0
HDFS_BYTES_READ : 10225846
FILE_BYTES_WRITTEN : 117018
HBW_BYTES_WRITTEN : 0
CPU/Time : 0.7544634723993442
Written/Time : 0.8882765531062125
FinishedSize : 5544948.174583018
TETS
Total Read / Write : 87.38694901639064
CPU intensive
Task Time : 131736
CPU Time : 99390
========================================
Task Size >> {0=17544939}
Update attemptID:attempt_1453208336177_0020_m_000000_0
attempt_1453208336177_0020_m_000000_0:MAP:MAP:0.32796216
FILE_BYTES_READ : 0
HDFS_BYTES_READ : 10539076
FILE_BYTES_WRITTEN : 117018
HBW_BYTES_WRITTEN : 0
CPU/Time : 0.761340053364957
Written/Time : 0.867313963830418
FinishedSize : 5754076.093446493
TETS
Total Read / Write : 90.06371669315831
CPU intensive
Task Time : 134920
CPU Time : 102720
========================================
Task Size >> {0=17544939}
Update attemptID:attempt_1453208336177_0020_m_000000_0
attempt_1453208336177_0020_m_000000_0:MAP:MAP:0.33985016
FILE_BYTES_READ : 0
HDFS_BYTES_READ : 10849254
FILE_BYTES_WRITTEN : 117018
HBW_BYTES_WRITTEN : 0
CPU/Time : 0.7681448985796812
Written/Time : 0.8471094123268036
FinishedSize : 5962650.282465845
TETS
Total Read / Write : 92.71440291237245
CPU intensive
Task Time : 138138
CPU Time : 106110
========================================
Task Size >> {0=17544939}
Update attemptID:attempt_1453208336177_0020_m_000000_0
attempt_1453208336177_0020_m_000000_0:MAP:MAP:0.35208932
FILE_BYTES_READ : 0
HDFS_BYTES_READ : 11173734
FILE_BYTES_WRITTEN : 117018
HBW_BYTES_WRITTEN : 0
CPU/Time : 0.774477961520227
Written/Time : 0.8280298044876557
FinishedSize : 6177385.565680951
TETS
Total Read / Write : 95.48730964467005
CPU intensive
Task Time : 141321
CPU Time : 109450
========================================
Task Size >> {0=17544939}
Update attemptID:attempt_1453208336177_0020_m_000000_0
attempt_1453208336177_0020_m_000000_0:MAP:MAP:0.36439064
FILE_BYTES_READ : 0
HDFS_BYTES_READ : 11496740
FILE_BYTES_WRITTEN : 117018
HBW_BYTES_WRITTEN : 0
CPU/Time : 0.7805752408371166
Written/Time : 0.8098355663824605
FinishedSize : 6393211.576426595
TETS
Total Read / Write : 98.24762002426976
CPU intensive
Task Time : 144496
CPU Time : 112790
========================================
Task Size >> {0=17544939}
Update attemptID:attempt_1453208336177_0020_m_000000_0
attempt_1453208336177_0020_m_000000_0:MAP:MAP:0.37605342
FILE_BYTES_READ : 0
HDFS_BYTES_READ : 11802249
FILE_BYTES_WRITTEN : 117018
HBW_BYTES_WRITTEN : 0
CPU/Time : 0.7863677300090061
Written/Time : 0.7923807718091266
FinishedSize : 6597834.361827403
TETS
Total Read / Write : 100.85840639901554
CPU intensive
Task Time : 147679
CPU Time : 116130
========================================
Task Size >> {0=17544939}
Update attemptID:attempt_1453208336177_0020_m_000000_0
attempt_1453208336177_0020_m_000000_0:MAP:MAP:0.38819492
FILE_BYTES_READ : 0
HDFS_BYTES_READ : 12122536
FILE_BYTES_WRITTEN : 117018
HBW_BYTES_WRITTEN : 0
CPU/Time : 0.7919873260816248
Written/Time : 0.7756676675880446
FinishedSize : 6810856.167517304
TETS
Total Read / Write : 103.5954810371054
CPU intensive
Task Time : 150861
CPU Time : 119480
========================================
Task Size >> {0=17544939}
Update attemptID:attempt_1453208336177_0020_m_000000_0
attempt_1453208336177_0020_m_000000_0:MAP:MAP:0.4002193
FILE_BYTES_READ : 0
HDFS_BYTES_READ : 12439362
FILE_BYTES_WRITTEN : 117018
HBW_BYTES_WRITTEN : 0
CPU/Time : 0.7973592303597626
Written/Time : 0.7596302403178271
FinishedSize : 7021823.055088788
TETS
Total Read / Write : 106.30297902886736
CPU intensive
Task Time : 154046
CPU Time : 122830
========================================
Task Size >> {0=17544939}
Update attemptID:attempt_1453208336177_0020_m_000000_0
attempt_1453208336177_0020_m_000000_0:MAP:MAP:0.41232637
FILE_BYTES_READ : 0
HDFS_BYTES_READ : 12757322
FILE_BYTES_WRITTEN : 117018
HBW_BYTES_WRITTEN : 0
CPU/Time : 0.802495833916373
Written/Time : 0.7442851509330756
FinishedSize : 7234240.934461445
TETS
Total Read / Write : 109.02016783742673
CPU intensive
Task Time : 157222
CPU Time : 126170
========================================
Task Size >> {0=17544939}
Update attemptID:attempt_1453208336177_0020_m_000000_0
attempt_1453208336177_0020_m_000000_0:MAP:MAP:0.4243654
FILE_BYTES_READ : 0
HDFS_BYTES_READ : 13074451
FILE_BYTES_WRITTEN : 117018
HBW_BYTES_WRITTEN : 0
CPU/Time : 0.8074088851759953
Written/Time : 0.7295295569880674
FinishedSize : 7445465.078957677
TETS
Total Read / Write : 111.73025517441761
CPU intensive
Task Time : 160402
CPU Time : 129510
========================================
Task Size >> {0=17544939}
Update attemptID:attempt_1453208336177_0020_m_000000_0
attempt_1453208336177_0020_m_000000_0:MAP:MAP:0.43592048
FILE_BYTES_READ : 0
HDFS_BYTES_READ : 13379318
FILE_BYTES_WRITTEN : 117018
HBW_BYTES_WRITTEN : 0
CPU/Time : 0.8122593656419972
Written/Time : 0.7151378109148689
FinishedSize : 7648198.176297426
TETS
Total Read / Write : 114.3355552137278
CPU intensive
Task Time : 163630
CPU Time : 132910
========================================
Task Size >> {0=17544939}
Update attemptID:attempt_1453208336177_0020_m_000000_0
attempt_1453208336177_0020_m_000000_0:MAP:MAP:0.44685066
FILE_BYTES_READ : 0
HDFS_BYTES_READ : 13665538
FILE_BYTES_WRITTEN : 117018
HBW_BYTES_WRITTEN : 0
CPU/Time : 0.8168439982017084
Written/Time : 0.7014416304510714
FinishedSize : 7839967.527299523
TETS
Total Read / Write : 116.78150370028543
CPU intensive
Task Time : 166825
CPU Time : 136270
========================================
Task Size >> {0=17544939}
Update attemptID:attempt_1453208336177_0020_m_000000_0
attempt_1453208336177_0020_m_000000_0:MAP:MAP:0.4582101
FILE_BYTES_READ : 0
HDFS_BYTES_READ : 13965097
FILE_BYTES_WRITTEN : 117018
HBW_BYTES_WRITTEN : 0
CPU/Time : 0.8212563227855546
Written/Time : 0.6882602046818022
FinishedSize : 8039268.44078958
TETS
Total Read / Write : 119.34144319677314
CPU intensive
Task Time : 170020
CPU Time : 139630
========================================
Task Size >> {0=17544939}
Update attemptID:attempt_1453208336177_0020_m_000000_0
attempt_1453208336177_0020_m_000000_0:MAP:MAP:0.47040284
FILE_BYTES_READ : 0
HDFS_BYTES_READ : 14285391
FILE_BYTES_WRITTEN : 117018
HBW_BYTES_WRITTEN : 0
CPU/Time : 0.825525478718184
Written/Time : 0.6755338494310802
FinishedSize : 8253189.077076316
TETS
Total Read / Write : 122.07857765471978
CPU intensive
Task Time : 173223
CPU Time : 143000
========================================
Task Size >> {0=17544939}
Update attemptID:attempt_1453208336177_0020_m_000000_0
attempt_1453208336177_0020_m_000000_0:MAP:MAP:0.4824383
FILE_BYTES_READ : 0
HDFS_BYTES_READ : 14603386
FILE_BYTES_WRITTEN : 117018
HBW_BYTES_WRITTEN : 0
CPU/Time : 0.8296059456793483
Written/Time : 0.6633786288882464
FinishedSize : 8464350.475981146
TETS
Total Read / Write : 124.79606556256303
CPU intensive
Task Time : 176397
CPU Time : 146340
========================================
Task Size >> {0=17544939}
Update attemptID:attempt_1453208336177_0020_m_000000_0
attempt_1453208336177_0020_m_000000_0:MAP:MAP:0.4938431
FILE_BYTES_READ : 0
HDFS_BYTES_READ : 14903368
FILE_BYTES_WRITTEN : 117018
HBW_BYTES_WRITTEN : 0
CPU/Time : 0.8334539865685107
Written/Time : 0.6516277049527225
FinishedSize : 8664447.212722152
TETS
Total Read / Write : 127.35961988753867
CPU intensive
Task Time : 179578
CPU Time : 149670
========================================
Task Size >> {0=17544939}
Update attemptID:attempt_1453208336177_0020_m_000000_0
attempt_1453208336177_0020_m_000000_0:MAP:MAP:0.505823
FILE_BYTES_READ : 0
HDFS_BYTES_READ : 15218344
FILE_BYTES_WRITTEN : 117018
HBW_BYTES_WRITTEN : 0
CPU/Time : 0.8372411151541681
Written/Time : 0.6402998549971273
FinishedSize : 8874633.963440537
TETS
Total Read / Write : 130.05130834572458
CPU intensive
Task Time : 182755
CPU Time : 153010
========================================
Task Size >> {0=17544939}
Update attemptID:attempt_1453208336177_0020_m_000000_0
attempt_1453208336177_0020_m_000000_0:MAP:MAP:0.51746464
FILE_BYTES_READ : 0
HDFS_BYTES_READ : 15523611
FILE_BYTES_WRITTEN : 117018
HBW_BYTES_WRITTEN : 0
CPU/Time : 0.8408762107595583
Written/Time : 0.6293421965504445
FinishedSize : 9078885.504092216
TETS
Total Read / Write : 132.66002666256475
CPU intensive
Task Time : 185937
CPU Time : 156350
========================================
Task Size >> {0=17544939}
Update attemptID:attempt_1453208336177_0020_m_000000_0
attempt_1453208336177_0020_m_000000_0:MAP:MAP:0.5297141
FILE_BYTES_READ : 0
HDFS_BYTES_READ : 15844432
FILE_BYTES_WRITTEN : 117018
HBW_BYTES_WRITTEN : 0
CPU/Time : 0.8444500843339731
Written/Time : 0.6187205558111131
FinishedSize : 9293801.703762531
TETS
Total Read / Write : 135.40166470115707
CPU intensive
Task Time : 189129
CPU Time : 159710
========================================
Task Size >> {0=17544939}
Update attemptID:attempt_1453208336177_0020_m_000000_0
attempt_1453208336177_0020_m_000000_0:MAP:MAP:0.54277694
FILE_BYTES_READ : 0
HDFS_BYTES_READ : 16183374
FILE_BYTES_WRITTEN : 117018
HBW_BYTES_WRITTEN : 0
CPU/Time : 0.8480771130440208
Written/Time : 0.608388227159056
FinishedSize : 9522988.342437387
TETS
Total Read / Write : 138.2981592575501
CPU intensive
Task Time : 192341
CPU Time : 163120
========================================
Task Size >> {0=17544939}
Update attemptID:attempt_1453208336177_0020_m_000000_0
attempt_1453208336177_0020_m_000000_0:MAP:MAP:0.55511874
FILE_BYTES_READ : 0
HDFS_BYTES_READ : 16511720
FILE_BYTES_WRITTEN : 117018
HBW_BYTES_WRITTEN : 0
CPU/Time : 0.8514577058200842
Written/Time : 0.5984136805985262
FinishedSize : 9739524.424125731
TETS
Total Read / Write : 141.10410364217472
CPU intensive
Task Time : 195547
CPU Time : 166500
========================================
Task Size >> {0=17544939}
Update attemptID:attempt_1453208336177_0020_m_000000_0
attempt_1453208336177_0020_m_000000_0:MAP:MAP:0.5676371
FILE_BYTES_READ : 0
HDFS_BYTES_READ : 16839007
FILE_BYTES_WRITTEN : 117018
HBW_BYTES_WRITTEN : 0
CPU/Time : 0.8548040591872569
Written/Time : 0.5887431512535282
FinishedSize : 9959158.046509624
TETS
Total Read / Write : 143.90099813703875
CPU intensive
Task Time : 198759
CPU Time : 169900
========================================
Task Size >> {0=17544939}
Update attemptID:attempt_1453208336177_0020_m_000000_0
attempt_1453208336177_0020_m_000000_0:MAP:MAP:0.57984626
FILE_BYTES_READ : 0
HDFS_BYTES_READ : 17162405
FILE_BYTES_WRITTEN : 117018
HBW_BYTES_WRITTEN : 0
CPU/Time : 0.8579916815210933
Written/Time : 0.5794117647058824
FinishedSize : 1.0173367312516809E7
TETS
Total Read / Write : 146.66465842861783
CPU intensive
Task Time : 201960
CPU Time : 173280
========================================
Task Size >> {0=17544939}
Update attemptID:attempt_1453208336177_0020_m_000000_0
attempt_1453208336177_0020_m_000000_0:MAP:MAP:0.5916289
FILE_BYTES_READ : 0
HDFS_BYTES_READ : 17473099
FILE_BYTES_WRITTEN : 117018
HBW_BYTES_WRITTEN : 0
CPU/Time : 0.8610798348614015
Written/Time : 0.5703715618465498
FinishedSize : 1.0380093120989442E7
TETS
Total Read / Write : 149.3197542258456
CPU intensive
Task Time : 205161
CPU Time : 176660
========================================
Task Size >> {0=17544939}
Update attemptID:attempt_1453208336177_0020_m_000000_0
attempt_1453208336177_0020_m_000000_0:MAP:MAP:0.6036283
FILE_BYTES_READ : 0
HDFS_BYTES_READ : 17789105
FILE_BYTES_WRITTEN : 117018
HBW_BYTES_WRITTEN : 0
CPU/Time : 0.8641400592218612
Written/Time : 0.5615902557482159
FinishedSize : 1.059062131230104E7
TETS
Total Read / Write : 152.02024474867113
CPU intensive
Task Time : 208369
CPU Time : 180060
========================================
Task Size >> {0=17544939}
Update attemptID:attempt_1453208336177_0020_m_000000_0
attempt_1453208336177_0020_m_000000_0:MAP:MAP:0.6159539
FILE_BYTES_READ : 0
HDFS_BYTES_READ : 18114632
FILE_BYTES_WRITTEN : 117018
HBW_BYTES_WRITTEN : 0
CPU/Time : 0.8670271598869362
Written/Time : 0.5531144534462711
FinishedSize : 1.0806873993068218E7
TETS
Total Read / Write : 154.8020988224034
CPU intensive
Task Time : 211562
CPU Time : 183430
========================================
Task Size >> {0=17544939}
Update attemptID:attempt_1453208336177_0020_m_000000_0
attempt_1453208336177_0020_m_000000_0:MAP:MAP:0.6278234
FILE_BYTES_READ : 0
HDFS_BYTES_READ : 18425464
FILE_BYTES_WRITTEN : 117018
HBW_BYTES_WRITTEN : 0
CPU/Time : 0.8699215003398858
Written/Time : 0.5448323385076684
FinishedSize : 1.1015123473652065E7
TETS
Total Read / Write : 157.458373925379
CPU intensive
Task Time : 214778
CPU Time : 186840
========================================
Task Size >> {0=17544939}
Update attemptID:attempt_1453208336177_0020_m_000000_0
attempt_1453208336177_0020_m_000000_0:MAP:MAP:0.6391415
FILE_BYTES_READ : 0
HDFS_BYTES_READ : 18722701
FILE_BYTES_WRITTEN : 117018
HBW_BYTES_WRITTEN : 0
CPU/Time : 0.8727206000412873
Written/Time : 0.5368167534463381
FinishedSize : 1.1213698629801571E7
TETS
Total Read / Write : 159.99847032080535
CPU intensive
Task Time : 217985
CPU Time : 190240
========================================
Task Size >> {0=17544939}
Update attemptID:attempt_1453208336177_0020_m_000000_0
attempt_1453208336177_0020_m_000000_0:MAP:MAP:0.6509458
FILE_BYTES_READ : 0
HDFS_BYTES_READ : 19031203
FILE_BYTES_WRITTEN : 117018
HBW_BYTES_WRITTEN : 0
CPU/Time : 0.8754306174670199
Written/Time : 0.5290288163331736
FinishedSize : 1.1420804049102187E7
TETS
Total Read / Write : 162.63483395716898
CPU intensive
Task Time : 221194
CPU Time : 193640
========================================
Task Size >> {0=17544939}
Update attemptID:attempt_1453208336177_0020_m_000000_0
attempt_1453208336177_0020_m_000000_0:MAP:MAP:0.66223496
FILE_BYTES_READ : 0
HDFS_BYTES_READ : 19330204
FILE_BYTES_WRITTEN : 117018
HBW_BYTES_WRITTEN : 0
CPU/Time : 0.8780381286820739
Written/Time : 0.5214752359646699
FinishedSize : 1.1618872011721194E7
TETS
Total Read / Write : 165.1900049565024
CPU intensive
Task Time : 224398
CPU Time : 197030
========================================
Task Size >> {0=17544939}
Update attemptID:attempt_1453208336177_0020_m_000000_0
attempt_1453208336177_0020_m_000000_0:MAP:MAP:0.667
FILE_BYTES_READ : 0
HDFS_BYTES_READ : 19472179
FILE_BYTES_WRITTEN : 117018
HBW_BYTES_WRITTEN : 0
CPU/Time : 0.8805398969239759
Written/Time : 0.5141410990382207
FinishedSize : 1.170247423770529E7
TETS
Total Read / Write : 166.40327983729
CPU intensive
Task Time : 227599
CPU Time : 200410
========================================
Task Size >> {0=17544939}
Update attemptID:attempt_1453208336177_0020_m_000000_0
attempt_1453208336177_0020_m_000000_0:MAP:SORT:0.667
FILE_BYTES_READ : 0
HDFS_BYTES_READ : 19472179
FILE_BYTES_WRITTEN : 117018
HBW_BYTES_WRITTEN : 0
CPU/Time : 0.8722048621689138
Written/Time : 0.5092743304290303
FinishedSize : 1.170247423770529E7
TETS
Total Read / Write : 166.40327983729
CPU intensive
Task Time : 229774
CPU Time : 200410
========================================
Task Size >> {0=17544939}
Update attemptID:attempt_1453208336177_0020_m_000000_0
attempt_1453208336177_0020_m_000000_0:MAP:SORT:1.0
FILE_BYTES_READ : 0
HDFS_BYTES_READ : 19472179
FILE_BYTES_WRITTEN : 4009786
HBW_BYTES_WRITTEN : 0
CPU/Time : 0.881808945736838
Written/Time : 17.409478903448218
FinishedSize : 1.7544939E7
TETS
Total Read / Write : 4.856164144420675
CPU intensive
Task Time : 230322
CPU Time : 203100
========================================
