Now Use estimatorClass : org.apache.hadoop.mapreduce.v2.app.speculate.LegacyTaskRuntimeEstimator_Fixed
serviceStart
Task Size >> {0=12885056}
Update attemptID:attempt_1453169138423_0022_m_000000_0
attempt_1453169138423_0022_m_000000_0:MAP:MAP:0.013081103
FILE_BYTES_READ : 3673903
HDFS_BYTES_READ : 162960
FILE_BYTES_WRITTEN : 117214
HBW_BYTES_WRITTEN : 21948
CPU/Time : 0.25140875596012136
Written/Time : 2.872458562965715
FinishedSize : 168550.73995488882
TETS
Total Read / Write : 32.73382872353132
CPU intensive
Task Time : 48447
CPU Time : 12180
========================================
Task Size >> {0=12885056}
Update attemptID:attempt_1453169138423_0022_m_000000_0
attempt_1453169138423_0022_m_000000_0:MAP:MAP:0.024957387
FILE_BYTES_READ : 3673903
HDFS_BYTES_READ : 311327
FILE_BYTES_WRITTEN : 117214
HBW_BYTES_WRITTEN : 44190
CPU/Time : 0.3042804570985861
Written/Time : 3.126166957195429
FinishedSize : 321577.32623279095
TETS
Total Read / Write : 33.99960755541147
CPU intensive
Task Time : 51630
CPU Time : 15710
========================================
Task Size >> {0=12885056}
Update attemptID:attempt_1453169138423_0022_m_000000_0
attempt_1453169138423_0022_m_000000_0:MAP:MAP:0.035652444
FILE_BYTES_READ : 3673903
HDFS_BYTES_READ : 451108
FILE_BYTES_WRITTEN : 117214
HBW_BYTES_WRITTEN : 65340
CPU/Time : 0.35272017654246685
Written/Time : 3.3293939559738104
FinishedSize : 459383.73446941376
TETS
Total Read / Write : 35.19213575170202
CPU intensive
Task Time : 54831
CPU Time : 19340
========================================
Task Size >> {0=12885056}
Update attemptID:attempt_1453169138423_0022_m_000000_0
attempt_1453169138423_0022_m_000000_0:MAP:MAP:0.04605561
FILE_BYTES_READ : 3673903
HDFS_BYTES_READ : 587167
FILE_BYTES_WRITTEN : 117214
HBW_BYTES_WRITTEN : 82790
CPU/Time : 0.4166882165330575
Written/Time : 3.4480475821049907
FinishedSize : 593429.1297223568
TETS
Total Read / Write : 36.35291006193799
CPU intensive
Task Time : 58005
CPU Time : 24170
========================================
Task Size >> {0=12885056}
Update attemptID:attempt_1453169138423_0022_m_000000_0
attempt_1453169138423_0022_m_000000_0:MAP:MAP:0.057271898
FILE_BYTES_READ : 3673903
HDFS_BYTES_READ : 731859
FILE_BYTES_WRITTEN : 117214
HBW_BYTES_WRITTEN : 111120
CPU/Time : 0.44971729254502074
Written/Time : 3.7313135274700135
FinishedSize : 737951.6102867126
TETS
Total Read / Write : 37.587335983756205
CPU intensive
Task Time : 61194
CPU Time : 27520
========================================
Task Size >> {0=12885056}
Update attemptID:attempt_1453169138423_0022_m_000000_0
attempt_1453169138423_0022_m_000000_0:MAP:MAP:0.067172386
FILE_BYTES_READ : 3673903
HDFS_BYTES_READ : 858983
FILE_BYTES_WRITTEN : 117214
HBW_BYTES_WRITTEN : 127104
CPU/Time : 0.4792381899243472
Written/Time : 3.7953489817159367
FinishedSize : 865519.952070713
TETS
Total Read / Write : 38.67188219837221
CPU intensive
Task Time : 64373
CPU Time : 30850
========================================
Task Size >> {0=12885056}
Update attemptID:attempt_1453169138423_0022_m_000000_0
attempt_1453169138423_0022_m_000000_0:MAP:MAP:0.078332484
FILE_BYTES_READ : 3673903
HDFS_BYTES_READ : 1005513
FILE_BYTES_WRITTEN : 117214
HBW_BYTES_WRITTEN : 158132
CPU/Time : 0.5061660769538248
Written/Time : 4.076361644484581
FinishedSize : 1009318.4399757385
TETS
Total Read / Write : 39.92198884092344
CPU intensive
Task Time : 67547
CPU Time : 34190
========================================
Task Size >> {0=12885056}
Update attemptID:attempt_1453169138423_0022_m_000000_0
attempt_1453169138423_0022_m_000000_0:MAP:MAP:0.08895008
FILE_BYTES_READ : 3673903
HDFS_BYTES_READ : 1138435
FILE_BYTES_WRITTEN : 117214
HBW_BYTES_WRITTEN : 180616
CPU/Time : 0.531161172627381
Written/Time : 4.211813952172868
FinishedSize : 1146126.7962751389
TETS
Total Read / Write : 41.05600013650247
CPU intensive
Task Time : 70713
CPU Time : 37560
========================================
Task Size >> {0=12885056}
Update attemptID:attempt_1453169138423_0022_m_000000_0
attempt_1453169138423_0022_m_000000_0:MAP:MAP:0.09960199
FILE_BYTES_READ : 3673903
HDFS_BYTES_READ : 1276904
FILE_BYTES_WRITTEN : 117214
HBW_BYTES_WRITTEN : 204224
CPU/Time : 0.5535330022060118
Written/Time : 4.350282180026797
FinishedSize : 1283377.2378621101
TETS
Total Read / Write : 42.2373351306158
CPU intensive
Task Time : 73889
CPU Time : 40900
========================================
Task Size >> {0=12885056}
Update attemptID:attempt_1453169138423_0022_m_000000_0
attempt_1453169138423_0022_m_000000_0:MAP:MAP:0.111215256
FILE_BYTES_READ : 3673903
HDFS_BYTES_READ : 1426811
FILE_BYTES_WRITTEN : 117214
HBW_BYTES_WRITTEN : 236116
CPU/Time : 0.5738683554817275
Written/Time : 4.585366486710964
FinishedSize : 1433014.8036055565
TETS
Total Read / Write : 43.51625232480762
CPU intensive
Task Time : 77056
CPU Time : 44220
========================================
Task Size >> {0=12885056}
Update attemptID:attempt_1453169138423_0022_m_000000_0
attempt_1453169138423_0022_m_000000_0:MAP:MAP:0.122624636
FILE_BYTES_READ : 3673903
HDFS_BYTES_READ : 1576370
FILE_BYTES_WRITTEN : 117214
HBW_BYTES_WRITTEN : 267824
CPU/Time : 0.5925464290165774
Written/Time : 4.799177365075408
FinishedSize : 1580025.2979278564
TETS
Total Read / Write : 44.79220059037316
CPU intensive
Task Time : 80230
CPU Time : 47540
========================================
Task Size >> {0=12885056}
Update attemptID:attempt_1453169138423_0022_m_000000_0
attempt_1453169138423_0022_m_000000_0:MAP:MAP:0.13393025
FILE_BYTES_READ : 3673903
HDFS_BYTES_READ : 1725956
FILE_BYTES_WRITTEN : 117214
HBW_BYTES_WRITTEN : 298970
CPU/Time : 0.6098467589150819
Written/Time : 4.99033549965227
FinishedSize : 1725698.7842588425
TETS
Total Read / Write : 46.06837920384937
CPU intensive
Task Time : 83398
CPU Time : 50860
========================================
Task Size >> {0=12885056}
Update attemptID:attempt_1453169138423_0022_m_000000_0
attempt_1453169138423_0022_m_000000_0:MAP:MAP:0.14342235
FILE_BYTES_READ : 3673903
HDFS_BYTES_READ : 1841253
FILE_BYTES_WRITTEN : 117214
HBW_BYTES_WRITTEN : 316978
CPU/Time : 0.6260755078706965
Written/Time : 5.014517190802314
FinishedSize : 1848005.0151052475
TETS
Total Read / Write : 47.05202450219257
CPU intensive
Task Time : 86587
CPU Time : 54210
========================================
Task Size >> {0=12885056}
Update attemptID:attempt_1453169138423_0022_m_000000_0
attempt_1453169138423_0022_m_000000_0:MAP:MAP:0.15430616
FILE_BYTES_READ : 3673903
HDFS_BYTES_READ : 1981356
FILE_BYTES_WRITTEN : 117214
HBW_BYTES_WRITTEN : 341971
CPU/Time : 0.6410642066914001
Written/Time : 5.115868400236193
FinishedSize : 1988243.492430687
TETS
Total Read / Write : 48.247299810602826
CPU intensive
Task Time : 89757
CPU Time : 57540
========================================
Task Size >> {0=12885056}
Update attemptID:attempt_1453169138423_0022_m_000000_0
attempt_1453169138423_0022_m_000000_0:MAP:MAP:0.16623111
FILE_BYTES_READ : 3673903
HDFS_BYTES_READ : 2134711
FILE_BYTES_WRITTEN : 117214
HBW_BYTES_WRITTEN : 377001
CPU/Time : 0.6551839141052813
Written/Time : 5.3169411840647225
FinishedSize : 2141897.170208931
TETS
Total Read / Write : 49.55563328612623
CPU intensive
Task Time : 92951
CPU Time : 60900
========================================
Task Size >> {0=12885056}
Update attemptID:attempt_1453169138423_0022_m_000000_0
attempt_1453169138423_0022_m_000000_0:MAP:MAP:0.17788427
FILE_BYTES_READ : 3673903
HDFS_BYTES_READ : 2285446
FILE_BYTES_WRITTEN : 117214
HBW_BYTES_WRITTEN : 408286
CPU/Time : 0.6682063606004807
Written/Time : 5.466953798778648
FinishedSize : 2292048.726099968
TETS
Total Read / Write : 50.841614482911595
CPU intensive
Task Time : 96123
CPU Time : 64230
========================================
Task Size >> {0=12885056}
Update attemptID:attempt_1453169138423_0022_m_000000_0
attempt_1453169138423_0022_m_000000_0:MAP:MAP:0.1896792
FILE_BYTES_READ : 3673903
HDFS_BYTES_READ : 2437711
FILE_BYTES_WRITTEN : 117214
HBW_BYTES_WRITTEN : 443459
CPU/Time : 0.6806920721882049
Written/Time : 5.6464812278440215
FinishedSize : 2444027.1838417053
TETS
Total Read / Write : 52.14064872796765
CPU intensive
Task Time : 99296
CPU Time : 67590
========================================
Task Size >> {0=12885056}
Update attemptID:attempt_1453169138423_0022_m_000000_0
attempt_1453169138423_0022_m_000000_0:MAP:MAP:0.20141634
FILE_BYTES_READ : 3673903
HDFS_BYTES_READ : 2588557
FILE_BYTES_WRITTEN : 117214
HBW_BYTES_WRITTEN : 477571
CPU/Time : 0.6921657996701184
Written/Time : 5.804989215408789
FinishedSize : 2595260.864675522
TETS
Total Read / Write : 53.42757691060795
CPU intensive
Task Time : 102461
CPU Time : 70920
========================================
Task Size >> {0=12885056}
Update attemptID:attempt_1453169138423_0022_m_000000_0
attempt_1453169138423_0022_m_000000_0:MAP:MAP:0.21371381
FILE_BYTES_READ : 3673903
HDFS_BYTES_READ : 2738359
FILE_BYTES_WRITTEN : 117214
HBW_BYTES_WRITTEN : 509147
CPU/Time : 0.7029053420805998
Written/Time : 5.929595864928573
FinishedSize : 2753714.4078626633
TETS
Total Read / Write : 54.70559830736943
CPU intensive
Task Time : 105633
CPU Time : 74250
========================================
Task Size >> {0=12885056}
Update attemptID:attempt_1453169138423_0022_m_000000_0
attempt_1453169138423_0022_m_000000_0:MAP:MAP:0.22452885
FILE_BYTES_READ : 3673903
HDFS_BYTES_READ : 2885690
FILE_BYTES_WRITTEN : 117214
HBW_BYTES_WRITTEN : 540359
CPU/Time : 0.7130252564243962
Written/Time : 6.043647292378957
FinishedSize : 2893066.7945899963
TETS
Total Read / Write : 55.962538604603544
CPU intensive
Task Time : 108804
CPU Time : 77580
========================================
Task Size >> {0=12885056}
Update attemptID:attempt_1453169138423_0022_m_000000_0
attempt_1453169138423_0022_m_000000_0:MAP:MAP:0.2352544
FILE_BYTES_READ : 3673903
HDFS_BYTES_READ : 3019002
FILE_BYTES_WRITTEN : 117214
HBW_BYTES_WRITTEN : 552442
CPU/Time : 0.7226484010109219
Written/Time : 5.980299525795476
FinishedSize : 3031266.2075271606
TETS
Total Read / Write : 57.09987714778098
CPU intensive
Task Time : 111977
CPU Time : 80920
========================================
Task Size >> {0=12885056}
Update attemptID:attempt_1453169138423_0022_m_000000_0
attempt_1453169138423_0022_m_000000_0:MAP:MAP:0.24545215
FILE_BYTES_READ : 3673903
HDFS_BYTES_READ : 3157121
FILE_BYTES_WRITTEN : 117214
HBW_BYTES_WRITTEN : 578787
CPU/Time : 0.731611995518616
Written/Time : 6.044666197684618
FinishedSize : 3162664.707121849
TETS
Total Read / Write : 58.278226150459844
CPU intensive
Task Time : 115143
CPU Time : 84240
========================================
Task Size >> {0=12885056}
Update attemptID:attempt_1453169138423_0022_m_000000_0
attempt_1453169138423_0022_m_000000_0:MAP:MAP:0.2569019
FILE_BYTES_READ : 3673903
HDFS_BYTES_READ : 3303567
FILE_BYTES_WRITTEN : 117214
HBW_BYTES_WRITTEN : 609612
CPU/Time : 0.740105306750281
Written/Time : 6.142831788101859
FinishedSize : 3310195.2396640778
TETS
Total Read / Write : 59.5276161550668
CPU intensive
Task Time : 118321
CPU Time : 87570
========================================
Task Size >> {0=12885056}
Update attemptID:attempt_1453169138423_0022_m_000000_0
attempt_1453169138423_0022_m_000000_0:MAP:MAP:0.26790753
FILE_BYTES_READ : 3673903
HDFS_BYTES_READ : 3450414
FILE_BYTES_WRITTEN : 117214
HBW_BYTES_WRITTEN : 635567
CPU/Time : 0.7483105188209438
Written/Time : 6.196391383440203
FinishedSize : 3452003.527765274
TETS
Total Read / Write : 60.78042725271725
CPU intensive
Task Time : 121487
CPU Time : 90910
========================================
Task Size >> {0=12885056}
Update attemptID:attempt_1453169138423_0022_m_000000_0
attempt_1453169138423_0022_m_000000_0:MAP:MAP:0.27902284
FILE_BYTES_READ : 3673903
HDFS_BYTES_READ : 3589100
FILE_BYTES_WRITTEN : 117214
HBW_BYTES_WRITTEN : 667249
CPU/Time : 0.755956678700361
Written/Time : 6.293325310870437
FinishedSize : 3595224.952768326
TETS
Total Read / Write : 61.963613561519956
CPU intensive
Task Time : 124650
CPU Time : 94230
========================================
Task Size >> {0=12885056}
Update attemptID:attempt_1453169138423_0022_m_000000_0
attempt_1453169138423_0022_m_000000_0:MAP:MAP:0.29043302
FILE_BYTES_READ : 3673903
HDFS_BYTES_READ : 3736376
FILE_BYTES_WRITTEN : 117214
HBW_BYTES_WRITTEN : 703477
CPU/Time : 0.7633086095202328
Written/Time : 6.421079397865615
FinishedSize : 3742245.7192134857
TETS
Total Read / Write : 63.22008463152866
CPU intensive
Task Time : 127812
CPU Time : 97560
========================================
Task Size >> {0=12885056}
Update attemptID:attempt_1453169138423_0022_m_000000_0
attempt_1453169138423_0022_m_000000_0:MAP:MAP:0.3019643
FILE_BYTES_READ : 3673903
HDFS_BYTES_READ : 3884775
FILE_BYTES_WRITTEN : 117214
HBW_BYTES_WRITTEN : 741718
CPU/Time : 0.7702820320969934
Written/Time : 6.557834140084594
FinishedSize : 3890827.080324173
TETS
Total Read / Write : 64.48613646833996
CPU intensive
Task Time : 130978
CPU Time : 100890
========================================
Task Size >> {0=12885056}
Update attemptID:attempt_1453169138423_0022_m_000000_0
attempt_1453169138423_0022_m_000000_0:MAP:MAP:0.3133179
FILE_BYTES_READ : 3673903
HDFS_BYTES_READ : 4030152
FILE_BYTES_WRITTEN : 117214
HBW_BYTES_WRITTEN : 774135
CPU/Time : 0.776926288167939
Written/Time : 6.644717616889313
FinishedSize : 4037118.6220474243
TETS
Total Read / Write : 65.72640640196563
CPU intensive
Task Time : 134144
CPU Time : 104220
========================================
Task Size >> {0=12885056}
Update attemptID:attempt_1453169138423_0022_m_000000_0
attempt_1453169138423_0022_m_000000_0:MAP:MAP:0.3243418
FILE_BYTES_READ : 3673903
HDFS_BYTES_READ : 4172766
FILE_BYTES_WRITTEN : 117214
HBW_BYTES_WRITTEN : 797755
CPU/Time : 0.783219839044463
Written/Time : 6.663770438075817
FinishedSize : 4179162.3049640656
TETS
Total Read / Write : 66.94310406606719
CPU intensive
Task Time : 137305
CPU Time : 107540
========================================
Task Size >> {0=12885056}
Update attemptID:attempt_1453169138423_0022_m_000000_0
attempt_1453169138423_0022_m_000000_0:MAP:MAP:0.3354444
FILE_BYTES_READ : 3673903
HDFS_BYTES_READ : 4317195
FILE_BYTES_WRITTEN : 117214
HBW_BYTES_WRITTEN : 824275
CPU/Time : 0.789119617293003
Written/Time : 6.702277305959153
FinishedSize : 4322219.760005951
TETS
Total Read / Write : 68.1752862286075
CPU intensive
Task Time : 140473
CPU Time : 110850
========================================
Task Size >> {0=12885056}
Update attemptID:attempt_1453169138423_0022_m_000000_0
attempt_1453169138423_0022_m_000000_0:MAP:MAP:0.34653425
FILE_BYTES_READ : 3673903
HDFS_BYTES_READ : 4458723
FILE_BYTES_WRITTEN : 117214
HBW_BYTES_WRITTEN : 850255
CPU/Time : 0.7947425579905878
Written/Time : 6.735185597727716
FinishedSize : 4465113.24508667
TETS
Total Read / Write : 69.38271878785811
CPU intensive
Task Time : 143644
CPU Time : 114160
========================================
Task Size >> {0=12885056}
Update attemptID:attempt_1453169138423_0022_m_000000_0
attempt_1453169138423_0022_m_000000_0:MAP:MAP:0.35769325
FILE_BYTES_READ : 3673903
HDFS_BYTES_READ : 4602950
FILE_BYTES_WRITTEN : 117214
HBW_BYTES_WRITTEN : 875875
CPU/Time : 0.8002397722163944
Written/Time : 6.764634960423961
FinishedSize : 4608897.6208229065
TETS
Total Read / Write : 70.61317760677052
CPU intensive
Task Time : 146806
CPU Time : 117480
========================================
Task Size >> {0=12885056}
Update attemptID:attempt_1453169138423_0022_m_000000_0
attempt_1453169138423_0022_m_000000_0:MAP:MAP:0.36906227
FILE_BYTES_READ : 3673903
HDFS_BYTES_READ : 4749157
FILE_BYTES_WRITTEN : 117214
HBW_BYTES_WRITTEN : 904029
CPU/Time : 0.8054944322197772
Written/Time : 6.809648596385943
FinishedSize : 4755388.076925278
TETS
Total Read / Write : 71.86052860579794
CPU intensive
Task Time : 149970
CPU Time : 120800
========================================
Task Size >> {0=12885056}
Update attemptID:attempt_1453169138423_0022_m_000000_0
attempt_1453169138423_0022_m_000000_0:MAP:MAP:0.38041407
FILE_BYTES_READ : 3673903
HDFS_BYTES_READ : 4896198
FILE_BYTES_WRITTEN : 117214
HBW_BYTES_WRITTEN : 931073
CPU/Time : 0.8105566945688654
Written/Time : 6.844659623646787
FinishedSize : 4901656.578372955
TETS
Total Read / Write : 73.1149947958435
CPU intensive
Task Time : 153154
CPU Time : 124140
========================================
Task Size >> {0=12885056}
Update attemptID:attempt_1453169138423_0022_m_000000_0
attempt_1453169138423_0022_m_000000_0:MAP:MAP:0.39175126
FILE_BYTES_READ : 3673903
HDFS_BYTES_READ : 5041866
FILE_BYTES_WRITTEN : 117214
HBW_BYTES_WRITTEN : 958323
CPU/Time : 0.8154649199119799
Written/Time : 6.880002302850417
FinishedSize : 5047736.917570114
TETS
Total Read / Write : 74.35774736806184
CPU intensive
Task Time : 156328
CPU Time : 127480
========================================
Task Size >> {0=12885056}
Update attemptID:attempt_1453169138423_0022_m_000000_0
attempt_1453169138423_0022_m_000000_0:MAP:MAP:0.4032507
FILE_BYTES_READ : 3673903
HDFS_BYTES_READ : 5188923
FILE_BYTES_WRITTEN : 117214
HBW_BYTES_WRITTEN : 986855
CPU/Time : 0.8201993605416589
Written/Time : 6.921628738010156
FinishedSize : 5195907.777770996
TETS
Total Read / Write : 75.61235006057296
CPU intensive
Task Time : 159510
CPU Time : 130830
========================================
Task Size >> {0=12885056}
Update attemptID:attempt_1453169138423_0022_m_000000_0
attempt_1453169138423_0022_m_000000_0:MAP:MAP:0.41468126
FILE_BYTES_READ : 3673903
HDFS_BYTES_READ : 5337149
FILE_BYTES_WRITTEN : 117214
HBW_BYTES_WRITTEN : 1015020
CPU/Time : 0.8247023461942725
Written/Time : 6.9594994129904295
FinishedSize : 5343191.2033576965
TETS
Total Read / Write : 76.87692596447523
CPU intensive
Task Time : 162689
CPU Time : 134170
========================================
Task Size >> {0=12885056}
Update attemptID:attempt_1453169138423_0022_m_000000_0
attempt_1453169138423_0022_m_000000_0:MAP:MAP:0.42611685
FILE_BYTES_READ : 3673903
HDFS_BYTES_READ : 5483665
FILE_BYTES_WRITTEN : 117214
HBW_BYTES_WRITTEN : 1042496
CPU/Time : 0.8290277266999861
Written/Time : 6.991722383326601
FinishedSize : 5490539.525720596
TETS
Total Read / Write : 78.12691316736908
CPU intensive
Task Time : 165869
CPU Time : 137510
========================================
Task Size >> {0=12885056}
Update attemptID:attempt_1453169138423_0022_m_000000_0
attempt_1453169138423_0022_m_000000_0:MAP:MAP:0.4374519
FILE_BYTES_READ : 3673903
HDFS_BYTES_READ : 5630419
FILE_BYTES_WRITTEN : 117214
HBW_BYTES_WRITTEN : 1068838
CPU/Time : 0.8331509361412641
Written/Time : 7.016190955071135
FinishedSize : 5636592.216587067
TETS
Total Read / Write : 79.37893084443837
CPU intensive
Task Time : 169045
CPU Time : 140840
========================================
Task Size >> {0=12885056}
Update attemptID:attempt_1453169138423_0022_m_000000_0
attempt_1453169138423_0022_m_000000_0:MAP:MAP:0.4489177
FILE_BYTES_READ : 3673903
HDFS_BYTES_READ : 5777818
FILE_BYTES_WRITTEN : 117214
HBW_BYTES_WRITTEN : 1095727
CPU/Time : 0.8372138933726615
Written/Time : 7.042728740143764
FinishedSize : 5784329.53560257
TETS
Total Read / Write : 80.6364512771512
CPU intensive
Task Time : 172226
CPU Time : 144190
========================================
Task Size >> {0=12885056}
Update attemptID:attempt_1453169138423_0022_m_000000_0
attempt_1453169138423_0022_m_000000_0:MAP:MAP:0.4598477
FILE_BYTES_READ : 3673903
HDFS_BYTES_READ : 5921274
FILE_BYTES_WRITTEN : 117214
HBW_BYTES_WRITTEN : 1118483
CPU/Time : 0.8410682113617186
Written/Time : 7.0451834705466485
FinishedSize : 5925163.220046997
TETS
Total Read / Write : 81.86033238350367
CPU intensive
Task Time : 175396
CPU Time : 147520
========================================
Task Size >> {0=12885056}
Update attemptID:attempt_1453169138423_0022_m_000000_0
attempt_1453169138423_0022_m_000000_0:MAP:MAP:0.47065124
FILE_BYTES_READ : 3673903
HDFS_BYTES_READ : 6057421
FILE_BYTES_WRITTEN : 117214
HBW_BYTES_WRITTEN : 1139627
CPU/Time : 0.8447620274288659
Written/Time : 7.038326491983581
FinishedSize : 6064367.573003769
TETS
Total Read / Write : 83.02185745730033
CPU intensive
Task Time : 178571
CPU Time : 150850
========================================
Task Size >> {0=12885056}
Update attemptID:attempt_1453169138423_0022_m_000000_0
attempt_1453169138423_0022_m_000000_0:MAP:MAP:0.48170137
FILE_BYTES_READ : 3673903
HDFS_BYTES_READ : 6200615
FILE_BYTES_WRITTEN : 117214
HBW_BYTES_WRITTEN : 1164551
CPU/Time : 0.848285766164309
Written/Time : 7.052623759924729
FinishedSize : 6206749.179962158
TETS
Total Read / Write : 84.243503335779
CPU intensive
Task Time : 181743
CPU Time : 154170
========================================
Task Size >> {0=12885056}
Update attemptID:attempt_1453169138423_0022_m_000000_0
attempt_1453169138423_0022_m_000000_0:MAP:MAP:0.49288598
FILE_BYTES_READ : 3673903
HDFS_BYTES_READ : 6344475
FILE_BYTES_WRITTEN : 117214
HBW_BYTES_WRITTEN : 1191178
CPU/Time : 0.8517507097471948
Written/Time : 7.075257536839259
FinishedSize : 6350863.415643692
TETS
Total Read / Write : 85.47083112938728
CPU intensive
Task Time : 184925
CPU Time : 157510
========================================
Task Size >> {0=12885056}
Update attemptID:attempt_1453169138423_0022_m_000000_0
attempt_1453169138423_0022_m_000000_0:MAP:MAP:0.5039019
FILE_BYTES_READ : 3673903
HDFS_BYTES_READ : 6486801
FILE_BYTES_WRITTEN : 117214
HBW_BYTES_WRITTEN : 1214025
CPU/Time : 0.8550634492804474
Written/Time : 7.077181118855095
FinishedSize : 6492804.185329437
TETS
Total Read / Write : 86.68507174910847
CPU intensive
Task Time : 188103
CPU Time : 160840
========================================
Task Size >> {0=12885056}
Update attemptID:attempt_1453169138423_0022_m_000000_0
attempt_1453169138423_0022_m_000000_0:MAP:MAP:0.514426
FILE_BYTES_READ : 3673903
HDFS_BYTES_READ : 6622499
FILE_BYTES_WRITTEN : 117214
HBW_BYTES_WRITTEN : 1227721
CPU/Time : 0.8585288336887885
Written/Time : 7.030354827917869
FinishedSize : 6628407.727218628
TETS
Total Read / Write : 87.84276622246489
CPU intensive
Task Time : 191304
CPU Time : 164240
========================================
Task Size >> {0=12885056}
Update attemptID:attempt_1453169138423_0022_m_000000_0
attempt_1453169138423_0022_m_000000_0:MAP:MAP:0.5253733
FILE_BYTES_READ : 3673903
HDFS_BYTES_READ : 6765680
FILE_BYTES_WRITTEN : 117214
HBW_BYTES_WRITTEN : 1247701
CPU/Time : 0.8616408141860453
Written/Time : 7.017521760813569
FinishedSize : 6769464.134326935
TETS
Total Read / Write : 89.0643011926903
CPU intensive
Task Time : 194501
CPU Time : 167590
========================================
Task Size >> {0=12885056}
Update attemptID:attempt_1453169138423_0022_m_000000_0
attempt_1453169138423_0022_m_000000_0:MAP:MAP:0.5363042
FILE_BYTES_READ : 3673903
HDFS_BYTES_READ : 6903813
FILE_BYTES_WRITTEN : 117214
HBW_BYTES_WRITTEN : 1266581
CPU/Time : 0.8646846655436339
Written/Time : 7.000212465664031
FinishedSize : 6910309.338909149
TETS
Total Read / Write : 90.24276963502653
CPU intensive
Task Time : 197679
CPU Time : 170930
========================================
Task Size >> {0=12885056}
Update attemptID:attempt_1453169138423_0022_m_000000_0
attempt_1453169138423_0022_m_000000_0:MAP:MAP:0.5473763
FILE_BYTES_READ : 3673903
HDFS_BYTES_READ : 7046168
FILE_BYTES_WRITTEN : 117214
HBW_BYTES_WRITTEN : 1288761
CPU/Time : 0.8676344664157556
Written/Time : 6.999497182229126
FinishedSize : 7052973.957252502
TETS
Total Read / Write : 91.45725766546659
CPU intensive
Task Time : 200868
CPU Time : 174280
========================================
Task Size >> {0=12885056}
Update attemptID:attempt_1453169138423_0022_m_000000_0
attempt_1453169138423_0022_m_000000_0:MAP:MAP:0.5584572
FILE_BYTES_READ : 3673903
HDFS_BYTES_READ : 7188321
FILE_BYTES_WRITTEN : 117214
HBW_BYTES_WRITTEN : 1312561
CPU/Time : 0.8704345311895089
Written/Time : 7.006674540206509
FinishedSize : 7195752.240955353
TETS
Total Read / Write : 92.67002235227874
CPU intensive
Task Time : 204059
CPU Time : 177620
========================================
Task Size >> {0=12885056}
Update attemptID:attempt_1453169138423_0022_m_000000_0
attempt_1453169138423_0022_m_000000_0:MAP:MAP:0.5695961
FILE_BYTES_READ : 3673903
HDFS_BYTES_READ : 7333231
FILE_BYTES_WRITTEN : 117214
HBW_BYTES_WRITTEN : 1339009
CPU/Time : 0.8732176892084248
Written/Time : 7.026577239499144
FinishedSize : 7339277.797595978
TETS
Total Read / Write : 93.90630812019042
CPU intensive
Task Time : 207245
CPU Time : 180970
========================================
Task Size >> {0=12885056}
Update attemptID:attempt_1453169138423_0022_m_000000_0
attempt_1453169138423_0022_m_000000_0:MAP:MAP:0.581106
FILE_BYTES_READ : 3673903
HDFS_BYTES_READ : 7481851
FILE_BYTES_WRITTEN : 117214
HBW_BYTES_WRITTEN : 1370185
CPU/Time : 0.8758648874695864
Written/Time : 7.068311853710462
FinishedSize : 7487583.443408966
TETS
Total Read / Write : 95.17424539730749
CPU intensive
Task Time : 210432
CPU Time : 184310
========================================
Task Size >> {0=12885056}
Update attemptID:attempt_1453169138423_0022_m_000000_0
attempt_1453169138423_0022_m_000000_0:MAP:MAP:0.5923334
FILE_BYTES_READ : 3673903
HDFS_BYTES_READ : 7626588
FILE_BYTES_WRITTEN : 117214
HBW_BYTES_WRITTEN : 1398365
CPU/Time : 0.8784865593663099
Written/Time : 7.095207999775287
FinishedSize : 7632248.725681305
TETS
Total Read / Write : 96.40905523231014
CPU intensive
Task Time : 213606
CPU Time : 187650
========================================
Task Size >> {0=12885056}
Update attemptID:attempt_1453169138423_0022_m_000000_0
attempt_1453169138423_0022_m_000000_0:MAP:MAP:0.6037954
FILE_BYTES_READ : 3673903
HDFS_BYTES_READ : 7773316
FILE_BYTES_WRITTEN : 117214
HBW_BYTES_WRITTEN : 1428797
CPU/Time : 0.8810288202516698
Written/Time : 7.13131019594819
FinishedSize : 7779937.660118103
TETS
Total Read / Write : 97.66085109287286
CPU intensive
Task Time : 216792
CPU Time : 191000
========================================
Task Size >> {0=12885056}
Update attemptID:attempt_1453169138423_0022_m_000000_0
attempt_1453169138423_0022_m_000000_0:MAP:MAP:0.6147937
FILE_BYTES_READ : 3673903
HDFS_BYTES_READ : 7914925
FILE_BYTES_WRITTEN : 117214
HBW_BYTES_WRITTEN : 1452437
CPU/Time : 0.883546916268519
Written/Time : 7.1355232592498306
FinishedSize : 7921651.483089447
TETS
Total Read / Write : 98.86897469585544
CPU intensive
Task Time : 219977
CPU Time : 194360
========================================
Task Size >> {0=12885056}
Update attemptID:attempt_1453169138423_0022_m_000000_0
attempt_1453169138423_0022_m_000000_0:MAP:MAP:0.6255813
FILE_BYTES_READ : 3673903
HDFS_BYTES_READ : 8056506
FILE_BYTES_WRITTEN : 117214
HBW_BYTES_WRITTEN : 1473819
CPU/Time : 0.8858575583349392
Written/Time : 7.129849294872082
FinishedSize : 8060650.39358902
TETS
Total Read / Write : 100.07685941952326
CPU intensive
Task Time : 223151
CPU Time : 197680
========================================
Task Size >> {0=12885056}
Update attemptID:attempt_1453169138423_0022_m_000000_0
attempt_1453169138423_0022_m_000000_0:MAP:MAP:0.6364665
FILE_BYTES_READ : 3673903
HDFS_BYTES_READ : 8190463
FILE_BYTES_WRITTEN : 117214
HBW_BYTES_WRITTEN : 1491601
CPU/Time : 0.8881966995824773
Written/Time : 7.108114078688669
FinishedSize : 8200906.535125732
TETS
Total Read / Write : 101.21970071834423
CPU intensive
Task Time : 226335
CPU Time : 201030
========================================
Task Size >> {0=12885056}
Update attemptID:attempt_1453169138423_0022_m_000000_0
attempt_1453169138423_0022_m_000000_0:MAP:MAP:0.64697444
FILE_BYTES_READ : 3673903
HDFS_BYTES_READ : 8328548
FILE_BYTES_WRITTEN : 117214
HBW_BYTES_WRITTEN : 1511717
CPU/Time : 0.8904584094008566
Written/Time : 7.097398381776908
FinishedSize : 8336301.946525574
TETS
Total Read / Write : 102.39775965328374
CPU intensive
Task Time : 229511
CPU Time : 204370
========================================
Task Size >> {0=12885056}
Update attemptID:attempt_1453169138423_0022_m_000000_0
attempt_1453169138423_0022_m_000000_0:MAP:MAP:0.6576887
FILE_BYTES_READ : 3673903
HDFS_BYTES_READ : 8468098
FILE_BYTES_WRITTEN : 117214
HBW_BYTES_WRITTEN : 1534543
CPU/Time : 0.8926553186734795
Written/Time : 7.098255686530669
FinishedSize : 8474355.437717438
TETS
Total Read / Write : 103.58831709522754
CPU intensive
Task Time : 232699
CPU Time : 207720
========================================
Task Size >> {0=12885056}
Update attemptID:attempt_1453169138423_0022_m_000000_0
attempt_1453169138423_0022_m_000000_0:MAP:MAP:0.6680162
FILE_BYTES_READ : 3673903
HDFS_BYTES_READ : 8599241
FILE_BYTES_WRITTEN : 117214
HBW_BYTES_WRITTEN : 1548482
CPU/Time : 0.8947611638466463
Written/Time : 7.0618341225998735
FinishedSize : 8607426.08531189
TETS
Total Read / Write : 104.70715102291535
CPU intensive
Task Time : 235873
CPU Time : 211050
========================================
Task Size >> {0=12885056}
Update attemptID:attempt_1453169138423_0022_m_000000_0
attempt_1453169138423_0022_m_000000_0:MAP:MAP:0.6790792
FILE_BYTES_READ : 3673903
HDFS_BYTES_READ : 8742401
FILE_BYTES_WRITTEN : 117214
HBW_BYTES_WRITTEN : 1573735
CPU/Time : 0.8968534832551096
Written/Time : 7.073383865003472
FinishedSize : 8749973.198249817
TETS
Total Read / Write : 105.92850683365468
CPU intensive
Task Time : 239058
CPU Time : 214400
========================================
Task Size >> {0=12885056}
Update attemptID:attempt_1453169138423_0022_m_000000_0
attempt_1453169138423_0022_m_000000_0:MAP:MAP:0.69002795
FILE_BYTES_READ : 3673903
HDFS_BYTES_READ : 8884129
FILE_BYTES_WRITTEN : 117214
HBW_BYTES_WRITTEN : 1597715
CPU/Time : 0.8987966231139183
Written/Time : 7.079608644498111
FinishedSize : 8891048.805587769
TETS
Total Read / Write : 107.13764567372498
CPU intensive
Task Time : 242235
CPU Time : 217720
========================================
Task Size >> {0=12885056}
Update attemptID:attempt_1453169138423_0022_m_000000_0
attempt_1453169138423_0022_m_000000_0:MAP:MAP:0.70079404
FILE_BYTES_READ : 3673903
HDFS_BYTES_READ : 9023040
FILE_BYTES_WRITTEN : 117214
HBW_BYTES_WRITTEN : 1618595
CPU/Time : 0.9006747726309613
Written/Time : 7.072925155654073
FinishedSize : 9029770.46477127
TETS
Total Read / Write : 108.32275154844984
CPU intensive
Task Time : 245416
CPU Time : 221040
========================================
Task Size >> {0=12885056}
Update attemptID:attempt_1453169138423_0022_m_000000_0
attempt_1453169138423_0022_m_000000_0:MAP:MAP:0.7118365
FILE_BYTES_READ : 3673903
HDFS_BYTES_READ : 9167114
FILE_BYTES_WRITTEN : 117214
HBW_BYTES_WRITTEN : 1643330
CPU/Time : 0.9026364272669494
Written/Time : 7.0820051972292175
FinishedSize : 9172053.382549286
TETS
Total Read / Write : 109.5519050625352
CPU intensive
Task Time : 248594
CPU Time : 224390
========================================
Task Size >> {0=12885056}
Update attemptID:attempt_1453169138423_0022_m_000000_0
attempt_1453169138423_0022_m_000000_0:MAP:MAP:0.72286713
FILE_BYTES_READ : 3673903
HDFS_BYTES_READ : 9307968
FILE_BYTES_WRITTEN : 117214
HBW_BYTES_WRITTEN : 1664567
CPU/Time : 0.9044944712760549
Written/Time : 7.076850057193696
FinishedSize : 9314183.466499329
TETS
Total Read / Write : 110.75358745542341
CPU intensive
Task Time : 251776
CPU Time : 227730
========================================
Task Size >> {0=12885056}
Update attemptID:attempt_1453169138423_0022_m_000000_0
attempt_1453169138423_0022_m_000000_0:MAP:MAP:0.7340326
FILE_BYTES_READ : 3673903
HDFS_BYTES_READ : 9451719
FILE_BYTES_WRITTEN : 117214
HBW_BYTES_WRITTEN : 1685398
CPU/Time : 0.906327465562145
Written/Time : 7.07039756503185
FinishedSize : 9458050.78722763
TETS
Total Read / Write : 111.97998532598496
CPU intensive
Task Time : 254952
CPU Time : 231070
========================================
Task Size >> {0=12885056}
Update attemptID:attempt_1453169138423_0022_m_000000_0
attempt_1453169138423_0022_m_000000_0:MAP:MAP:0.7452694
FILE_BYTES_READ : 3673903
HDFS_BYTES_READ : 9594192
FILE_BYTES_WRITTEN : 117214
HBW_BYTES_WRITTEN : 1703720
CPU/Time : 0.9080413904783304
Written/Time : 7.054411200688033
FinishedSize : 9602838.18296051
TETS
Total Read / Write : 113.19548006210862
CPU intensive
Task Time : 258127
CPU Time : 234390
========================================
Task Size >> {0=12885056}
Update attemptID:attempt_1453169138423_0022_m_000000_0
attempt_1453169138423_0022_m_000000_0:MAP:MAP:0.75613374
FILE_BYTES_READ : 3673903
HDFS_BYTES_READ : 9736760
FILE_BYTES_WRITTEN : 117214
HBW_BYTES_WRITTEN : 1722814
CPU/Time : 0.9097519345431723
Written/Time : 7.041767762971581
FinishedSize : 9742825.521282196
TETS
Total Read / Write : 114.41178528162165
CPU intensive
Task Time : 261302
CPU Time : 237720
========================================
Task Size >> {0=12885056}
Update attemptID:attempt_1453169138423_0022_m_000000_0
attempt_1453169138423_0022_m_000000_0:MAP:MAP:0.7672709
FILE_BYTES_READ : 3673903
HDFS_BYTES_READ : 9878310
FILE_BYTES_WRITTEN : 117214
HBW_BYTES_WRITTEN : 1742294
CPU/Time : 0.9114248551853477
Written/Time : 7.0309139581663365
FinishedSize : 9886328.805656433
TETS
Total Read / Write : 115.61940553176241
CPU intensive
Task Time : 264476
CPU Time : 241050
========================================
Task Size >> {0=12885056}
Update attemptID:attempt_1453169138423_0022_m_000000_0
attempt_1453169138423_0022_m_000000_0:MAP:MAP:0.77797914
FILE_BYTES_READ : 3673903
HDFS_BYTES_READ : 10017316
FILE_BYTES_WRITTEN : 117214
HBW_BYTES_WRITTEN : 1759330
CPU/Time : 0.9130615096637761
Written/Time : 7.0112124461514895
FinishedSize : 1.0024304727920532E7
TETS
Total Read / Write : 116.80532188987664
CPU intensive
Task Time : 267649
CPU Time : 244380
========================================
Task Size >> {0=12885056}
Update attemptID:attempt_1453169138423_0022_m_000000_0
attempt_1453169138423_0022_m_000000_0:MAP:MAP:0.7890213
FILE_BYTES_READ : 3673903
HDFS_BYTES_READ : 10158383
FILE_BYTES_WRITTEN : 117214
HBW_BYTES_WRITTEN : 1778032
CPU/Time : 0.914569079153851
Written/Time : 6.997995030037625
FinishedSize : 1.0166583805652618E7
TETS
Total Read / Write : 118.00882147183783
CPU intensive
Task Time : 270827
CPU Time : 247690
========================================
Task Size >> {0=12885056}
Update attemptID:attempt_1453169138423_0022_m_000000_0
attempt_1453169138423_0022_m_000000_0:MAP:MAP:0.7997139
FILE_BYTES_READ : 3673903
HDFS_BYTES_READ : 10296835
FILE_BYTES_WRITTEN : 117214
HBW_BYTES_WRITTEN : 1797490
CPU/Time : 0.9161344476478961
Written/Time : 6.987715776796468
FinishedSize : 1.030435850951004E7
TETS
Total Read / Write : 119.19001143208149
CPU intensive
Task Time : 274010
CPU Time : 251030
========================================
Task Size >> {0=12885056}
Update attemptID:attempt_1453169138423_0022_m_000000_0
attempt_1453169138423_0022_m_000000_0:MAP:MAP:0.8107738
FILE_BYTES_READ : 3673903
HDFS_BYTES_READ : 10439979
FILE_BYTES_WRITTEN : 117214
HBW_BYTES_WRITTEN : 1816948
CPU/Time : 0.9176443424679279
Written/Time : 6.977798461693869
FinishedSize : 1.0446865685970306E7
TETS
Total Read / Write : 120.41123074035525
CPU intensive
Task Time : 277188
CPU Time : 254360
========================================
Task Size >> {0=12885056}
Update attemptID:attempt_1453169138423_0022_m_000000_0
attempt_1453169138423_0022_m_000000_0:MAP:MAP:0.82158196
FILE_BYTES_READ : 3673903
HDFS_BYTES_READ : 10578610
FILE_BYTES_WRITTEN : 117214
HBW_BYTES_WRITTEN : 1835272
CPU/Time : 0.9191815072279745
Written/Time : 6.963986746038256
FinishedSize : 1.0586129559638977E7
TETS
Total Read / Write : 121.59394782193253
CPU intensive
Task Time : 280369
CPU Time : 257710
========================================
Task Size >> {0=12885056}
Update attemptID:attempt_1453169138423_0022_m_000000_0
attempt_1453169138423_0022_m_000000_0:MAP:MAP:0.8326991
FILE_BYTES_READ : 3673903
HDFS_BYTES_READ : 10723283
FILE_BYTES_WRITTEN : 117214
HBW_BYTES_WRITTEN : 1856640
CPU/Time : 0.920572333454421
Written/Time : 6.961441202506869
FinishedSize : 1.0729374792926788E7
TETS
Total Read / Write : 122.82821164707288
CPU intensive
Task Time : 283541
CPU Time : 261020
========================================
Task Size >> {0=12885056}
Update attemptID:attempt_1453169138423_0022_m_000000_0
attempt_1453169138423_0022_m_000000_0:MAP:MAP:0.8432578
FILE_BYTES_READ : 3673903
HDFS_BYTES_READ : 10858803
FILE_BYTES_WRITTEN : 117214
HBW_BYTES_WRITTEN : 1871477
CPU/Time : 0.9219732005217598
Written/Time : 6.93595538535585
FinishedSize : 1.0865423780143738E7
TETS
Total Read / Write : 123.98438753049977
CPU intensive
Task Time : 286722
CPU Time : 264350
========================================
Task Size >> {0=12885056}
Update attemptID:attempt_1453169138423_0022_m_000000_0
attempt_1453169138423_0022_m_000000_0:MAP:MAP:0.8540672
FILE_BYTES_READ : 3673903
HDFS_BYTES_READ : 10995905
FILE_BYTES_WRITTEN : 117214
HBW_BYTES_WRITTEN : 1887189
CPU/Time : 0.9233587091121697
Written/Time : 6.913904018157422
FinishedSize : 1.100470378200531E7
TETS
Total Read / Write : 125.15406009521047
CPU intensive
Task Time : 289909
CPU Time : 267690
========================================
Task Size >> {0=12885056}
Update attemptID:attempt_1453169138423_0022_m_000000_0
attempt_1453169138423_0022_m_000000_0:MAP:MAP:0.8647107
FILE_BYTES_READ : 3673903
HDFS_BYTES_READ : 11134803
FILE_BYTES_WRITTEN : 117214
HBW_BYTES_WRITTEN : 1904629
CPU/Time : 0.9247324301179457
Written/Time : 6.898110207744089
FinishedSize : 1.114184564629364E7
TETS
Total Read / Write : 126.33905506168205
CPU intensive
Task Time : 293101
CPU Time : 271040
========================================
Task Size >> {0=12885056}
Update attemptID:attempt_1453169138423_0022_m_000000_0
attempt_1453169138423_0022_m_000000_0:MAP:MAP:0.8755332
FILE_BYTES_READ : 3673903
HDFS_BYTES_READ : 11280070
FILE_BYTES_WRITTEN : 117214
HBW_BYTES_WRITTEN : 1925161
CPU/Time : 0.9260309295748027
Written/Time : 6.893255165617005
FinishedSize : 1.1281294610176086E7
TETS
Total Read / Write : 127.5783865408569
CPU intensive
Task Time : 296286
CPU Time : 274370
========================================
Task Size >> {0=12885056}
Update attemptID:attempt_1453169138423_0022_m_000000_0
attempt_1453169138423_0022_m_000000_0:MAP:MAP:0.8863958
FILE_BYTES_READ : 3673903
HDFS_BYTES_READ : 11413165
FILE_BYTES_WRITTEN : 117214
HBW_BYTES_WRITTEN : 1943011
CPU/Time : 0.9273524393379345
Written/Time : 6.879180064577094
FinishedSize : 1.1421259676231384E7
TETS
Total Read / Write : 128.71387376934496
CPU intensive
Task Time : 299487
CPU Time : 277730
========================================
Task Size >> {0=12885056}
Update attemptID:attempt_1453169138423_0022_m_000000_0
attempt_1453169138423_0022_m_000000_0:MAP:MAP:0.8971904
FILE_BYTES_READ : 3673903
HDFS_BYTES_READ : 11552003
FILE_BYTES_WRITTEN : 117214
HBW_BYTES_WRITTEN : 1959273
CPU/Time : 0.9286851720925315
Written/Time : 6.860201661127373
FinishedSize : 1.1560348443805695E7
TETS
Total Read / Write : 129.89835685157064
CPU intensive
Task Time : 302686
CPU Time : 281100
========================================
Task Size >> {0=12885056}
Update attemptID:attempt_1453169138423_0022_m_000000_0
attempt_1453169138423_0022_m_000000_0:MAP:MAP:0.9077231
FILE_BYTES_READ : 3673903
HDFS_BYTES_READ : 11693938
FILE_BYTES_WRITTEN : 117214
HBW_BYTES_WRITTEN : 1973813
CPU/Time : 0.9299725382502942
Written/Time : 6.836102393095332
FinishedSize : 1.1696063347026825E7
TETS
Total Read / Write : 131.10926169228932
CPU intensive
Task Time : 305880
CPU Time : 284460
========================================
Task Size >> {0=12885056}
Update attemptID:attempt_1453169138423_0022_m_000000_0
attempt_1453169138423_0022_m_000000_0:MAP:MAP:0.91857374
FILE_BYTES_READ : 3673903
HDFS_BYTES_READ : 11829124
FILE_BYTES_WRITTEN : 117214
HBW_BYTES_WRITTEN : 1991199
CPU/Time : 0.9312505864196532
Written/Time : 6.821599008667687
FinishedSize : 1.1835874043235779E7
TETS
Total Read / Write : 132.26258808674731
CPU intensive
Task Time : 309079
CPU Time : 287830
========================================
Task Size >> {0=12885056}
Update attemptID:attempt_1453169138423_0022_m_000000_0
attempt_1453169138423_0022_m_000000_0:MAP:MAP:0.9293761
FILE_BYTES_READ : 3673903
HDFS_BYTES_READ : 11967590
FILE_BYTES_WRITTEN : 117214
HBW_BYTES_WRITTEN : 2007991
CPU/Time : 0.9324204890420259
Written/Time : 6.805359864738508
FinishedSize : 1.1975063420013428E7
TETS
Total Read / Write : 133.44389748664835
CPU intensive
Task Time : 312284
CPU Time : 291180
========================================
Task Size >> {0=12885056}
Update attemptID:attempt_1453169138423_0022_m_000000_0
attempt_1453169138423_0022_m_000000_0:MAP:MAP:0.9403365
FILE_BYTES_READ : 3673903
HDFS_BYTES_READ : 12109848
FILE_BYTES_WRITTEN : 117214
HBW_BYTES_WRITTEN : 2025181
CPU/Time : 0.9336359342857233
Written/Time : 6.790755245065565
FinishedSize : 1.2116288789142609E7
TETS
Total Read / Write : 134.65755797089085
CPU intensive
Task Time : 315487
CPU Time : 294550
========================================
Task Size >> {0=12885056}
Update attemptID:attempt_1453169138423_0022_m_000000_0
attempt_1453169138423_0022_m_000000_0:MAP:MAP:0.95119226
FILE_BYTES_READ : 3673903
HDFS_BYTES_READ : 12248673
FILE_BYTES_WRITTEN : 117214
HBW_BYTES_WRITTEN : 2044261
CPU/Time : 0.9348298811694159
Written/Time : 6.782396003627361
FinishedSize : 1.225616553414154E7
TETS
Total Read / Write : 135.84193014486326
CPU intensive
Task Time : 318689
CPU Time : 297920
========================================
Task Size >> {0=12885056}
Update attemptID:attempt_1453169138423_0022_m_000000_0
attempt_1453169138423_0022_m_000000_0:MAP:MAP:0.9623193
FILE_BYTES_READ : 3673903
HDFS_BYTES_READ : 12391548
FILE_BYTES_WRITTEN : 117214
HBW_BYTES_WRITTEN : 2064475
CPU/Time : 0.9360661797826108
Written/Time : 6.777304907256974
FinishedSize : 1.2399538256954193E7
TETS
Total Read / Write : 137.0608545054345
CPU intensive
Task Time : 321911
CPU Time : 301330
========================================
Task Size >> {0=12885056}
Update attemptID:attempt_1453169138423_0022_m_000000_0
attempt_1453169138423_0022_m_000000_0:MAP:MAP:0.9736886
FILE_BYTES_READ : 3673903
HDFS_BYTES_READ : 12537274
FILE_BYTES_WRITTEN : 117214
HBW_BYTES_WRITTEN : 2086619
CPU/Time : 0.937187606694329
Written/Time : 6.778709425396249
FinishedSize : 1.25460321690979E7
TETS
Total Read / Write : 138.30410189909054
CPU intensive
Task Time : 325111
CPU Time : 304690
========================================
Task Size >> {0=12885056}
Update attemptID:attempt_1453169138423_0022_m_000000_0
attempt_1453169138423_0022_m_000000_0:MAP:MAP:0.9847447
FILE_BYTES_READ : 3673903
HDFS_BYTES_READ : 12680876
FILE_BYTES_WRITTEN : 117214
HBW_BYTES_WRITTEN : 2107231
CPU/Time : 0.9383404145156623
Written/Time : 6.774925000380708
FinishedSize : 1.2688490960979462E7
TETS
Total Read / Write : 139.52922859044142
CPU intensive
Task Time : 328335
CPU Time : 308090
========================================
Task Size >> {0=12885056}
Update attemptID:attempt_1453169138423_0022_m_000000_0
attempt_1453169138423_0022_m_000000_0:MAP:MAP:0.9958854
FILE_BYTES_READ : 3673903
HDFS_BYTES_READ : 12825251
FILE_BYTES_WRITTEN : 117214
HBW_BYTES_WRITTEN : 2128977
CPU/Time : 0.9394408298569951
Written/Time : 6.775288287228491
FinishedSize : 1.2832038789886475E7
TETS
Total Read / Write : 140.76095005716041
CPU intensive
Task Time : 331527
CPU Time : 311450
========================================
Task Size >> {0=12885056}
Update attemptID:attempt_1453169138423_0022_m_000000_0
attempt_1453169138423_0022_m_000000_0:MAP:SORT:0.9958854
FILE_BYTES_READ : 3673903
HDFS_BYTES_READ : 12825251
FILE_BYTES_WRITTEN : 117214
HBW_BYTES_WRITTEN : 2128977
CPU/Time : 0.9360301741626219
Written/Time : 6.750690489428524
FinishedSize : 1.2832038789886475E7
TETS
Total Read / Write : 140.76095005716041
CPU intensive
Task Time : 332735
CPU Time : 311450
========================================
