Now Use estimatorClass : org.apache.hadoop.mapreduce.v2.app.speculate.LegacyTaskRuntimeEstimator_Fixed
serviceStart
Task Size >> {0=15337496}
Update attemptID:attempt_1453208336177_0003_m_000000_0
attempt_1453208336177_0003_m_000000_0:MAP:MAP:0.02714114
FILE_BYTES_READ : 0
HDFS_BYTES_READ : 607189
FILE_BYTES_WRITTEN : 118275
HBW_BYTES_WRITTEN : 0
CPU/Time : 0.293358290841025
Written/Time : 3.817046408055251
FinishedSize : 416277.13805501163
TETS
Total Read / Write : 5.133705347706616
CPU intensive
Task Time : 30986
CPU Time : 9090
========================================
Task Size >> {0=15337496}
Update attemptID:attempt_1453208336177_0003_m_000000_0
attempt_1453208336177_0003_m_000000_0:MAP:MAP:0.04223907
FILE_BYTES_READ : 0
HDFS_BYTES_READ : 954477
FILE_BYTES_WRITTEN : 118275
HBW_BYTES_WRITTEN : 0
CPU/Time : 0.36835483776587963
Written/Time : 3.4604581760730273
FinishedSize : 647841.5662279129
TETS
Total Read / Write : 8.06998097653773
CPU intensive
Task Time : 34179
CPU Time : 12590
========================================
Task Size >> {0=15337496}
Update attemptID:attempt_1453208336177_0003_m_000000_0
attempt_1453208336177_0003_m_000000_0:MAP:MAP:0.056388773
FILE_BYTES_READ : 0
HDFS_BYTES_READ : 1283304
FILE_BYTES_WRITTEN : 118275
HBW_BYTES_WRITTEN : 0
CPU/Time : 0.42563443623514297
Written/Time : 3.1661580469000965
FinishedSize : 864862.5807017684
TETS
Total Read / Write : 10.850171211160431
CPU intensive
Task Time : 37356
CPU Time : 15900
========================================
Task Size >> {0=15337496}
Update attemptID:attempt_1453208336177_0003_m_000000_0
attempt_1453208336177_0003_m_000000_0:MAP:MAP:0.07106308
FILE_BYTES_READ : 0
HDFS_BYTES_READ : 1617948
FILE_BYTES_WRITTEN : 118275
HBW_BYTES_WRITTEN : 0
CPU/Time : 0.47471085793198686
Written/Time : 2.9166974920470516
FinishedSize : 1089929.688988626
TETS
Total Read / Write : 13.679543436905517
CPU intensive
Task Time : 40551
CPU Time : 19250
========================================
Task Size >> {0=15337496}
Update attemptID:attempt_1453208336177_0003_m_000000_0
attempt_1453208336177_0003_m_000000_0:MAP:MAP:0.085491545
FILE_BYTES_READ : 0
HDFS_BYTES_READ : 1952586
FILE_BYTES_WRITTEN : 118275
HBW_BYTES_WRITTEN : 0
CPU/Time : 0.5157232704402516
Written/Time : 2.704974271012007
FinishedSize : 1311226.2371150851
TETS
Total Read / Write : 16.508864933417883
CPU intensive
Task Time : 43725
CPU Time : 22550
========================================
Task Size >> {0=15337496}
Update attemptID:attempt_1453208336177_0003_m_000000_0
attempt_1453208336177_0003_m_000000_0:MAP:MAP:0.100126974
FILE_BYTES_READ : 0
HDFS_BYTES_READ : 2288432
FILE_BYTES_WRITTEN : 118275
HBW_BYTES_WRITTEN : 0
CPU/Time : 0.5519432067708444
Written/Time : 2.521478670560897
FinishedSize : 1535697.0675829053
TETS
Total Read / Write : 19.348399915451278
CPU intensive
Task Time : 46907
CPU Time : 25890
========================================
Task Size >> {0=15337496}
Update attemptID:attempt_1453208336177_0003_m_000000_0
attempt_1453208336177_0003_m_000000_0:MAP:MAP:0.11485612
FILE_BYTES_READ : 0
HDFS_BYTES_READ : 2627284
FILE_BYTES_WRITTEN : 118275
HBW_BYTES_WRITTEN : 0
CPU/Time : 0.5831503294070672
Written/Time : 2.3612497504491916
FinishedSize : 1761605.226990521
TETS
Total Read / Write : 22.213350243077574
CPU intensive
Task Time : 50090
CPU Time : 29210
========================================
Task Size >> {0=15337496}
Update attemptID:attempt_1453208336177_0003_m_000000_0
attempt_1453208336177_0003_m_000000_0:MAP:MAP:0.12925757
FILE_BYTES_READ : 0
HDFS_BYTES_READ : 2957372
FILE_BYTES_WRITTEN : 118275
HBW_BYTES_WRITTEN : 0
CPU/Time : 0.6103215874744213
Written/Time : 2.2204178947566033
FinishedSize : 1982487.5345853567
TETS
Total Read / Write : 25.004202071443668
CPU intensive
Task Time : 53267
CPU Time : 32510
========================================
Task Size >> {0=15337496}
Update attemptID:attempt_1453208336177_0003_m_000000_0
attempt_1453208336177_0003_m_000000_0:MAP:MAP:0.1439144
FILE_BYTES_READ : 0
HDFS_BYTES_READ : 3295628
FILE_BYTES_WRITTEN : 118275
HBW_BYTES_WRITTEN : 0
CPU/Time : 0.6347349954813672
Written/Time : 2.0958481739407793
FinishedSize : 2207286.5578274727
TETS
Total Read / Write : 27.86411329528641
CPU intensive
Task Time : 56433
CPU Time : 35820
========================================
Task Size >> {0=15337496}
Update attemptID:attempt_1453208336177_0003_m_000000_0
attempt_1453208336177_0003_m_000000_0:MAP:MAP:0.15861546
FILE_BYTES_READ : 0
HDFS_BYTES_READ : 3632076
FILE_BYTES_WRITTEN : 118275
HBW_BYTES_WRITTEN : 0
CPU/Time : 0.6564114607797088
Written/Time : 1.9840803864993626
FinishedSize : 2432763.9070822
TETS
Total Read / Write : 30.708738110336082
CPU intensive
Task Time : 59612
CPU Time : 39130
========================================
Task Size >> {0=15337496}
Update attemptID:attempt_1453208336177_0003_m_000000_0
attempt_1453208336177_0003_m_000000_0:MAP:MAP:0.17337008
FILE_BYTES_READ : 0
HDFS_BYTES_READ : 3972999
FILE_BYTES_WRITTEN : 118275
HBW_BYTES_WRITTEN : 0
CPU/Time : 0.6756606087635187
Written/Time : 1.8838698373763598
FinishedSize : 2659062.881005168
TETS
Total Read / Write : 33.59119847812302
CPU intensive
Task Time : 62783
CPU Time : 42420
========================================
Task Size >> {0=15337496}
Update attemptID:attempt_1453208336177_0003_m_000000_0
attempt_1453208336177_0003_m_000000_0:MAP:MAP:0.1881428
FILE_BYTES_READ : 0
HDFS_BYTES_READ : 4314673
FILE_BYTES_WRITTEN : 118275
HBW_BYTES_WRITTEN : 0
CPU/Time : 0.6933454600576019
Written/Time : 1.7928603910868577
FinishedSize : 2885639.538925886
TETS
Total Read / Write : 36.48000845487212
CPU intensive
Task Time : 65970
CPU Time : 45740
========================================
Task Size >> {0=15337496}
Update attemptID:attempt_1453208336177_0003_m_000000_0
attempt_1453208336177_0003_m_000000_0:MAP:MAP:0.20271878
FILE_BYTES_READ : 0
HDFS_BYTES_READ : 4647369
FILE_BYTES_WRITTEN : 118275
HBW_BYTES_WRITTEN : 0
CPU/Time : 0.7093182968264296
Written/Time : 1.7100412058121883
FinishedSize : 3109198.4688578844
TETS
Total Read / Write : 39.29291058972733
CPU intensive
Task Time : 69165
CPU Time : 49060
========================================
Task Size >> {0=15337496}
Update attemptID:attempt_1453208336177_0003_m_000000_0
attempt_1453208336177_0003_m_000000_0:MAP:MAP:0.21742141
FILE_BYTES_READ : 0
HDFS_BYTES_READ : 4982417
FILE_BYTES_WRITTEN : 118275
HBW_BYTES_WRITTEN : 0
CPU/Time : 0.7247057523346411
Written/Time : 1.6339034094048737
FinishedSize : 3334700.0440416336
TETS
Total Read / Write : 42.12569858380892
CPU intensive
Task Time : 72388
CPU Time : 52460
========================================
Task Size >> {0=15337496}
Update attemptID:attempt_1453208336177_0003_m_000000_0
attempt_1453208336177_0003_m_000000_0:MAP:MAP:0.23236623
FILE_BYTES_READ : 0
HDFS_BYTES_READ : 5325140
FILE_BYTES_WRITTEN : 118275
HBW_BYTES_WRITTEN : 0
CPU/Time : 0.7387520829476023
Written/Time : 1.5641944613431376
FinishedSize : 3563916.185493231
TETS
Total Read / Write : 45.02337772141196
CPU intensive
Task Time : 75614
CPU Time : 55860
========================================
Task Size >> {0=15337496}
Update attemptID:attempt_1453208336177_0003_m_000000_0
attempt_1453208336177_0003_m_000000_0:MAP:MAP:0.247158
FILE_BYTES_READ : 0
HDFS_BYTES_READ : 5668924
FILE_BYTES_WRITTEN : 118275
HBW_BYTES_WRITTEN : 0
CPU/Time : 0.7508753234891156
Written/Time : 1.5004186329730553
FinishedSize : 3790784.9258412123
TETS
Total Read / Write : 47.93002747833439
CPU intensive
Task Time : 78828
CPU Time : 59190
========================================
Task Size >> {0=15337496}
Update attemptID:attempt_1453208336177_0003_m_000000_0
attempt_1453208336177_0003_m_000000_0:MAP:MAP:0.26210344
FILE_BYTES_READ : 0
HDFS_BYTES_READ : 6011230
FILE_BYTES_WRITTEN : 118275
HBW_BYTES_WRITTEN : 0
CPU/Time : 0.7624597678728177
Written/Time : 1.4419560128742808
FinishedSize : 4020010.437699318
TETS
Total Read / Write : 50.82418093426337
CPU intensive
Task Time : 82024
CPU Time : 62540
========================================
Task Size >> {0=15337496}
Update attemptID:attempt_1453208336177_0003_m_000000_0
attempt_1453208336177_0003_m_000000_0:MAP:MAP:0.27673185
FILE_BYTES_READ : 0
HDFS_BYTES_READ : 6351289
FILE_BYTES_WRITTEN : 118275
HBW_BYTES_WRITTEN : 0
CPU/Time : 0.7726258950581054
Written/Time : 1.3883671792463905
FinishedSize : 4244373.622765541
TETS
Total Read / Write : 53.699336292538575
CPU intensive
Task Time : 85190
CPU Time : 65820
========================================
Task Size >> {0=15337496}
Update attemptID:attempt_1453208336177_0003_m_000000_0
attempt_1453208336177_0003_m_000000_0:MAP:MAP:0.29134426
FILE_BYTES_READ : 0
HDFS_BYTES_READ : 6685730
FILE_BYTES_WRITTEN : 118275
HBW_BYTES_WRITTEN : 0
CPU/Time : 0.7818105682499802
Written/Time : 1.3385733202050725
FinishedSize : 4468491.348890543
TETS
Total Read / Write : 56.52699217924329
CPU intensive
Task Time : 88359
CPU Time : 69080
========================================
Task Size >> {0=15337496}
Update attemptID:attempt_1453208336177_0003_m_000000_0
attempt_1453208336177_0003_m_000000_0:MAP:MAP:0.30608097
FILE_BYTES_READ : 0
HDFS_BYTES_READ : 7022363
FILE_BYTES_WRITTEN : 118275
HBW_BYTES_WRITTEN : 0
CPU/Time : 0.7908536718596368
Written/Time : 1.2921428103218475
FinishedSize : 4694515.609920263
TETS
Total Read / Write : 59.37318114563517
CPU intensive
Task Time : 91534
CPU Time : 72390
========================================
Task Size >> {0=15337496}
Update attemptID:attempt_1453208336177_0003_m_000000_0
attempt_1453208336177_0003_m_000000_0:MAP:MAP:0.3208257
FILE_BYTES_READ : 0
HDFS_BYTES_READ : 7361786
FILE_BYTES_WRITTEN : 118275
HBW_BYTES_WRITTEN : 0
CPU/Time : 0.7991130352146139
Written/Time : 1.2488780951375322
FinishedSize : 4920662.828967094
TETS
Total Read / Write : 62.24295920524202
CPU intensive
Task Time : 94705
CPU Time : 75680
========================================
Task Size >> {0=15337496}
Update attemptID:attempt_1453208336177_0003_m_000000_0
attempt_1453208336177_0003_m_000000_0:MAP:MAP:0.3362764
FILE_BYTES_READ : 0
HDFS_BYTES_READ : 7699209
FILE_BYTES_WRITTEN : 118275
HBW_BYTES_WRITTEN : 0
CPU/Time : 0.8073184910201625
Written/Time : 1.2062354033022957
FinishedSize : 5157638.124100685
TETS
Total Read / Write : 65.09582752060875
CPU intensive
Task Time : 98053
CPU Time : 79160
========================================
Task Size >> {0=15337496}
Update attemptID:attempt_1453208336177_0003_m_000000_0
attempt_1453208336177_0003_m_000000_0:MAP:MAP:0.35104144
FILE_BYTES_READ : 0
HDFS_BYTES_READ : 8057418
FILE_BYTES_WRITTEN : 118275
HBW_BYTES_WRITTEN : 0
CPU/Time : 0.8144738271873241
Written/Time : 1.1683673973387598
FinishedSize : 5384096.623480797
TETS
Total Read / Write : 68.12443880786303
CPU intensive
Task Time : 101231
CPU Time : 82450
========================================
Task Size >> {0=15337496}
Update attemptID:attempt_1453208336177_0003_m_000000_0
attempt_1453208336177_0003_m_000000_0:MAP:MAP:0.36571118
FILE_BYTES_READ : 0
HDFS_BYTES_READ : 8396085
FILE_BYTES_WRITTEN : 118275
HBW_BYTES_WRITTEN : 0
CPU/Time : 0.8212565013745079
Written/Time : 1.1328914473999292
FinishedSize : 5609093.796538591
TETS
Total Read / Write : 70.98782498414711
CPU intensive
Task Time : 104401
CPU Time : 85740
========================================
Task Size >> {0=15337496}
Update attemptID:attempt_1453208336177_0003_m_000000_0
attempt_1453208336177_0003_m_000000_0:MAP:MAP:0.38036028
FILE_BYTES_READ : 0
HDFS_BYTES_READ : 8734640
FILE_BYTES_WRITTEN : 118275
HBW_BYTES_WRITTEN : 0
CPU/Time : 0.8277323814039099
Written/Time : 1.0995063725353487
FinishedSize : 5833774.2041471
TETS
Total Read / Write : 73.85026421475375
CPU intensive
Task Time : 107571
CPU Time : 89040
========================================
Task Size >> {0=15337496}
Update attemptID:attempt_1453208336177_0003_m_000000_0
attempt_1453208336177_0003_m_000000_0:MAP:MAP:0.3949255
FILE_BYTES_READ : 0
HDFS_BYTES_READ : 9067551
FILE_BYTES_WRITTEN : 118275
HBW_BYTES_WRITTEN : 0
CPU/Time : 0.833762223365929
Written/Time : 1.0679361811631498
FinishedSize : 6057168.35205245
TETS
Total Read / Write : 76.66498414711478
CPU intensive
Task Time : 110751
CPU Time : 92340
========================================
Task Size >> {0=15337496}
Update attemptID:attempt_1453208336177_0003_m_000000_0
attempt_1453208336177_0003_m_000000_0:MAP:MAP:0.40953794
FILE_BYTES_READ : 0
HDFS_BYTES_READ : 9401887
FILE_BYTES_WRITTEN : 118275
HBW_BYTES_WRITTEN : 0
CPU/Time : 0.8395948175976967
Written/Time : 1.0381921280853903
FinishedSize : 6281286.5352704525
TETS
Total Read / Write : 79.49175227224688
CPU intensive
Task Time : 113924
CPU Time : 95650
========================================
Task Size >> {0=15337496}
Update attemptID:attempt_1453208336177_0003_m_000000_0
attempt_1453208336177_0003_m_000000_0:MAP:MAP:0.4242636
FILE_BYTES_READ : 0
HDFS_BYTES_READ : 9739155
FILE_BYTES_WRITTEN : 118275
HBW_BYTES_WRITTEN : 0
CPU/Time : 0.8451534119535793
Written/Time : 1.0100082833061492
FinishedSize : 6507141.21479702
TETS
Total Read / Write : 82.343310082435
CPU intensive
Task Time : 117103
CPU Time : 98970
========================================
Task Size >> {0=15337496}
Update attemptID:attempt_1453208336177_0003_m_000000_0
attempt_1453208336177_0003_m_000000_0:MAP:MAP:0.43867132
FILE_BYTES_READ : 0
HDFS_BYTES_READ : 10072638
FILE_BYTES_WRITTEN : 118275
HBW_BYTES_WRITTEN : 0
CPU/Time : 0.850274805225041
Written/Time : 0.9834368530020704
FinishedSize : 6728119.626195192
TETS
Total Read / Write : 85.1628662016487
CPU intensive
Task Time : 120267
CPU Time : 102260
========================================
Task Size >> {0=15337496}
Update attemptID:attempt_1453208336177_0003_m_000000_0
attempt_1453208336177_0003_m_000000_0:MAP:MAP:0.45253038
FILE_BYTES_READ : 0
HDFS_BYTES_READ : 10392268
FILE_BYTES_WRITTEN : 118275
HBW_BYTES_WRITTEN : 0
CPU/Time : 0.8552519663990797
Written/Time : 0.9580879553499826
FinishedSize : 6940682.95545578
TETS
Total Read / Write : 87.86529697738322
CPU intensive
Task Time : 123449
CPU Time : 105580
========================================
Task Size >> {0=15337496}
Update attemptID:attempt_1453208336177_0003_m_000000_0
attempt_1453208336177_0003_m_000000_0:MAP:MAP:0.46708664
FILE_BYTES_READ : 0
HDFS_BYTES_READ : 10727910
FILE_BYTES_WRITTEN : 118275
HBW_BYTES_WRITTEN : 0
CPU/Time : 0.8597717490028828
Written/Time : 0.934131027129487
FinishedSize : 7163939.518368006
TETS
Total Read / Write : 90.70310716550412
CPU intensive
Task Time : 126615
CPU Time : 108860
========================================
Task Size >> {0=15337496}
Update attemptID:attempt_1453208336177_0003_m_000000_0
attempt_1453208336177_0003_m_000000_0:MAP:MAP:0.48188767
FILE_BYTES_READ : 0
HDFS_BYTES_READ : 11067058
FILE_BYTES_WRITTEN : 118275
HBW_BYTES_WRITTEN : 0
CPU/Time : 0.8644742822367559
Written/Time : 0.9111183009405838
FinishedSize : 7390950.186092615
TETS
Total Read / Write : 93.57056013527796
CPU intensive
Task Time : 129813
CPU Time : 112220
========================================
Task Size >> {0=15337496}
Update attemptID:attempt_1453208336177_0003_m_000000_0
attempt_1453208336177_0003_m_000000_0:MAP:MAP:0.49604076
FILE_BYTES_READ : 0
HDFS_BYTES_READ : 11391305
FILE_BYTES_WRITTEN : 118275
HBW_BYTES_WRITTEN : 0
CPU/Time : 0.868914814926181
Written/Time : 0.8890985356466308
FinishedSize : 7608023.1948952675
TETS
Total Read / Write : 96.31202705559079
CPU intensive
Task Time : 133028
CPU Time : 115590
========================================
Task Size >> {0=15337496}
Update attemptID:attempt_1453208336177_0003_m_000000_0
attempt_1453208336177_0003_m_000000_0:MAP:MAP:0.51070243
FILE_BYTES_READ : 0
HDFS_BYTES_READ : 11731930
FILE_BYTES_WRITTEN : 118275
HBW_BYTES_WRITTEN : 0
CPU/Time : 0.8729838265631997
Written/Time : 0.8683219416934022
FinishedSize : 7832896.49574995
TETS
Total Read / Write : 99.19196787148594
CPU intensive
Task Time : 136211
CPU Time : 118910
========================================
Task Size >> {0=15337496}
Update attemptID:attempt_1453208336177_0003_m_000000_0
attempt_1453208336177_0003_m_000000_0:MAP:MAP:0.52522933
FILE_BYTES_READ : 0
HDFS_BYTES_READ : 12064637
FILE_BYTES_WRITTEN : 118275
HBW_BYTES_WRITTEN : 0
CPU/Time : 0.8768682150519118
Written/Time : 0.8486342208924381
FinishedSize : 8055702.82205677
TETS
Total Read / Write : 102.00496300993447
CPU intensive
Task Time : 139371
CPU Time : 122210
========================================
Task Size >> {0=15337496}
Update attemptID:attempt_1453208336177_0003_m_000000_0
attempt_1453208336177_0003_m_000000_0:MAP:MAP:0.54025507
FILE_BYTES_READ : 0
HDFS_BYTES_READ : 12408073
FILE_BYTES_WRITTEN : 118275
HBW_BYTES_WRITTEN : 0
CPU/Time : 0.8805516776922699
Written/Time : 0.8297263358751851
FinishedSize : 8286159.971004486
TETS
Total Read / Write : 104.90867047135912
CPU intensive
Task Time : 142547
CPU Time : 125520
========================================
Task Size >> {0=15337496}
Update attemptID:attempt_1453208336177_0003_m_000000_0
attempt_1453208336177_0003_m_000000_0:MAP:MAP:0.555178
FILE_BYTES_READ : 0
HDFS_BYTES_READ : 12749938
FILE_BYTES_WRITTEN : 118275
HBW_BYTES_WRITTEN : 0
CPU/Time : 0.8840563797812333
Written/Time : 0.8116259281116616
FinishedSize : 8515040.14910078
TETS
Total Read / Write : 107.79909532868315
CPU intensive
Task Time : 145726
CPU Time : 128830
========================================
Task Size >> {0=15337496}
Update attemptID:attempt_1453208336177_0003_m_000000_0
attempt_1453208336177_0003_m_000000_0:MAP:MAP:0.5699811
FILE_BYTES_READ : 0
HDFS_BYTES_READ : 13092186
FILE_BYTES_WRITTEN : 118275
HBW_BYTES_WRITTEN : 0
CPU/Time : 0.8874829575601271
Written/Time : 0.7943623944711974
FinishedSize : 8742082.813335419
TETS
Total Read / Write : 110.69275840202917
CPU intensive
Task Time : 148893
CPU Time : 132140
========================================
Task Size >> {0=15337496}
Update attemptID:attempt_1453208336177_0003_m_000000_0
attempt_1453208336177_0003_m_000000_0:MAP:MAP:0.5847333
FILE_BYTES_READ : 0
HDFS_BYTES_READ : 13432560
FILE_BYTES_WRITTEN : 118275
HBW_BYTES_WRITTEN : 0
CPU/Time : 0.8906776094276094
Written/Time : 0.7777975063131313
FinishedSize : 8968344.762725353
TETS
Total Read / Write : 113.57057704502219
CPU intensive
Task Time : 152064
CPU Time : 135440
========================================
Task Size >> {0=15337496}
Update attemptID:attempt_1453208336177_0003_m_000000_0
attempt_1453208336177_0003_m_000000_0:MAP:MAP:0.5994676
FILE_BYTES_READ : 0
HDFS_BYTES_READ : 13768793
FILE_BYTES_WRITTEN : 118275
HBW_BYTES_WRITTEN : 0
CPU/Time : 0.893696780759272
Written/Time : 0.7618161206796604
FinishedSize : 9194331.54212904
TETS
Total Read / Write : 116.41338406256605
CPU intensive
Task Time : 155254
CPU Time : 138750
========================================
Task Size >> {0=15337496}
Update attemptID:attempt_1453208336177_0003_m_000000_0
attempt_1453208336177_0003_m_000000_0:MAP:MAP:0.6143035
FILE_BYTES_READ : 0
HDFS_BYTES_READ : 14109818
FILE_BYTES_WRITTEN : 118275
HBW_BYTES_WRITTEN : 0
CPU/Time : 0.8966444478109378
Written/Time : 0.7465724890168156
FinishedSize : 9421877.922850132
TETS
Total Read / Write : 119.29670682730924
CPU intensive
Task Time : 158424
CPU Time : 142050
========================================
Task Size >> {0=15337496}
Update attemptID:attempt_1453208336177_0003_m_000000_0
attempt_1453208336177_0003_m_000000_0:MAP:MAP:0.6290185
FILE_BYTES_READ : 0
HDFS_BYTES_READ : 14450156
FILE_BYTES_WRITTEN : 118275
HBW_BYTES_WRITTEN : 0
CPU/Time : 0.8994368463395012
Written/Time : 0.7319450461043382
FinishedSize : 9647568.505989552
TETS
Total Read / Write : 122.17422109490595
CPU intensive
Task Time : 161590
CPU Time : 145340
========================================
Task Size >> {0=15337496}
Update attemptID:attempt_1453208336177_0003_m_000000_0
attempt_1453208336177_0003_m_000000_0:MAP:MAP:0.642868
FILE_BYTES_READ : 0
HDFS_BYTES_READ : 14769273
FILE_BYTES_WRITTEN : 118275
HBW_BYTES_WRITTEN : 0
CPU/Time : 0.9021826215737211
Written/Time : 0.7178797737259948
FinishedSize : 9859985.108397007
TETS
Total Read / Write : 124.87231452124287
CPU intensive
Task Time : 164756
CPU Time : 148640
========================================
Task Size >> {0=15337496}
Update attemptID:attempt_1453208336177_0003_m_000000_0
attempt_1453208336177_0003_m_000000_0:MAP:MAP:0.6570832
FILE_BYTES_READ : 0
HDFS_BYTES_READ : 15096758
FILE_BYTES_WRITTEN : 118275
HBW_BYTES_WRITTEN : 0
CPU/Time : 0.9048574678282826
Written/Time : 0.7043239026481745
FinishedSize : 1.0078011156105518E7
TETS
Total Read / Write : 127.64115831748045
CPU intensive
Task Time : 167927
CPU Time : 151950
========================================
Task Size >> {0=15337496}
Update attemptID:attempt_1453208336177_0003_m_000000_0
attempt_1453208336177_0003_m_000000_0:MAP:SORT:0.6570832
FILE_BYTES_READ : 0
HDFS_BYTES_READ : 15096758
FILE_BYTES_WRITTEN : 118275
HBW_BYTES_WRITTEN : 0
CPU/Time : 0.8933085632988043
Written/Time : 0.695334454255782
FinishedSize : 1.0078011156105518E7
TETS
Total Read / Write : 127.64115831748045
CPU intensive
Task Time : 170098
CPU Time : 151950
========================================
Task Size >> {0=15337496}
Update attemptID:attempt_1453208336177_0003_m_000000_0
attempt_1453208336177_0003_m_000000_0:MAP:SORT:0.667
FILE_BYTES_READ : 0
HDFS_BYTES_READ : 15337670
FILE_BYTES_WRITTEN : 118275
HBW_BYTES_WRITTEN : 0
CPU/Time : 0.9072366190927049
Written/Time : 0.6912543395167795
FinishedSize : 1.0230109766178608E7
TETS
Total Read / Write : 129.67803846966814
CPU intensive
Task Time : 171102
CPU Time : 155230
========================================
Task Size >> {0=15337496}
Update attemptID:attempt_1453208336177_0003_m_000000_0
attempt_1453208336177_0003_m_000000_0:MAP:SORT:0.667
FILE_BYTES_READ : 0
HDFS_BYTES_READ : 15337670
FILE_BYTES_WRITTEN : 118275
HBW_BYTES_WRITTEN : 0
CPU/Time : 0.9097378040732473
Written/Time : 0.6787310841907735
FinishedSize : 1.0230109766178608E7
TETS
Total Read / Write : 129.67803846966814
CPU intensive
Task Time : 174259
CPU Time : 158530
========================================
Task Size >> {0=15337496}
Update attemptID:attempt_1453208336177_0003_m_000000_0
attempt_1453208336177_0003_m_000000_0:MAP:SORT:0.667
FILE_BYTES_READ : 0
HDFS_BYTES_READ : 15337670
FILE_BYTES_WRITTEN : 11858330
HBW_BYTES_WRITTEN : 0
CPU/Time : 0.9122057605283772
Written/Time : 66.82669386697023
FinishedSize : 1.0230109766178608E7
TETS
Total Read / Write : 1.2934089370088369
CPU intensive
Task Time : 177449
CPU Time : 161870
========================================
Task Size >> {0=15337496}
Update attemptID:attempt_1453208336177_0003_m_000000_0
attempt_1453208336177_0003_m_000000_0:MAP:SORT:1.0
FILE_BYTES_READ : 0
HDFS_BYTES_READ : 15337670
FILE_BYTES_WRITTEN : 15247609
HBW_BYTES_WRITTEN : 0
CPU/Time : 0.9124503675747926
Written/Time : 85.63234096563498
FinishedSize : 1.5337496E7
TETS
Total Read / Write : 1.0059065654162564
CPU intensive
Task Time : 178059
CPU Time : 162470
========================================
