Now Use estimatorClass : org.apache.hadoop.mapreduce.v2.app.speculate.LegacyTaskRuntimeEstimator_Fixed
serviceStart
Task Size >> {0=2748291}
Update attemptID:attempt_1453169138423_0021_m_000000_0
attempt_1453169138423_0021_m_000000_0:MAP:MAP:0.20276387
FILE_BYTES_READ : 904836
HDFS_BYTES_READ : 835665
FILE_BYTES_WRITTEN : 117824
HBW_BYTES_WRITTEN : 0
CPU/Time : 0.20812528370403993
Written/Time : 2.674171584203359
FinishedSize : 557254.1200313419
TETS
Total Read / Write : 14.772041349809886
CPU intensive
Task Time : 44060
CPU Time : 9170
========================================
Task Size >> {0=2748291}
Update attemptID:attempt_1453169138423_0021_m_000000_0
attempt_1453169138423_0021_m_000000_0:MAP:MAP:0.31641334
FILE_BYTES_READ : 904836
HDFS_BYTES_READ : 1303927
FILE_BYTES_WRITTEN : 117824
HBW_BYTES_WRITTEN : 0
CPU/Time : 0.26858279715543515
Written/Time : 2.4937351845580764
FinishedSize : 869595.9427168965
TETS
Total Read / Write : 18.74629107821836
CPU intensive
Task Time : 47248
CPU Time : 12690
========================================
Task Size >> {0=2748291}
Update attemptID:attempt_1453169138423_0021_m_000000_0
attempt_1453169138423_0021_m_000000_0:MAP:MAP:0.45142132
FILE_BYTES_READ : 904836
HDFS_BYTES_READ : 1860191
FILE_BYTES_WRITTEN : 117824
HBW_BYTES_WRITTEN : 0
CPU/Time : 0.3180141956461398
Written/Time : 2.336016495499425
FinishedSize : 1240637.1521689296
TETS
Total Read / Write : 23.46743447854427
CPU intensive
Task Time : 50438
CPU Time : 16040
========================================
Task Size >> {0=2748291}
Update attemptID:attempt_1453169138423_0021_m_000000_0
attempt_1453169138423_0021_m_000000_0:MAP:MAP:0.6369806
FILE_BYTES_READ : 904836
HDFS_BYTES_READ : 2624738
FILE_BYTES_WRITTEN : 117824
HBW_BYTES_WRITTEN : 0
CPU/Time : 0.3613064483035198
Written/Time : 2.197757922814348
FinishedSize : 1750608.0314785838
TETS
Total Read / Write : 29.956324687669746
CPU intensive
Task Time : 53611
CPU Time : 19370
========================================
Task Size >> {0=2748291}
Update attemptID:attempt_1453169138423_0021_m_000000_0
attempt_1453169138423_0021_m_000000_0:MAP:SORT:0.6369806
FILE_BYTES_READ : 904836
HDFS_BYTES_READ : 2624738
FILE_BYTES_WRITTEN : 117824
HBW_BYTES_WRITTEN : 0
CPU/Time : 0.3525215207381659
Written/Time : 2.144320891040457
FinishedSize : 1750608.0314785838
TETS
Total Read / Write : 29.956324687669746
CPU intensive
Task Time : 54947
CPU Time : 19370
========================================
Task Size >> {0=2748291}
Update attemptID:attempt_1453169138423_0021_m_000000_0
attempt_1453169138423_0021_m_000000_0:MAP:SORT:1.0
FILE_BYTES_READ : 904836
HDFS_BYTES_READ : 2748425
FILE_BYTES_WRITTEN : 118038
HBW_BYTES_WRITTEN : 0
CPU/Time : 0.3827380630752328
Written/Time : 2.1260063759658507
FinishedSize : 2748291.0
TETS
Total Read / Write : 30.94987207509446
CPU intensive
Task Time : 55521
CPU Time : 21250
========================================
