Now Use estimatorClass : org.apache.hadoop.mapreduce.v2.app.speculate.LegacyTaskRuntimeEstimator_Fixed
serviceStart
Task Size >> {0=17544939}
Update attemptID:attempt_1453208336177_0023_m_000000_0
attempt_1453208336177_0023_m_000000_0:MAP:MAP:0.008531287
FILE_BYTES_READ : 0
HDFS_BYTES_READ : 2179387
FILE_BYTES_WRITTEN : 117020
HBW_BYTES_WRITTEN : 0
CPU/Time : 0.24900439298764215
Written/Time : 2.4021841770332966
FinishedSize : 149680.9154894203
TETS
Total Read / Write : 18.62405571697146
CPU intensive
Task Time : 48714
CPU Time : 12130
========================================
Task Size >> {0=17544939}
Update attemptID:attempt_1453208336177_0023_m_000000_0
attempt_1453208336177_0023_m_000000_0:MAP:MAP:0.02054142
FILE_BYTES_READ : 0
HDFS_BYTES_READ : 2497348
FILE_BYTES_WRITTEN : 117020
HBW_BYTES_WRITTEN : 0
CPU/Time : 0.3023300596957443
Written/Time : 2.253418062776815
FinishedSize : 360397.9644951392
TETS
Total Read / Write : 21.34120663134507
CPU intensive
Task Time : 51930
CPU Time : 15700
========================================
Task Size >> {0=17544939}
Update attemptID:attempt_1453208336177_0023_m_000000_0
attempt_1453208336177_0023_m_000000_0:MAP:MAP:0.032147814
FILE_BYTES_READ : 0
HDFS_BYTES_READ : 2803749
FILE_BYTES_WRITTEN : 117020
HBW_BYTES_WRITTEN : 0
CPU/Time : 0.3462473246998223
Written/Time : 2.1224652664417603
FinishedSize : 564031.4283915125
TETS
Total Read / Write : 23.959571013501964
CPU intensive
Task Time : 55134
CPU Time : 19090
========================================
Task Size >> {0=17544939}
Update attemptID:attempt_1453208336177_0023_m_000000_0
attempt_1453208336177_0023_m_000000_0:MAP:MAP:0.043677114
FILE_BYTES_READ : 0
HDFS_BYTES_READ : 3101161
FILE_BYTES_WRITTEN : 117020
HBW_BYTES_WRITTEN : 0
CPU/Time : 0.3856428522501541
Written/Time : 2.003904377012124
FinishedSize : 766312.2999532297
TETS
Total Read / Write : 26.50111946675782
CPU intensive
Task Time : 58396
CPU Time : 22520
========================================
Task Size >> {0=17544939}
Update attemptID:attempt_1453208336177_0023_m_000000_0
attempt_1453208336177_0023_m_000000_0:MAP:MAP:0.054854944
FILE_BYTES_READ : 0
HDFS_BYTES_READ : 3404052
FILE_BYTES_WRITTEN : 117020
HBW_BYTES_WRITTEN : 0
CPU/Time : 0.4201435111529595
Written/Time : 1.8997370044481963
FinishedSize : 962426.652439937
TETS
Total Read / Write : 29.089488976243377
CPU intensive
Task Time : 61598
CPU Time : 25880
========================================
Task Size >> {0=17544939}
Update attemptID:attempt_1453208336177_0023_m_000000_0
attempt_1453208336177_0023_m_000000_0:MAP:MAP:0.06678053
FILE_BYTES_READ : 0
HDFS_BYTES_READ : 3716202
FILE_BYTES_WRITTEN : 117020
HBW_BYTES_WRITTEN : 0
CPU/Time : 0.4511510214157872
Written/Time : 1.8055298401530582
FinishedSize : 1171660.3237689212
TETS
Total Read / Write : 31.75698171252777
CPU intensive
Task Time : 64812
CPU Time : 29240
========================================
Task Size >> {0=17544939}
Update attemptID:attempt_1453208336177_0023_m_000000_0
attempt_1453208336177_0023_m_000000_0:MAP:MAP:0.07858518
FILE_BYTES_READ : 0
HDFS_BYTES_READ : 4020934
FILE_BYTES_WRITTEN : 117020
HBW_BYTES_WRITTEN : 0
CPU/Time : 0.47990595841598704
Written/Time : 1.71949158768643
FinishedSize : 1378772.1483486593
TETS
Total Read / Write : 34.36108357545719
CPU intensive
Task Time : 68055
CPU Time : 32660
========================================
Task Size >> {0=17544939}
Update attemptID:attempt_1453208336177_0023_m_000000_0
attempt_1453208336177_0023_m_000000_0:MAP:MAP:0.09016972
FILE_BYTES_READ : 0
HDFS_BYTES_READ : 4329148
FILE_BYTES_WRITTEN : 117020
HBW_BYTES_WRITTEN : 0
CPU/Time : 0.5057945393832253
Written/Time : 1.641832926452844
FinishedSize : 1582022.2432175651
TETS
Total Read / Write : 36.99494103572039
CPU intensive
Task Time : 71274
CPU Time : 36050
========================================
Task Size >> {0=17544939}
Update attemptID:attempt_1453208336177_0023_m_000000_0
attempt_1453208336177_0023_m_000000_0:MAP:MAP:0.10202162
FILE_BYTES_READ : 0
HDFS_BYTES_READ : 4639333
FILE_BYTES_WRITTEN : 117020
HBW_BYTES_WRITTEN : 0
CPU/Time : 0.5293612222431061
Written/Time : 1.5710334828021373
FinishedSize : 1789963.0939237028
TETS
Total Read / Write : 39.645641770637496
CPU intensive
Task Time : 74486
CPU Time : 39430
========================================
Task Size >> {0=17544939}
Update attemptID:attempt_1453208336177_0023_m_000000_0
attempt_1453208336177_0023_m_000000_0:MAP:MAP:0.11416995
FILE_BYTES_READ : 0
HDFS_BYTES_READ : 4959232
FILE_BYTES_WRITTEN : 117020
HBW_BYTES_WRITTEN : 0
CPU/Time : 0.5510797662865821
Written/Time : 1.506010141309104
FinishedSize : 2003104.7698371783
TETS
Total Read / Write : 42.379353956588616
CPU intensive
Task Time : 77702
CPU Time : 42820
========================================
Task Size >> {0=17544939}
Update attemptID:attempt_1453208336177_0023_m_000000_0
attempt_1453208336177_0023_m_000000_0:MAP:MAP:0.12577118
FILE_BYTES_READ : 0
HDFS_BYTES_READ : 5268111
FILE_BYTES_WRITTEN : 117020
HBW_BYTES_WRITTEN : 0
CPU/Time : 0.5705349305838866
Written/Time : 1.4466738369864875
FinishedSize : 2206647.6774659604
TETS
Total Read / Write : 45.01889420611861
CPU intensive
Task Time : 80889
CPU Time : 46150
========================================
Task Size >> {0=17544939}
Update attemptID:attempt_1453208336177_0023_m_000000_0
attempt_1453208336177_0023_m_000000_0:MAP:MAP:0.1374326
FILE_BYTES_READ : 0
HDFS_BYTES_READ : 5572209
FILE_BYTES_WRITTEN : 117020
HBW_BYTES_WRITTEN : 0
CPU/Time : 0.5885990889737277
Written/Time : 1.391753190375947
FinishedSize : 2411246.6718300283
TETS
Total Read / Write : 47.61757819176209
CPU intensive
Task Time : 84081
CPU Time : 49490
========================================
Task Size >> {0=17544939}
Update attemptID:attempt_1453208336177_0023_m_000000_0
attempt_1453208336177_0023_m_000000_0:MAP:MAP:0.1492375
FILE_BYTES_READ : 0
HDFS_BYTES_READ : 5885007
FILE_BYTES_WRITTEN : 117020
HBW_BYTES_WRITTEN : 0
CPU/Time : 0.6053662672135279
Written/Time : 1.3406502761038426
FinishedSize : 2618362.8101691753
TETS
Total Read / Write : 50.2906084430012
CPU intensive
Task Time : 87286
CPU Time : 52840
========================================
Task Size >> {0=17544939}
Update attemptID:attempt_1453208336177_0023_m_000000_0
attempt_1453208336177_0023_m_000000_0:MAP:MAP:0.1616205
FILE_BYTES_READ : 0
HDFS_BYTES_READ : 6202416
FILE_BYTES_WRITTEN : 117020
HBW_BYTES_WRITTEN : 0
CPU/Time : 0.6214370939944319
Written/Time : 1.2928101109196164
FinishedSize : 2835621.7733584642
TETS
Total Read / Write : 53.00304221500598
CPU intensive
Task Time : 90516
CPU Time : 56250
========================================
Task Size >> {0=17544939}
Update attemptID:attempt_1453208336177_0023_m_000000_0
attempt_1453208336177_0023_m_000000_0:MAP:MAP:0.17397112
FILE_BYTES_READ : 0
HDFS_BYTES_READ : 6532621
FILE_BYTES_WRITTEN : 117020
HBW_BYTES_WRITTEN : 0
CPU/Time : 0.636272438155002
Written/Time : 1.2488527459392542
FinishedSize : 3052312.6275056005
TETS
Total Read / Write : 55.82482481627072
CPU intensive
Task Time : 93702
CPU Time : 59620
========================================
Task Size >> {0=17544939}
Update attemptID:attempt_1453208336177_0023_m_000000_0
attempt_1453208336177_0023_m_000000_0:MAP:MAP:0.18589577
FILE_BYTES_READ : 0
HDFS_BYTES_READ : 6845931
FILE_BYTES_WRITTEN : 117020
HBW_BYTES_WRITTEN : 0
CPU/Time : 0.649865320907768
Written/Time : 1.2076741281979835
FinishedSize : 3261529.9588368237
TETS
Total Read / Write : 58.50223038796787
CPU intensive
Task Time : 96897
CPU Time : 62970
========================================
Task Size >> {0=17544939}
Update attemptID:attempt_1453208336177_0023_m_000000_0
attempt_1453208336177_0023_m_000000_0:MAP:MAP:0.19775014
FILE_BYTES_READ : 0
HDFS_BYTES_READ : 7158468
FILE_BYTES_WRITTEN : 117020
HBW_BYTES_WRITTEN : 0
CPU/Time : 0.6628642207150064
Written/Time : 1.1689025182047927
FinishedSize : 3469514.0778570324
TETS
Total Read / Write : 61.173030251239105
CPU intensive
Task Time : 100111
CPU Time : 66360
========================================
Task Size >> {0=17544939}
Update attemptID:attempt_1453208336177_0023_m_000000_0
attempt_1453208336177_0023_m_000000_0:MAP:MAP:0.20981124
FILE_BYTES_READ : 0
HDFS_BYTES_READ : 7473607
FILE_BYTES_WRITTEN : 117020
HBW_BYTES_WRITTEN : 0
CPU/Time : 0.6750817958298647
Written/Time : 1.1327512438774128
FinishedSize : 3681125.414940208
TETS
Total Read / Write : 63.86606562980687
CPU intensive
Task Time : 103306
CPU Time : 69740
========================================
Task Size >> {0=17544939}
Update attemptID:attempt_1453208336177_0023_m_000000_0
attempt_1453208336177_0023_m_000000_0:MAP:MAP:0.22169648
FILE_BYTES_READ : 0
HDFS_BYTES_READ : 7787821
FILE_BYTES_WRITTEN : 117020
HBW_BYTES_WRITTEN : 0
CPU/Time : 0.6864337555278057
Written/Time : 1.098707127231074
FinishedSize : 3889651.237566188
TETS
Total Read / Write : 66.55119637668774
CPU intensive
Task Time : 106507
CPU Time : 73110
========================================
Task Size >> {0=17544939}
Update attemptID:attempt_1453208336177_0023_m_000000_0
attempt_1453208336177_0023_m_000000_0:MAP:MAP:0.23335303
FILE_BYTES_READ : 0
HDFS_BYTES_READ : 8098340
FILE_BYTES_WRITTEN : 117020
HBW_BYTES_WRITTEN : 0
CPU/Time : 0.6969219130260411
Written/Time : 1.0666204847280583
FinishedSize : 4094164.7410619706
TETS
Total Read / Write : 69.20475132455991
CPU intensive
Task Time : 109711
CPU Time : 76460
========================================
Task Size >> {0=17544939}
Update attemptID:attempt_1453208336177_0023_m_000000_0
attempt_1453208336177_0023_m_000000_0:MAP:MAP:0.24531446
FILE_BYTES_READ : 0
HDFS_BYTES_READ : 8407710
FILE_BYTES_WRITTEN : 117020
HBW_BYTES_WRITTEN : 0
CPU/Time : 0.7071207868898903
Written/Time : 1.0360244707882178
FinishedSize : 4304027.306224778
TETS
Total Read / Write : 71.84848743804478
CPU intensive
Task Time : 112951
CPU Time : 79870
========================================
Task Size >> {0=17544939}
Update attemptID:attempt_1453208336177_0023_m_000000_0
attempt_1453208336177_0023_m_000000_0:MAP:MAP:0.25750497
FILE_BYTES_READ : 0
HDFS_BYTES_READ : 8728025
FILE_BYTES_WRITTEN : 117020
HBW_BYTES_WRITTEN : 0
CPU/Time : 0.7165907936972368
Written/Time : 1.007030799549065
FinishedSize : 4517908.987956852
TETS
Total Read / Write : 74.58575457186805
CPU intensive
Task Time : 116203
CPU Time : 83270
========================================
Task Size >> {0=17544939}
Update attemptID:attempt_1453208336177_0023_m_000000_0
attempt_1453208336177_0023_m_000000_0:MAP:MAP:0.26930693
FILE_BYTES_READ : 0
HDFS_BYTES_READ : 9039179
FILE_BYTES_WRITTEN : 117020
HBW_BYTES_WRITTEN : 0
CPU/Time : 0.7255903533746441
Written/Time : 0.9799028638419025
FinishedSize : 4724973.622623056
TETS
Total Read / Write : 77.24473594257393
CPU intensive
Task Time : 119420
CPU Time : 86650
========================================
Task Size >> {0=17544939}
Update attemptID:attempt_1453208336177_0023_m_000000_0
attempt_1453208336177_0023_m_000000_0:MAP:MAP:0.28142565
FILE_BYTES_READ : 0
HDFS_BYTES_READ : 9361079
FILE_BYTES_WRITTEN : 117020
HBW_BYTES_WRITTEN : 0
CPU/Time : 0.7341536805538567
Written/Time : 0.9542448483662369
FinishedSize : 4937595.948047698
TETS
Total Read / Write : 79.99554776961203
CPU intensive
Task Time : 122631
CPU Time : 90030
========================================
Task Size >> {0=17544939}
Update attemptID:attempt_1453208336177_0023_m_000000_0
attempt_1453208336177_0023_m_000000_0:MAP:MAP:0.2936231
FILE_BYTES_READ : 0
HDFS_BYTES_READ : 9677834
FILE_BYTES_WRITTEN : 117020
HBW_BYTES_WRITTEN : 0
CPU/Time : 0.7422768878718535
Written/Time : 0.929792779049072
FinishedSize : 5151599.199363112
TETS
Total Read / Write : 82.70239275337549
CPU intensive
Task Time : 125856
CPU Time : 93420
========================================
Task Size >> {0=17544939}
Update attemptID:attempt_1453208336177_0023_m_000000_0
attempt_1453208336177_0023_m_000000_0:MAP:MAP:0.30552742
FILE_BYTES_READ : 0
HDFS_BYTES_READ : 9989727
FILE_BYTES_WRITTEN : 117020
HBW_BYTES_WRITTEN : 0
CPU/Time : 0.7501200749887672
Written/Time : 0.9065274313248533
FinishedSize : 5360459.926583201
TETS
Total Read / Write : 85.3676892838831
CPU intensive
Task Time : 129086
CPU Time : 96830
========================================
Task Size >> {0=17544939}
Update attemptID:attempt_1453208336177_0023_m_000000_0
attempt_1453208336177_0023_m_000000_0:MAP:MAP:0.31805304
FILE_BYTES_READ : 0
HDFS_BYTES_READ : 10319001
FILE_BYTES_WRITTEN : 117020
HBW_BYTES_WRITTEN : 0
CPU/Time : 0.757564307952725
Written/Time : 0.884291025602273
FinishedSize : 5580221.131669611
TETS
Total Read / Write : 88.18151598017432
CPU intensive
Task Time : 132332
CPU Time : 100250
========================================
Task Size >> {0=17544939}
Update attemptID:attempt_1453208336177_0023_m_000000_0
attempt_1453208336177_0023_m_000000_0:MAP:MAP:0.33039528
FILE_BYTES_READ : 0
HDFS_BYTES_READ : 10643257
FILE_BYTES_WRITTEN : 117020
HBW_BYTES_WRITTEN : 0
CPU/Time : 0.7647540439468036
Written/Time : 0.8631512174252985
FinishedSize : 5796765.0565568805
TETS
Total Read / Write : 90.95246111775765
CPU intensive
Task Time : 135573
CPU Time : 103680
========================================
Task Size >> {0=17544939}
Update attemptID:attempt_1453208336177_0023_m_000000_0
attempt_1453208336177_0023_m_000000_0:MAP:MAP:0.3424733
FILE_BYTES_READ : 0
HDFS_BYTES_READ : 10959444
FILE_BYTES_WRITTEN : 117020
HBW_BYTES_WRITTEN : 0
CPU/Time : 0.7717354502690593
Written/Time : 0.842980326617057
FinishedSize : 6008673.127999395
TETS
Total Read / Write : 93.65445223038797
CPU intensive
Task Time : 138817
CPU Time : 107130
========================================
Task Size >> {0=17544939}
Update attemptID:attempt_1453208336177_0023_m_000000_0
attempt_1453208336177_0023_m_000000_0:MAP:MAP:0.35465762
FILE_BYTES_READ : 0
HDFS_BYTES_READ : 11284492
FILE_BYTES_WRITTEN : 117020
HBW_BYTES_WRITTEN : 0
CPU/Time : 0.7782049115692239
Written/Time : 0.8238988396980962
FinishedSize : 6222446.312146336
TETS
Total Read / Write : 96.43216544180481
CPU intensive
Task Time : 142032
CPU Time : 110530
========================================
Task Size >> {0=17544939}
Update attemptID:attempt_1453208336177_0023_m_000000_0
attempt_1453208336177_0023_m_000000_0:MAP:MAP:0.36698472
FILE_BYTES_READ : 0
HDFS_BYTES_READ : 11606976
FILE_BYTES_WRITTEN : 117020
HBW_BYTES_WRITTEN : 0
CPU/Time : 0.7843434204367101
Written/Time : 0.8055456122477077
FinishedSize : 6438724.614030004
TETS
Total Read / Write : 99.18796786874039
CPU intensive
Task Time : 145268
CPU Time : 113940
========================================
Task Size >> {0=17544939}
Update attemptID:attempt_1453208336177_0023_m_000000_0
attempt_1453208336177_0023_m_000000_0:MAP:MAP:0.37891737
FILE_BYTES_READ : 0
HDFS_BYTES_READ : 11918506
FILE_BYTES_WRITTEN : 117020
HBW_BYTES_WRITTEN : 0
CPU/Time : 0.790083223356406
Written/Time : 0.7879285733523661
FinishedSize : 6648082.077182025
TETS
Total Read / Write : 101.85016236540763
CPU intensive
Task Time : 148516
CPU Time : 117340
========================================
Task Size >> {0=17544939}
Update attemptID:attempt_1453208336177_0023_m_000000_0
attempt_1453208336177_0023_m_000000_0:MAP:MAP:0.39079362
FILE_BYTES_READ : 0
HDFS_BYTES_READ : 12237083
FILE_BYTES_WRITTEN : 117020
HBW_BYTES_WRITTEN : 0
CPU/Time : 0.7956680223322281
Written/Time : 0.7713451410265706
FinishedSize : 6856450.251509607
TETS
Total Read / Write : 104.57257733720732
CPU intensive
Task Time : 151709
CPU Time : 120710
========================================
Task Size >> {0=17544939}
Update attemptID:attempt_1453208336177_0023_m_000000_0
attempt_1453208336177_0023_m_000000_0:MAP:MAP:0.4026118
FILE_BYTES_READ : 0
HDFS_BYTES_READ : 12546816
FILE_BYTES_WRITTEN : 117020
HBW_BYTES_WRITTEN : 0
CPU/Time : 0.8009191722286053
Written/Time : 0.7553478524676934
FinishedSize : 7063799.332856834
TETS
Total Read / Write : 107.21941548453256
CPU intensive
Task Time : 154922
CPU Time : 124080
========================================
Task Size >> {0=17544939}
Update attemptID:attempt_1453208336177_0023_m_000000_0
attempt_1453208336177_0023_m_000000_0:MAP:MAP:0.4146895
FILE_BYTES_READ : 0
HDFS_BYTES_READ : 12863197
FILE_BYTES_WRITTEN : 117020
HBW_BYTES_WRITTEN : 0
CPU/Time : 0.8060354640426985
Written/Time : 0.7400146712872789
FinishedSize : 7275702.175500065
TETS
Total Read / Write : 109.92306443343018
CPU intensive
Task Time : 158132
CPU Time : 127460
========================================
Task Size >> {0=17544939}
Update attemptID:attempt_1453208336177_0023_m_000000_0
attempt_1453208336177_0023_m_000000_0:MAP:MAP:0.42651522
FILE_BYTES_READ : 0
HDFS_BYTES_READ : 13176763
FILE_BYTES_WRITTEN : 117020
HBW_BYTES_WRITTEN : 0
CPU/Time : 0.810979993554305
Written/Time : 0.7252646453628182
FinishedSize : 7483183.545469165
TETS
Total Read / Write : 112.60265766535635
CPU intensive
Task Time : 161348
CPU Time : 130850
========================================
Task Size >> {0=17544939}
Update attemptID:attempt_1453208336177_0023_m_000000_0
attempt_1453208336177_0023_m_000000_0:MAP:MAP:0.43806612
FILE_BYTES_READ : 0
HDFS_BYTES_READ : 13481830
FILE_BYTES_WRITTEN : 117020
HBW_BYTES_WRITTEN : 0
CPU/Time : 0.8156521633491062
Written/Time : 0.7108103675537116
FinishedSize : 7685843.439618945
TETS
Total Read / Write : 115.20962228678859
CPU intensive
Task Time : 164629
CPU Time : 134280
========================================
Task Size >> {0=17544939}
Update attemptID:attempt_1453208336177_0023_m_000000_0
attempt_1453208336177_0023_m_000000_0:MAP:MAP:0.44866672
FILE_BYTES_READ : 0
HDFS_BYTES_READ : 13764420
FILE_BYTES_WRITTEN : 117020
HBW_BYTES_WRITTEN : 0
CPU/Time : 0.8199016833010576
Written/Time : 0.6972739460747803
FinishedSize : 7871830.261493415
TETS
Total Read / Write : 117.62450863100325
CPU intensive
Task Time : 167825
CPU Time : 137600
========================================
Task Size >> {0=17544939}
Update attemptID:attempt_1453208336177_0023_m_000000_0
attempt_1453208336177_0023_m_000000_0:MAP:MAP:0.46016383
FILE_BYTES_READ : 0
HDFS_BYTES_READ : 14056501
FILE_BYTES_WRITTEN : 117020
HBW_BYTES_WRITTEN : 0
CPU/Time : 0.8242770038407801
Written/Time : 0.684091453825873
FinishedSize : 8073546.357372522
TETS
Total Read / Write : 120.1205007690993
CPU intensive
Task Time : 171059
CPU Time : 141000
========================================
Task Size >> {0=17544939}
Update attemptID:attempt_1453208336177_0023_m_000000_0
attempt_1453208336177_0023_m_000000_0:MAP:MAP:0.47183192
FILE_BYTES_READ : 0
HDFS_BYTES_READ : 14370022
FILE_BYTES_WRITTEN : 117020
HBW_BYTES_WRITTEN : 0
CPU/Time : 0.8284556764449341
Written/Time : 0.6715098930358536
FinishedSize : 8278262.215400577
TETS
Total Read / Write : 122.79970945137583
CPU intensive
Task Time : 174264
CPU Time : 144370
========================================
Task Size >> {0=17544939}
Update attemptID:attempt_1453208336177_0023_m_000000_0
attempt_1453208336177_0023_m_000000_0:MAP:MAP:0.4840252
FILE_BYTES_READ : 0
HDFS_BYTES_READ : 14689163
FILE_BYTES_WRITTEN : 117020
HBW_BYTES_WRITTEN : 0
CPU/Time : 0.8325116769115485
Written/Time : 0.6593158935584015
FinishedSize : 8492192.78640595
TETS
Total Read / Write : 125.52694411211759
CPU intensive
Task Time : 177487
CPU Time : 147760
========================================
Task Size >> {0=17544939}
Update attemptID:attempt_1453208336177_0023_m_000000_0
attempt_1453208336177_0023_m_000000_0:MAP:MAP:0.495519
FILE_BYTES_READ : 0
HDFS_BYTES_READ : 14989881
FILE_BYTES_WRITTEN : 117020
HBW_BYTES_WRITTEN : 0
CPU/Time : 0.8364276267369085
Written/Time : 0.6475604424793453
FinishedSize : 8693850.842613012
TETS
Total Read / Write : 128.09674414629978
CPU intensive
Task Time : 180709
CPU Time : 151150
========================================
Task Size >> {0=17544939}
Update attemptID:attempt_1453208336177_0023_m_000000_0
attempt_1453208336177_0023_m_000000_0:MAP:MAP:0.507495
FILE_BYTES_READ : 0
HDFS_BYTES_READ : 15305311
FILE_BYTES_WRITTEN : 117020
HBW_BYTES_WRITTEN : 0
CPU/Time : 0.8401159155534532
Written/Time : 0.6362306784756996
FinishedSize : 8903968.573180854
TETS
Total Read / Write : 130.7922662792685
CPU intensive
Task Time : 183927
CPU Time : 154520
========================================
Task Size >> {0=17544939}
Update attemptID:attempt_1453208336177_0023_m_000000_0
attempt_1453208336177_0023_m_000000_0:MAP:MAP:0.51944023
FILE_BYTES_READ : 0
HDFS_BYTES_READ : 15613814
FILE_BYTES_WRITTEN : 117020
HBW_BYTES_WRITTEN : 0
CPU/Time : 0.8437436549579491
Written/Time : 0.6252604806736698
FinishedSize : 9113547.214542568
TETS
Total Read / Write : 133.42859340283712
CPU intensive
Task Time : 187154
CPU Time : 157910
========================================
Task Size >> {0=17544939}
Update attemptID:attempt_1453208336177_0023_m_000000_0
attempt_1453208336177_0023_m_000000_0:MAP:MAP:0.5315249
FILE_BYTES_READ : 0
HDFS_BYTES_READ : 15935654
FILE_BYTES_WRITTEN : 117020
HBW_BYTES_WRITTEN : 0
CPU/Time : 0.8473089589318823
Written/Time : 0.6146298932197425
FinishedSize : 9325571.888209105
TETS
Total Read / Write : 136.17889249700906
CPU intensive
Task Time : 190391
CPU Time : 161320
========================================
Task Size >> {0=17544939}
Update attemptID:attempt_1453208336177_0023_m_000000_0
attempt_1453208336177_0023_m_000000_0:MAP:MAP:0.54454553
FILE_BYTES_READ : 0
HDFS_BYTES_READ : 16280319
FILE_BYTES_WRITTEN : 117020
HBW_BYTES_WRITTEN : 0
CPU/Time : 0.8507714797844919
Written/Time : 0.6044764940156724
FinishedSize : 9554018.128905416
TETS
Total Read / Write : 139.1242437190224
CPU intensive
Task Time : 193589
CPU Time : 164700
========================================
Task Size >> {0=17544939}
Update attemptID:attempt_1453208336177_0023_m_000000_0
attempt_1453208336177_0023_m_000000_0:MAP:MAP:0.5564779
FILE_BYTES_READ : 0
HDFS_BYTES_READ : 16593483
FILE_BYTES_WRITTEN : 117020
HBW_BYTES_WRITTEN : 0
CPU/Time : 0.8540681161113962
Written/Time : 0.5945805874671639
FinishedSize : 9763370.886138082
TETS
Total Read / Write : 141.80040164074518
CPU intensive
Task Time : 196811
CPU Time : 168090
========================================
Task Size >> {0=17544939}
Update attemptID:attempt_1453208336177_0023_m_000000_0
attempt_1453208336177_0023_m_000000_0:MAP:MAP:0.5686922
FILE_BYTES_READ : 0
HDFS_BYTES_READ : 16916792
FILE_BYTES_WRITTEN : 117020
HBW_BYTES_WRITTEN : 0
CPU/Time : 0.8573442726222795
Written/Time : 0.5850619709718868
FinishedSize : 9977670.087492943
TETS
Total Read / Write : 144.56325414459067
CPU intensive
Task Time : 200013
CPU Time : 171480
========================================
Task Size >> {0=17544939}
Update attemptID:attempt_1453208336177_0023_m_000000_0
attempt_1453208336177_0023_m_000000_0:MAP:MAP:0.5807177
FILE_BYTES_READ : 0
HDFS_BYTES_READ : 17233931
FILE_BYTES_WRITTEN : 117020
HBW_BYTES_WRITTEN : 0
CPU/Time : 0.8603145235892692
Written/Time : 0.5758064833585923
FinishedSize : 1.0188656321621776E7
TETS
Total Read / Write : 147.27338061869767
CPU intensive
Task Time : 203228
CPU Time : 174840
========================================
Task Size >> {0=17544939}
Update attemptID:attempt_1453208336177_0023_m_000000_0
attempt_1453208336177_0023_m_000000_0:MAP:MAP:0.5924005
FILE_BYTES_READ : 0
HDFS_BYTES_READ : 17536035
FILE_BYTES_WRITTEN : 117020
HBW_BYTES_WRITTEN : 0
CPU/Time : 0.8633232909356867
Written/Time : 0.5667980896841004
FinishedSize : 1.0393630482334435E7
TETS
Total Read / Write : 149.85502478208852
CPU intensive
Task Time : 206458
CPU Time : 178240
========================================
Task Size >> {0=17544939}
Update attemptID:attempt_1453208336177_0023_m_000000_0
attempt_1453208336177_0023_m_000000_0:MAP:MAP:0.604068
FILE_BYTES_READ : 0
HDFS_BYTES_READ : 17846759
FILE_BYTES_WRITTEN : 117020
HBW_BYTES_WRITTEN : 0
CPU/Time : 0.8662555267789431
Written/Time : 0.5581390911996031
FinishedSize : 1.0598335882763922E7
TETS
Total Read / Write : 152.51033156725347
CPU intensive
Task Time : 209661
CPU Time : 181620
========================================
Task Size >> {0=17544939}
Update attemptID:attempt_1453208336177_0023_m_000000_0
attempt_1453208336177_0023_m_000000_0:MAP:MAP:0.61616796
FILE_BYTES_READ : 0
HDFS_BYTES_READ : 18165654
FILE_BYTES_WRITTEN : 117020
HBW_BYTES_WRITTEN : 0
CPU/Time : 0.8690586372626861
Written/Time : 0.5497742552301845
FinishedSize : 1.0810629316713631E7
TETS
Total Read / Write : 155.23546402324388
CPU intensive
Task Time : 212851
CPU Time : 184980
========================================
Task Size >> {0=17544939}
Update attemptID:attempt_1453208336177_0023_m_000000_0
attempt_1453208336177_0023_m_000000_0:MAP:MAP:0.6277152
FILE_BYTES_READ : 0
HDFS_BYTES_READ : 18470140
FILE_BYTES_WRITTEN : 117020
HBW_BYTES_WRITTEN : 0
CPU/Time : 0.8718131491733165
Written/Time : 0.5416489233674622
FinishedSize : 1.1013224373752296E7
TETS
Total Read / Write : 157.83746368142198
CPU intensive
Task Time : 216044
CPU Time : 188350
========================================
Task Size >> {0=17544939}
Update attemptID:attempt_1453208336177_0023_m_000000_0
attempt_1453208336177_0023_m_000000_0:MAP:MAP:0.6386884
FILE_BYTES_READ : 0
HDFS_BYTES_READ : 18758171
FILE_BYTES_WRITTEN : 117020
HBW_BYTES_WRITTEN : 0
CPU/Time : 0.8743642956509841
Written/Time : 0.5337407922643618
FinishedSize : 1.1205748763370931E7
TETS
Total Read / Write : 160.2988463510511
CPU intensive
Task Time : 219245
CPU Time : 191700
========================================
Task Size >> {0=17544939}
Update attemptID:attempt_1453208336177_0023_m_000000_0
attempt_1453208336177_0023_m_000000_0:MAP:MAP:0.6501905
FILE_BYTES_READ : 0
HDFS_BYTES_READ : 19059450
FILE_BYTES_WRITTEN : 117020
HBW_BYTES_WRITTEN : 0
CPU/Time : 0.8769784722440741
Written/Time : 0.5260342448203473
FinishedSize : 1.1407552180198073E7
TETS
Total Read / Write : 162.87344043753205
CPU intensive
Task Time : 222457
CPU Time : 195090
========================================
Task Size >> {0=17544939}
Update attemptID:attempt_1453208336177_0023_m_000000_0
attempt_1453208336177_0023_m_000000_0:MAP:MAP:0.66130066
FILE_BYTES_READ : 0
HDFS_BYTES_READ : 19351604
FILE_BYTES_WRITTEN : 117020
HBW_BYTES_WRITTEN : 0
CPU/Time : 0.8794583313023712
Written/Time : 0.5185378844611451
FinishedSize : 1.1602479725967407E7
TETS
Total Read / Write : 165.37005640061528
CPU intensive
Task Time : 225673
CPU Time : 198470
========================================
Task Size >> {0=17544939}
Update attemptID:attempt_1453208336177_0023_m_000000_0
attempt_1453208336177_0023_m_000000_0:MAP:MAP:0.667
FILE_BYTES_READ : 0
HDFS_BYTES_READ : 19518123
FILE_BYTES_WRITTEN : 117020
HBW_BYTES_WRITTEN : 0
CPU/Time : 0.8818414590451888
Written/Time : 0.5113124939920126
FinishedSize : 1.170247423770529E7
TETS
Total Read / Write : 166.7930524696633
CPU intensive
Task Time : 228862
CPU Time : 201820
========================================
Task Size >> {0=17544939}
Update attemptID:attempt_1453208336177_0023_m_000000_0
attempt_1453208336177_0023_m_000000_0:MAP:SORT:0.667
FILE_BYTES_READ : 0
HDFS_BYTES_READ : 19518123
FILE_BYTES_WRITTEN : 117020
HBW_BYTES_WRITTEN : 0
CPU/Time : 0.8719207140573562
Written/Time : 0.5055602118669696
FinishedSize : 1.170247423770529E7
TETS
Total Read / Write : 166.7930524696633
CPU intensive
Task Time : 231466
CPU Time : 201820
========================================
Task Size >> {0=17544939}
Update attemptID:attempt_1453208336177_0023_m_000000_0
attempt_1453208336177_0023_m_000000_0:MAP:SORT:1.0
FILE_BYTES_READ : 0
HDFS_BYTES_READ : 19518123
FILE_BYTES_WRITTEN : 4071878
HBW_BYTES_WRITTEN : 0
CPU/Time : 0.8832807570977917
Written/Time : 17.54787023150782
FinishedSize : 1.7544939E7
TETS
Total Read / Write : 4.79339582374521
CPU intensive
Task Time : 232044
CPU Time : 204960
========================================
