Now Use estimatorClass : org.apache.hadoop.mapreduce.v2.app.speculate.LegacyTaskRuntimeEstimator_Fixed
serviceStart
Task Size >> {0=29314118}
Update attemptID:attempt_1453169138423_0013_m_000000_0
attempt_1453169138423_0013_m_000000_0:MAP:MAP:0.05948142
FILE_BYTES_READ : 0
HDFS_BYTES_READ : 2543423
FILE_BYTES_WRITTEN : 116939
HBW_BYTES_WRITTEN : 0
CPU/Time : 0.20393070837908703
Written/Time : 2.6205992425430833
FinishedSize : 1743645.3536331505
TETS
Total Read / Write : 21.74999786213325
CPU intensive
Task Time : 44623
CPU Time : 9100
========================================
Task Size >> {0=29314118}
Update attemptID:attempt_1453169138423_0013_m_000000_0
attempt_1453169138423_0013_m_000000_0:MAP:MAP:0.09466731
FILE_BYTES_READ : 0
HDFS_BYTES_READ : 4089207
FILE_BYTES_WRITTEN : 116939
HBW_BYTES_WRITTEN : 0
CPU/Time : 0.2636038410845415
Written/Time : 2.446473775602
FinishedSize : 2775088.638407424
TETS
Total Read / Write : 34.968718733698765
CPU intensive
Task Time : 47799
CPU Time : 12600
========================================
Task Size >> {0=29314118}
Update attemptID:attempt_1453169138423_0013_m_000000_0
attempt_1453169138423_0013_m_000000_0:MAP:MAP:0.1272477
FILE_BYTES_READ : 0
HDFS_BYTES_READ : 5531981
FILE_BYTES_WRITTEN : 116939
HBW_BYTES_WRITTEN : 0
CPU/Time : 0.31208316987053747
Written/Time : 2.2938211063162024
FinishedSize : 3730154.27054438
TETS
Total Read / Write : 47.30655298916529
CPU intensive
Task Time : 50980
CPU Time : 15910
========================================
Task Size >> {0=29314118}
Update attemptID:attempt_1453169138423_0013_m_000000_0
attempt_1453169138423_0013_m_000000_0:MAP:MAP:0.15977627
FILE_BYTES_READ : 0
HDFS_BYTES_READ : 6965600
FILE_BYTES_WRITTEN : 116939
HBW_BYTES_WRITTEN : 0
CPU/Time : 0.3550197540892811
Written/Time : 2.1589004172359045
FinishedSize : 4683700.4437993765
TETS
Total Read / Write : 59.56609856420869
CPU intensive
Task Time : 54166
CPU Time : 19230
========================================
Task Size >> {0=29314118}
Update attemptID:attempt_1453169138423_0013_m_000000_0
attempt_1453169138423_0013_m_000000_0:MAP:MAP:0.19234952
FILE_BYTES_READ : 0
HDFS_BYTES_READ : 8391353
FILE_BYTES_WRITTEN : 116939
HBW_BYTES_WRITTEN : 0
CPU/Time : 0.3933808784808802
Written/Time : 2.039076531412928
FinishedSize : 5638556.623432696
TETS
Total Read / Write : 71.75837829979733
CPU intensive
Task Time : 57349
CPU Time : 22560
========================================
Task Size >> {0=29314118}
Update attemptID:attempt_1453169138423_0013_m_000000_0
attempt_1453169138423_0013_m_000000_0:MAP:MAP:0.22514339
FILE_BYTES_READ : 0
HDFS_BYTES_READ : 9830165
FILE_BYTES_WRITTEN : 116939
HBW_BYTES_WRITTEN : 0
CPU/Time : 0.4279082062550597
Written/Time : 1.9320138120177772
FinishedSize : 6599879.8402220905
TETS
Total Read / Write : 84.06233164299336
CPU intensive
Task Time : 60527
CPU Time : 25900
========================================
Task Size >> {0=29314118}
Update attemptID:attempt_1453169138423_0013_m_000000_0
attempt_1453169138423_0013_m_000000_0:MAP:MAP:0.25848147
FILE_BYTES_READ : 0
HDFS_BYTES_READ : 11294799
FILE_BYTES_WRITTEN : 116939
HBW_BYTES_WRITTEN : 0
CPU/Time : 0.4589546382043635
Written/Time : 1.8354889342332443
FinishedSize : 7577156.392439663
TETS
Total Read / Write : 96.58710096717091
CPU intensive
Task Time : 63710
CPU Time : 29240
========================================
Task Size >> {0=29314118}
Update attemptID:attempt_1453169138423_0013_m_000000_0
attempt_1453169138423_0013_m_000000_0:MAP:MAP:0.2924779
FILE_BYTES_READ : 0
HDFS_BYTES_READ : 12787657
FILE_BYTES_WRITTEN : 116939
HBW_BYTES_WRITTEN : 0
CPU/Time : 0.48708288482238965
Written/Time : 1.7482807080492764
FinishedSize : 8573731.84155643
TETS
Total Read / Write : 109.35322689607402
CPU intensive
Task Time : 66888
CPU Time : 32580
========================================
Task Size >> {0=29314118}
Update attemptID:attempt_1453169138423_0013_m_000000_0
attempt_1453169138423_0013_m_000000_0:MAP:MAP:0.32649463
FILE_BYTES_READ : 0
HDFS_BYTES_READ : 14282701
FILE_BYTES_WRITTEN : 116939
HBW_BYTES_WRITTEN : 0
CPU/Time : 0.512472885032538
Written/Time : 1.6688406210754652
FinishedSize : 9570902.231882691
TETS
Total Read / Write : 122.13804633184823
CPU intensive
Task Time : 70072
CPU Time : 35910
========================================
Task Size >> {0=29314118}
Update attemptID:attempt_1453169138423_0013_m_000000_0
attempt_1453169138423_0013_m_000000_0:MAP:MAP:0.3608284
FILE_BYTES_READ : 0
HDFS_BYTES_READ : 15791734
FILE_BYTES_WRITTEN : 116939
HBW_BYTES_WRITTEN : 0
CPU/Time : 0.53544124071647
Written/Time : 1.5964804499781564
FinishedSize : 1.0577366285331726E7
TETS
Total Read / Write : 135.0424922395437
CPU intensive
Task Time : 73248
CPU Time : 39220
========================================
Task Size >> {0=29314118}
Update attemptID:attempt_1453169138423_0013_m_000000_0
attempt_1453169138423_0013_m_000000_0:MAP:MAP:0.39402738
FILE_BYTES_READ : 0
HDFS_BYTES_READ : 17251693
FILE_BYTES_WRITTEN : 116939
HBW_BYTES_WRITTEN : 0
CPU/Time : 0.5566748652467424
Written/Time : 1.5298942906483857
FinishedSize : 1.155056517514795E7
TETS
Total Read / Write : 147.52728345547678
CPU intensive
Task Time : 76436
CPU Time : 42550
========================================
Task Size >> {0=29314118}
Update attemptID:attempt_1453169138423_0013_m_000000_0
attempt_1453169138423_0013_m_000000_0:MAP:MAP:0.42785475
FILE_BYTES_READ : 0
HDFS_BYTES_READ : 18743450
FILE_BYTES_WRITTEN : 116939
HBW_BYTES_WRITTEN : 0
CPU/Time : 0.5761549476222775
Written/Time : 1.468824578591705
FinishedSize : 1.2542184528109848E7
TETS
Total Read / Write : 160.2839942192083
CPU intensive
Task Time : 79614
CPU Time : 45870
========================================
Task Size >> {0=29314118}
Update attemptID:attempt_1453169138423_0013_m_000000_0
attempt_1453169138423_0013_m_000000_0:MAP:MAP:0.46158066
FILE_BYTES_READ : 0
HDFS_BYTES_READ : 20227952
FILE_BYTES_WRITTEN : 116939
HBW_BYTES_WRITTEN : 0
CPU/Time : 0.5940749507856186
Written/Time : 1.412289706646055
FinishedSize : 1.3530830048653066E7
TETS
Total Read / Write : 172.9786640898246
CPU intensive
Task Time : 82801
CPU Time : 49190
========================================
Task Size >> {0=29314118}
Update attemptID:attempt_1453169138423_0013_m_000000_0
attempt_1453169138423_0013_m_000000_0:MAP:MAP:0.4961465
FILE_BYTES_READ : 0
HDFS_BYTES_READ : 21740235
FILE_BYTES_WRITTEN : 116939
HBW_BYTES_WRITTEN : 0
CPU/Time : 0.6109489305776857
Written/Time : 1.360056291506263
FinishedSize : 1.454409704952991E7
TETS
Total Read / Write : 185.9109022652836
CPU intensive
Task Time : 85981
CPU Time : 52530
========================================
Task Size >> {0=29314118}
Update attemptID:attempt_1453169138423_0013_m_000000_0
attempt_1453169138423_0013_m_000000_0:MAP:MAP:0.53117895
FILE_BYTES_READ : 0
HDFS_BYTES_READ : 23277547
FILE_BYTES_WRITTEN : 116939
HBW_BYTES_WRITTEN : 0
CPU/Time : 0.6264719736222327
Written/Time : 1.311475225982998
FinishedSize : 1.557104245645237E7
TETS
Total Read / Write : 199.05717510838986
CPU intensive
Task Time : 89166
CPU Time : 55860
========================================
Task Size >> {0=29314118}
Update attemptID:attempt_1453169138423_0013_m_000000_0
attempt_1453169138423_0013_m_000000_0:MAP:MAP:0.5664405
FILE_BYTES_READ : 0
HDFS_BYTES_READ : 24824274
FILE_BYTES_WRITTEN : 116939
HBW_BYTES_WRITTEN : 0
CPU/Time : 0.6409590020141641
Written/Time : 1.2663136465033678
FinishedSize : 1.6604704321551919E7
TETS
Total Read / Write : 212.28396001334028
CPU intensive
Task Time : 92346
CPU Time : 59190
========================================
Task Size >> {0=29314118}
Update attemptID:attempt_1453169138423_0013_m_000000_0
attempt_1453169138423_0013_m_000000_0:MAP:MAP:0.6020027
FILE_BYTES_READ : 0
HDFS_BYTES_READ : 26391490
FILE_BYTES_WRITTEN : 116939
HBW_BYTES_WRITTEN : 0
CPU/Time : 0.6544932938257128
Written/Time : 1.2243767603053115
FinishedSize : 1.764717760667932E7
TETS
Total Read / Write : 225.68595592573905
CPU intensive
Task Time : 95509
CPU Time : 62510
========================================
Task Size >> {0=29314118}
Update attemptID:attempt_1453169138423_0013_m_000000_0
attempt_1453169138423_0013_m_000000_0:MAP:MAP:0.63732785
FILE_BYTES_READ : 0
HDFS_BYTES_READ : 27938857
FILE_BYTES_WRITTEN : 116939
HBW_BYTES_WRITTEN : 0
CPU/Time : 0.667180089984192
Written/Time : 1.1849843946333751
FinishedSize : 1.8682703795627713E7
TETS
Total Read / Write : 238.91821376957216
CPU intensive
Task Time : 98684
CPU Time : 65840
========================================
Task Size >> {0=29314118}
Update attemptID:attempt_1453169138423_0013_m_000000_0
attempt_1453169138423_0013_m_000000_0:MAP:SORT:0.63732785
FILE_BYTES_READ : 0
HDFS_BYTES_READ : 27938857
FILE_BYTES_WRITTEN : 116939
HBW_BYTES_WRITTEN : 0
CPU/Time : 0.6494249472292912
Written/Time : 1.153449330255864
FinishedSize : 1.8682703795627713E7
TETS
Total Read / Write : 238.91821376957216
CPU intensive
Task Time : 101382
CPU Time : 65840
========================================
Task Size >> {0=29314118}
Update attemptID:attempt_1453169138423_0013_m_000000_0
attempt_1453169138423_0013_m_000000_0:MAP:SORT:0.667
FILE_BYTES_READ : 0
HDFS_BYTES_READ : 29314272
FILE_BYTES_WRITTEN : 116939
HBW_BYTES_WRITTEN : 0
CPU/Time : 0.6787183691905851
Written/Time : 1.1482732548434293
FinishedSize : 1.9552516580197453E7
TETS
Total Read / Write : 250.68002975910517
CPU intensive
Task Time : 101839
CPU Time : 69120
========================================
Task Size >> {0=29314118}
Update attemptID:attempt_1453169138423_0013_m_000000_0
attempt_1453169138423_0013_m_000000_0:MAP:SORT:0.667
FILE_BYTES_READ : 0
HDFS_BYTES_READ : 29314272
FILE_BYTES_WRITTEN : 116939
HBW_BYTES_WRITTEN : 0
CPU/Time : 0.6897832463525199
Written/Time : 1.1136623366728886
FinishedSize : 1.9552516580197453E7
TETS
Total Read / Write : 250.68002975910517
CPU intensive
Task Time : 105004
CPU Time : 72430
========================================
Task Size >> {0=29314118}
Update attemptID:attempt_1453169138423_0013_m_000000_0
attempt_1453169138423_0013_m_000000_0:MAP:SORT:1.0
FILE_BYTES_READ : 0
HDFS_BYTES_READ : 29314272
FILE_BYTES_WRITTEN : 29176369
HBW_BYTES_WRITTEN : 0
CPU/Time : 0.6985821178516265
Written/Time : 269.85422543678726
FinishedSize : 2.9314118E7
TETS
Total Read / Write : 1.0047265305699966
CPU intensive
Task Time : 108119
CPU Time : 75530
