Now Use estimatorClass : org.apache.hadoop.mapreduce.v2.app.speculate.LegacyTaskRuntimeEstimator_Fixed
serviceStart
Task Size >> {0=28689283}
Update attemptID:attempt_1453169138423_0017_m_000000_0
attempt_1453169138423_0017_m_000000_0:MAP:MAP:0.057437826
FILE_BYTES_READ : 0
HDFS_BYTES_READ : 2402160
FILE_BYTES_WRITTEN : 118043
HBW_BYTES_WRITTEN : 0
CPU/Time : 0.28831414500505526
Written/Time : 3.8499396627637714
FinishedSize : 1647850.043526914
TETS
Total Read / Write : 20.349872504087493
CPU intensive
Task Time : 30661
CPU Time : 8840
========================================
Task Size >> {0=28689283}
Update attemptID:attempt_1453169138423_0017_m_000000_0
attempt_1453169138423_0017_m_000000_0:MAP:MAP:0.09265666
FILE_BYTES_READ : 0
HDFS_BYTES_READ : 3920317
FILE_BYTES_WRITTEN : 118043
HBW_BYTES_WRITTEN : 0
CPU/Time : 0.3648880222182828
Written/Time : 3.487649943863381
FinishedSize : 2658253.057367936
TETS
Total Read / Write : 33.21092313817846
CPU intensive
Task Time : 33846
CPU Time : 12350
========================================
Task Size >> {0=28689283}
Update attemptID:attempt_1453169138423_0017_m_000000_0
attempt_1453169138423_0017_m_000000_0:MAP:MAP:0.12615316
FILE_BYTES_READ : 0
HDFS_BYTES_READ : 5367259
FILE_BYTES_WRITTEN : 118043
HBW_BYTES_WRITTEN : 0
CPU/Time : 0.42319325915523387
Written/Time : 3.187938857081128
FinishedSize : 3619243.598454967
TETS
Total Read / Write : 45.468676668671584
CPU intensive
Task Time : 37028
CPU Time : 15670
========================================
Task Size >> {0=28689283}
Update attemptID:attempt_1453169138423_0017_m_000000_0
attempt_1453169138423_0017_m_000000_0:MAP:MAP:0.15882505
FILE_BYTES_READ : 0
HDFS_BYTES_READ : 6781446
FILE_BYTES_WRITTEN : 118043
HBW_BYTES_WRITTEN : 0
CPU/Time : 0.47210620525059666
Written/Time : 2.934641010342084
FinishedSize : 4556576.943636343
TETS
Total Read / Write : 57.448946570317595
CPU intensive
Task Time : 40224
CPU Time : 18990
========================================
Task Size >> {0=28689283}
Update attemptID:attempt_1453169138423_0017_m_000000_0
attempt_1453169138423_0017_m_000000_0:MAP:MAP:0.19136539
FILE_BYTES_READ : 0
HDFS_BYTES_READ : 8175751
FILE_BYTES_WRITTEN : 118043
HBW_BYTES_WRITTEN : 0
CPU/Time : 0.513694685678745
Written/Time : 2.7191955955863722
FinishedSize : 5490135.859263867
TETS
Total Read / Write : 69.26078632362783
CPU intensive
Task Time : 43411
CPU Time : 22300
========================================
Task Size >> {0=28689283}
Update attemptID:attempt_1453169138423_0017_m_000000_0
attempt_1453169138423_0017_m_000000_0:MAP:MAP:0.22444762
FILE_BYTES_READ : 0
HDFS_BYTES_READ : 9589526
FILE_BYTES_WRITTEN : 118043
HBW_BYTES_WRITTEN : 0
CPU/Time : 0.5497028343381896
Written/Time : 2.532731134808076
FinishedSize : 6439241.371918842
TETS
Total Read / Write : 81.23756597172216
CPU intensive
Task Time : 46607
CPU Time : 25620
========================================
Task Size >> {0=28689283}
Update attemptID:attempt_1453169138423_0017_m_000000_0
attempt_1453169138423_0017_m_000000_0:MAP:MAP:0.25851133
FILE_BYTES_READ : 0
HDFS_BYTES_READ : 11047436
FILE_BYTES_WRITTEN : 118043
HBW_BYTES_WRITTEN : 0
CPU/Time : 0.5820137676360206
Written/Time : 2.369056937002027
FinishedSize : 7416504.838701576
TETS
Total Read / Write : 93.58823479579475
CPU intensive
Task Time : 49827
CPU Time : 29000
========================================
Task Size >> {0=28689283}
Update attemptID:attempt_1453169138423_0017_m_000000_0
attempt_1453169138423_0017_m_000000_0:MAP:MAP:0.29318088
FILE_BYTES_READ : 0
HDFS_BYTES_READ : 12542822
FILE_BYTES_WRITTEN : 118043
HBW_BYTES_WRITTEN : 0
CPU/Time : 0.6104136032877125
Written/Time : 2.2252950269577347
FinishedSize : 8411149.320590317
TETS
Total Read / Write : 106.25638114924223
CPU intensive
Task Time : 53046
CPU Time : 32380
========================================
Task Size >> {0=28689283}
Update attemptID:attempt_1453169138423_0017_m_000000_0
attempt_1453169138423_0017_m_000000_0:MAP:MAP:0.32795915
FILE_BYTES_READ : 0
HDFS_BYTES_READ : 14044296
FILE_BYTES_WRITTEN : 118043
HBW_BYTES_WRITTEN : 0
CPU/Time : 0.6348359562550013
Written/Time : 2.099101982750956
FinishedSize : 9408912.868967324
TETS
Total Read / Write : 118.97610192895809
CPU intensive
Task Time : 56235
CPU Time : 35700
========================================
Task Size >> {0=28689283}
Update attemptID:attempt_1453169138423_0017_m_000000_0
attempt_1453169138423_0017_m_000000_0:MAP:MAP:0.36329755
FILE_BYTES_READ : 0
HDFS_BYTES_READ : 15561071
FILE_BYTES_WRITTEN : 118043
HBW_BYTES_WRITTEN : 0
CPU/Time : 0.6567942785023139
Written/Time : 1.9864198569625577
FinishedSize : 1.0422746278815538E7
TETS
Total Read / Write : 131.8254449649704
CPU intensive
Task Time : 59425
CPU Time : 39030
========================================
Task Size >> {0=28689283}
Update attemptID:attempt_1453169138423_0017_m_000000_0
attempt_1453169138423_0017_m_000000_0:MAP:MAP:0.39678437
FILE_BYTES_READ : 0
HDFS_BYTES_READ : 17004794
FILE_BYTES_WRITTEN : 118043
HBW_BYTES_WRITTEN : 0
CPU/Time : 0.6755461862782676
Written/Time : 1.885189089050722
FinishedSize : 1.1383458942542732E7
TETS
Total Read / Write : 144.05592877171878
CPU intensive
Task Time : 62616
CPU Time : 42300
========================================
Task Size >> {0=28689283}
Update attemptID:attempt_1453169138423_0017_m_000000_0
attempt_1453169138423_0017_m_000000_0:MAP:MAP:0.43106246
FILE_BYTES_READ : 0
HDFS_BYTES_READ : 18475648
FILE_BYTES_WRITTEN : 118043
HBW_BYTES_WRITTEN : 0
CPU/Time : 0.6933130699088146
Written/Time : 1.793966565349544
FinishedSize : 1.2366872904057741E7
TETS
Total Read / Write : 156.51625255203612
CPU intensive
Task Time : 65800
CPU Time : 45620
========================================
Task Size >> {0=28689283}
Update attemptID:attempt_1453169138423_0017_m_000000_0
attempt_1453169138423_0017_m_000000_0:MAP:MAP:0.4655815
FILE_BYTES_READ : 0
HDFS_BYTES_READ : 19960045
FILE_BYTES_WRITTEN : 118043
HBW_BYTES_WRITTEN : 0
CPU/Time : 0.7091612678812123
Written/Time : 1.7108425003985681
FinishedSize : 1.3357199599278241E7
TETS
Total Read / Write : 169.09130571063088
CPU intensive
Task Time : 68997
CPU Time : 48930
========================================
Task Size >> {0=28689283}
Update attemptID:attempt_1453169138423_0017_m_000000_0
attempt_1453169138423_0017_m_000000_0:MAP:MAP:0.50123304
FILE_BYTES_READ : 0
HDFS_BYTES_READ : 21495955
FILE_BYTES_WRITTEN : 118043
HBW_BYTES_WRITTEN : 0
CPU/Time : 0.7239348804987876
Written/Time : 1.6355109109802564
FinishedSize : 1.4380016570418179E7
TETS
Total Read / Write : 182.10275069254425
CPU intensive
Task Time : 72175
CPU Time : 52250
========================================
Task Size >> {0=28689283}
Update attemptID:attempt_1453169138423_0017_m_000000_0
attempt_1453169138423_0017_m_000000_0:MAP:MAP:0.53761214
FILE_BYTES_READ : 0
HDFS_BYTES_READ : 23052589
FILE_BYTES_WRITTEN : 118043
HBW_BYTES_WRITTEN : 0
CPU/Time : 0.737629871422316
Written/Time : 1.5663256505181589
FinishedSize : 1.5423706833821833E7
TETS
Total Read / Write : 195.28975881670237
CPU intensive
Task Time : 75363
CPU Time : 55590
========================================
Task Size >> {0=28689283}
Update attemptID:attempt_1453169138423_0017_m_000000_0
attempt_1453169138423_0017_m_000000_0:MAP:MAP:0.57377183
FILE_BYTES_READ : 0
HDFS_BYTES_READ : 24609957
FILE_BYTES_WRITTEN : 118043
HBW_BYTES_WRITTEN : 0
CPU/Time : 0.749958625606294
Written/Time : 1.5027561711499535
FinishedSize : 1.6461102533769727E7
TETS
Total Read / Write : 208.4829850139356
CPU intensive
Task Time : 78551
CPU Time : 58910
========================================
Task Size >> {0=28689283}
Update attemptID:attempt_1453169138423_0017_m_000000_0
attempt_1453169138423_0017_m_000000_0:MAP:MAP:0.609846
FILE_BYTES_READ : 0
HDFS_BYTES_READ : 26162504
FILE_BYTES_WRITTEN : 118043
HBW_BYTES_WRITTEN : 0
CPU/Time : 0.7613722563437493
Written/Time : 1.444233733819463
FinishedSize : 1.749604436287844E7
TETS
Total Read / Write : 221.63537016172072
CPU intensive
Task Time : 81734
CPU Time : 62230
========================================
Task Size >> {0=28689283}
Update attemptID:attempt_1453169138423_0017_m_000000_0
attempt_1453169138423_0017_m_000000_0:MAP:MAP:0.64606124
FILE_BYTES_READ : 0
HDFS_BYTES_READ : 27721875
FILE_BYTES_WRITTEN : 118043
HBW_BYTES_WRITTEN : 0
CPU/Time : 0.7722107742125405
Written/Time : 1.3899676184869003
FinishedSize : 1.853503379636091E7
TETS
Total Read / Write : 234.84556475182774
CPU intensive
Task Time : 84925
CPU Time : 65580
========================================
Task Size >> {0=28689283}
Update attemptID:attempt_1453169138423_0017_m_000000_0
attempt_1453169138423_0017_m_000000_0:MAP:SORT:0.64606124
FILE_BYTES_READ : 0
HDFS_BYTES_READ : 27721875
FILE_BYTES_WRITTEN : 118043
HBW_BYTES_WRITTEN : 0
CPU/Time : 0.7555212497551872
Written/Time : 1.3599267289547357
FinishedSize : 1.853503379636091E7
TETS
Total Read / Write : 234.84556475182774
CPU intensive
Task Time : 86801
CPU Time : 65580
========================================
Task Size >> {0=28689283}
Update attemptID:attempt_1453169138423_0017_m_000000_0
attempt_1453169138423_0017_m_000000_0:MAP:SORT:0.667
FILE_BYTES_READ : 0
HDFS_BYTES_READ : 28689430
FILE_BYTES_WRITTEN : 118043
HBW_BYTES_WRITTEN : 0
CPU/Time : 0.7818813274617515
Written/Time : 1.3397534843601036
FinishedSize : 1.9135751637878954E7
TETS
Total Read / Write : 243.0421964877206
CPU intensive
Task Time : 88108
CPU Time : 68890
========================================
Task Size >> {0=28689283}
Update attemptID:attempt_1453169138423_0017_m_000000_0
attempt_1453169138423_0017_m_000000_0:MAP:SORT:0.667
FILE_BYTES_READ : 0
HDFS_BYTES_READ : 28689430
FILE_BYTES_WRITTEN : 118043
HBW_BYTES_WRITTEN : 0
CPU/Time : 0.7911596885301558
Written/Time : 1.2927860342353985
FinishedSize : 1.9135751637878954E7
TETS
Total Read / Write : 243.0421964877206
CPU intensive
Task Time : 91309
CPU Time : 72240
========================================
Task Size >> {0=28689283}
Update attemptID:attempt_1453169138423_0017_m_000000_0
attempt_1453169138423_0017_m_000000_0:MAP:SORT:1.0
FILE_BYTES_READ : 0
HDFS_BYTES_READ : 28689430
FILE_BYTES_WRITTEN : 28555825
HBW_BYTES_WRITTEN : 0
CPU/Time : 0.7961150525685956
Written/Time : 305.109678177622
FinishedSize : 2.8689283E7
TETS
Total Read / Write : 1.004678730171515
CPU intensive
Task Time : 93592
CPU Time : 74510
========================================
