Now Use estimatorClass : org.apache.hadoop.mapreduce.v2.app.speculate.LegacyTaskRuntimeEstimator_Fixed
serviceStart
Task Size >> {0=15337496}
Update attemptID:attempt_1453208336177_0002_m_000000_0
attempt_1453208336177_0002_m_000000_0:MAP:MAP:0.021553962
FILE_BYTES_READ : 0
HDFS_BYTES_READ : 482508
FILE_BYTES_WRITTEN : 116714
HBW_BYTES_WRITTEN : 0
CPU/Time : 0.1642112827883579
Written/Time : 2.096909809558031
FinishedSize : 330583.79921264946
TETS
Total Read / Write : 4.134105591445756
CPU intensive
Task Time : 55660
CPU Time : 9140
========================================
Task Size >> {0=15337496}
Update attemptID:attempt_1453208336177_0002_m_000000_0
attempt_1453208336177_0002_m_000000_0:MAP:MAP:0.033747863
FILE_BYTES_READ : 0
HDFS_BYTES_READ : 764944
FILE_BYTES_WRITTEN : 116714
HBW_BYTES_WRITTEN : 0
CPU/Time : 0.21415095943029047
Written/Time : 1.983683736424359
FinishedSize : 517607.71414640546
TETS
Total Read / Write : 6.554003804170879
CPU intensive
Task Time : 58837
CPU Time : 12600
========================================
Task Size >> {0=15337496}
Update attemptID:attempt_1453208336177_0002_m_000000_0
attempt_1453208336177_0002_m_000000_0:MAP:MAP:0.045475695
FILE_BYTES_READ : 0
HDFS_BYTES_READ : 1036204
FILE_BYTES_WRITTEN : 116714
HBW_BYTES_WRITTEN : 0
CPU/Time : 0.25660876437476815
Written/Time : 1.882453508814374
FinishedSize : 697483.294488281
TETS
Total Read / Write : 8.878146580530185
CPU intensive
Task Time : 62001
CPU Time : 15910
========================================
Task Size >> {0=15337496}
Update attemptID:attempt_1453208336177_0002_m_000000_0
attempt_1453208336177_0002_m_000000_0:MAP:MAP:0.057180956
FILE_BYTES_READ : 0
HDFS_BYTES_READ : 1305040
FILE_BYTES_WRITTEN : 116714
HBW_BYTES_WRITTEN : 0
CPU/Time : 0.29521427585042886
Written/Time : 1.7908336274223988
FinishedSize : 877012.6840189695
TETS
Total Read / Write : 11.181520640197405
CPU intensive
Task Time : 65173
CPU Time : 19240
========================================
Task Size >> {0=15337496}
Update attemptID:attempt_1453208336177_0002_m_000000_0
attempt_1453208336177_0002_m_000000_0:MAP:MAP:0.0689311
FILE_BYTES_READ : 0
HDFS_BYTES_READ : 1574479
FILE_BYTES_WRITTEN : 116714
HBW_BYTES_WRITTEN : 0
CPU/Time : 0.3300948144679855
Written/Time : 1.707743181552148
FinishedSize : 1057230.5127449036
TETS
Total Read / Write : 13.490061175180355
CPU intensive
Task Time : 68344
CPU Time : 22560
========================================
Task Size >> {0=15337496}
Update attemptID:attempt_1453208336177_0002_m_000000_0
attempt_1453208336177_0002_m_000000_0:MAP:MAP:0.08061949
FILE_BYTES_READ : 0
HDFS_BYTES_READ : 1842630
FILE_BYTES_WRITTEN : 116714
HBW_BYTES_WRITTEN : 0
CPU/Time : 0.36187200246095336
Written/Time : 1.6319756141896333
FinishedSize : 1236501.1305007339
TETS
Total Read / Write : 15.787566187432528
CPU intensive
Task Time : 71517
CPU Time : 25880
========================================
Task Size >> {0=15337496}
Update attemptID:attempt_1453208336177_0002_m_000000_0
attempt_1453208336177_0002_m_000000_0:MAP:MAP:0.092356324
FILE_BYTES_READ : 0
HDFS_BYTES_READ : 2111120
FILE_BYTES_WRITTEN : 116714
HBW_BYTES_WRITTEN : 0
CPU/Time : 0.39105696499096326
Written/Time : 1.5625410000669389
FinishedSize : 1416514.7529287338
TETS
Total Read / Write : 18.087975735558715
CPU intensive
Task Time : 74695
CPU Time : 29210
========================================
Task Size >> {0=15337496}
Update attemptID:attempt_1453208336177_0002_m_000000_0
attempt_1453208336177_0002_m_000000_0:MAP:MAP:0.10415644
FILE_BYTES_READ : 0
HDFS_BYTES_READ : 2383901
FILE_BYTES_WRITTEN : 116714
HBW_BYTES_WRITTEN : 0
CPU/Time : 0.4179506933744222
Written/Time : 1.4986389316897792
FinishedSize : 1597499.0123431087
TETS
Total Read / Write : 20.42515036756516
CPU intensive
Task Time : 77880
CPU Time : 32550
========================================
Task Size >> {0=15337496}
Update attemptID:attempt_1453208336177_0002_m_000000_0
attempt_1453208336177_0002_m_000000_0:MAP:MAP:0.116044134
FILE_BYTES_READ : 0
HDFS_BYTES_READ : 2655467
FILE_BYTES_WRITTEN : 116714
HBW_BYTES_WRITTEN : 0
CPU/Time : 0.44240472753741195
Written/Time : 1.4399003170608338
FinishedSize : 1779826.439539194
TETS
Total Read / Write : 22.75191493736827
CPU intensive
Task Time : 81057
CPU Time : 35860
========================================
Task Size >> {0=15337496}
Update attemptID:attempt_1453208336177_0002_m_000000_0
attempt_1453208336177_0002_m_000000_0:MAP:MAP:0.12780419
FILE_BYTES_READ : 0
HDFS_BYTES_READ : 2927961
FILE_BYTES_WRITTEN : 116714
HBW_BYTES_WRITTEN : 0
CPU/Time : 0.4651715008251511
Written/Time : 1.385707670936873
FinishedSize : 1960196.2516877651
TETS
Total Read / Write : 25.086630567027093
CPU intensive
Task Time : 84227
CPU Time : 39180
========================================
Task Size >> {0=15337496}
Update attemptID:attempt_1453208336177_0002_m_000000_0
attempt_1453208336177_0002_m_000000_0:MAP:MAP:0.1395465
FILE_BYTES_READ : 0
HDFS_BYTES_READ : 3200000
FILE_BYTES_WRITTEN : 116714
HBW_BYTES_WRITTEN : 0
CPU/Time : 0.48630897211447144
Written/Time : 1.3355074205027864
FinishedSize : 2140293.864954591
TETS
Total Read / Write : 27.417447778329933
CPU intensive
Task Time : 87393
CPU Time : 42500
========================================
Task Size >> {0=15337496}
Update attemptID:attempt_1453208336177_0002_m_000000_0
attempt_1453208336177_0002_m_000000_0:MAP:MAP:0.15140271
FILE_BYTES_READ : 0
HDFS_BYTES_READ : 3471509
FILE_BYTES_WRITTEN : 116714
HBW_BYTES_WRITTEN : 0
CPU/Time : 0.5056204589121265
Written/Time : 1.2887745411982952
FinishedSize : 2322138.487668991
TETS
Total Read / Write : 29.743723974844492
CPU intensive
Task Time : 90562
CPU Time : 45790
========================================
Task Size >> {0=15337496}
Update attemptID:attempt_1453208336177_0002_m_000000_0
attempt_1453208336177_0002_m_000000_0:MAP:MAP:0.16357996
FILE_BYTES_READ : 0
HDFS_BYTES_READ : 3749825
FILE_BYTES_WRITTEN : 116714
HBW_BYTES_WRITTEN : 0
CPU/Time : 0.5237389198818121
Written/Time : 1.244962612934538
FinishedSize : 2508906.9161838293
TETS
Total Read / Write : 32.12832222355502
CPU intensive
Task Time : 93749
CPU Time : 49100
========================================
Task Size >> {0=15337496}
Update attemptID:attempt_1453208336177_0002_m_000000_0
attempt_1453208336177_0002_m_000000_0:MAP:MAP:0.17560373
FILE_BYTES_READ : 0
HDFS_BYTES_READ : 4027340
FILE_BYTES_WRITTEN : 116714
HBW_BYTES_WRITTEN : 0
CPU/Time : 0.5410368841888058
Written/Time : 1.2041681712664432
FinishedSize : 2693321.544293046
TETS
Total Read / Write : 34.506057542368524
CPU intensive
Task Time : 96925
CPU Time : 52440
========================================
Task Size >> {0=15337496}
Update attemptID:attempt_1453208336177_0002_m_000000_0
attempt_1453208336177_0002_m_000000_0:MAP:MAP:0.18747939
FILE_BYTES_READ : 0
HDFS_BYTES_READ : 4299583
FILE_BYTES_WRITTEN : 116714
HBW_BYTES_WRITTEN : 0
CPU/Time : 0.5570095698559527
Written/Time : 1.1659041416098934
FinishedSize : 2875464.420190215
TETS
Total Read / Write : 36.83862261596724
CPU intensive
Task Time : 100106
CPU Time : 55760
========================================
Task Size >> {0=15337496}
Update attemptID:attempt_1453208336177_0002_m_000000_0
attempt_1453208336177_0002_m_000000_0:MAP:MAP:0.19922791
FILE_BYTES_READ : 0
HDFS_BYTES_READ : 4570095
FILE_BYTES_WRITTEN : 116714
HBW_BYTES_WRITTEN : 0
CPU/Time : 0.5720316418315082
Written/Time : 1.1300626446296995
FinishedSize : 3055657.3373476267
TETS
Total Read / Write : 39.15635656390836
CPU intensive
Task Time : 103281
CPU Time : 59080
========================================
Task Size >> {0=15337496}
Update attemptID:attempt_1453208336177_0002_m_000000_0
attempt_1453208336177_0002_m_000000_0:MAP:MAP:0.21095426
FILE_BYTES_READ : 0
HDFS_BYTES_READ : 4843821
FILE_BYTES_WRITTEN : 116714
HBW_BYTES_WRITTEN : 0
CPU/Time : 0.5861242895391986
Written/Time : 1.0964723566160928
FinishedSize : 3235510.1773127317
TETS
Total Read / Write : 41.50162791096184
CPU intensive
Task Time : 106445
CPU Time : 62390
========================================
Task Size >> {0=15337496}
Update attemptID:attempt_1453208336177_0002_m_000000_0
attempt_1453208336177_0002_m_000000_0:MAP:MAP:0.22271399
FILE_BYTES_READ : 0
HDFS_BYTES_READ : 5111760
FILE_BYTES_WRITTEN : 116714
HBW_BYTES_WRITTEN : 0
CPU/Time : 0.5993814602282576
Written/Time : 1.0647824619342596
FinishedSize : 3415874.961438298
TETS
Total Read / Write : 43.7973165172987
CPU intensive
Task Time : 109613
CPU Time : 65700
========================================
Task Size >> {0=15337496}
Update attemptID:attempt_1453208336177_0002_m_000000_0
attempt_1453208336177_0002_m_000000_0:MAP:MAP:0.23461854
FILE_BYTES_READ : 0
HDFS_BYTES_READ : 5383687
FILE_BYTES_WRITTEN : 116714
HBW_BYTES_WRITTEN : 0
CPU/Time : 0.6118992729207307
Written/Time : 1.0348820712892357
FinishedSize : 3598460.9889993668
TETS
Total Read / Write : 46.1271741179293
CPU intensive
Task Time : 112780
CPU Time : 69010
========================================
Task Size >> {0=15337496}
Update attemptID:attempt_1453208336177_0002_m_000000_0
attempt_1453208336177_0002_m_000000_0:MAP:MAP:0.24662946
FILE_BYTES_READ : 0
HDFS_BYTES_READ : 5660279
FILE_BYTES_WRITTEN : 116714
HBW_BYTES_WRITTEN : 0
CPU/Time : 0.6236631477264887
Written/Time : 1.0066411371006694
FinishedSize : 3782678.3814789057
TETS
Total Read / Write : 48.497001216649245
CPU intensive
Task Time : 115944
CPU Time : 72310
========================================
Task Size >> {0=15337496}
Update attemptID:attempt_1453208336177_0002_m_000000_0
attempt_1453208336177_0002_m_000000_0:MAP:MAP:0.258595
FILE_BYTES_READ : 0
HDFS_BYTES_READ : 5935730
FILE_BYTES_WRITTEN : 116714
HBW_BYTES_WRITTEN : 0
CPU/Time : 0.6347966988220873
Written/Time : 0.9798923674953194
FinishedSize : 3966199.621318817
TETS
Total Read / Write : 50.857052281645736
CPU intensive
Task Time : 119109
CPU Time : 75610
========================================
Task Size >> {0=15337496}
Update attemptID:attempt_1453208336177_0002_m_000000_0
attempt_1453208336177_0002_m_000000_0:MAP:MAP:0.27055663
FILE_BYTES_READ : 0
HDFS_BYTES_READ : 6211137
FILE_BYTES_WRITTEN : 116714
HBW_BYTES_WRITTEN : 0
CPU/Time : 0.6453538773574105
Written/Time : 0.9545283543517019
FinishedSize : 4149661.210522175
TETS
Total Read / Write : 53.216726356735265
CPU intensive
Task Time : 122274
CPU Time : 78910
========================================
Task Size >> {0=15337496}
Update attemptID:attempt_1453208336177_0002_m_000000_0
attempt_1453208336177_0002_m_000000_0:MAP:MAP:0.28259572
FILE_BYTES_READ : 0
HDFS_BYTES_READ : 6488238
FILE_BYTES_WRITTEN : 116714
HBW_BYTES_WRITTEN : 0
CPU/Time : 0.6555063972258759
Written/Time : 0.9303997767946112
FinishedSize : 4334310.784433603
TETS
Total Read / Write : 55.590914543242455
CPU intensive
Task Time : 125445
CPU Time : 82230
========================================
Task Size >> {0=15337496}
Update attemptID:attempt_1453208336177_0002_m_000000_0
attempt_1453208336177_0002_m_000000_0:MAP:MAP:0.29458764
FILE_BYTES_READ : 0
HDFS_BYTES_READ : 6763826
FILE_BYTES_WRITTEN : 116714
HBW_BYTES_WRITTEN : 0
CPU/Time : 0.6651115776378198
Written/Time : 0.9075033045641863
FinishedSize : 4518236.78012538
TETS
Total Read / Write : 57.95213941772195
CPU intensive
Task Time : 128610
CPU Time : 85540
========================================
Task Size >> {0=15337496}
Update attemptID:attempt_1453208336177_0002_m_000000_0
attempt_1453208336177_0002_m_000000_0:MAP:MAP:0.30654913
FILE_BYTES_READ : 0
HDFS_BYTES_READ : 7037241
FILE_BYTES_WRITTEN : 116714
HBW_BYTES_WRITTEN : 0
CPU/Time : 0.6742050542612127
Written/Time : 0.8857403050770282
FinishedSize : 4701696.083863735
TETS
Total Read / Write : 60.294746131569475
CPU intensive
Task Time : 131770
CPU Time : 88840
========================================
Task Size >> {0=15337496}
Update attemptID:attempt_1453208336177_0002_m_000000_0
attempt_1453208336177_0002_m_000000_0:MAP:MAP:0.3187099
FILE_BYTES_READ : 0
HDFS_BYTES_READ : 7317932
FILE_BYTES_WRITTEN : 116714
HBW_BYTES_WRITTEN : 0
CPU/Time : 0.6828556184604441
Written/Time : 0.8648812876070783
FinishedSize : 4888211.968495846
TETS
Total Read / Write : 62.69969326730298
CPU intensive
Task Time : 134948
CPU Time : 92150
========================================
Task Size >> {0=15337496}
Update attemptID:attempt_1453208336177_0002_m_000000_0
attempt_1453208336177_0002_m_000000_0:MAP:MAP:0.3305679
FILE_BYTES_READ : 0
HDFS_BYTES_READ : 7590169
FILE_BYTES_WRITTEN : 116714
HBW_BYTES_WRITTEN : 0
CPU/Time : 0.6909809714136762
Written/Time : 0.8450922466475512
FinishedSize : 5070083.788243771
TETS
Total Read / Write : 65.03220693318711
CPU intensive
Task Time : 138108
CPU Time : 95430
========================================
Task Size >> {0=15337496}
Update attemptID:attempt_1453208336177_0002_m_000000_0
attempt_1453208336177_0002_m_000000_0:MAP:MAP:0.34238908
FILE_BYTES_READ : 0
HDFS_BYTES_READ : 7863066
FILE_BYTES_WRITTEN : 116714
HBW_BYTES_WRITTEN : 0
CPU/Time : 0.6989913289683242
Written/Time : 0.8261475844983189
FinishedSize : 5251391.098136187
TETS
Total Read / Write : 67.37037544767551
CPU intensive
Task Time : 141275
CPU Time : 98750
========================================
Task Size >> {0=15337496}
Update attemptID:attempt_1453208336177_0002_m_000000_0
attempt_1453208336177_0002_m_000000_0:MAP:MAP:0.35436267
FILE_BYTES_READ : 0
HDFS_BYTES_READ : 8139857
FILE_BYTES_WRITTEN : 116714
HBW_BYTES_WRITTEN : 0
CPU/Time : 0.7065364137997882
Written/Time : 0.8080616462540762
FinishedSize : 5435035.9816327095
TETS
Total Read / Write : 69.74190756892918
CPU intensive
Task Time : 144437
CPU Time : 102050
========================================
Task Size >> {0=15337496}
Update attemptID:attempt_1453208336177_0002_m_000000_0
attempt_1453208336177_0002_m_000000_0:MAP:MAP:0.3663749
FILE_BYTES_READ : 0
HDFS_BYTES_READ : 8413567
FILE_BYTES_WRITTEN : 116714
HBW_BYTES_WRITTEN : 0
CPU/Time : 0.7136227210211451
Written/Time : 0.790750614841564
FinishedSize : 5619273.714750767
TETS
Total Read / Write : 72.08704182874376
CPU intensive
Task Time : 147599
CPU Time : 105330
========================================
Task Size >> {0=15337496}
Update attemptID:attempt_1453208336177_0002_m_000000_0
attempt_1453208336177_0002_m_000000_0:MAP:MAP:0.37803444
FILE_BYTES_READ : 0
HDFS_BYTES_READ : 8681214
FILE_BYTES_WRITTEN : 116714
HBW_BYTES_WRITTEN : 0
CPU/Time : 0.7204828867073494
Written/Time : 0.774170867604139
FinishedSize : 5798101.752208948
TETS
Total Read / Write : 74.38022859297085
CPU intensive
Task Time : 150760
CPU Time : 108620
========================================
Task Size >> {0=15337496}
Update attemptID:attempt_1453208336177_0002_m_000000_0
attempt_1453208336177_0002_m_000000_0:MAP:MAP:0.38984975
FILE_BYTES_READ : 0
HDFS_BYTES_READ : 8953535
FILE_BYTES_WRITTEN : 116714
HBW_BYTES_WRITTEN : 0
CPU/Time : 0.7271392562949874
Written/Time : 0.7582179144037627
FinishedSize : 5979319.014780283
TETS
Total Read / Write : 76.71346196685916
CPU intensive
Task Time : 153932
CPU Time : 111930
========================================
Task Size >> {0=15337496}
Update attemptID:attempt_1453208336177_0002_m_000000_0
attempt_1453208336177_0002_m_000000_0:MAP:MAP:0.40176296
FILE_BYTES_READ : 0
HDFS_BYTES_READ : 9228700
FILE_BYTES_WRITTEN : 116714
HBW_BYTES_WRITTEN : 0
CPU/Time : 0.7335998268640755
Written/Time : 0.7429186133849346
FinishedSize : 6162037.827857971
TETS
Total Read / Write : 79.07106259746045
CPU intensive
Task Time : 157102
CPU Time : 115250
========================================
Task Size >> {0=15337496}
Update attemptID:attempt_1453208336177_0002_m_000000_0
attempt_1453208336177_0002_m_000000_0:MAP:MAP:0.4136626
FILE_BYTES_READ : 0
HDFS_BYTES_READ : 9502894
FILE_BYTES_WRITTEN : 116714
HBW_BYTES_WRITTEN : 0
CPU/Time : 0.7397169670044427
Written/Time : 0.7282608695652174
FinishedSize : 6344548.663620472
TETS
Total Read / Write : 81.42034374625152
CPU intensive
Task Time : 160264
CPU Time : 118550
========================================
Task Size >> {0=15337496}
Update attemptID:attempt_1453208336177_0002_m_000000_0
attempt_1453208336177_0002_m_000000_0:MAP:MAP:0.42551956
FILE_BYTES_READ : 0
HDFS_BYTES_READ : 9773569
FILE_BYTES_WRITTEN : 116714
HBW_BYTES_WRITTEN : 0
CPU/Time : 0.7455407679363623
Written/Time : 0.7141746978736423
FinishedSize : 6526404.485113382
TETS
Total Read / Write : 83.73947427043885
CPU intensive
Task Time : 163425
CPU Time : 121840
========================================
Task Size >> {0=15337496}
Update attemptID:attempt_1453208336177_0002_m_000000_0
attempt_1453208336177_0002_m_000000_0:MAP:MAP:0.43707815
FILE_BYTES_READ : 0
HDFS_BYTES_READ : 10040015
FILE_BYTES_WRITTEN : 116714
HBW_BYTES_WRITTEN : 0
CPU/Time : 0.751130026592392
Written/Time : 0.7006104844857703
FinishedSize : 6703684.348579168
TETS
Total Read / Write : 86.02237092379663
CPU intensive
Task Time : 166589
CPU Time : 125130
========================================
Task Size >> {0=15337496}
Update attemptID:attempt_1453208336177_0002_m_000000_0
attempt_1453208336177_0002_m_000000_0:MAP:MAP:0.44818833
FILE_BYTES_READ : 0
HDFS_BYTES_READ : 10296082
FILE_BYTES_WRITTEN : 116714
HBW_BYTES_WRITTEN : 0
CPU/Time : 0.7565832106038292
Written/Time : 0.6875640648011782
FinishedSize : 6874086.790760756
TETS
Total Read / Write : 88.21634079887589
CPU intensive
Task Time : 169750
CPU Time : 128430
========================================
Task Size >> {0=15337496}
Update attemptID:attempt_1453208336177_0002_m_000000_0
attempt_1453208336177_0002_m_000000_0:MAP:MAP:0.45953226
FILE_BYTES_READ : 0
HDFS_BYTES_READ : 10555625
FILE_BYTES_WRITTEN : 116714
HBW_BYTES_WRITTEN : 0
CPU/Time : 0.7616811349453753
Written/Time : 0.675010265634127
FinishedSize : 7048074.213344574
TETS
Total Read / Write : 90.44009287660435
CPU intensive
Task Time : 172907
CPU Time : 131700
========================================
Task Size >> {0=15337496}
Update attemptID:attempt_1453208336177_0002_m_000000_0
attempt_1453208336177_0002_m_000000_0:MAP:MAP:0.47130403
FILE_BYTES_READ : 0
HDFS_BYTES_READ : 10827643
FILE_BYTES_WRITTEN : 116714
HBW_BYTES_WRITTEN : 0
CPU/Time : 0.7667317915398246
Written/Time : 0.6628765505020673
FinishedSize : 7228623.663042307
TETS
Total Read / Write : 92.77073016090614
CPU intensive
Task Time : 176072
CPU Time : 135000
========================================
Task Size >> {0=15337496}
Update attemptID:attempt_1453208336177_0002_m_000000_0
attempt_1453208336177_0002_m_000000_0:MAP:MAP:0.48319057
FILE_BYTES_READ : 0
HDFS_BYTES_READ : 11101083
FILE_BYTES_WRITTEN : 116714
HBW_BYTES_WRITTEN : 0
CPU/Time : 0.7716770907143216
Written/Time : 0.6511858865275926
FinishedSize : 7410933.377884626
TETS
Total Read / Write : 95.11355107356444
CPU intensive
Task Time : 179233
CPU Time : 138310
========================================
Task Size >> {0=15337496}
Update attemptID:attempt_1453208336177_0002_m_000000_0
attempt_1453208336177_0002_m_000000_0:MAP:MAP:0.49494272
FILE_BYTES_READ : 0
HDFS_BYTES_READ : 11369651
FILE_BYTES_WRITTEN : 116714
HBW_BYTES_WRITTEN : 0
CPU/Time : 0.7764382089617702
Written/Time : 0.6398899104700186
FinishedSize : 7591182.060388088
TETS
Total Read / Write : 97.41462892198022
CPU intensive
Task Time : 182397
CPU Time : 141620
========================================
Task Size >> {0=15337496}
Update attemptID:attempt_1453208336177_0002_m_000000_0
attempt_1453208336177_0002_m_000000_0:MAP:MAP:0.50674945
FILE_BYTES_READ : 0
HDFS_BYTES_READ : 11642776
FILE_BYTES_WRITTEN : 116714
HBW_BYTES_WRITTEN : 0
CPU/Time : 0.7810580094418935
Written/Time : 0.6289960982129384
FinishedSize : 7772267.680175304
TETS
Total Read / Write : 99.75475092962284
CPU intensive
Task Time : 185556
CPU Time : 144930
========================================
Task Size >> {0=15337496}
Update attemptID:attempt_1453208336177_0002_m_000000_0
attempt_1453208336177_0002_m_000000_0:MAP:MAP:0.5183676
FILE_BYTES_READ : 0
HDFS_BYTES_READ : 11910008
FILE_BYTES_WRITTEN : 116714
HBW_BYTES_WRITTEN : 0
CPU/Time : 0.7854046778791636
Written/Time : 0.6184571688975085
FinishedSize : 7950460.815455914
TETS
Total Read / Write : 102.04438199359117
CPU intensive
Task Time : 188718
CPU Time : 148220
========================================
Task Size >> {0=15337496}
Update attemptID:attempt_1453208336177_0002_m_000000_0
attempt_1453208336177_0002_m_000000_0:MAP:MAP:0.5302699
FILE_BYTES_READ : 0
HDFS_BYTES_READ : 12182752
FILE_BYTES_WRITTEN : 116714
HBW_BYTES_WRITTEN : 0
CPU/Time : 0.789603973295949
Written/Time : 0.6082624126411682
FinishedSize : 8133012.789588451
TETS
Total Read / Write : 104.38123961135767
CPU intensive
Task Time : 191881
CPU Time : 151510
========================================
Task Size >> {0=15337496}
Update attemptID:attempt_1453208336177_0002_m_000000_0
attempt_1453208336177_0002_m_000000_0:MAP:MAP:0.542517
FILE_BYTES_READ : 0
HDFS_BYTES_READ : 12465638
FILE_BYTES_WRITTEN : 116714
HBW_BYTES_WRITTEN : 0
CPU/Time : 0.7938168115050372
Written/Time : 0.5983952421236125
FinishedSize : 8320852.415549755
TETS
Total Read / Write : 106.80499340267663
CPU intensive
Task Time : 195045
CPU Time : 154830
========================================
Task Size >> {0=15337496}
Update attemptID:attempt_1453208336177_0002_m_000000_0
attempt_1453208336177_0002_m_000000_0:MAP:MAP:0.5546508
FILE_BYTES_READ : 0
HDFS_BYTES_READ : 12744655
FILE_BYTES_WRITTEN : 116714
HBW_BYTES_WRITTEN : 0
CPU/Time : 0.7978224235880567
Written/Time : 0.5888638863381802
FinishedSize : 8506954.173923492
TETS
Total Read / Write : 109.19559778604109
CPU intensive
Task Time : 198202
CPU Time : 158130
========================================
Task Size >> {0=15337496}
Update attemptID:attempt_1453208336177_0002_m_000000_0
attempt_1453208336177_0002_m_000000_0:MAP:MAP:0.5667868
FILE_BYTES_READ : 0
HDFS_BYTES_READ : 13023398
FILE_BYTES_WRITTEN : 116714
HBW_BYTES_WRITTEN : 0
CPU/Time : 0.8016904877782303
Written/Time : 0.5796227689434948
FinishedSize : 8693090.671365261
TETS
Total Read / Write : 111.58385455043954
CPU intensive
Task Time : 201362
CPU Time : 161430
========================================
Task Size >> {0=15337496}
Update attemptID:attempt_1453208336177_0002_m_000000_0
attempt_1453208336177_0002_m_000000_0:MAP:MAP:0.5786531
FILE_BYTES_READ : 0
HDFS_BYTES_READ : 13295045
FILE_BYTES_WRITTEN : 116714
HBW_BYTES_WRITTEN : 0
CPU/Time : 0.8054839797968932
Written/Time : 0.5706644240501069
FinishedSize : 8875089.5629673
TETS
Total Read / Write : 113.91131312438954
CPU intensive
Task Time : 204523
CPU Time : 164740
========================================
Task Size >> {0=15337496}
Update attemptID:attempt_1453208336177_0002_m_000000_0
attempt_1453208336177_0002_m_000000_0:MAP:MAP:0.5906368
FILE_BYTES_READ : 0
HDFS_BYTES_READ : 13569238
FILE_BYTES_WRITTEN : 116714
HBW_BYTES_WRITTEN : 0
CPU/Time : 0.8091503079152763
Written/Time : 0.5619706577686615
FinishedSize : 9058889.400990963
TETS
Total Read / Write : 116.26058570522817
CPU intensive
Task Time : 207687
CPU Time : 168050
========================================
Task Size >> {0=15337496}
Update attemptID:attempt_1453208336177_0002_m_000000_0
attempt_1453208336177_0002_m_000000_0:MAP:MAP:0.60249037
FILE_BYTES_READ : 0
HDFS_BYTES_READ : 13842337
FILE_BYTES_WRITTEN : 116714
HBW_BYTES_WRITTEN : 0
CPU/Time : 0.8126962146576499
Written/Time : 0.5534984302827388
FinishedSize : 9240693.570974827
TETS
Total Read / Write : 118.60048494610758
CPU intensive
Task Time : 210866
CPU Time : 171370
========================================
Task Size >> {0=15337496}
Update attemptID:attempt_1453208336177_0002_m_000000_0
attempt_1453208336177_0002_m_000000_0:MAP:MAP:0.6143035
FILE_BYTES_READ : 0
HDFS_BYTES_READ : 14114359
FILE_BYTES_WRITTEN : 116714
HBW_BYTES_WRITTEN : 0
CPU/Time : 0.8160776691771477
Written/Time : 0.5453007905212207
FinishedSize : 9421877.922850132
TETS
Total Read / Write : 120.9311565022191
CPU intensive
Task Time : 214036
CPU Time : 174670
========================================
Task Size >> {0=15337496}
Update attemptID:attempt_1453208336177_0002_m_000000_0
attempt_1453208336177_0002_m_000000_0:MAP:MAP:0.62609273
FILE_BYTES_READ : 0
HDFS_BYTES_READ : 14387939
FILE_BYTES_WRITTEN : 116714
HBW_BYTES_WRITTEN : 0
CPU/Time : 0.8194796764436424
Written/Time : 0.5373300615530521
FinishedSize : 9602694.771953106
TETS
Total Read / Write : 123.27517692821769
CPU intensive
Task Time : 217211
CPU Time : 178000
========================================
Task Size >> {0=15337496}
Update attemptID:attempt_1453208336177_0002_m_000000_0
attempt_1453208336177_0002_m_000000_0:MAP:MAP:0.6374895
FILE_BYTES_READ : 0
HDFS_BYTES_READ : 14647891
FILE_BYTES_WRITTEN : 116714
HBW_BYTES_WRITTEN : 0
CPU/Time : 0.8227270871050733
Written/Time : 0.5295817849348198
FinishedSize : 9777492.620426655
TETS
Total Read / Write : 125.50243329849033
CPU intensive
Task Time : 220389
CPU Time : 181320
========================================
Task Size >> {0=15337496}
Update attemptID:attempt_1453208336177_0002_m_000000_0
attempt_1453208336177_0002_m_000000_0:MAP:MAP:0.6488859
FILE_BYTES_READ : 0
HDFS_BYTES_READ : 14911556
FILE_BYTES_WRITTEN : 116714
HBW_BYTES_WRITTEN : 0
CPU/Time : 0.825878079765249
Written/Time : 0.5220794789672386
FinishedSize : 9952284.983784199
TETS
Total Read / Write : 127.76150247613825
CPU intensive
Task Time : 223556
CPU Time : 184630
========================================
Task Size >> {0=15337496}
Update attemptID:attempt_1453208336177_0002_m_000000_0
attempt_1453208336177_0002_m_000000_0:MAP:MAP:0.66036826
FILE_BYTES_READ : 0
HDFS_BYTES_READ : 15173802
FILE_BYTES_WRITTEN : 116714
HBW_BYTES_WRITTEN : 0
CPU/Time : 0.8288969359085757
Written/Time : 0.5147867662301575
FinishedSize : 1.012839560335493E7
TETS
Total Read / Write : 130.00841372928699
CPU intensive
Task Time : 226723
CPU Time : 187930
========================================
Task Size >> {0=15337496}
Update attemptID:attempt_1453208336177_0002_m_000000_0
attempt_1453208336177_0002_m_000000_0:MAP:SORT:0.66036826
FILE_BYTES_READ : 0
HDFS_BYTES_READ : 15173802
FILE_BYTES_WRITTEN : 116714
HBW_BYTES_WRITTEN : 0
CPU/Time : 0.822209680312556
Written/Time : 0.5106336435268434
FinishedSize : 1.012839560335493E7
TETS
Total Read / Write : 130.00841372928699
CPU intensive
Task Time : 228567
CPU Time : 187930
========================================
Task Size >> {0=15337496}
Update attemptID:attempt_1453208336177_0002_m_000000_0
attempt_1453208336177_0002_m_000000_0:MAP:SORT:0.667
FILE_BYTES_READ : 0
HDFS_BYTES_READ : 15337670
FILE_BYTES_WRITTEN : 116714
HBW_BYTES_WRITTEN : 0
CPU/Time : 0.8316186482336206
Written/Time : 0.5077236957155349
FinishedSize : 1.0230109766178608E7
TETS
Total Read / Write : 131.41242695820551
CPU intensive
Task Time : 229877
CPU Time : 191170
========================================
Task Size >> {0=15337496}
Update attemptID:attempt_1453208336177_0002_m_000000_0
attempt_1453208336177_0002_m_000000_0:MAP:SORT:0.667
FILE_BYTES_READ : 0
HDFS_BYTES_READ : 15337670
FILE_BYTES_WRITTEN : 116714
HBW_BYTES_WRITTEN : 0
CPU/Time : 0.8343990044200318
Written/Time : 0.5008539673003476
FinishedSize : 1.0230109766178608E7
TETS
Total Read / Write : 131.41242695820551
CPU intensive
Task Time : 233030
CPU Time : 194440
========================================
Task Size >> {0=15337496}
Update attemptID:attempt_1453208336177_0002_m_000000_0
attempt_1453208336177_0002_m_000000_0:MAP:SORT:0.667
FILE_BYTES_READ : 0
HDFS_BYTES_READ : 15337670
FILE_BYTES_WRITTEN : 116714
HBW_BYTES_WRITTEN : 0
CPU/Time : 0.848707471221423
Written/Time : 0.4590178118449359
FinishedSize : 1.0230109766178608E7
TETS
Total Read / Write : 131.41242695820551
CPU intensive
Task Time : 254269
CPU Time : 215800
========================================
Task Size >> {0=15337496}
Update attemptID:attempt_1453208336177_0002_m_000000_0
attempt_1453208336177_0002_m_000000_0:MAP:SORT:0.667
FILE_BYTES_READ : 0
HDFS_BYTES_READ : 15337670
FILE_BYTES_WRITTEN : 116714
HBW_BYTES_WRITTEN : 0
CPU/Time : 0.851200186436728
Written/Time : 0.45332867241513247
FinishedSize : 1.0230109766178608E7
TETS
Total Read / Write : 131.41242695820551
CPU intensive
Task Time : 257460
CPU Time : 219150
========================================
Task Size >> {0=15337496}
Update attemptID:attempt_1453208336177_0002_m_000000_0
attempt_1453208336177_0002_m_000000_0:MAP:SORT:0.667
FILE_BYTES_READ : 0
HDFS_BYTES_READ : 15337670
FILE_BYTES_WRITTEN : 116714
HBW_BYTES_WRITTEN : 0
CPU/Time : 0.853689884709087
Written/Time : 0.44778913848337776
FinishedSize : 1.0230109766178608E7
TETS
Total Read / Write : 131.41242695820551
CPU intensive
Task Time : 260645
CPU Time : 222510
========================================
Task Size >> {0=15337496}
Update attemptID:attempt_1453208336177_0002_m_000000_0
attempt_1453208336177_0002_m_000000_0:MAP:SORT:0.667
FILE_BYTES_READ : 0
HDFS_BYTES_READ : 15337670
FILE_BYTES_WRITTEN : 116714
HBW_BYTES_WRITTEN : 0
CPU/Time : 0.8560967567096351
Written/Time : 0.44237161580824524
FinishedSize : 1.0230109766178608E7
TETS
Total Read / Write : 131.41242695820551
CPU intensive
Task Time : 263837
CPU Time : 225870
========================================
Task Size >> {0=15337496}
Update attemptID:attempt_1453208336177_0002_m_000000_0
attempt_1453208336177_0002_m_000000_0:MAP:SORT:0.667
FILE_BYTES_READ : 0
HDFS_BYTES_READ : 15337670
FILE_BYTES_WRITTEN : 116714
HBW_BYTES_WRITTEN : 0
CPU/Time : 0.8583711881481038
Written/Time : 0.4370836126413236
FinishedSize : 1.0230109766178608E7
TETS
Total Read / Write : 131.41242695820551
CPU intensive
Task Time : 267029
CPU Time : 229210
========================================
Task Size >> {0=15337496}
Update attemptID:attempt_1453208336177_0002_m_000000_0
attempt_1453208336177_0002_m_000000_0:MAP:SORT:0.667
FILE_BYTES_READ : 0
HDFS_BYTES_READ : 15337670
FILE_BYTES_WRITTEN : 116714
HBW_BYTES_WRITTEN : 0
CPU/Time : 0.8606384474757418
Written/Time : 0.4319253343596652
FinishedSize : 1.0230109766178608E7
TETS
Total Read / Write : 131.41242695820551
CPU intensive
Task Time : 270218
CPU Time : 232560
========================================
Task Size >> {0=15337496}
Update attemptID:attempt_1453208336177_0002_m_000000_0
attempt_1453208336177_0002_m_000000_0:MAP:SORT:0.667
FILE_BYTES_READ : 0
HDFS_BYTES_READ : 15337670
FILE_BYTES_WRITTEN : 116714
HBW_BYTES_WRITTEN : 0
CPU/Time : 0.8629530741377418
Written/Time : 0.4268827036319081
FinishedSize : 1.0230109766178608E7
TETS
Total Read / Write : 131.41242695820551
CPU intensive
Task Time : 273410
CPU Time : 235940
========================================
Task Size >> {0=15337496}
Update attemptID:attempt_1453208336177_0002_m_000000_0
attempt_1453208336177_0002_m_000000_0:MAP:SORT:0.667
FILE_BYTES_READ : 0
HDFS_BYTES_READ : 15337670
FILE_BYTES_WRITTEN : 116714
HBW_BYTES_WRITTEN : 0
CPU/Time : 0.8651861278112584
Written/Time : 0.42194272823568113
FinishedSize : 1.0230109766178608E7
TETS
Total Read / Write : 131.41242695820551
CPU intensive
Task Time : 276611
CPU Time : 239320
========================================
Task Size >> {0=15337496}
Update attemptID:attempt_1453208336177_0002_m_000000_0
attempt_1453208336177_0002_m_000000_0:MAP:SORT:0.667
FILE_BYTES_READ : 0
HDFS_BYTES_READ : 15337670
FILE_BYTES_WRITTEN : 116714
HBW_BYTES_WRITTEN : 0
CPU/Time : 0.8673711898388555
Written/Time : 0.4171172684419126
FinishedSize : 1.0230109766178608E7
TETS
Total Read / Write : 131.41242695820551
CPU intensive
Task Time : 279811
CPU Time : 242700
========================================
Task Size >> {0=15337496}
Update attemptID:attempt_1453208336177_0002_m_000000_0
attempt_1453208336177_0002_m_000000_0:MAP:SORT:0.667
FILE_BYTES_READ : 0
HDFS_BYTES_READ : 15337670
FILE_BYTES_WRITTEN : 116714
HBW_BYTES_WRITTEN : 0
CPU/Time : 0.8695083728211054
Written/Time : 0.4124184184396411
FinishedSize : 1.0230109766178608E7
TETS
Total Read / Write : 131.41242695820551
CPU intensive
Task Time : 282999
CPU Time : 246070
========================================
Task Size >> {0=15337496}
Update attemptID:attempt_1453208336177_0002_m_000000_0
attempt_1453208336177_0002_m_000000_0:MAP:SORT:0.667
FILE_BYTES_READ : 0
HDFS_BYTES_READ : 15337670
FILE_BYTES_WRITTEN : 116714
HBW_BYTES_WRITTEN : 0
CPU/Time : 0.8716054731722316
Written/Time : 0.4078114299291395
FinishedSize : 1.0230109766178608E7
TETS
Total Read / Write : 131.41242695820551
CPU intensive
Task Time : 286196
CPU Time : 249450
========================================
Task Size >> {0=15337496}
Update attemptID:attempt_1453208336177_0002_m_000000_0
attempt_1453208336177_0002_m_000000_0:MAP:SORT:0.667
FILE_BYTES_READ : 0
HDFS_BYTES_READ : 15337670
FILE_BYTES_WRITTEN : 116714
HBW_BYTES_WRITTEN : 0
CPU/Time : 0.8736139761650548
Written/Time : 0.4032867207773136
FinishedSize : 1.0230109766178608E7
TETS
Total Read / Write : 131.41242695820551
CPU intensive
Task Time : 289407
CPU Time : 252830
========================================
Task Size >> {0=15337496}
Update attemptID:attempt_1453208336177_0002_m_000000_0
attempt_1453208336177_0002_m_000000_0:MAP:SORT:0.667
FILE_BYTES_READ : 0
HDFS_BYTES_READ : 15337670
FILE_BYTES_WRITTEN : 116714
HBW_BYTES_WRITTEN : 0
CPU/Time : 0.8804690757356393
Written/Time : 0.38317263024501064
FinishedSize : 1.0230109766178608E7
TETS
Total Read / Write : 131.41242695820551
CPU intensive
Task Time : 304599
CPU Time : 268190
========================================
Task Size >> {0=15337496}
Update attemptID:attempt_1453208336177_0002_m_000000_0
attempt_1453208336177_0002_m_000000_0:MAP:SORT:0.667
FILE_BYTES_READ : 0
HDFS_BYTES_READ : 15337670
FILE_BYTES_WRITTEN : 116714
HBW_BYTES_WRITTEN : 0
CPU/Time : 0.8821780537495004
Written/Time : 0.37923583559970236
FinishedSize : 1.0230109766178608E7
TETS
Total Read / Write : 131.41242695820551
CPU intensive
Task Time : 307761
CPU Time : 271500
========================================
Task Size >> {0=15337496}
Update attemptID:attempt_1453208336177_0002_m_000000_0
attempt_1453208336177_0002_m_000000_0:MAP:SORT:0.667
FILE_BYTES_READ : 0
HDFS_BYTES_READ : 15337670
FILE_BYTES_WRITTEN : 116714
HBW_BYTES_WRITTEN : 0
CPU/Time : 0.8838323738462033
Written/Time : 0.3753706622069276
FinishedSize : 1.0230109766178608E7
TETS
Total Read / Write : 131.41242695820551
CPU intensive
Task Time : 310930
CPU Time : 274810
========================================
Task Size >> {0=15337496}
Update attemptID:attempt_1453208336177_0002_m_000000_0
attempt_1453208336177_0002_m_000000_0:MAP:SORT:0.667
FILE_BYTES_READ : 0
HDFS_BYTES_READ : 15337670
FILE_BYTES_WRITTEN : 116714
HBW_BYTES_WRITTEN : 0
CPU/Time : 0.8854279419817388
Written/Time : 0.37157283482114434
FinishedSize : 1.0230109766178608E7
TETS
Total Read / Write : 131.41242695820551
CPU intensive
Task Time : 314108
CPU Time : 278120
========================================
Task Size >> {0=15337496}
Update attemptID:attempt_1453208336177_0002_m_000000_0
attempt_1453208336177_0002_m_000000_0:MAP:SORT:0.667
FILE_BYTES_READ : 0
HDFS_BYTES_READ : 15337670
FILE_BYTES_WRITTEN : 116714
HBW_BYTES_WRITTEN : 0
CPU/Time : 0.8870215341166978
Written/Time : 0.36787659488627766
FinishedSize : 1.0230109766178608E7
TETS
Total Read / Write : 131.41242695820551
CPU intensive
Task Time : 317264
CPU Time : 281420
========================================
Task Size >> {0=15337496}
Update attemptID:attempt_1453208336177_0002_m_000000_0
attempt_1453208336177_0002_m_000000_0:MAP:SORT:0.667
FILE_BYTES_READ : 0
HDFS_BYTES_READ : 15337670
FILE_BYTES_WRITTEN : 116714
HBW_BYTES_WRITTEN : 0
CPU/Time : 0.8885920534803085
Written/Time : 0.3642565781466027
FinishedSize : 1.0230109766178608E7
TETS
Total Read / Write : 131.41242695820551
CPU intensive
Task Time : 320417
CPU Time : 284720
========================================
Task Size >> {0=15337496}
Update attemptID:attempt_1453208336177_0002_m_000000_0
attempt_1453208336177_0002_m_000000_0:MAP:SORT:0.667
FILE_BYTES_READ : 0
HDFS_BYTES_READ : 15337670
FILE_BYTES_WRITTEN : 116714
HBW_BYTES_WRITTEN : 0
CPU/Time : 0.8901264633528241
Written/Time : 0.3607048817573832
FinishedSize : 1.0230109766178608E7
TETS
Total Read / Write : 131.41242695820551
CPU intensive
Task Time : 323572
CPU Time : 288020
========================================
Task Size >> {0=15337496}
Update attemptID:attempt_1453208336177_0002_m_000000_0
attempt_1453208336177_0002_m_000000_0:MAP:SORT:0.667
FILE_BYTES_READ : 0
HDFS_BYTES_READ : 15337670
FILE_BYTES_WRITTEN : 116714
HBW_BYTES_WRITTEN : 0
CPU/Time : 0.891500627429376
Written/Time : 0.3572184984543813
FinishedSize : 1.0230109766178608E7
TETS
Total Read / Write : 131.41242695820551
CPU intensive
Task Time : 326730
CPU Time : 291280
========================================
Task Size >> {0=15337496}
Update attemptID:attempt_1453208336177_0002_m_000000_0
attempt_1453208336177_0002_m_000000_0:MAP:SORT:0.667
FILE_BYTES_READ : 0
HDFS_BYTES_READ : 15337670
FILE_BYTES_WRITTEN : 116714
HBW_BYTES_WRITTEN : 0
CPU/Time : 0.8967699668924531
Written/Time : 0.34135284689806855
FinishedSize : 1.0230109766178608E7
TETS
Total Read / Write : 131.41242695820551
CPU intensive
Task Time : 341916
CPU Time : 306620
========================================
Task Size >> {0=15337496}
Update attemptID:attempt_1453208336177_0002_m_000000_0
attempt_1453208336177_0002_m_000000_0:MAP:SORT:0.667
FILE_BYTES_READ : 0
HDFS_BYTES_READ : 15337670
FILE_BYTES_WRITTEN : 116714
HBW_BYTES_WRITTEN : 0
CPU/Time : 0.8999404729693166
Written/Time : 0.332422864076149
FinishedSize : 1.0230109766178608E7
TETS
Total Read / Write : 131.41242695820551
CPU intensive
Task Time : 351101
CPU Time : 315970
========================================
Task Size >> {0=15337496}
Update attemptID:attempt_1453208336177_0002_m_000000_0
attempt_1453208336177_0002_m_000000_0:MAP:SORT:0.667
FILE_BYTES_READ : 0
HDFS_BYTES_READ : 15337670
FILE_BYTES_WRITTEN : 116714
HBW_BYTES_WRITTEN : 0
CPU/Time : 0.9011951201612312
Written/Time : 0.32944557037773026
FinishedSize : 1.0230109766178608E7
TETS
Total Read / Write : 131.41242695820551
CPU intensive
Task Time : 354274
CPU Time : 319270
========================================
Task Size >> {0=15337496}
Update attemptID:attempt_1453208336177_0002_m_000000_0
attempt_1453208336177_0002_m_000000_0:MAP:SORT:0.667
FILE_BYTES_READ : 0
HDFS_BYTES_READ : 15337670
FILE_BYTES_WRITTEN : 116714
HBW_BYTES_WRITTEN : 0
CPU/Time : 0.9024731423455685
Written/Time : 0.3265275290957923
FinishedSize : 1.0230109766178608E7
TETS
Total Read / Write : 131.41242695820551
CPU intensive
Task Time : 357440
CPU Time : 322580
========================================
Task Size >> {0=15337496}
Update attemptID:attempt_1453208336177_0002_m_000000_0
attempt_1453208336177_0002_m_000000_0:MAP:SORT:0.667
FILE_BYTES_READ : 0
HDFS_BYTES_READ : 15337670
FILE_BYTES_WRITTEN : 116714
HBW_BYTES_WRITTEN : 0
CPU/Time : 0.9037312294615992
Written/Time : 0.3236616242148611
FinishedSize : 1.0230109766178608E7
TETS
Total Read / Write : 131.41242695820551
CPU intensive
Task Time : 360605
CPU Time : 325890
========================================
Task Size >> {0=15337496}
Update attemptID:attempt_1453208336177_0002_m_000000_0
attempt_1453208336177_0002_m_000000_0:MAP:SORT:0.667
FILE_BYTES_READ : 0
HDFS_BYTES_READ : 15337670
FILE_BYTES_WRITTEN : 116714
HBW_BYTES_WRITTEN : 0
CPU/Time : 0.9049774999518936
Written/Time : 0.32083941535611105
FinishedSize : 1.0230109766178608E7
TETS
Total Read / Write : 131.41242695820551
CPU intensive
Task Time : 363777
CPU Time : 329210
========================================
Task Size >> {0=15337496}
Update attemptID:attempt_1453208336177_0002_m_000000_0
attempt_1453208336177_0002_m_000000_0:MAP:SORT:0.667
FILE_BYTES_READ : 0
HDFS_BYTES_READ : 15337670
FILE_BYTES_WRITTEN : 116714
HBW_BYTES_WRITTEN : 0
CPU/Time : 0.906184850590688
Written/Time : 0.31806946545122566
FinishedSize : 1.0230109766178608E7
TETS
Total Read / Write : 131.41242695820551
CPU intensive
Task Time : 366945
CPU Time : 332520
========================================
Task Size >> {0=15337496}
Update attemptID:attempt_1453208336177_0002_m_000000_0
attempt_1453208336177_0002_m_000000_0:MAP:SORT:0.667
FILE_BYTES_READ : 0
HDFS_BYTES_READ : 15337670
FILE_BYTES_WRITTEN : 116714
HBW_BYTES_WRITTEN : 0
CPU/Time : 0.9072929275462562
Written/Time : 0.31534778661594326
FinishedSize : 1.0230109766178608E7
TETS
Total Read / Write : 131.41242695820551
CPU intensive
Task Time : 370112
CPU Time : 335800
========================================
Task Size >> {0=15337496}
Update attemptID:attempt_1453208336177_0002_m_000000_0
attempt_1453208336177_0002_m_000000_0:MAP:SORT:0.667
FILE_BYTES_READ : 0
HDFS_BYTES_READ : 15337670
FILE_BYTES_WRITTEN : 116714
HBW_BYTES_WRITTEN : 0
CPU/Time : 0.9092068756577478
Written/Time : 0.31017529312965736
FinishedSize : 1.0230109766178608E7
TETS
Total Read / Write : 131.41242695820551
CPU intensive
Task Time : 376284
CPU Time : 342120
========================================
Task Size >> {0=15337496}
Update attemptID:attempt_1453208336177_0002_m_000000_0
attempt_1453208336177_0002_m_000000_0:MAP:SORT:0.667
FILE_BYTES_READ : 0
HDFS_BYTES_READ : 15337670
FILE_BYTES_WRITTEN : 116714
HBW_BYTES_WRITTEN : 0
CPU/Time : 0.9103654374734823
Written/Time : 0.307576759789492
FinishedSize : 1.0230109766178608E7
TETS
Total Read / Write : 131.41242695820551
CPU intensive
Task Time : 379463
CPU Time : 345450
========================================
Task Size >> {0=15337496}
Update attemptID:attempt_1453208336177_0002_m_000000_0
attempt_1453208336177_0002_m_000000_0:MAP:SORT:0.667
FILE_BYTES_READ : 0
HDFS_BYTES_READ : 15337670
FILE_BYTES_WRITTEN : 116714
HBW_BYTES_WRITTEN : 0
CPU/Time : 0.9114549303504691
Written/Time : 0.3050309698664506
FinishedSize : 1.0230109766178608E7
TETS
Total Read / Write : 131.41242695820551
CPU intensive
Task Time : 382630
CPU Time : 348750
========================================
Task Size >> {0=15337496}
Update attemptID:attempt_1453208336177_0002_m_000000_0
attempt_1453208336177_0002_m_000000_0:MAP:SORT:0.667
FILE_BYTES_READ : 0
HDFS_BYTES_READ : 15337670
FILE_BYTES_WRITTEN : 116714
HBW_BYTES_WRITTEN : 0
CPU/Time : 0.9125454587870572
Written/Time : 0.30253325004082543
FinishedSize : 1.0230109766178608E7
TETS
Total Read / Write : 131.41242695820551
CPU intensive
Task Time : 385789
CPU Time : 352050
========================================
Task Size >> {0=15337496}
Update attemptID:attempt_1453208336177_0002_m_000000_0
attempt_1453208336177_0002_m_000000_0:MAP:SORT:0.667
FILE_BYTES_READ : 0
HDFS_BYTES_READ : 15337670
FILE_BYTES_WRITTEN : 116714
HBW_BYTES_WRITTEN : 0
CPU/Time : 0.9136648661433923
Written/Time : 0.30006607346237796
FinishedSize : 1.0230109766178608E7
TETS
Total Read / Write : 131.41242695820551
CPU intensive
Task Time : 388961
CPU Time : 355380
========================================
Task Size >> {0=15337496}
Update attemptID:attempt_1453208336177_0002_m_000000_0
attempt_1453208336177_0002_m_000000_0:MAP:SORT:0.667
FILE_BYTES_READ : 0
HDFS_BYTES_READ : 15337670
FILE_BYTES_WRITTEN : 116714
HBW_BYTES_WRITTEN : 0
CPU/Time : 0.9147011646380493
Written/Time : 0.2976342572404173
FinishedSize : 1.0230109766178608E7
TETS
Total Read / Write : 131.41242695820551
CPU intensive
Task Time : 392139
CPU Time : 358690
========================================
Task Size >> {0=15337496}
Update attemptID:attempt_1453208336177_0002_m_000000_0
attempt_1453208336177_0002_m_000000_0:MAP:SORT:0.667
FILE_BYTES_READ : 0
HDFS_BYTES_READ : 15337670
FILE_BYTES_WRITTEN : 116714
HBW_BYTES_WRITTEN : 0
CPU/Time : 0.9157598109895224
Written/Time : 0.2952378061428405
FinishedSize : 1.0230109766178608E7
TETS
Total Read / Write : 131.41242695820551
CPU intensive
Task Time : 395322
CPU Time : 362020
========================================
Task Size >> {0=15337496}
Update attemptID:attempt_1453208336177_0002_m_000000_0
attempt_1453208336177_0002_m_000000_0:MAP:SORT:0.667
FILE_BYTES_READ : 0
HDFS_BYTES_READ : 15337670
FILE_BYTES_WRITTEN : 116714
HBW_BYTES_WRITTEN : 0
CPU/Time : 0.9167768763033806
Written/Time : 0.2928958073493725
FinishedSize : 1.0230109766178608E7
TETS
Total Read / Write : 131.41242695820551
CPU intensive
Task Time : 398483
CPU Time : 365320
========================================
Task Size >> {0=15337496}
Update attemptID:attempt_1453208336177_0002_m_000000_0
attempt_1453208336177_0002_m_000000_0:MAP:SORT:0.667
FILE_BYTES_READ : 0
HDFS_BYTES_READ : 15337670
FILE_BYTES_WRITTEN : 116714
HBW_BYTES_WRITTEN : 0
CPU/Time : 0.9177776947878155
Written/Time : 0.2905827140207392
FinishedSize : 1.0230109766178608E7
TETS
Total Read / Write : 131.41242695820551
CPU intensive
Task Time : 401655
CPU Time : 368630
========================================
Task Size >> {0=15337496}
Update attemptID:attempt_1453208336177_0002_m_000000_0
attempt_1453208336177_0002_m_000000_0:MAP:SORT:0.667
FILE_BYTES_READ : 0
HDFS_BYTES_READ : 15337670
FILE_BYTES_WRITTEN : 116714
HBW_BYTES_WRITTEN : 0
CPU/Time : 0.9187466808284652
Written/Time : 0.2882930504267065
FinishedSize : 1.0230109766178608E7
TETS
Total Read / Write : 131.41242695820551
CPU intensive
Task Time : 404845
CPU Time : 371950
========================================
Task Size >> {0=15337496}
Update attemptID:attempt_1453208336177_0002_m_000000_0
attempt_1453208336177_0002_m_000000_0:MAP:SORT:0.667
FILE_BYTES_READ : 0
HDFS_BYTES_READ : 15337670
FILE_BYTES_WRITTEN : 116714
HBW_BYTES_WRITTEN : 0
CPU/Time : 0.9197168669088199
Written/Time : 0.2860595187325677
FinishedSize : 1.0230109766178608E7
TETS
Total Read / Write : 131.41242695820551
CPU intensive
Task Time : 408006
CPU Time : 375250
========================================
Task Size >> {0=15337496}
Update attemptID:attempt_1453208336177_0002_m_000000_0
attempt_1453208336177_0002_m_000000_0:MAP:SORT:0.667
FILE_BYTES_READ : 0
HDFS_BYTES_READ : 15337670
FILE_BYTES_WRITTEN : 116714
HBW_BYTES_WRITTEN : 0
CPU/Time : 0.9206564617412579
Written/Time : 0.28385549669969407
FinishedSize : 1.0230109766178608E7
TETS
Total Read / Write : 131.41242695820551
CPU intensive
Task Time : 411174
CPU Time : 378550
========================================
Task Size >> {0=15337496}
Update attemptID:attempt_1453208336177_0002_m_000000_0
attempt_1453208336177_0002_m_000000_0:MAP:SORT:0.667
FILE_BYTES_READ : 0
HDFS_BYTES_READ : 15337670
FILE_BYTES_WRITTEN : 116714
HBW_BYTES_WRITTEN : 0
CPU/Time : 0.9215902536267736
Written/Time : 0.28168041916355535
FinishedSize : 1.0230109766178608E7
TETS
Total Read / Write : 131.41242695820551
CPU intensive
Task Time : 414349
CPU Time : 381860
========================================
Task Size >> {0=15337496}
Update attemptID:attempt_1453208336177_0002_m_000000_0
attempt_1453208336177_0002_m_000000_0:MAP:SORT:0.667
FILE_BYTES_READ : 0
HDFS_BYTES_READ : 15337670
FILE_BYTES_WRITTEN : 116714
HBW_BYTES_WRITTEN : 0
CPU/Time : 0.9225595999367716
Written/Time : 0.2795317267575814
FinishedSize : 1.0230109766178608E7
TETS
Total Read / Write : 131.41242695820551
CPU intensive
Task Time : 417534
CPU Time : 385200
========================================
Task Size >> {0=15337496}
Update attemptID:attempt_1453208336177_0002_m_000000_0
attempt_1453208336177_0002_m_000000_0:MAP:SORT:0.667
FILE_BYTES_READ : 0
HDFS_BYTES_READ : 15337670
FILE_BYTES_WRITTEN : 116714
HBW_BYTES_WRITTEN : 0
CPU/Time : 0.9235084383170906
Written/Time : 0.2774280960304255
FinishedSize : 1.0230109766178608E7
TETS
Total Read / Write : 131.41242695820551
CPU intensive
Task Time : 420700
CPU Time : 388520
========================================
Task Size >> {0=15337496}
Update attemptID:attempt_1453208336177_0002_m_000000_0
attempt_1453208336177_0002_m_000000_0:MAP:SORT:0.667
FILE_BYTES_READ : 0
HDFS_BYTES_READ : 15337670
FILE_BYTES_WRITTEN : 116714
HBW_BYTES_WRITTEN : 0
CPU/Time : 0.9244448848248072
Written/Time : 0.2753493946342798
FinishedSize : 1.0230109766178608E7
TETS
Total Read / Write : 131.41242695820551
CPU intensive
Task Time : 423876
CPU Time : 391850
========================================
Task Size >> {0=15337496}
Update attemptID:attempt_1453208336177_0002_m_000000_0
attempt_1453208336177_0002_m_000000_0:MAP:SORT:0.667
FILE_BYTES_READ : 0
HDFS_BYTES_READ : 15337670
FILE_BYTES_WRITTEN : 116714
HBW_BYTES_WRITTEN : 0
CPU/Time : 0.9253591541874978
Written/Time : 0.27330609186385507
FinishedSize : 1.0230109766178608E7
TETS
Total Read / Write : 131.41242695820551
CPU intensive
Task Time : 427045
CPU Time : 395170
========================================
Task Size >> {0=15337496}
Update attemptID:attempt_1453208336177_0002_m_000000_0
attempt_1453208336177_0002_m_000000_0:MAP:SORT:0.667
FILE_BYTES_READ : 0
HDFS_BYTES_READ : 15337670
FILE_BYTES_WRITTEN : 116714
HBW_BYTES_WRITTEN : 0
CPU/Time : 0.9262302512453018
Written/Time : 0.271290999658312
FinishedSize : 1.0230109766178608E7
TETS
Total Read / Write : 131.41242695820551
CPU intensive
Task Time : 430217
CPU Time : 398480
========================================
Task Size >> {0=15337496}
Update attemptID:attempt_1453208336177_0002_m_000000_0
attempt_1453208336177_0002_m_000000_0:MAP:SORT:0.667
FILE_BYTES_READ : 0
HDFS_BYTES_READ : 15337670
FILE_BYTES_WRITTEN : 116714
HBW_BYTES_WRITTEN : 0
CPU/Time : 0.9281503903138442
Written/Time : 0.26562734700380075
FinishedSize : 1.0230109766178608E7
TETS
Total Read / Write : 131.41242695820551
CPU intensive
Task Time : 439390
CPU Time : 407820
========================================
Task Size >> {0=15337496}
Update attemptID:attempt_1453208336177_0002_m_000000_0
attempt_1453208336177_0002_m_000000_0:MAP:SORT:0.667
FILE_BYTES_READ : 0
HDFS_BYTES_READ : 15337670
FILE_BYTES_WRITTEN : 116714
HBW_BYTES_WRITTEN : 0
CPU/Time : 0.9290102743827349
Written/Time : 0.26372648043076935
FinishedSize : 1.0230109766178608E7
TETS
Total Read / Write : 131.41242695820551
CPU intensive
Task Time : 442557
CPU Time : 411140
========================================
Task Size >> {0=15337496}
Update attemptID:attempt_1453208336177_0002_m_000000_0
attempt_1453208336177_0002_m_000000_0:MAP:SORT:0.667
FILE_BYTES_READ : 0
HDFS_BYTES_READ : 15337670
FILE_BYTES_WRITTEN : 116714
HBW_BYTES_WRITTEN : 0
CPU/Time : 0.9298516805129597
Written/Time : 0.26185086386958834
FinishedSize : 1.0230109766178608E7
TETS
Total Read / Write : 131.41242695820551
CPU intensive
Task Time : 445727
CPU Time : 414460
========================================
Task Size >> {0=15337496}
Update attemptID:attempt_1453208336177_0002_m_000000_0
attempt_1453208336177_0002_m_000000_0:MAP:SORT:0.667
FILE_BYTES_READ : 0
HDFS_BYTES_READ : 15337670
FILE_BYTES_WRITTEN : 116714
HBW_BYTES_WRITTEN : 0
CPU/Time : 0.9306309577646145
Written/Time : 0.26000637128555165
FinishedSize : 1.0230109766178608E7
TETS
Total Read / Write : 131.41242695820551
CPU intensive
Task Time : 448889
CPU Time : 417750
========================================
Task Size >> {0=15337496}
Update attemptID:attempt_1453208336177_0002_m_000000_0
attempt_1453208336177_0002_m_000000_0:MAP:SORT:0.667
FILE_BYTES_READ : 0
HDFS_BYTES_READ : 15337670
FILE_BYTES_WRITTEN : 116714
HBW_BYTES_WRITTEN : 0
CPU/Time : 0.9314111526005627
Written/Time : 0.25818482665864406
FinishedSize : 1.0230109766178608E7
TETS
Total Read / Write : 131.41242695820551
CPU intensive
Task Time : 452056
CPU Time : 421050
========================================
Task Size >> {0=15337496}
Update attemptID:attempt_1453208336177_0002_m_000000_0
attempt_1453208336177_0002_m_000000_0:MAP:SORT:0.667
FILE_BYTES_READ : 0
HDFS_BYTES_READ : 15337670
FILE_BYTES_WRITTEN : 116714
HBW_BYTES_WRITTEN : 0
CPU/Time : 0.9322300106978655
Written/Time : 0.25638412146800194
FinishedSize : 1.0230109766178608E7
TETS
Total Read / Write : 131.41242695820551
CPU intensive
Task Time : 455231
CPU Time : 424380
========================================
Task Size >> {0=15337496}
Update attemptID:attempt_1453208336177_0002_m_000000_0
attempt_1453208336177_0002_m_000000_0:MAP:SORT:0.667
FILE_BYTES_READ : 0
HDFS_BYTES_READ : 15337670
FILE_BYTES_WRITTEN : 116714
HBW_BYTES_WRITTEN : 0
CPU/Time : 0.9330340294548175
Written/Time : 0.2546133591624727
FinishedSize : 1.0230109766178608E7
TETS
Total Read / Write : 131.41242695820551
CPU intensive
Task Time : 458397
CPU Time : 427700
========================================
Task Size >> {0=15337496}
Update attemptID:attempt_1453208336177_0002_m_000000_0
attempt_1453208336177_0002_m_000000_0:MAP:SORT:0.667
FILE_BYTES_READ : 0
HDFS_BYTES_READ : 15337670
FILE_BYTES_WRITTEN : 116714
HBW_BYTES_WRITTEN : 0
CPU/Time : 0.9337498835493718
Written/Time : 0.252863602191655
FinishedSize : 1.0230109766178608E7
TETS
Total Read / Write : 131.41242695820551
CPU intensive
Task Time : 461569
CPU Time : 430990
========================================
Task Size >> {0=15337496}
Update attemptID:attempt_1453208336177_0002_m_000000_0
attempt_1453208336177_0002_m_000000_0:MAP:SORT:0.667
FILE_BYTES_READ : 0
HDFS_BYTES_READ : 15337670
FILE_BYTES_WRITTEN : 116714
HBW_BYTES_WRITTEN : 0
CPU/Time : 0.9344660194174758
Written/Time : 0.2511404324175446
FinishedSize : 1.0230109766178608E7
TETS
Total Read / Write : 131.41242695820551
CPU intensive
Task Time : 464736
CPU Time : 434280
========================================
Task Size >> {0=15337496}
Update attemptID:attempt_1453208336177_0002_m_000000_0
attempt_1453208336177_0002_m_000000_0:MAP:SORT:0.667
FILE_BYTES_READ : 0
HDFS_BYTES_READ : 15337670
FILE_BYTES_WRITTEN : 116714
HBW_BYTES_WRITTEN : 0
CPU/Time : 0.9355768944911853
Written/Time : 0.24784357361578874
FinishedSize : 1.0230109766178608E7
TETS
Total Read / Write : 131.41242695820551
CPU intensive
Task Time : 470918
CPU Time : 440580
========================================
Task Size >> {0=15337496}
Update attemptID:attempt_1453208336177_0002_m_000000_0
attempt_1453208336177_0002_m_000000_0:MAP:SORT:0.667
FILE_BYTES_READ : 0
HDFS_BYTES_READ : 15337670
FILE_BYTES_WRITTEN : 116714
HBW_BYTES_WRITTEN : 0
CPU/Time : 0.9363128397348144
Written/Time : 0.24618895847351624
FinishedSize : 1.0230109766178608E7
TETS
Total Read / Write : 131.41242695820551
CPU intensive
Task Time : 474083
CPU Time : 443890
========================================
Task Size >> {0=15337496}
Update attemptID:attempt_1453208336177_0002_m_000000_0
attempt_1453208336177_0002_m_000000_0:MAP:SORT:0.667
FILE_BYTES_READ : 0
HDFS_BYTES_READ : 15337670
FILE_BYTES_WRITTEN : 116714
HBW_BYTES_WRITTEN : 0
CPU/Time : 0.9370691497609239
Written/Time : 0.24455321484995413
FinishedSize : 1.0230109766178608E7
TETS
Total Read / Write : 131.41242695820551
CPU intensive
Task Time : 477254
CPU Time : 447220
========================================
Task Size >> {0=15337496}
Update attemptID:attempt_1453208336177_0002_m_000000_0
attempt_1453208336177_0002_m_000000_0:MAP:SORT:0.667
FILE_BYTES_READ : 0
HDFS_BYTES_READ : 15337670
FILE_BYTES_WRITTEN : 116714
HBW_BYTES_WRITTEN : 0
CPU/Time : 0.9377367601635154
Written/Time : 0.24292945691901657
FinishedSize : 1.0230109766178608E7
TETS
Total Read / Write : 131.41242695820551
CPU intensive
Task Time : 480444
CPU Time : 450530
========================================
Task Size >> {0=15337496}
Update attemptID:attempt_1453208336177_0002_m_000000_0
attempt_1453208336177_0002_m_000000_0:MAP:SORT:0.667
FILE_BYTES_READ : 0
HDFS_BYTES_READ : 15337670
FILE_BYTES_WRITTEN : 116714
HBW_BYTES_WRITTEN : 0
CPU/Time : 0.9384524405222218
Written/Time : 0.241331111230579
FinishedSize : 1.0230109766178608E7
TETS
Total Read / Write : 131.41242695820551
CPU intensive
Task Time : 483626
CPU Time : 453860
========================================
Task Size >> {0=15337496}
Update attemptID:attempt_1453208336177_0002_m_000000_0
attempt_1453208336177_0002_m_000000_0:MAP:SORT:0.667
FILE_BYTES_READ : 0
HDFS_BYTES_READ : 15337670
FILE_BYTES_WRITTEN : 116714
HBW_BYTES_WRITTEN : 0
CPU/Time : 0.9391241469697654
Written/Time : 0.2397605557997839
FinishedSize : 1.0230109766178608E7
TETS
Total Read / Write : 131.41242695820551
CPU intensive
Task Time : 486794
CPU Time : 457160
========================================
Task Size >> {0=15337496}
Update attemptID:attempt_1453208336177_0002_m_000000_0
attempt_1453208336177_0002_m_000000_0:MAP:SORT:0.667
FILE_BYTES_READ : 0
HDFS_BYTES_READ : 15337670
FILE_BYTES_WRITTEN : 116714
HBW_BYTES_WRITTEN : 0
CPU/Time : 0.940185850455498
Written/Time : 0.23675343880140454
FinishedSize : 1.0230109766178608E7
TETS
Total Read / Write : 131.41242695820551
CPU intensive
Task Time : 492977
CPU Time : 463490
========================================
Task Size >> {0=15337496}
Update attemptID:attempt_1453208336177_0002_m_000000_0
attempt_1453208336177_0002_m_000000_0:MAP:SORT:0.667
FILE_BYTES_READ : 0
HDFS_BYTES_READ : 15337670
FILE_BYTES_WRITTEN : 116714
HBW_BYTES_WRITTEN : 0
CPU/Time : 0.9408570726024581
Written/Time : 0.2352374464380011
FinishedSize : 1.0230109766178608E7
TETS
Total Read / Write : 131.41242695820551
CPU intensive
Task Time : 496154
CPU Time : 466810
========================================
Task Size >> {0=15337496}
Update attemptID:attempt_1453208336177_0002_m_000000_0
attempt_1453208336177_0002_m_000000_0:MAP:SORT:0.667
FILE_BYTES_READ : 0
HDFS_BYTES_READ : 15337670
FILE_BYTES_WRITTEN : 116714
HBW_BYTES_WRITTEN : 0
CPU/Time : 0.941521638996255
Written/Time : 0.23374121322572247
FinishedSize : 1.0230109766178608E7
TETS
Total Read / Write : 131.41242695820551
CPU intensive
Task Time : 499330
CPU Time : 470130
========================================
Task Size >> {0=15337496}
Update attemptID:attempt_1453208336177_0002_m_000000_0
attempt_1453208336177_0002_m_000000_0:MAP:SORT:0.667
FILE_BYTES_READ : 0
HDFS_BYTES_READ : 15337670
FILE_BYTES_WRITTEN : 116714
HBW_BYTES_WRITTEN : 0
CPU/Time : 0.9421698783455956
Written/Time : 0.2322717512224148
FinishedSize : 1.0230109766178608E7
TETS
Total Read / Write : 131.41242695820551
CPU intensive
Task Time : 502489
CPU Time : 473430
========================================
Task Size >> {0=15337496}
Update attemptID:attempt_1453208336177_0002_m_000000_0
attempt_1453208336177_0002_m_000000_0:MAP:SORT:0.667
FILE_BYTES_READ : 0
HDFS_BYTES_READ : 15337670
FILE_BYTES_WRITTEN : 116714
HBW_BYTES_WRITTEN : 0
CPU/Time : 0.9428122799939882
Written/Time : 0.2308115206024506
FinishedSize : 1.0230109766178608E7
TETS
Total Read / Write : 131.41242695820551
CPU intensive
Task Time : 505668
CPU Time : 476750
========================================
Task Size >> {0=15337496}
Update attemptID:attempt_1453208336177_0002_m_000000_0
attempt_1453208336177_0002_m_000000_0:MAP:SORT:0.667
FILE_BYTES_READ : 0
HDFS_BYTES_READ : 15337670
FILE_BYTES_WRITTEN : 116714
HBW_BYTES_WRITTEN : 0
CPU/Time : 0.9434503630771649
Written/Time : 0.22937043697000067
FinishedSize : 1.0230109766178608E7
TETS
Total Read / Write : 131.41242695820551
CPU intensive
Task Time : 508845
CPU Time : 480070
========================================
Task Size >> {0=15337496}
Update attemptID:attempt_1453208336177_0002_m_000000_0
attempt_1453208336177_0002_m_000000_0:MAP:SORT:0.667
FILE_BYTES_READ : 0
HDFS_BYTES_READ : 15337670
FILE_BYTES_WRITTEN : 116714
HBW_BYTES_WRITTEN : 0
CPU/Time : 0.9440941867641659
Written/Time : 0.22795525034960665
FinishedSize : 1.0230109766178608E7
TETS
Total Read / Write : 131.41242695820551
CPU intensive
Task Time : 512004
CPU Time : 483380
========================================
Task Size >> {0=15337496}
Update attemptID:attempt_1453208336177_0002_m_000000_0
attempt_1453208336177_0002_m_000000_0:MAP:SORT:0.667
FILE_BYTES_READ : 0
HDFS_BYTES_READ : 15337670
FILE_BYTES_WRITTEN : 116714
HBW_BYTES_WRITTEN : 0
CPU/Time : 0.9447249251242753
Written/Time : 0.22654686550708772
FinishedSize : 1.0230109766178608E7
TETS
Total Read / Write : 131.41242695820551
CPU intensive
Task Time : 515187
CPU Time : 486710
========================================
Task Size >> {0=15337496}
Update attemptID:attempt_1453208336177_0002_m_000000_0
attempt_1453208336177_0002_m_000000_0:MAP:SORT:0.667
FILE_BYTES_READ : 0
HDFS_BYTES_READ : 15337670
FILE_BYTES_WRITTEN : 116714
HBW_BYTES_WRITTEN : 0
CPU/Time : 0.9453035774917431
Written/Time : 0.22516359539463532
FinishedSize : 1.0230109766178608E7
TETS
Total Read / Write : 131.41242695820551
CPU intensive
Task Time : 518352
CPU Time : 490000
========================================
Task Size >> {0=15337496}
Update attemptID:attempt_1453208336177_0002_m_000000_0
attempt_1453208336177_0002_m_000000_0:MAP:SORT:0.667
FILE_BYTES_READ : 0
HDFS_BYTES_READ : 15337670
FILE_BYTES_WRITTEN : 116714
HBW_BYTES_WRITTEN : 0
CPU/Time : 0.945913556029813
Written/Time : 0.22379711495502544
FinishedSize : 1.0230109766178608E7
TETS
Total Read / Write : 131.41242695820551
CPU intensive
Task Time : 521517
CPU Time : 493310
========================================
Task Size >> {0=15337496}
Update attemptID:attempt_1453208336177_0002_m_000000_0
attempt_1453208336177_0002_m_000000_0:MAP:SORT:0.667
FILE_BYTES_READ : 0
HDFS_BYTES_READ : 15337670
FILE_BYTES_WRITTEN : 116714
HBW_BYTES_WRITTEN : 0
CPU/Time : 0.9465061361561494
Written/Time : 0.22244924019920828
FinishedSize : 1.0230109766178608E7
TETS
Total Read / Write : 131.41242695820551
CPU intensive
Task Time : 524677
CPU Time : 496610
========================================
Task Size >> {0=15337496}
Update attemptID:attempt_1453208336177_0002_m_000000_0
attempt_1453208336177_0002_m_000000_0:MAP:SORT:0.667
FILE_BYTES_READ : 0
HDFS_BYTES_READ : 15337670
FILE_BYTES_WRITTEN : 116714
HBW_BYTES_WRITTEN : 0
CPU/Time : 0.9471151569115933
Written/Time : 0.22111415282895547
FinishedSize : 1.0230109766178608E7
TETS
Total Read / Write : 131.41242695820551
CPU intensive
Task Time : 527845
CPU Time : 499930
========================================
Task Size >> {0=15337496}
Update attemptID:attempt_1453208336177_0002_m_000000_0
attempt_1453208336177_0002_m_000000_0:MAP:SORT:0.667
FILE_BYTES_READ : 0
HDFS_BYTES_READ : 15337670
FILE_BYTES_WRITTEN : 220090
HBW_BYTES_WRITTEN : 0
CPU/Time : 0.9477161107595891
Written/Time : 0.41446337641989817
FinishedSize : 1.0230109766178608E7
TETS
Total Read / Write : 69.68817302012813
CPU intensive
Task Time : 531024
CPU Time : 503260
========================================
Task Size >> {0=15337496}
Update attemptID:attempt_1453208336177_0002_m_000000_0
attempt_1453208336177_0002_m_000000_0:MAP:SORT:0.667
FILE_BYTES_READ : 0
HDFS_BYTES_READ : 15337670
FILE_BYTES_WRITTEN : 453158
HBW_BYTES_WRITTEN : 0
CPU/Time : 0.9485844481963326
Written/Time : 0.8435382000740863
FinishedSize : 1.0230109766178608E7
TETS
Total Read / Write : 33.8461860984469
CPU intensive
Task Time : 537211
CPU Time : 509590
========================================
Task Size >> {0=15337496}
Update attemptID:attempt_1453208336177_0002_m_000000_0
attempt_1453208336177_0002_m_000000_0:MAP:SORT:0.667
FILE_BYTES_READ : 0
HDFS_BYTES_READ : 15337670
FILE_BYTES_WRITTEN : 652015
HBW_BYTES_WRITTEN : 0
CPU/Time : 0.9494355761834129
Written/Time : 1.199911296941769
FinishedSize : 1.0230109766178608E7
TETS
Total Read / Write : 23.523492557686556
CPU intensive
Task Time : 543386
CPU Time : 515910
========================================
Task Size >> {0=15337496}
Update attemptID:attempt_1453208336177_0002_m_000000_0
attempt_1453208336177_0002_m_000000_0:MAP:SORT:0.667
FILE_BYTES_READ : 0
HDFS_BYTES_READ : 15337670
FILE_BYTES_WRITTEN : 722885
HBW_BYTES_WRITTEN : 0
CPU/Time : 0.9499684386749733
Written/Time : 1.3226207792445408
FinishedSize : 1.0230109766178608E7
TETS
Total Read / Write : 21.217302890501255
CPU intensive
Task Time : 546555
CPU Time : 519210
========================================
Task Size >> {0=15337496}
Update attemptID:attempt_1453208336177_0002_m_000000_0
attempt_1453208336177_0002_m_000000_0:MAP:SORT:0.667
FILE_BYTES_READ : 0
HDFS_BYTES_READ : 15337670
FILE_BYTES_WRITTEN : 866360
HBW_BYTES_WRITTEN : 0
CPU/Time : 0.951090525982427
Written/Time : 1.5589276299571204
FinishedSize : 1.0230109766178608E7
TETS
Total Read / Write : 17.703575880696246
CPU intensive
Task Time : 555741
CPU Time : 528560
========================================
Task Size >> {0=15337496}
Update attemptID:attempt_1453208336177_0002_m_000000_0
attempt_1453208336177_0002_m_000000_0:MAP:SORT:0.667
FILE_BYTES_READ : 0
HDFS_BYTES_READ : 15337670
FILE_BYTES_WRITTEN : 1082021
HBW_BYTES_WRITTEN : 0
CPU/Time : 0.952383467768205
Written/Time : 1.9051912813659357
FinishedSize : 1.0230109766178608E7
TETS
Total Read / Write : 14.175020632686426
CPU intensive
Task Time : 567933
CPU Time : 540890
========================================
Task Size >> {0=15337496}
Update attemptID:attempt_1453208336177_0002_m_000000_0
attempt_1453208336177_0002_m_000000_0:MAP:SORT:0.667
FILE_BYTES_READ : 0
HDFS_BYTES_READ : 15337670
FILE_BYTES_WRITTEN : 1259050
HBW_BYTES_WRITTEN : 0
CPU/Time : 0.9536647590153762
Written/Time : 2.170326828931945
FinishedSize : 1.0230109766178608E7
TETS
Total Read / Write : 12.181938763353322
CPU intensive
Task Time : 580120
CPU Time : 553240
========================================
Task Size >> {0=15337496}
Update attemptID:attempt_1453208336177_0002_m_000000_0
attempt_1453208336177_0002_m_000000_0:MAP:SORT:0.667
FILE_BYTES_READ : 0
HDFS_BYTES_READ : 15337670
FILE_BYTES_WRITTEN : 1417294
HBW_BYTES_WRITTEN : 0
CPU/Time : 0.9546015309871321
Written/Time : 2.4050752342213464
FinishedSize : 1.0230109766178608E7
TETS
Total Read / Write : 10.821798441254955
CPU intensive
Task Time : 589293
CPU Time : 562540
========================================
Task Size >> {0=15337496}
Update attemptID:attempt_1453208336177_0002_m_000000_0
attempt_1453208336177_0002_m_000000_0:MAP:SORT:1.0
FILE_BYTES_READ : 0
HDFS_BYTES_READ : 15337670
FILE_BYTES_WRITTEN : 1422526
HBW_BYTES_WRITTEN : 0
CPU/Time : 0.9546559198462545
Written/Time : 2.41079133520657
FinishedSize : 1.5337496E7
TETS
Total Read / Write : 10.781996251738105
CPU intensive
Task Time : 590066
CPU Time : 563310
========================================
