Now Use estimatorClass : org.apache.hadoop.mapreduce.v2.app.speculate.LegacyTaskRuntimeEstimator_Fixed
serviceStart
Task Size >> {0=29314118}
Update attemptID:attempt_1453169138423_0015_m_000000_0
attempt_1453169138423_0015_m_000000_0:MAP:MAP:0.061007846
FILE_BYTES_READ : 0
HDFS_BYTES_READ : 2609798
FILE_BYTES_WRITTEN : 117415
HBW_BYTES_WRITTEN : 0
CPU/Time : 0.19323160278524412
Written/Time : 2.4850261381193253
FinishedSize : 1788391.2008737847
TETS
Total Read / Write : 22.227126006046927
CPU intensive
Task Time : 47249
CPU Time : 9130
========================================
Task Size >> {0=29314118}
Update attemptID:attempt_1453169138423_0015_m_000000_0
attempt_1453169138423_0015_m_000000_0:MAP:MAP:0.09702497
FILE_BYTES_READ : 0
HDFS_BYTES_READ : 4194459
FILE_BYTES_WRITTEN : 117415
HBW_BYTES_WRITTEN : 0
CPU/Time : 0.25076816334621865
Written/Time : 2.327584497968084
FinishedSize : 2844201.4123914987
TETS
Total Read / Write : 35.72336583911766
CPU intensive
Task Time : 50445
CPU Time : 12650
========================================
Task Size >> {0=29314118}
Update attemptID:attempt_1453169138423_0015_m_000000_0
attempt_1453169138423_0015_m_000000_0:MAP:MAP:0.13026845
FILE_BYTES_READ : 0
HDFS_BYTES_READ : 5660764
FILE_BYTES_WRITTEN : 117415
HBW_BYTES_WRITTEN : 0
CPU/Time : 0.2981873787856184
Written/Time : 2.1895979412203492
FinishedSize : 3818704.8484060764
TETS
Total Read / Write : 48.211591363965425
CPU intensive
Task Time : 53624
CPU Time : 15990
========================================
Task Size >> {0=29314118}
Update attemptID:attempt_1453169138423_0015_m_000000_0
attempt_1453169138423_0015_m_000000_0:MAP:MAP:0.16327202
FILE_BYTES_READ : 0
HDFS_BYTES_READ : 7112604
FILE_BYTES_WRITTEN : 117415
HBW_BYTES_WRITTEN : 0
CPU/Time : 0.34011689317653687
Written/Time : 2.0670199281740724
FinishedSize : 4786175.3542125225
TETS
Total Read / Write : 60.57662138568326
CPU intensive
Task Time : 56804
CPU Time : 19320
========================================
Task Size >> {0=29314118}
Update attemptID:attempt_1453169138423_0015_m_000000_0
attempt_1453169138423_0015_m_000000_0:MAP:MAP:0.19603853
FILE_BYTES_READ : 0
HDFS_BYTES_READ : 8555928
FILE_BYTES_WRITTEN : 117415
HBW_BYTES_WRITTEN : 0
CPU/Time : 0.3777485121776385
Written/Time : 1.9573407571640522
FinishedSize : 5746696.579767972
TETS
Total Read / Write : 72.8691223438232
CPU intensive
Task Time : 59987
CPU Time : 22660
========================================
Task Size >> {0=29314118}
Update attemptID:attempt_1453169138423_0015_m_000000_0
attempt_1453169138423_0015_m_000000_0:MAP:MAP:0.22973706
FILE_BYTES_READ : 0
HDFS_BYTES_READ : 10032794
FILE_BYTES_WRITTEN : 117415
HBW_BYTES_WRITTEN : 0
CPU/Time : 0.41167439578354253
Written/Time : 1.8583909719694212
FinishedSize : 6734539.23544845
TETS
Total Read / Write : 85.44729378699485
CPU intensive
Task Time : 63181
CPU Time : 26010
========================================
Task Size >> {0=29314118}
Update attemptID:attempt_1453169138423_0015_m_000000_0
attempt_1453169138423_0015_m_000000_0:MAP:MAP:0.26394743
FILE_BYTES_READ : 0
HDFS_BYTES_READ : 11532557
FILE_BYTES_WRITTEN : 117415
HBW_BYTES_WRITTEN : 0
CPU/Time : 0.4423459244532803
Written/Time : 1.7684047231760949
FinishedSize : 7737386.028871179
TETS
Total Read / Write : 98.22047438572585
CPU intensive
Task Time : 66396
CPU Time : 29370
========================================
Task Size >> {0=29314118}
Update attemptID:attempt_1453169138423_0015_m_000000_0
attempt_1453169138423_0015_m_000000_0:MAP:MAP:0.29881445
FILE_BYTES_READ : 0
HDFS_BYTES_READ : 13058794
FILE_BYTES_WRITTEN : 117415
HBW_BYTES_WRITTEN : 0
CPU/Time : 0.47040055189065666
Written/Time : 1.6875062878167264
FinishedSize : 8759481.922351778
TETS
Total Read / Write : 111.21912873142273
CPU intensive
Task Time : 69579
CPU Time : 32730
========================================
Task Size >> {0=29314118}
Update attemptID:attempt_1453169138423_0015_m_000000_0
attempt_1453169138423_0015_m_000000_0:MAP:MAP:0.3339377
FILE_BYTES_READ : 0
HDFS_BYTES_READ : 14605748
FILE_BYTES_WRITTEN : 117415
HBW_BYTES_WRITTEN : 0
CPU/Time : 0.4956849164467898
Written/Time : 1.6135526605101143
FinishedSize : 9789089.27621305
TETS
Total Read / Write : 124.39422561001575
CPU intensive
Task Time : 72768
CPU Time : 36070
========================================
Task Size >> {0=29314118}
Update attemptID:attempt_1453169138423_0015_m_000000_0
attempt_1453169138423_0015_m_000000_0:MAP:MAP:0.36881906
FILE_BYTES_READ : 0
HDFS_BYTES_READ : 16139566
FILE_BYTES_WRITTEN : 117415
HBW_BYTES_WRITTEN : 0
CPU/Time : 0.5188052077985335
Written/Time : 1.5456867159011625
FinishedSize : 1.0811605385144114E7
TETS
Total Read / Write : 137.4574458118639
CPU intensive
Task Time : 75963
CPU Time : 39410
========================================
Task Size >> {0=29314118}
Update attemptID:attempt_1453169138423_0015_m_000000_0
attempt_1453169138423_0015_m_000000_0:MAP:MAP:0.40267202
FILE_BYTES_READ : 0
HDFS_BYTES_READ : 17632598
FILE_BYTES_WRITTEN : 117415
HBW_BYTES_WRITTEN : 0
CPU/Time : 0.5402503568406027
Written/Time : 1.4831305973448532
FinishedSize : 1.1803975185241044E7
TETS
Total Read / Write : 150.1732998339224
CPU intensive
Task Time : 79167
CPU Time : 42770
========================================
Task Size >> {0=29314118}
Update attemptID:attempt_1453169138423_0015_m_000000_0
attempt_1453169138423_0015_m_000000_0:MAP:MAP:0.4376358
FILE_BYTES_READ : 0
HDFS_BYTES_READ : 19156378
FILE_BYTES_WRITTEN : 117415
HBW_BYTES_WRITTEN : 0
CPU/Time : 0.5600951906849115
Written/Time : 1.4256140649093625
FinishedSize : 1.2828907751419485E7
TETS
Total Read / Write : 163.15102840352594
CPU intensive
Task Time : 82361
CPU Time : 46130
========================================
Task Size >> {0=29314118}
Update attemptID:attempt_1453169138423_0015_m_000000_0
attempt_1453169138423_0015_m_000000_0:MAP:MAP:0.47219822
FILE_BYTES_READ : 0
HDFS_BYTES_READ : 20677597
FILE_BYTES_WRITTEN : 117415
HBW_BYTES_WRITTEN : 0
CPU/Time : 0.5785230193970554
Written/Time : 1.3719911194204253
FinishedSize : 1.3842074284984887E7
TETS
Total Read / Write : 176.10694544989994
CPU intensive
Task Time : 85580
CPU Time : 49510
========================================
Task Size >> {0=29314118}
Update attemptID:attempt_1453169138423_0015_m_000000_0
attempt_1453169138423_0015_m_000000_0:MAP:MAP:0.5085129
FILE_BYTES_READ : 0
HDFS_BYTES_READ : 22269509
FILE_BYTES_WRITTEN : 117415
HBW_BYTES_WRITTEN : 0
CPU/Time : 0.5960637722932804
Written/Time : 1.3220027922896775
FinishedSize : 1.4906607570818543E7
TETS
Total Read / Write : 189.66494059532428
CPU intensive
Task Time : 88816
CPU Time : 52940
========================================
Task Size >> {0=29314118}
Update attemptID:attempt_1453169138423_0015_m_000000_0
attempt_1453169138423_0015_m_000000_0:MAP:MAP:0.5442086
FILE_BYTES_READ : 0
HDFS_BYTES_READ : 23845098
FILE_BYTES_WRITTEN : 117415
HBW_BYTES_WRITTEN : 0
CPU/Time : 0.611967706533668
Written/Time : 1.2758201040953592
FinishedSize : 1.5952994712948203E7
TETS
Total Read / Write : 203.08391602435805
CPU intensive
Task Time : 92031
CPU Time : 56320
========================================
Task Size >> {0=29314118}
Update attemptID:attempt_1453169138423_0015_m_000000_0
attempt_1453169138423_0015_m_000000_0:MAP:MAP:0.58034366
FILE_BYTES_READ : 0
HDFS_BYTES_READ : 25429472
FILE_BYTES_WRITTEN : 117415
HBW_BYTES_WRITTEN : 0
CPU/Time : 0.6266535085877462
Written/Time : 1.2326775290807541
FinishedSize : 1.701226263803351E7
TETS
Total Read / Write : 216.57771153600476
CPU intensive
Task Time : 95252
CPU Time : 59690
========================================
Task Size >> {0=29314118}
Update attemptID:attempt_1453169138423_0015_m_000000_0
attempt_1453169138423_0015_m_000000_0:MAP:MAP:0.61650115
FILE_BYTES_READ : 0
HDFS_BYTES_READ : 27026190
FILE_BYTES_WRITTEN : 117415
HBW_BYTES_WRITTEN : 0
CPU/Time : 0.6402169607215772
Written/Time : 1.1926237417598602
FinishedSize : 1.8072187531972766E7
TETS
Total Read / Write : 230.17663841928203
CPU intensive
Task Time : 98451
CPU Time : 63030
========================================
Task Size >> {0=29314118}
Update attemptID:attempt_1453169138423_0015_m_000000_0
attempt_1453169138423_0015_m_000000_0:MAP:MAP:0.6523887
FILE_BYTES_READ : 0
HDFS_BYTES_READ : 28602005
FILE_BYTES_WRITTEN : 117415
HBW_BYTES_WRITTEN : 0
CPU/Time : 0.6530572089133749
Written/Time : 1.1551478183875252
FinishedSize : 1.912419909628558E7
TETS
Total Read / Write : 243.59753864497722
CPU intensive
Task Time : 101645
CPU Time : 66380
========================================
Task Size >> {0=29314118}
Update attemptID:attempt_1453169138423_0015_m_000000_0
attempt_1453169138423_0015_m_000000_0:MAP:SORT:0.6523887
FILE_BYTES_READ : 0
HDFS_BYTES_READ : 28602005
FILE_BYTES_WRITTEN : 117415
HBW_BYTES_WRITTEN : 0
CPU/Time : 0.6447727559712874
Written/Time : 1.1404940214276695
FinishedSize : 1.912419909628558E7
TETS
Total Read / Write : 243.59753864497722
CPU intensive
Task Time : 102951
CPU Time : 66380
========================================
Task Size >> {0=29314118}
Update attemptID:attempt_1453169138423_0015_m_000000_0
attempt_1453169138423_0015_m_000000_0:MAP:SORT:0.667
FILE_BYTES_READ : 0
HDFS_BYTES_READ : 29314273
FILE_BYTES_WRITTEN : 117415
HBW_BYTES_WRITTEN : 0
CPU/Time : 0.6644724289257775
Written/Time : 1.1201583667239077
FinishedSize : 1.9552516580197453E7
TETS
Total Read / Write : 249.66378231060767
CPU intensive
Task Time : 104820
CPU Time : 69650
========================================
Task Size >> {0=29314118}
Update attemptID:attempt_1453169138423_0015_m_000000_0
attempt_1453169138423_0015_m_000000_0:MAP:SORT:0.667
FILE_BYTES_READ : 0
HDFS_BYTES_READ : 29314273
FILE_BYTES_WRITTEN : 411473
HBW_BYTES_WRITTEN : 0
CPU/Time : 0.6760610325161099
Written/Time : 3.809652988667506
FinishedSize : 1.9552516580197453E7
TETS
Total Read / Write : 71.24227592089882
CPU intensive
Task Time : 108008
CPU Time : 73020
========================================
Task Size >> {0=29314118}
Update attemptID:attempt_1453169138423_0015_m_000000_0
attempt_1453169138423_0015_m_000000_0:MAP:SORT:0.667
FILE_BYTES_READ : 0
HDFS_BYTES_READ : 29314273
FILE_BYTES_WRITTEN : 2892413
HBW_BYTES_WRITTEN : 0
CPU/Time : 0.68683962052066
Written/Time : 26.009738770738725
FinishedSize : 1.9552516580197453E7
TETS
Total Read / Write : 10.13488495591743
CPU intensive
Task Time : 111205
CPU Time : 76380
========================================
Task Size >> {0=29314118}
Update attemptID:attempt_1453169138423_0015_m_000000_0
attempt_1453169138423_0015_m_000000_0:MAP:SORT:1.0
FILE_BYTES_READ : 0
HDFS_BYTES_READ : 29314273
FILE_BYTES_WRITTEN : 7859032
HBW_BYTES_WRITTEN : 0
CPU/Time : 0.7031436462204644
Written/Time : 66.99028265539228
FinishedSize : 2.9314118E7
TETS
Total Read / Write : 3.7300106425320574
CPU intensive
Task Time : 117316
CPU Time : 82490
========================================
