Now Use estimatorClass : org.apache.hadoop.mapreduce.v2.app.speculate.LegacyTaskRuntimeEstimator_Fixed
serviceStart
Task Size >> {0=12885056}
Update attemptID:attempt_1453169138423_0019_m_000000_0
attempt_1453169138423_0019_m_000000_0:MAP:MAP:0.057869494
FILE_BYTES_READ : 658
HDFS_BYTES_READ : 1087188
FILE_BYTES_WRITTEN : 117548
HBW_BYTES_WRITTEN : 0
CPU/Time : 0.29759385276592976
Written/Time : 3.8273043987887867
FinishedSize : 745651.6703834534
TETS
Total Read / Write : 9.254483274917481
CPU intensive
Task Time : 30713
CPU Time : 9140
========================================
Task Size >> {0=12885056}
Update attemptID:attempt_1453169138423_0019_m_000000_0
attempt_1453169138423_0019_m_000000_0:MAP:MAP:0.09331047
FILE_BYTES_READ : 658
HDFS_BYTES_READ : 1770342
FILE_BYTES_WRITTEN : 117548
HBW_BYTES_WRITTEN : 0
CPU/Time : 0.37281736668239734
Written/Time : 3.4670835299669656
FinishedSize : 1202310.6042628288
TETS
Total Read / Write : 15.0661857283833
CPU intensive
Task Time : 33904
CPU Time : 12640
========================================
Task Size >> {0=12885056}
Update attemptID:attempt_1453169138423_0019_m_000000_0
attempt_1453169138423_0019_m_000000_0:MAP:MAP:0.1273811
FILE_BYTES_READ : 658
HDFS_BYTES_READ : 2429017
FILE_BYTES_WRITTEN : 117548
HBW_BYTES_WRITTEN : 0
CPU/Time : 0.43004664455768554
Written/Time : 3.169349402787889
FinishedSize : 1641312.622956276
TETS
Total Read / Write : 20.669641338006603
CPU intensive
Task Time : 37089
CPU Time : 15950
========================================
Task Size >> {0=12885056}
Update attemptID:attempt_1453169138423_0019_m_000000_0
attempt_1453169138423_0019_m_000000_0:MAP:MAP:0.16159138
FILE_BYTES_READ : 658
HDFS_BYTES_READ : 3092105
FILE_BYTES_WRITTEN : 117548
HBW_BYTES_WRITTEN : 0
CPU/Time : 0.47851999006704743
Written/Time : 2.9189967717904146
FinishedSize : 2082113.9911708832
TETS
Total Read / Write : 26.31063905808691
CPU intensive
Task Time : 40270
CPU Time : 19270
========================================
Task Size >> {0=12885056}
Update attemptID:attempt_1453169138423_0019_m_000000_0
attempt_1453169138423_0019_m_000000_0:MAP:MAP:0.19558747
FILE_BYTES_READ : 658
HDFS_BYTES_READ : 3747959
FILE_BYTES_WRITTEN : 117548
HBW_BYTES_WRITTEN : 0
CPU/Time : 0.5199705503405117
Written/Time : 2.7044910730719676
FinishedSize : 2520155.5183763504
TETS
Total Read / Write : 31.89009596079899
CPU intensive
Task Time : 43464
CPU Time : 22600
========================================
Task Size >> {0=12885056}
Update attemptID:attempt_1453169138423_0019_m_000000_0
attempt_1453169138423_0019_m_000000_0:MAP:MAP:0.22943793
FILE_BYTES_READ : 658
HDFS_BYTES_READ : 4401388
FILE_BYTES_WRITTEN : 117548
HBW_BYTES_WRITTEN : 0
CPU/Time : 0.5556627435847965
Written/Time : 2.5199476922417303
FinishedSize : 2956320.6071386337
TETS
Total Read / Write : 37.44892299316024
CPU intensive
Task Time : 46647
CPU Time : 25920
========================================
Task Size >> {0=12885056}
Update attemptID:attempt_1453169138423_0019_m_000000_0
attempt_1453169138423_0019_m_000000_0:MAP:MAP:0.26366308
FILE_BYTES_READ : 658
HDFS_BYTES_READ : 5062043
FILE_BYTES_WRITTEN : 117548
HBW_BYTES_WRITTEN : 0
CPU/Time : 0.5866538260904458
Written/Time : 2.3584125837646965
FinishedSize : 3397313.593645096
TETS
Total Read / Write : 43.06922278558546
CPU intensive
Task Time : 49842
CPU Time : 29240
========================================
Task Size >> {0=12885056}
Update attemptID:attempt_1453169138423_0019_m_000000_0
attempt_1453169138423_0019_m_000000_0:MAP:MAP:0.2987958
FILE_BYTES_READ : 658
HDFS_BYTES_READ : 5740809
FILE_BYTES_WRITTEN : 117548
HBW_BYTES_WRITTEN : 0
CPU/Time : 0.6145841188447326
Written/Time : 2.216047055274866
FinishedSize : 3850000.4800167084
TETS
Total Read / Write : 48.843595807670056
CPU intensive
Task Time : 53044
CPU Time : 32600
========================================
Task Size >> {0=12885056}
Update attemptID:attempt_1453169138423_0019_m_000000_0
attempt_1453169138423_0019_m_000000_0:MAP:MAP:0.33293054
FILE_BYTES_READ : 658
HDFS_BYTES_READ : 6401433
FILE_BYTES_WRITTEN : 117548
HBW_BYTES_WRITTEN : 0
CPU/Time : 0.639081032060743
Written/Time : 2.0902252965129717
FinishedSize : 4289828.588590622
TETS
Total Read / Write : 54.46363187804131
CPU intensive
Task Time : 56237
CPU Time : 35940
========================================
Task Size >> {0=12885056}
Update attemptID:attempt_1453169138423_0019_m_000000_0
attempt_1453169138423_0019_m_000000_0:MAP:MAP:0.36766067
FILE_BYTES_READ : 658
HDFS_BYTES_READ : 7071963
FILE_BYTES_WRITTEN : 117548
HBW_BYTES_WRITTEN : 0
CPU/Time : 0.6606424689114375
Written/Time : 1.9780234573510358
FinishedSize : 4737328.340921402
TETS
Total Read / Write : 60.167939905400345
CPU intensive
Task Time : 59427
CPU Time : 39260
========================================
Task Size >> {0=12885056}
Update attemptID:attempt_1453169138423_0019_m_000000_0
attempt_1453169138423_0019_m_000000_0:MAP:MAP:0.4024768
FILE_BYTES_READ : 658
HDFS_BYTES_READ : 7742987
FILE_BYTES_WRITTEN : 117548
HBW_BYTES_WRITTEN : 0
CPU/Time : 0.6803883371123814
Written/Time : 1.876984000255485
FinishedSize : 5185935.946502686
TETS
Total Read / Write : 65.87645047129683
CPU intensive
Task Time : 62626
CPU Time : 42610
========================================
Task Size >> {0=12885056}
Update attemptID:attempt_1453169138423_0019_m_000000_0
attempt_1453169138423_0019_m_000000_0:MAP:MAP:0.4369567
FILE_BYTES_READ : 658
HDFS_BYTES_READ : 8410462
FILE_BYTES_WRITTEN : 117548
HBW_BYTES_WRITTEN : 0
CPU/Time : 0.6980914174568441
Written/Time : 1.7862265985898371
FinishedSize : 5630211.596271515
TETS
Total Read / Write : 71.55476911559533
CPU intensive
Task Time : 65808
CPU Time : 45940
========================================
Task Size >> {0=12885056}
Update attemptID:attempt_1453169138423_0019_m_000000_0
attempt_1453169138423_0019_m_000000_0:MAP:MAP:0.47160497
FILE_BYTES_READ : 658
HDFS_BYTES_READ : 9082229
FILE_BYTES_WRITTEN : 117548
HBW_BYTES_WRITTEN : 0
CPU/Time : 0.7138199365300179
Written/Time : 1.7033720239389065
FinishedSize : 6076656.487985611
TETS
Total Read / Write : 77.26960050362405
CPU intensive
Task Time : 69009
CPU Time : 49260
========================================
Task Size >> {0=12885056}
Update attemptID:attempt_1453169138423_0019_m_000000_0
attempt_1453169138423_0019_m_000000_0:MAP:MAP:0.50771403
FILE_BYTES_READ : 658
HDFS_BYTES_READ : 9777936
FILE_BYTES_WRITTEN : 117548
HBW_BYTES_WRITTEN : 0
CPU/Time : 0.7286199016688595
Written/Time : 1.6279759019458486
FinishedSize : 6541923.748825073
TETS
Total Read / Write : 83.18809337462143
CPU intensive
Task Time : 72205
CPU Time : 52610
========================================
Task Size >> {0=12885056}
Update attemptID:attempt_1453169138423_0019_m_000000_0
attempt_1453169138423_0019_m_000000_0:MAP:MAP:0.5432079
FILE_BYTES_READ : 658
HDFS_BYTES_READ : 10476221
FILE_BYTES_WRITTEN : 117548
HBW_BYTES_WRITTEN : 0
CPU/Time : 0.7419885398981324
Written/Time : 1.5591574702886248
FinishedSize : 6999264.002853394
TETS
Total Read / Write : 89.12851771191343
CPU intensive
Task Time : 75392
CPU Time : 55940
========================================
Task Size >> {0=12885056}
Update attemptID:attempt_1453169138423_0019_m_000000_0
attempt_1453169138423_0019_m_000000_0:MAP:MAP:0.5786748
FILE_BYTES_READ : 658
HDFS_BYTES_READ : 11149019
FILE_BYTES_WRITTEN : 117548
HBW_BYTES_WRITTEN : 0
CPU/Time : 0.7541647046845769
Written/Time : 1.4959593774259643
FinishedSize : 7456257.116729736
TETS
Total Read / Write : 94.8521199850274
CPU intensive
Task Time : 78577
CPU Time : 59260
========================================
Task Size >> {0=12885056}
Update attemptID:attempt_1453169138423_0019_m_000000_0
attempt_1453169138423_0019_m_000000_0:MAP:MAP:0.61387765
FILE_BYTES_READ : 658
HDFS_BYTES_READ : 11833206
FILE_BYTES_WRITTEN : 117548
HBW_BYTES_WRITTEN : 0
CPU/Time : 0.7655145422078716
Written/Time : 1.437684988136298
FinishedSize : 7909847.949913025
TETS
Total Read / Write : 100.67261033790452
CPU intensive
Task Time : 81762
CPU Time : 62590
========================================
Task Size >> {0=12885056}
Update attemptID:attempt_1453169138423_0019_m_000000_0
attempt_1453169138423_0019_m_000000_0:MAP:MAP:0.6499546
FILE_BYTES_READ : 658
HDFS_BYTES_READ : 12521008
FILE_BYTES_WRITTEN : 117548
HBW_BYTES_WRITTEN : 0
CPU/Time : 0.776391667647405
Written/Time : 1.383405907967518
FinishedSize : 8374701.637805939
TETS
Total Read / Write : 106.52385408513969
CPU intensive
Task Time : 84970
CPU Time : 65970
========================================
Task Size >> {0=12885056}
Update attemptID:attempt_1453169138423_0019_m_000000_0
attempt_1453169138423_0019_m_000000_0:MAP:SORT:0.6499546
FILE_BYTES_READ : 658
HDFS_BYTES_READ : 12521008
FILE_BYTES_WRITTEN : 117548
HBW_BYTES_WRITTEN : 0
CPU/Time : 0.7628618014038415
Written/Time : 1.3592978479827007
FinishedSize : 8374701.637805939
TETS
Total Read / Write : 106.52385408513969
CPU intensive
Task Time : 86477
CPU Time : 65970
========================================
Task Size >> {0=12885056}
Update attemptID:attempt_1453169138423_0019_m_000000_0
attempt_1453169138423_0019_m_000000_0:MAP:SORT:0.667
FILE_BYTES_READ : 658
HDFS_BYTES_READ : 12885198
FILE_BYTES_WRITTEN : 117548
HBW_BYTES_WRITTEN : 0
CPU/Time : 0.7862519270880566
Written/Time : 1.3325020404461776
FinishedSize : 8594332.296703339
TETS
Total Read / Write : 109.62207778949876
CPU intensive
Task Time : 88216
CPU Time : 69360
========================================
Task Size >> {0=12885056}
Update attemptID:attempt_1453169138423_0019_m_000000_0
attempt_1453169138423_0019_m_000000_0:MAP:SORT:0.667
FILE_BYTES_READ : 658
HDFS_BYTES_READ : 12885198
FILE_BYTES_WRITTEN : 256268
HBW_BYTES_WRITTEN : 0
CPU/Time : 0.7955067486273052
Written/Time : 2.803010084658631
FinishedSize : 8594332.296703339
TETS
Total Read / Write : 50.282735261523094
CPU intensive
Task Time : 91426
CPU Time : 72730
========================================
Task Size >> {0=12885056}
Update attemptID:attempt_1453169138423_0019_m_000000_0
attempt_1453169138423_0019_m_000000_0:MAP:SORT:1.0
FILE_BYTES_READ : 658
HDFS_BYTES_READ : 12885198
FILE_BYTES_WRITTEN : 1641208
HBW_BYTES_WRITTEN : 0
CPU/Time : 0.833805962213321
Written/Time : 14.544043103753856
FinishedSize : 1.2885056E7
TETS
Total Read / Write : 7.8514460080623545
CPU intensive
Task Time : 112844
CPU Time : 94090
========================================
