Now Use estimatorClass : org.apache.hadoop.mapreduce.v2.app.speculate.LegacyTaskRuntimeEstimator_Fixed
serviceStart
Task Size >> {0=17544939}
Update attemptID:attempt_1453208336177_0021_m_000000_0
attempt_1453208336177_0021_m_000000_0:MAP:MAP:0.008138193
FILE_BYTES_READ : 0
HDFS_BYTES_READ : 2155382
FILE_BYTES_WRITTEN : 117018
HBW_BYTES_WRITTEN : 0
CPU/Time : 0.3461856788150347
Written/Time : 3.3396501041696394
FinishedSize : 142784.09655448236
TETS
Total Read / Write : 18.419234647661042
CPU intensive
Task Time : 35039
CPU Time : 12130
========================================
Task Size >> {0=17544939}
Update attemptID:attempt_1453208336177_0021_m_000000_0
attempt_1453208336177_0021_m_000000_0:MAP:MAP:0.01989635
FILE_BYTES_READ : 0
HDFS_BYTES_READ : 2464620
FILE_BYTES_WRITTEN : 117018
HBW_BYTES_WRITTEN : 0
CPU/Time : 0.40967320261437906
Written/Time : 3.0592941176470587
FinishedSize : 349080.26112598926
TETS
Total Read / Write : 21.061887914679794
CPU intensive
Task Time : 38250
CPU Time : 15670
========================================
Task Size >> {0=17544939}
Update attemptID:attempt_1453208336177_0021_m_000000_0
attempt_1453208336177_0021_m_000000_0:MAP:MAP:0.031356797
FILE_BYTES_READ : 0
HDFS_BYTES_READ : 2767295
FILE_BYTES_WRITTEN : 117018
HBW_BYTES_WRITTEN : 0
CPU/Time : 0.4597978433406509
Written/Time : 2.8229078715653873
FinishedSize : 550153.0839732438
TETS
Total Read / Write : 23.648455793125844
CPU intensive
Task Time : 41453
CPU Time : 19060
========================================
Task Size >> {0=17544939}
Update attemptID:attempt_1453208336177_0021_m_000000_0
attempt_1453208336177_0021_m_000000_0:MAP:MAP:0.042986915
FILE_BYTES_READ : 0
HDFS_BYTES_READ : 3066842
FILE_BYTES_WRITTEN : 117018
HBW_BYTES_WRITTEN : 0
CPU/Time : 0.5040327085055519
Written/Time : 2.6144015728680263
FinishedSize : 754202.7929725796
TETS
Total Read / Write : 26.208292741287664
CPU intensive
Task Time : 44759
CPU Time : 22560
========================================
Task Size >> {0=17544939}
Update attemptID:attempt_1453208336177_0021_m_000000_0
attempt_1453208336177_0021_m_000000_0:MAP:MAP:0.054324
FILE_BYTES_READ : 0
HDFS_BYTES_READ : 3369155
FILE_BYTES_WRITTEN : 117018
HBW_BYTES_WRITTEN : 0
CPU/Time : 0.5412725530230427
Written/Time : 2.437976582357598
FinishedSize : 953111.2850764096
TETS
Total Read / Write : 28.79176707856911
CPU intensive
Task Time : 47998
CPU Time : 25980
========================================
Task Size >> {0=17544939}
Update attemptID:attempt_1453208336177_0021_m_000000_0
attempt_1453208336177_0021_m_000000_0:MAP:MAP:0.06603836
FILE_BYTES_READ : 0
HDFS_BYTES_READ : 3682171
FILE_BYTES_WRITTEN : 117018
HBW_BYTES_WRITTEN : 0
CPU/Time : 0.5727457415221129
Written/Time : 2.2858649789029535
FinishedSize : 1158639.04491321
TETS
Total Read / Write : 31.46670597685826
CPU intensive
Task Time : 51192
CPU Time : 29320
========================================
Task Size >> {0=17544939}
Update attemptID:attempt_1453208336177_0021_m_000000_0
attempt_1453208336177_0021_m_000000_0:MAP:MAP:0.07775535
FILE_BYTES_READ : 0
HDFS_BYTES_READ : 3988730
FILE_BYTES_WRITTEN : 117018
HBW_BYTES_WRITTEN : 0
CPU/Time : 0.6013158378358511
Written/Time : 2.1505127356930203
FinishedSize : 1364212.8181837052
TETS
Total Read / Write : 34.086465330120156
CPU intensive
Task Time : 54414
CPU Time : 32720
========================================
Task Size >> {0=17544939}
Update attemptID:attempt_1453208336177_0021_m_000000_0
attempt_1453208336177_0021_m_000000_0:MAP:MAP:0.08927054
FILE_BYTES_READ : 0
HDFS_BYTES_READ : 4291886
FILE_BYTES_WRITTEN : 117018
HBW_BYTES_WRITTEN : 0
CPU/Time : 0.62636714002986
Written/Time : 2.0314919620846497
FinishedSize : 1566246.1714593396
TETS
Total Read / Write : 36.677143687295974
CPU intensive
Task Time : 57602
CPU Time : 36080
========================================
Task Size >> {0=17544939}
Update attemptID:attempt_1453208336177_0021_m_000000_0
attempt_1453208336177_0021_m_000000_0:MAP:MAP:0.10097909
FILE_BYTES_READ : 0
HDFS_BYTES_READ : 4600527
FILE_BYTES_WRITTEN : 117018
HBW_BYTES_WRITTEN : 0
CPU/Time : 0.6487589031631932
Written/Time : 1.9248597700393137
FinishedSize : 1771671.9697101116
TETS
Total Read / Write : 39.314695175101264
CPU intensive
Task Time : 60793
CPU Time : 39440
========================================
Task Size >> {0=17544939}
Update attemptID:attempt_1453208336177_0021_m_000000_0
attempt_1453208336177_0021_m_000000_0:MAP:MAP:0.11306377
FILE_BYTES_READ : 0
HDFS_BYTES_READ : 4918199
FILE_BYTES_WRITTEN : 117018
HBW_BYTES_WRITTEN : 0
CPU/Time : 0.6691566001468957
Written/Time : 1.8286634057914395
FinishedSize : 1983696.9048166126
TETS
Total Read / Write : 42.02942282383907
CPU intensive
Task Time : 63991
CPU Time : 42820
========================================
Task Size >> {0=17544939}
Update attemptID:attempt_1453208336177_0021_m_000000_0
attempt_1453208336177_0021_m_000000_0:MAP:MAP:0.12466978
FILE_BYTES_READ : 0
HDFS_BYTES_READ : 5223071
FILE_BYTES_WRITTEN : 117018
HBW_BYTES_WRITTEN : 0
CPU/Time : 0.6875204619185095
Written/Time : 1.741391112830739
FinishedSize : 2187323.734673895
TETS
Total Read / Write : 44.63476559161838
CPU intensive
Task Time : 67198
CPU Time : 46200
========================================
Task Size >> {0=17544939}
Update attemptID:attempt_1453208336177_0021_m_000000_0
attempt_1453208336177_0021_m_000000_0:MAP:MAP:0.13642377
FILE_BYTES_READ : 0
HDFS_BYTES_READ : 5532892
FILE_BYTES_WRITTEN : 117018
HBW_BYTES_WRITTEN : 0
CPU/Time : 0.7043113857518289
Written/Time : 1.6623055614745366
FinishedSize : 2393546.6633754373
TETS
Total Read / Write : 47.282400998137035
CPU intensive
Task Time : 70395
CPU Time : 49580
========================================
Task Size >> {0=17544939}
Update attemptID:attempt_1453208336177_0021_m_000000_0
attempt_1453208336177_0021_m_000000_0:MAP:MAP:0.14816588
FILE_BYTES_READ : 0
HDFS_BYTES_READ : 5841374
FILE_BYTES_WRITTEN : 117018
HBW_BYTES_WRITTEN : 0
CPU/Time : 0.7191957614454558
Written/Time : 1.5897024860752615
FinishedSize : 2599561.355145514
TETS
Total Read / Write : 49.91859372062418
CPU intensive
Task Time : 73610
CPU Time : 52940
========================================
Task Size >> {0=17544939}
Update attemptID:attempt_1453208336177_0021_m_000000_0
attempt_1453208336177_0021_m_000000_0:MAP:MAP:0.15991077
FILE_BYTES_READ : 0
HDFS_BYTES_READ : 6148917
FILE_BYTES_WRITTEN : 117018
HBW_BYTES_WRITTEN : 0
CPU/Time : 0.7328029582948139
Written/Time : 1.5236520357807841
FinishedSize : 2805624.6747489274
TETS
Total Read / Write : 52.54676203660975
CPU intensive
Task Time : 76801
CPU Time : 56280
========================================
Task Size >> {0=17544939}
Update attemptID:attempt_1453208336177_0021_m_000000_0
attempt_1453208336177_0021_m_000000_0:MAP:MAP:0.17224728
FILE_BYTES_READ : 0
HDFS_BYTES_READ : 6472190
FILE_BYTES_WRITTEN : 117018
HBW_BYTES_WRITTEN : 0
CPU/Time : 0.7455372768638432
Written/Time : 1.4627981399069954
FinishedSize : 3022067.9452499896
TETS
Total Read / Write : 55.30935411646072
CPU intensive
Task Time : 79996
CPU Time : 59640
========================================
Task Size >> {0=17544939}
Update attemptID:attempt_1453208336177_0021_m_000000_0
attempt_1453208336177_0021_m_000000_0:MAP:MAP:0.18409516
FILE_BYTES_READ : 0
HDFS_BYTES_READ : 6784648
FILE_BYTES_WRITTEN : 117018
HBW_BYTES_WRITTEN : 0
CPU/Time : 0.7572479446127217
Written/Time : 1.4065339679792297
FinishedSize : 3229938.337885782
TETS
Total Read / Write : 57.979524517595586
CPU intensive
Task Time : 83196
CPU Time : 63000
========================================
Task Size >> {0=17544939}
Update attemptID:attempt_1453208336177_0021_m_000000_0
attempt_1453208336177_0021_m_000000_0:MAP:MAP:0.19587733
FILE_BYTES_READ : 0
HDFS_BYTES_READ : 7096076
FILE_BYTES_WRITTEN : 117018
HBW_BYTES_WRITTEN : 0
CPU/Time : 0.7683224708565343
Written/Time : 1.354641538265631
FinishedSize : 3436655.780279562
TETS
Total Read / Write : 60.64089285409082
CPU intensive
Task Time : 86383
CPU Time : 66370
========================================
Task Size >> {0=17544939}
Update attemptID:attempt_1453208336177_0021_m_000000_0
attempt_1453208336177_0021_m_000000_0:MAP:MAP:0.20768462
FILE_BYTES_READ : 0
HDFS_BYTES_READ : 7404423
FILE_BYTES_WRITTEN : 117018
HBW_BYTES_WRITTEN : 0
CPU/Time : 0.7785393735068878
Written/Time : 1.3063252137801693
FinishedSize : 3643814.010452941
TETS
Total Read / Write : 63.275931907911605
CPU intensive
Task Time : 89578
CPU Time : 69740
========================================
Task Size >> {0=17544939}
Update attemptID:attempt_1453208336177_0021_m_000000_0
attempt_1453208336177_0021_m_000000_0:MAP:MAP:0.21952519
FILE_BYTES_READ : 0
HDFS_BYTES_READ : 7718157
FILE_BYTES_WRITTEN : 117018
HBW_BYTES_WRITTEN : 0
CPU/Time : 0.7880525583952227
Written/Time : 1.2613368113567525
FinishedSize : 3851556.0360663235
TETS
Total Read / Write : 65.95700661436702
CPU intensive
Task Time : 92773
CPU Time : 73110
========================================
Task Size >> {0=17544939}
Update attemptID:attempt_1453208336177_0021_m_000000_0
attempt_1453208336177_0021_m_000000_0:MAP:MAP:0.23166461
FILE_BYTES_READ : 0
HDFS_BYTES_READ : 8028249
FILE_BYTES_WRITTEN : 117018
HBW_BYTES_WRITTEN : 0
CPU/Time : 0.7973760932944607
Written/Time : 1.218429820907955
FinishedSize : 4064541.5016012043
TETS
Total Read / Write : 68.60695790391222
CPU intensive
Task Time : 96040
CPU Time : 76580
========================================
Task Size >> {0=17544939}
Update attemptID:attempt_1453208336177_0021_m_000000_0
attempt_1453208336177_0021_m_000000_0:MAP:MAP:0.24357443
FILE_BYTES_READ : 0
HDFS_BYTES_READ : 8348306
FILE_BYTES_WRITTEN : 117018
HBW_BYTES_WRITTEN : 0
CPU/Time : 0.8060032232070911
Written/Time : 1.1786663980660756
FinishedSize : 4273498.438728109
TETS
Total Read / Write : 71.34206703242236
CPU intensive
Task Time : 99280
CPU Time : 80020
========================================
Task Size >> {0=17544939}
Update attemptID:attempt_1453208336177_0021_m_000000_0
attempt_1453208336177_0021_m_000000_0:MAP:MAP:0.2554515
FILE_BYTES_READ : 0
HDFS_BYTES_READ : 8660718
FILE_BYTES_WRITTEN : 117018
HBW_BYTES_WRITTEN : 0
CPU/Time : 0.8137481585545507
Written/Time : 1.1416278865572043
FinishedSize : 4481880.992253721
TETS
Total Read / Write : 74.01184433164129
CPU intensive
Task Time : 102501
CPU Time : 83410
========================================
Task Size >> {0=17544939}
Update attemptID:attempt_1453208336177_0021_m_000000_0
attempt_1453208336177_0021_m_000000_0:MAP:MAP:0.2674312
FILE_BYTES_READ : 0
HDFS_BYTES_READ : 8979406
FILE_BYTES_WRITTEN : 117018
HBW_BYTES_WRITTEN : 0
CPU/Time : 0.8209950710021665
Written/Time : 1.107066158314491
FinishedSize : 4692064.082812607
TETS
Total Read / Write : 76.73525440530517
CPU intensive
Task Time : 105701
CPU Time : 86780
========================================
Task Size >> {0=17544939}
Update attemptID:attempt_1453208336177_0021_m_000000_0
attempt_1453208336177_0021_m_000000_0:MAP:MAP:0.27955776
FILE_BYTES_READ : 0
HDFS_BYTES_READ : 9301661
FILE_BYTES_WRITTEN : 117018
HBW_BYTES_WRITTEN : 0
CPU/Time : 0.8277856847711308
Written/Time : 1.074496120471971
FinishedSize : 4904823.925658405
TETS
Total Read / Write : 79.4891469688424
CPU intensive
Task Time : 108905
CPU Time : 90150
========================================
Task Size >> {0=17544939}
Update attemptID:attempt_1453208336177_0021_m_000000_0
attempt_1453208336177_0021_m_000000_0:MAP:MAP:0.29162472
FILE_BYTES_READ : 0
HDFS_BYTES_READ : 9614760
FILE_BYTES_WRITTEN : 117018
HBW_BYTES_WRITTEN : 0
CPU/Time : 0.8340692768128741
Written/Time : 1.04386223138063
FinishedSize : 5116538.0086475015
TETS
Total Read / Write : 82.16479515971902
CPU intensive
Task Time : 112101
CPU Time : 93500
========================================
Task Size >> {0=17544939}
Update attemptID:attempt_1453208336177_0021_m_000000_0
attempt_1453208336177_0021_m_000000_0:MAP:MAP:0.30319867
FILE_BYTES_READ : 0
HDFS_BYTES_READ : 9917984
FILE_BYTES_WRITTEN : 117018
HBW_BYTES_WRITTEN : 0
CPU/Time : 0.8400992331980154
Written/Time : 1.015041115853024
FinishedSize : 5319602.088981897
TETS
Total Read / Write : 84.75605462407493
CPU intensive
Task Time : 115284
CPU Time : 96850
========================================
Task Size >> {0=17544939}
Update attemptID:attempt_1453208336177_0021_m_000000_0
attempt_1453208336177_0021_m_000000_0:MAP:MAP:0.31550723
FILE_BYTES_READ : 0
HDFS_BYTES_READ : 10243711
FILE_BYTES_WRITTEN : 117018
HBW_BYTES_WRITTEN : 0
CPU/Time : 0.8458681522748375
Written/Time : 0.9877437325905293
FinishedSize : 5535555.15955013
TETS
Total Read / Write : 87.53961783657215
CPU intensive
Task Time : 118470
CPU Time : 100210
========================================
Task Size >> {0=17544939}
Update attemptID:attempt_1453208336177_0021_m_000000_0
attempt_1453208336177_0021_m_000000_0:MAP:MAP:0.32739154
FILE_BYTES_READ : 0
HDFS_BYTES_READ : 10553059
FILE_BYTES_WRITTEN : 117018
HBW_BYTES_WRITTEN : 0
CPU/Time : 0.8512317214509407
Written/Time : 0.961852390698592
FinishedSize : 5744064.511458367
TETS
Total Read / Write : 90.18321112991164
CPU intensive
Task Time : 121659
CPU Time : 103560
========================================
Task Size >> {0=17544939}
Update attemptID:attempt_1453208336177_0021_m_000000_0
attempt_1453208336177_0021_m_000000_0:MAP:MAP:0.3391114
FILE_BYTES_READ : 0
HDFS_BYTES_READ : 10862351
FILE_BYTES_WRITTEN : 117018
HBW_BYTES_WRITTEN : 0
CPU/Time : 0.8564861163392307
Written/Time : 0.9372011629117645
FinishedSize : 5949688.611921966
TETS
Total Read / Write : 92.82632586439694
CPU intensive
Task Time : 124859
CPU Time : 106940
========================================
Task Size >> {0=17544939}
Update attemptID:attempt_1453208336177_0021_m_000000_0
attempt_1453208336177_0021_m_000000_0:MAP:MAP:0.35137618
FILE_BYTES_READ : 0
HDFS_BYTES_READ : 11184398
FILE_BYTES_WRITTEN : 117018
HBW_BYTES_WRITTEN : 0
CPU/Time : 0.8614065501569601
Written/Time : 0.9137890643302253
FinishedSize : 6164873.571875453
TETS
Total Read / Write : 95.57844092361859
CPU intensive
Task Time : 128058
CPU Time : 110310
========================================
Task Size >> {0=17544939}
Update attemptID:attempt_1453208336177_0021_m_000000_0
attempt_1453208336177_0021_m_000000_0:MAP:MAP:0.36352894
FILE_BYTES_READ : 0
HDFS_BYTES_READ : 11503221
FILE_BYTES_WRITTEN : 117018
HBW_BYTES_WRITTEN : 0
CPU/Time : 0.865888590931253
Written/Time : 0.8914706240858118
FinishedSize : 6378093.026178271
TETS
Total Read / Write : 98.30300466594883
CPU intensive
Task Time : 131264
CPU Time : 113660
========================================
Task Size >> {0=17544939}
Update attemptID:attempt_1453208336177_0021_m_000000_0
attempt_1453208336177_0021_m_000000_0:MAP:MAP:0.37503022
FILE_BYTES_READ : 0
HDFS_BYTES_READ : 11805142
FILE_BYTES_WRITTEN : 117018
HBW_BYTES_WRITTEN : 0
CPU/Time : 0.8703831768056454
Written/Time : 0.8701452249760189
FinishedSize : 6579882.325247347
TETS
Total Read / Write : 100.88312909125092
CPU intensive
Task Time : 134481
CPU Time : 117050
========================================
Task Size >> {0=17544939}
Update attemptID:attempt_1453208336177_0021_m_000000_0
attempt_1453208336177_0021_m_000000_0:MAP:MAP:0.38706613
FILE_BYTES_READ : 0
HDFS_BYTES_READ : 12123122
FILE_BYTES_WRITTEN : 117018
HBW_BYTES_WRITTEN : 0
CPU/Time : 0.8745832637259673
Written/Time : 0.8499458878389273
FinishedSize : 6791051.567351103
TETS
Total Read / Write : 103.60048881368678
CPU intensive
Task Time : 137677
CPU Time : 120410
========================================
Task Size >> {0=17544939}
Update attemptID:attempt_1453208336177_0021_m_000000_0
attempt_1453208336177_0021_m_000000_0:MAP:MAP:0.3990467
FILE_BYTES_READ : 0
HDFS_BYTES_READ : 12439004
FILE_BYTES_WRITTEN : 117018
HBW_BYTES_WRITTEN : 0
CPU/Time : 0.8786723735298084
Written/Time : 0.8306041183109388
FinishedSize : 7001249.8214279115
TETS
Total Read / Write : 106.29991967047805
CPU intensive
Task Time : 140883
CPU Time : 123790
========================================
Task Size >> {0=17544939}
Update attemptID:attempt_1453208336177_0021_m_000000_0
attempt_1453208336177_0021_m_000000_0:MAP:MAP:0.41106886
FILE_BYTES_READ : 0
HDFS_BYTES_READ : 12755073
FILE_BYTES_WRITTEN : 117018
HBW_BYTES_WRITTEN : 0
CPU/Time : 0.8825509177335971
Written/Time : 0.8120328926824191
FinishedSize : 7212178.015884697
TETS
Total Read / Write : 109.00094857201456
CPU intensive
Task Time : 144105
CPU Time : 127180
========================================
Task Size >> {0=17544939}
Update attemptID:attempt_1453208336177_0021_m_000000_0
attempt_1453208336177_0021_m_000000_0:MAP:MAP:0.42336565
FILE_BYTES_READ : 0
HDFS_BYTES_READ : 13072852
FILE_BYTES_WRITTEN : 117018
HBW_BYTES_WRITTEN : 0
CPU/Time : 0.8865303574215702
Written/Time : 0.7940907024246578
FinishedSize : 7427924.548881233
TETS
Total Read / Write : 111.71659060999163
CPU intensive
Task Time : 147361
CPU Time : 130640
========================================
Task Size >> {0=17544939}
Update attemptID:attempt_1453208336177_0021_m_000000_0
attempt_1453208336177_0021_m_000000_0:MAP:MAP:0.43498096
FILE_BYTES_READ : 0
HDFS_BYTES_READ : 13380342
FILE_BYTES_WRITTEN : 117018
HBW_BYTES_WRITTEN : 0
CPU/Time : 0.8903877687859737
Written/Time : 0.7768520424082692
FinishedSize : 7631714.386556178
TETS
Total Read / Write : 114.34430600420448
CPU intensive
Task Time : 150631
CPU Time : 134120
========================================
Task Size >> {0=17544939}
Update attemptID:attempt_1453208336177_0021_m_000000_0
attempt_1453208336177_0021_m_000000_0:MAP:MAP:0.44566992
FILE_BYTES_READ : 0
HDFS_BYTES_READ : 13667039
FILE_BYTES_WRITTEN : 117018
HBW_BYTES_WRITTEN : 0
CPU/Time : 0.8937196497409461
Written/Time : 0.7607018182527352
FinishedSize : 7819251.547418207
TETS
Total Read / Write : 116.79433078671657
CPU intensive
Task Time : 153829
CPU Time : 137480
========================================
Task Size >> {0=17544939}
Update attemptID:attempt_1453208336177_0021_m_000000_0
attempt_1453208336177_0021_m_000000_0:MAP:MAP:0.45689926
FILE_BYTES_READ : 0
HDFS_BYTES_READ : 13960668
FILE_BYTES_WRITTEN : 117018
HBW_BYTES_WRITTEN : 0
CPU/Time : 0.8969746368736429
Written/Time : 0.7451524780468546
FinishedSize : 8016269.567141086
TETS
Total Read / Write : 119.30359431882275
CPU intensive
Task Time : 157039
CPU Time : 140860
========================================
Task Size >> {0=17544939}
Update attemptID:attempt_1453208336177_0021_m_000000_0
attempt_1453208336177_0021_m_000000_0:MAP:MAP:0.4687969
FILE_BYTES_READ : 0
HDFS_BYTES_READ : 14275261
FILE_BYTES_WRITTEN : 117018
HBW_BYTES_WRITTEN : 0
CPU/Time : 0.9000418130643983
Written/Time : 0.7302807716070571
FinishedSize : 8225013.169257224
TETS
Total Read / Write : 121.99200977627373
CPU intensive
Task Time : 160237
CPU Time : 144220
========================================
Task Size >> {0=17544939}
Update attemptID:attempt_1453208336177_0021_m_000000_0
attempt_1453208336177_0021_m_000000_0:MAP:MAP:0.4806961
FILE_BYTES_READ : 0
HDFS_BYTES_READ : 14586444
FILE_BYTES_WRITTEN : 117018
HBW_BYTES_WRITTEN : 0
CPU/Time : 0.9030446168530801
Written/Time : 0.7159866859198708
FinishedSize : 8433783.961129636
TETS
Total Read / Write : 124.65128441778188
CPU intensive
Task Time : 163436
CPU Time : 147590
========================================
Task Size >> {0=17544939}
Update attemptID:attempt_1453208336177_0021_m_000000_0
attempt_1453208336177_0021_m_000000_0:MAP:MAP:0.49225062
FILE_BYTES_READ : 0
HDFS_BYTES_READ : 14892173
FILE_BYTES_WRITTEN : 117018
HBW_BYTES_WRITTEN : 0
CPU/Time : 0.9058829883636494
Written/Time : 0.7022498544706031
FinishedSize : 8636507.123750746
TETS
Total Read / Write : 127.26395084516912
CPU intensive
Task Time : 166633
CPU Time : 150950
========================================
Task Size >> {0=17544939}
Update attemptID:attempt_1453208336177_0021_m_000000_0
attempt_1453208336177_0021_m_000000_0:MAP:MAP:0.5041745
FILE_BYTES_READ : 0
HDFS_BYTES_READ : 15206407
FILE_BYTES_WRITTEN : 117018
HBW_BYTES_WRITTEN : 0
CPU/Time : 0.9087054833239118
Written/Time : 0.6890545505935557
FinishedSize : 8845710.337323904
TETS
Total Read / Write : 129.94929839853697
CPU intensive
Task Time : 169824
CPU Time : 154320
========================================
Task Size >> {0=17544939}
Update attemptID:attempt_1453208336177_0021_m_000000_0
attempt_1453208336177_0021_m_000000_0:MAP:MAP:0.5155866
FILE_BYTES_READ : 0
HDFS_BYTES_READ : 15504917
FILE_BYTES_WRITTEN : 117018
HBW_BYTES_WRITTEN : 0
CPU/Time : 0.9113973796602921
Written/Time : 0.6762834405395565
FinishedSize : 9045935.702527285
TETS
Total Read / Write : 132.5002734622024
CPU intensive
Task Time : 173031
CPU Time : 157700
========================================
Task Size >> {0=17544939}
Update attemptID:attempt_1453208336177_0021_m_000000_0
attempt_1453208336177_0021_m_000000_0:MAP:MAP:0.527678
FILE_BYTES_READ : 0
HDFS_BYTES_READ : 15820593
FILE_BYTES_WRITTEN : 117018
HBW_BYTES_WRITTEN : 0
CPU/Time : 0.9140834203240593
Written/Time : 0.6638791812281578
FinishedSize : 9258078.547057629
TETS
Total Read / Write : 135.19794390606575
CPU intensive
Task Time : 176264
CPU Time : 161120
========================================
Task Size >> {0=17544939}
Update attemptID:attempt_1453208336177_0021_m_000000_0
attempt_1453208336177_0021_m_000000_0:MAP:MAP:0.5405304
FILE_BYTES_READ : 0
HDFS_BYTES_READ : 16155989
FILE_BYTES_WRITTEN : 117018
HBW_BYTES_WRITTEN : 0
CPU/Time : 0.916744204186469
Written/Time : 0.6519726102193523
FinishedSize : 9483572.607678473
TETS
Total Read / Write : 138.06413543215572
CPU intensive
Task Time : 179483
CPU Time : 164540
========================================
Task Size >> {0=17544939}
Update attemptID:attempt_1453208336177_0021_m_000000_0
attempt_1453208336177_0021_m_000000_0:MAP:MAP:0.55299854
FILE_BYTES_READ : 0
HDFS_BYTES_READ : 16487262
FILE_BYTES_WRITTEN : 117018
HBW_BYTES_WRITTEN : 0
CPU/Time : 0.9192363688110954
Written/Time : 0.6404715772881022
FinishedSize : 9702325.700263023
TETS
Total Read / Write : 140.89509306260575
CPU intensive
Task Time : 182706
CPU Time : 167950
========================================
Task Size >> {0=17544939}
Update attemptID:attempt_1453208336177_0021_m_000000_0
attempt_1453208336177_0021_m_000000_0:MAP:MAP:0.5654452
FILE_BYTES_READ : 0
HDFS_BYTES_READ : 16812480
FILE_BYTES_WRITTEN : 117018
HBW_BYTES_WRITTEN : 0
CPU/Time : 0.9216860017963653
Written/Time : 0.6293625054455685
FinishedSize : 9920701.273539305
TETS
Total Read / Write : 143.6743065169461
CPU intensive
Task Time : 185931
CPU Time : 171370
========================================
Task Size >> {0=17544939}
Update attemptID:attempt_1453208336177_0021_m_000000_0
attempt_1453208336177_0021_m_000000_0:MAP:MAP:0.577383
FILE_BYTES_READ : 0
HDFS_BYTES_READ : 17127277
FILE_BYTES_WRITTEN : 117018
HBW_BYTES_WRITTEN : 0
CPU/Time : 0.9240205149896896
Written/Time : 0.6187172844075504
FinishedSize : 1.013014919491893E7
TETS
Total Read / Write : 146.36446529593738
CPU intensive
Task Time : 189130
CPU Time : 174760
========================================
Task Size >> {0=17544939}
Update attemptID:attempt_1453208336177_0021_m_000000_0
attempt_1453208336177_0021_m_000000_0:MAP:MAP:0.58928853
FILE_BYTES_READ : 0
HDFS_BYTES_READ : 17442548
FILE_BYTES_WRITTEN : 117018
HBW_BYTES_WRITTEN : 0
CPU/Time : 0.9262812014204087
Written/Time : 0.6083945533667119
FinishedSize : 1.0339031360216081E7
TETS
Total Read / Write : 149.05867473380164
CPU intensive
Task Time : 192339
CPU Time : 178160
========================================
Task Size >> {0=17544939}
Update attemptID:attempt_1453208336177_0021_m_000000_0
attempt_1453208336177_0021_m_000000_0:MAP:MAP:0.60088766
FILE_BYTES_READ : 0
HDFS_BYTES_READ : 17751073
FILE_BYTES_WRITTEN : 117018
HBW_BYTES_WRITTEN : 0
CPU/Time : 0.9284961798488305
Written/Time : 0.5984289820089802
FinishedSize : 1.0542537274089932E7
TETS
Total Read / Write : 151.69523492112324
CPU intensive
Task Time : 195542
CPU Time : 181560
========================================
Task Size >> {0=17544939}
Update attemptID:attempt_1453208336177_0021_m_000000_0
attempt_1453208336177_0021_m_000000_0:MAP:MAP:0.6132136
FILE_BYTES_READ : 0
HDFS_BYTES_READ : 18068471
FILE_BYTES_WRITTEN : 117018
HBW_BYTES_WRITTEN : 0
CPU/Time : 0.9306046062362281
Written/Time : 0.5886987231730508
FinishedSize : 1.0758795183656394E7
TETS
Total Read / Write : 154.40762104975303
CPU intensive
Task Time : 198774
CPU Time : 184980
========================================
Task Size >> {0=17544939}
Update attemptID:attempt_1453208336177_0021_m_000000_0
attempt_1453208336177_0021_m_000000_0:MAP:MAP:0.6252119
FILE_BYTES_READ : 0
HDFS_BYTES_READ : 18381988
FILE_BYTES_WRITTEN : 117018
HBW_BYTES_WRITTEN : 0
CPU/Time : 0.932895837354436
Written/Time : 0.5791278784909358
FinishedSize : 1.0969304551290572E7
TETS
Total Read / Write : 157.08684134064845
CPU intensive
Task Time : 202059
CPU Time : 188500
========================================
Task Size >> {0=17544939}
Update attemptID:attempt_1453208336177_0021_m_000000_0
attempt_1453208336177_0021_m_000000_0:MAP:MAP:0.63667655
FILE_BYTES_READ : 0
HDFS_BYTES_READ : 18684404
FILE_BYTES_WRITTEN : 117018
HBW_BYTES_WRITTEN : 0
CPU/Time : 0.9350331870796831
Written/Time : 0.5698438283719096
FinishedSize : 1.1170451230927706E7
TETS
Total Read / Write : 159.67119588439385
CPU intensive
Task Time : 205351
CPU Time : 192010
========================================
Task Size >> {0=17544939}
Update attemptID:attempt_1453208336177_0021_m_000000_0
attempt_1453208336177_0021_m_000000_0:MAP:MAP:0.648227
FILE_BYTES_READ : 0
HDFS_BYTES_READ : 18991139
FILE_BYTES_WRITTEN : 117018
HBW_BYTES_WRITTEN : 0
CPU/Time : 0.9370070812497903
Written/Time : 0.5610248395092506
FinishedSize : 1.1373102758998632E7
TETS
Total Read / Write : 162.29245927976893
CPU intensive
Task Time : 208579
CPU Time : 195440
========================================
Task Size >> {0=17544939}
Update attemptID:attempt_1453208336177_0021_m_000000_0
attempt_1453208336177_0021_m_000000_0:MAP:MAP:0.6597325
FILE_BYTES_READ : 0
HDFS_BYTES_READ : 19295572
FILE_BYTES_WRITTEN : 117018
HBW_BYTES_WRITTEN : 0
CPU/Time : 0.9389445254991949
Written/Time : 0.5525163958808448
FinishedSize : 1.1574966829897463E7
TETS
Total Read / Write : 164.8940504879591
CPU intensive
Task Time : 211791
CPU Time : 198860
========================================
Task Size >> {0=17544939}
Update attemptID:attempt_1453208336177_0021_m_000000_0
attempt_1453208336177_0021_m_000000_0:MAP:MAP:0.667
FILE_BYTES_READ : 0
HDFS_BYTES_READ : 19503713
FILE_BYTES_WRITTEN : 117018
HBW_BYTES_WRITTEN : 0
CPU/Time : 0.9406543925424927
Written/Time : 0.544325465861623
FinishedSize : 1.170247423770529E7
TETS
Total Read / Write : 166.6727597463638
CPU intensive
Task Time : 214978
CPU Time : 202220
========================================
Task Size >> {0=17544939}
Update attemptID:attempt_1453208336177_0021_m_000000_0
attempt_1453208336177_0021_m_000000_0:MAP:SORT:0.667
FILE_BYTES_READ : 0
HDFS_BYTES_READ : 19503713
FILE_BYTES_WRITTEN : 117018
HBW_BYTES_WRITTEN : 0
CPU/Time : 0.9280531627328509
Written/Time : 0.537033552550058
FinishedSize : 1.170247423770529E7
TETS
Total Read / Write : 166.6727597463638
CPU intensive
Task Time : 217897
CPU Time : 202220
========================================
Task Size >> {0=17544939}
Update attemptID:attempt_1453208336177_0021_m_000000_0
attempt_1453208336177_0021_m_000000_0:MAP:SORT:1.0
FILE_BYTES_READ : 0
HDFS_BYTES_READ : 19503713
FILE_BYTES_WRITTEN : 4051492
HBW_BYTES_WRITTEN : 0
CPU/Time : 0.9418612645232257
Written/Time : 18.569067534431788
FinishedSize : 1.7544939E7
TETS
Total Read / Write : 4.813958166522358
CPU intensive
Task Time : 218185
CPU Time : 205500
========================================
Task Size >> {0=17544939}
Update attemptID:attempt_1453208336177_0021_m_000000_0
attempt_1453208336177_0021_m_000000_0:MAP:SORT:1.0
FILE_BYTES_READ : 0
HDFS_BYTES_READ : 19503713
FILE_BYTES_WRITTEN : 4051492
HBW_BYTES_WRITTEN : 0
CPU/Time : 0.941881108386105
Written/Time : 18.53788572056078
FinishedSize : 1.7544939E7
TETS
Total Read / Write : 4.813958166522358
CPU intensive
Task Time : 218552
CPU Time : 205850
========================================
