Now Use estimatorClass : org.apache.hadoop.mapreduce.v2.app.speculate.LegacyTaskRuntimeEstimator_Fixed
serviceStart
Task Size >> {0=17544939}
Update attemptID:attempt_1453208336177_0014_m_000000_0
attempt_1453208336177_0014_m_000000_0:MAP:MAP:0.017919702
FILE_BYTES_READ : 0
HDFS_BYTES_READ : 509837
FILE_BYTES_WRITTEN : 117018
HBW_BYTES_WRITTEN : 0
CPU/Time : 0.24758992652991887
Written/Time : 2.484775130589884
FinishedSize : 314400.08647816814
TETS
Total Read / Write : 4.356910902596182
CPU intensive
Task Time : 47094
CPU Time : 11660
========================================
Task Size >> {0=17544939}
Update attemptID:attempt_1453208336177_0014_m_000000_0
attempt_1453208336177_0014_m_000000_0:MAP:MAP:0.033634614
FILE_BYTES_READ : 0
HDFS_BYTES_READ : 922824
FILE_BYTES_WRITTEN : 117018
HBW_BYTES_WRITTEN : 0
CPU/Time : 0.30134261561412234
Written/Time : 2.3275584286424666
FinishedSize : 590117.2544170059
TETS
Total Read / Write : 7.886171358252576
CPU intensive
Task Time : 50275
CPU Time : 15150
========================================
Task Size >> {0=17544939}
Update attemptID:attempt_1453208336177_0014_m_000000_0
attempt_1453208336177_0014_m_000000_0:MAP:MAP:0.04814607
FILE_BYTES_READ : 0
HDFS_BYTES_READ : 1306406
FILE_BYTES_WRITTEN : 117018
HBW_BYTES_WRITTEN : 0
CPU/Time : 0.3453888899283402
Written/Time : 2.1894212958631916
FinishedSize : 844719.8445691466
TETS
Total Read / Write : 11.164145686988327
CPU intensive
Task Time : 53447
CPU Time : 18460
========================================
Task Size >> {0=17544939}
Update attemptID:attempt_1453208336177_0014_m_000000_0
attempt_1453208336177_0014_m_000000_0:MAP:MAP:0.06367493
FILE_BYTES_READ : 0
HDFS_BYTES_READ : 1711438
FILE_BYTES_WRITTEN : 117018
HBW_BYTES_WRITTEN : 0
CPU/Time : 0.3846833162598467
Written/Time : 2.066798544632449
FinishedSize : 1117172.705795288
TETS
Total Read / Write : 14.625425148267787
CPU intensive
Task Time : 56618
CPU Time : 21780
========================================
Task Size >> {0=17544939}
Update attemptID:attempt_1453208336177_0014_m_000000_0
attempt_1453208336177_0014_m_000000_0:MAP:MAP:0.078536406
FILE_BYTES_READ : 0
HDFS_BYTES_READ : 2105318
FILE_BYTES_WRITTEN : 117018
HBW_BYTES_WRITTEN : 0
CPU/Time : 0.4199207318092881
Written/Time : 1.956920915765005
FinishedSize : 1377916.4553459138
TETS
Total Read / Write : 17.99140303201217
CPU intensive
Task Time : 59797
CPU Time : 25110
========================================
Task Size >> {0=17544939}
Update attemptID:attempt_1453208336177_0014_m_000000_0
attempt_1453208336177_0014_m_000000_0:MAP:MAP:0.09368787
FILE_BYTES_READ : 0
HDFS_BYTES_READ : 2501388
FILE_BYTES_WRITTEN : 117018
HBW_BYTES_WRITTEN : 0
CPU/Time : 0.45133319569947117
Written/Time : 1.8583429941717353
FinishedSize : 1643747.9573193714
TETS
Total Read / Write : 21.37609598523304
CPU intensive
Task Time : 62969
CPU Time : 28420
========================================
Task Size >> {0=17544939}
Update attemptID:attempt_1453208336177_0014_m_000000_0
attempt_1453208336177_0014_m_000000_0:MAP:MAP:0.10939838
FILE_BYTES_READ : 0
HDFS_BYTES_READ : 2912915
FILE_BYTES_WRITTEN : 117018
HBW_BYTES_WRITTEN : 0
CPU/Time : 0.47983310152990266
Written/Time : 1.7690330773417187
FinishedSize : 1919387.902428791
TETS
Total Read / Write : 24.892879727905108
CPU intensive
Task Time : 66148
CPU Time : 31740
========================================
Task Size >> {0=17544939}
Update attemptID:attempt_1453208336177_0014_m_000000_0
attempt_1453208336177_0014_m_000000_0:MAP:MAP:0.1242462
FILE_BYTES_READ : 0
HDFS_BYTES_READ : 3304382
FILE_BYTES_WRITTEN : 117018
HBW_BYTES_WRITTEN : 0
CPU/Time : 0.5055094034844814
Written/Time : 1.6876947040498442
FinishedSize : 2179892.04225225
TETS
Total Read / Write : 28.23823685245005
CPU intensive
Task Time : 69336
CPU Time : 35050
========================================
Task Size >> {0=17544939}
Update attemptID:attempt_1453208336177_0014_m_000000_0
attempt_1453208336177_0014_m_000000_0:MAP:MAP:0.13940752
FILE_BYTES_READ : 0
HDFS_BYTES_READ : 3702392
FILE_BYTES_WRITTEN : 117018
HBW_BYTES_WRITTEN : 0
CPU/Time : 0.5292333149476006
Written/Time : 1.6135962493105351
FinishedSize : 2445896.3560420275
TETS
Total Read / Write : 31.639508451691192
CPU intensive
Task Time : 72520
CPU Time : 38380
========================================
Task Size >> {0=17544939}
Update attemptID:attempt_1453208336177_0014_m_000000_0
attempt_1453208336177_0014_m_000000_0:MAP:MAP:0.1552938
FILE_BYTES_READ : 0
HDFS_BYTES_READ : 4121570
FILE_BYTES_WRITTEN : 117018
HBW_BYTES_WRITTEN : 0
CPU/Time : 0.5507411028032445
Written/Time : 1.54585325900288
FinishedSize : 2724620.37768884
TETS
Total Read / Write : 35.22167529781743
CPU intensive
Task Time : 75698
CPU Time : 41690
========================================
Task Size >> {0=17544939}
Update attemptID:attempt_1453208336177_0014_m_000000_0
attempt_1453208336177_0014_m_000000_0:MAP:MAP:0.17184767
FILE_BYTES_READ : 0
HDFS_BYTES_READ : 4558402
FILE_BYTES_WRITTEN : 117018
HBW_BYTES_WRITTEN : 0
CPU/Time : 0.5721647531355386
Written/Time : 1.4780038649539615
FinishedSize : 3015056.9097307026
TETS
Total Read / Write : 38.954707822728125
CPU intensive
Task Time : 79173
CPU Time : 45300
========================================
Task Size >> {0=17544939}
Update attemptID:attempt_1453208336177_0014_m_000000_0
attempt_1453208336177_0014_m_000000_0:MAP:MAP:0.18768694
FILE_BYTES_READ : 0
HDFS_BYTES_READ : 4971509
FILE_BYTES_WRITTEN : 117018
HBW_BYTES_WRITTEN : 0
CPU/Time : 0.5906276556998907
Written/Time : 1.4206385820080125
FinishedSize : 3292955.826850578
TETS
Total Read / Write : 42.48499376164351
CPU intensive
Task Time : 82370
CPU Time : 48650
========================================
Task Size >> {0=17544939}
Update attemptID:attempt_1453208336177_0014_m_000000_0
attempt_1453208336177_0014_m_000000_0:MAP:MAP:0.20299923
FILE_BYTES_READ : 0
HDFS_BYTES_READ : 5378138
FILE_BYTES_WRITTEN : 117018
HBW_BYTES_WRITTEN : 0
CPU/Time : 0.6076825092613152
Written/Time : 1.3674959974757803
FinishedSize : 3561609.181077361
TETS
Total Read / Write : 45.95992069596131
CPU intensive
Task Time : 85571
CPU Time : 52000
========================================
Task Size >> {0=17544939}
Update attemptID:attempt_1453208336177_0014_m_000000_0
attempt_1453208336177_0014_m_000000_0:MAP:MAP:0.21817657
FILE_BYTES_READ : 0
HDFS_BYTES_READ : 5776406
FILE_BYTES_WRITTEN : 117018
HBW_BYTES_WRITTEN : 0
CPU/Time : 0.6237605913106183
Written/Time : 1.3184829637641968
FinishedSize : 3827894.673548609
TETS
Total Read / Write : 49.36339708420927
CPU intensive
Task Time : 88752
CPU Time : 55360
========================================
Task Size >> {0=17544939}
Update attemptID:attempt_1453208336177_0014_m_000000_0
attempt_1453208336177_0014_m_000000_0:MAP:MAP:0.23341458
FILE_BYTES_READ : 0
HDFS_BYTES_READ : 6179133
FILE_BYTES_WRITTEN : 117018
HBW_BYTES_WRITTEN : 0
CPU/Time : 0.63849458856801
Written/Time : 1.2728340675477239
FinishedSize : 4095244.4881140143
TETS
Total Read / Write : 52.804978721222376
CPU intensive
Task Time : 91935
CPU Time : 58700
========================================
Task Size >> {0=17544939}
Update attemptID:attempt_1453208336177_0014_m_000000_0
attempt_1453208336177_0014_m_000000_0:MAP:MAP:0.24872606
FILE_BYTES_READ : 0
HDFS_BYTES_READ : 6580332
FILE_BYTES_WRITTEN : 117018
HBW_BYTES_WRITTEN : 0
CPU/Time : 0.6520893561103811
Written/Time : 1.230149802890933
FinishedSize : 4363883.463142768
TETS
Total Read / Write : 56.233502538071065
CPU intensive
Task Time : 95125
CPU Time : 62030
========================================
Task Size >> {0=17544939}
Update attemptID:attempt_1453208336177_0014_m_000000_0
attempt_1453208336177_0014_m_000000_0:MAP:MAP:0.2646795
FILE_BYTES_READ : 0
HDFS_BYTES_READ : 6995063
FILE_BYTES_WRITTEN : 117018
HBW_BYTES_WRITTEN : 0
CPU/Time : 0.6649712629062611
Written/Time : 1.1903565434108132
FinishedSize : 4643785.533268154
TETS
Total Read / Write : 59.777666683758056
CPU intensive
Task Time : 98305
CPU Time : 65370
========================================
Task Size >> {0=17544939}
Update attemptID:attempt_1453208336177_0014_m_000000_0
attempt_1453208336177_0014_m_000000_0:MAP:MAP:0.2807655
FILE_BYTES_READ : 0
HDFS_BYTES_READ : 7421968
FILE_BYTES_WRITTEN : 117018
HBW_BYTES_WRITTEN : 0
CPU/Time : 0.6770258552735299
Written/Time : 1.153023017499606
FinishedSize : 4926013.634754807
TETS
Total Read / Write : 63.42586610606915
CPU intensive
Task Time : 101488
CPU Time : 68710
========================================
Task Size >> {0=17544939}
Update attemptID:attempt_1453208336177_0014_m_000000_0
attempt_1453208336177_0014_m_000000_0:MAP:MAP:0.29606062
FILE_BYTES_READ : 0
HDFS_BYTES_READ : 7827842
FILE_BYTES_WRITTEN : 117018
HBW_BYTES_WRITTEN : 0
CPU/Time : 0.68815930285889
Written/Time : 1.1181203179941905
FinishedSize : 5194365.548702896
TETS
Total Read / Write : 66.89434104154917
CPU intensive
Task Time : 104656
CPU Time : 72020
========================================
Task Size >> {0=17544939}
Update attemptID:attempt_1453208336177_0014_m_000000_0
attempt_1453208336177_0014_m_000000_0:MAP:MAP:0.3123083
FILE_BYTES_READ : 0
HDFS_BYTES_READ : 8248930
FILE_BYTES_WRITTEN : 117018
HBW_BYTES_WRITTEN : 0
CPU/Time : 0.6986859066502212
Written/Time : 1.085198134117276
FinishedSize : 5479430.27380085
TETS
Total Read / Write : 70.49283016288092
CPU intensive
Task Time : 107831
CPU Time : 75340
========================================
Task Size >> {0=17544939}
Update attemptID:attempt_1453208336177_0014_m_000000_0
attempt_1453208336177_0014_m_000000_0:MAP:MAP:0.32780868
FILE_BYTES_READ : 0
HDFS_BYTES_READ : 8660228
FILE_BYTES_WRITTEN : 117018
HBW_BYTES_WRITTEN : 0
CPU/Time : 0.7086358804345868
Written/Time : 1.0541972216716815
FinishedSize : 5751383.261815488
TETS
Total Read / Write : 74.0076569416671
CPU intensive
Task Time : 111002
CPU Time : 78660
========================================
Task Size >> {0=17544939}
Update attemptID:attempt_1453208336177_0014_m_000000_0
attempt_1453208336177_0014_m_000000_0:MAP:MAP:0.3438853
FILE_BYTES_READ : 0
HDFS_BYTES_READ : 9083205
FILE_BYTES_WRITTEN : 117018
HBW_BYTES_WRITTEN : 0
CPU/Time : 0.718020582439238
Written/Time : 1.0249003722356032
FinishedSize : 6033446.656124711
TETS
Total Read / Write : 77.62228887863405
CPU intensive
Task Time : 114175
CPU Time : 81980
========================================
Task Size >> {0=17544939}
Update attemptID:attempt_1453208336177_0014_m_000000_0
attempt_1453208336177_0014_m_000000_0:MAP:MAP:0.36022466
FILE_BYTES_READ : 0
HDFS_BYTES_READ : 9512544
FILE_BYTES_WRITTEN : 117018
HBW_BYTES_WRITTEN : 0
CPU/Time : 0.7267583068440384
Written/Time : 0.9972303418184297
FinishedSize : 6320119.759882271
TETS
Total Read / Write : 81.29128851971491
CPU intensive
Task Time : 117343
CPU Time : 85280
========================================
Task Size >> {0=17544939}
Update attemptID:attempt_1453208336177_0014_m_000000_0
attempt_1453208336177_0014_m_000000_0:MAP:MAP:0.37499914
FILE_BYTES_READ : 0
HDFS_BYTES_READ : 9902503
FILE_BYTES_WRITTEN : 117018
HBW_BYTES_WRITTEN : 0
CPU/Time : 0.7352086963737449
Written/Time : 0.9710231516056759
FinishedSize : 6579336.961482078
TETS
Total Read / Write : 84.62375873797194
CPU intensive
Task Time : 120510
CPU Time : 88600
========================================
Task Size >> {0=17544939}
Update attemptID:attempt_1453208336177_0014_m_000000_0
attempt_1453208336177_0014_m_000000_0:MAP:MAP:0.39091426
FILE_BYTES_READ : 0
HDFS_BYTES_READ : 10321431
FILE_BYTES_WRITTEN : 117018
HBW_BYTES_WRITTEN : 0
CPU/Time : 0.7431514602671496
Written/Time : 0.9461657880267796
FinishedSize : 6858566.869459569
TETS
Total Read / Write : 88.20378916064195
CPU intensive
Task Time : 123676
CPU Time : 91910
========================================
Task Size >> {0=17544939}
Update attemptID:attempt_1453208336177_0014_m_000000_0
attempt_1453208336177_0014_m_000000_0:MAP:MAP:0.40645456
FILE_BYTES_READ : 0
HDFS_BYTES_READ : 10729757
FILE_BYTES_WRITTEN : 117018
HBW_BYTES_WRITTEN : 0
CPU/Time : 0.7508494753356512
Written/Time : 0.9225420401598827
FinishedSize : 7131220.5165781975
TETS
Total Read / Write : 91.69321813738057
CPU intensive
Task Time : 126843
CPU Time : 95240
========================================
Task Size >> {0=17544939}
Update attemptID:attempt_1453208336177_0014_m_000000_0
attempt_1453208336177_0014_m_000000_0:MAP:MAP:0.42243078
FILE_BYTES_READ : 0
HDFS_BYTES_READ : 11144513
FILE_BYTES_WRITTEN : 117018
HBW_BYTES_WRITTEN : 0
CPU/Time : 0.758102474965775
Written/Time : 0.8999861561889526
FinishedSize : 7411522.3284088075
TETS
Total Read / Write : 95.23759592541319
CPU intensive
Task Time : 130022
CPU Time : 98570
========================================
Task Size >> {0=17544939}
Update attemptID:attempt_1453208336177_0014_m_000000_0
attempt_1453208336177_0014_m_000000_0:MAP:MAP:0.43759724
FILE_BYTES_READ : 0
HDFS_BYTES_READ : 11550109
FILE_BYTES_WRITTEN : 117018
HBW_BYTES_WRITTEN : 0
CPU/Time : 0.7650667087115496
Written/Time : 0.8785728765457126
FinishedSize : 7677616.9697062075
TETS
Total Read / Write : 98.70369515800988
CPU intensive
Task Time : 133191
CPU Time : 101900
========================================
Task Size >> {0=17544939}
Update attemptID:attempt_1453208336177_0014_m_000000_0
attempt_1453208336177_0014_m_000000_0:MAP:MAP:0.45099565
FILE_BYTES_READ : 0
HDFS_BYTES_READ : 11905115
FILE_BYTES_WRITTEN : 117018
HBW_BYTES_WRITTEN : 0
CPU/Time : 0.7716508870098345
Written/Time : 0.8581737644565369
FinishedSize : 7912691.236374289
TETS
Total Read / Write : 101.73746774000581
CPU intensive
Task Time : 136357
CPU Time : 105220
========================================
Task Size >> {0=17544939}
Update attemptID:attempt_1453208336177_0014_m_000000_0
attempt_1453208336177_0014_m_000000_0:MAP:MAP:0.4668418
FILE_BYTES_READ : 0
HDFS_BYTES_READ : 12317415
FILE_BYTES_WRITTEN : 117018
HBW_BYTES_WRITTEN : 0
CPU/Time : 0.7779521690209484
Written/Time : 0.8386403216443422
FinishedSize : 8190710.677317649
TETS
Total Read / Write : 105.26085730400452
CPU intensive
Task Time : 139533
CPU Time : 108550
========================================
Task Size >> {0=17544939}
Update attemptID:attempt_1453208336177_0014_m_000000_0
attempt_1453208336177_0014_m_000000_0:MAP:MAP:0.4825503
FILE_BYTES_READ : 0
HDFS_BYTES_READ : 12732634
FILE_BYTES_WRITTEN : 117018
HBW_BYTES_WRITTEN : 0
CPU/Time : 0.7839042439872176
Written/Time : 0.8200510175477939
FinishedSize : 8466315.458751887
TETS
Total Read / Write : 108.80919174827804
CPU intensive
Task Time : 142696
CPU Time : 111860
========================================
Task Size >> {0=17544939}
Update attemptID:attempt_1453208336177_0014_m_000000_0
attempt_1453208336177_0014_m_000000_0:MAP:MAP:0.49774456
FILE_BYTES_READ : 0
HDFS_BYTES_READ : 13127749
FILE_BYTES_WRITTEN : 117018
HBW_BYTES_WRITTEN : 0
CPU/Time : 0.7896667329407168
Written/Time : 0.8022679436990519
FinishedSize : 8732897.947022438
TETS
Total Read / Write : 112.18572356389615
CPU intensive
Task Time : 145859
CPU Time : 115180
========================================
Task Size >> {0=17544939}
Update attemptID:attempt_1453208336177_0014_m_000000_0
attempt_1453208336177_0014_m_000000_0:MAP:MAP:0.51313126
FILE_BYTES_READ : 0
HDFS_BYTES_READ : 13534743
FILE_BYTES_WRITTEN : 117018
HBW_BYTES_WRITTEN : 0
CPU/Time : 0.7952356987082704
Written/Time : 0.7852239557121289
FinishedSize : 9002856.670990348
TETS
Total Read / Write : 115.66376967646003
CPU intensive
Task Time : 149025
CPU Time : 118510
========================================
Task Size >> {0=17544939}
Update attemptID:attempt_1453208336177_0014_m_000000_0
attempt_1453208336177_0014_m_000000_0:MAP:MAP:0.5291099
FILE_BYTES_READ : 0
HDFS_BYTES_READ : 13955170
FILE_BYTES_WRITTEN : 117018
HBW_BYTES_WRITTEN : 0
CPU/Time : 0.800457329092964
Written/Time : 0.7689042500065708
FinishedSize : 9283200.836095154
TETS
Total Read / Write : 119.25661009417355
CPU intensive
Task Time : 152188
CPU Time : 121820
========================================
Task Size >> {0=17544939}
Update attemptID:attempt_1453208336177_0014_m_000000_0
attempt_1453208336177_0014_m_000000_0:MAP:MAP:0.54749954
FILE_BYTES_READ : 0
HDFS_BYTES_READ : 14436946
FILE_BYTES_WRITTEN : 117018
HBW_BYTES_WRITTEN : 0
CPU/Time : 0.8055847006494886
Written/Time : 0.7532393967287404
FinishedSize : 9605845.987403512
TETS
Total Read / Write : 123.37372028234972
CPU intensive
Task Time : 155353
CPU Time : 125150
========================================
Task Size >> {0=17544939}
Update attemptID:attempt_1453208336177_0014_m_000000_0
attempt_1453208336177_0014_m_000000_0:MAP:MAP:0.56334704
FILE_BYTES_READ : 0
HDFS_BYTES_READ : 14853829
FILE_BYTES_WRITTEN : 117018
HBW_BYTES_WRITTEN : 0
CPU/Time : 0.8103964924455099
Written/Time : 0.7382140491436142
FinishedSize : 9883889.480823576
TETS
Total Read / Write : 126.93627476114786
CPU intensive
Task Time : 158515
CPU Time : 128460
========================================
Task Size >> {0=17544939}
Update attemptID:attempt_1453208336177_0014_m_000000_0
attempt_1453208336177_0014_m_000000_0:MAP:MAP:0.57951653
FILE_BYTES_READ : 0
HDFS_BYTES_READ : 15278646
FILE_BYTES_WRITTEN : 117018
HBW_BYTES_WRITTEN : 0
CPU/Time : 0.8150251119522997
Written/Time : 0.7237808951235805
FinishedSize : 1.016758216898954E7
TETS
Total Read / Write : 130.5666307747526
CPU intensive
Task Time : 161676
CPU Time : 131770
========================================
Task Size >> {0=17544939}
Update attemptID:attempt_1453208336177_0014_m_000000_0
attempt_1453208336177_0014_m_000000_0:MAP:MAP:0.59462523
FILE_BYTES_READ : 0
HDFS_BYTES_READ : 15680771
FILE_BYTES_WRITTEN : 117018
HBW_BYTES_WRITTEN : 0
CPU/Time : 0.8194762098315306
Written/Time : 0.7099012964322331
FinishedSize : 1.0432663468985796E7
TETS
Total Read / Write : 134.00306790408314
CPU intensive
Task Time : 164837
CPU Time : 135080
========================================
Task Size >> {0=17544939}
Update attemptID:attempt_1453208336177_0014_m_000000_0
attempt_1453208336177_0014_m_000000_0:MAP:MAP:0.6103195
FILE_BYTES_READ : 0
HDFS_BYTES_READ : 16088187
FILE_BYTES_WRITTEN : 117018
HBW_BYTES_WRITTEN : 0
CPU/Time : 0.823804620210594
Written/Time : 0.6965315682644746
FinishedSize : 1.0708018313814282E7
TETS
Total Read / Write : 137.4847202994411
CPU intensive
Task Time : 168001
CPU Time : 138400
========================================
Task Size >> {0=17544939}
Update attemptID:attempt_1453208336177_0014_m_000000_0
attempt_1453208336177_0014_m_000000_0:MAP:MAP:0.6258354
FILE_BYTES_READ : 0
HDFS_BYTES_READ : 16500763
FILE_BYTES_WRITTEN : 117018
HBW_BYTES_WRITTEN : 0
CPU/Time : 0.828060828060828
Written/Time : 0.6836321573163678
FinishedSize : 1.098024424515152E7
TETS
Total Read / Write : 141.0104684749355
CPU intensive
Task Time : 171171
CPU Time : 141740
========================================
Task Size >> {0=17544939}
Update attemptID:attempt_1453208336177_0014_m_000000_0
attempt_1453208336177_0014_m_000000_0:MAP:MAP:0.64003706
FILE_BYTES_READ : 0
HDFS_BYTES_READ : 16876307
FILE_BYTES_WRITTEN : 117018
HBW_BYTES_WRITTEN : 0
CPU/Time : 0.8320666295737565
Written/Time : 0.6712172401727688
FinishedSize : 1.1229411171648502E7
TETS
Total Read / Write : 144.21975251670682
CPU intensive
Task Time : 174337
CPU Time : 145060
========================================
Task Size >> {0=17544939}
Update attemptID:attempt_1453208336177_0014_m_000000_0
attempt_1453208336177_0014_m_000000_0:MAP:MAP:0.6548116
FILE_BYTES_READ : 0
HDFS_BYTES_READ : 17264863
FILE_BYTES_WRITTEN : 117018
HBW_BYTES_WRITTEN : 0
CPU/Time : 0.8359248242293131
Written/Time : 0.6592414818820984
FinishedSize : 1.1488629941888094E7
TETS
Total Read / Write : 147.54023312652754
CPU intensive
Task Time : 177504
CPU Time : 148380
========================================
Task Size >> {0=17544939}
Update attemptID:attempt_1453208336177_0014_m_000000_0
attempt_1453208336177_0014_m_000000_0:MAP:MAP:0.667
FILE_BYTES_READ : 0
HDFS_BYTES_READ : 17600608
FILE_BYTES_WRITTEN : 117018
HBW_BYTES_WRITTEN : 0
CPU/Time : 0.8395695877429925
Written/Time : 0.6477106673161227
FinishedSize : 1.170247423770529E7
TETS
Total Read / Write : 150.40940709976243
CPU intensive
Task Time : 180664
CPU Time : 151680
========================================
Task Size >> {0=17544939}
Update attemptID:attempt_1453208336177_0014_m_000000_0
attempt_1453208336177_0014_m_000000_0:MAP:SORT:0.667
FILE_BYTES_READ : 0
HDFS_BYTES_READ : 17600608
FILE_BYTES_WRITTEN : 117018
HBW_BYTES_WRITTEN : 0
CPU/Time : 0.8344932687070525
Written/Time : 0.6437943915978499
FinishedSize : 1.170247423770529E7
TETS
Total Read / Write : 150.40940709976243
CPU intensive
Task Time : 181763
CPU Time : 151680
========================================
Task Size >> {0=17544939}
Update attemptID:attempt_1453208336177_0014_m_000000_0
attempt_1453208336177_0014_m_000000_0:MAP:SORT:1.0
FILE_BYTES_READ : 0
HDFS_BYTES_READ : 17600608
FILE_BYTES_WRITTEN : 1576374
HBW_BYTES_WRITTEN : 0
CPU/Time : 0.8408696797418619
Written/Time : 8.650558640823583
FinishedSize : 1.7544939E7
TETS
Total Read / Write : 11.16524885591871
CPU intensive
Task Time : 182228
CPU Time : 153230
=======================================
