Now Use estimatorClass : org.apache.hadoop.mapreduce.v2.app.speculate.LegacyTaskRuntimeEstimator_Fixed
serviceStart
Task Size >> {0=28689283}
Update attemptID:attempt_1453169138423_0016_m_000000_0
attempt_1453169138423_0016_m_000000_0:MAP:MAP:0.06093348
FILE_BYTES_READ : 0
HDFS_BYTES_READ : 2550515
FILE_BYTES_WRITTEN : 116567
HBW_BYTES_WRITTEN : 0
CPU/Time : 0.29508940139932627
Written/Time : 3.775816273646022
FinishedSize : 1748137.799582623
TETS
Total Read / Write : 21.880249127111448
CPU intensive
Task Time : 30872
CPU Time : 9110
========================================
Task Size >> {0=28689283}
Update attemptID:attempt_1453169138423_0016_m_000000_0
attempt_1453169138423_0016_m_000000_0:MAP:MAP:0.09640765
FILE_BYTES_READ : 0
HDFS_BYTES_READ : 4076986
FILE_BYTES_WRITTEN : 116567
HBW_BYTES_WRITTEN : 0
CPU/Time : 0.3708053198672969
Written/Time : 3.4223011655559143
FinishedSize : 2765866.408760309
TETS
Total Read / Write : 34.97547333293299
CPU intensive
Task Time : 34061
CPU Time : 12630
========================================
Task Size >> {0=28689283}
Update attemptID:attempt_1453169138423_0016_m_000000_0
attempt_1453169138423_0016_m_000000_0:MAP:MAP:0.12969637
FILE_BYTES_READ : 0
HDFS_BYTES_READ : 5512169
FILE_BYTES_WRITTEN : 116567
HBW_BYTES_WRITTEN : 0
CPU/Time : 0.4285254000644399
Written/Time : 3.1298195682526044
FinishedSize : 3720895.839223385
TETS
Total Read / Write : 47.2875599440665
CPU intensive
Task Time : 37244
CPU Time : 15960
========================================
Task Size >> {0=28689283}
Update attemptID:attempt_1453169138423_0016_m_000000_0
attempt_1453169138423_0016_m_000000_0:MAP:MAP:0.16316248
FILE_BYTES_READ : 0
HDFS_BYTES_READ : 6952934
FILE_BYTES_WRITTEN : 116567
HBW_BYTES_WRITTEN : 0
CPU/Time : 0.4775683830439729
Written/Time : 2.882895582925261
FinishedSize : 4681014.700407788
TETS
Total Read / Write : 59.647533178343785
CPU intensive
Task Time : 40434
CPU Time : 19310
========================================
Task Size >> {0=28689283}
Update attemptID:attempt_1453169138423_0016_m_000000_0
attempt_1453169138423_0016_m_000000_0:MAP:MAP:0.19631742
FILE_BYTES_READ : 0
HDFS_BYTES_READ : 8381876
FILE_BYTES_WRITTEN : 116567
HBW_BYTES_WRITTEN : 0
CPU/Time : 0.5189209012354168
Written/Time : 2.6717779458616975
FinishedSize : 5632206.003276065
TETS
Total Read / Write : 71.9060797652852
CPU intensive
Task Time : 43629
CPU Time : 22640
========================================
Task Size >> {0=28689283}
Update attemptID:attempt_1453169138423_0016_m_000000_0
attempt_1453169138423_0016_m_000000_0:MAP:MAP:0.2303536
FILE_BYTES_READ : 0
HDFS_BYTES_READ : 9838641
FILE_BYTES_WRITTEN : 116567
HBW_BYTES_WRITTEN : 0
CPU/Time : 0.5548555197232129
Written/Time : 2.4895243790444868
FinishedSize : 6608679.4433496
TETS
Total Read / Write : 84.40331311606201
CPU intensive
Task Time : 46823
CPU Time : 25980
========================================
Task Size >> {0=28689283}
Update attemptID:attempt_1453169138423_0016_m_000000_0
attempt_1453169138423_0016_m_000000_0:MAP:MAP:0.2648362
FILE_BYTES_READ : 0
HDFS_BYTES_READ : 11310251
FILE_BYTES_WRITTEN : 116567
HBW_BYTES_WRITTEN : 0
CPU/Time : 0.5862840700183838
Written/Time : 2.32929022460235
FinishedSize : 7597960.464689851
TETS
Total Read / Write : 97.02789811867852
CPU intensive
Task Time : 50044
CPU Time : 29340
========================================
Task Size >> {0=28689283}
Update attemptID:attempt_1453169138423_0016_m_000000_0
attempt_1453169138423_0016_m_000000_0:MAP:MAP:0.29974973
FILE_BYTES_READ : 0
HDFS_BYTES_READ : 12829649
FILE_BYTES_WRITTEN : 116567
HBW_BYTES_WRITTEN : 0
CPU/Time : 0.6136939983093829
Written/Time : 2.189668451206913
FinishedSize : 8599604.891024709
TETS
Total Read / Write : 110.06244477425
CPU intensive
Task Time : 53235
CPU Time : 32670
========================================
Task Size >> {0=28689283}
Update attemptID:attempt_1453169138423_0016_m_000000_0
attempt_1453169138423_0016_m_000000_0:MAP:MAP:0.33470324
FILE_BYTES_READ : 0
HDFS_BYTES_READ : 14328438
FILE_BYTES_WRITTEN : 116567
HBW_BYTES_WRITTEN : 0
CPU/Time : 0.6374756248892041
Written/Time : 2.066424392838149
FinishedSize : 9602395.882096618
TETS
Total Read / Write : 122.9201918210128
CPU intensive
Task Time : 56410
CPU Time : 35960
========================================
Task Size >> {0=28689283}
Update attemptID:attempt_1453169138423_0016_m_000000_0
attempt_1453169138423_0016_m_000000_0:MAP:MAP:0.36992246
FILE_BYTES_READ : 0
HDFS_BYTES_READ : 15840235
FILE_BYTES_WRITTEN : 116567
HBW_BYTES_WRITTEN : 0
CPU/Time : 0.6590051170203842
Written/Time : 1.9556580823756395
FinishedSize : 1.0612810117907941E7
TETS
Total Read / Write : 135.88953134248973
CPU intensive
Task Time : 59605
CPU Time : 39280
========================================
Task Size >> {0=28689283}
Update attemptID:attempt_1453169138423_0016_m_000000_0
attempt_1453169138423_0016_m_000000_0:MAP:MAP:0.4038165
FILE_BYTES_READ : 0
HDFS_BYTES_READ : 17303167
FILE_BYTES_WRITTEN : 116567
HBW_BYTES_WRITTEN : 0
CPU/Time : 0.6784115707481801
Written/Time : 1.8567833192628107
FinishedSize : 1.1585205600849956E7
TETS
Total Read / Write : 148.43966988941983
CPU intensive
Task Time : 62779
CPU Time : 42590
========================================
Task Size >> {0=28689283}
Update attemptID:attempt_1453169138423_0016_m_000000_0
attempt_1453169138423_0016_m_000000_0:MAP:MAP:0.43861696
FILE_BYTES_READ : 0
HDFS_BYTES_READ : 18799182
FILE_BYTES_WRITTEN : 116567
HBW_BYTES_WRITTEN : 0
CPU/Time : 0.6956152586572867
Written/Time : 1.7673448965977319
FinishedSize : 1.2583606129636437E7
TETS
Total Read / Write : 161.27361946348452
CPU intensive
Task Time : 65956
CPU Time : 45880
========================================
Task Size >> {0=28689283}
Update attemptID:attempt_1453169138423_0016_m_000000_0
attempt_1453169138423_0016_m_000000_0:MAP:MAP:0.47303453
FILE_BYTES_READ : 0
HDFS_BYTES_READ : 20274763
FILE_BYTES_WRITTEN : 116567
HBW_BYTES_WRITTEN : 0
CPU/Time : 0.7111156086912523
Written/Time : 1.6851517210472293
FinishedSize : 1.3571021525133103E7
TETS
Total Read / Write : 173.93227071126478
CPU intensive
Task Time : 69173
CPU Time : 49190
========================================
Task Size >> {0=28689283}
Update attemptID:attempt_1453169138423_0016_m_000000_0
attempt_1453169138423_0016_m_000000_0:MAP:MAP:0.5091653
FILE_BYTES_READ : 0
HDFS_BYTES_READ : 21836391
FILE_BYTES_WRITTEN : 116567
HBW_BYTES_WRITTEN : 0
CPU/Time : 0.7259635981702345
Written/Time : 1.6109537168838708
FinishedSize : 1.4607587013030529E7
TETS
Total Read / Write : 187.32909828682216
CPU intensive
Task Time : 72359
CPU Time : 52530
========================================
Task Size >> {0=28689283}
Update attemptID:attempt_1453169138423_0016_m_000000_0
attempt_1453169138423_0016_m_000000_0:MAP:MAP:0.5453432
FILE_BYTES_READ : 0
HDFS_BYTES_READ : 23391052
FILE_BYTES_WRITTEN : 116567
HBW_BYTES_WRITTEN : 0
CPU/Time : 0.7395004698812723
Written/Time : 1.542891556696801
FinishedSize : 1.5645505977422178E7
TETS
Total Read / Write : 200.66615766040132
CPU intensive
Task Time : 75551
CPU Time : 55870
========================================
Task Size >> {0=28689283}
Update attemptID:attempt_1453169138423_0016_m_000000_0
attempt_1453169138423_0016_m_000000_0:MAP:MAP:0.58181214
FILE_BYTES_READ : 0
HDFS_BYTES_READ : 24961112
FILE_BYTES_WRITTEN : 116567
HBW_BYTES_WRITTEN : 0
CPU/Time : 0.7520477490634326
Written/Time : 1.4803098609435519
FinishedSize : 1.66917732327106E7
TETS
Total Read / Write : 214.13532131735397
CPU intensive
Task Time : 78745
CPU Time : 59220
========================================
Task Size >> {0=28689283}
Update attemptID:attempt_1453169138423_0016_m_000000_0
attempt_1453169138423_0016_m_000000_0:MAP:MAP:0.618904
FILE_BYTES_READ : 0
HDFS_BYTES_READ : 26550571
FILE_BYTES_WRITTEN : 116567
HBW_BYTES_WRITTEN : 0
CPU/Time : 0.7638143122132188
Written/Time : 1.422520257736991
FinishedSize : 1.7755911849769235E7
TETS
Total Read / Write : 227.770904286805
CPU intensive
Task Time : 81944
CPU Time : 62590
========================================
Task Size >> {0=28689283}
Update attemptID:attempt_1453169138423_0016_m_000000_0
attempt_1453169138423_0016_m_000000_0:MAP:MAP:0.65480536
FILE_BYTES_READ : 0
HDFS_BYTES_READ : 28103754
FILE_BYTES_WRITTEN : 116567
HBW_BYTES_WRITTEN : 0
CPU/Time : 0.7740927407511836
Written/Time : 1.369459227669498
FinishedSize : 1.8785896346778452E7
TETS
Total Read / Write : 241.0952842571225
CPU intensive
Task Time : 85119
CPU Time : 65890
========================================
Task Size >> {0=28689283}
Update attemptID:attempt_1453169138423_0016_m_000000_0
attempt_1453169138423_0016_m_000000_0:MAP:SORT:0.65480536
FILE_BYTES_READ : 0
HDFS_BYTES_READ : 28103754
FILE_BYTES_WRITTEN : 116567
HBW_BYTES_WRITTEN : 0
CPU/Time : 0.7645359293596184
Written/Time : 1.352552127449729
FinishedSize : 1.8785896346778452E7
TETS
Total Read / Write : 241.0952842571225
CPU intensive
Task Time : 86183
CPU Time : 65890
========================================
Task Size >> {0=28689283}
Update attemptID:attempt_1453169138423_0016_m_000000_0
attempt_1453169138423_0016_m_000000_0:MAP:SORT:0.667
FILE_BYTES_READ : 0
HDFS_BYTES_READ : 28689448
FILE_BYTES_WRITTEN : 116567
HBW_BYTES_WRITTEN : 0
CPU/Time : 0.7835719463573758
Written/Time : 1.3203040050743022
FinishedSize : 1.9135751637878954E7
TETS
Total Read / Write : 246.11981092418952
CPU intensive
Task Time : 88288
CPU Time : 69180
========================================
Task Size >> {0=28689283}
Update attemptID:attempt_1453169138423_0016_m_000000_0
attempt_1453169138423_0016_m_000000_0:MAP:SORT:0.667
FILE_BYTES_READ : 0
HDFS_BYTES_READ : 28689448
FILE_BYTES_WRITTEN : 9053797
HBW_BYTES_WRITTEN : 0
CPU/Time : 0.7932778985784372
Written/Time : 98.92805865448705
FinishedSize : 1.9135751637878954E7
TETS
Total Read / Write : 3.168775266333009
CPU intensive
Task Time : 91519
CPU Time : 72600
========================================
Task Size >> {0=28689283}
Update attemptID:attempt_1453169138423_0016_m_000000_0
attempt_1453169138423_0016_m_000000_0:MAP:SORT:1.0
FILE_BYTES_READ : 0
HDFS_BYTES_READ : 28689448
FILE_BYTES_WRITTEN : 28554349
HBW_BYTES_WRITTEN : 0
CPU/Time : 0.7964506587792417
Written/Time : 307.11856950793225
FinishedSize : 2.8689283E7
TETS
Total Read / Write : 1.004731293296163
CPU intensive
Task Time : 92975
CPU Time : 74050
========================================
