Now Use estimatorClass : org.apache.hadoop.mapreduce.v2.app.speculate.LegacyTaskRuntimeEstimator_Fixed
serviceStart
attempt_1453775530377_0007_m_000000_0 : spilledRecord org.apache.hadoop.mapred.Counters$Counter@c553d160
TaskStatusClass : >> 0.05188288
Task Size >> {0=60441165}
Update attemptID:attempt_1453775530377_0007_m_000000_0
attempt_1453775530377_0007_m_000000_0:MAP:MAP:0.05188288
FILE_BYTES_READ : 0
HDFS_BYTES_READ : 4583554
FILE_BYTES_WRITTEN : 115935
HBW_BYTES_WRITTEN : 0
CPU/Time : 0.20450513773136528
Written/Time : 3.8804096796867156
FinishedSize : 3135861.8117638864
TETS
Total Read / Write : 39.53555009272437
CPU intensive
Task Time : 29877
CPU Time : 6110
========================================
TaskStatusClass : >> 0.077392995
Task Size >> {0=60441165}
Update attemptID:attempt_1453775530377_0007_m_000000_0
attempt_1453775530377_0007_m_000000_0:MAP:MAP:0.077392995
FILE_BYTES_READ : 0
HDFS_BYTES_READ : 6946946
FILE_BYTES_WRITTEN : 115935
HBW_BYTES_WRITTEN : 0
CPU/Time : 0.2920458324515524
Written/Time : 3.5050034767361007
FinishedSize : 4677722.802247703
TETS
Total Read / Write : 59.92104196316902
CPU intensive
Task Time : 33077
CPU Time : 9660
========================================
TaskStatusClass : >> 0.101047
Task Size >> {0=60441165}
Update attemptID:attempt_1453775530377_0007_m_000000_0
attempt_1453775530377_0007_m_000000_0:MAP:MAP:0.101047
FILE_BYTES_READ : 0
HDFS_BYTES_READ : 9089154
FILE_BYTES_WRITTEN : 115935
HBW_BYTES_WRITTEN : 0
CPU/Time : 0.35841305726337847
Written/Time : 3.196355214909983
FinishedSize : 6107398.507284634
TETS
Total Read / Write : 78.39870617156166
CPU intensive
Task Time : 36271
CPU Time : 13000
========================================
TaskStatusClass : >> 0.12105087
Task Size >> {0=60441165}
Update attemptID:attempt_1453775530377_0007_m_000000_0
attempt_1453775530377_0007_m_000000_0:MAP:MAP:0.12105087
FILE_BYTES_READ : 0
HDFS_BYTES_READ : 10895490
FILE_BYTES_WRITTEN : 115935
HBW_BYTES_WRITTEN : 0
CPU/Time : 0.4166666666666667
Written/Time : 2.9329842137219186
FinishedSize : 7316455.722425468
TETS
Total Read / Write : 93.97929874498641
CPU intensive
Task Time : 39528
CPU Time : 16470
========================================
TaskStatusClass : >> 0.13704786
Task Size >> {0=60441165}
Update attemptID:attempt_1453775530377_0007_m_000000_0
attempt_1453775530377_0007_m_000000_0:MAP:MAP:0.13704786
FILE_BYTES_READ : 0
HDFS_BYTES_READ : 12349570
FILE_BYTES_WRITTEN : 115935
HBW_BYTES_WRITTEN : 0
CPU/Time : 0.46533935381232017
Written/Time : 2.7123739559693987
FinishedSize : 8283332.140621394
TETS
Total Read / Write : 106.5214991158839
CPU intensive
Task Time : 42743
CPU Time : 19890
========================================
TaskStatusClass : >> 0.15503263
Task Size >> {0=60441165}
Update attemptID:attempt_1453775530377_0007_m_000000_0
attempt_1453775530377_0007_m_000000_0:MAP:MAP:0.15503263
FILE_BYTES_READ : 0
HDFS_BYTES_READ : 13983874
FILE_BYTES_WRITTEN : 115935
HBW_BYTES_WRITTEN : 0
CPU/Time : 0.5075314626035169
Written/Time : 2.5199426174277826
FinishedSize : 9370353.056409359
TETS
Total Read / Write : 120.61822572993488
CPU intensive
Task Time : 46007
CPU Time : 23350
========================================
TaskStatusClass : >> 0.17243797
Task Size >> {0=60441165}
Update attemptID:attempt_1453775530377_0007_m_000000_0
attempt_1453775530377_0007_m_000000_0:MAP:MAP:0.17243797
FILE_BYTES_READ : 0
HDFS_BYTES_READ : 15556738
FILE_BYTES_WRITTEN : 115935
HBW_BYTES_WRITTEN : 0
CPU/Time : 0.5422984674173746
Written/Time : 2.3564982316354324
FinishedSize : 1.042235154740721E7
TETS
Total Read / Write : 134.18500021563807
CPU intensive
Task Time : 49198
CPU Time : 26680
========================================
TaskStatusClass : >> 0.19395712
Task Size >> {0=60441165}
Update attemptID:attempt_1453775530377_0007_m_000000_0
attempt_1453775530377_0007_m_000000_0:MAP:MAP:0.19395712
FILE_BYTES_READ : 0
HDFS_BYTES_READ : 17481858
FILE_BYTES_WRITTEN : 115935
HBW_BYTES_WRITTEN : 0
CPU/Time : 0.5652035444650518
Written/Time : 2.1719215421795086
FinishedSize : 1.1722994303732067E7
TETS
Total Read / Write : 150.79016690386854
CPU intensive
Task Time : 53379
CPU Time : 30170
========================================
TaskStatusClass : >> 0.2136689
Task Size >> {0=60441165}
Update attemptID:attempt_1453775530377_0007_m_000000_0
attempt_1453775530377_0007_m_000000_0:MAP:MAP:0.2136689
FILE_BYTES_READ : 0
HDFS_BYTES_READ : 19267714
FILE_BYTES_WRITTEN : 115935
HBW_BYTES_WRITTEN : 0
CPU/Time : 0.6084315006799598
Written/Time : 2.0475618586743436
FinishedSize : 1.2914397104154602E7
TETS
Total Read / Write : 166.19410876784406
CPU intensive
Task Time : 56621
CPU Time : 34450
========================================
TaskStatusClass : >> 0.23171204
Task Size >> {0=60441165}
Update attemptID:attempt_1453775530377_0007_m_000000_0
attempt_1453775530377_0007_m_000000_0:MAP:MAP:0.23171204
FILE_BYTES_READ : 0
HDFS_BYTES_READ : 20799618
FILE_BYTES_WRITTEN : 115935
HBW_BYTES_WRITTEN : 0
CPU/Time : 0.6333004794440453
Written/Time : 1.9367367735253338
FinishedSize : 1.4004945840698183E7
TETS
Total Read / Write : 179.40758183464874
CPU intensive
Task Time : 59861
CPU Time : 37910
========================================
TaskStatusClass : >> 0.25076973
Task Size >> {0=60441165}
Update attemptID:attempt_1453775530377_0007_m_000000_0
attempt_1453775530377_0007_m_000000_0:MAP:MAP:0.25076973
FILE_BYTES_READ : 0
HDFS_BYTES_READ : 22569090
FILE_BYTES_WRITTEN : 115935
HBW_BYTES_WRITTEN : 0
CPU/Time : 0.6567461572521981
Written/Time : 1.8333702321462457
FinishedSize : 1.5156814892826676E7
TETS
Total Read / Write : 194.67020313106482
CPU intensive
Task Time : 63236
CPU Time : 41530
========================================
TaskStatusClass : >> 0.26913625
Task Size >> {0=60441165}
Update attemptID:attempt_1453775530377_0007_m_000000_0
attempt_1453775530377_0007_m_000000_0:MAP:MAP:0.26913625
FILE_BYTES_READ : 0
HDFS_BYTES_READ : 24318082
FILE_BYTES_WRITTEN : 115935
HBW_BYTES_WRITTEN : 0
CPU/Time : 0.6755455229495861
Written/Time : 1.7446952595936795
FinishedSize : 1.6266908494884074E7
TETS
Total Read / Write : 209.75617371803165
CPU intensive
Task Time : 66450
CPU Time : 44890
========================================
TaskStatusClass : >> 0.2887213
Task Size >> {0=60441165}
Update attemptID:attempt_1453775530377_0007_m_000000_0
attempt_1453775530377_0007_m_000000_0:MAP:MAP:0.2887213
FILE_BYTES_READ : 0
HDFS_BYTES_READ : 26083458
FILE_BYTES_WRITTEN : 115935
HBW_BYTES_WRITTEN : 0
CPU/Time : 0.6927991959221768
Written/Time : 1.6646564721085506
FinishedSize : 1.745065132197842E7
TETS
Total Read / Write : 224.9834648725579
CPU intensive
Task Time : 69645
CPU Time : 48250
========================================
TaskStatusClass : >> 0.31733957
Task Size >> {0=60441165}
Update attemptID:attempt_1453775530377_0007_m_000000_0
attempt_1453775530377_0007_m_000000_0:MAP:MAP:0.31733957
FILE_BYTES_READ : 0
HDFS_BYTES_READ : 28676226
FILE_BYTES_WRITTEN : 115935
HBW_BYTES_WRITTEN : 0
CPU/Time : 0.7084700616478794
Written/Time : 1.5917921821152499
FinishedSize : 1.918037327091649E7
TETS
Total Read / Write : 247.34744468883426
CPU intensive
Task Time : 72833
CPU Time : 51600
========================================
TaskStatusClass : >> 0.33525464
Task Size >> {0=60441165}
Update attemptID:attempt_1453775530377_0007_m_000000_0
attempt_1453775530377_0007_m_000000_0:MAP:MAP:0.33525464
FILE_BYTES_READ : 0
HDFS_BYTES_READ : 30294146
FILE_BYTES_WRITTEN : 115935
HBW_BYTES_WRITTEN : 0
CPU/Time : 0.7238250318446245
Written/Time : 1.522435686990322
FinishedSize : 2.0263180976213068E7
TETS
Total Read / Write : 261.3028507353258
CPU intensive
Task Time : 76151
CPU Time : 55120
========================================
TaskStatusClass : >> 0.3749938
Task Size >> {0=60441165}
Update attemptID:attempt_1453775530377_0007_m_000000_0
attempt_1453775530377_0007_m_000000_0:MAP:MAP:0.3749938
FILE_BYTES_READ : 0
HDFS_BYTES_READ : 33726594
FILE_BYTES_WRITTEN : 115935
HBW_BYTES_WRITTEN : 0
CPU/Time : 0.736726695315749
Written/Time : 1.461040188529445
FinishedSize : 2.2665062207286358E7
TETS
Total Read / Write : 290.90950963902185
CPU intensive
Task Time : 79351
CPU Time : 58460
========================================
TaskStatusClass : >> 0.41358608
Task Size >> {0=60441165}
Update attemptID:attempt_1453775530377_0007_m_000000_0
attempt_1453775530377_0007_m_000000_0:MAP:MAP:0.41358608
FILE_BYTES_READ : 0
HDFS_BYTES_READ : 37470338
FILE_BYTES_WRITTEN : 115935
HBW_BYTES_WRITTEN : 0
CPU/Time : 0.7283975490951325
Written/Time : 1.3740118752740675
FinishedSize : 2.49976245074746E7
TETS
Total Read / Write : 323.20125932634664
CPU intensive
Task Time : 84377
CPU Time : 61460
========================================
TaskStatusClass : >> 0.43786472
Task Size >> {0=60441165}
Update attemptID:attempt_1453775530377_0007_m_000000_0
attempt_1453775530377_0007_m_000000_0:MAP:MAP:0.43786472
FILE_BYTES_READ : 0
HDFS_BYTES_READ : 39583874
FILE_BYTES_WRITTEN : 115935
HBW_BYTES_WRITTEN : 0
CPU/Time : 0.7402290451125244
Written/Time : 1.3237460179719345
FinishedSize : 2.6465053838844E7
TETS
Total Read / Write : 341.43161254151033
CPU intensive
Task Time : 87581
CPU Time : 64830
========================================
TaskStatusClass : >> 0.46229517
Task Size >> {0=60441165}
Update attemptID:attempt_1453775530377_0007_m_000000_0
attempt_1453775530377_0007_m_000000_0:MAP:MAP:0.46229517
FILE_BYTES_READ : 0
HDFS_BYTES_READ : 41795714
FILE_BYTES_WRITTEN : 115935
HBW_BYTES_WRITTEN : 0
CPU/Time : 0.7512585232592723
Written/Time : 1.2770844119364184
FinishedSize : 2.7941658926623464E7
TETS
Total Read / Write : 360.50988916203045
CPU intensive
Task Time : 90781
CPU Time : 68200
========================================
TaskStatusClass : >> 0.48668593
Task Size >> {0=60441165}
Update attemptID:attempt_1453775530377_0007_m_000000_0
attempt_1453775530377_0007_m_000000_0:MAP:MAP:0.48668593
FILE_BYTES_READ : 0
HDFS_BYTES_READ : 44044418
FILE_BYTES_WRITTEN : 115935
HBW_BYTES_WRITTEN : 0
CPU/Time : 0.76144670617904
Written/Time : 1.2336266612753912
FinishedSize : 2.941586470000595E7
TETS
Total Read / Write : 379.9061370595592
CPU intensive
Task Time : 93979
CPU Time : 71560
========================================
TaskStatusClass : >> 0.5097908
Task Size >> {0=60441165}
Update attemptID:attempt_1453775530377_0007_m_000000_0
attempt_1453775530377_0007_m_000000_0:MAP:MAP:0.5097908
FILE_BYTES_READ : 0
HDFS_BYTES_READ : 46153858
FILE_BYTES_WRITTEN : 115935
HBW_BYTES_WRITTEN : 0
CPU/Time : 0.7710434245729574
Written/Time : 1.1929923852644577
FinishedSize : 3.081234853825271E7
TETS
Total Read / Write : 398.10116013283306
CPU intensive
Task Time : 97180
CPU Time : 74930
========================================
TaskStatusClass : >> 0.5351857
Task Size >> {0=60441165}
Update attemptID:attempt_1453775530377_0007_m_000000_0
attempt_1453775530377_0007_m_000000_0:MAP:MAP:0.5351857
FILE_BYTES_READ : 0
HDFS_BYTES_READ : 48373890
FILE_BYTES_WRITTEN : 115935
HBW_BYTES_WRITTEN : 0
CPU/Time : 0.7798818572125873
Written/Time : 1.1548806120314383
FinishedSize : 3.234724687867105E7
TETS
Total Read / Write : 417.2500970371329
CPU intensive
Task Time : 100387
CPU Time : 78290
========================================
TaskStatusClass : >> 0.558164
Task Size >> {0=60441165}
Update attemptID:attempt_1453775530377_0007_m_000000_0
attempt_1453775530377_0007_m_000000_0:MAP:MAP:0.558164
FILE_BYTES_READ : 0
HDFS_BYTES_READ : 50491522
FILE_BYTES_WRITTEN : 115935
HBW_BYTES_WRITTEN : 0
CPU/Time : 0.7885567577480286
Written/Time : 1.1189880992597026
FinishedSize : 3.3736082451955676E7
TETS
Total Read / Write : 435.5157803941864
CPU intensive
Task Time : 103607
CPU Time : 81700
========================================
TaskStatusClass : >> 0.58166945
Task Size >> {0=60441165}
Update attemptID:attempt_1453775530377_0007_m_000000_0
attempt_1453775530377_0007_m_000000_0:MAP:MAP:0.58166945
FILE_BYTES_READ : 0
HDFS_BYTES_READ : 52613250
FILE_BYTES_WRITTEN : 115935
HBW_BYTES_WRITTEN : 0
CPU/Time : 0.7965960474456313
Written/Time : 1.0853609444189596
FinishedSize : 3.515677919119656E7
TETS
Total Read / Write : 453.8167938931298
CPU intensive
Task Time : 106817
CPU Time : 85090
========================================
TaskStatusClass : >> 0.6054048
Task Size >> {0=60441165}
Update attemptID:attempt_1453775530377_0007_m_000000_0
attempt_1453775530377_0007_m_000000_0:MAP:MAP:0.6054048
FILE_BYTES_READ : 0
HDFS_BYTES_READ : 54800514
FILE_BYTES_WRITTEN : 115935
HBW_BYTES_WRITTEN : 0
CPU/Time : 0.8040826713685856
Written/Time : 1.0537054877937941
FinishedSize : 3.659137105900973E7
TETS
Total Read / Write : 472.68308966231075
CPU intensive
Task Time : 110026
CPU Time : 88470
========================================
TaskStatusClass : >> 0.6301953
Task Size >> {0=60441165}
Update attemptID:attempt_1453775530377_0007_m_000000_0
attempt_1453775530377_0007_m_000000_0:MAP:MAP:0.6301953
FILE_BYTES_READ : 0
HDFS_BYTES_READ : 57032834
FILE_BYTES_WRITTEN : 115935
HBW_BYTES_WRITTEN : 0
CPU/Time : 0.8111639898637611
Written/Time : 1.0236453375950272
FinishedSize : 3.808973929734796E7
TETS
Total Read / Write : 491.93801699228015
CPU intensive
Task Time : 113257
CPU Time : 91870
========================================
TaskStatusClass : >> 0.658609
Task Size >> {0=60441165}
Update attemptID:attempt_1453775530377_0007_m_000000_0
attempt_1453775530377_0007_m_000000_0:MAP:MAP:0.658609
FILE_BYTES_READ : 0
HDFS_BYTES_READ : 59596930
FILE_BYTES_WRITTEN : 115935
HBW_BYTES_WRITTEN : 0
CPU/Time : 0.8179211100235262
Written/Time : 0.9954407294832827
FinishedSize : 3.9807093609161675E7
TETS
Total Read / Write : 514.0546858153275
CPU intensive
Task Time : 116466
CPU Time : 95260
========================================
TaskStatusClass : >> 0.658609
Task Size >> {0=60441165}
Update attemptID:attempt_1453775530377_0007_m_000000_0
attempt_1453775530377_0007_m_000000_0:MAP:SORT:0.658609
FILE_BYTES_READ : 0
HDFS_BYTES_READ : 59596930
FILE_BYTES_WRITTEN : 115935
HBW_BYTES_WRITTEN : 0
CPU/Time : 0.8111583231860486
Written/Time : 0.9872101637473709
FinishedSize : 3.9807093609161675E7
TETS
Total Read / Write : 514.0546858153275
CPU intensive
Task Time : 117437
CPU Time : 95260
========================================
TaskStatusClass : >> 0.667
Task Size >> {0=60441165}
Update attemptID:attempt_1453775530377_0007_m_000000_0
attempt_1453775530377_0007_m_000000_0:MAP:SORT:0.667
FILE_BYTES_READ : 0
HDFS_BYTES_READ : 60441295
FILE_BYTES_WRITTEN : 115935
HBW_BYTES_WRITTEN : 0
CPU/Time : 0.8242607554957679
Written/Time : 0.9686839400750316
FinishedSize : 4.031425679561466E7
TETS
Total Read / Write : 521.3377754776384
CPU intensive
Task Time : 119683
CPU Time : 98650
========================================
TaskStatusClass : >> 0.667
Task Size >> {0=60441165}
Update attemptID:attempt_1453775530377_0007_m_000000_0
attempt_1453775530377_0007_m_000000_0:MAP:SORT:0.667
FILE_BYTES_READ : 0
HDFS_BYTES_READ : 60441295
FILE_BYTES_WRITTEN : 115935
HBW_BYTES_WRITTEN : 0
CPU/Time : 0.8300511051072557
Written/Time : 0.9434507340255851
FinishedSize : 4.031425679561466E7
TETS
Total Read / Write : 521.3377754776384
CPU intensive
Task Time : 122884
CPU Time : 102000
========================================
TaskStatusClass : >> 0.667
Task Size >> {0=60441165}
Update attemptID:attempt_1453775530377_0007_m_000000_0
attempt_1453775530377_0007_m_000000_0:MAP:SORT:0.667
FILE_BYTES_READ : 0
HDFS_BYTES_READ : 60441295
FILE_BYTES_WRITTEN : 115935
HBW_BYTES_WRITTEN : 0
CPU/Time : 0.8356733774372155
Written/Time : 0.9196373328256627
FinishedSize : 4.031425679561466E7
TETS
Total Read / Write : 521.3377754776384
CPU intensive
Task Time : 126066
CPU Time : 105350
========================================
TaskStatusClass : >> 0.667
Task Size >> {0=60441165}
Update attemptID:attempt_1453775530377_0007_m_000000_0
attempt_1453775530377_0007_m_000000_0:MAP:SORT:0.667
FILE_BYTES_READ : 0
HDFS_BYTES_READ : 60441295
FILE_BYTES_WRITTEN : 115935
HBW_BYTES_WRITTEN : 0
CPU/Time : 0.8409017065585691
Written/Time : 0.8968715671560967
FinishedSize : 4.031425679561466E7
TETS
Total Read / Write : 521.3377754776384
CPU intensive
Task Time : 129266
CPU Time : 108700
========================================
TaskStatusClass : >> 0.667
Task Size >> {0=60441165}
Update attemptID:attempt_1453775530377_0007_m_000000_0
attempt_1453775530377_0007_m_000000_0:MAP:SORT:0.667
FILE_BYTES_READ : 0
HDFS_BYTES_READ : 60441295
FILE_BYTES_WRITTEN : 115935
HBW_BYTES_WRITTEN : 0
CPU/Time : 0.8459285207386492
Written/Time : 0.8752585725286506
FinishedSize : 4.031425679561466E7
TETS
Total Read / Write : 521.3377754776384
CPU intensive
Task Time : 132458
CPU Time : 112050
========================================
TaskStatusClass : >> 0.667
Task Size >> {0=60441165}
Update attemptID:attempt_1453775530377_0007_m_000000_0
attempt_1453775530377_0007_m_000000_0:MAP:SORT:0.667
FILE_BYTES_READ : 0
HDFS_BYTES_READ : 60441295
FILE_BYTES_WRITTEN : 115935
HBW_BYTES_WRITTEN : 0
CPU/Time : 0.8505508118391364
Written/Time : 0.8548643985311685
FinishedSize : 4.031425679561466E7
TETS
Total Read / Write : 521.3377754776384
CPU intensive
Task Time : 135618
CPU Time : 115350
========================================
TaskStatusClass : >> 0.667
Task Size >> {0=60441165}
Update attemptID:attempt_1453775530377_0007_m_000000_0
attempt_1453775530377_0007_m_000000_0:MAP:SORT:0.667
FILE_BYTES_READ : 0
HDFS_BYTES_READ : 60441295
FILE_BYTES_WRITTEN : 1540996
HBW_BYTES_WRITTEN : 0
CPU/Time : 0.8550038549390055
Written/Time : 11.10363661255341
FinishedSize : 4.031425679561466E7
TETS
Total Read / Write : 39.222227053152636
CPU intensive
Task Time : 138783
CPU Time : 118660
========================================
TaskStatusClass : >> 1.0
Task Size >> {0=60441165}
Update attemptID:attempt_1453775530377_0007_m_000000_0
attempt_1453775530377_0007_m_000000_0:MAP:SORT:1.0
FILE_BYTES_READ : 0
HDFS_BYTES_READ : 60441295
FILE_BYTES_WRITTEN : 2272351
HBW_BYTES_WRITTEN : 0
CPU/Time : 0.8566974867075228
Written/Time : 16.174122554148607
FinishedSize : 6.0441165E7
TETS
Total Read / Write : 26.59857345982201
CPU intensive
Task Time : 140493
CPU Time : 120360
========================================