Now Use estimatorClass : org.apache.hadoop.mapreduce.v2.app.speculate.LegacyTaskRuntimeEstimator_Fixed
serviceStart
Task Size >> {0=32000000, 1=32000000}
timestamp >> 1452345280321 start >> 1452345249808 , status.progress >> 0.04780931 , estimate >> 638222
Update attemptID:attempt_1452418092463_0004_m_000001_0
attempt_1452418092463_0004_m_000001_0:MAP:MAP:0.04780931
FILE_BYTES_READ : 0
HDFS_BYTES_READ : 2167825
FILE_BYTES_WRITTEN : 117154
HBW_BYTES_WRITTEN : 0
CPU/Time : 0.20286435289876445
Written/Time : 3.8394782551699276
FinishedSize : 1529897.928237915
Written/Done : 0.07657635051178482
Total Read / Write : 18.50406302815098
CPU intensive
Task Time : 30513
CPU Time : 6190
========================================
Task Size >> {0=32000000, 1=32000000}
timestamp >> 1452345280368 start >> 1452345249797 , status.progress >> 0.046935957 , estimate >> 651334
Update attemptID:attempt_1452418092463_0004_m_000000_0
attempt_1452418092463_0004_m_000000_0:MAP:MAP:0.046935957
FILE_BYTES_READ : 0
HDFS_BYTES_READ : 2124325
FILE_BYTES_WRITTEN : 117154
HBW_BYTES_WRITTEN : 0
CPU/Time : 0.20411501095809753
Written/Time : 3.8321939092604103
FinishedSize : 1501950.6216049194
Written/Done : 0.07800123274013783
Total Read / Write : 18.13275688410127
CPU intensive
Task Time : 30571
CPU Time : 6240
========================================
Task Size >> {0=32000000, 1=32000000}
timestamp >> 1452345283570 start >> 1452345249797 , status.progress >> 0.09817197 , estimate >> 344018
Update attemptID:attempt_1452418092463_0004_m_000000_0
attempt_1452418092463_0004_m_000000_0:MAP:MAP:0.09817197
FILE_BYTES_READ : 0
HDFS_BYTES_READ : 4587645
FILE_BYTES_WRITTEN : 117154
HBW_BYTES_WRITTEN : 0
CPU/Time : 0.2904687176146626
Written/Time : 3.468865661919285
FinishedSize : 3141503.095626831
Written/Done : 0.03729233950559708
Total Read / Write : 39.15909828089523
CPU intensive
Task Time : 33773
CPU Time : 9810
========================================
Task Size >> {0=32000000, 1=32000000}
timestamp >> 1452345283600 start >> 1452345249808 , status.progress >> 0.09987283 , estimate >> 338350
Update attemptID:attempt_1452418092463_0004_m_000001_0
attempt_1452418092463_0004_m_000001_0:MAP:MAP:0.09987283
FILE_BYTES_READ : 0
HDFS_BYTES_READ : 4683425
FILE_BYTES_WRITTEN : 117154
HBW_BYTES_WRITTEN : 0
CPU/Time : 0.28882575757575757
Written/Time : 3.466915246212121
FinishedSize : 3195930.4809570312
Written/Done : 0.03665724292129091
Total Read / Write : 39.976654659678715
CPU intensive
Task Time : 33792
CPU Time : 9760
========================================
Task Size >> {0=32000000, 1=32000000}
timestamp >> 1452345286839 start >> 1452345249808 , status.progress >> 0.14889525 , estimate >> 248705
Update attemptID:attempt_1452418092463_0004_m_000001_0
attempt_1452418092463_0004_m_000001_0:MAP:MAP:0.14889525
FILE_BYTES_READ : 0
HDFS_BYTES_READ : 7022725
FILE_BYTES_WRITTEN : 117154
HBW_BYTES_WRITTEN : 0
CPU/Time : 0.35672814668791014
Written/Time : 3.163673678809646
FinishedSize : 4764647.960662842
Written/Done : 0.024588175447006567
Total Read / Write : 59.944389436126805
CPU intensive
Task Time : 37031
CPU Time : 13210
========================================
Task Size >> {0=32000000, 1=32000000}
timestamp >> 1452345286851 start >> 1452345249797 , status.progress >> 0.14795311 , estimate >> 250444
Update attemptID:attempt_1452418092463_0004_m_000000_0
attempt_1452418092463_0004_m_000000_0:MAP:MAP:0.14795311
FILE_BYTES_READ : 0
HDFS_BYTES_READ : 6991125
FILE_BYTES_WRITTEN : 117154
HBW_BYTES_WRITTEN : 0
CPU/Time : 0.35839585469854807
Written/Time : 3.161709936848923
FinishedSize : 4734499.454498291
Written/Done : 0.024744748864357968
Total Read / Write : 59.674658995851615
CPU intensive
Task Time : 37054
CPU Time : 13280
========================================
Task Size >> {0=32000000, 1=32000000}
timestamp >> 1452345290114 start >> 1452345249808 , status.progress >> 0.19883686 , estimate >> 202708
Update attemptID:attempt_1452418092463_0004_m_000001_0
attempt_1452418092463_0004_m_000001_0:MAP:MAP:0.19883686
FILE_BYTES_READ : 0
HDFS_BYTES_READ : 9427725
FILE_BYTES_WRITTEN : 117154
HBW_BYTES_WRITTEN : 0
CPU/Time : 0.4133379645710316
Written/Time : 2.9066143998412146
FinishedSize : 6362779.61730957
Written/Done : 0.0184123931750346
Total Read / Write : 80.47292452669136
CPU intensive
Task Time : 40306
CPU Time : 16660
========================================
Task Size >> {0=32000000, 1=32000000}
timestamp >> 1452345290115 start >> 1452345249797 , status.progress >> 0.19670457 , estimate >> 204967
Update attemptID:attempt_1452418092463_0004_m_000000_0
attempt_1452418092463_0004_m_000000_0:MAP:MAP:0.19670457
FILE_BYTES_READ : 0
HDFS_BYTES_READ : 9320225
FILE_BYTES_WRITTEN : 117154
HBW_BYTES_WRITTEN : 0
CPU/Time : 0.41569522297733025
Written/Time : 2.9057492931196984
FinishedSize : 6294546.127319336
Written/Done : 0.018611985301296454
Total Read / Write : 79.55532888335011
CPU intensive
Task Time : 40318
CPU Time : 16760
========================================
Task Size >> {0=32000000, 1=32000000}
timestamp >> 1452345293401 start >> 1452345249808 , status.progress >> 0.24931626 , estimate >> 174850
Update attemptID:attempt_1452418092463_0004_m_000001_0
attempt_1452418092463_0004_m_000001_0:MAP:MAP:0.24931626
FILE_BYTES_READ : 0
HDFS_BYTES_READ : 11833725
FILE_BYTES_WRITTEN : 117154
HBW_BYTES_WRITTEN : 0
CPU/Time : 0.4624595691968894
Written/Time : 2.6874498199252175
FinishedSize : 7978120.32699585
Written/Done : 0.014684411264590963
Total Read / Write : 101.00999539068235
CPU intensive
Task Time : 43593
CPU Time : 20160
========================================
Task Size >> {0=32000000, 1=32000000}
timestamp >> 1452345293417 start >> 1452345249797 , status.progress >> 0.246963 , estimate >> 176625
Update attemptID:attempt_1452418092463_0004_m_000000_0
attempt_1452418092463_0004_m_000000_0:MAP:MAP:0.246963
FILE_BYTES_READ : 0
HDFS_BYTES_READ : 11714725
FILE_BYTES_WRITTEN : 117154
HBW_BYTES_WRITTEN : 0
CPU/Time : 0.4637780834479597
Written/Time : 2.6857863365428702
FinishedSize : 7902815.818786621
Written/Done : 0.01482433637406819
Total Read / Write : 99.99423835293716
CPU intensive
Task Time : 43620
CPU Time : 20230
========================================
Task Size >> {0=32000000, 1=32000000}
timestamp >> 1452345296669 start >> 1452345249808 , status.progress >> 0.29957053 , estimate >> 156427
Update attemptID:attempt_1452418092463_0004_m_000001_0
attempt_1452418092463_0004_m_000001_0:MAP:MAP:0.29957053
FILE_BYTES_READ : 0
HDFS_BYTES_READ : 14262325
FILE_BYTES_WRITTEN : 117154
HBW_BYTES_WRITTEN : 0
CPU/Time : 0.5038304773692409
Written/Time : 2.5000320095601887
FinishedSize : 9586256.980895996
Written/Done : 0.012221036869079426
Total Read / Write : 121.73997473411066
CPU intensive
Task Time : 46861
CPU Time : 23610
========================================
Task Size >> {0=32000000, 1=32000000}
timestamp >> 1452345296683 start >> 1452345249797 , status.progress >> 0.29699636 , estimate >> 157867
Update attemptID:attempt_1452418092463_0004_m_000000_0
attempt_1452418092463_0004_m_000000_0:MAP:MAP:0.29699636
FILE_BYTES_READ : 0
HDFS_BYTES_READ : 14132025
FILE_BYTES_WRITTEN : 117154
HBW_BYTES_WRITTEN : 0
CPU/Time : 0.5050548138036941
Written/Time : 2.4986989719745765
FinishedSize : 9503883.361816406
Written/Done : 0.01232696104738487
Total Read / Write : 120.6277634566468
CPU intensive
Task Time : 46886
CPU Time : 23680
========================================
Task Size >> {0=32000000, 1=32000000}
timestamp >> 1452345299921 start >> 1452345249808 , status.progress >> 0.3494538 , estimate >> 143403
Update attemptID:attempt_1452418092463_0004_m_000001_0
attempt_1452418092463_0004_m_000001_0:MAP:MAP:0.3494538
FILE_BYTES_READ : 0
HDFS_BYTES_READ : 16651125
FILE_BYTES_WRITTEN : 117154
HBW_BYTES_WRITTEN : 0
CPU/Time : 0.5405782930576897
Written/Time : 2.337796579729811
FinishedSize : 1.118252182006836E7
Written/Done : 0.010476527735430239
Total Read / Write : 142.13023029516705
CPU intensive
Task Time : 50113
CPU Time : 27090
========================================
Task Size >> {0=32000000, 1=32000000}
timestamp >> 1452345299944 start >> 1452345249797 , status.progress >> 0.34712762 , estimate >> 144462
Update attemptID:attempt_1452418092463_0004_m_000000_0
attempt_1452418092463_0004_m_000000_0:MAP:MAP:0.34712762
FILE_BYTES_READ : 0
HDFS_BYTES_READ : 16534725
FILE_BYTES_WRITTEN : 117154
HBW_BYTES_WRITTEN : 0
CPU/Time : 0.5414082597164337
Written/Time : 2.3362115380780506
FinishedSize : 1.1108083724975586E7
Written/Done : 0.0105467336131604
Total Read / Write : 141.13666626833057
CPU intensive
Task Time : 50147
CPU Time : 27150
========================================
Task Size >> {0=32000000, 1=32000000}
timestamp >> 1452345303220 start >> 1452345249808 , status.progress >> 0.39955592 , estimate >> 133678
Update attemptID:attempt_1452418092463_0004_m_000001_0
attempt_1452418092463_0004_m_000001_0:MAP:MAP:0.39955592
FILE_BYTES_READ : 0
HDFS_BYTES_READ : 19068025
FILE_BYTES_WRITTEN : 117154
HBW_BYTES_WRITTEN : 0
CPU/Time : 0.5717816221073916
Written/Time : 2.1934022317082302
FinishedSize : 1.2785789489746094E7
Written/Done : 0.009162828786908684
Total Read / Write : 162.7603410895061
CPU intensive
Task Time : 53412
CPU Time : 30540
========================================
Task Size >> {0=32000000, 1=32000000}
timestamp >> 1452345303285 start >> 1452345249797 , status.progress >> 0.39764038 , estimate >> 134513
Update attemptID:attempt_1452418092463_0004_m_000000_0
attempt_1452418092463_0004_m_000000_0:MAP:MAP:0.39764038
FILE_BYTES_READ : 0
HDFS_BYTES_READ : 18921225
FILE_BYTES_WRITTEN : 117154
HBW_BYTES_WRITTEN : 0
CPU/Time : 0.5741474723302423
Written/Time : 2.190285671552498
FinishedSize : 1.2724492073059082E7
Written/Done : 0.009206968681134565
Total Read / Write : 161.50728955050616
CPU intensive
Task Time : 53488
CPU Time : 30710
========================================
Task Size >> {0=32000000, 1=32000000}
timestamp >> 1452345306473 start >> 1452345249808 , status.progress >> 0.4497956 , estimate >> 125979
Update attemptID:attempt_1452418092463_0004_m_000001_0
attempt_1452418092463_0004_m_000001_0:MAP:MAP:0.4497956
FILE_BYTES_READ : 0
HDFS_BYTES_READ : 21470725
FILE_BYTES_WRITTEN : 117154
HBW_BYTES_WRITTEN : 0
CPU/Time : 0.5996646960204712
Written/Time : 2.0674843377746406
FinishedSize : 1.439345932006836E7
Written/Done : 0.008139391469058154
Total Read / Write : 183.2692439011899
CPU intensive
Task Time : 56665
CPU Time : 33980
========================================
Task Size >> {0=32000000, 1=32000000}
timestamp >> 1452345306654 start >> 1452345249797 , status.progress >> 0.44883472 , estimate >> 126676
Update attemptID:attempt_1452418092463_0004_m_000000_0
attempt_1452418092463_0004_m_000000_0:MAP:MAP:0.44883472
FILE_BYTES_READ : 0
HDFS_BYTES_READ : 21389125
FILE_BYTES_WRITTEN : 117154
HBW_BYTES_WRITTEN : 0
CPU/Time : 0.6027402078899696
Written/Time : 2.0605026645795594
FinishedSize : 1.4362710952758789E7
Written/Done : 0.008156816661237415
Total Read / Write : 182.5727247895932
CPU intensive
Task Time : 56857
CPU Time : 34270
========================================
Task Size >> {0=32000000, 1=32000000}
timestamp >> 1452345309770 start >> 1452345249808 , status.progress >> 0.5000603 , estimate >> 119909
Update attemptID:attempt_1452418092463_0004_m_000001_0
attempt_1452418092463_0004_m_000001_0:MAP:MAP:0.5000603
FILE_BYTES_READ : 0
HDFS_BYTES_READ : 23848825
FILE_BYTES_WRITTEN : 117154
HBW_BYTES_WRITTEN : 0
CPU/Time : 0.6237283612954871
Written/Time : 1.953804075914746
FinishedSize : 1.6001930236816406E7
Written/Done : 0.007321241766849988
Total Read / Write : 203.56816668658348
CPU intensive
Task Time : 59962
CPU Time : 37400
========================================
Task Size >> {0=32000000, 1=32000000}
timestamp >> 1452345309921 start >> 1452345249797 , status.progress >> 0.49995402 , estimate >> 120259
Update attemptID:attempt_1452418092463_0004_m_000000_0
attempt_1452418092463_0004_m_000000_0:MAP:MAP:0.49995402
FILE_BYTES_READ : 0
HDFS_BYTES_READ : 23867925
FILE_BYTES_WRITTEN : 117154
HBW_BYTES_WRITTEN : 0
CPU/Time : 0.6283680393852704
Written/Time : 1.9485396846517198
FinishedSize : 1.5998528480529785E7
Written/Done : 0.007322798477533509
Total Read / Write : 203.7311999590283
CPU intensive
Task Time : 60124
CPU Time : 37780
========================================
Task Size >> {0=32000000, 1=32000000}
timestamp >> 1452345312995 start >> 1452345249808 , status.progress >> 0.54976016 , estimate >> 114935
Update attemptID:attempt_1452418092463_0004_m_000001_0
attempt_1452418092463_0004_m_000001_0:MAP:MAP:0.54976016
FILE_BYTES_READ : 0
HDFS_BYTES_READ : 26256325
FILE_BYTES_WRITTEN : 117154
HBW_BYTES_WRITTEN : 0
CPU/Time : 0.6461772199977843
Written/Time : 1.8540839096649628
FinishedSize : 1.759232521057129E7
Written/Done : 0.006659381212984953
Total Read / Write : 224.1180412107141
CPU intensive
Task Time : 63187
CPU Time : 40830
========================================
Task Size >> {0=32000000, 1=32000000}
timestamp >> 1452345313169 start >> 1452345249797 , status.progress >> 0.5504292 , estimate >> 115131
Update attemptID:attempt_1452418092463_0004_m_000000_0
attempt_1452418092463_0004_m_000000_0:MAP:MAP:0.5504292
FILE_BYTES_READ : 0
HDFS_BYTES_READ : 26286925
FILE_BYTES_WRITTEN : 117154
HBW_BYTES_WRITTEN : 0
CPU/Time : 0.65012939468535
Written/Time : 1.848671337499211
FinishedSize : 1.761373519897461E7
Written/Done : 0.006651286548625993
Total Read / Write : 224.37923587756288
CPU intensive
Task Time : 63372
CPU Time : 41200
========================================
Task Size >> {0=32000000, 1=32000000}
timestamp >> 1452345316245 start >> 1452345249808 , status.progress >> 0.6003563 , estimate >> 110662
Update attemptID:attempt_1452418092463_0004_m_000001_0
attempt_1452418092463_0004_m_000001_0:MAP:MAP:0.6003563
FILE_BYTES_READ : 0
HDFS_BYTES_READ : 28658725
FILE_BYTES_WRITTEN : 117154
HBW_BYTES_WRITTEN : 0
CPU/Time : 0.6660445233830546
Written/Time : 1.763384860845613
FinishedSize : 1.9211400985717773E7
Written/Done : 0.006098149743847164
Total Read / Write : 244.62438329036993
CPU intensive
Task Time : 66437
CPU Time : 44250
========================================
Task Size >> {0=32000000, 1=32000000}
timestamp >> 1452345316404 start >> 1452345249797 , status.progress >> 0.5990494 , estimate >> 111187
Update attemptID:attempt_1452418092463_0004_m_000000_0
attempt_1452418092463_0004_m_000000_0:MAP:MAP:0.5990494
FILE_BYTES_READ : 0
HDFS_BYTES_READ : 28618925
FILE_BYTES_WRITTEN : 117154
HBW_BYTES_WRITTEN : 0
CPU/Time : 0.6697494257360338
Written/Time : 1.7588842013602175
FinishedSize : 1.9169580459594727E7
Written/Done : 0.006111453521214768
Total Read / Write : 244.28465950799801
CPU intensive
Task Time : 66607
CPU Time : 44610
========================================
Task Size >> {0=32000000, 1=32000000}
timestamp >> 1452345319470 start >> 1452345249808 , status.progress >> 0.65019995 , estimate >> 107139
Update attemptID:attempt_1452418092463_0004_m_000001_0
attempt_1452418092463_0004_m_000001_0:MAP:MAP:0.65019995
FILE_BYTES_READ : 0
HDFS_BYTES_READ : 31073825
FILE_BYTES_WRITTEN : 117154
HBW_BYTES_WRITTEN : 0
CPU/Time : 0.6841606614797163
Written/Time : 1.681749016680543
FinishedSize : 2.0806398391723633E7
Written/Done : 0.005630671767133014
Total Read / Write : 265.23912969254144
CPU intensive
Task Time : 69662
CPU Time : 47660
========================================
Task Size >> {0=32000000, 1=32000000}
timestamp >> 1452345319623 start >> 1452345249797 , status.progress >> 0.6481802 , estimate >> 107726
Update attemptID:attempt_1452418092463_0004_m_000000_0
attempt_1452418092463_0004_m_000000_0:MAP:MAP:0.6481802
FILE_BYTES_READ : 0
HDFS_BYTES_READ : 30983625
FILE_BYTES_WRITTEN : 117154
HBW_BYTES_WRITTEN : 0
CPU/Time : 0.6878526623320826
Written/Time : 1.677799100621545
FinishedSize : 2.074176597595215E7
Written/Done : 0.005648217231639171
Total Read / Write : 264.46920292947743
CPU intensive
Task Time : 69826
CPU Time : 48030
========================================
Task Size >> {0=32000000, 1=32000000}
timestamp >> 1452345320644 start >> 1452345249808 , status.progress >> 0.65019995 , estimate >> 108944
Update attemptID:attempt_1452418092463_0004_m_000001_0
attempt_1452418092463_0004_m_000001_0:MAP:SORT:0.65019995
FILE_BYTES_READ : 0
HDFS_BYTES_READ : 31073825
FILE_BYTES_WRITTEN : 117154
HBW_BYTES_WRITTEN : 0
CPU/Time : 0.6728217290643176
Written/Time : 1.6538765599412728
FinishedSize : 2.0806398391723633E7
Written/Done : 0.005630671767133014
Total Read / Write : 265.23912969254144
CPU intensive
Task Time : 70836
CPU Time : 47660
========================================
Task Size >> {0=32000000, 1=32000000}
timestamp >> 1452345320879 start >> 1452345249797 , status.progress >> 0.6481802 , estimate >> 109663
Update attemptID:attempt_1452418092463_0004_m_000000_0
attempt_1452418092463_0004_m_000000_0:MAP:SORT:0.6481802
FILE_BYTES_READ : 0
HDFS_BYTES_READ : 30983625
FILE_BYTES_WRITTEN : 117154
HBW_BYTES_WRITTEN : 0
CPU/Time : 0.6756984890689626
Written/Time : 1.6481528375678793
FinishedSize : 2.074176597595215E7
Written/Done : 0.005648217231639171
Total Read / Write : 264.46920292947743
CPU intensive
Task Time : 71082
CPU Time : 48030
========================================
Task Size >> {0=32000000, 1=32000000}
timestamp >> 1452345322649 start >> 1452345249808 , status.progress >> 0.667 , estimate >> 109206
Update attemptID:attempt_1452418092463_0004_m_000001_0
attempt_1452418092463_0004_m_000001_0:MAP:SORT:0.667
FILE_BYTES_READ : 0
HDFS_BYTES_READ : 32000125
FILE_BYTES_WRITTEN : 117154
HBW_BYTES_WRITTEN : 0
CPU/Time : 0.6996059911313683
Written/Time : 1.6083524388737112
FinishedSize : 2.13439998626709E7
Written/Done : 0.005488849360653052
Total Read / Write : 273.1458166174437
CPU intensive
Task Time : 72841
CPU Time : 50960
========================================
Task Size >> {0=32000000, 1=32000000}
timestamp >> 1452345322820 start >> 1452345249797 , status.progress >> 0.667 , estimate >> 109479
Update attemptID:attempt_1452418092463_0004_m_000000_0
attempt_1452418092463_0004_m_000000_0:MAP:SORT:0.667
FILE_BYTES_READ : 0
HDFS_BYTES_READ : 32000125
FILE_BYTES_WRITTEN : 117154
HBW_BYTES_WRITTEN : 0
CPU/Time : 0.7036139298577161
Written/Time : 1.6043438368733138
FinishedSize : 2.13439998626709E7
Written/Done : 0.005488849360653052
Total Read / Write : 273.1458166174437
CPU intensive
Task Time : 73023
CPU Time : 51380
========================================
Task Size >> {0=32000000, 1=32000000}
timestamp >> 1452345325853 start >> 1452345249808 , status.progress >> 0.667 , estimate >> 114010
Update attemptID:attempt_1452418092463_0004_m_000001_0
attempt_1452418092463_0004_m_000001_0:MAP:SORT:0.667
FILE_BYTES_READ : 0
HDFS_BYTES_READ : 32000125
FILE_BYTES_WRITTEN : 117154
HBW_BYTES_WRITTEN : 0
CPU/Time : 0.714182392004734
Written/Time : 1.5405878098494312
FinishedSize : 2.13439998626709E7
Written/Done : 0.005488849360653052
Total Read / Write : 273.1458166174437
CPU intensive
Task Time : 76045
CPU Time : 54310
========================================
Task Size >> {0=32000000, 1=32000000}
timestamp >> 1452345326004 start >> 1452345249797 , status.progress >> 0.667 , estimate >> 114253
Update attemptID:attempt_1452418092463_0004_m_000000_0
attempt_1452418092463_0004_m_000000_0:MAP:SORT:0.667
FILE_BYTES_READ : 0
HDFS_BYTES_READ : 32000125
FILE_BYTES_WRITTEN : 117154
HBW_BYTES_WRITTEN : 0
CPU/Time : 0.7180442741480442
Written/Time : 1.5373128452766807
FinishedSize : 2.13439998626709E7
Written/Done : 0.005488849360653052
Total Read / Write : 273.1458166174437
CPU intensive
Task Time : 76207
CPU Time : 54720
========================================
Task Size >> {0=32000000, 1=32000000}
timestamp >> 1452345332086 start >> 1452345249808 , status.progress >> 0.667 , estimate >> 123355
Update attemptID:attempt_1452418092463_0004_m_000001_0
attempt_1452418092463_0004_m_000001_0:MAP:SORT:0.667
FILE_BYTES_READ : 0
HDFS_BYTES_READ : 32000125
FILE_BYTES_WRITTEN : 117154
HBW_BYTES_WRITTEN : 0
CPU/Time : 0.7376212353241449
Written/Time : 1.4238800165293275
FinishedSize : 2.13439998626709E7
Written/Done : 0.005488849360653052
Total Read / Write : 273.1458166174437
CPU intensive
Task Time : 82278
CPU Time : 60690
========================================
Task Size >> {0=32000000, 1=32000000}
timestamp >> 1452345332186 start >> 1452345249797 , status.progress >> 0.667 , estimate >> 123521
Update attemptID:attempt_1452418092463_0004_m_000000_0
attempt_1452418092463_0004_m_000000_0:MAP:SORT:0.667
FILE_BYTES_READ : 0
HDFS_BYTES_READ : 32000125
FILE_BYTES_WRITTEN : 117154
HBW_BYTES_WRITTEN : 0
CPU/Time : 0.740754226899222
Written/Time : 1.4219616696403645
FinishedSize : 2.13439998626709E7
Written/Done : 0.005488849360653052
Total Read / Write : 273.1458166174437
CPU intensive
Task Time : 82389
CPU Time : 61030
========================================
Task Size >> {0=32000000, 1=32000000}
timestamp >> 1452345335279 start >> 1452345249808 , status.progress >> 0.667 , estimate >> 128142
Update attemptID:attempt_1452418092463_0004_m_000001_0
attempt_1452418092463_0004_m_000001_0:MAP:SORT:0.667
FILE_BYTES_READ : 0
HDFS_BYTES_READ : 32000125
FILE_BYTES_WRITTEN : 117154
HBW_BYTES_WRITTEN : 0
CPU/Time : 0.7493769816662962
Written/Time : 1.37068713364767
FinishedSize : 2.13439998626709E7
Written/Done : 0.005488849360653052
Total Read / Write : 273.1458166174437
CPU intensive
Task Time : 85471
CPU Time : 64050
========================================
Task Size >> {0=32000000, 1=32000000}
timestamp >> 1452345335379 start >> 1452345249797 , status.progress >> 0.667 , estimate >> 128308
Update attemptID:attempt_1452418092463_0004_m_000000_0
attempt_1452418092463_0004_m_000000_0:MAP:SORT:0.667
FILE_BYTES_READ : 0
HDFS_BYTES_READ : 32000125
FILE_BYTES_WRITTEN : 117154
HBW_BYTES_WRITTEN : 0
CPU/Time : 0.752144142459863
Written/Time : 1.3689093500969831
FinishedSize : 2.13439998626709E7
Written/Done : 0.005488849360653052
Total Read / Write : 273.1458166174437
CPU intensive
Task Time : 85582
CPU Time : 64370
========================================
Task Size >> {0=32000000, 1=32000000}
timestamp >> 1452345338466 start >> 1452345249808 , status.progress >> 0.667 , estimate >> 132920
Update attemptID:attempt_1452418092463_0004_m_000001_0
attempt_1452418092463_0004_m_000001_0:MAP:SORT:0.667
FILE_BYTES_READ : 0
HDFS_BYTES_READ : 32000125
FILE_BYTES_WRITTEN : 117154
HBW_BYTES_WRITTEN : 0
CPU/Time : 0.7603374765954567
Written/Time : 1.3214148751381714
FinishedSize : 2.13439998626709E7
Written/Done : 0.005488849360653052
Total Read / Write : 273.1458166174437
CPU intensive
Task Time : 88658
CPU Time : 67410
========================================
Task Size >> {0=32000000, 1=32000000}
timestamp >> 1452345338570 start >> 1452345249797 , status.progress >> 0.667 , estimate >> 133092
Update attemptID:attempt_1452418092463_0004_m_000000_0
attempt_1452418092463_0004_m_000000_0:MAP:SORT:0.667
FILE_BYTES_READ : 0
HDFS_BYTES_READ : 32000125
FILE_BYTES_WRITTEN : 117154
HBW_BYTES_WRITTEN : 0
CPU/Time : 0.7626192648665698
Written/Time : 1.3197030628682145
FinishedSize : 2.13439998626709E7
Written/Done : 0.005488849360653052
Total Read / Write : 273.1458166174437
CPU intensive
Task Time : 88773
CPU Time : 67700
========================================
Task Size >> {0=32000000, 1=32000000}
timestamp >> 1452345341680 start >> 1452345249808 , status.progress >> 0.667 , estimate >> 137739
Update attemptID:attempt_1452418092463_0004_m_000001_0
attempt_1452418092463_0004_m_000001_0:MAP:SORT:0.667
FILE_BYTES_READ : 0
HDFS_BYTES_READ : 32000125
FILE_BYTES_WRITTEN : 117154
HBW_BYTES_WRITTEN : 0
CPU/Time : 0.7705285614768373
Written/Time : 1.2751872169975618
FinishedSize : 2.13439998626709E7
Written/Done : 0.005488849360653052
Total Read / Write : 273.1458166174437
CPU intensive
Task Time : 91872
CPU Time : 70790
========================================
Task Size >> {0=32000000, 1=32000000}
timestamp >> 1452345341777 start >> 1452345249797 , status.progress >> 0.667 , estimate >> 137901
Update attemptID:attempt_1452418092463_0004_m_000000_0
attempt_1452418092463_0004_m_000000_0:MAP:SORT:0.667
FILE_BYTES_READ : 0
HDFS_BYTES_READ : 32000125
FILE_BYTES_WRITTEN : 117154
HBW_BYTES_WRITTEN : 0
CPU/Time : 0.7725592520113068
Written/Time : 1.2736899325940423
FinishedSize : 2.13439998626709E7
Written/Done : 0.005488849360653052
Total Read / Write : 273.1458166174437
CPU intensive
Task Time : 91980
CPU Time : 71060
========================================
Task Size >> {0=32000000, 1=32000000}
timestamp >> 1452345344855 start >> 1452345249808 , status.progress >> 0.667 , estimate >> 142499
Update attemptID:attempt_1452418092463_0004_m_000001_0
attempt_1452418092463_0004_m_000001_0:MAP:SORT:0.667
FILE_BYTES_READ : 0
HDFS_BYTES_READ : 32000125
FILE_BYTES_WRITTEN : 117154
HBW_BYTES_WRITTEN : 0
CPU/Time : 0.7796142960850947
Written/Time : 1.2325901922206908
FinishedSize : 2.13439998626709E7
Written/Done : 0.005488849360653052
Total Read / Write : 273.1458166174437
CPU intensive
Task Time : 95047
CPU Time : 74100
========================================
Task Size >> {0=32000000, 1=32000000}
timestamp >> 1452345344976 start >> 1452345249797 , status.progress >> 0.667 , estimate >> 142697
Update attemptID:attempt_1452418092463_0004_m_000000_0
attempt_1452418092463_0004_m_000000_0:MAP:SORT:0.667
FILE_BYTES_READ : 0
HDFS_BYTES_READ : 32000125
FILE_BYTES_WRITTEN : 117154
HBW_BYTES_WRITTEN : 0
CPU/Time : 0.7820002311434245
Written/Time : 1.2308807615125186
FinishedSize : 2.13439998626709E7
Written/Done : 0.005488849360653052
Total Read / Write : 273.1458166174437
CPU intensive
Task Time : 95179
CPU Time : 74430
========================================
Task Size >> {0=32000000, 1=32000000}
timestamp >> 1452345348039 start >> 1452345249808 , status.progress >> 0.667 , estimate >> 147272
Update attemptID:attempt_1452418092463_0004_m_000001_0
attempt_1452418092463_0004_m_000001_0:MAP:SORT:0.667
FILE_BYTES_READ : 0
HDFS_BYTES_READ : 32000125
FILE_BYTES_WRITTEN : 117154
HBW_BYTES_WRITTEN : 0
CPU/Time : 0.7881422361576285
Written/Time : 1.1926377620099562
FinishedSize : 2.13439998626709E7
Written/Done : 0.005488849360653052
Total Read / Write : 273.1458166174437
CPU intensive
Task Time : 98231
CPU Time : 77420
========================================
Task Size >> {0=32000000, 1=32000000}
timestamp >> 1452345348156 start >> 1452345249797 , status.progress >> 0.667 , estimate >> 147464
Update attemptID:attempt_1452418092463_0004_m_000000_0
attempt_1452418092463_0004_m_000000_0:MAP:SORT:0.667
FILE_BYTES_READ : 0
HDFS_BYTES_READ : 32000125
FILE_BYTES_WRITTEN : 117154
HBW_BYTES_WRITTEN : 0
CPU/Time : 0.790674976362102
Written/Time : 1.191085716609563
FinishedSize : 2.13439998626709E7
Written/Done : 0.005488849360653052
Total Read / Write : 273.1458166174437
CPU intensive
Task Time : 98359
CPU Time : 77770
========================================
Task Size >> {0=32000000, 1=32000000}
timestamp >> 1452345351225 start >> 1452345249808 , status.progress >> 0.667 , estimate >> 152049
Update attemptID:attempt_1452418092463_0004_m_000001_0
attempt_1452418092463_0004_m_000001_0:MAP:SORT:0.667
FILE_BYTES_READ : 0
HDFS_BYTES_READ : 32000125
FILE_BYTES_WRITTEN : 117154
HBW_BYTES_WRITTEN : 0
CPU/Time : 0.796217596655393
Written/Time : 1.1551712237593303
FinishedSize : 2.13439998626709E7
Written/Done : 0.005488849360653052
Total Read / Write : 273.1458166174437
CPU intensive
Task Time : 101417
CPU Time : 80750
========================================
Task Size >> {0=32000000, 1=32000000}
timestamp >> 1452345351344 start >> 1452345249797 , status.progress >> 0.667 , estimate >> 152244
Update attemptID:attempt_1452418092463_0004_m_000000_0
attempt_1452418092463_0004_m_000000_0:MAP:SORT:0.667
FILE_BYTES_READ : 0
HDFS_BYTES_READ : 32000125
FILE_BYTES_WRITTEN : 117154
HBW_BYTES_WRITTEN : 0
CPU/Time : 0.7989403921336918
Written/Time : 1.153692378898441
FinishedSize : 2.13439998626709E7
Written/Done : 0.005488849360653052
Total Read / Write : 273.1458166174437
CPU intensive
Task Time : 101547
CPU Time : 81130
========================================
Task Size >> {0=32000000, 1=32000000}
timestamp >> 1452345354413 start >> 1452345249808 , status.progress >> 0.667 , estimate >> 156829
Update attemptID:attempt_1452418092463_0004_m_000001_0
attempt_1452418092463_0004_m_000001_0:MAP:SORT:0.667
FILE_BYTES_READ : 0
HDFS_BYTES_READ : 32000125
FILE_BYTES_WRITTEN : 117154
HBW_BYTES_WRITTEN : 0
CPU/Time : 0.8039768653506046
Written/Time : 1.1199655848190813
FinishedSize : 2.13439998626709E7
Written/Done : 0.005488849360653052
Total Read / Write : 273.1458166174437
CPU intensive
Task Time : 104605
CPU Time : 84100
========================================
Task Size >> {0=32000000, 1=32000000}
timestamp >> 1452345354528 start >> 1452345249797 , status.progress >> 0.667 , estimate >> 157017
Update attemptID:attempt_1452418092463_0004_m_000000_0
attempt_1452418092463_0004_m_000000_0:MAP:SORT:0.667
FILE_BYTES_READ : 0
HDFS_BYTES_READ : 32000125
FILE_BYTES_WRITTEN : 117154
HBW_BYTES_WRITTEN : 0
CPU/Time : 0.8067334409105231
Written/Time : 1.1186181741795649
FinishedSize : 2.13439998626709E7
Written/Done : 0.005488849360653052
Total Read / Write : 273.1458166174437
CPU intensive
Task Time : 104731
CPU Time : 84490
========================================
Task Size >> {0=32000000, 1=32000000}
timestamp >> 1452345357604 start >> 1452345249808 , status.progress >> 0.667 , estimate >> 161613
Update attemptID:attempt_1452418092463_0004_m_000001_0
attempt_1452418092463_0004_m_000001_0:MAP:SORT:0.667
FILE_BYTES_READ : 0
HDFS_BYTES_READ : 32000125
FILE_BYTES_WRITTEN : 117154
HBW_BYTES_WRITTEN : 0
CPU/Time : 0.8112545920071246
Written/Time : 1.0868121266095216
FinishedSize : 2.13439998626709E7
Written/Done : 0.005488849360653052
Total Read / Write : 273.1458166174437
CPU intensive
Task Time : 107796
CPU Time : 87450
========================================
Task Size >> {0=32000000, 1=32000000}
timestamp >> 1452345357722 start >> 1452345249797 , status.progress >> 0.667 , estimate >> 161806
Update attemptID:attempt_1452418092463_0004_m_000000_0
attempt_1452418092463_0004_m_000000_0:MAP:SORT:0.667
FILE_BYTES_READ : 0
HDFS_BYTES_READ : 32000125
FILE_BYTES_WRITTEN : 117154
HBW_BYTES_WRITTEN : 0
CPU/Time : 0.8139911975909196
Written/Time : 1.0855130877924484
FinishedSize : 2.13439998626709E7
Written/Done : 0.005488849360653052
Total Read / Write : 273.1458166174437
CPU intensive
Task Time : 107925
CPU Time : 87850
========================================
Task Size >> {0=32000000, 1=32000000}
timestamp >> 1452345360771 start >> 1452345249808 , status.progress >> 0.667 , estimate >> 166361
Update attemptID:attempt_1452418092463_0004_m_000001_0
attempt_1452418092463_0004_m_000001_0:MAP:SORT:0.667
FILE_BYTES_READ : 0
HDFS_BYTES_READ : 32000125
FILE_BYTES_WRITTEN : 117154
HBW_BYTES_WRITTEN : 0
CPU/Time : 0.8180204212214882
Written/Time : 1.0557933725656299
FinishedSize : 2.13439998626709E7
Written/Done : 0.005488849360653052
Total Read / Write : 273.1458166174437
CPU intensive
Task Time : 110963
CPU Time : 90770
========================================
Task Size >> {0=32000000, 1=32000000}
timestamp >> 1452345360901 start >> 1452345249797 , status.progress >> 0.667 , estimate >> 166572
Update attemptID:attempt_1452418092463_0004_m_000000_0
attempt_1452418092463_0004_m_000000_0:MAP:SORT:0.667
FILE_BYTES_READ : 0
HDFS_BYTES_READ : 32000125
FILE_BYTES_WRITTEN : 117154
HBW_BYTES_WRITTEN : 0
CPU/Time : 0.820582517281106
Written/Time : 1.0544534850230414
FinishedSize : 2.13439998626709E7
Written/Done : 0.005488849360653052
Total Read / Write : 273.1458166174437
CPU intensive
Task Time : 111104
CPU Time : 91170
========================================
Task Size >> {0=32000000, 1=32000000}
timestamp >> 1452345363999 start >> 1452345249808 , status.progress >> 0.667 , estimate >> 171200
Update attemptID:attempt_1452418092463_0004_m_000001_0
attempt_1452418092463_0004_m_000001_0:MAP:SORT:0.667
FILE_BYTES_READ : 0
HDFS_BYTES_READ : 32000125
FILE_BYTES_WRITTEN : 117154
HBW_BYTES_WRITTEN : 0
CPU/Time : 0.8247585186223082
Written/Time : 1.0259477542012942
FinishedSize : 2.13439998626709E7
Written/Done : 0.005488849360653052
Total Read / Write : 273.1458166174437
CPU intensive
Task Time : 114191
CPU Time : 94180
========================================
Task Size >> {0=32000000, 1=32000000}
timestamp >> 1452345364090 start >> 1452345249797 , status.progress >> 0.667 , estimate >> 171353
Update attemptID:attempt_1452418092463_0004_m_000000_0
attempt_1452418092463_0004_m_000000_0:MAP:SORT:0.667
FILE_BYTES_READ : 0
HDFS_BYTES_READ : 32000125
FILE_BYTES_WRITTEN : 117154
HBW_BYTES_WRITTEN : 0
CPU/Time : 0.8269972789234686
Written/Time : 1.0250321542001697
FinishedSize : 2.13439998626709E7
Written/Done : 0.005488849360653052
Total Read / Write : 273.1458166174437
CPU intensive
Task Time : 114293
CPU Time : 94520
========================================
Task Size >> {0=32000000, 1=32000000}
timestamp >> 1452345367219 start >> 1452345249808 , status.progress >> 0.667 , estimate >> 176028
Update attemptID:attempt_1452418092463_0004_m_000001_0
attempt_1452418092463_0004_m_000001_0:MAP:SORT:0.667
FILE_BYTES_READ : 0
HDFS_BYTES_READ : 32000125
FILE_BYTES_WRITTEN : 117154
HBW_BYTES_WRITTEN : 0
CPU/Time : 0.8310975973290408
Written/Time : 0.9978111079881783
FinishedSize : 2.13439998626709E7
Written/Done : 0.005488849360653052
Total Read / Write : 273.1458166174437
CPU intensive
Task Time : 117411
CPU Time : 97580
========================================
Task Size >> {0=32000000, 1=32000000}
timestamp >> 1452345367359 start >> 1452345249797 , status.progress >> 0.667 , estimate >> 176254
Update attemptID:attempt_1452418092463_0004_m_000000_0
attempt_1452418092463_0004_m_000000_0:MAP:SORT:0.667
FILE_BYTES_READ : 0
HDFS_BYTES_READ : 32000125
FILE_BYTES_WRITTEN : 117154
HBW_BYTES_WRITTEN : 0
CPU/Time : 0.8326670182541978
Written/Time : 0.9965294908218643
FinishedSize : 2.13439998626709E7
Written/Done : 0.005488849360653052
Total Read / Write : 273.1458166174437
CPU intensive
Task Time : 117562
CPU Time : 97890
========================================
Task Size >> {0=32000000, 1=32000000}
timestamp >> 1452345370415 start >> 1452345249808 , status.progress >> 0.667 , estimate >> 180820
Update attemptID:attempt_1452418092463_0004_m_000001_0
attempt_1452418092463_0004_m_000001_0:MAP:SORT:0.667
FILE_BYTES_READ : 0
HDFS_BYTES_READ : 32000125
FILE_BYTES_WRITTEN : 117154
HBW_BYTES_WRITTEN : 0
CPU/Time : 0.8370160935932408
Written/Time : 0.9713698209888315
FinishedSize : 2.13439998626709E7
Written/Done : 0.005488849360653052
Total Read / Write : 273.1458166174437
CPU intensive
Task Time : 120607
CPU Time : 100950
========================================
Task Size >> {0=32000000, 1=32000000}
timestamp >> 1452345370588 start >> 1452345249797 , status.progress >> 0.667 , estimate >> 181095
Update attemptID:attempt_1452418092463_0004_m_000000_0
attempt_1452418092463_0004_m_000000_0:MAP:SORT:0.667
FILE_BYTES_READ : 0
HDFS_BYTES_READ : 32000125
FILE_BYTES_WRITTEN : 117154
HBW_BYTES_WRITTEN : 0
CPU/Time : 0.8384730650462369
Written/Time : 0.96989014082175
FinishedSize : 2.13439998626709E7
Written/Done : 0.005488849360653052
Total Read / Write : 273.1458166174437
CPU intensive
Task Time : 120791
CPU Time : 101280
========================================
Task Size >> {0=32000000, 1=32000000}
timestamp >> 1452345373623 start >> 1452345249808 , status.progress >> 0.667 , estimate >> 185629
Update attemptID:attempt_1452418092463_0004_m_000001_0
attempt_1452418092463_0004_m_000001_0:MAP:SORT:0.667
FILE_BYTES_READ : 0
HDFS_BYTES_READ : 32000125
FILE_BYTES_WRITTEN : 117154
HBW_BYTES_WRITTEN : 0
CPU/Time : 0.8423858175503776
Written/Time : 0.9462019949117635
FinishedSize : 2.13439998626709E7
Written/Done : 0.005488849360653052
Total Read / Write : 273.1458166174437
CPU intensive
Task Time : 123815
CPU Time : 104300
========================================
Task Size >> {0=32000000, 1=32000000}
timestamp >> 1452345373788 start >> 1452345249797 , status.progress >> 0.667 , estimate >> 185893
Update attemptID:attempt_1452418092463_0004_m_000000_0
attempt_1452418092463_0004_m_000000_0:MAP:SORT:0.667
FILE_BYTES_READ : 0
HDFS_BYTES_READ : 32000125
FILE_BYTES_WRITTEN : 117154
HBW_BYTES_WRITTEN : 0
CPU/Time : 0.8437709188570138
Written/Time : 0.9448589010492697
FinishedSize : 2.13439998626709E7
Written/Done : 0.005488849360653052
Total Read / Write : 273.1458166174437
CPU intensive
Task Time : 123991
CPU Time : 104620
========================================
Task Size >> {0=32000000, 1=32000000}
timestamp >> 1452345376800 start >> 1452345249808 , status.progress >> 0.667 , estimate >> 190392
Update attemptID:attempt_1452418092463_0004_m_000001_0
attempt_1452418092463_0004_m_000001_0:MAP:SORT:0.667
FILE_BYTES_READ : 0
HDFS_BYTES_READ : 32000125
FILE_BYTES_WRITTEN : 117154
HBW_BYTES_WRITTEN : 0
CPU/Time : 0.8475337029104195
Written/Time : 0.9225305531057074
FinishedSize : 2.13439998626709E7
Written/Done : 0.005488849360653052
Total Read / Write : 273.1458166174437
CPU intensive
Task Time : 126992
CPU Time : 107630
========================================
Task Size >> {0=32000000, 1=32000000}
timestamp >> 1452345376955 start >> 1452345249797 , status.progress >> 0.667 , estimate >> 190641
Update attemptID:attempt_1452418092463_0004_m_000000_0
attempt_1452418092463_0004_m_000000_0:MAP:SORT:0.667
FILE_BYTES_READ : 0
HDFS_BYTES_READ : 32000125
FILE_BYTES_WRITTEN : 117154
HBW_BYTES_WRITTEN : 0
CPU/Time : 0.8488651913367622
Written/Time : 0.9213262240676953
FinishedSize : 2.13439998626709E7
Written/Done : 0.005488849360653052
Total Read / Write : 273.1458166174437
CPU intensive
Task Time : 127158
CPU Time : 107940
========================================
Task Size >> {0=32000000, 1=32000000}
timestamp >> 1452345379977 start >> 1452345249808 , status.progress >> 0.667 , estimate >> 195155
Update attemptID:attempt_1452418092463_0004_m_000001_0
attempt_1452418092463_0004_m_000001_0:MAP:SORT:0.667
FILE_BYTES_READ : 0
HDFS_BYTES_READ : 32000125
FILE_BYTES_WRITTEN : 117154
HBW_BYTES_WRITTEN : 0
CPU/Time : 0.8523534789389179
Written/Time : 0.9000145964092833
FinishedSize : 2.13439998626709E7
Written/Done : 0.005488849360653052
Total Read / Write : 273.1458166174437
CPU intensive
Task Time : 130169
CPU Time : 110950
========================================
Task Size >> {0=32000000, 1=32000000}
timestamp >> 1452345380140 start >> 1452345249797 , status.progress >> 0.667 , estimate >> 195416
Update attemptID:attempt_1452418092463_0004_m_000000_0
attempt_1452418092463_0004_m_000000_0:MAP:SORT:0.667
FILE_BYTES_READ : 0
HDFS_BYTES_READ : 32000125
FILE_BYTES_WRITTEN : 117154
HBW_BYTES_WRITTEN : 0
CPU/Time : 0.8537474202680619
Written/Time : 0.8988131315068704
FinishedSize : 2.13439998626709E7
Written/Done : 0.005488849360653052
Total Read / Write : 273.1458166174437
CPU intensive
Task Time : 130343
CPU Time : 111280
========================================
Task Size >> {0=32000000, 1=32000000}
timestamp >> 1452345383151 start >> 1452345249808 , status.progress >> 0.667 , estimate >> 199914
Update attemptID:attempt_1452418092463_0004_m_000001_0
attempt_1452418092463_0004_m_000001_0:MAP:SORT:0.667
FILE_BYTES_READ : 0
HDFS_BYTES_READ : 32000125
FILE_BYTES_WRITTEN : 117154
HBW_BYTES_WRITTEN : 0
CPU/Time : 0.8570378647548053
Written/Time : 0.8785913021305956
FinishedSize : 2.13439998626709E7
Written/Done : 0.005488849360653052
Total Read / Write : 273.1458166174437
CPU intensive
Task Time : 133343
CPU Time : 114280
========================================
Task Size >> {0=32000000, 1=32000000}
timestamp >> 1452345383317 start >> 1452345249797 , status.progress >> 0.667 , estimate >> 200179
Update attemptID:attempt_1452418092463_0004_m_000000_0
attempt_1452418092463_0004_m_000000_0:MAP:SORT:0.667
FILE_BYTES_READ : 0
HDFS_BYTES_READ : 32000125
FILE_BYTES_WRITTEN : 117154
HBW_BYTES_WRITTEN : 0
CPU/Time : 0.8583732774116237
Written/Time : 0.8774266027561414
FinishedSize : 2.13439998626709E7
Written/Done : 0.005488849360653052
Total Read / Write : 273.1458166174437
CPU intensive
Task Time : 133520
CPU Time : 114610
========================================
Task Size >> {0=32000000, 1=32000000}
timestamp >> 1452345386327 start >> 1452345249808 , status.progress >> 0.667 , estimate >> 204676
Update attemptID:attempt_1452418092463_0004_m_000001_0
attempt_1452418092463_0004_m_000001_0:MAP:SORT:0.667
FILE_BYTES_READ : 0
HDFS_BYTES_READ : 32000125
FILE_BYTES_WRITTEN : 117154
HBW_BYTES_WRITTEN : 0
CPU/Time : 0.8613453072466104
Written/Time : 0.8581516125960489
FinishedSize : 2.13439998626709E7
Written/Done : 0.005488849360653052
Total Read / Write : 273.1458166174437
CPU intensive
Task Time : 136519
CPU Time : 117590
========================================
Task Size >> {0=32000000, 1=32000000}
timestamp >> 1452345386504 start >> 1452345249797 , status.progress >> 0.667 , estimate >> 204958
Update attemptID:attempt_1452418092463_0004_m_000000_0
attempt_1452418092463_0004_m_000000_0:MAP:SORT:0.667
FILE_BYTES_READ : 0
HDFS_BYTES_READ : 32000125
FILE_BYTES_WRITTEN : 117154
HBW_BYTES_WRITTEN : 0
CPU/Time : 0.8627210018506734
Written/Time : 0.8569714791488365
FinishedSize : 2.13439998626709E7
Written/Done : 0.005488849360653052
Total Read / Write : 273.1458166174437
CPU intensive
Task Time : 136707
CPU Time : 117940
========================================
Task Size >> {0=32000000, 1=32000000}
timestamp >> 1452345389504 start >> 1452345249808 , status.progress >> 0.667 , estimate >> 209439
Update attemptID:attempt_1452418092463_0004_m_000001_0
attempt_1452418092463_0004_m_000001_0:MAP:SORT:0.667
FILE_BYTES_READ : 0
HDFS_BYTES_READ : 32000125
FILE_BYTES_WRITTEN : 117154
HBW_BYTES_WRITTEN : 0
CPU/Time : 0.8655222769442218
Written/Time : 0.8386353224143855
FinishedSize : 2.13439998626709E7
Written/Done : 0.005488849360653052
Total Read / Write : 273.1458166174437
CPU intensive
Task Time : 139696
CPU Time : 120910
========================================
Task Size >> {0=32000000, 1=32000000}
timestamp >> 1452345389674 start >> 1452345249797 , status.progress >> 0.667 , estimate >> 209710
Update attemptID:attempt_1452418092463_0004_m_000000_0
attempt_1452418092463_0004_m_000000_0:MAP:SORT:0.667
FILE_BYTES_READ : 0
HDFS_BYTES_READ : 32000125
FILE_BYTES_WRITTEN : 117154
HBW_BYTES_WRITTEN : 0
CPU/Time : 0.8668330032814544
Written/Time : 0.8375501333314269
FinishedSize : 2.13439998626709E7
Written/Done : 0.005488849360653052
Total Read / Write : 273.1458166174437
CPU intensive
Task Time : 139877
CPU Time : 121250
========================================
Task Size >> {0=32000000, 1=32000000}
timestamp >> 1452345392678 start >> 1452345249808 , status.progress >> 0.667 , estimate >> 214197
Update attemptID:attempt_1452418092463_0004_m_000001_0
attempt_1452418092463_0004_m_000001_0:MAP:SORT:0.667
FILE_BYTES_READ : 0
HDFS_BYTES_READ : 32000125
FILE_BYTES_WRITTEN : 117154
HBW_BYTES_WRITTEN : 0
CPU/Time : 0.8694617484426401
Written/Time : 0.820004199622034
FinishedSize : 2.13439998626709E7
Written/Done : 0.005488849360653052
Total Read / Write : 273.1458166174437
CPU intensive
Task Time : 142870
CPU Time : 124220
========================================
Task Size >> {0=32000000, 1=32000000}
timestamp >> 1452345392848 start >> 1452345249797 , status.progress >> 0.667 , estimate >> 214469
Update attemptID:attempt_1452418092463_0004_m_000000_0
attempt_1452418092463_0004_m_000000_0:MAP:SORT:0.667
FILE_BYTES_READ : 0
HDFS_BYTES_READ : 32000125
FILE_BYTES_WRITTEN : 117154
HBW_BYTES_WRITTEN : 0
CPU/Time : 0.8708083131190973
Written/Time : 0.8189666622393412
FinishedSize : 2.13439998626709E7
Written/Done : 0.005488849360653052
Total Read / Write : 273.1458166174437
CPU intensive
Task Time : 143051
CPU Time : 124570
========================================
Task Size >> {0=32000000, 1=32000000}
timestamp >> 1452345395848 start >> 1452345249808 , status.progress >> 0.667 , estimate >> 218950
Update attemptID:attempt_1452418092463_0004_m_000001_0
attempt_1452418092463_0004_m_000001_0:MAP:SORT:0.667
FILE_BYTES_READ : 0
HDFS_BYTES_READ : 32000125
FILE_BYTES_WRITTEN : 117154
HBW_BYTES_WRITTEN : 0
CPU/Time : 0.8731854286496851
Written/Time : 0.8022048753766091
FinishedSize : 2.13439998626709E7
Written/Done : 0.005488849360653052
Total Read / Write : 273.1458166174437
CPU intensive
Task Time : 146040
CPU Time : 127520
========================================
Task Size >> {0=32000000, 1=32000000}
timestamp >> 1452345396021 start >> 1452345249797 , status.progress >> 0.667 , estimate >> 219226
Update attemptID:attempt_1452418092463_0004_m_000000_0
attempt_1452418092463_0004_m_000000_0:MAP:SORT:0.667
FILE_BYTES_READ : 0
HDFS_BYTES_READ : 32000125
FILE_BYTES_WRITTEN : 117154
HBW_BYTES_WRITTEN : 0
CPU/Time : 0.8746854141590984
Written/Time : 0.8011954261954262
FinishedSize : 2.13439998626709E7
Written/Done : 0.005488849360653052
Total Read / Write : 273.1458166174437
CPU intensive
Task Time : 146224
CPU Time : 127900
========================================
Task Size >> {0=32000000, 1=32000000}
timestamp >> 1452345399022 start >> 1452345249808 , status.progress >> 0.667 , estimate >> 223709
Update attemptID:attempt_1452418092463_0004_m_000001_0
attempt_1452418092463_0004_m_000001_0:MAP:SORT:0.667
FILE_BYTES_READ : 0
HDFS_BYTES_READ : 32000125
FILE_BYTES_WRITTEN : 117154
HBW_BYTES_WRITTEN : 0
CPU/Time : 0.8768614205101398
Written/Time : 0.7851408044821532
FinishedSize : 2.13439998626709E7
Written/Done : 0.005488849360653052
Total Read / Write : 273.1458166174437
CPU intensive
Task Time : 149214
CPU Time : 130840
========================================
Task Size >> {0=32000000, 1=32000000}
timestamp >> 1452345399200 start >> 1452345249797 , status.progress >> 0.667 , estimate >> 223992
Update attemptID:attempt_1452418092463_0004_m_000000_0
attempt_1452418092463_0004_m_000000_0:MAP:SORT:0.667
FILE_BYTES_READ : 0
HDFS_BYTES_READ : 32000125
FILE_BYTES_WRITTEN : 117154
HBW_BYTES_WRITTEN : 0
CPU/Time : 0.8782956165538844
Written/Time : 0.7841475740112314
FinishedSize : 2.13439998626709E7
Written/Done : 0.005488849360653052
Total Read / Write : 273.1458166174437
CPU intensive
Task Time : 149403
CPU Time : 131220
========================================
Task Size >> {0=32000000, 1=32000000}
timestamp >> 1452345402193 start >> 1452345249808 , status.progress >> 0.667 , estimate >> 228463
Update attemptID:attempt_1452418092463_0004_m_000001_0
attempt_1452418092463_0004_m_000001_0:MAP:SORT:0.667
FILE_BYTES_READ : 0
HDFS_BYTES_READ : 32000125
FILE_BYTES_WRITTEN : 117154
HBW_BYTES_WRITTEN : 0
CPU/Time : 0.8803359910752371
Written/Time : 0.7688027036781836
FinishedSize : 2.13439998626709E7
Written/Done : 0.005488849360653052
Total Read / Write : 273.1458166174437
CPU intensive
Task Time : 152385
CPU Time : 134150
========================================
Task Size >> {0=32000000, 1=32000000}
timestamp >> 1452345402380 start >> 1452345249797 , status.progress >> 0.667 , estimate >> 228760
Update attemptID:attempt_1452418092463_0004_m_000000_0
attempt_1452418092463_0004_m_000000_0:MAP:SORT:0.667
FILE_BYTES_READ : 0
HDFS_BYTES_READ : 32000125
FILE_BYTES_WRITTEN : 117154
HBW_BYTES_WRITTEN : 0
CPU/Time : 0.8818151432335188
Written/Time : 0.7678050634736504
FinishedSize : 2.13439998626709E7
Written/Done : 0.005488849360653052
Total Read / Write : 273.1458166174437
CPU intensive
Task Time : 152583
CPU Time : 134550
========================================
Task Size >> {0=32000000, 1=32000000}
timestamp >> 1452345405366 start >> 1452345249808 , status.progress >> 0.667 , estimate >> 233220
Update attemptID:attempt_1452418092463_0004_m_000001_0
attempt_1452418092463_0004_m_000001_0:MAP:SORT:0.667
FILE_BYTES_READ : 0
HDFS_BYTES_READ : 32000125
FILE_BYTES_WRITTEN : 117154
HBW_BYTES_WRITTEN : 0
CPU/Time : 0.8837861119325268
Written/Time : 0.753121022383934
FinishedSize : 2.13439998626709E7
Written/Done : 0.005488849360653052
Total Read / Write : 273.1458166174437
CPU intensive
Task Time : 155558
CPU Time : 137480
========================================
Task Size >> {0=32000000, 1=32000000}
timestamp >> 1452345405551 start >> 1452345249797 , status.progress >> 0.667 , estimate >> 233514
Update attemptID:attempt_1452418092463_0004_m_000000_0
attempt_1452418092463_0004_m_000000_0:MAP:SORT:0.667
FILE_BYTES_READ : 0
HDFS_BYTES_READ : 32000125
FILE_BYTES_WRITTEN : 117154
HBW_BYTES_WRITTEN : 0
CPU/Time : 0.8851137049449773
Written/Time : 0.752173298920092
FinishedSize : 2.13439998626709E7
Written/Done : 0.005488849360653052
Total Read / Write : 273.1458166174437
CPU intensive
Task Time : 155754
CPU Time : 137860
========================================
Task Size >> {0=32000000, 1=32000000}
timestamp >> 1452345408538 start >> 1452345249808 , status.progress >> 0.667 , estimate >> 237976
Update attemptID:attempt_1452418092463_0004_m_000001_0
attempt_1452418092463_0004_m_000001_0:MAP:SORT:0.667
FILE_BYTES_READ : 0
HDFS_BYTES_READ : 32000125
FILE_BYTES_WRITTEN : 117154
HBW_BYTES_WRITTEN : 0
CPU/Time : 0.886914886914887
Written/Time : 0.738070938070938
FinishedSize : 2.13439998626709E7
Written/Done : 0.005488849360653052
Total Read / Write : 273.1458166174437
CPU intensive
Task Time : 158730
CPU Time : 140780
========================================
Task Size >> {0=32000000, 1=32000000}
timestamp >> 1452345408726 start >> 1452345249797 , status.progress >> 0.667 , estimate >> 238274
Update attemptID:attempt_1452418092463_0004_m_000000_0
attempt_1452418092463_0004_m_000000_0:MAP:SORT:0.667
FILE_BYTES_READ : 0
HDFS_BYTES_READ : 32000125
FILE_BYTES_WRITTEN : 117154
HBW_BYTES_WRITTEN : 0
CPU/Time : 0.888321200032719
Written/Time : 0.7371467762334124
FinishedSize : 2.13439998626709E7
Written/Done : 0.005488849360653052
Total Read / Write : 273.1458166174437
CPU intensive
Task Time : 158929
CPU Time : 141180
========================================
Task Size >> {0=32000000, 1=32000000}
timestamp >> 1452345411710 start >> 1452345249808 , status.progress >> 0.667 , estimate >> 242731
Update attemptID:attempt_1452418092463_0004_m_000001_0
attempt_1452418092463_0004_m_000001_0:MAP:SORT:0.667
FILE_BYTES_READ : 0
HDFS_BYTES_READ : 32000125
FILE_BYTES_WRITTEN : 117154
HBW_BYTES_WRITTEN : 0
CPU/Time : 0.8900445948783832
Written/Time : 0.723610579239293
FinishedSize : 2.13439998626709E7
Written/Done : 0.005488849360653052
Total Read / Write : 273.1458166174437
CPU intensive
Task Time : 161902
CPU Time : 144100
========================================
Task Size >> {0=32000000, 1=32000000}
timestamp >> 1452345411910 start >> 1452345249797 , status.progress >> 0.667 , estimate >> 243047
Update attemptID:attempt_1452418092463_0004_m_000000_0
attempt_1452418092463_0004_m_000000_0:MAP:SORT:0.667
FILE_BYTES_READ : 0
HDFS_BYTES_READ : 32000125
FILE_BYTES_WRITTEN : 117154
HBW_BYTES_WRITTEN : 0
CPU/Time : 0.8915386181243947
Written/Time : 0.7226687557444499
FinishedSize : 2.13439998626709E7
Written/Done : 0.005488849360653052
Total Read / Write : 273.1458166174437
CPU intensive
Task Time : 162113
CPU Time : 144530
========================================
Task Size >> {0=32000000, 1=32000000}
timestamp >> 1452345414902 start >> 1452345249808 , status.progress >> 0.667 , estimate >> 247517
Update attemptID:attempt_1452418092463_0004_m_000001_0
attempt_1452418092463_0004_m_000001_0:MAP:SORT:0.667
FILE_BYTES_READ : 0
HDFS_BYTES_READ : 32000125
FILE_BYTES_WRITTEN : 117154
HBW_BYTES_WRITTEN : 0
CPU/Time : 0.8931275515766776
Written/Time : 0.7096199740753752
FinishedSize : 2.13439998626709E7
Written/Done : 0.005488849360653052
Total Read / Write : 273.1458166174437
CPU intensive
Task Time : 165094
CPU Time : 147450
========================================
Task Size >> {0=32000000, 1=32000000}
timestamp >> 1452345415079 start >> 1452345249797 , status.progress >> 0.667 , estimate >> 247799
Update attemptID:attempt_1452418092463_0004_m_000000_0
attempt_1452418092463_0004_m_000000_0:MAP:SORT:0.667
FILE_BYTES_READ : 0
HDFS_BYTES_READ : 32000125
FILE_BYTES_WRITTEN : 117154
HBW_BYTES_WRITTEN : 0
CPU/Time : 0.894471267288634
Written/Time : 0.7088128168826612
FinishedSize : 2.13439998626709E7
Written/Done : 0.005488849360653052
Total Read / Write : 273.1458166174437
CPU intensive
Task Time : 165282
CPU Time : 147840
========================================
Task Size >> {0=32000000, 1=32000000}
timestamp >> 1452345418074 start >> 1452345249808 , status.progress >> 0.667 , estimate >> 252272
Update attemptID:attempt_1452418092463_0004_m_000001_0
attempt_1452418092463_0004_m_000001_0:MAP:SORT:0.667
FILE_BYTES_READ : 0
HDFS_BYTES_READ : 32000125
FILE_BYTES_WRITTEN : 117154
HBW_BYTES_WRITTEN : 0
CPU/Time : 0.8960217750466524
Written/Time : 0.6962428535770744
FinishedSize : 2.13439998626709E7
Written/Done : 0.005488849360653052
Total Read / Write : 273.1458166174437
CPU intensive
Task Time : 168266
CPU Time : 150770
========================================
Task Size >> {0=32000000, 1=32000000}
timestamp >> 1452345418252 start >> 1452345249797 , status.progress >> 0.667 , estimate >> 252556
Update attemptID:attempt_1452418092463_0004_m_000000_0
attempt_1452418092463_0004_m_000000_0:MAP:SORT:0.667
FILE_BYTES_READ : 0
HDFS_BYTES_READ : 32000125
FILE_BYTES_WRITTEN : 117154
HBW_BYTES_WRITTEN : 0
CPU/Time : 0.8973909946276454
Written/Time : 0.6954616960018997
FinishedSize : 2.13439998626709E7
Written/Done : 0.005488849360653052
Total Read / Write : 273.1458166174437
CPU intensive
Task Time : 168455
CPU Time : 151170
========================================
Task Size >> {0=32000000, 1=32000000}
timestamp >> 1452345421247 start >> 1452345249808 , status.progress >> 0.667 , estimate >> 257029
Update attemptID:attempt_1452418092463_0004_m_000001_0
attempt_1452418092463_0004_m_000001_0:MAP:SORT:0.667
FILE_BYTES_READ : 0
HDFS_BYTES_READ : 32000125
FILE_BYTES_WRITTEN : 117154
HBW_BYTES_WRITTEN : 0
CPU/Time : 0.89880365611092
Written/Time : 0.6833567624636168
FinishedSize : 2.13439998626709E7
Written/Done : 0.005488849360653052
Total Read / Write : 273.1458166174437
CPU intensive
Task Time : 171439
CPU Time : 154090
========================================
Task Size >> {0=32000000, 1=32000000}
timestamp >> 1452345421431 start >> 1452345249797 , status.progress >> 0.667 , estimate >> 257322
Update attemptID:attempt_1452418092463_0004_m_000000_0
attempt_1452418092463_0004_m_000000_0:MAP:SORT:0.667
FILE_BYTES_READ : 0
HDFS_BYTES_READ : 32000125
FILE_BYTES_WRITTEN : 117154
HBW_BYTES_WRITTEN : 0
CPU/Time : 0.900171294731813
Written/Time : 0.6825803745178695
FinishedSize : 2.13439998626709E7
Written/Done : 0.005488849360653052
Total Read / Write : 273.1458166174437
CPU intensive
Task Time : 171634
CPU Time : 154500
========================================
Task Size >> {0=32000000, 1=32000000}
timestamp >> 1452345424430 start >> 1452345249808 , status.progress >> 0.667 , estimate >> 261802
Update attemptID:attempt_1452418092463_0004_m_000001_0
attempt_1452418092463_0004_m_000001_0:MAP:SORT:0.667
FILE_BYTES_READ : 0
HDFS_BYTES_READ : 32000125
FILE_BYTES_WRITTEN : 117154
HBW_BYTES_WRITTEN : 0
CPU/Time : 0.90154734225928
Written/Time : 0.67090057381086
FinishedSize : 2.13439998626709E7
Written/Done : 0.005488849360653052
Total Read / Write : 273.1458166174437
CPU intensive
Task Time : 174622
CPU Time : 157430
========================================
Task Size >> {0=32000000, 1=32000000}
timestamp >> 1452345424606 start >> 1452345249797 , status.progress >> 0.667 , estimate >> 262082
Update attemptID:attempt_1452418092463_0004_m_000000_0
attempt_1452418092463_0004_m_000000_0:MAP:SORT:0.667
FILE_BYTES_READ : 0
HDFS_BYTES_READ : 32000125
FILE_BYTES_WRITTEN : 117154
HBW_BYTES_WRITTEN : 0
CPU/Time : 0.9028711336372841
Written/Time : 0.6701828853205498
FinishedSize : 2.13439998626709E7
Written/Done : 0.005488849360653052
Total Read / Write : 273.1458166174437
CPU intensive
Task Time : 174809
CPU Time : 157830
========================================
Task Size >> {0=32000000, 1=32000000}
timestamp >> 1452345427630 start >> 1452345249808 , status.progress >> 0.667 , estimate >> 266599
Update attemptID:attempt_1452418092463_0004_m_000001_0
attempt_1452418092463_0004_m_000001_0:MAP:SORT:0.667
FILE_BYTES_READ : 0
HDFS_BYTES_READ : 32000125
FILE_BYTES_WRITTEN : 117154
HBW_BYTES_WRITTEN : 0
CPU/Time : 0.9042750615784324
Written/Time : 0.6588273666925353
FinishedSize : 2.13439998626709E7
Written/Done : 0.005488849360653052
Total Read / Write : 273.1458166174437
CPU intensive
Task Time : 177822
CPU Time : 160800
========================================
Task Size >> {0=32000000, 1=32000000}
timestamp >> 1452345427783 start >> 1452345249797 , status.progress >> 0.667 , estimate >> 266845
Update attemptID:attempt_1452418092463_0004_m_000000_0
attempt_1452418092463_0004_m_000000_0:MAP:SORT:0.667
FILE_BYTES_READ : 0
HDFS_BYTES_READ : 32000125
FILE_BYTES_WRITTEN : 117154
HBW_BYTES_WRITTEN : 0
CPU/Time : 0.9055206589282303
Written/Time : 0.658220309462542
FinishedSize : 2.13439998626709E7
Written/Done : 0.005488849360653052
Total Read / Write : 273.1458166174437
CPU intensive
Task Time : 177986
CPU Time : 161170
========================================
Task Size >> {0=32000000, 1=32000000}
timestamp >> 1452345430956 start >> 1452345249808 , status.progress >> 0.667 , estimate >> 271586
Update attemptID:attempt_1452418092463_0004_m_000001_0
attempt_1452418092463_0004_m_000001_0:MAP:SORT:0.667
FILE_BYTES_READ : 0
HDFS_BYTES_READ : 32000125
FILE_BYTES_WRITTEN : 117154
HBW_BYTES_WRITTEN : 0
CPU/Time : 0.9071035838099234
Written/Time : 0.6467308499127785
FinishedSize : 2.13439998626709E7
Written/Done : 0.005488849360653052
Total Read / Write : 273.1458166174437
CPU intensive
Task Time : 181148
CPU Time : 164320
========================================
Task Size >> {0=32000000, 1=32000000}
timestamp >> 1452345431051 start >> 1452345249797 , status.progress >> 0.667 , estimate >> 271745
Update attemptID:attempt_1452418092463_0004_m_000000_0
attempt_1452418092463_0004_m_000000_0:MAP:SORT:0.667
FILE_BYTES_READ : 0
HDFS_BYTES_READ : 32000125
FILE_BYTES_WRITTEN : 1108693
HBW_BYTES_WRITTEN : 0
CPU/Time : 0.9082282322045306
Written/Time : 6.11679190528209
FinishedSize : 2.13439998626709E7
Written/Done : 0.051944012703027766
Total Read / Write : 28.86292688778589
CPU intensive
Task Time : 181254
CPU Time : 164620
========================================
Task Size >> {0=32000000, 1=32000000}
timestamp >> 1452345434302 start >> 1452345249808 , status.progress >> 0.667 , estimate >> 276602
Update attemptID:attempt_1452418092463_0004_m_000001_0
attempt_1452418092463_0004_m_000001_0:MAP:SORT:0.667
FILE_BYTES_READ : 0
HDFS_BYTES_READ : 32000125
FILE_BYTES_WRITTEN : 930237
HBW_BYTES_WRITTEN : 0
CPU/Time : 0.9097314817826054
Written/Time : 5.042098930046506
FinishedSize : 2.13439998626709E7
Written/Done : 0.04358306812149661
Total Read / Write : 34.3999701151427
CPU intensive
Task Time : 184494
CPU Time : 167840
========================================
Task Size >> {0=32000000, 1=32000000}
timestamp >> 1452345434330 start >> 1452345249797 , status.progress >> 0.667 , estimate >> 276661
Update attemptID:attempt_1452418092463_0004_m_000000_0
attempt_1452418092463_0004_m_000000_0:MAP:SORT:0.667
FILE_BYTES_READ : 0
HDFS_BYTES_READ : 32000125
FILE_BYTES_WRITTEN : 2328794
HBW_BYTES_WRITTEN : 0
CPU/Time : 0.9106772230441168
Written/Time : 12.619932478201731
FinishedSize : 2.13439998626709E7
Written/Done : 0.10910766561954918
Total Read / Write : 13.741071558927066
CPU intensive
Task Time : 184533
CPU Time : 168050
========================================
Task Size >> {0=32000000, 1=32000000}
timestamp >> 1452345437537 start >> 1452345249808 , status.progress >> 0.667 , estimate >> 281452
Update attemptID:attempt_1452418092463_0004_m_000001_0
attempt_1452418092463_0004_m_000001_0:MAP:SORT:0.667
FILE_BYTES_READ : 0
HDFS_BYTES_READ : 32000125
FILE_BYTES_WRITTEN : 2174980
HBW_BYTES_WRITTEN : 0
CPU/Time : 0.9122724778803488
Written/Time : 11.5857432788754
FinishedSize : 2.13439998626709E7
Written/Done : 0.1019012375372004
Total Read / Write : 14.712836439875309
CPU intensive
Task Time : 187729
CPU Time : 171260
========================================
Task Size >> {0=32000000, 1=32000000}
timestamp >> 1452345453166 start >> 1452345249797 , status.progress >> 1.0 , estimate >> 203369
Update attemptID:attempt_1452418092463_0004_m_000000_0
attempt_1452418092463_0004_m_000000_0:MAP:SORT:1.0
FILE_BYTES_READ : 0
HDFS_BYTES_READ : 32000125
FILE_BYTES_WRITTEN : 9315205
HBW_BYTES_WRITTEN : 0
CPU/Time : 0.9190682945778363
Written/Time : 45.80444905565745
FinishedSize : 3.2E7
Written/Done : 0.29110015625
Total Read / Write : 3.435257195091251
CPU intensive
Task Time : 203369
CPU Time : 186910
========================================
Task Size >> {0=32000000, 1=32000000}
Task ID >> task_1452418092463_0004_m_000001 , runningTaskAttemptID >> attempt_1452418092463_0004_m_000001_0
Now >> 1452345453603 taskAttemptStartTime >> 1452345249808 , estimatedRunTime >> 281452 , estimatedEndTime >> 1452345531260
Task ID >> task_1452418092463_0004_m_000001 , runningTaskAttemptID >> attempt_1452418092463_0004_m_000001_0
Now >> 1452345454620 taskAttemptStartTime >> 1452345249808 , estimatedRunTime >> 281452 , estimatedEndTime >> 1452345531260
Task ID >> task_1452418092463_0004_m_000001 , runningTaskAttemptID >> attempt_1452418092463_0004_m_000001_0
Now >> 1452345455623 taskAttemptStartTime >> 1452345249808 , estimatedRunTime >> 281452 , estimatedEndTime >> 1452345531260
Task ID >> task_1452418092463_0004_m_000001 , runningTaskAttemptID >> attempt_1452418092463_0004_m_000001_0
Now >> 1452345456625 taskAttemptStartTime >> 1452345249808 , estimatedRunTime >> 281452 , estimatedEndTime >> 1452345531260
Task Size >> {0=32000000, 1=32000000}
timestamp >> 1452345456640 start >> 1452345249808 , status.progress >> 1.0 , estimate >> 206832
Update attemptID:attempt_1452418092463_0004_m_000001_0
attempt_1452418092463_0004_m_000001_0:MAP:SORT:1.0
FILE_BYTES_READ : 0
HDFS_BYTES_READ : 32000125
FILE_BYTES_WRITTEN : 9319466
HBW_BYTES_WRITTEN : 0
CPU/Time : 0.9200703952966659
Written/Time : 45.05814380753462
FinishedSize : 3.2E7
Written/Done : 0.2912333125
Total Read / Write : 3.433686543842748
CPU intensive
Task Time : 206832
CPU Time : 190300
========================================
