Now Use estimatorClass : org.apache.hadoop.mapreduce.v2.app.speculate.LegacyTaskRuntimeEstimator_Fixed
serviceStart
Task Size >> {0=64000000}
Update attemptID:attempt_1453112407258_0001_m_000000_0
attempt_1453112407258_0001_m_000000_0:MAP:MAP:0.029369885
FILE_BYTES_READ : 0
HDFS_BYTES_READ : 2692213
FILE_BYTES_WRITTEN : 117133
HBW_BYTES_WRITTEN : 0
CPU/Time : 0.1563932755985736
Written/Time : 2.983520122261844
FinishedSize : 1879672.646522522
Written/Done : 0.062315637894024396
Task MAP_OUTPUT_MATERIALIZED_BYTES : 0
Task MAP_INPUT_RECORDS : 28236
Task MAP_INPUT_RECORDS/time : 0.7192052980132451
Task MAP_OUTPUT_RECORDS : 28236
Task MAP_OUTPUT_RECORDS/time : 0.7192052980132451
Total Read / Write : 22.984240137279844
CPU intensive
Task Time : 39260
CPU Time : 6140
========================================
Task Size >> {0=64000000}
Update attemptID:attempt_1453112407258_0001_m_000000_0
attempt_1453112407258_0001_m_000000_0:MAP:MAP:0.058279123
FILE_BYTES_READ : 0
HDFS_BYTES_READ : 5468913
FILE_BYTES_WRITTEN : 117133
HBW_BYTES_WRITTEN : 0
CPU/Time : 0.2270425587036906
Written/Time : 2.7587319531783603
FinishedSize : 3729863.8820648193
Written/Done : 0.03140409508326514
Task MAP_OUTPUT_MATERIALIZED_BYTES : 0
Task MAP_INPUT_RECORDS : 55940
Task MAP_INPUT_RECORDS/time : 1.3175063001954828
Task MAP_OUTPUT_RECORDS : 55940
Task MAP_OUTPUT_RECORDS/time : 1.3175063001954828
Total Read / Write : 46.689771456378644
CPU intensive
Task Time : 42459
CPU Time : 9640
========================================
Task Size >> {0=64000000}
Update attemptID:attempt_1453112407258_0001_m_000000_0
attempt_1453112407258_0001_m_000000_0:MAP:MAP:0.08595442
FILE_BYTES_READ : 0
HDFS_BYTES_READ : 8126577
FILE_BYTES_WRITTEN : 117133
HBW_BYTES_WRITTEN : 0
CPU/Time : 0.2845688748685594
Written/Time : 2.566005082369436
FinishedSize : 5501082.897186279
Written/Done : 0.021292716759442356
Task MAP_OUTPUT_MATERIALIZED_BYTES : 0
Task MAP_INPUT_RECORDS : 82491
Task MAP_INPUT_RECORDS/time : 1.8071109358569926
Task MAP_OUTPUT_RECORDS : 82490
Task MAP_OUTPUT_RECORDS/time : 1.8070890290921837
Total Read / Write : 69.37905628644361
CPU intensive
Task Time : 45648
CPU Time : 12990
========================================
Task Size >> {0=64000000}
Update attemptID:attempt_1453112407258_0001_m_000000_0
attempt_1453112407258_0001_m_000000_0:MAP:MAP:0.113782905
FILE_BYTES_READ : 0
HDFS_BYTES_READ : 10806013
FILE_BYTES_WRITTEN : 117133
HBW_BYTES_WRITTEN : 0
CPU/Time : 0.3344324069712671
Written/Time : 2.3988408527719183
FinishedSize : 7282105.922698975
Written/Done : 0.016085044799319107
Task MAP_OUTPUT_MATERIALIZED_BYTES : 0
Task MAP_INPUT_RECORDS : 109192
Task MAP_INPUT_RECORDS/time : 2.2362120870793993
Task MAP_OUTPUT_RECORDS : 109192
Task MAP_OUTPUT_RECORDS/time : 2.2362120870793993
Total Read / Write : 92.25421529372593
CPU intensive
Task Time : 48829
CPU Time : 16330
========================================
Task Size >> {0=64000000}
Update attemptID:attempt_1453112407258_0001_m_000000_0
attempt_1453112407258_0001_m_000000_0:MAP:MAP:0.14105174
FILE_BYTES_READ : 0
HDFS_BYTES_READ : 13425113
FILE_BYTES_WRITTEN : 117133
HBW_BYTES_WRITTEN : 0
CPU/Time : 0.37798242747005556
Written/Time : 2.2519946936342836
FinishedSize : 9027311.325073242
Written/Done : 0.012975402728680087
Task MAP_OUTPUT_MATERIALIZED_BYTES : 0
Task MAP_INPUT_RECORDS : 135353
Task MAP_INPUT_RECORDS/time : 2.602291734758618
Task MAP_OUTPUT_RECORDS : 135352
Task MAP_OUTPUT_RECORDS/time : 2.602272508795878
Total Read / Write : 114.61426754202488
CPU intensive
Task Time : 52013
CPU Time : 19660
========================================
Task Size >> {0=64000000}
Update attemptID:attempt_1453112407258_0001_m_000000_0
attempt_1453112407258_0001_m_000000_0:MAP:MAP:0.16844667
FILE_BYTES_READ : 0
HDFS_BYTES_READ : 16043313
FILE_BYTES_WRITTEN : 117133
HBW_BYTES_WRITTEN : 0
CPU/Time : 0.41647041773848775
Written/Time : 2.121897757327633
FinishedSize : 1.0780587196350098E7
Written/Done : 0.010865178108262678
Task MAP_OUTPUT_MATERIALIZED_BYTES : 0
Task MAP_INPUT_RECORDS : 161642
Task MAP_INPUT_RECORDS/time : 2.9281910075721895
Task MAP_OUTPUT_RECORDS : 161642
Task MAP_OUTPUT_RECORDS/time : 2.9281910075721895
Total Read / Write : 136.96663621694995
CPU intensive
Task Time : 55202
CPU Time : 22990
========================================
Task Size >> {0=64000000}
Update attemptID:attempt_1453112407258_0001_m_000000_0
attempt_1453112407258_0001_m_000000_0:MAP:MAP:0.1961303
FILE_BYTES_READ : 0
HDFS_BYTES_READ : 18699113
FILE_BYTES_WRITTEN : 117133
HBW_BYTES_WRITTEN : 0
CPU/Time : 0.4511909042653379
Written/Time : 2.005667711169329
FinishedSize : 1.2552339553833008E7
Written/Done : 0.009331567194916427
Task MAP_OUTPUT_MATERIALIZED_BYTES : 0
Task MAP_INPUT_RECORDS : 188210
Task MAP_INPUT_RECORDS/time : 3.222718789061831
Task MAP_OUTPUT_RECORDS : 188209
Task MAP_OUTPUT_RECORDS/time : 3.222701666067362
Total Read / Write : 159.6400075128273
CPU intensive
Task Time : 58401
CPU Time : 26350
========================================
Task Size >> {0=64000000}
Update attemptID:attempt_1453112407258_0001_m_000000_0
attempt_1453112407258_0001_m_000000_0:MAP:MAP:0.22304377
FILE_BYTES_READ : 0
HDFS_BYTES_READ : 21286713
FILE_BYTES_WRITTEN : 117133
HBW_BYTES_WRITTEN : 0
CPU/Time : 0.4821585116399883
Written/Time : 1.9015714795934933
FinishedSize : 1.4274801254272461E7
Written/Done : 0.008205578341410672
Task MAP_OUTPUT_MATERIALIZED_BYTES : 0
Task MAP_INPUT_RECORDS : 214034
Task MAP_INPUT_RECORDS/time : 3.474690736712231
Task MAP_OUTPUT_RECORDS : 214034
Task MAP_OUTPUT_RECORDS/time : 3.474690736712231
Total Read / Write : 181.73113469304124
CPU intensive
Task Time : 61598
CPU Time : 29700
========================================
Task Size >> {0=64000000}
Update attemptID:attempt_1453112407258_0001_m_000000_0
attempt_1453112407258_0001_m_000000_0:MAP:MAP:0.25050226
FILE_BYTES_READ : 0
HDFS_BYTES_READ : 23918513
FILE_BYTES_WRITTEN : 117133
HBW_BYTES_WRITTEN : 0
CPU/Time : 0.5101174582104987
Written/Time : 1.8079149238296623
FinishedSize : 1.6032144546508789E7
Written/Done : 0.00730613422678423
Task MAP_OUTPUT_MATERIALIZED_BYTES : 0
Task MAP_INPUT_RECORDS : 240381
Task MAP_INPUT_RECORDS/time : 3.7102131534674094
Task MAP_OUTPUT_RECORDS : 240380
Task MAP_OUTPUT_RECORDS/time : 3.710197718748553
Total Read / Write : 204.19961069894904
CPU intensive
Task Time : 64789
CPU Time : 33050
========================================
Task Size >> {0=64000000}
Update attemptID:attempt_1453112407258_0001_m_000000_0
attempt_1453112407258_0001_m_000000_0:MAP:MAP:0.27810043
FILE_BYTES_READ : 0
HDFS_BYTES_READ : 26573213
FILE_BYTES_WRITTEN : 117133
HBW_BYTES_WRITTEN : 0
CPU/Time : 0.5353123758807867
Written/Time : 1.723076244134218
FinishedSize : 1.779842758178711E7
Written/Done : 0.006581086978709323
Task MAP_OUTPUT_MATERIALIZED_BYTES : 0
Task MAP_INPUT_RECORDS : 266858
Task MAP_INPUT_RECORDS/time : 3.925594668941879
Task MAP_OUTPUT_RECORDS : 266858
Task MAP_OUTPUT_RECORDS/time : 3.925594668941879
Total Read / Write : 226.8635909607028
CPU intensive
Task Time : 67979
CPU Time : 36390
========================================
Task Size >> {0=64000000}
Update attemptID:attempt_1453112407258_0001_m_000000_0
attempt_1453112407258_0001_m_000000_0:MAP:MAP:0.3054756
FILE_BYTES_READ : 0
HDFS_BYTES_READ : 29198713
FILE_BYTES_WRITTEN : 117133
HBW_BYTES_WRITTEN : 0
CPU/Time : 0.5582022850879043
Written/Time : 1.6461205503323637
FinishedSize : 1.9550437927246094E7
Written/Done : 0.005991323592642385
Task MAP_OUTPUT_MATERIALIZED_BYTES : 0
Task MAP_INPUT_RECORDS : 293125
Task MAP_INPUT_RECORDS/time : 4.119412004440885
Task MAP_OUTPUT_RECORDS : 293124
Task MAP_OUTPUT_RECORDS/time : 4.119397951009739
Total Read / Write : 249.2782819529936
CPU intensive
Task Time : 71157
CPU Time : 39720
========================================
Task Size >> {0=64000000}
Update attemptID:attempt_1453112407258_0001_m_000000_0
attempt_1453112407258_0001_m_000000_0:MAP:MAP:0.33300808
FILE_BYTES_READ : 0
HDFS_BYTES_READ : 31847113
FILE_BYTES_WRITTEN : 117133
HBW_BYTES_WRITTEN : 0
CPU/Time : 0.5789282494921092
Written/Time : 1.5759145398038399
FinishedSize : 2.1312517166137695E7
Written/Done : 0.005495972112862684
Task MAP_OUTPUT_MATERIALIZED_BYTES : 0
Task MAP_INPUT_RECORDS : 319543
Task MAP_INPUT_RECORDS/time : 4.299151048744063
Task MAP_OUTPUT_RECORDS : 319543
Task MAP_OUTPUT_RECORDS/time : 4.299151048744063
Total Read / Write : 271.88847720113034
CPU intensive
Task Time : 74327
CPU Time : 43030
========================================
Task Size >> {0=64000000}
Update attemptID:attempt_1453112407258_0001_m_000000_0
attempt_1453112407258_0001_m_000000_0:MAP:MAP:0.36062816
FILE_BYTES_READ : 0
HDFS_BYTES_READ : 34489913
FILE_BYTES_WRITTEN : 117133
HBW_BYTES_WRITTEN : 0
CPU/Time : 0.5979564981809737
Written/Time : 1.5111205717676808
FinishedSize : 2.3080202102661133E7
Written/Done : 0.00507504221492474
Task MAP_OUTPUT_MATERIALIZED_BYTES : 0
Task MAP_INPUT_RECORDS : 346030
Task MAP_INPUT_RECORDS/time : 4.464096808318497
Task MAP_OUTPUT_RECORDS : 346030
Task MAP_OUTPUT_RECORDS/time : 4.464096808318497
Total Read / Write : 294.4508635482742
CPU intensive
Task Time : 77514
CPU Time : 46350
========================================
Task Size >> {0=64000000}
Update attemptID:attempt_1453112407258_0001_m_000000_0
attempt_1453112407258_0001_m_000000_0:MAP:MAP:0.38828987
FILE_BYTES_READ : 0
HDFS_BYTES_READ : 37141213
FILE_BYTES_WRITTEN : 117133
HBW_BYTES_WRITTEN : 0
CPU/Time : 0.6154970941399521
Written/Time : 1.4514801918239384
FinishedSize : 2.485055160522461E7
Written/Done : 0.004713496982311403
Task MAP_OUTPUT_MATERIALIZED_BYTES : 0
Task MAP_INPUT_RECORDS : 372587
Task MAP_INPUT_RECORDS/time : 4.616996493141179
Task MAP_OUTPUT_RECORDS : 372587
Task MAP_OUTPUT_RECORDS/time : 4.616996493141179
Total Read / Write : 317.0858169772822
CPU intensive
Task Time : 80699
CPU Time : 49670
========================================
Task Size >> {0=64000000}
Update attemptID:attempt_1453112407258_0001_m_000000_0
attempt_1453112407258_0001_m_000000_0:MAP:MAP:0.41616943
FILE_BYTES_READ : 0
HDFS_BYTES_READ : 39815313
FILE_BYTES_WRITTEN : 117133
HBW_BYTES_WRITTEN : 0
CPU/Time : 0.6321962382893513
Written/Time : 1.3961357839281032
FinishedSize : 2.6634843826293945E7
Written/Done : 0.004397735566384894
Task MAP_OUTPUT_MATERIALIZED_BYTES : 0
Task MAP_INPUT_RECORDS : 399338
Task MAP_INPUT_RECORDS/time : 4.759803571002885
Task MAP_OUTPUT_RECORDS : 399337
Task MAP_OUTPUT_RECORDS/time : 4.759791651767623
Total Read / Write : 339.91542093176133
CPU intensive
Task Time : 83898
CPU Time : 53040
========================================
Task Size >> {0=64000000}
Update attemptID:attempt_1453112407258_0001_m_000000_0
attempt_1453112407258_0001_m_000000_0:MAP:MAP:0.44340804
FILE_BYTES_READ : 0
HDFS_BYTES_READ : 42443613
FILE_BYTES_WRITTEN : 117133
HBW_BYTES_WRITTEN : 0
CPU/Time : 0.647146629923068
Written/Time : 1.344964978757607
FinishedSize : 2.8378114700317383E7
Written/Done : 0.004127582161005571
Task MAP_OUTPUT_MATERIALIZED_BYTES : 0
Task MAP_INPUT_RECORDS : 425470
Task MAP_INPUT_RECORDS/time : 4.885405901940521
Task MAP_OUTPUT_RECORDS : 425470
Task MAP_OUTPUT_RECORDS/time : 4.885405901940521
Total Read / Write : 362.35401637454856
CPU intensive
Task Time : 87090
CPU Time : 56360
========================================
Task Size >> {0=64000000}
Update attemptID:attempt_1453112407258_0001_m_000000_0
attempt_1453112407258_0001_m_000000_0:MAP:MAP:0.4708332
FILE_BYTES_READ : 0
HDFS_BYTES_READ : 45068113
FILE_BYTES_WRITTEN : 117133
HBW_BYTES_WRITTEN : 0
CPU/Time : 0.6612604827899454
Written/Time : 1.297628147606545
FinishedSize : 3.0133325576782227E7
Written/Done : 0.00388715808023032
Task MAP_OUTPUT_MATERIALIZED_BYTES : 0
Task MAP_INPUT_RECORDS : 451789
Task MAP_INPUT_RECORDS/time : 5.005029523524654
Task MAP_OUTPUT_RECORDS : 451789
Task MAP_OUTPUT_RECORDS/time : 5.005029523524654
Total Read / Write : 384.7601700630907
CPU intensive
Task Time : 90267
CPU Time : 59690
========================================
Task Size >> {0=64000000}
Update attemptID:attempt_1453112407258_0001_m_000000_0
attempt_1453112407258_0001_m_000000_0:MAP:MAP:0.49846783
FILE_BYTES_READ : 0
HDFS_BYTES_READ : 47712813
FILE_BYTES_WRITTEN : 117133
HBW_BYTES_WRITTEN : 0
CPU/Time : 0.6744783306581059
Written/Time : 1.2534296415195292
FinishedSize : 3.1901941299438477E7
Written/Done : 0.003671657436159276
Task MAP_OUTPUT_MATERIALIZED_BYTES : 0
Task MAP_INPUT_RECORDS : 478305
Task MAP_INPUT_RECORDS/time : 5.118298555377207
Task MAP_OUTPUT_RECORDS : 478305
Task MAP_OUTPUT_RECORDS/time : 5.118298555377207
Total Read / Write : 407.3387772873571
CPU intensive
Task Time : 93450
CPU Time : 63030
========================================
Task Size >> {0=64000000}
Update attemptID:attempt_1453112407258_0001_m_000000_0
attempt_1453112407258_0001_m_000000_0:MAP:MAP:0.52584296
FILE_BYTES_READ : 0
HDFS_BYTES_READ : 50331761
FILE_BYTES_WRITTEN : 117133
HBW_BYTES_WRITTEN : 0
CPU/Time : 0.6868507098216133
Written/Time : 1.212004883903812
FinishedSize : 3.365394973754883E7
Written/Done : 0.003480512715846569
Task MAP_OUTPUT_MATERIALIZED_BYTES : 0
Task MAP_INPUT_RECORDS : 504577
Task MAP_INPUT_RECORDS/time : 5.220986300235918
Task MAP_OUTPUT_RECORDS : 504576
Task MAP_OUTPUT_RECORDS/time : 5.220975952982078
Total Read / Write : 429.69753186548627
CPU intensive
Task Time : 96644
CPU Time : 66380
========================================
Task Size >> {0=64000000}
Update attemptID:attempt_1453112407258_0001_m_000000_0
attempt_1453112407258_0001_m_000000_0:MAP:MAP:0.5534662
FILE_BYTES_READ : 0
HDFS_BYTES_READ : 52992813
FILE_BYTES_WRITTEN : 117133
HBW_BYTES_WRITTEN : 0
CPU/Time : 0.6983942541746386
Written/Time : 1.1733364052529827
FinishedSize : 3.5421836853027344E7
Written/Done : 0.003306801973201149
Task MAP_OUTPUT_MATERIALIZED_BYTES : 0
Task MAP_INPUT_RECORDS : 531077
Task MAP_INPUT_RECORDS/time : 5.319866972523014
Task MAP_OUTPUT_RECORDS : 531076
Task MAP_OUTPUT_RECORDS/time : 5.319856955393723
Total Read / Write : 452.4157410806519
CPU intensive
Task Time : 99829
CPU Time : 69720
========================================
Task Size >> {0=64000000}
Update attemptID:attempt_1453112407258_0001_m_000000_0
attempt_1453112407258_0001_m_000000_0:MAP:MAP:0.58039737
FILE_BYTES_READ : 0
HDFS_BYTES_READ : 55574641
FILE_BYTES_WRITTEN : 117133
HBW_BYTES_WRITTEN : 0
CPU/Time : 0.7090504897535215
Written/Time : 1.1370921552067255
FinishedSize : 3.714543151855469E7
Written/Done : 0.003153362209333612
Task MAP_OUTPUT_MATERIALIZED_BYTES : 0
Task MAP_INPUT_RECORDS : 556919
Task MAP_INPUT_RECORDS/time : 5.406403199658289
Task MAP_OUTPUT_RECORDS : 556918
Task MAP_OUTPUT_RECORDS/time : 5.40639349195717
Total Read / Write : 474.4575909436282
CPU intensive
Task Time : 103011
CPU Time : 73040
========================================
Task Size >> {0=64000000}
Update attemptID:attempt_1453112407258_0001_m_000000_0
attempt_1453112407258_0001_m_000000_0:MAP:MAP:0.60828733
FILE_BYTES_READ : 0
HDFS_BYTES_READ : 58253213
FILE_BYTES_WRITTEN : 117133
HBW_BYTES_WRITTEN : 0
CPU/Time : 0.7192767680572558
Written/Time : 1.1030511347584517
FinishedSize : 3.8930389404296875E7
Written/Done : 0.003008780589979705
Task MAP_OUTPUT_MATERIALIZED_BYTES : 0
Task MAP_INPUT_RECORDS : 583680
Task MAP_INPUT_RECORDS/time : 5.496562764855447
Task MAP_OUTPUT_RECORDS : 583679
Task MAP_OUTPUT_RECORDS/time : 5.49655334777286
Total Read / Write : 497.3253737204716
CPU intensive
Task Time : 106190
CPU Time : 76380
========================================
Task Size >> {0=64000000}
Update attemptID:attempt_1453112407258_0001_m_000000_0
attempt_1453112407258_0001_m_000000_0:MAP:MAP:0.63564783
FILE_BYTES_READ : 0
HDFS_BYTES_READ : 60873313
FILE_BYTES_WRITTEN : 117133
HBW_BYTES_WRITTEN : 0
CPU/Time : 0.7288019381085158
Written/Time : 1.0708323810394478
FinishedSize : 4.0681461334228516E7
Written/Done : 0.002879272183407207
Task MAP_OUTPUT_MATERIALIZED_BYTES : 0
Task MAP_INPUT_RECORDS : 609939
Task MAP_INPUT_RECORDS/time : 5.576075330255519
Task MAP_OUTPUT_RECORDS : 609939
Task MAP_OUTPUT_RECORDS/time : 5.576075330255519
Total Read / Write : 519.6939632725192
CPU intensive
Task Time : 109385
CPU Time : 79720
========================================
Task Size >> {0=64000000}
Update attemptID:attempt_1453112407258_0001_m_000000_0
attempt_1453112407258_0001_m_000000_0:MAP:MAP:0.6636838
FILE_BYTES_READ : 0
HDFS_BYTES_READ : 63562313
FILE_BYTES_WRITTEN : 117133
HBW_BYTES_WRITTEN : 0
CPU/Time : 0.7379211711511642
Written/Time : 1.0405070487594716
FinishedSize : 4.247576141357422E7
Written/Done : 0.0027576433264964884
Task MAP_OUTPUT_MATERIALIZED_BYTES : 0
Task MAP_INPUT_RECORDS : 636832
Task MAP_INPUT_RECORDS/time : 5.657058086752596
Task MAP_OUTPUT_RECORDS : 636832
Task MAP_OUTPUT_RECORDS/time : 5.657058086752596
Total Read / Write : 542.6507730528544
CPU intensive
Task Time : 112573
CPU Time : 83070
========================================
Task Size >> {0=64000000}
Update attemptID:attempt_1453112407258_0001_m_000000_0
attempt_1453112407258_0001_m_000000_0:MAP:SORT:0.6636838
FILE_BYTES_READ : 0
HDFS_BYTES_READ : 63562313
FILE_BYTES_WRITTEN : 117133
HBW_BYTES_WRITTEN : 0
CPU/Time : 0.7354907255743947
Written/Time : 1.0370799946876799
FinishedSize : 4.247576141357422E7
Written/Done : 0.0027576433264964884
Task MAP_OUTPUT_MATERIALIZED_BYTES : 0
Task MAP_INPUT_RECORDS : 640000
Task MAP_INPUT_RECORDS/time : 5.666474832883262
Task MAP_OUTPUT_RECORDS : 640000
Task MAP_OUTPUT_RECORDS/time : 5.666474832883262
Total Read / Write : 542.6507730528544
CPU intensive
Task Time : 112945
CPU Time : 83070
========================================
Task Size >> {0=64000000}
Update attemptID:attempt_1453112407258_0001_m_000000_0
attempt_1453112407258_0001_m_000000_0:MAP:SORT:0.667
FILE_BYTES_READ : 0
HDFS_BYTES_READ : 64000113
FILE_BYTES_WRITTEN : 117133
HBW_BYTES_WRITTEN : 0
CPU/Time : 0.7461938583303092
Written/Time : 1.0120880640088479
FinishedSize : 4.26879997253418E7
Written/Done : 0.002743932738794126
Task MAP_OUTPUT_MATERIALIZED_BYTES : 0
Task MAP_INPUT_RECORDS : 640000
Task MAP_INPUT_RECORDS/time : 5.52992206266093
Task MAP_OUTPUT_RECORDS : 640000
Task MAP_OUTPUT_RECORDS/time : 5.52992206266093
Total Read / Write : 546.3884046340485
CPU intensive
Task Time : 115734
CPU Time : 86360
========================================
Task Size >> {0=64000000}
Update attemptID:attempt_1453112407258_0001_m_000000_0
attempt_1453112407258_0001_m_000000_0:MAP:SORT:0.667
FILE_BYTES_READ : 0
HDFS_BYTES_READ : 64000113
FILE_BYTES_WRITTEN : 117133
HBW_BYTES_WRITTEN : 0
CPU/Time : 0.7540393463029783
Written/Time : 0.9851967735695121
FinishedSize : 4.26879997253418E7
Written/Done : 0.002743932738794126
Task MAP_OUTPUT_MATERIALIZED_BYTES : 0
Task MAP_INPUT_RECORDS : 640000
Task MAP_INPUT_RECORDS/time : 5.382991429268333
Task MAP_OUTPUT_RECORDS : 640000
Task MAP_OUTPUT_RECORDS/time : 5.382991429268333
Total Read / Write : 546.3884046340485
CPU intensive
Task Time : 118893
CPU Time : 89650
========================================
Task Size >> {0=64000000}
Update attemptID:attempt_1453112407258_0001_m_000000_0
attempt_1453112407258_0001_m_000000_0:MAP:SORT:0.667
FILE_BYTES_READ : 0
HDFS_BYTES_READ : 64000113
FILE_BYTES_WRITTEN : 117133
HBW_BYTES_WRITTEN : 0
CPU/Time : 0.7727627674527565
Written/Time : 0.9146728096204904
FinishedSize : 4.26879997253418E7
Written/Done : 0.002743932738794126
Task MAP_OUTPUT_MATERIALIZED_BYTES : 0
Task MAP_INPUT_RECORDS : 640000
Task MAP_INPUT_RECORDS/time : 4.99765734811807
Task MAP_OUTPUT_RECORDS : 640000
Task MAP_OUTPUT_RECORDS/time : 4.99765734811807
Total Read / Write : 546.3884046340485
CPU intensive
Task Time : 128060
CPU Time : 98960
========================================
Task Size >> {0=64000000}
Update attemptID:attempt_1453112407258_0001_m_000000_0
attempt_1453112407258_0001_m_000000_0:MAP:SORT:0.667
FILE_BYTES_READ : 0
HDFS_BYTES_READ : 64000113
FILE_BYTES_WRITTEN : 117133
HBW_BYTES_WRITTEN : 0
CPU/Time : 0.7793415067167534
Written/Time : 0.8925167061620403
FinishedSize : 4.26879997253418E7
Written/Done : 0.002743932738794126
Task MAP_OUTPUT_MATERIALIZED_BYTES : 0
Task MAP_INPUT_RECORDS : 640000
Task MAP_INPUT_RECORDS/time : 4.8765991816457
Task MAP_OUTPUT_RECORDS : 640000
Task MAP_OUTPUT_RECORDS/time : 4.8765991816457
Total Read / Write : 546.3884046340485
CPU intensive
Task Time : 131239
CPU Time : 102280
========================================
Task Size >> {0=64000000}
Update attemptID:attempt_1453112407258_0001_m_000000_0
attempt_1453112407258_0001_m_000000_0:MAP:SORT:0.667
FILE_BYTES_READ : 0
HDFS_BYTES_READ : 64000113
FILE_BYTES_WRITTEN : 117133
HBW_BYTES_WRITTEN : 0
CPU/Time : 0.7856850563595105
Written/Time : 0.871492876009077
FinishedSize : 4.26879997253418E7
Written/Done : 0.002743932738794126
Task MAP_OUTPUT_MATERIALIZED_BYTES : 0
Task MAP_INPUT_RECORDS : 640000
Task MAP_INPUT_RECORDS/time : 4.761727614300063
Task MAP_OUTPUT_RECORDS : 640000
Task MAP_OUTPUT_RECORDS/time : 4.761727614300063
Total Read / Write : 546.3884046340485
CPU intensive
Task Time : 134405
CPU Time : 105600
========================================
Task Size >> {0=64000000}
Update attemptID:attempt_1453112407258_0001_m_000000_0
attempt_1453112407258_0001_m_000000_0:MAP:SORT:0.667
FILE_BYTES_READ : 0
HDFS_BYTES_READ : 64000113
FILE_BYTES_WRITTEN : 117133
HBW_BYTES_WRITTEN : 0
CPU/Time : 0.7916027593425844
Written/Time : 0.8514490910016065
FinishedSize : 4.26879997253418E7
Written/Done : 0.002743932738794126
Task MAP_OUTPUT_MATERIALIZED_BYTES : 0
Task MAP_INPUT_RECORDS : 640000
Task MAP_INPUT_RECORDS/time : 4.652210890534931
Task MAP_OUTPUT_RECORDS : 640000
Task MAP_OUTPUT_RECORDS/time : 4.652210890534931
Total Read / Write : 546.3884046340485
CPU intensive
Task Time : 137569
CPU Time : 108900
========================================
Task Size >> {0=64000000}
Update attemptID:attempt_1453112407258_0001_m_000000_0
attempt_1453112407258_0001_m_000000_0:MAP:SORT:0.667
FILE_BYTES_READ : 0
HDFS_BYTES_READ : 64000113
FILE_BYTES_WRITTEN : 117133
HBW_BYTES_WRITTEN : 0
CPU/Time : 0.7972229723007831
Written/Time : 0.8323479669712776
FinishedSize : 4.26879997253418E7
Written/Done : 0.002743932738794126
Task MAP_OUTPUT_MATERIALIZED_BYTES : 0
Task MAP_INPUT_RECORDS : 640000
Task MAP_INPUT_RECORDS/time : 4.547844747949917
Task MAP_OUTPUT_RECORDS : 640000
Task MAP_OUTPUT_RECORDS/time : 4.547844747949917
Total Read / Write : 546.3884046340485
CPU intensive
Task Time : 140726
CPU Time : 112190
========================================
Task Size >> {0=64000000}
Update attemptID:attempt_1453112407258_0001_m_000000_0
attempt_1453112407258_0001_m_000000_0:MAP:SORT:0.667
FILE_BYTES_READ : 0
HDFS_BYTES_READ : 64000113
FILE_BYTES_WRITTEN : 117133
HBW_BYTES_WRITTEN : 0
CPU/Time : 0.8026797689950171
Written/Time : 0.8140284794951804
FinishedSize : 4.26879997253418E7
Written/Done : 0.002743932738794126
Task MAP_OUTPUT_MATERIALIZED_BYTES : 0
Task MAP_INPUT_RECORDS : 640000
Task MAP_INPUT_RECORDS/time : 4.447749369323039
Task MAP_OUTPUT_RECORDS : 640000
Task MAP_OUTPUT_RECORDS/time : 4.447749369323039
Total Read / Write : 546.3884046340485
CPU intensive
Task Time : 143893
CPU Time : 115500
========================================
Task Size >> {0=64000000}
Update attemptID:attempt_1453112407258_0001_m_000000_0
attempt_1453112407258_0001_m_000000_0:MAP:SORT:0.667
FILE_BYTES_READ : 0
HDFS_BYTES_READ : 64000113
FILE_BYTES_WRITTEN : 117133
HBW_BYTES_WRITTEN : 0
CPU/Time : 0.807754552501666
Written/Time : 0.796487195876569
FinishedSize : 4.26879997253418E7
Written/Done : 0.002743932738794126
Task MAP_OUTPUT_MATERIALIZED_BYTES : 0
Task MAP_INPUT_RECORDS : 640000
Task MAP_INPUT_RECORDS/time : 4.351905998830425
Task MAP_OUTPUT_RECORDS : 640000
Task MAP_OUTPUT_RECORDS/time : 4.351905998830425
Total Read / Write : 546.3884046340485
CPU intensive
Task Time : 147062
CPU Time : 118790
========================================
Task Size >> {0=64000000}
Update attemptID:attempt_1453112407258_0001_m_000000_0
attempt_1453112407258_0001_m_000000_0:MAP:SORT:0.667
FILE_BYTES_READ : 0
HDFS_BYTES_READ : 64000113
FILE_BYTES_WRITTEN : 117133
HBW_BYTES_WRITTEN : 0
CPU/Time : 0.8127645978113268
Written/Time : 0.7797015203557259
FinishedSize : 4.26879997253418E7
Written/Done : 0.002743932738794126
Task MAP_OUTPUT_MATERIALIZED_BYTES : 0
Task MAP_INPUT_RECORDS : 640000
Task MAP_INPUT_RECORDS/time : 4.260191176079027
Task MAP_OUTPUT_RECORDS : 640000
Task MAP_OUTPUT_RECORDS/time : 4.260191176079027
Total Read / Write : 546.3884046340485
CPU intensive
Task Time : 150228
CPU Time : 122100
========================================
Task Size >> {0=64000000}
Update attemptID:attempt_1453112407258_0001_m_000000_0
attempt_1453112407258_0001_m_000000_0:MAP:SORT:0.667
FILE_BYTES_READ : 0
HDFS_BYTES_READ : 64000113
FILE_BYTES_WRITTEN : 117133
HBW_BYTES_WRITTEN : 0
CPU/Time : 0.8173989008338277
Written/Time : 0.7636336373533956
FinishedSize : 4.26879997253418E7
Written/Done : 0.002743932738794126
Task MAP_OUTPUT_MATERIALIZED_BYTES : 0
Task MAP_INPUT_RECORDS : 640000
Task MAP_INPUT_RECORDS/time : 4.172398281493458
Task MAP_OUTPUT_RECORDS : 640000
Task MAP_OUTPUT_RECORDS/time : 4.172398281493458
Total Read / Write : 546.3884046340485
CPU intensive
Task Time : 153389
CPU Time : 125380
========================================
Task Size >> {0=64000000}
Update attemptID:attempt_1453112407258_0001_m_000000_0
attempt_1453112407258_0001_m_000000_0:MAP:SORT:0.667
FILE_BYTES_READ : 0
HDFS_BYTES_READ : 64000113
FILE_BYTES_WRITTEN : 117133
HBW_BYTES_WRITTEN : 0
CPU/Time : 0.8220114336814538
Written/Time : 0.7481907316917378
FinishedSize : 4.26879997253418E7
Written/Done : 0.002743932738794126
Task MAP_OUTPUT_MATERIALIZED_BYTES : 0
Task MAP_INPUT_RECORDS : 640000
Task MAP_INPUT_RECORDS/time : 4.088020184599661
Task MAP_OUTPUT_RECORDS : 640000
Task MAP_OUTPUT_RECORDS/time : 4.088020184599661
Total Read / Write : 546.3884046340485
CPU intensive
Task Time : 156555
CPU Time : 128690
========================================
Task Size >> {0=64000000}
Update attemptID:attempt_1453112407258_0001_m_000000_0
attempt_1453112407258_0001_m_000000_0:MAP:SORT:0.667
FILE_BYTES_READ : 0
HDFS_BYTES_READ : 64000113
FILE_BYTES_WRITTEN : 117133
HBW_BYTES_WRITTEN : 0
CPU/Time : 0.8263365828308821
Written/Time : 0.7333784130681142
FinishedSize : 4.26879997253418E7
Written/Done : 0.002743932738794126
Task MAP_OUTPUT_MATERIALIZED_BYTES : 0
Task MAP_INPUT_RECORDS : 640000
Task MAP_INPUT_RECORDS/time : 4.007087536079441
Task MAP_OUTPUT_RECORDS : 640000
Task MAP_OUTPUT_RECORDS/time : 4.007087536079441
Total Read / Write : 546.3884046340485
CPU intensive
Task Time : 159717
CPU Time : 131980
========================================
Task Size >> {0=64000000}
Update attemptID:attempt_1453112407258_0001_m_000000_0
attempt_1453112407258_0001_m_000000_0:MAP:SORT:0.667
FILE_BYTES_READ : 0
HDFS_BYTES_READ : 64000113
FILE_BYTES_WRITTEN : 117133
HBW_BYTES_WRITTEN : 0
CPU/Time : 0.830631891745868
Written/Time : 0.7191544487831234
FinishedSize : 4.26879997253418E7
Written/Done : 0.002743932738794126
Task MAP_OUTPUT_MATERIALIZED_BYTES : 0
Task MAP_INPUT_RECORDS : 640000
Task MAP_INPUT_RECORDS/time : 3.929369581767725
Task MAP_OUTPUT_RECORDS : 640000
Task MAP_OUTPUT_RECORDS/time : 3.929369581767725
Total Read / Write : 546.3884046340485
CPU intensive
Task Time : 162876
CPU Time : 135290
========================================
Task Size >> {0=64000000}
Update attemptID:attempt_1453112407258_0001_m_000000_0
attempt_1453112407258_0001_m_000000_0:MAP:SORT:0.667
FILE_BYTES_READ : 0
HDFS_BYTES_READ : 64000113
FILE_BYTES_WRITTEN : 117133
HBW_BYTES_WRITTEN : 0
CPU/Time : 0.8346533520444731
Written/Time : 0.7054802358567273
FinishedSize : 4.26879997253418E7
Written/Done : 0.002743932738794126
Task MAP_OUTPUT_MATERIALIZED_BYTES : 0
Task MAP_INPUT_RECORDS : 640000
Task MAP_INPUT_RECORDS/time : 3.854655399830154
Task MAP_OUTPUT_RECORDS : 640000
Task MAP_OUTPUT_RECORDS/time : 3.854655399830154
Total Read / Write : 546.3884046340485
CPU intensive
Task Time : 166033
CPU Time : 138580
========================================
Task Size >> {0=64000000}
Update attemptID:attempt_1453112407258_0001_m_000000_0
attempt_1453112407258_0001_m_000000_0:MAP:SORT:0.667
FILE_BYTES_READ : 0
HDFS_BYTES_READ : 64000113
FILE_BYTES_WRITTEN : 117133
HBW_BYTES_WRITTEN : 0
CPU/Time : 0.8386231190231332
Written/Time : 0.6922999633556746
FinishedSize : 4.26879997253418E7
Written/Done : 0.002743932738794126
Task MAP_OUTPUT_MATERIALIZED_BYTES : 0
Task MAP_INPUT_RECORDS : 640000
Task MAP_INPUT_RECORDS/time : 3.7826400463373404
Task MAP_OUTPUT_RECORDS : 640000
Task MAP_OUTPUT_RECORDS/time : 3.7826400463373404
Total Read / Write : 546.3884046340485
CPU intensive
Task Time : 169194
CPU Time : 141890
========================================
Task Size >> {0=64000000}
Update attemptID:attempt_1453112407258_0001_m_000000_0
attempt_1453112407258_0001_m_000000_0:MAP:SORT:0.667
FILE_BYTES_READ : 0
HDFS_BYTES_READ : 64000113
FILE_BYTES_WRITTEN : 117133
HBW_BYTES_WRITTEN : 0
CPU/Time : 0.8423886242726276
Written/Time : 0.6795558314526563
FinishedSize : 4.26879997253418E7
Written/Done : 0.002743932738794126
Task MAP_OUTPUT_MATERIALIZED_BYTES : 0
Task MAP_INPUT_RECORDS : 640000
Task MAP_INPUT_RECORDS/time : 3.7130077102925734
Task MAP_OUTPUT_RECORDS : 640000
Task MAP_OUTPUT_RECORDS/time : 3.7130077102925734
Total Read / Write : 546.3884046340485
CPU intensive
Task Time : 172367
CPU Time : 145200
========================================
Task Size >> {0=64000000}
Update attemptID:attempt_1453112407258_0001_m_000000_0
attempt_1453112407258_0001_m_000000_0:MAP:SORT:0.667
FILE_BYTES_READ : 0
HDFS_BYTES_READ : 64000113
FILE_BYTES_WRITTEN : 117133
HBW_BYTES_WRITTEN : 0
CPU/Time : 0.846018001595078
Written/Time : 0.667272416543238
FinishedSize : 4.26879997253418E7
Written/Done : 0.002743932738794126
Task MAP_OUTPUT_MATERIALIZED_BYTES : 0
Task MAP_INPUT_RECORDS : 640000
Task MAP_INPUT_RECORDS/time : 3.645892674034408
Task MAP_OUTPUT_RECORDS : 640000
Task MAP_OUTPUT_RECORDS/time : 3.645892674034408
Total Read / Write : 546.3884046340485
CPU intensive
Task Time : 175540
CPU Time : 148510
========================================
Task Size >> {0=64000000}
Update attemptID:attempt_1453112407258_0001_m_000000_0
attempt_1453112407258_0001_m_000000_0:MAP:SORT:0.667
FILE_BYTES_READ : 0
HDFS_BYTES_READ : 64000113
FILE_BYTES_WRITTEN : 117133
HBW_BYTES_WRITTEN : 0
CPU/Time : 0.8494171763692019
Written/Time : 0.6554765275687049
FinishedSize : 4.26879997253418E7
Written/Done : 0.002743932738794126
Task MAP_OUTPUT_MATERIALIZED_BYTES : 0
Task MAP_INPUT_RECORDS : 640000
Task MAP_INPUT_RECORDS/time : 3.5814414182508014
Task MAP_OUTPUT_RECORDS : 640000
Task MAP_OUTPUT_RECORDS/time : 3.5814414182508014
Total Read / Write : 546.3884046340485
CPU intensive
Task Time : 178699
CPU Time : 151790
========================================
Task Size >> {0=64000000}
Update attemptID:attempt_1453112407258_0001_m_000000_0
attempt_1453112407258_0001_m_000000_0:MAP:SORT:0.667
FILE_BYTES_READ : 0
HDFS_BYTES_READ : 64000113
FILE_BYTES_WRITTEN : 117133
HBW_BYTES_WRITTEN : 0
CPU/Time : 0.852711047083858
Written/Time : 0.6440585702738815
FinishedSize : 4.26879997253418E7
Written/Done : 0.002743932738794126
Task MAP_OUTPUT_MATERIALIZED_BYTES : 0
Task MAP_INPUT_RECORDS : 640000
Task MAP_INPUT_RECORDS/time : 3.5190551336966025
Task MAP_OUTPUT_RECORDS : 640000
Task MAP_OUTPUT_RECORDS/time : 3.5190551336966025
Total Read / Write : 546.3884046340485
CPU intensive
Task Time : 181867
CPU Time : 155080
========================================
Task Size >> {0=64000000}
Update attemptID:attempt_1453112407258_0001_m_000000_0
attempt_1453112407258_0001_m_000000_0:MAP:SORT:0.667
FILE_BYTES_READ : 0
HDFS_BYTES_READ : 64000113
FILE_BYTES_WRITTEN : 117133
HBW_BYTES_WRITTEN : 0
CPU/Time : 0.8558921285162266
Written/Time : 0.6330315886183695
FinishedSize : 4.26879997253418E7
Written/Done : 0.002743932738794126
Task MAP_OUTPUT_MATERIALIZED_BYTES : 0
Task MAP_INPUT_RECORDS : 640000
Task MAP_INPUT_RECORDS/time : 3.458805090928743
Task MAP_OUTPUT_RECORDS : 640000
Task MAP_OUTPUT_RECORDS/time : 3.458805090928743
Total Read / Write : 546.3884046340485
CPU intensive
Task Time : 185035
CPU Time : 158370
========================================
Task Size >> {0=64000000}
Update attemptID:attempt_1453112407258_0001_m_000000_0
attempt_1453112407258_0001_m_000000_0:MAP:SORT:0.667
FILE_BYTES_READ : 0
HDFS_BYTES_READ : 64000113
FILE_BYTES_WRITTEN : 117133
HBW_BYTES_WRITTEN : 0
CPU/Time : 0.8591134680170462
Written/Time : 0.6224056027290987
FinishedSize : 4.26879997253418E7
Written/Done : 0.002743932738794126
Task MAP_OUTPUT_MATERIALIZED_BYTES : 0
Task MAP_INPUT_RECORDS : 640000
Task MAP_INPUT_RECORDS/time : 3.4007460386622315
Task MAP_OUTPUT_RECORDS : 640000
Task MAP_OUTPUT_RECORDS/time : 3.4007460386622315
Total Read / Write : 546.3884046340485
CPU intensive
Task Time : 188194
CPU Time : 161680
========================================
Task Size >> {0=64000000}
Update attemptID:attempt_1453112407258_0001_m_000000_0
attempt_1453112407258_0001_m_000000_0:MAP:SORT:0.667
FILE_BYTES_READ : 0
HDFS_BYTES_READ : 64000113
FILE_BYTES_WRITTEN : 117133
HBW_BYTES_WRITTEN : 0
CPU/Time : 0.8621329389446619
Written/Time : 0.6121368584433842
FinishedSize : 4.26879997253418E7
Written/Done : 0.002743932738794126
Task MAP_OUTPUT_MATERIALIZED_BYTES : 0
Task MAP_INPUT_RECORDS : 640000
Task MAP_INPUT_RECORDS/time : 3.3446389096477156
Task MAP_OUTPUT_RECORDS : 640000
Task MAP_OUTPUT_RECORDS/time : 3.3446389096477156
Total Read / Write : 546.3884046340485
CPU intensive
Task Time : 191351
CPU Time : 164970
========================================
Task Size >> {0=64000000}
Update attemptID:attempt_1453112407258_0001_m_000000_0
attempt_1453112407258_0001_m_000000_0:MAP:SORT:0.667
FILE_BYTES_READ : 0
HDFS_BYTES_READ : 64000113
FILE_BYTES_WRITTEN : 117133
HBW_BYTES_WRITTEN : 0
CPU/Time : 0.8671023523992245
Written/Time : 0.5929493831722713
FinishedSize : 4.26879997253418E7
Written/Done : 0.002743932738794126
Task MAP_OUTPUT_MATERIALIZED_BYTES : 0
Task MAP_INPUT_RECORDS : 640000
Task MAP_INPUT_RECORDS/time : 3.2398009547288438
Task MAP_OUTPUT_RECORDS : 640000
Task MAP_OUTPUT_RECORDS/time : 3.2398009547288438
Total Read / Write : 546.3884046340485
CPU intensive
Task Time : 197543
CPU Time : 171290
========================================
Task Size >> {0=64000000}
Update attemptID:attempt_1453112407258_0001_m_000000_0
attempt_1453112407258_0001_m_000000_0:MAP:SORT:0.667
FILE_BYTES_READ : 0
HDFS_BYTES_READ : 64000113
FILE_BYTES_WRITTEN : 117133
HBW_BYTES_WRITTEN : 0
CPU/Time : 0.869903144804496
Written/Time : 0.583587428753637
FinishedSize : 4.26879997253418E7
Written/Done : 0.002743932738794126
Task MAP_OUTPUT_MATERIALIZED_BYTES : 0
Task MAP_INPUT_RECORDS : 640000
Task MAP_INPUT_RECORDS/time : 3.1886484116545097
Task MAP_OUTPUT_RECORDS : 640000
Task MAP_OUTPUT_RECORDS/time : 3.1886484116545097
Total Read / Write : 546.3884046340485
CPU intensive
Task Time : 200712
CPU Time : 174600
========================================
Task Size >> {0=64000000}
Update attemptID:attempt_1453112407258_0001_m_000000_0
attempt_1453112407258_0001_m_000000_0:MAP:SORT:0.667
FILE_BYTES_READ : 0
HDFS_BYTES_READ : 64000113
FILE_BYTES_WRITTEN : 117133
HBW_BYTES_WRITTEN : 0
CPU/Time : 0.8726402369940212
Written/Time : 0.5744996002687763
FinishedSize : 4.26879997253418E7
Written/Done : 0.002743932738794126
Task MAP_OUTPUT_MATERIALIZED_BYTES : 0
Task MAP_INPUT_RECORDS : 640000
Task MAP_INPUT_RECORDS/time : 3.138993658251875
Task MAP_OUTPUT_RECORDS : 640000
Task MAP_OUTPUT_RECORDS/time : 3.138993658251875
Total Read / Write : 546.3884046340485
CPU intensive
Task Time : 203887
CPU Time : 177920
========================================
Task Size >> {0=64000000}
Update attemptID:attempt_1453112407258_0001_m_000000_0
attempt_1453112407258_0001_m_000000_0:MAP:SORT:0.667
FILE_BYTES_READ : 0
HDFS_BYTES_READ : 64000113
FILE_BYTES_WRITTEN : 117133
HBW_BYTES_WRITTEN : 0
CPU/Time : 0.8752873674246083
Written/Time : 0.5657177906999208
FinishedSize : 4.26879997253418E7
Written/Done : 0.002743932738794126
Task MAP_OUTPUT_MATERIALIZED_BYTES : 0
Task MAP_INPUT_RECORDS : 640000
Task MAP_INPUT_RECORDS/time : 3.0910109537700676
Task MAP_OUTPUT_RECORDS : 640000
Task MAP_OUTPUT_RECORDS/time : 3.0910109537700676
Total Read / Write : 546.3884046340485
CPU intensive
Task Time : 207052
CPU Time : 181230
========================================
Task Size >> {0=64000000}
Update attemptID:attempt_1453112407258_0001_m_000000_0
attempt_1453112407258_0001_m_000000_0:MAP:SORT:0.667
FILE_BYTES_READ : 0
HDFS_BYTES_READ : 64000113
FILE_BYTES_WRITTEN : 117133
HBW_BYTES_WRITTEN : 0
CPU/Time : 0.8777905156953872
Written/Time : 0.55718981452852
FinishedSize : 4.26879997253418E7
Written/Done : 0.002743932738794126
Task MAP_OUTPUT_MATERIALIZED_BYTES : 0
Task MAP_INPUT_RECORDS : 640000
Task MAP_INPUT_RECORDS/time : 3.044415163090272
Task MAP_OUTPUT_RECORDS : 640000
Task MAP_OUTPUT_RECORDS/time : 3.044415163090272
Total Read / Write : 546.3884046340485
CPU intensive
Task Time : 210221
CPU Time : 184530
========================================
Task Size >> {0=64000000}
Update attemptID:attempt_1453112407258_0001_m_000000_0
attempt_1453112407258_0001_m_000000_0:MAP:SORT:0.667
FILE_BYTES_READ : 0
HDFS_BYTES_READ : 64000113
FILE_BYTES_WRITTEN : 117133
HBW_BYTES_WRITTEN : 0
CPU/Time : 0.8802909309039103
Written/Time : 0.5489305664904586
FinishedSize : 4.26879997253418E7
Written/Done : 0.002743932738794126
Task MAP_OUTPUT_MATERIALIZED_BYTES : 0
Task MAP_INPUT_RECORDS : 640000
Task MAP_INPUT_RECORDS/time : 2.99928766917857
Task MAP_OUTPUT_RECORDS : 640000
Task MAP_OUTPUT_RECORDS/time : 2.99928766917857
Total Read / Write : 546.3884046340485
CPU intensive
Task Time : 213384
CPU Time : 187840
========================================
Task Size >> {0=64000000}
Update attemptID:attempt_1453112407258_0001_m_000000_0
attempt_1453112407258_0001_m_000000_0:MAP:SORT:0.667
FILE_BYTES_READ : 0
HDFS_BYTES_READ : 64000113
FILE_BYTES_WRITTEN : 117133
HBW_BYTES_WRITTEN : 0
CPU/Time : 0.8842927024786613
Written/Time : 0.5335042859615402
FinishedSize : 4.26879997253418E7
Written/Done : 0.002743932738794126
Task MAP_OUTPUT_MATERIALIZED_BYTES : 0
Task MAP_INPUT_RECORDS : 640000
Task MAP_INPUT_RECORDS/time : 2.9150004099219324
Task MAP_OUTPUT_RECORDS : 640000
Task MAP_OUTPUT_RECORDS/time : 2.9150004099219324
Total Read / Write : 546.3884046340485
CPU intensive
Task Time : 219554
CPU Time : 194150
========================================
Task Size >> {0=64000000}
Update attemptID:attempt_1453112407258_0001_m_000000_0
attempt_1453112407258_0001_m_000000_0:MAP:SORT:0.667
FILE_BYTES_READ : 0
HDFS_BYTES_READ : 64000113
FILE_BYTES_WRITTEN : 117133
HBW_BYTES_WRITTEN : 0
CPU/Time : 0.8866170085711849
Written/Time : 0.5259133542561837
FinishedSize : 4.26879997253418E7
Written/Done : 0.002743932738794126
Task MAP_OUTPUT_MATERIALIZED_BYTES : 0
Task MAP_INPUT_RECORDS : 640000
Task MAP_INPUT_RECORDS/time : 2.8735245125110565
Task MAP_OUTPUT_RECORDS : 640000
Task MAP_OUTPUT_RECORDS/time : 2.8735245125110565
Total Read / Write : 546.3884046340485
CPU intensive
Task Time : 222723
CPU Time : 197470
========================================
Task Size >> {0=64000000}
Update attemptID:attempt_1453112407258_0001_m_000000_0
attempt_1453112407258_0001_m_000000_0:MAP:SORT:0.667
FILE_BYTES_READ : 0
HDFS_BYTES_READ : 64000113
FILE_BYTES_WRITTEN : 117133
HBW_BYTES_WRITTEN : 0
CPU/Time : 0.8888200270036964
Written/Time : 0.5185285198875583
FinishedSize : 4.26879997253418E7
Written/Done : 0.002743932738794126
Task MAP_OUTPUT_MATERIALIZED_BYTES : 0
Task MAP_INPUT_RECORDS : 640000
Task MAP_INPUT_RECORDS/time : 2.8331747050620866
Task MAP_OUTPUT_RECORDS : 640000
Task MAP_OUTPUT_RECORDS/time : 2.8331747050620866
Total Read / Write : 546.3884046340485
CPU intensive
Task Time : 225895
CPU Time : 200780
========================================
Task Size >> {0=64000000}
Update attemptID:attempt_1453112407258_0001_m_000000_0
attempt_1453112407258_0001_m_000000_0:MAP:SORT:0.667
FILE_BYTES_READ : 0
HDFS_BYTES_READ : 64000113
FILE_BYTES_WRITTEN : 117133
HBW_BYTES_WRITTEN : 0
CPU/Time : 0.8910415638955947
Written/Time : 0.5113437435881765
FinishedSize : 4.26879997253418E7
Written/Done : 0.002743932738794126
Task MAP_OUTPUT_MATERIALIZED_BYTES : 0
Task MAP_INPUT_RECORDS : 640000
Task MAP_INPUT_RECORDS/time : 2.7939179897760065
Task MAP_OUTPUT_RECORDS : 640000
Task MAP_OUTPUT_RECORDS/time : 2.7939179897760065
Total Read / Write : 546.3884046340485
CPU intensive
Task Time : 229069
CPU Time : 204110
========================================
Task Size >> {0=64000000}
Update attemptID:attempt_1453112407258_0001_m_000000_0
attempt_1453112407258_0001_m_000000_0:MAP:SORT:0.667
FILE_BYTES_READ : 0
HDFS_BYTES_READ : 64000113
FILE_BYTES_WRITTEN : 117133
HBW_BYTES_WRITTEN : 0
CPU/Time : 0.8931662575894588
Written/Time : 0.5043835852387719
FinishedSize : 4.26879997253418E7
Written/Done : 0.002743932738794126
Task MAP_OUTPUT_MATERIALIZED_BYTES : 0
Task MAP_INPUT_RECORDS : 640000
Task MAP_INPUT_RECORDS/time : 2.7558885587564053
Task MAP_OUTPUT_RECORDS : 640000
Task MAP_OUTPUT_RECORDS/time : 2.7558885587564053
Total Read / Write : 546.3884046340485
CPU intensive
Task Time : 232230
CPU Time : 207420
========================================
Task Size >> {0=64000000}
Update attemptID:attempt_1453112407258_0001_m_000000_0
attempt_1453112407258_0001_m_000000_0:MAP:SORT:0.667
FILE_BYTES_READ : 0
HDFS_BYTES_READ : 64000113
FILE_BYTES_WRITTEN : 117133
HBW_BYTES_WRITTEN : 0
CPU/Time : 0.8952503939951318
Written/Time : 0.4975723103194865
FinishedSize : 4.26879997253418E7
Written/Done : 0.002743932738794126
Task MAP_OUTPUT_MATERIALIZED_BYTES : 0
Task MAP_INPUT_RECORDS : 640000
Task MAP_INPUT_RECORDS/time : 2.7186726080990957
Task MAP_OUTPUT_RECORDS : 640000
Task MAP_OUTPUT_RECORDS/time : 2.7186726080990957
Total Read / Write : 546.3884046340485
CPU intensive
Task Time : 235409
CPU Time : 210750
========================================
Task Size >> {0=64000000}
Update attemptID:attempt_1453112407258_0001_m_000000_0
attempt_1453112407258_0001_m_000000_0:MAP:SORT:0.667
FILE_BYTES_READ : 0
HDFS_BYTES_READ : 64000113
FILE_BYTES_WRITTEN : 117133
HBW_BYTES_WRITTEN : 0
CPU/Time : 0.8972977957356559
Written/Time : 0.49095283402421797
FinishedSize : 4.26879997253418E7
Written/Done : 0.002743932738794126
Task MAP_OUTPUT_MATERIALIZED_BYTES : 0
Task MAP_INPUT_RECORDS : 640000
Task MAP_INPUT_RECORDS/time : 2.682504621033351
Task MAP_OUTPUT_RECORDS : 640000
Task MAP_OUTPUT_RECORDS/time : 2.682504621033351
Total Read / Write : 546.3884046340485
CPU intensive
Task Time : 238583
CPU Time : 214080
========================================
Task Size >> {0=64000000}
Update attemptID:attempt_1453112407258_0001_m_000000_0
attempt_1453112407258_0001_m_000000_0:MAP:SORT:0.667
FILE_BYTES_READ : 0
HDFS_BYTES_READ : 64000113
FILE_BYTES_WRITTEN : 117133
HBW_BYTES_WRITTEN : 0
CPU/Time : 0.8991222627586264
Written/Time : 0.48450516632334817
FinishedSize : 4.26879997253418E7
Written/Done : 0.002743932738794126
Task MAP_OUTPUT_MATERIALIZED_BYTES : 0
Task MAP_INPUT_RECORDS : 640000
Task MAP_INPUT_RECORDS/time : 2.647275374548102
Task MAP_OUTPUT_RECORDS : 640000
Task MAP_OUTPUT_RECORDS/time : 2.647275374548102
Total Read / Write : 546.3884046340485
CPU intensive
Task Time : 241758
CPU Time : 217370
========================================
Task Size >> {0=64000000}
Update attemptID:attempt_1453112407258_0001_m_000000_0
attempt_1453112407258_0001_m_000000_0:MAP:SORT:0.667
FILE_BYTES_READ : 0
HDFS_BYTES_READ : 64000113
FILE_BYTES_WRITTEN : 117133
HBW_BYTES_WRITTEN : 0
CPU/Time : 0.9009325341738662
Written/Time : 0.47824223024285084
FinishedSize : 4.26879997253418E7
Written/Done : 0.002743932738794126
Task MAP_OUTPUT_MATERIALIZED_BYTES : 0
Task MAP_INPUT_RECORDS : 640000
Task MAP_INPUT_RECORDS/time : 2.6130554784341267
Task MAP_OUTPUT_RECORDS : 640000
Task MAP_OUTPUT_RECORDS/time : 2.6130554784341267
Total Read / Write : 546.3884046340485
CPU intensive
Task Time : 244924
CPU Time : 220660
========================================
Task Size >> {0=64000000}
Update attemptID:attempt_1453112407258_0001_m_000000_0
attempt_1453112407258_0001_m_000000_0:MAP:SORT:0.667
FILE_BYTES_READ : 0
HDFS_BYTES_READ : 64000113
FILE_BYTES_WRITTEN : 117133
HBW_BYTES_WRITTEN : 0
CPU/Time : 0.9028175258978597
Written/Time : 0.4721391430529243
FinishedSize : 4.26879997253418E7
Written/Done : 0.002743932738794126
Task MAP_OUTPUT_MATERIALIZED_BYTES : 0
Task MAP_INPUT_RECORDS : 640000
Task MAP_INPUT_RECORDS/time : 2.5797089765810792
Task MAP_OUTPUT_RECORDS : 640000
Task MAP_OUTPUT_RECORDS/time : 2.5797089765810792
Total Read / Write : 546.3884046340485
CPU intensive
Task Time : 248090
CPU Time : 223980
========================================
Task Size >> {0=64000000}
Update attemptID:attempt_1453112407258_0001_m_000000_0
attempt_1453112407258_0001_m_000000_0:MAP:SORT:0.667
FILE_BYTES_READ : 0
HDFS_BYTES_READ : 64000113
FILE_BYTES_WRITTEN : 117133
HBW_BYTES_WRITTEN : 0
CPU/Time : 0.9046154091066475
Written/Time : 0.466169453211126
FinishedSize : 4.26879997253418E7
Written/Done : 0.002743932738794126
Task MAP_OUTPUT_MATERIALIZED_BYTES : 0
Task MAP_INPUT_RECORDS : 640000
Task MAP_INPUT_RECORDS/time : 2.5470913410833895
Task MAP_OUTPUT_RECORDS : 640000
Task MAP_OUTPUT_RECORDS/time : 2.5470913410833895
Total Read / Write : 546.3884046340485
CPU intensive
Task Time : 251267
CPU Time : 227300
========================================
Task Size >> {0=64000000}
Update attemptID:attempt_1453112407258_0001_m_000000_0
attempt_1453112407258_0001_m_000000_0:MAP:SORT:0.667
FILE_BYTES_READ : 0
HDFS_BYTES_READ : 64000113
FILE_BYTES_WRITTEN : 117133
HBW_BYTES_WRITTEN : 0
CPU/Time : 0.9064041344887893
Written/Time : 0.4603470298099786
FinishedSize : 4.26879997253418E7
Written/Done : 0.002743932738794126
Task MAP_OUTPUT_MATERIALIZED_BYTES : 0
Task MAP_INPUT_RECORDS : 640000
Task MAP_INPUT_RECORDS/time : 2.515278350920631
Task MAP_OUTPUT_RECORDS : 640000
Task MAP_OUTPUT_RECORDS/time : 2.515278350920631
Total Read / Write : 546.3884046340485
CPU intensive
Task Time : 254445
CPU Time : 230630
========================================
Task Size >> {0=64000000}
Update attemptID:attempt_1453112407258_0001_m_000000_0
attempt_1453112407258_0001_m_000000_0:MAP:SORT:0.667
FILE_BYTES_READ : 0
HDFS_BYTES_READ : 64000113
FILE_BYTES_WRITTEN : 117133
HBW_BYTES_WRITTEN : 0
CPU/Time : 0.9081310217929707
Written/Time : 0.4546982601336925
FinishedSize : 4.26879997253418E7
Written/Done : 0.002743932738794126
Task MAP_OUTPUT_MATERIALIZED_BYTES : 0
Task MAP_INPUT_RECORDS : 640000
Task MAP_INPUT_RECORDS/time : 2.484414182899467
Task MAP_OUTPUT_RECORDS : 640000
Task MAP_OUTPUT_RECORDS/time : 2.484414182899467
Total Read / Write : 546.3884046340485
CPU intensive
Task Time : 257606
CPU Time : 233940
========================================
Task Size >> {0=64000000}
Update attemptID:attempt_1453112407258_0001_m_000000_0
attempt_1453112407258_0001_m_000000_0:MAP:SORT:0.667
FILE_BYTES_READ : 0
HDFS_BYTES_READ : 64000113
FILE_BYTES_WRITTEN : 117133
HBW_BYTES_WRITTEN : 0
CPU/Time : 0.9098125232476542
Written/Time : 0.44916576871603925
FinishedSize : 4.26879997253418E7
Written/Done : 0.002743932738794126
Task MAP_OUTPUT_MATERIALIZED_BYTES : 0
Task MAP_INPUT_RECORDS : 640000
Task MAP_INPUT_RECORDS/time : 2.4541853446788275
Task MAP_OUTPUT_RECORDS : 640000
Task MAP_OUTPUT_RECORDS/time : 2.4541853446788275
Total Read / Write : 546.3884046340485
CPU intensive
Task Time : 260779
CPU Time : 237260
========================================
Task Size >> {0=64000000}
Update attemptID:attempt_1453112407258_0001_m_000000_0
attempt_1453112407258_0001_m_000000_0:MAP:SORT:0.667
FILE_BYTES_READ : 0
HDFS_BYTES_READ : 64000113
FILE_BYTES_WRITTEN : 117133
HBW_BYTES_WRITTEN : 0
CPU/Time : 0.911467410247473
Written/Time : 0.44377301589707063
FinishedSize : 4.26879997253418E7
Written/Done : 0.002743932738794126
Task MAP_OUTPUT_MATERIALIZED_BYTES : 0
Task MAP_INPUT_RECORDS : 640000
Task MAP_INPUT_RECORDS/time : 2.42472002061012
Task MAP_OUTPUT_RECORDS : 640000
Task MAP_OUTPUT_RECORDS/time : 2.42472002061012
Total Read / Write : 546.3884046340485
CPU intensive
Task Time : 263948
CPU Time : 240580
========================================
Task Size >> {0=64000000}
Update attemptID:attempt_1453112407258_0001_m_000000_0
attempt_1453112407258_0001_m_000000_0:MAP:SORT:0.667
FILE_BYTES_READ : 0
HDFS_BYTES_READ : 64000113
FILE_BYTES_WRITTEN : 117133
HBW_BYTES_WRITTEN : 0
CPU/Time : 0.9130796127554115
Written/Time : 0.4385065776173826
FinishedSize : 4.26879997253418E7
Written/Done : 0.002743932738794126
Task MAP_OUTPUT_MATERIALIZED_BYTES : 0
Task MAP_INPUT_RECORDS : 640000
Task MAP_INPUT_RECORDS/time : 2.395944863318833
Task MAP_OUTPUT_RECORDS : 640000
Task MAP_OUTPUT_RECORDS/time : 2.395944863318833
Total Read / Write : 546.3884046340485
CPU intensive
Task Time : 267118
CPU Time : 243900
========================================
Task Size >> {0=64000000}
Update attemptID:attempt_1453112407258_0001_m_000000_0
attempt_1453112407258_0001_m_000000_0:MAP:SORT:0.667
FILE_BYTES_READ : 0
HDFS_BYTES_READ : 64000113
FILE_BYTES_WRITTEN : 117133
HBW_BYTES_WRITTEN : 0
CPU/Time : 0.9146305367687322
Written/Time : 0.4333700847996922
FinishedSize : 4.26879997253418E7
Written/Done : 0.002743932738794126
Task MAP_OUTPUT_MATERIALIZED_BYTES : 0
Task MAP_INPUT_RECORDS : 640000
Task MAP_INPUT_RECORDS/time : 2.367879711710645
Task MAP_OUTPUT_RECORDS : 640000
Task MAP_OUTPUT_RECORDS/time : 2.367879711710645
Total Read / Write : 546.3884046340485
CPU intensive
Task Time : 270284
CPU Time : 247210
========================================
Task Size >> {0=64000000}
Update attemptID:attempt_1453112407258_0001_m_000000_0
attempt_1453112407258_0001_m_000000_0:MAP:SORT:0.667
FILE_BYTES_READ : 0
HDFS_BYTES_READ : 64000113
FILE_BYTES_WRITTEN : 117133
HBW_BYTES_WRITTEN : 0
CPU/Time : 0.9161754165264836
Written/Time : 0.428349399528985
FinishedSize : 4.26879997253418E7
Written/Done : 0.002743932738794126
Task MAP_OUTPUT_MATERIALIZED_BYTES : 0
Task MAP_INPUT_RECORDS : 640000
Task MAP_INPUT_RECORDS/time : 2.3404473179936516
Task MAP_OUTPUT_RECORDS : 640000
Task MAP_OUTPUT_RECORDS/time : 2.3404473179936516
Total Read / Write : 546.3884046340485
CPU intensive
Task Time : 273452
CPU Time : 250530
========================================
Task Size >> {0=64000000}
Update attemptID:attempt_1453112407258_0001_m_000000_0
attempt_1453112407258_0001_m_000000_0:MAP:SORT:0.667
FILE_BYTES_READ : 0
HDFS_BYTES_READ : 64000113
FILE_BYTES_WRITTEN : 117133
HBW_BYTES_WRITTEN : 0
CPU/Time : 0.9176845689745545
Written/Time : 0.42342687551286734
FinishedSize : 4.26879997253418E7
Written/Done : 0.002743932738794126
Task MAP_OUTPUT_MATERIALIZED_BYTES : 0
Task MAP_INPUT_RECORDS : 640000
Task MAP_INPUT_RECORDS/time : 2.313551265042602
Task MAP_OUTPUT_RECORDS : 640000
Task MAP_OUTPUT_RECORDS/time : 2.313551265042602
Total Read / Write : 546.3884046340485
CPU intensive
Task Time : 276631
CPU Time : 253860
========================================
Task Size >> {0=64000000}
Update attemptID:attempt_1453112407258_0001_m_000000_0
attempt_1453112407258_0001_m_000000_0:MAP:SORT:0.667
FILE_BYTES_READ : 0
HDFS_BYTES_READ : 64000113
FILE_BYTES_WRITTEN : 117133
HBW_BYTES_WRITTEN : 0
CPU/Time : 0.9191401154375368
Written/Time : 0.418623684351602
FinishedSize : 4.26879997253418E7
Written/Done : 0.002743932738794126
Task MAP_OUTPUT_MATERIALIZED_BYTES : 0
Task MAP_INPUT_RECORDS : 640000
Task MAP_INPUT_RECORDS/time : 2.2873072318221617
Task MAP_OUTPUT_RECORDS : 640000
Task MAP_OUTPUT_RECORDS/time : 2.2873072318221617
Total Read / Write : 546.3884046340485
CPU intensive
Task Time : 279805
CPU Time : 257180
========================================
Task Size >> {0=64000000}
Update attemptID:attempt_1453112407258_0001_m_000000_0
attempt_1453112407258_0001_m_000000_0:MAP:SORT:0.667
FILE_BYTES_READ : 0
HDFS_BYTES_READ : 64000113
FILE_BYTES_WRITTEN : 117133
HBW_BYTES_WRITTEN : 0
CPU/Time : 0.9205248631475532
Written/Time : 0.41394287006703917
FinishedSize : 4.26879997253418E7
Written/Done : 0.002743932738794126
Task MAP_OUTPUT_MATERIALIZED_BYTES : 0
Task MAP_INPUT_RECORDS : 640000
Task MAP_INPUT_RECORDS/time : 2.261731850485389
Task MAP_OUTPUT_RECORDS : 640000
Task MAP_OUTPUT_RECORDS/time : 2.261731850485389
Total Read / Write : 546.3884046340485
CPU intensive
Task Time : 282969
CPU Time : 260480
========================================
Task Size >> {0=64000000}
Update attemptID:attempt_1453112407258_0001_m_000000_0
attempt_1453112407258_0001_m_000000_0:MAP:SORT:0.667
FILE_BYTES_READ : 0
HDFS_BYTES_READ : 64000113
FILE_BYTES_WRITTEN : 117133
HBW_BYTES_WRITTEN : 0
CPU/Time : 0.9219295517213661
Written/Time : 0.40935699083312654
FinishedSize : 4.26879997253418E7
Written/Done : 0.002743932738794126
Task MAP_OUTPUT_MATERIALIZED_BYTES : 0
Task MAP_INPUT_RECORDS : 640000
Task MAP_INPUT_RECORDS/time : 2.2366751823414495
Task MAP_OUTPUT_RECORDS : 640000
Task MAP_OUTPUT_RECORDS/time : 2.2366751823414495
Total Read / Write : 546.3884046340485
CPU intensive
Task Time : 286139
CPU Time : 263800
========================================
Task Size >> {0=64000000}
Update attemptID:attempt_1453112407258_0001_m_000000_0
attempt_1453112407258_0001_m_000000_0:MAP:SORT:0.667
FILE_BYTES_READ : 0
HDFS_BYTES_READ : 64000113
FILE_BYTES_WRITTEN : 117133
HBW_BYTES_WRITTEN : 0
CPU/Time : 0.9233156825063252
Written/Time : 0.4048618119979538
FinishedSize : 4.26879997253418E7
Written/Done : 0.002743932738794126
Task MAP_OUTPUT_MATERIALIZED_BYTES : 0
Task MAP_INPUT_RECORDS : 640000
Task MAP_INPUT_RECORDS/time : 2.2121140897841807
Task MAP_OUTPUT_RECORDS : 640000
Task MAP_OUTPUT_RECORDS/time : 2.2121140897841807
Total Read / Write : 546.3884046340485
CPU intensive
Task Time : 289316
CPU Time : 267130
========================================
Task Size >> {0=64000000}
Update attemptID:attempt_1453112407258_0001_m_000000_0
attempt_1453112407258_0001_m_000000_0:MAP:SORT:0.667
FILE_BYTES_READ : 0
HDFS_BYTES_READ : 64000113
FILE_BYTES_WRITTEN : 117133
HBW_BYTES_WRITTEN : 0
CPU/Time : 0.9246254521583939
Written/Time : 0.40047386883474767
FinishedSize : 4.26879997253418E7
Written/Done : 0.002743932738794126
Task MAP_OUTPUT_MATERIALIZED_BYTES : 0
Task MAP_INPUT_RECORDS : 640000
Task MAP_INPUT_RECORDS/time : 2.1881389194696497
Task MAP_OUTPUT_RECORDS : 640000
Task MAP_OUTPUT_RECORDS/time : 2.1881389194696497
Total Read / Write : 546.3884046340485
CPU intensive
Task Time : 292486
CPU Time : 270440
========================================
Task Size >> {0=64000000}
Update attemptID:attempt_1453112407258_0001_m_000000_0
attempt_1453112407258_0001_m_000000_0:MAP:SORT:0.667
FILE_BYTES_READ : 0
HDFS_BYTES_READ : 64000113
FILE_BYTES_WRITTEN : 117133
HBW_BYTES_WRITTEN : 0
CPU/Time : 0.9259346948163081
Written/Time : 0.3961773400347699
FinishedSize : 4.26879997253418E7
Written/Done : 0.002743932738794126
Task MAP_OUTPUT_MATERIALIZED_BYTES : 0
Task MAP_INPUT_RECORDS : 640000
Task MAP_INPUT_RECORDS/time : 2.1646632257540808
Task MAP_OUTPUT_RECORDS : 640000
Task MAP_OUTPUT_RECORDS/time : 2.1646632257540808
Total Read / Write : 546.3884046340485
CPU intensive
Task Time : 295658
CPU Time : 273760
========================================
Task Size >> {0=64000000}
Update attemptID:attempt_1453112407258_0001_m_000000_0
attempt_1453112407258_0001_m_000000_0:MAP:SORT:0.667
FILE_BYTES_READ : 0
HDFS_BYTES_READ : 64000113
FILE_BYTES_WRITTEN : 117133
HBW_BYTES_WRITTEN : 0
CPU/Time : 0.9272799676071091
Written/Time : 0.39197071254321003
FinishedSize : 4.26879997253418E7
Written/Done : 0.002743932738794126
Task MAP_OUTPUT_MATERIALIZED_BYTES : 0
Task MAP_INPUT_RECORDS : 640000
Task MAP_INPUT_RECORDS/time : 2.1416787414960297
Task MAP_OUTPUT_RECORDS : 640000
Task MAP_OUTPUT_RECORDS/time : 2.1416787414960297
Total Read / Write : 546.3884046340485
CPU intensive
Task Time : 298831
CPU Time : 277100
========================================
Task Size >> {0=64000000}
Update attemptID:attempt_1453112407258_0001_m_000000_0
attempt_1453112407258_0001_m_000000_0:MAP:SORT:0.667
FILE_BYTES_READ : 0
HDFS_BYTES_READ : 64000113
FILE_BYTES_WRITTEN : 117133
HBW_BYTES_WRITTEN : 0
CPU/Time : 0.9285130083212196
Written/Time : 0.3878589001950338
FinishedSize : 4.26879997253418E7
Written/Done : 0.002743932738794126
Task MAP_OUTPUT_MATERIALIZED_BYTES : 0
Task MAP_INPUT_RECORDS : 640000
Task MAP_INPUT_RECORDS/time : 2.1192123152725673
Task MAP_OUTPUT_RECORDS : 640000
Task MAP_OUTPUT_RECORDS/time : 2.1192123152725673
Total Read / Write : 546.3884046340485
CPU intensive
Task Time : 301999
CPU Time : 280410
========================================
Task Size >> {0=64000000}
Update attemptID:attempt_1453112407258_0001_m_000000_0
attempt_1453112407258_0001_m_000000_0:MAP:SORT:0.667
FILE_BYTES_READ : 0
HDFS_BYTES_READ : 64000113
FILE_BYTES_WRITTEN : 117133
HBW_BYTES_WRITTEN : 0
CPU/Time : 0.9297356813757939
Written/Time : 0.38383874794371514
FinishedSize : 4.26879997253418E7
Written/Done : 0.002743932738794126
Task MAP_OUTPUT_MATERIALIZED_BYTES : 0
Task MAP_INPUT_RECORDS : 640000
Task MAP_INPUT_RECORDS/time : 2.0972467083057524
Task MAP_OUTPUT_RECORDS : 640000
Task MAP_OUTPUT_RECORDS/time : 2.0972467083057524
Total Read / Write : 546.3884046340485
CPU intensive
Task Time : 305162
CPU Time : 283720
========================================
Task Size >> {0=64000000}
Update attemptID:attempt_1453112407258_0001_m_000000_0
attempt_1453112407258_0001_m_000000_0:MAP:SORT:0.667
FILE_BYTES_READ : 0
HDFS_BYTES_READ : 64000113
FILE_BYTES_WRITTEN : 117133
HBW_BYTES_WRITTEN : 0
CPU/Time : 0.9309377483014156
Written/Time : 0.3798764371077851
FinishedSize : 4.26879997253418E7
Written/Done : 0.002743932738794126
Task MAP_OUTPUT_MATERIALIZED_BYTES : 0
Task MAP_INPUT_RECORDS : 640000
Task MAP_INPUT_RECORDS/time : 2.075597139567692
Task MAP_OUTPUT_RECORDS : 640000
Task MAP_OUTPUT_RECORDS/time : 2.075597139567692
Total Read / Write : 546.3884046340485
CPU intensive
Task Time : 308345
CPU Time : 287050
========================================
Task Size >> {0=64000000}
Update attemptID:attempt_1453112407258_0001_m_000000_0
attempt_1453112407258_0001_m_000000_0:MAP:SORT:0.667
FILE_BYTES_READ : 0
HDFS_BYTES_READ : 64000113
FILE_BYTES_WRITTEN : 117133
HBW_BYTES_WRITTEN : 0
CPU/Time : 0.9320861434161405
Written/Time : 0.3759963020861755
FinishedSize : 4.26879997253418E7
Written/Done : 0.002743932738794126
Task MAP_OUTPUT_MATERIALIZED_BYTES : 0
Task MAP_INPUT_RECORDS : 640000
Task MAP_INPUT_RECORDS/time : 2.0543965691577295
Task MAP_OUTPUT_RECORDS : 640000
Task MAP_OUTPUT_RECORDS/time : 2.0543965691577295
Total Read / Write : 546.3884046340485
CPU intensive
Task Time : 311527
CPU Time : 290370
========================================
Task Size >> {0=64000000}
Update attemptID:attempt_1453112407258_0001_m_000000_0
attempt_1453112407258_0001_m_000000_0:MAP:SORT:0.667
FILE_BYTES_READ : 0
HDFS_BYTES_READ : 64000113
FILE_BYTES_WRITTEN : 117133
HBW_BYTES_WRITTEN : 0
CPU/Time : 0.9331774171509919
Written/Time : 0.3722064575991662
FinishedSize : 4.26879997253418E7
Written/Done : 0.002743932738794126
Task MAP_OUTPUT_MATERIALIZED_BYTES : 0
Task MAP_INPUT_RECORDS : 640000
Task MAP_INPUT_RECORDS/time : 2.0336893348882583
Task MAP_OUTPUT_RECORDS : 640000
Task MAP_OUTPUT_RECORDS/time : 2.0336893348882583
Total Read / Write : 546.3884046340485
CPU intensive
Task Time : 314699
CPU Time : 293670
========================================
Task Size >> {0=64000000}
Update attemptID:attempt_1453112407258_0001_m_000000_0
attempt_1453112407258_0001_m_000000_0:MAP:SORT:0.667
FILE_BYTES_READ : 0
HDFS_BYTES_READ : 64000113
FILE_BYTES_WRITTEN : 117133
HBW_BYTES_WRITTEN : 0
CPU/Time : 0.9343480422075267
Written/Time : 0.3685073208791347
FinishedSize : 4.26879997253418E7
Written/Done : 0.002743932738794126
Task MAP_OUTPUT_MATERIALIZED_BYTES : 0
Task MAP_INPUT_RECORDS : 640000
Task MAP_INPUT_RECORDS/time : 2.013477716464585
Task MAP_OUTPUT_RECORDS : 640000
Task MAP_OUTPUT_RECORDS/time : 2.013477716464585
Total Read / Write : 546.3884046340485
CPU intensive
Task Time : 317858
CPU Time : 296990
========================================
Task Size >> {0=64000000}
Update attemptID:attempt_1453112407258_0001_m_000000_0
attempt_1453112407258_0001_m_000000_0:MAP:SORT:0.667
FILE_BYTES_READ : 0
HDFS_BYTES_READ : 64000113
FILE_BYTES_WRITTEN : 117133
HBW_BYTES_WRITTEN : 0
CPU/Time : 0.9354227795740121
Written/Time : 0.36485257380654246
FinishedSize : 4.26879997253418E7
Written/Done : 0.002743932738794126
Task MAP_OUTPUT_MATERIALIZED_BYTES : 0
Task MAP_INPUT_RECORDS : 640000
Task MAP_INPUT_RECORDS/time : 1.9935086374991433
Task MAP_OUTPUT_RECORDS : 640000
Task MAP_OUTPUT_RECORDS/time : 1.9935086374991433
Total Read / Write : 546.3884046340485
CPU intensive
Task Time : 321042
CPU Time : 300310
========================================
Task Size >> {0=64000000}
Update attemptID:attempt_1453112407258_0001_m_000000_0
attempt_1453112407258_0001_m_000000_0:MAP:SORT:0.667
FILE_BYTES_READ : 0
HDFS_BYTES_READ : 64000113
FILE_BYTES_WRITTEN : 117133
HBW_BYTES_WRITTEN : 0
CPU/Time : 0.9365312901942278
Written/Time : 0.36129078027309713
FinishedSize : 4.26879997253418E7
Written/Done : 0.002743932738794126
Task MAP_OUTPUT_MATERIALIZED_BYTES : 0
Task MAP_INPUT_RECORDS : 640000
Task MAP_INPUT_RECORDS/time : 1.9740474449965608
Task MAP_OUTPUT_RECORDS : 640000
Task MAP_OUTPUT_RECORDS/time : 1.9740474449965608
Total Read / Write : 546.3884046340485
CPU intensive
Task Time : 324207
CPU Time : 303630
========================================
Task Size >> {0=64000000}
Update attemptID:attempt_1453112407258_0001_m_000000_0
attempt_1453112407258_0001_m_000000_0:MAP:SORT:0.667
FILE_BYTES_READ : 0
HDFS_BYTES_READ : 64000113
FILE_BYTES_WRITTEN : 117133
HBW_BYTES_WRITTEN : 0
CPU/Time : 0.9375649092797361
Written/Time : 0.3577891135683304
FinishedSize : 4.26879997253418E7
Written/Done : 0.002743932738794126
Task MAP_OUTPUT_MATERIALIZED_BYTES : 0
Task MAP_INPUT_RECORDS : 640000
Task MAP_INPUT_RECORDS/time : 1.9549147779338993
Task MAP_OUTPUT_RECORDS : 640000
Task MAP_OUTPUT_RECORDS/time : 1.9549147779338993
Total Read / Write : 546.3884046340485
CPU intensive
Task Time : 327380
CPU Time : 306940
========================================
Task Size >> {0=64000000}
Update attemptID:attempt_1453112407258_0001_m_000000_0
attempt_1453112407258_0001_m_000000_0:MAP:SORT:0.667
FILE_BYTES_READ : 0
HDFS_BYTES_READ : 64000113
FILE_BYTES_WRITTEN : 117133
HBW_BYTES_WRITTEN : 0
CPU/Time : 0.9385985611684909
Written/Time : 0.35436217652006075
FinishedSize : 4.26879997253418E7
Written/Done : 0.002743932738794126
Task MAP_OUTPUT_MATERIALIZED_BYTES : 0
Task MAP_INPUT_RECORDS : 640000
Task MAP_INPUT_RECORDS/time : 1.9361904243282326
Task MAP_OUTPUT_RECORDS : 640000
Task MAP_OUTPUT_RECORDS/time : 1.9361904243282326
Total Read / Write : 546.3884046340485
CPU intensive
Task Time : 330546
CPU Time : 310250
========================================
Task Size >> {0=64000000}
Update attemptID:attempt_1453112407258_0001_m_000000_0
attempt_1453112407258_0001_m_000000_0:MAP:SORT:0.667
FILE_BYTES_READ : 0
HDFS_BYTES_READ : 64000113
FILE_BYTES_WRITTEN : 117133
HBW_BYTES_WRITTEN : 0
CPU/Time : 0.9396481975367834
Written/Time : 0.35100236732492285
FinishedSize : 4.26879997253418E7
Written/Done : 0.002743932738794126
Task MAP_OUTPUT_MATERIALIZED_BYTES : 0
Task MAP_INPUT_RECORDS : 640000
Task MAP_INPUT_RECORDS/time : 1.9178328488807648
Task MAP_OUTPUT_RECORDS : 640000
Task MAP_OUTPUT_RECORDS/time : 1.9178328488807648
Total Read / Write : 546.3884046340485
CPU intensive
Task Time : 333710
CPU Time : 313570
========================================
Task Size >> {0=64000000}
Update attemptID:attempt_1453112407258_0001_m_000000_0
attempt_1453112407258_0001_m_000000_0:MAP:SORT:0.667
FILE_BYTES_READ : 0
HDFS_BYTES_READ : 64000113
FILE_BYTES_WRITTEN : 117133
HBW_BYTES_WRITTEN : 0
CPU/Time : 0.9406334411825819
Written/Time : 0.347689156698032
FinishedSize : 4.26879997253418E7
Written/Done : 0.002743932738794126
Task MAP_OUTPUT_MATERIALIZED_BYTES : 0
Task MAP_INPUT_RECORDS : 640000
Task MAP_INPUT_RECORDS/time : 1.8997298821573807
Task MAP_OUTPUT_RECORDS : 640000
Task MAP_OUTPUT_RECORDS/time : 1.8997298821573807
Total Read / Write : 546.3884046340485
CPU intensive
Task Time : 336890
CPU Time : 316890
========================================
Task Size >> {0=64000000}
Update attemptID:attempt_1453112407258_0001_m_000000_0
attempt_1453112407258_0001_m_000000_0:MAP:SORT:0.667
FILE_BYTES_READ : 0
HDFS_BYTES_READ : 64000113
FILE_BYTES_WRITTEN : 117133
HBW_BYTES_WRITTEN : 0
CPU/Time : 0.9416196410665083
Written/Time : 0.3444449998970779
FinishedSize : 4.26879997253418E7
Written/Done : 0.002743932738794126
Task MAP_OUTPUT_MATERIALIZED_BYTES : 0
Task MAP_INPUT_RECORDS : 640000
Task MAP_INPUT_RECORDS/time : 1.8820042168656985
Task MAP_OUTPUT_RECORDS : 640000
Task MAP_OUTPUT_RECORDS/time : 1.8820042168656985
Total Read / Write : 546.3884046340485
CPU intensive
Task Time : 340063
CPU Time : 320210
========================================
Task Size >> {0=64000000}
Update attemptID:attempt_1453112407258_0001_m_000000_0
attempt_1453112407258_0001_m_000000_0:MAP:SORT:0.667
FILE_BYTES_READ : 0
HDFS_BYTES_READ : 64000113
FILE_BYTES_WRITTEN : 117133
HBW_BYTES_WRITTEN : 0
CPU/Time : 0.942588680894457
Written/Time : 0.34127176050695607
FinishedSize : 4.26879997253418E7
Written/Done : 0.002743932738794126
Task MAP_OUTPUT_MATERIALIZED_BYTES : 0
Task MAP_INPUT_RECORDS : 640000
Task MAP_INPUT_RECORDS/time : 1.8646660353995193
Task MAP_OUTPUT_RECORDS : 640000
Task MAP_OUTPUT_RECORDS/time : 1.8646660353995193
Total Read / Write : 546.3884046340485
CPU intensive
Task Time : 343225
CPU Time : 323520
========================================
Task Size >> {0=64000000}
Update attemptID:attempt_1453112407258_0001_m_000000_0
attempt_1453112407258_0001_m_000000_0:MAP:SORT:0.667
FILE_BYTES_READ : 0
HDFS_BYTES_READ : 64000113
FILE_BYTES_WRITTEN : 117133
HBW_BYTES_WRITTEN : 0
CPU/Time : 0.9435792330008804
Written/Time : 0.3381291225841837
FinishedSize : 4.26879997253418E7
Written/Done : 0.002743932738794126
Task MAP_OUTPUT_MATERIALIZED_BYTES : 0
Task MAP_INPUT_RECORDS : 640000
Task MAP_INPUT_RECORDS/time : 1.8474950565073682
Task MAP_OUTPUT_RECORDS : 640000
Task MAP_OUTPUT_RECORDS/time : 1.8474950565073682
Total Read / Write : 546.3884046340485
CPU intensive
Task Time : 346415
CPU Time : 326870
========================================
Task Size >> {0=64000000}
Update attemptID:attempt_1453112407258_0001_m_000000_0
attempt_1453112407258_0001_m_000000_0:MAP:SORT:0.667
FILE_BYTES_READ : 0
HDFS_BYTES_READ : 64000113
FILE_BYTES_WRITTEN : 6917174
HBW_BYTES_WRITTEN : 0
CPU/Time : 0.9445625155534452
Written/Time : 19.785910223368926
FinishedSize : 4.26879997253418E7
Written/Done : 0.16204024654482954
Task MAP_OUTPUT_MATERIALIZED_BYTES : 0
Task MAP_INPUT_RECORDS : 640000
Task MAP_INPUT_RECORDS/time : 1.8306583791236295
Task MAP_OUTPUT_RECORDS : 640000
Task MAP_OUTPUT_RECORDS/time : 1.8306583791236295
Total Read / Write : 9.252349731263084
CPU intensive
Task Time : 349601
CPU Time : 330220
========================================
Task Size >> {0=64000000}
Update attemptID:attempt_1453112407258_0001_m_000000_0
attempt_1453112407258_0001_m_000000_0:MAP:SORT:1.0
FILE_BYTES_READ : 0
HDFS_BYTES_READ : 64000113
FILE_BYTES_WRITTEN : 66677171
HBW_BYTES_WRITTEN : 0
CPU/Time : 0.9450936746429234
Written/Time : 176.68911413201897
FinishedSize : 6.4E7
Written/Done : 1.041830796875
Task MAP_OUTPUT_MATERIALIZED_BYTES : 66560006
Task MAP_INPUT_RECORDS : 640000
Task MAP_INPUT_RECORDS/time : 1.6959482735776559
Task MAP_OUTPUT_RECORDS : 640000
Task MAP_OUTPUT_RECORDS/time : 1.6959482735776559
Total Read / Write : 0.9598504561628747
I/O intensive
Task Time : 377370
CPU Time : 356650
========================================
