Now Use estimatorClass : org.apache.hadoop.mapreduce.v2.app.speculate.LegacyTaskRuntimeEstimator_Fixed
serviceStart
attempt_1454305919848_0072_m_000000_0 : spilledRecord org.apache.hadoop.mapred.Counters$Counter@c553d160
attempt_1454305919848_0072_m_000001_0 : spilledRecord org.apache.hadoop.mapred.Counters$Counter@c553d160
attempt_1454305919848_0072_m_000002_0 : spilledRecord org.apache.hadoop.mapred.Counters$Counter@c553d160
attempt_1454305919848_0072_m_000003_0 : spilledRecord org.apache.hadoop.mapred.Counters$Counter@c553d160
attempt_1454305919848_0072_m_000004_0 : spilledRecord org.apache.hadoop.mapred.Counters$Counter@c553d160
attempt_1454305919848_0072_m_000005_0 : spilledRecord org.apache.hadoop.mapred.Counters$Counter@c553d160
attempt_1454305919848_0072_m_000006_0 : spilledRecord org.apache.hadoop.mapred.Counters$Counter@c553d160
attempt_1454305919848_0072_m_000007_0 : spilledRecord org.apache.hadoop.mapred.Counters$Counter@c553d160
attempt_1454305919848_0072_m_000008_0 : spilledRecord org.apache.hadoop.mapred.Counters$Counter@c553d160
attempt_1454305919848_0072_m_000009_0 : spilledRecord org.apache.hadoop.mapred.Counters$Counter@c553d160
attempt_1454305919848_0072_m_000010_0 : spilledRecord org.apache.hadoop.mapred.Counters$Counter@c553d160
attempt_1454305919848_0072_m_000011_0 : spilledRecord org.apache.hadoop.mapred.Counters$Counter@c553d160
attempt_1454305919848_0072_m_000012_0 : spilledRecord org.apache.hadoop.mapred.Counters$Counter@c553d160
attempt_1454305919848_0072_m_000013_0 : spilledRecord org.apache.hadoop.mapred.Counters$Counter@c553d160
attempt_1454305919848_0072_m_000014_0 : spilledRecord org.apache.hadoop.mapred.Counters$Counter@c553d160
attempt_1454305919848_0072_m_000015_0 : spilledRecord org.apache.hadoop.mapred.Counters$Counter@c553d160
attempt_1454305919848_0072_m_000016_0 : spilledRecord org.apache.hadoop.mapred.Counters$Counter@c553d160
attempt_1454305919848_0072_m_000017_0 : spilledRecord org.apache.hadoop.mapred.Counters$Counter@c553d160
attempt_1454305919848_0072_m_000018_0 : spilledRecord org.apache.hadoop.mapred.Counters$Counter@c553d160
attempt_1454305919848_0072_m_000019_0 : spilledRecord org.apache.hadoop.mapred.Counters$Counter@c553d160
TaskStatusClass : >> 0.2941524
Task Size >> {0=4468711, 1=4194304, 2=4194304, 3=4194304, 4=4194304, 5=4194304, 6=4194304, 7=4194304, 8=4194304, 9=4194304, 10=4194304, 11=4194304, 12=4194304, 13=4194304, 14=4194304, 15=4194304, 17=4194304, 16=4194304, 19=4194304, 18=4194304}
Update attemptID:attempt_1454305919848_0072_m_000001_0
attempt_1454305919848_0072_m_000001_0:MAP:MAP:0.2941524
FILE_BYTES_READ : 0
HDFS_BYTES_READ : 1881826
FILE_BYTES_WRITTEN : 116227
HBW_BYTES_WRITTEN : 0
CPU/Time : 0.5327747658945293
Written/Time : 5.728289797930015
FinishedSize : 1314482.1050520837
Add graph Data0.2941524 <> 0.5327747658945293
0.5327747658945293
I/O Intensive
Task Time : 20290
CPU Time : 10810
========================================
TaskStatusClass : >> 0.32227433
Task Size >> {0=4468711, 1=4194304, 2=4194304, 3=4194304, 4=4194304, 5=4194304, 6=4194304, 7=4194304, 8=4194304, 9=4194304, 10=4194304, 11=4194304, 12=4194304, 13=4194304, 14=4194304, 15=4194304, 17=4194304, 16=4194304, 19=4194304, 18=4194304}
Update attemptID:attempt_1454305919848_0072_m_000013_0
attempt_1454305919848_0072_m_000013_0:MAP:MAP:0.32227433
FILE_BYTES_READ : 0
HDFS_BYTES_READ : 2049762
FILE_BYTES_WRITTEN : 116228
HBW_BYTES_WRITTEN : 0
CPU/Time : 0.5166634744301858
Written/Time : 5.565408925493201
FinishedSize : 1440150.8313254118
Add graph Data0.32227433 <> 0.5166634744301858
-1.0
I/O Intensive
Task Time : 20884
CPU Time : 10790
========================================
TaskStatusClass : >> 0.37214348
TaskStatusClass : >> 0.34887022
Task Size >> {0=4468711, 1=4194304, 2=4194304, 3=4194304, 4=4194304, 5=4194304, 6=4194304, 7=4194304, 8=4194304, 9=4194304, 10=4194304, 11=4194304, 12=4194304, 13=4194304, 14=4194304, 15=4194304, 17=4194304, 16=4194304, 19=4194304, 18=4194304}
Update attemptID:attempt_1454305919848_0072_m_000007_0
attempt_1454305919848_0072_m_000007_0:MAP:MAP:0.37214348
FILE_BYTES_READ : 0
HDFS_BYTES_READ : 2324194
FILE_BYTES_WRITTEN : 116227
HBW_BYTES_WRITTEN : 0
CPU/Time : 0.4743101807802093
Written/Time : 5.529352997145575
FinishedSize : 1663001.6501484215
Add graph Data0.37214348 <> 0.4743101807802093
-1.0
I/O Intensive
Task Time : 21020
CPU Time : 9970
========================================
Task Size >> {0=4468711, 1=4194304, 2=4194304, 3=4194304, 4=4194304, 5=4194304, 6=4194304, 7=4194304, 8=4194304, 9=4194304, 10=4194304, 11=4194304, 12=4194304, 13=4194304, 14=4194304, 15=4194304, 17=4194304, 16=4194304, 19=4194304, 18=4194304}
Update attemptID:attempt_1454305919848_0072_m_000017_0
attempt_1454305919848_0072_m_000017_0:MAP:MAP:0.34887022
FILE_BYTES_READ : 0
HDFS_BYTES_READ : 2221794
FILE_BYTES_WRITTEN : 116228
HBW_BYTES_WRITTEN : 0
CPU/Time : 0.4796960341961529
Written/Time : 5.520208976490145
FinishedSize : 1559000.1798558831
Add graph Data0.34887022 <> 0.4796960341961529
-1.0
I/O Intensive
Task Time : 21055
CPU Time : 10100
========================================
TaskStatusClass : >> 0.31224748
TaskStatusClass : >> 0.33656013
Task Size >> {0=4468711, 1=4194304, 2=4194304, 3=4194304, 4=4194304, 5=4194304, 6=4194304, 7=4194304, 8=4194304, 9=4194304, 10=4194304, 11=4194304, 12=4194304, 13=4194304, 14=4194304, 15=4194304, 17=4194304, 16=4194304, 19=4194304, 18=4194304}
Update attemptID:attempt_1454305919848_0072_m_000004_0
attempt_1454305919848_0072_m_000004_0:MAP:MAP:0.31224748
FILE_BYTES_READ : 0
HDFS_BYTES_READ : 1976034
FILE_BYTES_WRITTEN : 116227
HBW_BYTES_WRITTEN : 0
CPU/Time : 0.49125136326995117
Written/Time : 5.511261795248708
FinishedSize : 1395343.7705951035
Add graph Data0.31224748 <> 0.49125136326995117
-1.0
I/O Intensive
Task Time : 21089
CPU Time : 10360
========================================
Task Size >> {0=4468711, 1=4194304, 2=4194304, 3=4194304, 4=4194304, 5=4194304, 6=4194304, 7=4194304, 8=4194304, 9=4194304, 10=4194304, 11=4194304, 12=4194304, 13=4194304, 14=4194304, 15=4194304, 17=4194304, 16=4194304, 19=4194304, 18=4194304}
Update attemptID:attempt_1454305919848_0072_m_000012_0
TaskStatusClass : >> 0.33838838
attempt_1454305919848_0072_m_000012_0:MAP:MAP:0.33656013
FILE_BYTES_READ : 0
HDFS_BYTES_READ : 2123490
FILE_BYTES_WRITTEN : 116228
HBW_BYTES_WRITTEN : 0
CPU/Time : 0.47741078208048593
Written/Time : 5.515755504935459
FinishedSize : 1503989.9556256533
Add graph Data0.33656013 <> 0.47741078208048593
-1.0
I/O Intensive
Task Time : 21072
CPU Time : 10060
========================================
Task Size >> {0=4468711, 1=4194304, 2=4194304, 3=4194304, 4=4194304, 5=4194304, 6=4194304, 7=4194304, 8=4194304, 9=4194304, 10=4194304, 11=4194304, 12=4194304, 13=4194304, 14=4194304, 15=4194304, 17=4194304, 16=4194304, 19=4194304, 18=4194304}
Update attemptID:attempt_1454305919848_0072_m_000008_0
attempt_1454305919848_0072_m_000008_0:MAP:MAP:0.33838838
FILE_BYTES_READ : 0
HDFS_BYTES_READ : 2148066
FILE_BYTES_WRITTEN : 116227
HBW_BYTES_WRITTEN : 0
CPU/Time : 0.4703263392222801
Written/Time : 5.504996921328091
FinishedSize : 1512159.8911204934
Add graph Data0.33838838 <> 0.4703263392222801
-1.0
I/O Intensive
Task Time : 21113
CPU Time : 9930
========================================
TaskStatusClass : >> 0.31421417
Task Size >> {0=4468711, 1=4194304, 2=4194304, 3=4194304, 4=4194304, 5=4194304, 6=4194304, 7=4194304, 8=4194304, 9=4194304, 10=4194304, 11=4194304, 12=4194304, 13=4194304, 14=4194304, 15=4194304, 17=4194304, 16=4194304, 19=4194304, 18=4194304}
Update attemptID:attempt_1454305919848_0072_m_000011_0
attempt_1454305919848_0072_m_000011_0:MAP:MAP:0.31421417
FILE_BYTES_READ : 0
HDFS_BYTES_READ : 2012898
FILE_BYTES_WRITTEN : 116228
HBW_BYTES_WRITTEN : 0
CPU/Time : 0.5036651690707022
Written/Time : 5.496713170962402
FinishedSize : 1404132.3177414536
Add graph Data0.31421417 <> 0.5036651690707022
-1.0
I/O Intensive
Task Time : 21145
CPU Time : 10650
========================================
TaskStatusClass : >> 0.334951
Task Size >> {0=4468711, 1=4194304, 2=4194304, 3=4194304, 4=4194304, 5=4194304, 6=4194304, 7=4194304, 8=4194304, 9=4194304, 10=4194304, 11=4194304, 12=4194304, 13=4194304, 14=4194304, 15=4194304, 17=4194304, 16=4194304, 19=4194304, 18=4194304}
Update attemptID:attempt_1454305919848_0072_m_000000_0
attempt_1454305919848_0072_m_000000_0:MAP:MAP:0.334951
FILE_BYTES_READ : 0
HDFS_BYTES_READ : 2205410
FILE_BYTES_WRITTEN : 116227
HBW_BYTES_WRITTEN : 0
CPU/Time : 0.47556142668428003
Written/Time : 5.483440271749386
FinishedSize : 1496799.2777139246
Add graph Data0.334951 <> 0.47556142668428003
-1.0
I/O Intensive
Task Time : 21196
CPU Time : 10080
========================================
TaskStatusClass : >> 0.28931493
TaskStatusClass : >> 0.34525824
Task Size >> {0=4468711, 1=4194304, 2=4194304, 3=4194304, 4=4194304, 5=4194304, 6=4194304, 7=4194304, 8=4194304, 9=4194304, 10=4194304, 11=4194304, 12=4194304, 13=4194304, 14=4194304, 15=4194304, 17=4194304, 16=4194304, 19=4194304, 18=4194304}
Update attemptID:attempt_1454305919848_0072_m_000014_0
attempt_1454305919848_0072_m_000014_0:MAP:MAP:0.28931493
FILE_BYTES_READ : 0
HDFS_BYTES_READ : 1832674
FILE_BYTES_WRITTEN : 116228
HBW_BYTES_WRITTEN : 0
CPU/Time : 0.48535446441205604
Written/Time : 5.482194236120938
FinishedSize : 1292864.7908084989
Add graph Data0.28931493 <> 0.48535446441205604
0.48535446441205604
I/O Intensive
Task Time : 21201
CPU Time : 10290
========================================
Task Size >> {0=4468711, 1=4194304, 2=4194304, 3=4194304, 4=4194304, 5=4194304, 6=4194304, 7=4194304, 8=4194304, 9=4194304, 10=4194304, 11=4194304, 12=4194304, 13=4194304, 14=4194304, 15=4194304, 17=4194304, 16=4194304, 19=4194304, 18=4194304}
Update attemptID:attempt_1454305919848_0072_m_000002_0
attempt_1454305919848_0072_m_000002_0:MAP:MAP:0.34525824
FILE_BYTES_READ : 0
HDFS_BYTES_READ : 2189026
FILE_BYTES_WRITTEN : 116227
HBW_BYTES_WRITTEN : 0
CPU/Time : 0.45968349660889224
Written/Time : 5.4741428033157495
FinishedSize : 1542859.2767472267
Add graph Data0.34525824 <> 0.45968349660889224
-1.0
I/O Intensive
Task Time : 21232
CPU Time : 9760
========================================
TaskStatusClass : >> 0.31351432
Task Size >> {0=4468711, 1=4194304, 2=4194304, 3=4194304, 4=4194304, 5=4194304, 6=4194304, 7=4194304, 8=4194304, 9=4194304, 10=4194304, 11=4194304, 12=4194304, 13=4194304, 14=4194304, 15=4194304, 17=4194304, 16=4194304, 19=4194304, 18=4194304}
Update attemptID:attempt_1454305919848_0072_m_000003_0
attempt_1454305919848_0072_m_000003_0:MAP:MAP:0.31351432
FILE_BYTES_READ : 0
HDFS_BYTES_READ : 1992418
FILE_BYTES_WRITTEN : 116227
HBW_BYTES_WRITTEN : 0
CPU/Time : 0.4898093359631821
Written/Time : 5.458204188973419
FinishedSize : 1401004.8995687068
Add graph Data0.31351432 <> 0.4898093359631821
-1.0
I/O Intensive
Task Time : 21294
CPU Time : 10430
========================================
TaskStatusClass : >> 0.34890583
Task Size >> {0=4468711, 1=4194304, 2=4194304, 3=4194304, 4=4194304, 5=4194304, 6=4194304, 7=4194304, 8=4194304, 9=4194304, 10=4194304, 11=4194304, 12=4194304, 13=4194304, 14=4194304, 15=4194304, 17=4194304, 16=4194304, 19=4194304, 18=4194304}
Update attemptID:attempt_1454305919848_0072_m_000009_0
attempt_1454305919848_0072_m_000009_0:MAP:MAP:0.34890583
FILE_BYTES_READ : 0
HDFS_BYTES_READ : 2197218
FILE_BYTES_WRITTEN : 116227
HBW_BYTES_WRITTEN : 0
CPU/Time : 0.4564198687910028
Written/Time : 5.446438612933458
FinishedSize : 1559159.327525109
Add graph Data0.34890583 <> 0.4564198687910028
-1.0
I/O Intensive
Task Time : 21340
CPU Time : 9740
========================================
TaskStatusClass : >> 0.321155
Task Size >> {0=4468711, 1=4194304, 2=4194304, 3=4194304, 4=4194304, 5=4194304, 6=4194304, 7=4194304, 8=4194304, 9=4194304, 10=4194304, 11=4194304, 12=4194304, 13=4194304, 14=4194304, 15=4194304, 17=4194304, 16=4194304, 19=4194304, 18=4194304}
Update attemptID:attempt_1454305919848_0072_m_000019_0
attempt_1454305919848_0072_m_000019_0:MAP:MAP:0.321155
FILE_BYTES_READ : 0
HDFS_BYTES_READ : 2008802
FILE_BYTES_WRITTEN : 116228
HBW_BYTES_WRITTEN : 0
CPU/Time : 0.46390787379458853
Written/Time : 5.440876322441719
FinishedSize : 1435148.9332829118
Add graph Data0.321155 <> 0.46390787379458853
-1.0
I/O Intensive
Task Time : 21362
CPU Time : 9910
========================================
TaskStatusClass : >> 0.3454003
Task Size >> {0=4468711, 1=4194304, 2=4194304, 3=4194304, 4=4194304, 5=4194304, 6=4194304, 7=4194304, 8=4194304, 9=4194304, 10=4194304, 11=4194304, 12=4194304, 13=4194304, 14=4194304, 15=4194304, 17=4194304, 16=4194304, 19=4194304, 18=4194304}
Update attemptID:attempt_1454305919848_0072_m_000015_0
attempt_1454305919848_0072_m_000015_0:MAP:MAP:0.3454003
FILE_BYTES_READ : 0
HDFS_BYTES_READ : 2143970
FILE_BYTES_WRITTEN : 116228
HBW_BYTES_WRITTEN : 0
CPU/Time : 0.5098369082667414
Written/Time : 5.43146876022244
FinishedSize : 1543494.136110574
Add graph Data0.3454003 <> 0.5098369082667414
-1.0
I/O Intensive
Task Time : 21399
CPU Time : 10910
========================================
TaskStatusClass : >> 0.3641413
TaskStatusClass : >> 0.30449644
Task Size >> {0=4468711, 1=4194304, 2=4194304, 3=4194304, 4=4194304, 5=4194304, 6=4194304, 7=4194304, 8=4194304, 9=4194304, 10=4194304, 11=4194304, 12=4194304, 13=4194304, 14=4194304, 15=4194304, 17=4194304, 16=4194304, 19=4194304, 18=4194304}
Update attemptID:attempt_1454305919848_0072_m_000010_0
attempt_1454305919848_0072_m_000010_0:MAP:MAP:0.30449644
FILE_BYTES_READ : 0
HDFS_BYTES_READ : 1930978
FILE_BYTES_WRITTEN : 116228
HBW_BYTES_WRITTEN : 0
CPU/Time : 0.5074084428291865
Written/Time : 5.415525114155251
FinishedSize : 1360706.578873247
Add graph Data0.30449644 <> 0.5074084428291865
-1.0
I/O Intensive
Task Time : 21462
CPU Time : 10890
========================================
Task Size >> {0=4468711, 1=4194304, 2=4194304, 3=4194304, 4=4194304, 5=4194304, 6=4194304, 7=4194304, 8=4194304, 9=4194304, 10=4194304, 11=4194304, 12=4194304, 13=4194304, 14=4194304, 15=4194304, 17=4194304, 16=4194304, 19=4194304, 18=4194304}
Update attemptID:attempt_1454305919848_0072_m_000005_0
attempt_1454305919848_0072_m_000005_0:MAP:MAP:0.3641413
FILE_BYTES_READ : 0
HDFS_BYTES_READ : 2250466
FILE_BYTES_WRITTEN : 116227
HBW_BYTES_WRITTEN : 0
CPU/Time : 0.4552656104380242
Written/Time : 5.415983224603914
FinishedSize : 1627242.167708099
Add graph Data0.3641413 <> 0.4552656104380242
-1.0
I/O Intensive
Task Time : 21460
CPU Time : 9770
========================================
TaskStatusClass : >> 0.32709226
Task Size >> {0=4468711, 1=4194304, 2=4194304, 3=4194304, 4=4194304, 5=4194304, 6=4194304, 7=4194304, 8=4194304, 9=4194304, 10=4194304, 11=4194304, 12=4194304, 13=4194304, 14=4194304, 15=4194304, 17=4194304, 16=4194304, 19=4194304, 18=4194304}
Update attemptID:attempt_1454305919848_0072_m_000006_0
attempt_1454305919848_0072_m_000006_0:MAP:MAP:0.32709226
FILE_BYTES_READ : 0
HDFS_BYTES_READ : 2111202
FILE_BYTES_WRITTEN : 116227
HBW_BYTES_WRITTEN : 0
CPU/Time : 0.5009069345611832
Written/Time : 5.405655550904609
FinishedSize : 1461680.7808233798
Add graph Data0.32709226 <> 0.5009069345611832
-1.0
I/O Intensive
Task Time : 21501
CPU Time : 10770
========================================
TaskStatusClass : >> 0.32442072
Task Size >> {0=4468711, 1=4194304, 2=4194304, 3=4194304, 4=4194304, 5=4194304, 6=4194304, 7=4194304, 8=4194304, 9=4194304, 10=4194304, 11=4194304, 12=4194304, 13=4194304, 14=4194304, 15=4194304, 17=4194304, 16=4194304, 19=4194304, 18=4194304}
Update attemptID:attempt_1454305919848_0072_m_000016_0
attempt_1454305919848_0072_m_000016_0:MAP:MAP:0.32442072
FILE_BYTES_READ : 0
HDFS_BYTES_READ : 2074338
FILE_BYTES_WRITTEN : 116228
HBW_BYTES_WRITTEN : 0
CPU/Time : 0.46512706362455947
Written/Time : 5.389909107772213
FinishedSize : 1449742.441606015
Add graph Data0.32442072 <> 0.46512706362455947
-1.0
I/O Intensive
Task Time : 21564
CPU Time : 10030
========================================
TaskStatusClass : >> 0.34200597
Task Size >> {0=4468711, 1=4194304, 2=4194304, 3=4194304, 4=4194304, 5=4194304, 6=4194304, 7=4194304, 8=4194304, 9=4194304, 10=4194304, 11=4194304, 12=4194304, 13=4194304, 14=4194304, 15=4194304, 17=4194304, 16=4194304, 19=4194304, 18=4194304}
Update attemptID:attempt_1454305919848_0072_m_000018_0
attempt_1454305919848_0072_m_000018_0:MAP:MAP:0.34200597
FILE_BYTES_READ : 0
HDFS_BYTES_READ : 2119394
FILE_BYTES_WRITTEN : 116228
HBW_BYTES_WRITTEN : 0
CPU/Time : 0.46374560241239093
Written/Time : 5.310366884451958
FinishedSize : 1528325.8316867352
Add graph Data0.34200597 <> 0.46374560241239093
-1.0
I/O Intensive
Task Time : 21887
CPU Time : 10150
========================================
TaskStatusClass : >> 0.6389963
Task Size >> {0=4468711, 1=4194304, 2=4194304, 3=4194304, 4=4194304, 5=4194304, 6=4194304, 7=4194304, 8=4194304, 9=4194304, 10=4194304, 11=4194304, 12=4194304, 13=4194304, 14=4194304, 15=4194304, 17=4194304, 16=4194304, 19=4194304, 18=4194304}
Update attemptID:attempt_1454305919848_0072_m_000001_0
attempt_1454305919848_0072_m_000001_0:MAP:MAP:0.6389963
FILE_BYTES_READ : 0
HDFS_BYTES_READ : 4056802
FILE_BYTES_WRITTEN : 116227
HBW_BYTES_WRITTEN : 0
CPU/Time : 0.6178314074958428
Written/Time : 4.95574126977359
FinishedSize : 2855489.8085396886
Add graph Data0.6389963 <> 0.6178314074958428
0.5327747658945293
I/O Intensive
Task Time : 23453
CPU Time : 14490
========================================
TaskStatusClass : >> 0.37214348
Task Size >> {0=4468711, 1=4194304, 2=4194304, 3=4194304, 4=4194304, 5=4194304, 6=4194304, 7=4194304, 8=4194304, 9=4194304, 10=4194304, 11=4194304, 12=4194304, 13=4194304, 14=4194304, 15=4194304, 17=4194304, 16=4194304, 19=4194304, 18=4194304}
Update attemptID:attempt_1454305919848_0072_m_000007_0
attempt_1454305919848_0072_m_000007_0:MAP:SORT:0.37214348
FILE_BYTES_READ : 0
HDFS_BYTES_READ : 2324194
FILE_BYTES_WRITTEN : 116227
HBW_BYTES_WRITTEN : 0
CPU/Time : 0.41806440791680644
Written/Time : 4.873658168399865
FinishedSize : 1663001.6501484215
Add graph Data0.37214348 <> 0.41806440791680644
-1.0
I/O Intensive
Task Time : 23848
CPU Time : 9970
========================================
TaskStatusClass : >> 0.6389963
Task Size >> {0=4468711, 1=4194304, 2=4194304, 3=4194304, 4=4194304, 5=4194304, 6=4194304, 7=4194304, 8=4194304, 9=4194304, 10=4194304, 11=4194304, 12=4194304, 13=4194304, 14=4194304, 15=4194304, 17=4194304, 16=4194304, 19=4194304, 18=4194304}
Update attemptID:attempt_1454305919848_0072_m_000001_0
attempt_1454305919848_0072_m_000001_0:MAP:SORT:0.6389963
FILE_BYTES_READ : 0
HDFS_BYTES_READ : 4056802
FILE_BYTES_WRITTEN : 116227
HBW_BYTES_WRITTEN : 0
CPU/Time : 0.6034985422740525
Written/Time : 4.8407746772178255
FinishedSize : 2855489.8085396886
Add graph Data0.6389963 <> 0.6034985422740525
0.5327747658945293
I/O Intensive
Task Time : 24010
CPU Time : 14490
========================================
TaskStatusClass : >> 0.667
Task Size >> {0=4468711, 1=4194304, 2=4194304, 3=4194304, 4=4194304, 5=4194304, 6=4194304, 7=4194304, 8=4194304, 9=4194304, 10=4194304, 11=4194304, 12=4194304, 13=4194304, 14=4194304, 15=4194304, 17=4194304, 16=4194304, 19=4194304, 18=4194304}
Update attemptID:attempt_1454305919848_0072_m_000013_0
attempt_1454305919848_0072_m_000013_0:MAP:MAP:0.667
FILE_BYTES_READ : 0
HDFS_BYTES_READ : 4232930
FILE_BYTES_WRITTEN : 116228
HBW_BYTES_WRITTEN : 0
CPU/Time : 0.5936187029410541
Written/Time : 4.834976496526478
FinishedSize : 2980630.217822373
Add graph Data0.667 <> 0.5936187029410541
-1.0
I/O Intensive
Task Time : 24039
CPU Time : 14270
========================================
TaskStatusClass : >> 1.0
Task Size >> {0=4468711, 1=4194304, 2=4194304, 3=4194304, 4=4194304, 5=4194304, 6=4194304, 7=4194304, 8=4194304, 9=4194304, 10=4194304, 11=4194304, 12=4194304, 13=4194304, 14=4194304, 15=4194304, 17=4194304, 16=4194304, 19=4194304, 18=4194304}
Update attemptID:attempt_1454305919848_0072_m_000007_0
TaskStatusClass : >> 0.6551009
attempt_1454305919848_0072_m_000007_0:MAP:SORT:1.0
FILE_BYTES_READ : 0
HDFS_BYTES_READ : 4306658
FILE_BYTES_WRITTEN : 622393
HBW_BYTES_WRITTEN : 0
CPU/Time : 0.5807464969205969
Written/Time : 25.726160459637086
FinishedSize : 4468711.0
Add graph Data1.0 <> 0.5807464969205969
-1.0
I/O Intensive
Task Time : 24193
CPU Time : 14050
========================================
TaskStatusClass : >> 0.33656013
TaskStatusClass : >> 0.667
Task Size >> {0=4468711, 1=4194304, 2=4194304, 3=4194304, 4=4194304, 5=4194304, 6=4194304, 7=4194304, 8=4194304, 9=4194304, 10=4194304, 11=4194304, 12=4194304, 13=4194304, 14=4194304, 15=4194304, 17=4194304, 16=4194304, 19=4194304, 18=4194304}
Update attemptID:attempt_1454305919848_0072_m_000004_0
TaskStatusClass : >> 0.34887022
TaskStatusClass : >> 0.667
TaskStatusClass : >> 0.667
attempt_1454305919848_0072_m_000004_0:MAP:MAP:0.6551009
FILE_BYTES_READ : 0
HDFS_BYTES_READ : 4134626
FILE_BYTES_WRITTEN : 116227
HBW_BYTES_WRITTEN : 0
CPU/Time : 0.5708515373835628
Written/Time : 4.790495424944358
FinishedSize : 2927456.5177416205
Add graph Data0.6551009 <> 0.5708515373835628
-1.0
I/O Intensive
Task Time : 24262
CPU Time : 13850
========================================
Task Size >> {0=4468711, 1=4194304, 2=4194304, 3=4194304, 4=4194304, 5=4194304, 6=4194304, 7=4194304, 8=4194304, 9=4194304, 10=4194304, 11=4194304, 12=4194304, 13=4194304, 14=4194304, 15=4194304, 17=4194304, 16=4194304, 19=4194304, 18=4194304}
TaskStatusClass : >> 0.667
Update attemptID:attempt_1454305919848_0072_m_000012_0
TaskStatusClass : >> 0.3641413
attempt_1454305919848_0072_m_000012_0:MAP:SORT:0.667
FILE_BYTES_READ : 0
HDFS_BYTES_READ : 4306658
FILE_BYTES_WRITTEN : 116228
HBW_BYTES_WRITTEN : 0
CPU/Time : 0.5786350148367952
Written/Time : 4.790141773821299
FinishedSize : 1503989.9556256533
Add graph Data0.33656013 <> 0.5786350148367952
-1.0
I/O Intensive
Task Time : 24264
CPU Time : 14040
========================================
Task Size >> {0=4468711, 1=4194304, 2=4194304, 3=4194304, 4=4194304, 5=4194304, 6=4194304, 7=4194304, 8=4194304, 9=4194304, 10=4194304, 11=4194304, 12=4194304, 13=4194304, 14=4194304, 15=4194304, 17=4194304, 16=4194304, 19=4194304, 18=4194304}
Update attemptID:attempt_1454305919848_0072_m_000012_0
attempt_1454305919848_0072_m_000012_0:MAP:SORT:0.667
FILE_BYTES_READ : 0
HDFS_BYTES_READ : 4306658
FILE_BYTES_WRITTEN : 116228
HBW_BYTES_WRITTEN : 0
CPU/Time : 0.5785873238275777
TaskStatusClass : >> 1.0
Written/Time : 4.789746971070634
FinishedSize : 2980630.217822373
Add graph Data0.667 <> 0.5785873238275777
-1.0
I/O Intensive
Task Time : 24266
CPU Time : 14040
========================================
Task Size >> {0=4468711, 1=4194304, 2=4194304, 3=4194304, 4=4194304, 5=4194304, 6=4194304, 7=4194304, 8=4194304, 9=4194304, 10=4194304, 11=4194304, 12=4194304, 13=4194304, 14=4194304, 15=4194304, 17=4194304, 16=4194304, 19=4194304, 18=4194304}
Update attemptID:attempt_1454305919848_0072_m_000017_0
attempt_1454305919848_0072_m_000017_0:MAP:SORT:0.667
FILE_BYTES_READ : 0
HDFS_BYTES_READ : 4306658
FILE_BYTES_WRITTEN : 116228
HBW_BYTES_WRITTEN : 0
CPU/Time : 0.5812134683460937
Written/Time : 4.78422655799786
FinishedSize : 1559000.1798558831
Add graph Data0.34887022 <> 0.5812134683460937
-1.0
I/O Intensive
Task Time : 24294
CPU Time : 14120
========================================
TaskStatusClass : >> 0.6619839
Task Size >> {0=4468711, 1=4194304, 2=4194304, 3=4194304, 4=4194304, 5=4194304, 6=4194304, 7=4194304, 8=4194304, 9=4194304, 10=4194304, 11=4194304, 12=4194304, 13=4194304, 14=4194304, 15=4194304, 17=4194304, 16=4194304, 19=4194304, 18=4194304}
Update attemptID:attempt_1454305919848_0072_m_000017_0
TaskStatusClass : >> 0.667
attempt_1454305919848_0072_m_000017_0:MAP:SORT:0.667
FILE_BYTES_READ : 0
HDFS_BYTES_READ : 4306658
FILE_BYTES_WRITTEN : 116228
HBW_BYTES_WRITTEN : 0
CPU/Time : 0.5811895451739041
Written/Time : 4.784029635727516
FinishedSize : 2980630.217822373
Add graph Data0.667 <> 0.5811895451739041
-1.0
I/O Intensive
Task Time : 24295
CPU Time : 14120
========================================
Task Size >> {0=4468711, 1=4194304, 2=4194304, 3=4194304, 4=4194304, 5=4194304, 6=4194304, 7=4194304, 8=4194304, 9=4194304, 10=4194304, 11=4194304, 12=4194304, 13=4194304, 14=4194304, 15=4194304, 17=4194304, 16=4194304, 19=4194304, 18=4194304}
Update attemptID:attempt_1454305919848_0072_m_000008_0
attempt_1454305919848_0072_m_000008_0:MAP:MAP:0.667
FILE_BYTES_READ : 0
HDFS_BYTES_READ : 4306658
FILE_BYTES_WRITTEN : 116227
HBW_BYTES_WRITTEN : 0
CPU/Time : 0.5578834935502424
Written/Time : 4.774751458384685
FinishedSize : 2980630.217822373
Add graph Data0.667 <> 0.5578834935502424
-1.0
I/O Intensive
Task Time : 24342
CPU Time : 13580
========================================
Task Size >> {0=4468711, 1=4194304, 2=4194304, 3=4194304, 4=4194304, 5=4194304, 6=4194304, 7=4194304, 8=4194304, 9=4194304, 10=4194304, 11=4194304, 12=4194304, 13=4194304, 14=4194304, 15=4194304, 17=4194304, 16=4194304, 19=4194304, 18=4194304}
Update attemptID:attempt_1454305919848_0072_m_000005_0
TaskStatusClass : >> 0.63303304
attempt_1454305919848_0072_m_000005_0:MAP:SORT:0.3641413
FILE_BYTES_READ : 0
HDFS_BYTES_READ : 2250466
FILE_BYTES_WRITTEN : 116227
HBW_BYTES_WRITTEN : 0
CPU/Time : 0.40138038700135575
Written/Time : 4.774947619243252
FinishedSize : 1627242.167708099
Add graph Data0.3641413 <> 0.40138038700135575
-1.0
I/O Intensive
Task Time : 24341
CPU Time : 9770
========================================
Task Size >> {0=4468711, 1=4194304, 2=4194304, 3=4194304, 4=4194304, 5=4194304, 6=4194304, 7=4194304, 8=4194304, 9=4194304, 10=4194304, 11=4194304, 12=4194304, 13=4194304, 14=4194304, 15=4194304, 17=4194304, 16=4194304, 19=4194304, 18=4194304}
Update attemptID:attempt_1454305919848_0072_m_000011_0
attempt_1454305919848_0072_m_000011_0:MAP:MAP:0.667
FILE_BYTES_READ : 0
HDFS_BYTES_READ : 4257506
FILE_BYTES_WRITTEN : 116228
HBW_BYTES_WRITTEN : 0
CPU/Time : 0.5850234009360374
Written/Time : 4.771656129403071
FinishedSize : 2980630.217822373
Add graph Data0.667 <> 0.5850234009360374
-1.0
I/O Intensive
Task Time : 24358
CPU Time : 14250
========================================
Task Size >> {0=4468711, 1=4194304, 2=4194304, 3=4194304, 4=4194304, 5=4194304, 6=4194304, 7=4194304, 8=4194304, 9=4194304, 10=4194304, 11=4194304, 12=4194304, 13=4194304, 14=4194304, 15=4194304, 17=4194304, 16=4194304, 19=4194304, 18=4194304}
Update attemptID:attempt_1454305919848_0072_m_000007_0
attempt_1454305919848_0072_m_000007_0:MAP:SORT:1.0
FILE_BYTES_READ : 0
HDFS_BYTES_READ : 4306658
FILE_BYTES_WRITTEN : 622393
HBW_BYTES_WRITTEN : 0
CPU/Time : 0.5812998110262099
Written/Time : 25.56868786459617
FinishedSize : 4468711.0
Add graph Data1.0 <> 0.5812998110262099
-1.0
I/O Intensive
Task Time : 24342
CPU Time : 14150
========================================
Task Size >> {0=4468711, 1=4194304, 2=4194304, 3=4194304, 4=4194304, 5=4194304, 6=4194304, 7=4194304, 8=4194304, 9=4194304, 10=4194304, 11=4194304, 12=4194304, 13=4194304, 14=4194304, 15=4194304, 17=4194304, 16=4194304, 19=4194304, 18=4194304}
Update attemptID:attempt_1454305919848_0072_m_000000_0
attempt_1454305919848_0072_m_000000_0:MAP:MAP:0.6619839
FILE_BYTES_READ : 0
HDFS_BYTES_READ : 4441826
FILE_BYTES_WRITTEN : 116227
HBW_BYTES_WRITTEN : 0
CPU/Time : 0.5607054963084496
Written/Time : 4.767309269893355
FinishedSize : 2958214.7680292726
Add graph Data0.6619839 <> 0.5607054963084496
-1.0
I/O Intensive
Task Time : 24380
CPU Time : 13670
========================================
TaskStatusClass : >> 0.667
Task Size >> {0=4468711, 1=4194304, 2=4194304, 3=4194304, 4=4194304, 5=4194304, 6=4194304, 7=4194304, 8=4194304, 9=4194304, 10=4194304, 11=4194304, 12=4194304, 13=4194304, 14=4194304, 15=4194304, 17=4194304, 16=4194304, 19=4194304, 18=4194304}
Update attemptID:attempt_1454305919848_0072_m_000013_0
TaskStatusClass : >> 0.667
attempt_1454305919848_0072_m_000013_0:MAP:SORT:0.667
FILE_BYTES_READ : 0
HDFS_BYTES_READ : 4232930
FILE_BYTES_WRITTEN : 116228
HBW_BYTES_WRITTEN : 0
CPU/Time : 0.5849559335929494
Written/Time : 4.76441893830703
FinishedSize : 2980630.217822373
Add graph Data0.667 <> 0.5849559335929494
TaskStatusClass : >> 0.667
-1.0
I/O Intensive
Task Time : 24395
CPU Time : 14270
========================================
Task Size >> {0=4468711, 1=4194304, 2=4194304, 3=4194304, 4=4194304, 5=4194304, 6=4194304, 7=4194304, 8=4194304, 9=4194304, 10=4194304, 11=4194304, 12=4194304, 13=4194304, 14=4194304, 15=4194304, 17=4194304, 16=4194304, 19=4194304, 18=4194304}
Update attemptID:attempt_1454305919848_0072_m_000014_0
TaskStatusClass : >> 1.0
attempt_1454305919848_0072_m_000014_0:MAP:MAP:0.63303304
FILE_BYTES_READ : 0
HDFS_BYTES_READ : 4003554
FILE_BYTES_WRITTEN : 116228
HBW_BYTES_WRITTEN : 0
CPU/Time : 0.5704092512097105
Written/Time : 4.766177314852785
FinishedSize : 2828841.696635008
Add graph Data0.63303304 <> 0.5704092512097105
0.48535446441205604
I/O Intensive
Task Time : 24386
CPU Time : 13910
========================================
Task Size >> {0=4468711, 1=4194304, 2=4194304, 3=4194304, 4=4194304, 5=4194304, 6=4194304, 7=4194304, 8=4194304, 9=4194304, 10=4194304, 11=4194304, 12=4194304, 13=4194304, 14=4194304, 15=4194304, 17=4194304, 16=4194304, 19=4194304, 18=4194304}
Update attemptID:attempt_1454305919848_0072_m_000008_0
attempt_1454305919848_0072_m_000008_0:MAP:SORT:0.667
FILE_BYTES_READ : 0
HDFS_BYTES_READ : 4306658
FILE_BYTES_WRITTEN : 116227
HBW_BYTES_WRITTEN : 0
CPU/Time : 0.5550559960761874
Written/Time : 4.7505517861522115
FinishedSize : 2980630.217822373
Add graph Data0.667 <> 0.5550559960761874
-1.0
I/O Intensive
Task Time : 24466
CPU Time : 13580
========================================
Task Size >> {0=4468711, 1=4194304, 2=4194304, 3=4194304, 4=4194304, 5=4194304, 6=4194304, 7=4194304, 8=4194304, 9=4194304, 10=4194304, 11=4194304, 12=4194304, 13=4194304, 14=4194304, 15=4194304, 17=4194304, 16=4194304, 19=4194304, 18=4194304}
Update attemptID:attempt_1454305919848_0072_m_000002_0
attempt_1454305919848_0072_m_000002_0:MAP:SORT:0.667
FILE_BYTES_READ : 0
HDFS_BYTES_READ : 4306658
FILE_BYTES_WRITTEN : 116227
HBW_BYTES_WRITTEN : 0
CPU/Time : 0.5622621434709661
Written/Time : 4.756189384949053
FinishedSize : 2980630.217822373
Add graph Data0.667 <> 0.5622621434709661
-1.0
I/O Intensive
Task Time : 24437
CPU Time : 13740
========================================
TaskStatusClass : >> 0.61950165
Task Size >> {0=4468711, 1=4194304, 2=4194304, 3=4194304, 4=4194304, 5=4194304, 6=4194304, 7=4194304, 8=4194304, 9=4194304, 10=4194304, 11=4194304, 12=4194304, 13=4194304, 14=4194304, 15=4194304, 17=4194304, 16=4194304, 19=4194304, 18=4194304}
Update attemptID:attempt_1454305919848_0072_m_000001_0
TaskStatusClass : >> 0.6503417
attempt_1454305919848_0072_m_000001_0:MAP:SORT:1.0
FILE_BYTES_READ : 0
HDFS_BYTES_READ : 4306658
FILE_BYTES_WRITTEN : 672172
HBW_BYTES_WRITTEN : 0
CPU/Time : 0.6618699153754957
Written/Time : 27.47933445075835
FinishedSize : 4468711.0
Add graph Data1.0 <> 0.6618699153754957
0.5327747658945293
I/O Intensive
Task Time : 24461
CPU Time : 16190
========================================
Task Size >> {0=4468711, 1=4194304, 2=4194304, 3=4194304, 4=4194304, 5=4194304, 6=4194304, 7=4194304, 8=4194304, 9=4194304, 10=4194304, 11=4194304, 12=4194304, 13=4194304, 14=4194304, 15=4194304, 17=4194304, 16=4194304, 19=4194304, 18=4194304}
Update attemptID:attempt_1454305919848_0072_m_000002_0
attempt_1454305919848_0072_m_000002_0:MAP:SORT:0.667
FILE_BYTES_READ : 0
HDFS_BYTES_READ : 4306658
FILE_BYTES_WRITTEN : 116227
HBW_BYTES_WRITTEN : 0
CPU/Time : 0.5622391357721581
Written/Time : 4.755994762255503
FinishedSize : 2980630.217822373
Add graph Data0.667 <> 0.5622391357721581
-1.0
I/O Intensive
Task Time : 24438
CPU Time : 13740
========================================
Task Size >> {0=4468711, 1=4194304, 2=4194304, 3=4194304, 4=4194304, 5=4194304, 6=4194304, 7=4194304, 8=4194304, 9=4194304, 10=4194304, 11=4194304, 12=4194304, 13=4194304, 14=4194304, 15=4194304, 17=4194304, 16=4194304, 19=4194304, 18=4194304}
Update attemptID:attempt_1454305919848_0072_m_000003_0
attempt_1454305919848_0072_m_000003_0:MAP:MAP:0.61950165
FILE_BYTES_READ : 0
HDFS_BYTES_READ : 3909346
FILE_BYTES_WRITTEN : 116227
HBW_BYTES_WRITTEN : 0
CPU/Time : 0.5886675375571522
Written/Time : 4.744733834095363
FinishedSize : 2768373.8393630385
Add graph Data0.61950165 <> 0.5886675375571522
-1.0
I/O Intensive
Task Time : 24496
CPU Time : 14420
========================================
Task Size >> {0=4468711, 1=4194304, 2=4194304, 3=4194304, 4=4194304, 5=4194304, 6=4194304, 7=4194304, 8=4194304, 9=4194304, 10=4194304, 11=4194304, 12=4194304, 13=4194304, 14=4194304, 15=4194304, 17=4194304, 16=4194304, 19=4194304, 18=4194304}
Update attemptID:attempt_1454305919848_0072_m_000019_0
attempt_1454305919848_0072_m_000019_0:MAP:MAP:0.6503417
FILE_BYTES_READ : 0
HDFS_BYTES_READ : 4134626
FILE_BYTES_WRITTEN : 116228
HBW_BYTES_WRITTEN : 0
CPU/Time : 0.5476880381994041
Written/Time : 4.7434191731624695
FinishedSize : 2906189.062014401
Add graph Data0.6503417 <> 0.5476880381994041
-1.0
I/O Intensive
Task Time : 24503
CPU Time : 13420
========================================
TaskStatusClass : >> 0.667
TaskStatusClass : >> 1.0
Task Size >> {0=4468711, 1=4194304, 2=4194304, 3=4194304, 4=4194304, 5=4194304, 6=4194304, 7=4194304, 8=4194304, 9=4194304, 10=4194304, 11=4194304, 12=4194304, 13=4194304, 14=4194304, 15=4194304, 17=4194304, 16=4194304, 19=4194304, 18=4194304}
TaskStatusClass : >> 0.6452998
TaskStatusClass : >> 0.34890583
Task Size >> {0=4468711, 1=4194304, 2=4194304, 3=4194304, 4=4194304, 5=4194304, 6=4194304, 7=4194304, 8=4194304, 9=4194304, 10=4194304, 11=4194304, 12=4194304, 13=4194304, 14=4194304, 15=4194304, 17=4194304, 16=4194304, 19=4194304, 18=4194304}
Task Size >> {0=4468711, 1=4194304, 2=4194304, 3=4194304, 4=4194304, 5=4194304, 6=4194304, 7=4194304, 8=4194304, 9=4194304, 10=4194304, 11=4194304, 12=4194304, 13=4194304, 14=4194304, 15=4194304, 17=4194304, 16=4194304, 19=4194304, 18=4194304}
Update attemptID:attempt_1454305919848_0072_m_000012_0
TaskStatusClass : >> 0.667
TaskStatusClass : >> 1.0
TaskStatusClass : >> 1.0
attempt_1454305919848_0072_m_000012_0:MAP:SORT:1.0
FILE_BYTES_READ : 0
HDFS_BYTES_READ : 4306658
FILE_BYTES_WRITTEN : 766255
HBW_BYTES_WRITTEN : 0
CPU/Time : 0.5936686197916666
Written/Time : 31.178995768229168
FinishedSize : 4468711.0
Add graph Data1.0 <> 0.5936686197916666
-1.0
I/O Intensive
Task Time : 24576
CPU Time : 14590
========================================
Task Size >> {0=4468711, 1=4194304, 2=4194304, 3=4194304, 4=4194304, 5=4194304, 6=4194304, 7=4194304, 8=4194304, 9=4194304, 10=4194304, 11=4194304, 12=4194304, 13=4194304, 14=4194304, 15=4194304, 17=4194304, 16=4194304, 19=4194304, 18=4194304}
Update attemptID:attempt_1454305919848_0072_m_000011_0
TaskStatusClass : >> 0.3454003
TaskStatusClass : >> 0.6551009
TaskStatusClass : >> 1.0
attempt_1454305919848_0072_m_000011_0:MAP:SORT:0.667
FILE_BYTES_READ : 0
HDFS_BYTES_READ : 4257506
FILE_BYTES_WRITTEN : 116228
HBW_BYTES_WRITTEN : 0
CPU/Time : 0.5790564427648421
Written/Time : 4.722987524889268
FinishedSize : 2980630.217822373
Add graph Data0.667 <> 0.5790564427648421
-1.0
I/O Intensive
Task Time : 24609
TaskStatusClass : >> 0.667
CPU Time : 14250
========================================
Task Size >> {0=4468711, 1=4194304, 2=4194304, 3=4194304, 4=4194304, 5=4194304, 6=4194304, 7=4194304, 8=4194304, 9=4194304, 10=4194304, 11=4194304, 12=4194304, 13=4194304, 14=4194304, 15=4194304, 17=4194304, 16=4194304, 19=4194304, 18=4194304}
Update attemptID:attempt_1454305919848_0072_m_000010_0
TaskStatusClass : >> 0.667
TaskStatusClass : >> 0.6619839
TaskStatusClass : >> 0.667
attempt_1454305919848_0072_m_000010_0:MAP:MAP:0.6452998
FILE_BYTES_READ : 0
HDFS_BYTES_READ : 4105954
FILE_BYTES_WRITTEN : 116228
HBW_BYTES_WRITTEN : 0
CPU/Time : 0.5812631920766358
Written/Time : 4.717811333008605
FinishedSize : 2883658.280102849
Add graph Data0.6452998 <> 0.5812631920766358
-1.0
I/O Intensive
Task Time : 24636
CPU Time : 14320
========================================
TaskStatusClass : >> 1.0
Task Size >> {0=4468711, 1=4194304, 2=4194304, 3=4194304, 4=4194304, 5=4194304, 6=4194304, 7=4194304, 8=4194304, 9=4194304, 10=4194304, 11=4194304, 12=4194304, 13=4194304, 14=4194304, 15=4194304, 17=4194304, 16=4194304, 19=4194304, 18=4194304}
Update attemptID:attempt_1454305919848_0072_m_000009_0
TaskStatusClass : >> 1.0
attempt_1454305919848_0072_m_000009_0:MAP:SORT:0.667
FILE_BYTES_READ : 0
HDFS_BYTES_READ : 4310754
FILE_BYTES_WRITTEN : 116227
HBW_BYTES_WRITTEN : 0
CPU/Time : 0.5538237318327193
Written/Time : 4.705356058459172
FinishedSize : 1559159.327525109
Add graph Data0.34890583 <> 0.5538237318327193
-1.0
I/O Intensive
Task Time : 24701
CPU Time : 13680
========================================
Task Size >> {0=4468711, 1=4194304, 2=4194304, 3=4194304, 4=4194304, 5=4194304, 6=4194304, 7=4194304, 8=4194304, 9=4194304, 10=4194304, 11=4194304, 12=4194304, 13=4194304, 14=4194304, 15=4194304, 17=4194304, 16=4194304, 19=4194304, 18=4194304}
Update attemptID:attempt_1454305919848_0072_m_000009_0
attempt_1454305919848_0072_m_000009_0:MAP:SORT:0.667
FILE_BYTES_READ : 0
HDFS_BYTES_READ : 4310754
FILE_BYTES_WRITTEN : 116227
HBW_BYTES_WRITTEN : 0
CPU/Time : 0.5538013116346855
Written/Time : 4.705165573637762
FinishedSize : 2980630.217822373
Add graph Data0.667 <> 0.5538013116346855
-1.0
I/O Intensive
Task Time : 24702
CPU Time : 13680
========================================
Task Size >> {0=4468711, 1=4194304, 2=4194304, 3=4194304, 4=4194304, 5=4194304, 6=4194304, 7=4194304, 8=4194304, 9=4194304, 10=4194304, 11=4194304, 12=4194304, 13=4194304, 14=4194304, 15=4194304, 17=4194304, 16=4194304, 19=4194304, 18=4194304}
Update attemptID:attempt_1454305919848_0072_m_000017_0
attempt_1454305919848_0072_m_000017_0:MAP:SORT:1.0
FILE_BYTES_READ : 0
HDFS_BYTES_READ : 4306658
FILE_BYTES_WRITTEN : 674512
HBW_BYTES_WRITTEN : 0
CPU/Time : 0.6036087062060037
Written/Time : 27.288291933004288
FinishedSize : 4468711.0
Add graph Data1.0 <> 0.6036087062060037
-1.0
I/O Intensive
Task Time : 24718
CPU Time : 14920
========================================
TaskStatusClass : >> 1.0
Task Size >> {0=4468711, 1=4194304, 2=4194304, 3=4194304, 4=4194304, 5=4194304, 6=4194304, 7=4194304, 8=4194304, 9=4194304, 10=4194304, 11=4194304, 12=4194304, 13=4194304, 14=4194304, 15=4194304, 17=4194304, 16=4194304, 19=4194304, 18=4194304}
Update attemptID:attempt_1454305919848_0072_m_000005_0
attempt_1454305919848_0072_m_000005_0:MAP:SORT:1.0
FILE_BYTES_READ : 0
HDFS_BYTES_READ : 4306658
FILE_BYTES_WRITTEN : 694445
HBW_BYTES_WRITTEN : 0
CPU/Time : 0.5636135913700456
Written/Time : 28.057250212112642
FinishedSize : 4468711.0
Add graph Data1.0 <> 0.5636135913700456
-1.0
I/O Intensive
Task Time : 24751
CPU Time : 13950
========================================
Task Size >> {0=4468711, 1=4194304, 2=4194304, 3=4194304, 4=4194304, 5=4194304, 6=4194304, 7=4194304, 8=4194304, 9=4194304, 10=4194304, 11=4194304, 12=4194304, 13=4194304, 14=4194304, 15=4194304, 17=4194304, 16=4194304, 19=4194304, 18=4194304}
Update attemptID:attempt_1454305919848_0072_m_000004_0
attempt_1454305919848_0072_m_000004_0:MAP:SORT:0.6551009
FILE_BYTES_READ : 0
HDFS_BYTES_READ : 4134626
FILE_BYTES_WRITTEN : 116227
HBW_BYTES_WRITTEN : 0
CPU/Time : 0.5589861565161238
Written/Time : 4.690923033458449
FinishedSize : 2927456.5177416205
Add graph Data0.6551009 <> 0.5589861565161238
-1.0
I/O Intensive
Task Time : 24777
CPU Time : 13850
========================================
Task Size >> {0=4468711, 1=4194304, 2=4194304, 3=4194304, 4=4194304, 5=4194304, 6=4194304, 7=4194304, 8=4194304, 9=4194304, 10=4194304, 11=4194304, 12=4194304, 13=4194304, 14=4194304, 15=4194304, 17=4194304, 16=4194304, 19=4194304, 18=4194304}
Update attemptID:attempt_1454305919848_0072_m_000015_0
attempt_1454305919848_0072_m_000015_0:MAP:SORT:0.667
FILE_BYTES_READ : 0
HDFS_BYTES_READ : 4306658
FILE_BYTES_WRITTEN : 116228
HBW_BYTES_WRITTEN : 0
CPU/Time : 0.5953150242326333
Written/Time : 4.694184168012924
FinishedSize : 1543494.136110574
Add graph Data0.3454003 <> 0.5953150242326333
-1.0
I/O Intensive
Task Time : 24760
CPU Time : 14740
========================================
Task Size >> {0=4468711, 1=4194304, 2=4194304, 3=4194304, 4=4194304, 5=4194304, 6=4194304, 7=4194304, 8=4194304, 9=4194304, 10=4194304, 11=4194304, 12=4194304, 13=4194304, 14=4194304, 15=4194304, 17=4194304, 16=4194304, 19=4194304, 18=4194304}
Update attemptID:attempt_1454305919848_0072_m_000013_0
attempt_1454305919848_0072_m_000013_0:MAP:SORT:1.0
FILE_BYTES_READ : 0
HDFS_BYTES_READ : 4306658
FILE_BYTES_WRITTEN : 712168
HBW_BYTES_WRITTEN : 0
CPU/Time : 0.6309071815170854
Written/Time : 28.765166814766943
FinishedSize : 4468711.0
Add graph Data1.0 <> 0.6309071815170854
-1.0
I/O Intensive
Task Time : 24758
CPU Time : 15620
========================================
Task Size >> {0=4468711, 1=4194304, 2=4194304, 3=4194304, 4=4194304, 5=4194304, 6=4194304, 7=4194304, 8=4194304, 9=4194304, 10=4194304, 11=4194304, 12=4194304, 13=4194304, 14=4194304, 15=4194304, 17=4194304, 16=4194304, 19=4194304, 18=4194304}
Update attemptID:attempt_1454305919848_0072_m_000006_0
attempt_1454305919848_0072_m_000006_0:MAP:MAP:0.667
FILE_BYTES_READ : 0
HDFS_BYTES_READ : 4232930
FILE_BYTES_WRITTEN : 116227
HBW_BYTES_WRITTEN : 0
CPU/Time : 0.5768455022186365
Written/Time : 4.688463089955627
FinishedSize : 2980630.217822373
Add graph Data0.667 <> 0.5768455022186365
-1.0
I/O Intensive
Task Time : 24790
CPU Time : 14300
========================================
Task Size >> {0=4468711, 1=4194304, 2=4194304, 3=4194304, 4=4194304, 5=4194304, 6=4194304, 7=4194304, 8=4194304, 9=4194304, 10=4194304, 11=4194304, 12=4194304, 13=4194304, 14=4194304, 15=4194304, 17=4194304, 16=4194304, 19=4194304, 18=4194304}
Update attemptID:attempt_1454305919848_0072_m_000000_0
attempt_1454305919848_0072_m_000000_0:MAP:SORT:0.6619839
FILE_BYTES_READ : 0
HDFS_BYTES_READ : 4441826
FILE_BYTES_WRITTEN : 116227
HBW_BYTES_WRITTEN : 0
CPU/Time : 0.5505436971405557
Written/Time : 4.680910189287153
FinishedSize : 2958214.7680292726
Add graph Data0.6619839 <> 0.5505436971405557
-1.0
I/O Intensive
Task Time : 24830
CPU Time : 13670
========================================
Task Size >> {0=4468711, 1=4194304, 2=4194304, 3=4194304, 4=4194304, 5=4194304, 6=4194304, 7=4194304, 8=4194304, 9=4194304, 10=4194304, 11=4194304, 12=4194304, 13=4194304, 14=4194304, 15=4194304, 17=4194304, 16=4194304, 19=4194304, 18=4194304}
Update attemptID:attempt_1454305919848_0072_m_000015_0
attempt_1454305919848_0072_m_000015_0:MAP:SORT:0.667
FILE_BYTES_READ : 0
HDFS_BYTES_READ : 4306658
FILE_BYTES_WRITTEN : 116228
HBW_BYTES_WRITTEN : 0
CPU/Time : 0.5939237650092675
Written/Time : 4.68321379643807
FinishedSize : 2980630.217822373
Add graph Data0.667 <> 0.5939237650092675
-1.0
I/O Intensive
Task Time : 24818
CPU Time : 14740
========================================
Task Size >> {0=4468711, 1=4194304, 2=4194304, 3=4194304, 4=4194304, 5=4194304, 6=4194304, 7=4194304, 8=4194304, 9=4194304, 10=4194304, 11=4194304, 12=4194304, 13=4194304, 14=4194304, 15=4194304, 17=4194304, 16=4194304, 19=4194304, 18=4194304}
Update attemptID:attempt_1454305919848_0072_m_000016_0
attempt_1454305919848_0072_m_000016_0:MAP:MAP:0.667
FILE_BYTES_READ : 0
HDFS_BYTES_READ : 4273890
FILE_BYTES_WRITTEN : 116228
HBW_BYTES_WRITTEN : 0
CPU/Time : 0.5484313251068634
Written/Time : 4.686990886361803
FinishedSize : 2980630.217822373
Add graph Data0.667 <> 0.5484313251068634
-1.0
I/O Intensive
Task Time : 24798
CPU Time : 13600
========================================
Task Size >> {0=4468711, 1=4194304, 2=4194304, 3=4194304, 4=4194304, 5=4194304, 6=4194304, 7=4194304, 8=4194304, 9=4194304, 10=4194304, 11=4194304, 12=4194304, 13=4194304, 14=4194304, 15=4194304, 17=4194304, 16=4194304, 19=4194304, 18=4194304}
Update attemptID:attempt_1454305919848_0072_m_000008_0
attempt_1454305919848_0072_m_000008_0:MAP:SORT:1.0
FILE_BYTES_READ : 0
HDFS_BYTES_READ : 4306658
FILE_BYTES_WRITTEN : 658134
HBW_BYTES_WRITTEN : 0
CPU/Time : 0.5914518917614893
Written/Time : 26.461903421655744
FinishedSize : 4468711.0
Add graph Data1.0 <> 0.5914518917614893
-1.0
I/O Intensive
Task Time : 24871
CPU Time : 14710
========================================
Task Size >> {0=4468711, 1=4194304, 2=4194304, 3=4194304, 4=4194304, 5=4194304, 6=4194304, 7=4194304, 8=4194304, 9=4194304, 10=4194304, 11=4194304, 12=4194304, 13=4194304, 14=4194304, 15=4194304, 17=4194304, 16=4194304, 19=4194304, 18=4194304}
Task Size >> {0=4468711, 1=4194304, 2=4194304, 3=4194304, 4=4194304, 5=4194304, 6=4194304, 7=4194304, 8=4194304, 9=4194304, 10=4194304, 11=4194304, 12=4194304, 13=4194304, 14=4194304, 15=4194304, 17=4194304, 16=4194304, 19=4194304, 18=4194304}
Update attemptID:attempt_1454305919848_0072_m_000005_0
attempt_1454305919848_0072_m_000005_0:MAP:SORT:1.0
FILE_BYTES_READ : 0
HDFS_BYTES_READ : 4306658
FILE_BYTES_WRITTEN : 694445
HBW_BYTES_WRITTEN : 0
CPU/Time : 0.5652786159726413
Written/Time : 27.939851136592235
FinishedSize : 4468711.0
Add graph Data1.0 <> 0.5652786159726413
-1.0
I/O Intensive
Task Time : 24855
CPU Time : 14050
========================================
TaskStatusClass : >> 1.0
Task Size >> {0=4468711, 1=4194304, 2=4194304, 3=4194304, 4=4194304, 5=4194304, 6=4194304, 7=4194304, 8=4194304, 9=4194304, 10=4194304, 11=4194304, 12=4194304, 13=4194304, 14=4194304, 15=4194304, 17=4194304, 16=4194304, 19=4194304, 18=4194304}
Update attemptID:attempt_1454305919848_0072_m_000002_0
attempt_1454305919848_0072_m_000002_0:MAP:SORT:1.0
FILE_BYTES_READ : 0
HDFS_BYTES_READ : 4306658
FILE_BYTES_WRITTEN : 588072
HBW_BYTES_WRITTEN : 0
CPU/Time : 0.5893941221404736
Written/Time : 23.642986370763477
FinishedSize : 4468711.0
Add graph Data1.0 <> 0.5893941221404736
-1.0
I/O Intensive
Task Time : 24873
CPU Time : 14660
========================================
TaskStatusClass : >> 0.667
TaskStatusClass : >> 1.0
Task Size >> {0=4468711, 1=4194304, 2=4194304, 3=4194304, 4=4194304, 5=4194304, 6=4194304, 7=4194304, 8=4194304, 9=4194304, 10=4194304, 11=4194304, 12=4194304, 13=4194304, 14=4194304, 15=4194304, 17=4194304, 16=4194304, 19=4194304, 18=4194304}
TaskStatusClass : >> 0.667
Task Size >> {0=4468711, 1=4194304, 2=4194304, 3=4194304, 4=4194304, 5=4194304, 6=4194304, 7=4194304, 8=4194304, 9=4194304, 10=4194304, 11=4194304, 12=4194304, 13=4194304, 14=4194304, 15=4194304, 17=4194304, 16=4194304, 19=4194304, 18=4194304}
Task Size >> {0=4468711, 1=4194304, 2=4194304, 3=4194304, 4=4194304, 5=4194304, 6=4194304, 7=4194304, 8=4194304, 9=4194304, 10=4194304, 11=4194304, 12=4194304, 13=4194304, 14=4194304, 15=4194304, 17=4194304, 16=4194304, 19=4194304, 18=4194304}
Update attemptID:attempt_1454305919848_0072_m_000011_0
TaskStatusClass : >> 0.63303304
TaskStatusClass : >> 0.6503417
attempt_1454305919848_0072_m_000011_0:MAP:SORT:1.0
FILE_BYTES_READ : 0
HDFS_BYTES_READ : 4310754
FILE_BYTES_WRITTEN : 732352
HBW_BYTES_WRITTEN : 0
CPU/Time : 0.6239500839932806
Written/Time : 29.291736661067116
FinishedSize : 4468711.0
Add graph Data1.0 <> 0.6239500839932806
-1.0
I/O Intensive
Task Time : 25002
CPU Time : 15600
========================================
TaskStatusClass : >> 1.0
Task Size >> {0=4468711, 1=4194304, 2=4194304, 3=4194304, 4=4194304, 5=4194304, 6=4194304, 7=4194304, 8=4194304, 9=4194304, 10=4194304, 11=4194304, 12=4194304, 13=4194304, 14=4194304, 15=4194304, 17=4194304, 16=4194304, 19=4194304, 18=4194304}
Update attemptID:attempt_1454305919848_0072_m_000006_0
attempt_1454305919848_0072_m_000006_0:MAP:SORT:0.667
FILE_BYTES_READ : 0
HDFS_BYTES_READ : 4232930
FILE_BYTES_WRITTEN : 116227
HBW_BYTES_WRITTEN : 0
CPU/Time : 0.5722288915566226
Written/Time : 4.65094037615046
FinishedSize : 2980630.217822373
Add graph Data0.667 <> 0.5722288915566226
-1.0
I/O Intensive
Task Time : 24990
CPU Time : 14300
========================================
TaskStatusClass : >> 1.0
TaskStatusClass : >> 0.667
Task Size >> {0=4468711, 1=4194304, 2=4194304, 3=4194304, 4=4194304, 5=4194304, 6=4194304, 7=4194304, 8=4194304, 9=4194304, 10=4194304, 11=4194304, 12=4194304, 13=4194304, 14=4194304, 15=4194304, 17=4194304, 16=4194304, 19=4194304, 18=4194304}
Update attemptID:attempt_1454305919848_0072_m_000009_0
TaskStatusClass : >> 1.0
attempt_1454305919848_0072_m_000009_0:MAP:SORT:1.0
FILE_BYTES_READ : 0
HDFS_BYTES_READ : 4310754
FILE_BYTES_WRITTEN : 702145
HBW_BYTES_WRITTEN : 0
CPU/Time : 0.5797912751409493
Written/Time : 28.07569275060978
FinishedSize : 4468711.0
Add graph Data1.0 <> 0.5797912751409493
-1.0
I/O Intensive
Task Time : 25009
CPU Time : 14500
========================================
Task Size >> {0=4468711, 1=4194304, 2=4194304, 3=4194304, 4=4194304, 5=4194304, 6=4194304, 7=4194304, 8=4194304, 9=4194304, 10=4194304, 11=4194304, 12=4194304, 13=4194304, 14=4194304, 15=4194304, 17=4194304, 16=4194304, 19=4194304, 18=4194304}
Update attemptID:attempt_1454305919848_0072_m_000016_0
TaskStatusClass : >> 0.6452998
attempt_1454305919848_0072_m_000016_0:MAP:SORT:0.667
FILE_BYTES_READ : 0
HDFS_BYTES_READ : 4273890
FILE_BYTES_WRITTEN : 116228
HBW_BYTES_WRITTEN : 0
CPU/Time : 0.5430659266062373
Written/Time : 4.641137243940422
FinishedSize : 2980630.217822373
Add graph Data0.667 <> 0.5430659266062373
-1.0
I/O Intensive
Task Time : 25043
CPU Time : 13600
========================================
Task Size >> {0=4468711, 1=4194304, 2=4194304, 3=4194304, 4=4194304, 5=4194304, 6=4194304, 7=4194304, 8=4194304, 9=4194304, 10=4194304, 11=4194304, 12=4194304, 13=4194304, 14=4194304, 15=4194304, 17=4194304, 16=4194304, 19=4194304, 18=4194304}
Task Size >> {0=4468711, 1=4194304, 2=4194304, 3=4194304, 4=4194304, 5=4194304, 6=4194304, 7=4194304, 8=4194304, 9=4194304, 10=4194304, 11=4194304, 12=4194304, 13=4194304, 14=4194304, 15=4194304, 17=4194304, 16=4194304, 19=4194304, 18=4194304}
Task Size >> {0=4468711, 1=4194304, 2=4194304, 3=4194304, 4=4194304, 5=4194304, 6=4194304, 7=4194304, 8=4194304, 9=4194304, 10=4194304, 11=4194304, 12=4194304, 13=4194304, 14=4194304, 15=4194304, 17=4194304, 16=4194304, 19=4194304, 18=4194304}
Update attemptID:attempt_1454305919848_0072_m_000014_0
attempt_1454305919848_0072_m_000014_0:MAP:SORT:0.63303304
FILE_BYTES_READ : 0
HDFS_BYTES_READ : 4003554
FILE_BYTES_WRITTEN : 116228
HBW_BYTES_WRITTEN : 0
CPU/Time : 0.5548021697511167
Written/Time : 4.635768985322271
FinishedSize : 2828841.696635008
Add graph Data0.63303304 <> 0.5548021697511167
0.48535446441205604
I/O Intensive
Task Time : 25072
CPU Time : 13910
========================================
Task Size >> {0=4468711, 1=4194304, 2=4194304, 3=4194304, 4=4194304, 5=4194304, 6=4194304, 7=4194304, 8=4194304, 9=4194304, 10=4194304, 11=4194304, 12=4194304, 13=4194304, 14=4194304, 15=4194304, 17=4194304, 16=4194304, 19=4194304, 18=4194304}
Update attemptID:attempt_1454305919848_0072_m_000019_0
attempt_1454305919848_0072_m_000019_0:MAP:SORT:0.6503417
FILE_BYTES_READ : 0
HDFS_BYTES_READ : 4134626
FILE_BYTES_WRITTEN : 116228
HBW_BYTES_WRITTEN : 0
CPU/Time : 0.5349597384995615
Written/Time : 4.633181854420792
FinishedSize : 2906189.062014401
Add graph Data0.6503417 <> 0.5349597384995615
-1.0
I/O Intensive
Task Time : 25086
CPU Time : 13420
========================================
Task Size >> {0=4468711, 1=4194304, 2=4194304, 3=4194304, 4=4194304, 5=4194304, 6=4194304, 7=4194304, 8=4194304, 9=4194304, 10=4194304, 11=4194304, 12=4194304, 13=4194304, 14=4194304, 15=4194304, 17=4194304, 16=4194304, 19=4194304, 18=4194304}
Update attemptID:attempt_1454305919848_0072_m_000015_0
attempt_1454305919848_0072_m_000015_0:MAP:SORT:1.0
FILE_BYTES_READ : 0
HDFS_BYTES_READ : 4306658
FILE_BYTES_WRITTEN : 687446
HBW_BYTES_WRITTEN : 0
CPU/Time : 0.6243036765876174
Written/Time : 27.35341397421614
FinishedSize : 4468711.0
Add graph Data1.0 <> 0.6243036765876174
-1.0
I/O Intensive
Task Time : 25132
CPU Time : 15690
========================================
Task Size >> {0=4468711, 1=4194304, 2=4194304, 3=4194304, 4=4194304, 5=4194304, 6=4194304, 7=4194304, 8=4194304, 9=4194304, 10=4194304, 11=4194304, 12=4194304, 13=4194304, 14=4194304, 15=4194304, 17=4194304, 16=4194304, 19=4194304, 18=4194304}
Task Size >> {0=4468711, 1=4194304, 2=4194304, 3=4194304, 4=4194304, 5=4194304, 6=4194304, 7=4194304, 8=4194304, 9=4194304, 10=4194304, 11=4194304, 12=4194304, 13=4194304, 14=4194304, 15=4194304, 17=4194304, 16=4194304, 19=4194304, 18=4194304}
Update attemptID:attempt_1454305919848_0072_m_000018_0
TaskStatusClass : >> 0.667
attempt_1454305919848_0072_m_000018_0:MAP:MAP:0.667
FILE_BYTES_READ : 0
HDFS_BYTES_READ : 4306658
FILE_BYTES_WRITTEN : 116228
HBW_BYTES_WRITTEN : 0
CPU/Time : 0.5496996937273776
Written/Time : 4.623046020444692
FinishedSize : 2980630.217822373
Add graph Data0.667 <> 0.5496996937273776
-1.0
I/O Intensive
Task Time : 25141
CPU Time : 13820
========================================
TaskStatusClass : >> 0.61950165
Task Size >> {0=4468711, 1=4194304, 2=4194304, 3=4194304, 4=4194304, 5=4194304, 6=4194304, 7=4194304, 8=4194304, 9=4194304, 10=4194304, 11=4194304, 12=4194304, 13=4194304, 14=4194304, 15=4194304, 17=4194304, 16=4194304, 19=4194304, 18=4194304}
Update attemptID:attempt_1454305919848_0072_m_000004_0
attempt_1454305919848_0072_m_000004_0:MAP:SORT:1.0
FILE_BYTES_READ : 0
HDFS_BYTES_READ : 4306658
FILE_BYTES_WRITTEN : 773839
HBW_BYTES_WRITTEN : 0
CPU/Time : 0.6133725552552075
Written/Time : 30.76160756877087
FinishedSize : 4468711.0
Add graph Data1.0 <> 0.6133725552552075
-1.0
I/O Intensive
Task Time : 25156
CPU Time : 15430
========================================
Task Size >> {0=4468711, 1=4194304, 2=4194304, 3=4194304, 4=4194304, 5=4194304, 6=4194304, 7=4194304, 8=4194304, 9=4194304, 10=4194304, 11=4194304, 12=4194304, 13=4194304, 14=4194304, 15=4194304, 17=4194304, 16=4194304, 19=4194304, 18=4194304}
Update attemptID:attempt_1454305919848_0072_m_000000_0
attempt_1454305919848_0072_m_000000_0:MAP:SORT:1.0
FILE_BYTES_READ : 0
HDFS_BYTES_READ : 4576969
FILE_BYTES_WRITTEN : 645010
HBW_BYTES_WRITTEN : 0
CPU/Time : 0.6006280558095163
Written/Time : 25.639384664308146
FinishedSize : 4468711.0
Add graph Data1.0 <> 0.6006280558095163
-1.0
I/O Intensive
Task Time : 25157
CPU Time : 15110
========================================
Task Size >> {0=4468711, 1=4194304, 2=4194304, 3=4194304, 4=4194304, 5=4194304, 6=4194304, 7=4194304, 8=4194304, 9=4194304, 10=4194304, 11=4194304, 12=4194304, 13=4194304, 14=4194304, 15=4194304, 17=4194304, 16=4194304, 19=4194304, 18=4194304}
Update attemptID:attempt_1454305919848_0072_m_000010_0
attempt_1454305919848_0072_m_000010_0:MAP:SORT:0.6452998
FILE_BYTES_READ : 0
HDFS_BYTES_READ : 4105954
FILE_BYTES_WRITTEN : 116228
HBW_BYTES_WRITTEN : 0
CPU/Time : 0.5689312673818038
Written/Time : 4.61771950735002
FinishedSize : 2883658.280102849
Add graph Data0.6452998 <> 0.5689312673818038
-1.0
I/O Intensive
Task Time : 25170
CPU Time : 14320
========================================
TaskStatusClass : >> 1.0
Task Size >> {0=4468711, 1=4194304, 2=4194304, 3=4194304, 4=4194304, 5=4194304, 6=4194304, 7=4194304, 8=4194304, 9=4194304, 10=4194304, 11=4194304, 12=4194304, 13=4194304, 14=4194304, 15=4194304, 17=4194304, 16=4194304, 19=4194304, 18=4194304}
Task Size >> {0=4468711, 1=4194304, 2=4194304, 3=4194304, 4=4194304, 5=4194304, 6=4194304, 7=4194304, 8=4194304, 9=4194304, 10=4194304, 11=4194304, 12=4194304, 13=4194304, 14=4194304, 15=4194304, 17=4194304, 16=4194304, 19=4194304, 18=4194304}
Task Size >> {0=4468711, 1=4194304, 2=4194304, 3=4194304, 4=4194304, 5=4194304, 6=4194304, 7=4194304, 8=4194304, 9=4194304, 10=4194304, 11=4194304, 12=4194304, 13=4194304, 14=4194304, 15=4194304, 17=4194304, 16=4194304, 19=4194304, 18=4194304}
Update attemptID:attempt_1454305919848_0072_m_000018_0
TaskStatusClass : >> 1.0
TaskStatusClass : >> 1.0
attempt_1454305919848_0072_m_000018_0:MAP:SORT:0.667
FILE_BYTES_READ : 0
HDFS_BYTES_READ : 4306658
FILE_BYTES_WRITTEN : 116228
HBW_BYTES_WRITTEN : 0
CPU/Time : 0.5454904282612986
Written/Time : 4.5876455496348925
FinishedSize : 2980630.217822373
Add graph Data0.667 <> 0.5454904282612986
-1.0
I/O Intensive
Task Time : 25335
CPU Time : 13820
========================================
Task Size >> {0=4468711, 1=4194304, 2=4194304, 3=4194304, 4=4194304, 5=4194304, 6=4194304, 7=4194304, 8=4194304, 9=4194304, 10=4194304, 11=4194304, 12=4194304, 13=4194304, 14=4194304, 15=4194304, 17=4194304, 16=4194304, 19=4194304, 18=4194304}
Update attemptID:attempt_1454305919848_0072_m_000003_0
TaskStatusClass : >> 1.0
attempt_1454305919848_0072_m_000003_0:MAP:SORT:0.61950165
FILE_BYTES_READ : 0
HDFS_BYTES_READ : 3909346
FILE_BYTES_WRITTEN : 116227
HBW_BYTES_WRITTEN : 0
CPU/Time : 0.5696002528045505
Written/Time : 4.5910491388845
FinishedSize : 2768373.8393630385
Add graph Data0.61950165 <> 0.5696002528045505
-1.0
I/O Intensive
Task Time : 25316
CPU Time : 14420
========================================
Task Size >> {0=4468711, 1=4194304, 2=4194304, 3=4194304, 4=4194304, 5=4194304, 6=4194304, 7=4194304, 8=4194304, 9=4194304, 10=4194304, 11=4194304, 12=4194304, 13=4194304, 14=4194304, 15=4194304, 17=4194304, 16=4194304, 19=4194304, 18=4194304}
Task Size >> {0=4468711, 1=4194304, 2=4194304, 3=4194304, 4=4194304, 5=4194304, 6=4194304, 7=4194304, 8=4194304, 9=4194304, 10=4194304, 11=4194304, 12=4194304, 13=4194304, 14=4194304, 15=4194304, 17=4194304, 16=4194304, 19=4194304, 18=4194304}
Update attemptID:attempt_1454305919848_0072_m_000006_0
attempt_1454305919848_0072_m_000006_0:MAP:SORT:1.0
FILE_BYTES_READ : 0
HDFS_BYTES_READ : 4306658
FILE_BYTES_WRITTEN : 637655
HBW_BYTES_WRITTEN : 0
CPU/Time : 0.6216675224139974
Written/Time : 25.184841423436943
FinishedSize : 4468711.0
Add graph Data1.0 <> 0.6216675224139974
-1.0
I/O Intensive
Task Time : 25319
CPU Time : 15740
========================================
Task Size >> {0=4468711, 1=4194304, 2=4194304, 3=4194304, 4=4194304, 5=4194304, 6=4194304, 7=4194304, 8=4194304, 9=4194304, 10=4194304, 11=4194304, 12=4194304, 13=4194304, 14=4194304, 15=4194304, 17=4194304, 16=4194304, 19=4194304, 18=4194304}
Task Size >> {0=4468711, 1=4194304, 2=4194304, 3=4194304, 4=4194304, 5=4194304, 6=4194304, 7=4194304, 8=4194304, 9=4194304, 10=4194304, 11=4194304, 12=4194304, 13=4194304, 14=4194304, 15=4194304, 17=4194304, 16=4194304, 19=4194304, 18=4194304}
Update attemptID:attempt_1454305919848_0072_m_000016_0
TaskStatusClass : >> 1.0
attempt_1454305919848_0072_m_000016_0:MAP:SORT:1.0
FILE_BYTES_READ : 0
HDFS_BYTES_READ : 4306658
FILE_BYTES_WRITTEN : 670724
HBW_BYTES_WRITTEN : 0
CPU/Time : 0.5863820737998661
Written/Time : 26.41373606899539
FinishedSize : 4468711.0
Add graph Data1.0 <> 0.5863820737998661
-1.0
I/O Intensive
Task Time : 25393
CPU Time : 14890
========================================
Task Size >> {0=4468711, 1=4194304, 2=4194304, 3=4194304, 4=4194304, 5=4194304, 6=4194304, 7=4194304, 8=4194304, 9=4194304, 10=4194304, 11=4194304, 12=4194304, 13=4194304, 14=4194304, 15=4194304, 17=4194304, 16=4194304, 19=4194304, 18=4194304}
Update attemptID:attempt_1454305919848_0072_m_000014_0
attempt_1454305919848_0072_m_000014_0:MAP:SORT:1.0
FILE_BYTES_READ : 0
HDFS_BYTES_READ : 4306658
FILE_BYTES_WRITTEN : 691056
HBW_BYTES_WRITTEN : 0
CPU/Time : 0.6156209382015834
Written/Time : 27.218716767103864
FinishedSize : 4468711.0
Add graph Data1.0 <> 0.6156209382015834
0.48535446441205604
I/O Intensive
Task Time : 25389
CPU Time : 15630
========================================
Task Size >> {0=4468711, 1=4194304, 2=4194304, 3=4194304, 4=4194304, 5=4194304, 6=4194304, 7=4194304, 8=4194304, 9=4194304, 10=4194304, 11=4194304, 12=4194304, 13=4194304, 14=4194304, 15=4194304, 17=4194304, 16=4194304, 19=4194304, 18=4194304}
Task Size >> {0=4468711, 1=4194304, 2=4194304, 3=4194304, 4=4194304, 5=4194304, 6=4194304, 7=4194304, 8=4194304, 9=4194304, 10=4194304, 11=4194304, 12=4194304, 13=4194304, 14=4194304, 15=4194304, 17=4194304, 16=4194304, 19=4194304, 18=4194304}
Update attemptID:attempt_1454305919848_0072_m_000019_0
attempt_1454305919848_0072_m_000019_0:MAP:SORT:1.0
FILE_BYTES_READ : 0
HDFS_BYTES_READ : 4306658
FILE_BYTES_WRITTEN : 753180
HBW_BYTES_WRITTEN : 0
CPU/Time : 0.5887445887445888
Written/Time : 29.641086186540733
FinishedSize : 4468711.0
Add graph Data1.0 <> 0.5887445887445888
-1.0
I/O Intensive
Task Time : 25410
CPU Time : 14960
========================================
Task ID >> task_1454305919848_0072_m_000006 , runningTaskAttemptID >> attempt_1454305919848_0072_m_000006_0
Now >> 1454381727187 taskAttemptStartTime >> 1454381701690 , estimatedRunTime >> 25319 , estimatedEndTime >> 1454381727009
Task ID >> task_1454305919848_0072_m_000014 , runningTaskAttemptID >> attempt_1454305919848_0072_m_000014_0
Now >> 1454381727187 taskAttemptStartTime >> 1454381701692 , estimatedRunTime >> 25389 , estimatedEndTime >> 1454381727081
Task ID >> task_1454305919848_0072_m_000003 , runningTaskAttemptID >> attempt_1454305919848_0072_m_000003_0
Now >> 1454381727187 taskAttemptStartTime >> 1454381701684 , estimatedRunTime >> 40865 , estimatedEndTime >> 1454381742549
Task ID >> task_1454305919848_0072_m_000018 , runningTaskAttemptID >> attempt_1454305919848_0072_m_000018_0
Now >> 1454381727187 taskAttemptStartTime >> 1454381701664 , estimatedRunTime >> 37983 , estimatedEndTime >> 1454381739647
Task ID >> task_1454305919848_0072_m_000016 , runningTaskAttemptID >> attempt_1454305919848_0072_m_000016_0
Now >> 1454381727187 taskAttemptStartTime >> 1454381701688 , estimatedRunTime >> 25393 , estimatedEndTime >> 1454381727081
Task Size >> {0=4468711, 1=4194304, 2=4194304, 3=4194304, 4=4194304, 5=4194304, 6=4194304, 7=4194304, 8=4194304, 9=4194304, 10=4194304, 11=4194304, 12=4194304, 13=4194304, 14=4194304, 15=4194304, 17=4194304, 16=4194304, 19=4194304, 18=4194304}
Update attemptID:attempt_1454305919848_0072_m_000010_0
attempt_1454305919848_0072_m_000010_0:MAP:SORT:1.0
FILE_BYTES_READ : 0
HDFS_BYTES_READ : 4306658
FILE_BYTES_WRITTEN : 650667
HBW_BYTES_WRITTEN : 0
CPU/Time : 0.6283810270482164
Written/Time : 25.506350450803605
FinishedSize : 4468711.0
Add graph Data1.0 <> 0.6283810270482164
-1.0
I/O Intensive
Task Time : 25510
CPU Time : 16030
========================================
TaskStatusClass : >> 1.0
Task ID >> task_1454305919848_0072_m_000010 , runningTaskAttemptID >> attempt_1454305919848_0072_m_000010_0
Now >> 1454381727187 taskAttemptStartTime >> 1454381701671 , estimatedRunTime >> 39005 , estimatedEndTime >> 1454381740676
Task ID >> task_1454305919848_0072_m_000019 , runningTaskAttemptID >> attempt_1454305919848_0072_m_000019_0
Now >> 1454381727187 taskAttemptStartTime >> 1454381701679 , estimatedRunTime >> 25410 , estimatedEndTime >> 1454381727089
Task Size >> {0=4468711, 1=4194304, 2=4194304, 3=4194304, 4=4194304, 5=4194304, 6=4194304, 7=4194304, 8=4194304, 9=4194304, 10=4194304, 11=4194304, 12=4194304, 13=4194304, 14=4194304, 15=4194304, 17=4194304, 16=4194304, 19=4194304, 18=4194304}
Task Size >> {0=4468711, 1=4194304, 2=4194304, 3=4194304, 4=4194304, 5=4194304, 6=4194304, 7=4194304, 8=4194304, 9=4194304, 10=4194304, 11=4194304, 12=4194304, 13=4194304, 14=4194304, 15=4194304, 17=4194304, 16=4194304, 19=4194304, 18=4194304}
Task Size >> {0=4468711, 1=4194304, 2=4194304, 3=4194304, 4=4194304, 5=4194304, 6=4194304, 7=4194304, 8=4194304, 9=4194304, 10=4194304, 11=4194304, 12=4194304, 13=4194304, 14=4194304, 15=4194304, 17=4194304, 16=4194304, 19=4194304, 18=4194304}
Task Size >> {0=4468711, 1=4194304, 2=4194304, 3=4194304, 4=4194304, 5=4194304, 6=4194304, 7=4194304, 8=4194304, 9=4194304, 10=4194304, 11=4194304, 12=4194304, 13=4194304, 14=4194304, 15=4194304, 17=4194304, 16=4194304, 19=4194304, 18=4194304}
Update attemptID:attempt_1454305919848_0072_m_000003_0
attempt_1454305919848_0072_m_000003_0:MAP:SORT:1.0
FILE_BYTES_READ : 0
HDFS_BYTES_READ : 4306658
FILE_BYTES_WRITTEN : 687487
HBW_BYTES_WRITTEN : 0
CPU/Time : 0.6355037911357774
Written/Time : 26.869655280231378
FinishedSize : 4468711.0
Add graph Data1.0 <> 0.6355037911357774
-1.0
I/O Intensive
Task Time : 25586
CPU Time : 16260
========================================
Task Size >> {0=4468711, 1=4194304, 2=4194304, 3=4194304, 4=4194304, 5=4194304, 6=4194304, 7=4194304, 8=4194304, 9=4194304, 10=4194304, 11=4194304, 12=4194304, 13=4194304, 14=4194304, 15=4194304, 17=4194304, 16=4194304, 19=4194304, 18=4194304}
TaskStatusClass : >> 1.0
Task Size >> {0=4468711, 1=4194304, 2=4194304, 3=4194304, 4=4194304, 5=4194304, 6=4194304, 7=4194304, 8=4194304, 9=4194304, 10=4194304, 11=4194304, 12=4194304, 13=4194304, 14=4194304, 15=4194304, 17=4194304, 16=4194304, 19=4194304, 18=4194304}
Update attemptID:attempt_1454305919848_0072_m_000018_0
attempt_1454305919848_0072_m_000018_0:MAP:SORT:1.0
FILE_BYTES_READ : 0
HDFS_BYTES_READ : 4306658
FILE_BYTES_WRITTEN : 707105
HBW_BYTES_WRITTEN : 0
CPU/Time : 0.5844738176004991
Written/Time : 27.57067103364916
FinishedSize : 4468711.0
Add graph Data1.0 <> 0.5844738176004991
-1.0
I/O Intensive
Task Time : 25647
CPU Time : 14990
========================================